
---  03-25-18 09:35:02 ---

---  03-25-18 09:36:22 ---

---  03-25-18 09:36:31 ---
GetSamples:
 20.9114,  0.00052,   -0.170, 0.0099, 0.0096,   0.0114, 25 Apr 2018 09:36:22
 20.8557,  0.00052,   -0.165, 0.0096, 0.0096,   0.0114, 25 Apr 2018 09:36:24
S>
---  03-25-18 10:06:27 ---

---  03-26-18 09:24:29 ---

---  03-26-18 10:41:24 ---

---  03-26-18 14:18:20 ---

---  03-27-18 15:40:06 ---

---  03-27-18 15:53:26 ---

---  08-19--86 20:25:02 ---

---  08-19--86 21:11:45 ---

---  08-19--86 21:12:28 ---

---  08-19--86 21:24:33 ---

---  08-19--86 21:34:42 ---

---  08-19--86 21:35:37 ---

---  08-19--86 21:36:25 ---

---  08-19--86 21:39:56 ---

---  08-19--86 21:42:03 ---

---  08-19--86 21:46:22 ---

---  08-19--86 21:47:57 ---

---  08-20--86 12:23:58 ---

---  08-20--86 12:34:28 ---

---  08-20--86 12:43:32 ---

---  08-20--86 12:52:39 ---

---  08-20--86 13:04:50 ---

---  08-20--86 14:04:45 ---

---  08-20--86 14:08:01 ---

---  08-20--86 14:18:51 ---

---  08-20--86 14:33:44 ---

---  08-20--86 14:40:06 ---

---  08-20--86 14:47:40 ---

---  08-20--86 19:28:43 ---

---  08-20--86 19:35:40 ---

---  08-20--86 19:38:27 ---

---  08-20--86 19:45:11 ---

---  08-20--86 19:54:39 ---

---  08-20--86 20:08:51 ---

---  08-20--86 20:31:01 ---

---  08-20--86 22:07:43 ---

---  09-18--86 00:36:24 ---

---  09-18--86 00:40:30 ---

---  09-18--86 00:54:15 ---

---  09-18--86 11:51:10 ---

---  09-18--86 12:33:36 ---

---  09-18--86 13:06:53 ---

---  09-18--86 13:24:17 ---

---  09-18--86 13:34:16 ---

---  09-18--86 17:28:52 ---

---  09-18--86 17:53:28 ---

---  09-18--86 18:08:35 ---

---  09-18--86 18:33:51 ---

---  09-18--86 18:35:47 ---

---  09-18--86 18:39:45 ---

---  09-18--86 20:36:41 ---

---  09-18--86 21:21:14 ---

---  09-19--86 01:06:18 ---

---  09-19--86 01:34:03 ---

---  09-19--86 01:44:17 ---

---  09-19--86 13:39:05 ---

---  09-19--86 15:19:53 ---

---  09-19--86 15:23:42 ---

---  09-19--86 15:34:56 ---

---  09-19--86 15:40:31 ---

---  09-19--86 15:47:39 ---

---  09-19--86 15:49:45 ---

---  09-19--86 16:01:05 ---

---  09-19--86 16:12:39 ---

---  09-19--86 16:24:05 ---

---  05-08-18 13:25:14 ---

---  05-08-18 14:04:55 ---

---  05-08-18 14:24:45 ---

---  05-08-18 15:35:40 ---

---  05-08-18 15:37:04 ---

---  05-08-18 15:39:55 ---

---  05-08-18 15:47:31 ---

---  05-08-18 15:52:36 ---

---  05-08-18 16:01:37 ---

---  05-08-18 16:03:07 ---

---  05-08-18 16:04:12 ---

---  05-08-18 16:06:10 ---

---  05-08-18 16:47:24 ---

---  05-08-18 16:52:13 ---

---  05-08-18 16:53:49 ---

---  05-08-18 16:57:07 ---

---  05-09-18 08:03:41 ---

---  05-09-18 08:13:19 ---

---  05-09-18 08:23:14 ---

---  05-09-18 08:25:06 ---

---  05-09-18 16:15:00 ---

---  05-09-18 16:15:42 ---

---  05-09-18 16:16:06 ---

---  05-09-18 16:22:51 ---

---  05-20-18 10:43:14 ---

---  05-20-18 11:04:46 ---

---  05-20-18 11:11:51 ---

---  05-20-18 11:40:04 ---

---  05-20-18 11:46:25 ---

---  05-20-18 15:04:41 ---
