70/11/28 20:39:17 WISPR SPECTROGRAM STARTED
70/11/28 20:39:17 Fudge factor = 30 dB
70/11/28 20:39:27 First dma buffer ignored, nsamps = 1249280
70/11/28 20:39:37 spectrogram: 1219 time bins, 257 frequency bins
70/11/28 20:39:38 Uncalibrated 8 kHz NL  -92.9 dB re V
70/11/28 20:39:38 Acoustic NL   35.1 dB re uPa
70/11/28 20:39:48 Uncalibrated 8 kHz NL  -92.4 dB re V
70/11/28 20:39:48 Acoustic NL   35.6 dB re uPa
70/11/28 20:39:58 Uncalibrated 8 kHz NL  -93.2 dB re V
70/11/28 20:39:58 Acoustic NL   34.8 dB re uPa
70/11/28 20:40:08 Uncalibrated 8 kHz NL  -91.0 dB re V
70/11/28 20:40:08 Acoustic NL   37.0 dB re uPa
70/11/28 20:40:18 Uncalibrated 8 kHz NL  -88.4 dB re V
70/11/28 20:40:18 Acoustic NL   39.6 dB re uPa
70/11/28 20:40:28 Uncalibrated 8 kHz NL  -89.4 dB re V
70/11/28 20:40:28 Acoustic NL   38.6 dB re uPa
70/11/28 20:40:38 Uncalibrated 8 kHz NL  -93.6 dB re V
70/11/28 20:40:38 Acoustic NL   34.4 dB re uPa
70/11/28 20:40:48 Uncalibrated 8 kHz NL  -93.7 dB re V
70/11/28 20:40:48 Acoustic NL   34.3 dB re uPa
70/11/28 20:40:58 Uncalibrated 8 kHz NL  -93.6 dB re V
70/11/28 20:40:58 Acoustic NL   34.4 dB re uPa
70/11/28 20:41:08 Uncalibrated 8 kHz NL  -93.4 dB re V
70/11/28 20:41:08 Acoustic NL   34.6 dB re uPa
70/11/28 20:41:18 Uncalibrated 8 kHz NL  -93.3 dB re V
70/11/28 20:41:18 Acoustic NL   34.7 dB re uPa
70/11/28 20:41:28 Uncalibrated 8 kHz NL  -93.7 dB re V
70/11/28 20:41:28 Acoustic NL   34.3 dB re uPa
70/11/28 20:41:28 Average noise level 35 dB, Wind Speed 2 m/s
70/11/28 20:41:28 Wait for 20 sec CF2 inquiry $WS?*
70/11/28 20:43:30 WISPR SPECTROGRAM STARTED
70/11/28 20:43:30 Fudge factor = 30 dB
70/11/28 20:43:40 First dma buffer ignored, nsamps = 1249280
70/11/28 20:43:50 spectrogram: 1219 time bins, 257 frequency bins
70/11/28 20:43:51 Uncalibrated 8 kHz NL  -93.2 dB re V
70/11/28 20:43:51 Acoustic NL   34.8 dB re uPa
70/11/28 20:44:01 Uncalibrated 8 kHz NL  -93.6 dB re V
70/11/28 20:44:01 Acoustic NL   34.4 dB re uPa
70/11/28 20:44:11 Uncalibrated 8 kHz NL  -93.6 dB re V
70/11/28 20:44:11 Acoustic NL   34.4 dB re uPa
70/11/28 20:44:21 Uncalibrated 8 kHz NL  -93.6 dB re V
70/11/28 20:44:21 Acoustic NL   34.4 dB re uPa
70/11/28 20:44:31 Uncalibrated 8 kHz NL  -93.6 dB re V
70/11/28 20:44:31 Acoustic NL   34.4 dB re uPa
70/11/28 20:44:41 Uncalibrated 8 kHz NL  -93.6 dB re V
70/11/28 20:44:41 Acoustic NL   34.4 dB re uPa
70/11/28 20:44:51 Uncalibrated 8 kHz NL  -93.6 dB re V
70/11/28 20:44:51 Acoustic NL   34.4 dB re uPa
70/11/28 20:45:01 Uncalibrated 8 kHz NL  -93.6 dB re V
70/11/28 20:45:01 Acoustic NL   34.4 dB re uPa
70/11/28 20:45:11 Uncalibrated 8 kHz NL  -93.5 dB re V
70/11/28 20:45:11 Acoustic NL   34.5 dB re uPa
70/11/28 20:45:21 Uncalibrated 8 kHz NL  -93.7 dB re V
70/11/28 20:45:21 Acoustic NL   34.3 dB re uPa
70/11/28 20:45:31 Uncalibrated 8 kHz NL  -93.6 dB re V
70/11/28 20:45:31 Acoustic NL   34.4 dB re uPa
70/11/28 20:45:41 Uncalibrated 8 kHz NL  -93.6 dB re V
70/11/28 20:45:41 Acoustic NL   34.4 dB re uPa
70/11/28 20:45:41 Average noise level 34 dB, Wind Speed 2 m/s
70/11/28 20:45:41 Wait for 20 sec CF2 inquiry $WS?*
70/01/19 19:07:53 WISPR SPECTROGRAM STARTED
70/01/19 19:07:53 Fudge factor = 30 dB
70/01/19 19:08:03 First dma buffer ignored, nsamps = 1249280
70/01/19 19:08:13 spectrogram: 1219 time bins, 257 frequency bins
70/01/19 19:08:14 Uncalibrated 8 kHz NL  -92.2 dB re V
70/01/19 19:08:14 Acoustic NL   35.8 dB re uPa
70/01/19 19:08:24 Uncalibrated 8 kHz NL  -91.5 dB re V
70/01/19 19:08:24 Acoustic NL   36.5 dB re uPa
70/01/19 19:08:34 Uncalibrated 8 kHz NL  -92.8 dB re V
70/01/19 19:08:34 Acoustic NL   35.2 dB re uPa
70/01/19 19:08:44 Uncalibrated 8 kHz NL  -92.9 dB re V
70/01/19 19:08:44 Acoustic NL   35.1 dB re uPa
70/01/19 19:08:54 Uncalibrated 8 kHz NL  -91.5 dB re V
70/01/19 19:08:54 Acoustic NL   36.5 dB re uPa
70/01/19 19:09:04 Uncalibrated 8 kHz NL  -93.0 dB re V
70/01/19 19:09:04 Acoustic NL   35.0 dB re uPa
70/01/19 19:09:14 Uncalibrated 8 kHz NL  -92.3 dB re V
70/01/19 19:09:14 Acoustic NL   35.7 dB re uPa
70/01/19 19:09:24 Uncalibrated 8 kHz NL  -91.8 dB re V
70/01/19 19:09:24 Acoustic NL   36.2 dB re uPa
70/01/19 19:09:34 Uncalibrated 8 kHz NL  -92.6 dB re V
70/01/19 19:09:34 Acoustic NL   35.4 dB re uPa
70/01/19 19:09:44 Uncalibrated 8 kHz NL  -92.3 dB re V
70/01/19 19:09:44 Acoustic NL   35.7 dB re uPa
70/01/19 19:09:54 Uncalibrated 8 kHz NL  -91.0 dB re V
70/01/19 19:09:54 Acoustic NL   37.0 dB re uPa
70/01/19 19:10:04 Uncalibrated 8 kHz NL  -91.9 dB re V
70/01/19 19:10:04 Acoustic NL   36.1 dB re uPa
70/01/19 19:10:04 Average noise level 35 dB, Wind Speed 2 m/s
70/01/19 19:10:04 Wait for 20 sec CF2 inquiry $WS?*
70/01/19 19:13:02 WISPR SPECTROGRAM STARTED
70/01/19 19:13:02 Fudge factor = 30 dB
70/01/19 19:13:12 First dma buffer ignored, nsamps = 1249280
70/01/19 19:13:22 spectrogram: 1219 time bins, 257 frequency bins
70/01/19 19:13:23 Uncalibrated 8 kHz NL  -91.1 dB re V
70/01/19 19:13:23 Acoustic NL   36.9 dB re uPa
70/01/19 19:13:33 Uncalibrated 8 kHz NL  -90.7 dB re V
70/01/19 19:13:33 Acoustic NL   37.3 dB re uPa
70/01/19 19:13:43 Uncalibrated 8 kHz NL  -91.9 dB re V
70/01/19 19:13:43 Acoustic NL   36.1 dB re uPa
70/01/19 19:13:53 Uncalibrated 8 kHz NL  -92.2 dB re V
70/01/19 19:13:53 Acoustic NL   35.8 dB re uPa
70/01/19 19:14:03 Uncalibrated 8 kHz NL  -92.6 dB re V
70/01/19 19:14:03 Acoustic NL   35.4 dB re uPa
70/01/19 19:14:13 Uncalibrated 8 kHz NL  -92.3 dB re V
70/01/19 19:14:13 Acoustic NL   35.7 dB re uPa
70/01/19 19:14:23 Uncalibrated 8 kHz NL  -91.5 dB re V
70/01/19 19:14:23 Acoustic NL   36.5 dB re uPa
70/01/19 19:14:33 Uncalibrated 8 kHz NL  -89.1 dB re V
70/01/19 19:14:33 Acoustic NL   38.9 dB re uPa
70/01/19 19:14:43 Uncalibrated 8 kHz NL  -91.4 dB re V
70/01/19 19:14:43 Acoustic NL   36.6 dB re uPa
70/01/19 19:14:53 Uncalibrated 8 kHz NL  -92.0 dB re V
70/01/19 19:14:53 Acoustic NL   36.0 dB re uPa
70/01/19 19:15:03 Uncalibrated 8 kHz NL  -93.1 dB re V
70/01/19 19:15:03 Acoustic NL   34.9 dB re uPa
70/01/19 19:15:13 Uncalibrated 8 kHz NL  -91.9 dB re V
70/01/19 19:15:13 Acoustic NL   36.1 dB re uPa
70/01/19 19:15:13 Average noise level 36 dB, Wind Speed 3 m/s
70/01/19 19:15:13 Wait for 20 sec CF2 inquiry $WS?*
70/01/19 19:23:48 WISPR SPECTROGRAM STARTED
70/01/19 19:23:48 Fudge factor = 30 dB
70/01/19 19:23:58 First dma buffer ignored, nsamps = 1249280
70/01/19 19:24:08 spectrogram: 1219 time bins, 257 frequency bins
70/01/19 19:24:09 Uncalibrated 8 kHz NL  -90.6 dB re V
70/01/19 19:24:09 Acoustic NL   37.4 dB re uPa
70/01/19 19:24:19 Uncalibrated 8 kHz NL  -91.4 dB re V
70/01/19 19:24:19 Acoustic NL   36.6 dB re uPa
70/01/19 19:26:02 WISPR SPECTROGRAM STARTED
70/01/19 19:26:02 Fudge factor = 30 dB
70/01/19 19:26:12 First dma buffer ignored, nsamps = 1249280
70/01/19 19:26:22 spectrogram: 1219 time bins, 257 frequency bins
70/01/19 19:26:23 Uncalibrated 8 kHz NL  -87.7 dB re V
70/01/19 19:26:23 Acoustic NL   40.3 dB re uPa
70/01/19 19:26:33 Uncalibrated 8 kHz NL  -85.5 dB re V
70/01/19 19:26:33 Acoustic NL   42.5 dB re uPa
70/02/02 17:20:02 WISPR SPECTROGRAM STARTED
70/02/02 17:20:02 Fudge factor = 30 dB
70/02/02 17:20:12 First dma buffer ignored, nsamps = 1249280
70/02/02 17:20:22 spectrogram: 1219 time bins, 257 frequency bins
70/02/02 17:20:23 Uncalibrated 8 kHz NL  -88.2 dB re V
70/02/02 17:20:23 Acoustic NL   39.8 dB re uPa
70/02/02 17:20:33 Uncalibrated 8 kHz NL  -86.5 dB re V
70/02/02 17:20:33 Acoustic NL   41.5 dB re uPa
70/02/02 17:21:59 WISPR SPECTROGRAM STARTED
70/02/02 17:21:59 Fudge factor = 30 dB
70/02/02 17:22:09 First dma buffer ignored, nsamps = 1249280
70/02/02 17:22:19 spectrogram: 1219 time bins, 257 frequency bins
70/02/02 17:22:20 Uncalibrated 8 kHz NL  -86.1 dB re V
70/02/02 17:22:20 Acoustic NL   41.9 dB re uPa
70/02/02 17:22:30 Uncalibrated 8 kHz NL  -89.8 dB re V
70/02/02 17:22:30 Acoustic NL   38.2 dB re uPa
70/02/02 17:22:40 Uncalibrated 8 kHz NL  -81.3 dB re V
70/02/02 17:22:40 Acoustic NL   46.7 dB re uPa
70/02/02 17:22:50 Uncalibrated 8 kHz NL  -82.5 dB re V
70/02/02 17:22:50 Acoustic NL   45.5 dB re uPa
70/02/02 17:23:00 Uncalibrated 8 kHz NL  -88.3 dB re V
70/02/02 17:23:00 Acoustic NL   39.7 dB re uPa
70/02/02 17:23:10 Uncalibrated 8 kHz NL  -90.8 dB re V
70/02/02 17:23:10 Acoustic NL   37.2 dB re uPa
70/02/02 17:23:20 Uncalibrated 8 kHz NL  -83.9 dB re V
70/02/02 17:23:20 Acoustic NL   44.1 dB re uPa
70/02/02 17:23:30 Uncalibrated 8 kHz NL  -85.5 dB re V
70/02/02 17:23:30 Acoustic NL   42.5 dB re uPa
70/02/02 17:23:40 Uncalibrated 8 kHz NL  -89.9 dB re V
70/02/02 17:23:40 Acoustic NL   38.1 dB re uPa
70/02/02 17:23:50 Uncalibrated 8 kHz NL  -86.5 dB re V
70/02/02 17:23:50 Acoustic NL   41.5 dB re uPa
70/02/02 17:24:00 Uncalibrated 8 kHz NL  -84.8 dB re V
70/02/02 17:24:00 Acoustic NL   43.2 dB re uPa
70/02/02 17:24:10 Uncalibrated 8 kHz NL  -82.0 dB re V
70/02/02 17:24:10 Acoustic NL   46.0 dB re uPa
70/02/02 17:24:10 Average noise level 42 dB, Wind Speed 4 m/s
70/02/02 17:24:10 Wait for 20 sec CF2 inquiry $WS?*
70/01/06 04:18:06 WISPR SPECTROGRAM STARTED
70/01/06 04:18:06 Fudge factor = 30 dB
70/01/06 04:18:16 First dma buffer ignored, nsamps = 1249280
70/01/06 04:18:26 spectrogram: 1219 time bins, 257 frequency bins
70/01/06 04:18:27 Uncalibrated 8 kHz NL  -91.4 dB re V
70/01/06 04:18:27 Acoustic NL   36.6 dB re uPa
70/01/06 04:18:37 Uncalibrated 8 kHz NL  -92.0 dB re V
70/01/06 04:18:37 Acoustic NL   36.0 dB re uPa
70/01/06 04:18:47 Uncalibrated 8 kHz NL  -92.9 dB re V
70/01/06 04:18:47 Acoustic NL   35.1 dB re uPa
70/01/06 04:18:57 Uncalibrated 8 kHz NL  -91.2 dB re V
70/01/06 04:18:57 Acoustic NL   36.8 dB re uPa
70/01/06 04:19:07 Uncalibrated 8 kHz NL  -91.3 dB re V
70/01/06 04:19:07 Acoustic NL   36.7 dB re uPa
70/01/06 04:19:17 Uncalibrated 8 kHz NL  -91.6 dB re V
70/01/06 04:19:17 Acoustic NL   36.4 dB re uPa
70/01/06 04:19:27 Uncalibrated 8 kHz NL  -86.7 dB re V
70/01/06 04:19:27 Acoustic NL   41.3 dB re uPa
70/01/06 04:19:37 Uncalibrated 8 kHz NL  -85.7 dB re V
70/01/06 04:19:37 Acoustic NL   42.3 dB re uPa
70/01/06 04:19:47 Uncalibrated 8 kHz NL  -90.7 dB re V
70/01/06 04:19:47 Acoustic NL   37.3 dB re uPa
70/01/06 04:19:57 Uncalibrated 8 kHz NL  -91.4 dB re V
70/01/06 04:19:57 Acoustic NL   36.6 dB re uPa
70/01/06 04:20:07 Uncalibrated 8 kHz NL  -88.8 dB re V
70/01/06 04:20:07 Acoustic NL   39.2 dB re uPa
70/01/06 04:20:17 Uncalibrated 8 kHz NL  -88.3 dB re V
70/01/06 04:20:17 Acoustic NL   39.7 dB re uPa
70/01/06 04:20:17 Average noise level 37 dB, Wind Speed 3 m/s
70/01/06 04:20:17 Wait for 20 sec CF2 inquiry $WS?*
70/01/06 04:26:10 WISPR SPECTROGRAM STARTED
70/01/06 04:26:10 Fudge factor = 30 dB
70/01/06 04:26:20 First dma buffer ignored, nsamps = 1249280
70/01/06 04:26:30 spectrogram: 1219 time bins, 257 frequency bins
70/01/06 04:26:31 Uncalibrated 8 kHz NL  -91.5 dB re V
70/01/06 04:26:31 Acoustic NL   36.5 dB re uPa
70/01/06 04:26:41 Uncalibrated 8 kHz NL  -93.2 dB re V
70/01/06 04:26:41 Acoustic NL   34.8 dB re uPa
70/01/06 04:26:51 Uncalibrated 8 kHz NL  -92.8 dB re V
70/01/06 04:26:51 Acoustic NL   35.2 dB re uPa
70/01/06 04:27:01 Uncalibrated 8 kHz NL  -92.7 dB re V
70/01/06 04:27:01 Acoustic NL   35.3 dB re uPa
70/01/06 04:27:11 Uncalibrated 8 kHz NL  -90.7 dB re V
70/01/06 04:27:11 Acoustic NL   37.3 dB re uPa
70/01/06 04:27:21 Uncalibrated 8 kHz NL  -91.2 dB re V
70/01/06 04:27:21 Acoustic NL   36.8 dB re uPa
70/01/06 04:27:31 Uncalibrated 8 kHz NL  -91.9 dB re V
70/01/06 04:27:31 Acoustic NL   36.1 dB re uPa
70/01/06 04:27:41 Uncalibrated 8 kHz NL  -92.8 dB re V
70/01/06 04:27:41 Acoustic NL   35.2 dB re uPa
70/01/06 04:27:51 Uncalibrated 8 kHz NL  -93.6 dB re V
70/01/06 04:27:51 Acoustic NL   34.4 dB re uPa
70/01/06 04:28:01 Uncalibrated 8 kHz NL  -93.7 dB re V
70/01/06 04:28:01 Acoustic NL   34.3 dB re uPa
70/01/06 04:28:11 Uncalibrated 8 kHz NL  -93.7 dB re V
70/01/06 04:28:11 Acoustic NL   34.3 dB re uPa
70/01/06 04:28:21 Uncalibrated 8 kHz NL  -93.7 dB re V
70/01/06 04:28:21 Acoustic NL   34.3 dB re uPa
70/01/06 04:28:21 Average noise level 35 dB, Wind Speed 2 m/s
70/01/06 04:28:21 Wait for 20 sec CF2 inquiry $WS?*
70/01/16 19:48:34 WISPR SPECTROGRAM STARTED
70/01/16 19:48:34 Fudge factor = 30 dB
70/01/16 19:48:44 First dma buffer ignored, nsamps = 1249280
70/01/16 19:48:54 spectrogram: 1219 time bins, 257 frequency bins
70/01/16 19:48:55 Uncalibrated 8 kHz NL  -93.3 dB re V
70/01/16 19:48:55 Acoustic NL   34.7 dB re uPa
70/01/16 19:49:05 Uncalibrated 8 kHz NL  -93.6 dB re V
70/01/16 19:49:05 Acoustic NL   34.4 dB re uPa
70/01/16 19:49:15 Uncalibrated 8 kHz NL  -93.6 dB re V
70/01/16 19:49:15 Acoustic NL   34.4 dB re uPa
70/01/16 19:49:25 Uncalibrated 8 kHz NL  -93.6 dB re V
70/01/16 19:49:25 Acoustic NL   34.4 dB re uPa
70/01/16 19:49:35 Uncalibrated 8 kHz NL  -93.7 dB re V
70/01/16 19:49:35 Acoustic NL   34.3 dB re uPa
70/01/16 19:49:45 Uncalibrated 8 kHz NL  -93.7 dB re V
70/01/16 19:49:45 Acoustic NL   34.3 dB re uPa
70/01/16 19:49:55 Uncalibrated 8 kHz NL  -93.6 dB re V
70/01/16 19:49:55 Acoustic NL   34.4 dB re uPa
70/01/16 19:50:05 Uncalibrated 8 kHz NL  -93.7 dB re V
70/01/16 19:50:05 Acoustic NL   34.3 dB re uPa
70/01/16 19:50:15 Uncalibrated 8 kHz NL  -93.6 dB re V
70/01/16 19:50:15 Acoustic NL   34.4 dB re uPa
70/01/16 19:50:25 Uncalibrated 8 kHz NL  -93.6 dB re V
70/01/16 19:50:25 Acoustic NL   34.4 dB re uPa
70/01/16 19:50:35 Uncalibrated 8 kHz NL  -93.7 dB re V
70/01/16 19:50:35 Acoustic NL   34.3 dB re uPa
70/01/16 19:50:45 Uncalibrated 8 kHz NL  -93.6 dB re V
70/01/16 19:50:45 Acoustic NL   34.4 dB re uPa
70/01/16 19:50:45 Average noise level 34 dB, Wind Speed 2 m/s
70/01/16 19:50:45 Wait for 20 sec CF2 inquiry $WS?*
70/06/21 11:16:32 WISPR SPECTROGRAM STARTED
70/06/21 11:16:32 Fudge factor = 30 dB
70/06/21 11:16:42 First dma buffer ignored, nsamps = 1249280
70/06/21 11:16:52 spectrogram: 1219 time bins, 257 frequency bins
70/06/21 11:16:53 Uncalibrated 8 kHz NL  -93.1 dB re V
70/06/21 11:16:53 Acoustic NL   34.9 dB re uPa
70/06/21 11:17:03 Uncalibrated 8 kHz NL  -93.6 dB re V
70/06/21 11:17:03 Acoustic NL   34.4 dB re uPa
70/06/21 11:17:13 Uncalibrated 8 kHz NL  -93.6 dB re V
70/06/21 11:17:13 Acoustic NL   34.4 dB re uPa
70/06/21 11:17:23 Uncalibrated 8 kHz NL  -93.6 dB re V
70/06/21 11:17:23 Acoustic NL   34.4 dB re uPa
70/06/21 11:17:33 Uncalibrated 8 kHz NL  -93.6 dB re V
70/06/21 11:17:33 Acoustic NL   34.4 dB re uPa
70/06/21 11:17:43 Uncalibrated 8 kHz NL  -93.6 dB re V
70/06/21 11:17:43 Acoustic NL   34.4 dB re uPa
70/06/21 11:17:53 Uncalibrated 8 kHz NL  -93.6 dB re V
70/06/21 11:17:53 Acoustic NL   34.4 dB re uPa
70/06/21 11:18:03 Uncalibrated 8 kHz NL  -93.7 dB re V
70/06/21 11:18:03 Acoustic NL   34.3 dB re uPa
70/06/21 11:18:13 Uncalibrated 8 kHz NL  -93.6 dB re V
70/06/21 11:18:13 Acoustic NL   34.4 dB re uPa
70/06/21 11:18:23 Uncalibrated 8 kHz NL  -93.6 dB re V
70/06/21 11:18:23 Acoustic NL   34.4 dB re uPa
70/01/15 22:50:14 WISPR SPECTROGRAM STARTED
70/01/15 22:50:14 Fudge factor = 30 dB
70/01/15 22:50:24 First dma buffer ignored, nsamps = 1249280
70/01/15 22:50:34 spectrogram: 1219 time bins, 257 frequency bins
70/01/15 22:50:35 Uncalibrated 8 kHz NL  -93.2 dB re V
70/01/15 22:50:35 Acoustic NL   34.8 dB re uPa
70/01/15 22:50:45 Uncalibrated 8 kHz NL  -93.6 dB re V
70/01/15 22:50:45 Acoustic NL   34.4 dB re uPa
70/01/15 22:50:55 Uncalibrated 8 kHz NL  -93.7 dB re V
70/01/15 22:50:55 Acoustic NL   34.3 dB re uPa
70/01/15 22:51:05 Uncalibrated 8 kHz NL  -93.7 dB re V
70/01/15 22:51:05 Acoustic NL   34.3 dB re uPa
70/01/15 22:51:15 Uncalibrated 8 kHz NL  -93.6 dB re V
70/01/15 22:51:15 Acoustic NL   34.4 dB re uPa
70/01/15 22:51:25 Uncalibrated 8 kHz NL  -93.7 dB re V
70/01/15 22:51:25 Acoustic NL   34.3 dB re uPa
70/01/15 22:51:35 Uncalibrated 8 kHz NL  -93.6 dB re V
70/01/15 22:51:35 Acoustic NL   34.4 dB re uPa
70/01/15 22:51:45 Uncalibrated 8 kHz NL  -93.6 dB re V
70/01/15 22:51:45 Acoustic NL   34.4 dB re uPa
70/01/15 22:51:55 Uncalibrated 8 kHz NL  -93.6 dB re V
70/01/15 22:51:55 Acoustic NL   34.4 dB re uPa
70/01/15 22:52:05 Uncalibrated 8 kHz NL  -93.6 dB re V
70/01/15 22:52:05 Acoustic NL   34.4 dB re uPa
70/01/15 22:52:15 Uncalibrated 8 kHz NL  -93.7 dB re V
70/01/15 22:52:15 Acoustic NL   34.3 dB re uPa
70/01/15 22:52:25 Uncalibrated 8 kHz NL  -93.6 dB re V
70/01/15 22:52:25 Acoustic NL   34.4 dB re uPa
70/01/15 22:52:25 Average noise level 34 dB, Wind Speed 2 m/s
70/01/15 22:52:25 Wait for 20 sec CF2 inquiry $WS?*
70/01/15 22:54:20 WISPR SPECTROGRAM STARTED
70/01/15 22:54:20 Fudge factor = 30 dB
70/01/15 22:54:30 First dma buffer ignored, nsamps = 1249280
70/01/15 22:54:40 spectrogram: 1219 time bins, 257 frequency bins
70/01/15 22:54:41 Uncalibrated 8 kHz NL  -93.1 dB re V
70/01/15 22:54:41 Acoustic NL   34.9 dB re uPa
70/01/15 22:54:51 Uncalibrated 8 kHz NL  -93.6 dB re V
70/01/15 22:54:51 Acoustic NL   34.4 dB re uPa
70/01/15 22:58:21 WISPR SPECTROGRAM STARTED
70/01/15 22:58:21 Fudge factor = 30 dB
70/01/15 22:58:31 First dma buffer ignored, nsamps = 1249280
70/01/15 22:58:41 spectrogram: 1219 time bins, 257 frequency bins
70/01/15 22:58:42 Uncalibrated 8 kHz NL  -93.2 dB re V
70/01/15 22:58:42 Acoustic NL   34.8 dB re uPa
70/01/15 22:58:52 Uncalibrated 8 kHz NL  -93.6 dB re V
70/01/15 22:58:52 Acoustic NL   34.4 dB re uPa
70/01/15 23:01:58 WISPR SPECTROGRAM STARTED
70/01/15 23:01:58 Fudge factor = 30 dB
70/01/15 23:02:08 First dma buffer ignored, nsamps = 1249280
70/01/15 23:02:18 spectrogram: 1219 time bins, 257 frequency bins
70/01/15 23:02:19 Uncalibrated 8 kHz NL  -93.0 dB re V
70/01/15 23:02:19 Acoustic NL   35.0 dB re uPa
70/01/15 23:02:29 Uncalibrated 8 kHz NL  -93.6 dB re V
70/01/15 23:02:29 Acoustic NL   34.4 dB re uPa
70/01/15 23:02:39 Uncalibrated 8 kHz NL  -93.7 dB re V
70/01/15 23:02:39 Acoustic NL   34.3 dB re uPa
70/01/15 23:02:49 Uncalibrated 8 kHz NL  -93.7 dB re V
70/01/15 23:02:49 Acoustic NL   34.3 dB re uPa
70/01/15 23:02:59 Uncalibrated 8 kHz NL  -93.6 dB re V
70/01/15 23:02:59 Acoustic NL   34.4 dB re uPa
70/01/15 23:03:09 Uncalibrated 8 kHz NL  -93.7 dB re V
70/01/15 23:03:09 Acoustic NL   34.3 dB re uPa
70/01/15 23:05:09 WISPR SPECTROGRAM STARTED
70/01/15 23:05:09 Fudge factor = 30 dB
70/01/15 23:05:19 First dma buffer ignored, nsamps = 1249280
70/01/15 23:05:29 spectrogram: 1219 time bins, 257 frequency bins
70/01/15 23:05:30 Uncalibrated 8 kHz NL  -93.2 dB re V
70/01/15 23:05:30 Acoustic NL   34.8 dB re uPa
70/01/15 23:05:40 Uncalibrated 8 kHz NL  -93.6 dB re V
70/01/15 23:05:40 Acoustic NL   34.4 dB re uPa
70/01/15 23:05:50 Uncalibrated 8 kHz NL  -93.6 dB re V
70/01/15 23:05:50 Acoustic NL   34.4 dB re uPa
70/01/15 23:06:00 Uncalibrated 8 kHz NL  -93.7 dB re V
70/01/15 23:06:00 Acoustic NL   34.3 dB re uPa
70/01/15 23:06:10 Uncalibrated 8 kHz NL  -93.6 dB re V
70/01/15 23:06:10 Acoustic NL   34.4 dB re uPa
70/01/15 23:06:20 Uncalibrated 8 kHz NL  -93.7 dB re V
70/01/15 23:06:20 Acoustic NL   34.3 dB re uPa
70/01/15 23:12:43 WISPR SPECTROGRAM STARTED
70/01/15 23:12:43 Fudge factor = 30 dB
70/01/15 23:12:53 First dma buffer ignored, nsamps = 1249280
70/01/15 23:13:03 spectrogram: 1219 time bins, 257 frequency bins
70/01/15 23:13:04 Uncalibrated 8 kHz NL  -93.1 dB re V
70/01/15 23:13:04 Acoustic NL   34.9 dB re uPa
70/01/15 23:13:14 Uncalibrated 8 kHz NL  -93.7 dB re V
70/01/15 23:13:14 Acoustic NL   34.3 dB re uPa
70/01/15 23:13:24 Uncalibrated 8 kHz NL  -93.6 dB re V
70/01/15 23:13:24 Acoustic NL   34.4 dB re uPa
70/01/15 23:13:34 Uncalibrated 8 kHz NL  -93.7 dB re V
70/01/15 23:13:34 Acoustic NL   34.3 dB re uPa
70/01/15 23:13:44 Uncalibrated 8 kHz NL  -93.7 dB re V
70/01/15 23:13:44 Acoustic NL   34.3 dB re uPa
70/01/15 23:13:54 Uncalibrated 8 kHz NL  -93.7 dB re V
70/01/15 23:13:54 Acoustic NL   34.3 dB re uPa
70/01/15 23:14:04 Uncalibrated 8 kHz NL  -93.7 dB re V
70/01/15 23:14:04 Acoustic NL   34.3 dB re uPa
70/01/15 23:14:14 Uncalibrated 8 kHz NL  -93.6 dB re V
70/01/15 23:14:14 Acoustic NL   34.4 dB re uPa
70/01/15 23:14:24 Uncalibrated 8 kHz NL  -93.6 dB re V
70/01/15 23:14:24 Acoustic NL   34.4 dB re uPa
70/01/15 23:14:34 Uncalibrated 8 kHz NL  -93.7 dB re V
70/01/15 23:14:34 Acoustic NL   34.3 dB re uPa
70/01/15 23:14:44 Uncalibrated 8 kHz NL  -93.6 dB re V
70/01/15 23:14:44 Acoustic NL   34.4 dB re uPa
70/01/15 23:14:54 Uncalibrated 8 kHz NL  -93.6 dB re V
70/01/15 23:14:54 Acoustic NL   34.4 dB re uPa
70/01/15 23:14:54 Average noise level 34 dB, Wind Speed 2 m/s
70/01/15 23:14:54 Wait for 20 sec CF2 inquiry $WS?*
70/01/15 23:20:44 WISPR SPECTROGRAM STARTED
70/01/15 23:20:44 Fudge factor = 30 dB
70/01/15 23:20:54 First dma buffer ignored, nsamps = 1249280
70/01/15 23:21:04 spectrogram: 1219 time bins, 257 frequency bins
70/01/15 23:21:05 Uncalibrated 8 kHz NL  -93.3 dB re V
70/01/15 23:21:05 Acoustic NL   34.7 dB re uPa
70/01/15 23:21:15 Uncalibrated 8 kHz NL  -93.6 dB re V
70/01/15 23:21:15 Acoustic NL   34.4 dB re uPa
70/01/15 23:21:25 Uncalibrated 8 kHz NL  -93.6 dB re V
70/01/15 23:21:25 Acoustic NL   34.4 dB re uPa
70/01/15 23:21:35 Uncalibrated 8 kHz NL  -93.6 dB re V
70/01/15 23:21:35 Acoustic NL   34.4 dB re uPa
70/01/15 23:21:45 Uncalibrated 8 kHz NL  -93.7 dB re V
70/01/15 23:21:45 Acoustic NL   34.3 dB re uPa
70/01/15 23:21:55 Uncalibrated 8 kHz NL  -93.7 dB re V
70/01/15 23:21:55 Acoustic NL   34.3 dB re uPa
70/01/15 23:22:05 Uncalibrated 8 kHz NL  -93.7 dB re V
70/01/15 23:22:05 Acoustic NL   34.3 dB re uPa
70/01/15 23:22:15 Uncalibrated 8 kHz NL  -93.7 dB re V
70/01/15 23:22:15 Acoustic NL   34.3 dB re uPa
70/01/15 23:22:25 Uncalibrated 8 kHz NL  -93.6 dB re V
70/01/15 23:22:25 Acoustic NL   34.4 dB re uPa
70/01/15 23:22:35 Uncalibrated 8 kHz NL  -93.7 dB re V
70/01/15 23:22:35 Acoustic NL   34.3 dB re uPa
70/01/15 23:22:45 Uncalibrated 8 kHz NL  -93.7 dB re V
70/01/15 23:22:45 Acoustic NL   34.3 dB re uPa
70/01/15 23:22:55 Uncalibrated 8 kHz NL  -93.6 dB re V
70/01/15 23:22:55 Acoustic NL   34.4 dB re uPa
70/01/15 23:22:55 Average noise level 34 dB, Wind Speed 2 m/s
70/01/15 23:22:55 Wait for 20 sec CF2 inquiry $WS?*
70/07/12 18:59:00 WISPR SPECTROGRAM STARTED
70/07/12 18:59:00 Fudge factor = 30 dB
70/07/12 18:59:10 First dma buffer ignored, nsamps = 1249280
70/07/12 18:59:20 spectrogram: 1219 time bins, 257 frequency bins
70/07/12 18:59:21 Uncalibrated 8 kHz NL  -93.2 dB re V
70/07/12 18:59:21 Acoustic NL   34.8 dB re uPa
70/07/12 18:59:31 Uncalibrated 8 kHz NL  -93.7 dB re V
70/07/12 18:59:31 Acoustic NL   34.3 dB re uPa
70/07/12 18:59:41 Uncalibrated 8 kHz NL  -93.6 dB re V
70/07/12 18:59:41 Acoustic NL   34.4 dB re uPa
70/07/12 18:59:51 Uncalibrated 8 kHz NL  -93.7 dB re V
70/07/12 18:59:51 Acoustic NL   34.3 dB re uPa
70/07/12 19:00:01 Uncalibrated 8 kHz NL  -93.7 dB re V
70/07/12 19:00:01 Acoustic NL   34.3 dB re uPa
70/07/12 19:00:11 Uncalibrated 8 kHz NL  -93.6 dB re V
70/07/12 19:00:11 Acoustic NL   34.4 dB re uPa
70/07/12 19:00:21 Uncalibrated 8 kHz NL  -93.7 dB re V
70/07/12 19:00:21 Acoustic NL   34.3 dB re uPa
70/07/12 19:00:31 Uncalibrated 8 kHz NL  -93.6 dB re V
70/07/12 19:00:31 Acoustic NL   34.4 dB re uPa
70/07/12 19:00:41 Uncalibrated 8 kHz NL  -93.7 dB re V
70/07/12 19:00:41 Acoustic NL   34.3 dB re uPa
70/07/12 19:00:51 Uncalibrated 8 kHz NL  -93.7 dB re V
70/07/12 19:00:51 Acoustic NL   34.3 dB re uPa
70/07/12 19:01:01 Uncalibrated 8 kHz NL  -93.7 dB re V
70/07/12 19:01:01 Acoustic NL   34.3 dB re uPa
70/07/12 19:01:11 Uncalibrated 8 kHz NL  -93.6 dB re V
70/07/12 19:01:11 Acoustic NL   34.4 dB re uPa
70/07/12 19:01:11 Average noise level 34 dB, Wind Speed 2 m/s
70/07/12 19:01:11 Wait for 20 sec CF2 inquiry $WS?*
70/07/12 19:04:24 WISPR SPECTROGRAM STARTED
70/07/12 19:04:24 Fudge factor = 30 dB
70/07/12 19:04:34 First dma buffer ignored, nsamps = 1249280
70/07/12 19:04:44 spectrogram: 1219 time bins, 257 frequency bins
70/07/12 19:04:45 Uncalibrated 8 kHz NL  -93.3 dB re V
70/07/12 19:04:45 Acoustic NL   34.7 dB re uPa
70/07/12 19:04:55 Uncalibrated 8 kHz NL  -93.7 dB re V
70/07/12 19:04:55 Acoustic NL   34.3 dB re uPa
70/07/12 19:05:05 Uncalibrated 8 kHz NL  -93.6 dB re V
70/07/12 19:05:05 Acoustic NL   34.4 dB re uPa
70/07/12 19:05:15 Uncalibrated 8 kHz NL  -93.7 dB re V
70/07/12 19:05:15 Acoustic NL   34.3 dB re uPa
70/07/12 19:05:25 Uncalibrated 8 kHz NL  -93.6 dB re V
70/07/12 19:05:25 Acoustic NL   34.4 dB re uPa
70/07/12 19:05:35 Uncalibrated 8 kHz NL  -93.7 dB re V
70/07/12 19:05:35 Acoustic NL   34.3 dB re uPa
70/07/12 19:05:45 Uncalibrated 8 kHz NL  -93.7 dB re V
70/07/12 19:05:45 Acoustic NL   34.3 dB re uPa
70/07/12 19:05:55 Uncalibrated 8 kHz NL  -93.7 dB re V
70/07/12 19:05:55 Acoustic NL   34.3 dB re uPa
70/07/12 19:06:05 Uncalibrated 8 kHz NL  -93.7 dB re V
70/07/12 19:06:05 Acoustic NL   34.3 dB re uPa
70/07/12 19:06:15 Uncalibrated 8 kHz NL  -93.6 dB re V
70/07/12 19:06:15 Acoustic NL   34.4 dB re uPa
70/07/12 19:06:25 Uncalibrated 8 kHz NL  -93.7 dB re V
70/07/12 19:06:25 Acoustic NL   34.3 dB re uPa
70/07/12 19:06:35 Uncalibrated 8 kHz NL  -93.7 dB re V
70/07/12 19:06:35 Acoustic NL   34.3 dB re uPa
70/07/12 19:06:35 Average noise level 34 dB, Wind Speed 2 m/s
70/07/12 19:06:35 Wait for 20 sec CF2 inquiry $WS?*
70/07/12 19:09:49 WISPR SPECTROGRAM STARTED
70/07/12 19:09:49 Fudge factor = 30 dB
70/07/12 19:09:59 First dma buffer ignored, nsamps = 1249280
70/07/12 19:10:09 spectrogram: 1219 time bins, 257 frequency bins
70/07/12 19:10:10 Uncalibrated 8 kHz NL  -93.1 dB re V
70/07/12 19:10:10 Acoustic NL   34.9 dB re uPa
70/07/12 19:10:20 Uncalibrated 8 kHz NL  -93.6 dB re V
70/07/12 19:10:20 Acoustic NL   34.4 dB re uPa
70/07/12 19:10:30 Uncalibrated 8 kHz NL  -93.6 dB re V
70/07/12 19:10:30 Acoustic NL   34.4 dB re uPa
70/07/12 19:10:40 Uncalibrated 8 kHz NL  -93.6 dB re V
70/07/12 19:10:40 Acoustic NL   34.4 dB re uPa
70/07/12 19:10:50 Uncalibrated 8 kHz NL  -93.7 dB re V
70/07/12 19:10:50 Acoustic NL   34.3 dB re uPa
70/07/12 19:11:00 Uncalibrated 8 kHz NL  -93.6 dB re V
70/07/12 19:11:00 Acoustic NL   34.4 dB re uPa
70/07/12 19:11:10 Uncalibrated 8 kHz NL  -93.7 dB re V
70/07/12 19:11:10 Acoustic NL   34.3 dB re uPa
70/07/12 19:11:20 Uncalibrated 8 kHz NL  -93.6 dB re V
70/07/12 19:11:20 Acoustic NL   34.4 dB re uPa
70/07/12 19:11:30 Uncalibrated 8 kHz NL  -93.6 dB re V
70/07/12 19:11:30 Acoustic NL   34.4 dB re uPa
70/07/12 19:11:40 Uncalibrated 8 kHz NL  -93.6 dB re V
70/07/12 19:11:40 Acoustic NL   34.4 dB re uPa
70/07/12 19:11:50 Uncalibrated 8 kHz NL  -93.7 dB re V
70/07/12 19:11:50 Acoustic NL   34.3 dB re uPa
70/07/12 19:12:00 Uncalibrated 8 kHz NL  -93.6 dB re V
70/07/12 19:12:00 Acoustic NL   34.4 dB re uPa
70/07/12 19:12:00 Average noise level 34 dB, Wind Speed 2 m/s
70/07/12 19:12:00 Wait for 20 sec CF2 inquiry $WS?*
70/07/12 19:34:30 WISPR SPECTROGRAM STARTED
70/07/12 19:34:30 Fudge factor = 30 dB
70/07/12 19:34:40 First dma buffer ignored, nsamps = 1249280
70/07/12 19:34:50 spectrogram: 1219 time bins, 257 frequency bins
70/07/12 19:34:51 Uncalibrated 8 kHz NL  -92.7 dB re V
70/07/12 19:34:51 Acoustic NL   35.3 dB re uPa
70/07/12 19:35:01 Uncalibrated 8 kHz NL  -93.6 dB re V
70/07/12 19:35:01 Acoustic NL   34.4 dB re uPa
70/07/12 19:35:11 Uncalibrated 8 kHz NL  -93.6 dB re V
70/07/12 19:35:11 Acoustic NL   34.4 dB re uPa
70/07/12 19:35:21 Uncalibrated 8 kHz NL  -93.6 dB re V
70/07/12 19:35:21 Acoustic NL   34.4 dB re uPa
70/07/12 19:35:31 Uncalibrated 8 kHz NL  -93.7 dB re V
70/07/12 19:35:31 Acoustic NL   34.3 dB re uPa
70/07/12 19:35:41 Uncalibrated 8 kHz NL  -93.6 dB re V
70/07/12 19:35:41 Acoustic NL   34.4 dB re uPa
70/07/12 19:35:51 Uncalibrated 8 kHz NL  -93.5 dB re V
70/07/12 19:35:51 Acoustic NL   34.5 dB re uPa
70/07/12 19:36:01 Uncalibrated 8 kHz NL  -93.7 dB re V
70/07/12 19:36:01 Acoustic NL   34.3 dB re uPa
70/07/12 19:36:11 Uncalibrated 8 kHz NL  -93.6 dB re V
70/07/12 19:36:11 Acoustic NL   34.4 dB re uPa
70/07/12 19:36:21 Uncalibrated 8 kHz NL  -93.6 dB re V
70/07/12 19:36:21 Acoustic NL   34.4 dB re uPa
70/07/12 19:36:31 Uncalibrated 8 kHz NL  -93.6 dB re V
70/07/12 19:36:31 Acoustic NL   34.4 dB re uPa
70/07/12 19:36:41 Uncalibrated 8 kHz NL  -93.7 dB re V
70/07/12 19:36:41 Acoustic NL   34.3 dB re uPa
70/07/12 19:36:41 Average noise level 34 dB, Wind Speed 2 m/s
70/07/12 19:36:41 Wait for 20 sec CF2 inquiry $WS?*
70/07/12 20:07:54 WISPR SPECTROGRAM STARTED
70/07/12 20:07:54 Fudge factor = 30 dB
70/07/12 20:08:04 First dma buffer ignored, nsamps = 1249280
70/07/12 20:08:14 spectrogram: 1219 time bins, 257 frequency bins
70/07/12 20:08:15 Uncalibrated 8 kHz NL  -93.2 dB re V
70/07/12 20:08:15 Acoustic NL   34.8 dB re uPa
70/07/12 20:08:25 Uncalibrated 8 kHz NL  -93.6 dB re V
70/07/12 20:08:25 Acoustic NL   34.4 dB re uPa
70/07/12 20:08:35 Uncalibrated 8 kHz NL  -93.6 dB re V
70/07/12 20:08:35 Acoustic NL   34.4 dB re uPa
70/07/12 20:08:45 Uncalibrated 8 kHz NL  -93.6 dB re V
70/07/12 20:08:45 Acoustic NL   34.4 dB re uPa
70/07/12 20:08:55 Uncalibrated 8 kHz NL  -93.6 dB re V
70/07/12 20:08:55 Acoustic NL   34.4 dB re uPa
70/07/12 20:09:05 Uncalibrated 8 kHz NL  -93.6 dB re V
70/07/12 20:09:05 Acoustic NL   34.4 dB re uPa
70/07/12 20:09:15 Uncalibrated 8 kHz NL  -93.7 dB re V
70/07/12 20:09:15 Acoustic NL   34.3 dB re uPa
70/07/12 20:09:25 Uncalibrated 8 kHz NL  -93.7 dB re V
70/07/12 20:09:25 Acoustic NL   34.3 dB re uPa
70/07/12 20:09:35 Uncalibrated 8 kHz NL  -93.6 dB re V
70/07/12 20:09:35 Acoustic NL   34.4 dB re uPa
70/07/12 20:09:45 Uncalibrated 8 kHz NL  -93.6 dB re V
70/07/12 20:09:45 Acoustic NL   34.4 dB re uPa
70/07/12 20:09:55 Uncalibrated 8 kHz NL  -93.6 dB re V
70/07/12 20:09:55 Acoustic NL   34.4 dB re uPa
70/07/12 20:10:05 Uncalibrated 8 kHz NL  -93.5 dB re V
70/07/12 20:10:05 Acoustic NL   34.5 dB re uPa
70/07/12 20:10:05 Average noise level 34 dB, Wind Speed 2 m/s
70/07/12 20:10:05 Wait for 20 sec CF2 inquiry $WS?*
70/07/12 20:15:15 WISPR SPECTROGRAM STARTED
70/07/12 20:15:15 Fudge factor = 30 dB
70/07/12 20:15:25 First dma buffer ignored, nsamps = 1249280
70/07/12 20:15:35 spectrogram: 1219 time bins, 257 frequency bins
70/07/12 20:15:36 Uncalibrated 8 kHz NL  -93.0 dB re V
70/07/12 20:15:36 Acoustic NL   35.0 dB re uPa
70/07/12 20:15:46 Uncalibrated 8 kHz NL  -93.6 dB re V
70/07/12 20:15:46 Acoustic NL   34.4 dB re uPa
70/07/12 20:15:56 Uncalibrated 8 kHz NL  -93.6 dB re V
70/07/12 20:15:56 Acoustic NL   34.4 dB re uPa
70/07/12 20:16:06 Uncalibrated 8 kHz NL  -93.7 dB re V
70/07/12 20:16:06 Acoustic NL   34.3 dB re uPa
70/07/12 20:16:16 Uncalibrated 8 kHz NL  -93.6 dB re V
70/07/12 20:16:16 Acoustic NL   34.4 dB re uPa
70/07/12 20:16:26 Uncalibrated 8 kHz NL  -93.6 dB re V
70/07/12 20:16:26 Acoustic NL   34.4 dB re uPa
70/07/12 20:16:36 Uncalibrated 8 kHz NL  -93.7 dB re V
70/07/12 20:16:36 Acoustic NL   34.3 dB re uPa
70/07/12 20:16:46 Uncalibrated 8 kHz NL  -93.6 dB re V
70/07/12 20:16:46 Acoustic NL   34.4 dB re uPa
70/07/12 20:16:56 Uncalibrated 8 kHz NL  -93.6 dB re V
70/07/12 20:16:56 Acoustic NL   34.4 dB re uPa
70/07/12 20:17:06 Uncalibrated 8 kHz NL  -93.6 dB re V
70/07/12 20:17:06 Acoustic NL   34.4 dB re uPa
70/07/12 20:17:16 Uncalibrated 8 kHz NL  -93.6 dB re V
70/07/12 20:17:16 Acoustic NL   34.4 dB re uPa
70/07/12 20:17:26 Uncalibrated 8 kHz NL  -93.6 dB re V
70/07/12 20:17:26 Acoustic NL   34.4 dB re uPa
70/07/12 20:17:26 Average noise level 34 dB, Wind Speed 2 m/s
70/07/12 20:17:26 Wait for 20 sec CF2 inquiry $WS?*
70/07/12 20:56:03 WISPR SPECTROGRAM STARTED
70/07/12 20:56:03 Fudge factor = 30 dB
70/07/12 20:56:13 First dma buffer ignored, nsamps = 1249280
70/07/12 20:56:23 spectrogram: 1219 time bins, 257 frequency bins
70/07/12 20:56:24 Uncalibrated 8 kHz NL  -90.8 dB re V
70/07/12 20:56:24 Acoustic NL   37.2 dB re uPa
70/07/12 20:56:34 Uncalibrated 8 kHz NL  -93.6 dB re V
70/07/12 20:56:34 Acoustic NL   34.4 dB re uPa
70/07/12 20:56:44 Uncalibrated 8 kHz NL  -93.7 dB re V
70/07/12 20:56:44 Acoustic NL   34.3 dB re uPa
70/07/12 20:56:54 Uncalibrated 8 kHz NL  -93.6 dB re V
70/07/12 20:56:54 Acoustic NL   34.4 dB re uPa
70/07/12 20:57:04 Uncalibrated 8 kHz NL  -93.6 dB re V
70/07/12 20:57:04 Acoustic NL   34.4 dB re uPa
70/07/12 20:57:14 Uncalibrated 8 kHz NL  -93.7 dB re V
70/07/12 20:57:14 Acoustic NL   34.3 dB re uPa
70/07/12 20:57:24 Uncalibrated 8 kHz NL  -93.6 dB re V
70/07/12 20:57:24 Acoustic NL   34.4 dB re uPa
70/07/12 20:57:34 Uncalibrated 8 kHz NL  -93.6 dB re V
70/07/12 20:57:34 Acoustic NL   34.4 dB re uPa
70/07/12 20:57:44 Uncalibrated 8 kHz NL  -93.6 dB re V
70/07/12 20:57:44 Acoustic NL   34.4 dB re uPa
70/07/12 20:57:54 Uncalibrated 8 kHz NL  -93.6 dB re V
70/07/12 20:57:54 Acoustic NL   34.4 dB re uPa
70/07/12 20:58:04 Uncalibrated 8 kHz NL  -93.7 dB re V
70/07/12 20:58:04 Acoustic NL   34.3 dB re uPa
70/07/12 20:58:14 Uncalibrated 8 kHz NL  -93.7 dB re V
70/07/12 20:58:14 Acoustic NL   34.3 dB re uPa
70/07/12 20:58:14 Average noise level 34 dB, Wind Speed 2 m/s
70/07/12 20:58:14 Wait for 20 sec CF2 inquiry $WS?*
70/07/12 21:24:02 WISPR SPECTROGRAM STARTED
70/07/12 21:24:02 Fudge factor = 30 dB
70/07/12 21:24:12 First dma buffer ignored, nsamps = 1249280
70/07/12 21:24:22 spectrogram: 1219 time bins, 257 frequency bins
70/07/12 21:24:23 Uncalibrated 8 kHz NL  -93.6 dB re V
70/07/12 21:24:23 Acoustic NL   34.4 dB re uPa
70/07/12 21:24:33 Uncalibrated 8 kHz NL  -93.6 dB re V
70/07/12 21:24:33 Acoustic NL   34.4 dB re uPa
70/07/12 21:24:43 Uncalibrated 8 kHz NL  -93.6 dB re V
70/07/12 21:24:43 Acoustic NL   34.4 dB re uPa
70/07/12 21:24:53 Uncalibrated 8 kHz NL  -93.6 dB re V
70/07/12 21:24:53 Acoustic NL   34.4 dB re uPa
70/07/12 21:25:03 Uncalibrated 8 kHz NL  -93.6 dB re V
70/07/12 21:25:03 Acoustic NL   34.4 dB re uPa
70/07/12 21:25:13 Uncalibrated 8 kHz NL  -93.6 dB re V
70/07/12 21:25:13 Acoustic NL   34.4 dB re uPa
70/07/12 21:25:23 Uncalibrated 8 kHz NL  -93.6 dB re V
70/07/12 21:25:23 Acoustic NL   34.4 dB re uPa
70/07/12 21:25:33 Uncalibrated 8 kHz NL  -93.7 dB re V
70/07/12 21:25:33 Acoustic NL   34.3 dB re uPa
70/07/12 21:25:43 Uncalibrated 8 kHz NL  -93.7 dB re V
70/07/12 21:25:43 Acoustic NL   34.3 dB re uPa
70/07/12 21:25:53 Uncalibrated 8 kHz NL  -93.6 dB re V
70/07/12 21:25:53 Acoustic NL   34.4 dB re uPa
70/07/12 21:26:03 Uncalibrated 8 kHz NL  -93.6 dB re V
70/07/12 21:26:03 Acoustic NL   34.4 dB re uPa
70/07/12 21:26:13 Uncalibrated 8 kHz NL  -93.7 dB re V
70/07/12 21:26:13 Acoustic NL   34.3 dB re uPa
70/07/12 21:26:13 Average noise level 34 dB, Wind Speed 2 m/s
70/07/12 21:26:13 Wait for 20 sec CF2 inquiry $WS?*
70/07/12 21:30:46 WISPR SPECTROGRAM STARTED
70/07/12 21:30:46 Fudge factor = 30 dB
70/07/12 21:30:56 First dma buffer ignored, nsamps = 1249280
70/07/12 21:31:06 spectrogram: 1219 time bins, 257 frequency bins
70/07/12 21:31:07 Uncalibrated 8 kHz NL  -93.6 dB re V
70/07/12 21:31:07 Acoustic NL   34.4 dB re uPa
70/07/12 21:31:17 Uncalibrated 8 kHz NL  -93.6 dB re V
70/07/12 21:31:17 Acoustic NL   34.4 dB re uPa
70/07/12 21:31:27 Uncalibrated 8 kHz NL  -93.6 dB re V
70/07/12 21:31:27 Acoustic NL   34.4 dB re uPa
70/07/12 21:31:37 Uncalibrated 8 kHz NL  -93.6 dB re V
70/07/12 21:31:37 Acoustic NL   34.4 dB re uPa
70/07/12 21:31:47 Uncalibrated 8 kHz NL  -93.6 dB re V
70/07/12 21:31:47 Acoustic NL   34.4 dB re uPa
70/07/12 21:31:57 Uncalibrated 8 kHz NL  -93.6 dB re V
70/07/12 21:31:57 Acoustic NL   34.4 dB re uPa
70/07/12 21:43:23 WISPR SPECTROGRAM STARTED
70/07/12 21:43:23 Fudge factor = 30 dB
70/07/12 21:43:33 First dma buffer ignored, nsamps = 1249280
70/07/12 21:43:43 spectrogram: 1219 time bins, 257 frequency bins
70/07/12 21:43:44 Uncalibrated 8 kHz NL  -93.6 dB re V
70/07/12 21:43:44 Acoustic NL   34.4 dB re uPa
70/07/12 21:43:54 Uncalibrated 8 kHz NL  -93.6 dB re V
70/07/12 21:43:54 Acoustic NL   34.4 dB re uPa
70/07/12 21:44:04 Uncalibrated 8 kHz NL  -93.7 dB re V
70/07/12 21:44:04 Acoustic NL   34.3 dB re uPa
70/07/12 21:44:14 Uncalibrated 8 kHz NL  -93.6 dB re V
70/07/12 21:44:14 Acoustic NL   34.4 dB re uPa
70/07/12 21:44:24 Uncalibrated 8 kHz NL  -93.6 dB re V
70/07/12 21:44:24 Acoustic NL   34.4 dB re uPa
70/07/12 21:44:34 Uncalibrated 8 kHz NL  -93.6 dB re V
70/07/12 21:44:34 Acoustic NL   34.4 dB re uPa
70/07/12 21:44:44 Uncalibrated 8 kHz NL  -93.6 dB re V
70/07/12 21:44:44 Acoustic NL   34.4 dB re uPa
70/07/12 21:44:54 Uncalibrated 8 kHz NL  -93.6 dB re V
70/07/12 21:44:54 Acoustic NL   34.4 dB re uPa
70/07/12 21:45:04 Uncalibrated 8 kHz NL  -93.7 dB re V
70/07/12 21:45:04 Acoustic NL   34.3 dB re uPa
70/07/12 21:45:14 Uncalibrated 8 kHz NL  -93.6 dB re V
70/07/12 21:45:14 Acoustic NL   34.4 dB re uPa
70/07/12 21:45:24 Uncalibrated 8 kHz NL  -93.7 dB re V
70/07/12 21:45:24 Acoustic NL   34.3 dB re uPa
70/07/12 21:45:34 Uncalibrated 8 kHz NL  -93.7 dB re V
70/07/12 21:45:34 Acoustic NL   34.3 dB re uPa
70/07/12 21:45:34 Average noise level 34 dB, Wind Speed 2 m/s
70/07/12 21:45:34 Wait for 20 sec CF2 inquiry $WS?*
70/07/12 21:48:48 WISPR SPECTROGRAM STARTED
70/07/12 21:48:48 Fudge factor = 30 dB
70/07/12 21:48:58 First dma buffer ignored, nsamps = 1249280
70/07/12 21:49:08 spectrogram: 1219 time bins, 257 frequency bins
70/07/12 21:49:09 Uncalibrated 8 kHz NL  -93.6 dB re V
70/07/12 21:49:09 Acoustic NL   34.4 dB re uPa
70/07/12 21:49:19 Uncalibrated 8 kHz NL  -93.6 dB re V
70/07/12 21:49:19 Acoustic NL   34.4 dB re uPa
70/07/12 21:49:29 Uncalibrated 8 kHz NL  -93.6 dB re V
70/07/12 21:49:29 Acoustic NL   34.4 dB re uPa
70/07/12 21:49:39 Uncalibrated 8 kHz NL  -93.7 dB re V
70/07/12 21:49:39 Acoustic NL   34.3 dB re uPa
70/07/12 21:49:49 Uncalibrated 8 kHz NL  -93.6 dB re V
70/07/12 21:49:49 Acoustic NL   34.4 dB re uPa
70/07/12 21:49:59 Uncalibrated 8 kHz NL  -93.6 dB re V
70/07/12 21:49:59 Acoustic NL   34.4 dB re uPa
70/07/12 21:50:09 Uncalibrated 8 kHz NL  -93.6 dB re V
70/07/12 21:50:09 Acoustic NL   34.4 dB re uPa
70/07/12 21:50:19 Uncalibrated 8 kHz NL  -93.6 dB re V
70/07/12 21:50:19 Acoustic NL   34.4 dB re uPa
70/07/12 21:50:29 Uncalibrated 8 kHz NL  -93.6 dB re V
70/07/12 21:50:29 Acoustic NL   34.4 dB re uPa
70/07/12 21:50:39 Uncalibrated 8 kHz NL  -93.6 dB re V
70/07/12 21:50:39 Acoustic NL   34.4 dB re uPa
70/07/12 21:50:49 Uncalibrated 8 kHz NL  -93.6 dB re V
70/07/12 21:50:49 Acoustic NL   34.4 dB re uPa
70/07/12 21:50:59 Uncalibrated 8 kHz NL  -93.6 dB re V
70/07/12 21:50:59 Acoustic NL   34.4 dB re uPa
70/07/12 21:50:59 Average noise level 34 dB, Wind Speed 2 m/s
70/07/12 21:50:59 Wait for 20 sec CF2 inquiry $WS?*
70/07/12 21:56:25 WISPR SPECTROGRAM STARTED
70/07/12 21:56:25 Fudge factor = 30 dB
70/07/12 21:56:35 First dma buffer ignored, nsamps = 1249280
70/07/12 21:56:45 spectrogram: 1219 time bins, 257 frequency bins
70/07/12 21:56:46 Uncalibrated 8 kHz NL  -93.5 dB re V
70/07/12 21:56:46 Acoustic NL   34.5 dB re uPa
70/07/12 21:56:56 Uncalibrated 8 kHz NL  -93.6 dB re V
70/07/12 21:56:56 Acoustic NL   34.4 dB re uPa
70/07/12 21:57:06 Uncalibrated 8 kHz NL  -93.6 dB re V
70/07/12 21:57:06 Acoustic NL   34.4 dB re uPa
70/07/12 21:57:16 Uncalibrated 8 kHz NL  -93.6 dB re V
70/07/12 21:57:16 Acoustic NL   34.4 dB re uPa
70/07/12 21:57:26 Uncalibrated 8 kHz NL  -93.7 dB re V
70/07/12 21:57:26 Acoustic NL   34.3 dB re uPa
70/07/12 21:57:36 Uncalibrated 8 kHz NL  -93.7 dB re V
70/07/12 21:57:36 Acoustic NL   34.3 dB re uPa
70/07/12 21:57:46 Uncalibrated 8 kHz NL  -93.7 dB re V
70/07/12 21:57:46 Acoustic NL   34.3 dB re uPa
70/07/12 21:57:56 Uncalibrated 8 kHz NL  -93.6 dB re V
70/07/12 21:57:56 Acoustic NL   34.4 dB re uPa
70/07/12 21:58:06 Uncalibrated 8 kHz NL  -93.7 dB re V
70/07/12 21:58:06 Acoustic NL   34.3 dB re uPa
70/07/12 21:58:16 Uncalibrated 8 kHz NL  -93.6 dB re V
70/07/12 21:58:16 Acoustic NL   34.4 dB re uPa
70/07/12 21:58:26 Uncalibrated 8 kHz NL  -93.6 dB re V
70/07/12 21:58:26 Acoustic NL   34.4 dB re uPa
70/07/12 21:58:36 Uncalibrated 8 kHz NL  -93.6 dB re V
70/07/12 21:58:36 Acoustic NL   34.4 dB re uPa
70/07/12 21:58:36 Average noise level 34 dB, Wind Speed 2 m/s
70/07/12 21:58:36 Wait for 20 sec CF2 inquiry $WS?*
70/07/12 22:01:46 WISPR SPECTROGRAM STARTED
70/07/12 22:01:46 Fudge factor = 30 dB
70/07/12 22:01:56 First dma buffer ignored, nsamps = 1249280
70/07/12 22:02:06 spectrogram: 1219 time bins, 257 frequency bins
70/07/12 22:02:07 Uncalibrated 8 kHz NL  -93.6 dB re V
70/07/12 22:02:07 Acoustic NL   34.4 dB re uPa
70/07/12 22:02:17 Uncalibrated 8 kHz NL  -93.6 dB re V
70/07/12 22:02:17 Acoustic NL   34.4 dB re uPa
70/07/12 22:02:27 Uncalibrated 8 kHz NL  -93.6 dB re V
70/07/12 22:02:27 Acoustic NL   34.4 dB re uPa
70/07/12 22:02:37 Uncalibrated 8 kHz NL  -93.6 dB re V
70/07/12 22:02:37 Acoustic NL   34.4 dB re uPa
70/07/12 22:02:47 Uncalibrated 8 kHz NL  -93.6 dB re V
70/07/12 22:02:47 Acoustic NL   34.4 dB re uPa
70/07/12 22:02:57 Uncalibrated 8 kHz NL  -93.7 dB re V
70/07/12 22:02:57 Acoustic NL   34.3 dB re uPa
70/07/12 22:03:07 Uncalibrated 8 kHz NL  -93.6 dB re V
70/07/12 22:03:07 Acoustic NL   34.4 dB re uPa
70/07/12 22:03:17 Uncalibrated 8 kHz NL  -93.6 dB re V
70/07/12 22:03:17 Acoustic NL   34.4 dB re uPa
70/07/12 22:03:27 Uncalibrated 8 kHz NL  -93.6 dB re V
70/07/12 22:03:27 Acoustic NL   34.4 dB re uPa
70/07/12 22:03:37 Uncalibrated 8 kHz NL  -93.6 dB re V
70/07/12 22:03:37 Acoustic NL   34.4 dB re uPa
70/07/12 22:03:47 Uncalibrated 8 kHz NL  -93.6 dB re V
70/07/12 22:03:47 Acoustic NL   34.4 dB re uPa
70/07/12 22:03:57 Uncalibrated 8 kHz NL  -93.6 dB re V
70/07/12 22:03:57 Acoustic NL   34.4 dB re uPa
70/07/12 22:03:57 Average noise level 34 dB, Wind Speed 2 m/s
70/07/12 22:03:57 Wait for 20 sec CF2 inquiry $WS?*
26/12/16 04:58:40 WISPR SPECTROGRAM STARTED
26/12/16 04:58:40 Fudge factor = 30 dB
26/12/16 04:58:50 First dma buffer ignored, nsamps = 1249280
26/12/16 04:59:00 spectrogram: 1219 time bins, 257 frequency bins
26/12/16 04:59:01 Uncalibrated 8 kHz NL  -73.3 dB re V
26/12/16 04:59:01 Acoustic NL   54.7 dB re uPa
26/12/16 04:59:11 Uncalibrated 8 kHz NL  -91.9 dB re V
26/12/16 04:59:11 Acoustic NL   36.1 dB re uPa
26/12/16 04:59:21 Uncalibrated 8 kHz NL  -72.7 dB re V
26/12/16 04:59:21 Acoustic NL   55.3 dB re uPa
26/12/16 04:59:31 Uncalibrated 8 kHz NL  -68.2 dB re V
26/12/16 04:59:31 Acoustic NL   59.8 dB re uPa
26/12/16 04:59:41 Uncalibrated 8 kHz NL  -66.6 dB re V
26/12/16 04:59:41 Acoustic NL   61.4 dB re uPa
26/12/16 04:59:51 Uncalibrated 8 kHz NL  -93.0 dB re V
26/12/16 04:59:51 Acoustic NL   35.0 dB re uPa
26/12/16 05:00:01 Uncalibrated 8 kHz NL  -66.0 dB re V
26/12/16 05:00:01 Acoustic NL   62.0 dB re uPa
26/12/16 05:00:11 Uncalibrated 8 kHz NL  -88.6 dB re V
26/12/16 05:00:11 Acoustic NL   39.4 dB re uPa
26/12/16 05:00:21 Uncalibrated 8 kHz NL  -73.7 dB re V
26/12/16 05:00:21 Acoustic NL   54.3 dB re uPa
26/12/16 05:00:31 Uncalibrated 8 kHz NL  -93.2 dB re V
26/12/16 05:00:31 Acoustic NL   34.8 dB re uPa
26/12/16 05:00:41 Uncalibrated 8 kHz NL  -89.2 dB re V
26/12/16 05:00:41 Acoustic NL   38.8 dB re uPa
26/12/16 05:00:51 Uncalibrated 8 kHz NL  -71.5 dB re V
26/12/16 05:00:51 Acoustic NL   56.5 dB re uPa
26/12/16 05:00:51 Average noise level 48 dB, Wind Speed 6 m/s
26/12/16 05:00:51 Wait for 20 sec CF2 inquiry $WS?*
76/04/20 21:53:38 WISPR SPECTROGRAM STARTED
76/04/20 21:53:38 Fudge factor = 30 dB
76/04/20 21:53:48 First dma buffer ignored, nsamps = 1249280
76/04/20 21:53:58 spectrogram: 1219 time bins, 257 frequency bins
76/04/20 21:53:59 Uncalibrated 8 kHz NL  -93.2 dB re V
76/04/20 21:53:59 Acoustic NL   34.8 dB re uPa
76/04/20 21:54:09 Uncalibrated 8 kHz NL  -93.4 dB re V
76/04/20 21:54:09 Acoustic NL   34.6 dB re uPa
76/04/20 21:54:19 Uncalibrated 8 kHz NL  -93.3 dB re V
76/04/20 21:54:19 Acoustic NL   34.7 dB re uPa
76/04/20 21:54:29 Uncalibrated 8 kHz NL  -93.3 dB re V
76/04/20 21:54:29 Acoustic NL   34.7 dB re uPa
76/04/20 21:54:39 Uncalibrated 8 kHz NL  -93.3 dB re V
76/04/20 21:54:39 Acoustic NL   34.7 dB re uPa
76/04/20 21:54:49 Uncalibrated 8 kHz NL  -93.3 dB re V
76/04/20 21:54:49 Acoustic NL   34.7 dB re uPa
76/04/20 22:00:22 WISPR SPECTROGRAM STARTED
76/04/20 22:00:22 Fudge factor = 30 dB
76/04/20 22:00:32 First dma buffer ignored, nsamps = 1249280
76/04/20 22:00:42 spectrogram: 1219 time bins, 257 frequency bins
76/04/20 22:00:43 Uncalibrated 8 kHz NL  -93.3 dB re V
76/04/20 22:00:43 Acoustic NL   34.7 dB re uPa
76/04/20 22:00:53 Uncalibrated 8 kHz NL  -93.3 dB re V
76/04/20 22:00:53 Acoustic NL   34.7 dB re uPa
76/04/20 22:01:03 Uncalibrated 8 kHz NL  -93.2 dB re V
76/04/20 22:01:03 Acoustic NL   34.8 dB re uPa
76/04/20 22:01:13 Uncalibrated 8 kHz NL  -93.3 dB re V
76/04/20 22:01:13 Acoustic NL   34.7 dB re uPa
76/04/20 22:01:23 Uncalibrated 8 kHz NL  -93.3 dB re V
76/04/20 22:01:23 Acoustic NL   34.7 dB re uPa
76/04/20 22:01:33 Uncalibrated 8 kHz NL  -93.3 dB re V
76/04/20 22:01:33 Acoustic NL   34.7 dB re uPa
76/04/20 22:01:43 Uncalibrated 8 kHz NL  -93.2 dB re V
76/04/20 22:01:43 Acoustic NL   34.8 dB re uPa
76/04/20 22:01:53 Uncalibrated 8 kHz NL  -93.3 dB re V
76/04/20 22:01:53 Acoustic NL   34.7 dB re uPa
76/04/20 22:02:03 Uncalibrated 8 kHz NL  -93.3 dB re V
76/04/20 22:02:03 Acoustic NL   34.7 dB re uPa
76/04/20 22:02:13 Uncalibrated 8 kHz NL  -93.3 dB re V
76/04/20 22:02:13 Acoustic NL   34.7 dB re uPa
76/04/20 22:02:23 Uncalibrated 8 kHz NL  -93.3 dB re V
76/04/20 22:02:23 Acoustic NL   34.7 dB re uPa
76/04/20 22:02:33 Uncalibrated 8 kHz NL  -93.2 dB re V
76/04/20 22:02:33 Acoustic NL   34.8 dB re uPa
76/04/20 22:02:33 Average noise level 34 dB, Wind Speed 2 m/s
76/04/20 22:02:33 Wait for 20 sec CF2 inquiry $WS?*
76/04/20 22:07:05 WISPR SPECTROGRAM STARTED
76/04/20 22:07:05 Fudge factor = 30 dB
76/04/20 22:07:15 First dma buffer ignored, nsamps = 1249280
76/04/20 22:07:25 spectrogram: 1219 time bins, 257 frequency bins
76/04/20 22:07:26 Uncalibrated 8 kHz NL  -93.3 dB re V
76/04/20 22:07:26 Acoustic NL   34.7 dB re uPa
76/04/20 22:07:36 Uncalibrated 8 kHz NL  -93.3 dB re V
76/04/20 22:07:36 Acoustic NL   34.7 dB re uPa
76/04/20 22:07:46 Uncalibrated 8 kHz NL  -93.3 dB re V
76/04/20 22:07:46 Acoustic NL   34.7 dB re uPa
76/04/20 22:07:56 Uncalibrated 8 kHz NL  -93.3 dB re V
76/04/20 22:07:56 Acoustic NL   34.7 dB re uPa
76/04/20 22:08:06 Uncalibrated 8 kHz NL  -93.3 dB re V
76/04/20 22:08:06 Acoustic NL   34.7 dB re uPa
76/04/20 22:08:16 Uncalibrated 8 kHz NL  -93.3 dB re V
76/04/20 22:08:16 Acoustic NL   34.7 dB re uPa
76/04/21 14:53:07 WISPR SPECTROGRAM STARTED
76/04/21 14:53:07 Fudge factor = 30 dB
76/04/21 14:53:17 First dma buffer ignored, nsamps = 1249280
76/04/21 14:53:27 spectrogram: 1219 time bins, 257 frequency bins
76/04/21 14:53:28 Uncalibrated 8 kHz NL  -93.3 dB re V
76/04/21 14:53:28 Acoustic NL   34.7 dB re uPa
76/04/21 14:53:38 Uncalibrated 8 kHz NL  -93.3 dB re V
76/04/21 14:53:38 Acoustic NL   34.7 dB re uPa
76/04/21 14:53:48 Uncalibrated 8 kHz NL  -93.3 dB re V
76/04/21 14:53:48 Acoustic NL   34.7 dB re uPa
76/04/21 14:53:58 Uncalibrated 8 kHz NL  -93.3 dB re V
76/04/21 14:53:58 Acoustic NL   34.7 dB re uPa
76/04/21 14:54:08 Uncalibrated 8 kHz NL  -93.3 dB re V
76/04/21 14:54:08 Acoustic NL   34.7 dB re uPa
76/04/21 14:54:18 Uncalibrated 8 kHz NL  -93.3 dB re V
76/04/21 14:54:18 Acoustic NL   34.7 dB re uPa
76/04/21 14:54:28 Uncalibrated 8 kHz NL  -93.3 dB re V
76/04/21 14:54:28 Acoustic NL   34.7 dB re uPa
76/04/21 14:54:38 Uncalibrated 8 kHz NL  -93.2 dB re V
76/04/21 14:54:38 Acoustic NL   34.8 dB re uPa
76/04/21 14:54:48 Uncalibrated 8 kHz NL  -93.3 dB re V
76/04/21 14:54:48 Acoustic NL   34.7 dB re uPa
76/04/21 14:54:58 Uncalibrated 8 kHz NL  -93.3 dB re V
76/04/21 14:54:58 Acoustic NL   34.7 dB re uPa
76/04/21 14:55:08 Uncalibrated 8 kHz NL  -93.3 dB re V
76/04/21 14:55:08 Acoustic NL   34.7 dB re uPa
76/04/21 14:55:18 Uncalibrated 8 kHz NL  -93.3 dB re V
76/04/21 14:55:18 Acoustic NL   34.7 dB re uPa
76/04/21 14:55:18 Average noise level 34 dB, Wind Speed 2 m/s
76/04/21 14:55:18 Wait for 20 sec CF2 inquiry $WS?*
76/04/21 16:31:38 WISPR SPECTROGRAM STARTED
76/04/21 16:31:38 Fudge factor = 30 dB
76/04/21 16:31:48 First dma buffer ignored, nsamps = 1249280
76/04/21 16:31:58 spectrogram: 1219 time bins, 257 frequency bins
76/04/21 16:31:59 Uncalibrated 8 kHz NL  -93.4 dB re V
76/04/21 16:31:59 Acoustic NL   34.6 dB re uPa
76/04/21 16:32:09 Uncalibrated 8 kHz NL  -93.6 dB re V
76/04/21 16:32:09 Acoustic NL   34.4 dB re uPa
76/04/21 16:32:19 Uncalibrated 8 kHz NL  -93.6 dB re V
76/04/21 16:32:19 Acoustic NL   34.4 dB re uPa
76/04/21 16:32:29 Uncalibrated 8 kHz NL  -93.6 dB re V
76/04/21 16:32:29 Acoustic NL   34.4 dB re uPa
76/04/21 16:32:39 Uncalibrated 8 kHz NL  -93.6 dB re V
76/04/21 16:32:39 Acoustic NL   34.4 dB re uPa
76/04/21 16:32:49 Uncalibrated 8 kHz NL  -93.6 dB re V
76/04/21 16:32:49 Acoustic NL   34.4 dB re uPa
76/04/21 16:32:59 Uncalibrated 8 kHz NL  -93.6 dB re V
76/04/21 16:32:59 Acoustic NL   34.4 dB re uPa
76/04/21 16:33:09 Uncalibrated 8 kHz NL  -93.6 dB re V
76/04/21 16:33:09 Acoustic NL   34.4 dB re uPa
76/04/21 16:33:19 Uncalibrated 8 kHz NL  -93.7 dB re V
76/04/21 16:33:19 Acoustic NL   34.3 dB re uPa
76/04/21 16:33:29 Uncalibrated 8 kHz NL  -93.6 dB re V
76/04/21 16:33:29 Acoustic NL   34.4 dB re uPa
76/04/21 16:33:39 Uncalibrated 8 kHz NL  -93.6 dB re V
76/04/21 16:33:39 Acoustic NL   34.4 dB re uPa
76/04/21 16:33:49 Uncalibrated 8 kHz NL  -93.6 dB re V
76/04/21 16:33:49 Acoustic NL   34.4 dB re uPa
76/04/21 16:33:49 Average noise level 34 dB, Wind Speed 2 m/s
76/04/21 16:33:49 Wait for 20 sec CF2 inquiry $WS?*
76/04/26 17:37:48 WISPR SPECTROGRAM STARTED
76/04/26 17:37:48 Fudge factor = 30 dB
76/04/26 17:37:58 First dma buffer ignored, nsamps = 1249280
76/04/26 17:38:08 spectrogram: 1219 time bins, 257 frequency bins
76/04/26 17:38:08 Uncalibrated 8 kHz NL  -91.9 dB re V
76/04/26 17:38:08 Acoustic NL   36.1 dB re uPa
76/04/26 17:38:18 Uncalibrated 8 kHz NL  -93.6 dB re V
76/04/26 17:38:18 Acoustic NL   34.4 dB re uPa
76/04/26 17:38:28 Uncalibrated 8 kHz NL  -93.6 dB re V
76/04/26 17:38:28 Acoustic NL   34.4 dB re uPa
76/04/26 17:38:38 Uncalibrated 8 kHz NL  -93.6 dB re V
76/04/26 17:38:38 Acoustic NL   34.4 dB re uPa
76/04/26 17:38:48 Uncalibrated 8 kHz NL  -93.6 dB re V
76/04/26 17:38:48 Acoustic NL   34.4 dB re uPa
76/04/26 17:38:58 Uncalibrated 8 kHz NL  -93.7 dB re V
76/04/26 17:38:58 Acoustic NL   34.3 dB re uPa
76/04/26 17:39:08 Uncalibrated 8 kHz NL  -93.6 dB re V
76/04/26 17:39:08 Acoustic NL   34.4 dB re uPa
76/04/26 17:39:18 Uncalibrated 8 kHz NL  -93.6 dB re V
76/04/26 17:39:18 Acoustic NL   34.4 dB re uPa
76/04/26 17:39:28 Uncalibrated 8 kHz NL  -93.6 dB re V
76/04/26 17:39:28 Acoustic NL   34.4 dB re uPa
76/04/26 17:39:38 Uncalibrated 8 kHz NL  -93.6 dB re V
76/04/26 17:39:38 Acoustic NL   34.4 dB re uPa
76/04/26 17:39:48 Uncalibrated 8 kHz NL  -93.6 dB re V
76/04/26 17:39:48 Acoustic NL   34.4 dB re uPa
76/04/26 17:39:58 Uncalibrated 8 kHz NL  -93.6 dB re V
76/04/26 17:39:58 Acoustic NL   34.4 dB re uPa
76/04/26 17:39:58 Average noise level 34 dB, Wind Speed 2 m/s
76/04/26 17:39:58 Wait for 20 sec CF2 inquiry $WS?*
76/04/26 18:04:03 WISPR SPECTROGRAM STARTED
76/04/26 18:04:03 Fudge factor = 30 dB
76/04/26 18:04:13 First dma buffer ignored, nsamps = 1249280
76/04/26 18:04:23 spectrogram: 1219 time bins, 257 frequency bins
76/04/26 18:04:24 Uncalibrated 8 kHz NL  -93.1 dB re V
76/04/26 18:04:24 Acoustic NL   34.9 dB re uPa
76/04/26 18:04:34 Uncalibrated 8 kHz NL  -93.6 dB re V
76/04/26 18:04:34 Acoustic NL   34.4 dB re uPa
76/04/26 18:04:44 Uncalibrated 8 kHz NL  -93.6 dB re V
76/04/26 18:04:44 Acoustic NL   34.4 dB re uPa
76/04/26 18:04:54 Uncalibrated 8 kHz NL  -93.6 dB re V
76/04/26 18:04:54 Acoustic NL   34.4 dB re uPa
76/04/26 18:05:04 Uncalibrated 8 kHz NL  -93.6 dB re V
76/04/26 18:05:04 Acoustic NL   34.4 dB re uPa
76/04/26 18:05:14 Uncalibrated 8 kHz NL  -93.7 dB re V
76/04/26 18:05:14 Acoustic NL   34.3 dB re uPa
76/04/26 18:05:24 Uncalibrated 8 kHz NL  -93.6 dB re V
76/04/26 18:05:24 Acoustic NL   34.4 dB re uPa
76/04/26 18:05:34 Uncalibrated 8 kHz NL  -93.6 dB re V
76/04/26 18:05:34 Acoustic NL   34.4 dB re uPa
76/04/26 18:05:44 Uncalibrated 8 kHz NL  -93.6 dB re V
76/04/26 18:05:44 Acoustic NL   34.4 dB re uPa
76/04/26 18:05:54 Uncalibrated 8 kHz NL  -93.6 dB re V
76/04/26 18:05:54 Acoustic NL   34.4 dB re uPa
76/04/26 18:06:04 Uncalibrated 8 kHz NL  -93.6 dB re V
76/04/26 18:06:04 Acoustic NL   34.4 dB re uPa
76/04/26 18:06:14 Uncalibrated 8 kHz NL  -93.6 dB re V
76/04/26 18:06:14 Acoustic NL   34.4 dB re uPa
76/04/26 18:06:14 Average noise level 34 dB, Wind Speed 2 m/s
76/04/26 18:06:14 Wait for 20 sec CF2 inquiry $WS?*
76/04/26 18:51:27 WISPR SPECTROGRAM STARTED
76/04/26 18:51:27 Fudge factor = 30 dB
76/04/26 18:51:37 First dma buffer ignored, nsamps = 1249280
76/04/26 18:51:47 spectrogram: 1219 time bins, 257 frequency bins
76/04/26 18:51:48 Uncalibrated 8 kHz NL  -93.6 dB re V
76/04/26 18:51:48 Acoustic NL   34.4 dB re uPa
76/04/26 18:51:58 Uncalibrated 8 kHz NL  -93.6 dB re V
76/04/26 18:51:58 Acoustic NL   34.4 dB re uPa
76/04/26 18:52:08 Uncalibrated 8 kHz NL  -93.6 dB re V
76/04/26 18:52:08 Acoustic NL   34.4 dB re uPa
76/04/26 18:52:18 Uncalibrated 8 kHz NL  -93.7 dB re V
76/04/26 18:52:18 Acoustic NL   34.3 dB re uPa
76/04/26 18:52:28 Uncalibrated 8 kHz NL  -93.7 dB re V
76/04/26 18:52:28 Acoustic NL   34.3 dB re uPa
76/04/26 18:52:38 Uncalibrated 8 kHz NL  -93.6 dB re V
76/04/26 18:52:38 Acoustic NL   34.4 dB re uPa
76/05/02 13:55:24 WISPR SPECTROGRAM STARTED
76/05/02 13:55:24 Fudge factor = 30 dB
76/05/02 13:55:34 First dma buffer ignored, nsamps = 1249280
76/05/02 13:55:44 spectrogram: 1219 time bins, 257 frequency bins
76/05/02 13:55:45 Uncalibrated 8 kHz NL  -93.6 dB re V
76/05/02 13:55:45 Acoustic NL   34.4 dB re uPa
76/05/02 13:55:55 Uncalibrated 8 kHz NL  -93.6 dB re V
76/05/02 13:55:55 Acoustic NL   34.4 dB re uPa
76/05/02 13:56:05 Uncalibrated 8 kHz NL  -93.7 dB re V
76/05/02 13:56:05 Acoustic NL   34.3 dB re uPa
76/05/02 13:56:15 Uncalibrated 8 kHz NL  -93.6 dB re V
76/05/02 13:56:15 Acoustic NL   34.4 dB re uPa
76/05/02 13:56:25 Uncalibrated 8 kHz NL  -93.6 dB re V
76/05/02 13:56:25 Acoustic NL   34.4 dB re uPa
76/05/02 13:56:35 Uncalibrated 8 kHz NL  -93.6 dB re V
76/05/02 13:56:35 Acoustic NL   34.4 dB re uPa
76/05/20 11:21:54 WISPR SPECTROGRAM STARTED
76/05/20 11:21:54 Fudge factor = 30 dB
76/05/20 11:22:04 First dma buffer ignored, nsamps = 1249280
76/05/20 11:22:14 spectrogram: 1219 time bins, 257 frequency bins
76/05/20 11:22:15 Uncalibrated 8 kHz NL  -93.6 dB re V
76/05/20 11:22:15 Acoustic NL   34.4 dB re uPa
76/05/20 11:22:25 Uncalibrated 8 kHz NL  -93.6 dB re V
76/05/20 11:22:25 Acoustic NL   34.4 dB re uPa
76/05/20 11:22:35 Uncalibrated 8 kHz NL  -93.6 dB re V
76/05/20 11:22:35 Acoustic NL   34.4 dB re uPa
76/05/20 11:22:45 Uncalibrated 8 kHz NL  -93.6 dB re V
76/05/20 11:22:45 Acoustic NL   34.4 dB re uPa
76/05/20 11:22:55 Uncalibrated 8 kHz NL  -93.6 dB re V
76/05/20 11:22:55 Acoustic NL   34.4 dB re uPa
76/05/20 11:23:05 Uncalibrated 8 kHz NL  -93.6 dB re V
76/05/20 11:23:05 Acoustic NL   34.4 dB re uPa
76/05/20 11:23:15 Uncalibrated 8 kHz NL  -93.6 dB re V
76/05/20 11:23:15 Acoustic NL   34.4 dB re uPa
76/05/20 11:23:25 Uncalibrated 8 kHz NL  -93.7 dB re V
76/05/20 11:23:25 Acoustic NL   34.3 dB re uPa
76/05/20 11:23:35 Uncalibrated 8 kHz NL  -93.7 dB re V
76/05/20 11:23:35 Acoustic NL   34.3 dB re uPa
76/05/20 11:23:45 Uncalibrated 8 kHz NL  -93.6 dB re V
76/05/20 11:23:45 Acoustic NL   34.4 dB re uPa
76/05/20 11:23:55 Uncalibrated 8 kHz NL  -93.6 dB re V
76/05/20 11:23:55 Acoustic NL   34.4 dB re uPa
76/05/20 11:24:05 Uncalibrated 8 kHz NL  -93.6 dB re V
76/05/20 11:24:05 Acoustic NL   34.4 dB re uPa
76/05/20 11:24:05 Average noise level 34 dB, Wind Speed 2 m/s
76/05/20 11:24:05 Wait for 20 sec CF2 inquiry $WS?*
76/05/20 19:48:58 WISPR SPECTROGRAM STARTED
76/05/20 19:48:58 Fudge factor = 30 dB
76/05/20 19:49:08 First dma buffer ignored, nsamps = 1249280
76/05/20 19:49:18 spectrogram: 1219 time bins, 257 frequency bins
76/05/20 19:49:19 Uncalibrated 8 kHz NL  -93.6 dB re V
76/05/20 19:49:19 Acoustic NL   34.4 dB re uPa
76/05/20 19:49:29 Uncalibrated 8 kHz NL  -93.6 dB re V
76/05/20 19:49:29 Acoustic NL   34.4 dB re uPa
76/05/20 19:49:39 Uncalibrated 8 kHz NL  -93.6 dB re V
76/05/20 19:49:39 Acoustic NL   34.4 dB re uPa
76/05/20 19:49:49 Uncalibrated 8 kHz NL  -93.6 dB re V
76/05/20 19:49:49 Acoustic NL   34.4 dB re uPa
76/05/20 19:49:59 Uncalibrated 8 kHz NL  -93.6 dB re V
76/05/20 19:49:59 Acoustic NL   34.4 dB re uPa
76/05/20 19:50:09 Uncalibrated 8 kHz NL  -93.7 dB re V
76/05/20 19:50:09 Acoustic NL   34.3 dB re uPa
76/05/20 20:23:40 WISPR SPECTROGRAM STARTED
76/05/20 20:23:40 Fudge factor = 30 dB
76/05/20 20:23:50 First dma buffer ignored, nsamps = 1249280
76/05/20 20:24:00 spectrogram: 1219 time bins, 257 frequency bins
76/05/20 20:24:01 Uncalibrated 8 kHz NL  -93.6 dB re V
76/05/20 20:24:01 Acoustic NL   34.4 dB re uPa
76/05/20 20:24:11 Uncalibrated 8 kHz NL  -93.6 dB re V
76/05/20 20:24:11 Acoustic NL   34.4 dB re uPa
76/05/20 20:24:21 Uncalibrated 8 kHz NL  -93.6 dB re V
76/05/20 20:24:21 Acoustic NL   34.4 dB re uPa
76/05/20 20:24:31 Uncalibrated 8 kHz NL  -93.6 dB re V
76/05/20 20:24:31 Acoustic NL   34.4 dB re uPa
76/05/20 20:24:41 Uncalibrated 8 kHz NL  -93.6 dB re V
76/05/20 20:24:41 Acoustic NL   34.4 dB re uPa
76/05/20 20:24:51 Uncalibrated 8 kHz NL  -93.6 dB re V
76/05/20 20:24:51 Acoustic NL   34.4 dB re uPa
76/05/20 20:42:48 WISPR SPECTROGRAM STARTED
76/05/20 20:42:48 Fudge factor = 30 dB
76/05/20 20:42:58 First dma buffer ignored, nsamps = 1249280
76/05/20 20:43:08 spectrogram: 1219 time bins, 257 frequency bins
76/05/20 20:43:08 Uncalibrated 8 kHz NL  -93.6 dB re V
76/05/20 20:43:08 Acoustic NL   34.4 dB re uPa
76/05/20 20:43:18 Uncalibrated 8 kHz NL  -93.7 dB re V
76/05/20 20:43:18 Acoustic NL   34.3 dB re uPa
76/05/20 20:43:28 Uncalibrated 8 kHz NL  -93.6 dB re V
76/05/20 20:43:28 Acoustic NL   34.4 dB re uPa
76/05/20 20:43:38 Uncalibrated 8 kHz NL  -93.7 dB re V
76/05/20 20:43:38 Acoustic NL   34.3 dB re uPa
76/05/20 20:43:48 Uncalibrated 8 kHz NL  -93.6 dB re V
76/05/20 20:43:48 Acoustic NL   34.4 dB re uPa
76/05/20 20:43:58 Uncalibrated 8 kHz NL  -93.6 dB re V
76/05/20 20:43:58 Acoustic NL   34.4 dB re uPa
76/05/20 21:01:58 WISPR SPECTROGRAM STARTED
76/05/20 21:01:58 Fudge factor = 30 dB
76/05/20 21:02:08 First dma buffer ignored, nsamps = 1249280
76/05/20 21:02:18 spectrogram: 1219 time bins, 257 frequency bins
76/05/20 21:02:19 Uncalibrated 8 kHz NL  -93.6 dB re V
76/05/20 21:02:19 Acoustic NL   34.4 dB re uPa
76/05/20 21:02:29 Uncalibrated 8 kHz NL  -93.6 dB re V
76/05/20 21:02:29 Acoustic NL   34.4 dB re uPa
76/05/20 21:02:39 Uncalibrated 8 kHz NL  -93.6 dB re V
76/05/20 21:02:39 Acoustic NL   34.4 dB re uPa
76/05/20 21:02:48 Uncalibrated 8 kHz NL  -93.6 dB re V
76/05/20 21:02:48 Acoustic NL   34.4 dB re uPa
76/05/20 21:02:58 Uncalibrated 8 kHz NL  -93.6 dB re V
76/05/20 21:02:58 Acoustic NL   34.4 dB re uPa
76/05/20 21:03:08 Uncalibrated 8 kHz NL  -93.6 dB re V
76/05/20 21:03:08 Acoustic NL   34.4 dB re uPa
76/05/20 21:21:05 WISPR SPECTROGRAM STARTED
76/05/20 21:21:05 Fudge factor = 30 dB
76/05/20 21:21:15 First dma buffer ignored, nsamps = 1249280
76/05/20 21:21:25 spectrogram: 1219 time bins, 257 frequency bins
76/05/20 21:21:26 Uncalibrated 8 kHz NL  -93.5 dB re V
76/05/20 21:21:26 Acoustic NL   34.5 dB re uPa
76/05/20 21:21:36 Uncalibrated 8 kHz NL  -93.6 dB re V
76/05/20 21:21:36 Acoustic NL   34.4 dB re uPa
76/05/20 21:21:46 Uncalibrated 8 kHz NL  -93.7 dB re V
76/05/20 21:21:46 Acoustic NL   34.3 dB re uPa
76/05/20 21:21:56 Uncalibrated 8 kHz NL  -93.6 dB re V
76/05/20 21:21:56 Acoustic NL   34.4 dB re uPa
76/05/20 21:22:06 Uncalibrated 8 kHz NL  -93.6 dB re V
76/05/20 21:22:06 Acoustic NL   34.4 dB re uPa
76/05/20 21:22:16 Uncalibrated 8 kHz NL  -93.6 dB re V
76/05/20 21:22:16 Acoustic NL   34.4 dB re uPa
76/05/20 21:40:14 WISPR SPECTROGRAM STARTED
76/05/20 21:40:14 Fudge factor = 30 dB
76/05/20 21:40:24 First dma buffer ignored, nsamps = 1249280
76/05/20 21:40:34 spectrogram: 1219 time bins, 257 frequency bins
76/05/20 21:40:35 Uncalibrated 8 kHz NL  -93.6 dB re V
76/05/20 21:40:35 Acoustic NL   34.4 dB re uPa
76/05/20 21:40:45 Uncalibrated 8 kHz NL  -93.6 dB re V
76/05/20 21:40:45 Acoustic NL   34.4 dB re uPa
76/05/20 21:40:55 Uncalibrated 8 kHz NL  -93.7 dB re V
76/05/20 21:40:55 Acoustic NL   34.3 dB re uPa
76/05/20 21:41:05 Uncalibrated 8 kHz NL  -93.6 dB re V
76/05/20 21:41:05 Acoustic NL   34.4 dB re uPa
76/05/20 21:41:15 Uncalibrated 8 kHz NL  -93.7 dB re V
76/05/20 21:41:15 Acoustic NL   34.3 dB re uPa
76/05/20 21:41:25 Uncalibrated 8 kHz NL  -93.6 dB re V
76/05/20 21:41:25 Acoustic NL   34.4 dB re uPa
76/05/20 21:59:23 WISPR SPECTROGRAM STARTED
76/05/20 21:59:23 Fudge factor = 30 dB
76/05/20 21:59:33 First dma buffer ignored, nsamps = 1249280
76/05/20 21:59:43 spectrogram: 1219 time bins, 257 frequency bins
76/05/20 21:59:44 Uncalibrated 8 kHz NL  -93.6 dB re V
76/05/20 21:59:44 Acoustic NL   34.4 dB re uPa
76/05/20 21:59:54 Uncalibrated 8 kHz NL  -93.6 dB re V
76/05/20 21:59:54 Acoustic NL   34.4 dB re uPa
76/05/20 22:00:04 Uncalibrated 8 kHz NL  -93.6 dB re V
76/05/20 22:00:04 Acoustic NL   34.4 dB re uPa
76/05/20 22:00:14 Uncalibrated 8 kHz NL  -93.6 dB re V
76/05/20 22:00:14 Acoustic NL   34.4 dB re uPa
76/05/20 22:00:23 Uncalibrated 8 kHz NL  -93.6 dB re V
76/05/20 22:00:23 Acoustic NL   34.4 dB re uPa
76/05/20 22:00:33 Uncalibrated 8 kHz NL  -93.6 dB re V
76/05/20 22:00:33 Acoustic NL   34.4 dB re uPa
76/05/20 22:18:31 WISPR SPECTROGRAM STARTED
76/05/20 22:18:31 Fudge factor = 30 dB
76/05/20 22:18:41 First dma buffer ignored, nsamps = 1249280
76/05/20 22:18:51 spectrogram: 1219 time bins, 257 frequency bins
76/05/20 22:18:51 Uncalibrated 8 kHz NL  -93.6 dB re V
76/05/20 22:18:51 Acoustic NL   34.4 dB re uPa
76/05/20 22:19:01 Uncalibrated 8 kHz NL  -93.6 dB re V
76/05/20 22:19:01 Acoustic NL   34.4 dB re uPa
76/05/20 22:19:11 Uncalibrated 8 kHz NL  -93.7 dB re V
76/05/20 22:19:11 Acoustic NL   34.3 dB re uPa
76/05/20 22:19:21 Uncalibrated 8 kHz NL  -93.6 dB re V
76/05/20 22:19:21 Acoustic NL   34.4 dB re uPa
76/05/20 22:19:31 Uncalibrated 8 kHz NL  -93.7 dB re V
76/05/20 22:19:31 Acoustic NL   34.3 dB re uPa
76/05/20 22:19:41 Uncalibrated 8 kHz NL  -93.7 dB re V
76/05/20 22:19:41 Acoustic NL   34.3 dB re uPa
76/05/20 22:37:41 WISPR SPECTROGRAM STARTED
76/05/20 22:37:41 Fudge factor = 30 dB
76/05/20 22:37:51 First dma buffer ignored, nsamps = 1249280
76/05/20 22:38:01 spectrogram: 1219 time bins, 257 frequency bins
76/05/20 22:38:02 Uncalibrated 8 kHz NL  -93.6 dB re V
76/05/20 22:38:02 Acoustic NL   34.4 dB re uPa
76/05/20 22:38:12 Uncalibrated 8 kHz NL  -93.6 dB re V
76/05/20 22:38:12 Acoustic NL   34.4 dB re uPa
76/05/20 22:38:22 Uncalibrated 8 kHz NL  -93.7 dB re V
76/05/20 22:38:22 Acoustic NL   34.3 dB re uPa
76/05/20 22:38:32 Uncalibrated 8 kHz NL  -93.7 dB re V
76/05/20 22:38:32 Acoustic NL   34.3 dB re uPa
76/05/20 22:38:42 Uncalibrated 8 kHz NL  -93.6 dB re V
76/05/20 22:38:42 Acoustic NL   34.4 dB re uPa
76/05/20 22:38:52 Uncalibrated 8 kHz NL  -93.7 dB re V
76/05/20 22:38:52 Acoustic NL   34.3 dB re uPa
76/05/20 22:56:48 WISPR SPECTROGRAM STARTED
76/05/20 22:56:48 Fudge factor = 30 dB
76/05/20 22:56:58 First dma buffer ignored, nsamps = 1249280
76/05/20 22:57:08 spectrogram: 1219 time bins, 257 frequency bins
76/05/20 22:57:09 Uncalibrated 8 kHz NL  -93.6 dB re V
76/05/20 22:57:09 Acoustic NL   34.4 dB re uPa
76/05/20 22:57:19 Uncalibrated 8 kHz NL  -93.6 dB re V
76/05/20 22:57:19 Acoustic NL   34.4 dB re uPa
76/05/20 22:57:29 Uncalibrated 8 kHz NL  -93.6 dB re V
76/05/20 22:57:29 Acoustic NL   34.4 dB re uPa
76/05/20 22:57:39 Uncalibrated 8 kHz NL  -93.6 dB re V
76/05/20 22:57:39 Acoustic NL   34.4 dB re uPa
76/05/20 22:57:49 Uncalibrated 8 kHz NL  -93.7 dB re V
76/05/20 22:57:49 Acoustic NL   34.3 dB re uPa
76/05/20 22:57:59 Uncalibrated 8 kHz NL  -93.6 dB re V
76/05/20 22:57:59 Acoustic NL   34.4 dB re uPa
76/05/20 23:15:57 WISPR SPECTROGRAM STARTED
76/05/20 23:15:57 Fudge factor = 30 dB
76/05/20 23:16:07 First dma buffer ignored, nsamps = 1249280
76/05/20 23:16:17 spectrogram: 1219 time bins, 257 frequency bins
76/05/20 23:16:17 Uncalibrated 8 kHz NL  -93.6 dB re V
76/05/20 23:16:17 Acoustic NL   34.4 dB re uPa
76/05/20 23:16:27 Uncalibrated 8 kHz NL  -93.6 dB re V
76/05/20 23:16:27 Acoustic NL   34.4 dB re uPa
76/05/20 23:16:37 Uncalibrated 8 kHz NL  -93.6 dB re V
76/05/20 23:16:37 Acoustic NL   34.4 dB re uPa
76/05/20 23:16:47 Uncalibrated 8 kHz NL  -93.6 dB re V
76/05/20 23:16:47 Acoustic NL   34.4 dB re uPa
76/05/20 23:16:57 Uncalibrated 8 kHz NL  -93.7 dB re V
76/05/20 23:16:57 Acoustic NL   34.3 dB re uPa
76/05/20 23:17:07 Uncalibrated 8 kHz NL  -93.6 dB re V
76/05/20 23:17:07 Acoustic NL   34.4 dB re uPa
76/05/20 23:35:06 WISPR SPECTROGRAM STARTED
76/05/20 23:35:06 Fudge factor = 30 dB
76/05/20 23:35:16 First dma buffer ignored, nsamps = 1249280
76/05/20 23:35:26 spectrogram: 1219 time bins, 257 frequency bins
76/05/20 23:35:26 Uncalibrated 8 kHz NL  -93.5 dB re V
76/05/20 23:35:26 Acoustic NL   34.5 dB re uPa
76/05/20 23:35:36 Uncalibrated 8 kHz NL  -93.6 dB re V
76/05/20 23:35:36 Acoustic NL   34.4 dB re uPa
76/05/20 23:35:46 Uncalibrated 8 kHz NL  -93.7 dB re V
76/05/20 23:35:46 Acoustic NL   34.3 dB re uPa
76/05/20 23:35:56 Uncalibrated 8 kHz NL  -93.7 dB re V
76/05/20 23:35:56 Acoustic NL   34.3 dB re uPa
76/05/20 23:36:06 Uncalibrated 8 kHz NL  -93.6 dB re V
76/05/20 23:36:06 Acoustic NL   34.4 dB re uPa
76/05/20 23:36:16 Uncalibrated 8 kHz NL  -93.6 dB re V
76/05/20 23:36:16 Acoustic NL   34.4 dB re uPa
76/05/20 23:54:14 WISPR SPECTROGRAM STARTED
76/05/20 23:54:14 Fudge factor = 30 dB
76/05/20 23:54:24 First dma buffer ignored, nsamps = 1249280
76/05/20 23:54:34 spectrogram: 1219 time bins, 257 frequency bins
76/05/20 23:54:35 Uncalibrated 8 kHz NL  -93.6 dB re V
76/05/20 23:54:35 Acoustic NL   34.4 dB re uPa
76/05/20 23:54:45 Uncalibrated 8 kHz NL  -93.6 dB re V
76/05/20 23:54:45 Acoustic NL   34.4 dB re uPa
76/05/20 23:54:55 Uncalibrated 8 kHz NL  -93.6 dB re V
76/05/20 23:54:55 Acoustic NL   34.4 dB re uPa
76/05/20 23:55:05 Uncalibrated 8 kHz NL  -93.6 dB re V
76/05/20 23:55:05 Acoustic NL   34.4 dB re uPa
76/05/20 23:55:15 Uncalibrated 8 kHz NL  -93.6 dB re V
76/05/20 23:55:15 Acoustic NL   34.4 dB re uPa
76/05/20 23:55:25 Uncalibrated 8 kHz NL  -93.6 dB re V
76/05/20 23:55:25 Acoustic NL   34.4 dB re uPa
76/05/21 00:13:22 WISPR SPECTROGRAM STARTED
76/05/21 00:13:22 Fudge factor = 30 dB
76/05/21 00:13:32 First dma buffer ignored, nsamps = 1249280
76/05/21 00:13:42 spectrogram: 1219 time bins, 257 frequency bins
76/05/21 00:13:43 Uncalibrated 8 kHz NL  -93.6 dB re V
76/05/21 00:13:43 Acoustic NL   34.4 dB re uPa
76/05/21 00:13:53 Uncalibrated 8 kHz NL  -93.6 dB re V
76/05/21 00:13:53 Acoustic NL   34.4 dB re uPa
76/05/21 00:14:03 Uncalibrated 8 kHz NL  -93.6 dB re V
76/05/21 00:14:03 Acoustic NL   34.4 dB re uPa
76/05/21 00:14:13 Uncalibrated 8 kHz NL  -93.6 dB re V
76/05/21 00:14:13 Acoustic NL   34.4 dB re uPa
76/05/21 00:14:23 Uncalibrated 8 kHz NL  -92.9 dB re V
76/05/21 00:14:23 Acoustic NL   35.1 dB re uPa
76/05/21 00:14:33 Uncalibrated 8 kHz NL  -92.9 dB re V
76/05/21 00:14:33 Acoustic NL   35.1 dB re uPa
76/05/21 00:32:30 WISPR SPECTROGRAM STARTED
76/05/21 00:32:30 Fudge factor = 30 dB
76/05/21 00:32:40 First dma buffer ignored, nsamps = 1249280
76/05/21 00:32:50 spectrogram: 1219 time bins, 257 frequency bins
76/05/21 00:32:50 Uncalibrated 8 kHz NL  -93.6 dB re V
76/05/21 00:32:50 Acoustic NL   34.4 dB re uPa
76/05/21 00:33:00 Uncalibrated 8 kHz NL  -93.6 dB re V
76/05/21 00:33:00 Acoustic NL   34.4 dB re uPa
76/05/21 00:33:10 Uncalibrated 8 kHz NL  -93.6 dB re V
76/05/21 00:33:10 Acoustic NL   34.4 dB re uPa
76/05/21 00:33:20 Uncalibrated 8 kHz NL  -93.6 dB re V
76/05/21 00:33:20 Acoustic NL   34.4 dB re uPa
76/05/21 00:33:30 Uncalibrated 8 kHz NL  -93.6 dB re V
76/05/21 00:33:30 Acoustic NL   34.4 dB re uPa
76/05/21 00:33:40 Uncalibrated 8 kHz NL  -93.6 dB re V
76/05/21 00:33:40 Acoustic NL   34.4 dB re uPa
76/05/21 00:51:38 WISPR SPECTROGRAM STARTED
76/05/21 00:51:38 Fudge factor = 30 dB
76/05/21 00:51:48 First dma buffer ignored, nsamps = 1249280
76/05/21 00:51:58 spectrogram: 1219 time bins, 257 frequency bins
76/05/21 00:51:58 Uncalibrated 8 kHz NL  -93.6 dB re V
76/05/21 00:51:58 Acoustic NL   34.4 dB re uPa
76/05/21 00:52:08 Uncalibrated 8 kHz NL  -93.6 dB re V
76/05/21 00:52:08 Acoustic NL   34.4 dB re uPa
76/05/21 00:52:18 Uncalibrated 8 kHz NL  -93.6 dB re V
76/05/21 00:52:18 Acoustic NL   34.4 dB re uPa
76/05/21 00:52:28 Uncalibrated 8 kHz NL  -93.6 dB re V
76/05/21 00:52:28 Acoustic NL   34.4 dB re uPa
76/05/21 00:52:38 Uncalibrated 8 kHz NL  -93.6 dB re V
76/05/21 00:52:38 Acoustic NL   34.4 dB re uPa
76/05/21 00:52:48 Uncalibrated 8 kHz NL  -93.6 dB re V
76/05/21 00:52:48 Acoustic NL   34.4 dB re uPa
76/05/21 01:10:46 WISPR SPECTROGRAM STARTED
76/05/21 01:10:46 Fudge factor = 30 dB
76/05/21 01:10:56 First dma buffer ignored, nsamps = 1249280
76/05/21 01:11:06 spectrogram: 1219 time bins, 257 frequency bins
76/05/21 01:11:06 Uncalibrated 8 kHz NL  -93.6 dB re V
76/05/21 01:11:06 Acoustic NL   34.4 dB re uPa
76/05/21 01:11:16 Uncalibrated 8 kHz NL  -93.6 dB re V
76/05/21 01:11:16 Acoustic NL   34.4 dB re uPa
76/05/21 01:11:26 Uncalibrated 8 kHz NL  -93.6 dB re V
76/05/21 01:11:26 Acoustic NL   34.4 dB re uPa
76/05/21 01:11:36 Uncalibrated 8 kHz NL  -93.7 dB re V
76/05/21 01:11:36 Acoustic NL   34.3 dB re uPa
76/05/21 01:11:46 Uncalibrated 8 kHz NL  -93.6 dB re V
76/05/21 01:11:46 Acoustic NL   34.4 dB re uPa
76/05/21 01:11:56 Uncalibrated 8 kHz NL  -93.6 dB re V
76/05/21 01:11:56 Acoustic NL   34.4 dB re uPa
76/05/21 01:29:54 WISPR SPECTROGRAM STARTED
76/05/21 01:29:54 Fudge factor = 30 dB
76/05/21 01:30:04 First dma buffer ignored, nsamps = 1249280
76/05/21 01:30:14 spectrogram: 1219 time bins, 257 frequency bins
76/05/21 01:30:14 Uncalibrated 8 kHz NL  -93.5 dB re V
76/05/21 01:30:14 Acoustic NL   34.5 dB re uPa
76/05/21 01:30:24 Uncalibrated 8 kHz NL  -93.7 dB re V
76/05/21 01:30:24 Acoustic NL   34.3 dB re uPa
76/05/21 01:30:34 Uncalibrated 8 kHz NL  -93.7 dB re V
76/05/21 01:30:34 Acoustic NL   34.3 dB re uPa
76/05/21 01:30:44 Uncalibrated 8 kHz NL  -93.6 dB re V
76/05/21 01:30:44 Acoustic NL   34.4 dB re uPa
76/05/21 01:30:54 Uncalibrated 8 kHz NL  -93.7 dB re V
76/05/21 01:30:54 Acoustic NL   34.3 dB re uPa
76/05/21 01:31:04 Uncalibrated 8 kHz NL  -93.6 dB re V
76/05/21 01:31:04 Acoustic NL   34.4 dB re uPa
76/05/21 01:49:02 WISPR SPECTROGRAM STARTED
76/05/21 01:49:02 Fudge factor = 30 dB
76/05/21 01:49:12 First dma buffer ignored, nsamps = 1249280
76/05/21 01:49:23 spectrogram: 1219 time bins, 257 frequency bins
76/05/21 01:49:23 Uncalibrated 8 kHz NL  -93.7 dB re V
76/05/21 01:49:23 Acoustic NL   34.3 dB re uPa
76/05/21 01:49:33 Uncalibrated 8 kHz NL  -93.6 dB re V
76/05/21 01:49:33 Acoustic NL   34.4 dB re uPa
76/05/21 01:49:43 Uncalibrated 8 kHz NL  -93.7 dB re V
76/05/21 01:49:43 Acoustic NL   34.3 dB re uPa
76/05/21 01:49:53 Uncalibrated 8 kHz NL  -93.6 dB re V
76/05/21 01:49:53 Acoustic NL   34.4 dB re uPa
76/05/21 01:50:03 Uncalibrated 8 kHz NL  -93.6 dB re V
76/05/21 01:50:03 Acoustic NL   34.4 dB re uPa
76/05/21 01:50:13 Uncalibrated 8 kHz NL  -93.6 dB re V
76/05/21 01:50:13 Acoustic NL   34.4 dB re uPa
76/05/21 02:08:14 WISPR SPECTROGRAM STARTED
76/05/21 02:08:14 Fudge factor = 30 dB
76/05/21 02:08:24 First dma buffer ignored, nsamps = 1249280
76/05/21 02:08:34 spectrogram: 1219 time bins, 257 frequency bins
76/05/21 02:08:34 Uncalibrated 8 kHz NL  -93.6 dB re V
76/05/21 02:08:34 Acoustic NL   34.4 dB re uPa
76/05/21 02:08:44 Uncalibrated 8 kHz NL  -93.6 dB re V
76/05/21 02:08:44 Acoustic NL   34.4 dB re uPa
76/05/21 02:08:54 Uncalibrated 8 kHz NL  -93.6 dB re V
76/05/21 02:08:54 Acoustic NL   34.4 dB re uPa
76/05/21 02:09:04 Uncalibrated 8 kHz NL  -93.7 dB re V
76/05/21 02:09:04 Acoustic NL   34.3 dB re uPa
76/05/21 02:09:14 Uncalibrated 8 kHz NL  -93.6 dB re V
76/05/21 02:09:14 Acoustic NL   34.4 dB re uPa
76/05/21 02:09:24 Uncalibrated 8 kHz NL  -93.7 dB re V
76/05/21 02:09:24 Acoustic NL   34.3 dB re uPa
76/05/21 02:27:21 WISPR SPECTROGRAM STARTED
76/05/21 02:27:21 Fudge factor = 30 dB
76/05/21 02:27:31 First dma buffer ignored, nsamps = 1249280
76/05/21 02:27:41 spectrogram: 1219 time bins, 257 frequency bins
76/05/21 02:27:41 Uncalibrated 8 kHz NL  -93.5 dB re V
76/05/21 02:27:41 Acoustic NL   34.5 dB re uPa
76/05/21 02:27:51 Uncalibrated 8 kHz NL  -93.6 dB re V
76/05/21 02:27:51 Acoustic NL   34.4 dB re uPa
76/05/21 02:28:01 Uncalibrated 8 kHz NL  -93.7 dB re V
76/05/21 02:28:01 Acoustic NL   34.3 dB re uPa
76/05/21 02:28:11 Uncalibrated 8 kHz NL  -93.6 dB re V
76/05/21 02:28:11 Acoustic NL   34.4 dB re uPa
76/05/21 02:28:21 Uncalibrated 8 kHz NL  -93.6 dB re V
76/05/21 02:28:21 Acoustic NL   34.4 dB re uPa
76/05/21 02:28:31 Uncalibrated 8 kHz NL  -93.7 dB re V
76/05/21 02:28:31 Acoustic NL   34.3 dB re uPa
76/05/21 02:46:30 WISPR SPECTROGRAM STARTED
76/05/21 02:46:30 Fudge factor = 30 dB
76/05/21 02:46:40 First dma buffer ignored, nsamps = 1249280
76/05/21 02:46:50 spectrogram: 1219 time bins, 257 frequency bins
76/05/21 02:46:50 Uncalibrated 8 kHz NL  -93.6 dB re V
76/05/21 02:46:50 Acoustic NL   34.4 dB re uPa
76/05/21 02:47:00 Uncalibrated 8 kHz NL  -93.6 dB re V
76/05/21 02:47:00 Acoustic NL   34.4 dB re uPa
76/05/21 02:47:10 Uncalibrated 8 kHz NL  -93.7 dB re V
76/05/21 02:47:10 Acoustic NL   34.3 dB re uPa
76/05/21 02:47:20 Uncalibrated 8 kHz NL  -93.6 dB re V
76/05/21 02:47:20 Acoustic NL   34.4 dB re uPa
76/05/21 02:47:30 Uncalibrated 8 kHz NL  -93.7 dB re V
76/05/21 02:47:30 Acoustic NL   34.3 dB re uPa
76/05/21 02:47:40 Uncalibrated 8 kHz NL  -93.7 dB re V
76/05/21 02:47:40 Acoustic NL   34.3 dB re uPa
76/05/21 03:05:38 WISPR SPECTROGRAM STARTED
76/05/21 03:05:38 Fudge factor = 30 dB
76/05/21 03:05:48 First dma buffer ignored, nsamps = 1249280
76/05/21 03:05:58 spectrogram: 1219 time bins, 257 frequency bins
76/05/21 03:05:59 Uncalibrated 8 kHz NL  -93.6 dB re V
76/05/21 03:05:59 Acoustic NL   34.4 dB re uPa
76/05/21 03:06:09 Uncalibrated 8 kHz NL  -93.6 dB re V
76/05/21 03:06:09 Acoustic NL   34.4 dB re uPa
76/05/21 03:06:19 Uncalibrated 8 kHz NL  -93.6 dB re V
76/05/21 03:06:19 Acoustic NL   34.4 dB re uPa
76/05/21 03:06:29 Uncalibrated 8 kHz NL  -93.7 dB re V
76/05/21 03:06:29 Acoustic NL   34.3 dB re uPa
76/05/21 03:06:39 Uncalibrated 8 kHz NL  -93.6 dB re V
76/05/21 03:06:39 Acoustic NL   34.4 dB re uPa
76/05/21 03:06:49 Uncalibrated 8 kHz NL  -93.6 dB re V
76/05/21 03:06:49 Acoustic NL   34.4 dB re uPa
76/05/21 03:24:47 WISPR SPECTROGRAM STARTED
76/05/21 03:24:47 Fudge factor = 30 dB
76/05/21 03:24:57 First dma buffer ignored, nsamps = 1249280
76/05/21 03:25:07 spectrogram: 1219 time bins, 257 frequency bins
76/05/21 03:25:08 Uncalibrated 8 kHz NL  -93.5 dB re V
76/05/21 03:25:08 Acoustic NL   34.5 dB re uPa
76/05/21 03:25:18 Uncalibrated 8 kHz NL  -93.6 dB re V
76/05/21 03:25:18 Acoustic NL   34.4 dB re uPa
76/05/21 03:25:28 Uncalibrated 8 kHz NL  -93.6 dB re V
76/05/21 03:25:28 Acoustic NL   34.4 dB re uPa
76/05/21 03:25:38 Uncalibrated 8 kHz NL  -93.7 dB re V
76/05/21 03:25:38 Acoustic NL   34.3 dB re uPa
76/05/21 03:25:48 Uncalibrated 8 kHz NL  -93.7 dB re V
76/05/21 03:25:48 Acoustic NL   34.3 dB re uPa
76/05/21 03:25:58 Uncalibrated 8 kHz NL  -93.6 dB re V
76/05/21 03:25:58 Acoustic NL   34.4 dB re uPa
76/05/21 03:43:55 WISPR SPECTROGRAM STARTED
76/05/21 03:43:55 Fudge factor = 30 dB
76/05/21 03:44:05 First dma buffer ignored, nsamps = 1249280
76/05/21 03:44:15 spectrogram: 1219 time bins, 257 frequency bins
76/05/21 03:44:16 Uncalibrated 8 kHz NL  -93.6 dB re V
76/05/21 03:44:16 Acoustic NL   34.4 dB re uPa
76/05/21 03:44:26 Uncalibrated 8 kHz NL  -93.6 dB re V
76/05/21 03:44:26 Acoustic NL   34.4 dB re uPa
76/05/21 03:44:36 Uncalibrated 8 kHz NL  -93.6 dB re V
76/05/21 03:44:36 Acoustic NL   34.4 dB re uPa
76/05/21 03:44:46 Uncalibrated 8 kHz NL  -93.7 dB re V
76/05/21 03:44:46 Acoustic NL   34.3 dB re uPa
76/05/21 03:44:56 Uncalibrated 8 kHz NL  -93.6 dB re V
76/05/21 03:44:56 Acoustic NL   34.4 dB re uPa
76/05/21 03:45:06 Uncalibrated 8 kHz NL  -93.6 dB re V
76/05/21 03:45:06 Acoustic NL   34.4 dB re uPa
76/05/21 04:03:03 WISPR SPECTROGRAM STARTED
76/05/21 04:03:03 Fudge factor = 30 dB
76/05/21 04:03:13 First dma buffer ignored, nsamps = 1249280
76/05/21 04:03:23 spectrogram: 1219 time bins, 257 frequency bins
76/05/21 04:03:23 Uncalibrated 8 kHz NL  -93.6 dB re V
76/05/21 04:03:23 Acoustic NL   34.4 dB re uPa
76/05/21 04:03:33 Uncalibrated 8 kHz NL  -93.6 dB re V
76/05/21 04:03:33 Acoustic NL   34.4 dB re uPa
76/05/21 04:03:43 Uncalibrated 8 kHz NL  -93.6 dB re V
76/05/21 04:03:43 Acoustic NL   34.4 dB re uPa
76/05/21 04:03:53 Uncalibrated 8 kHz NL  -93.7 dB re V
76/05/21 04:03:53 Acoustic NL   34.3 dB re uPa
76/05/21 04:04:03 Uncalibrated 8 kHz NL  -93.6 dB re V
76/05/21 04:04:03 Acoustic NL   34.4 dB re uPa
76/05/21 04:04:13 Uncalibrated 8 kHz NL  -93.6 dB re V
76/05/21 04:04:13 Acoustic NL   34.4 dB re uPa
76/05/21 04:22:12 WISPR SPECTROGRAM STARTED
76/05/21 04:22:12 Fudge factor = 30 dB
76/05/21 04:22:22 First dma buffer ignored, nsamps = 1249280
76/05/21 04:22:32 spectrogram: 1219 time bins, 257 frequency bins
76/05/21 04:22:32 Uncalibrated 8 kHz NL  -93.6 dB re V
76/05/21 04:22:32 Acoustic NL   34.4 dB re uPa
76/05/21 04:22:42 Uncalibrated 8 kHz NL  -93.6 dB re V
76/05/21 04:22:42 Acoustic NL   34.4 dB re uPa
76/05/21 04:22:52 Uncalibrated 8 kHz NL  -93.6 dB re V
76/05/21 04:22:52 Acoustic NL   34.4 dB re uPa
76/05/21 04:23:02 Uncalibrated 8 kHz NL  -93.6 dB re V
76/05/21 04:23:02 Acoustic NL   34.4 dB re uPa
76/05/21 04:23:12 Uncalibrated 8 kHz NL  -93.6 dB re V
76/05/21 04:23:12 Acoustic NL   34.4 dB re uPa
76/05/21 04:23:22 Uncalibrated 8 kHz NL  -93.6 dB re V
76/05/21 04:23:22 Acoustic NL   34.4 dB re uPa
76/05/21 04:41:19 WISPR SPECTROGRAM STARTED
76/05/21 04:41:19 Fudge factor = 30 dB
76/05/21 04:41:30 First dma buffer ignored, nsamps = 1249280
76/05/21 04:41:40 spectrogram: 1219 time bins, 257 frequency bins
76/05/21 04:41:40 Uncalibrated 8 kHz NL  -93.6 dB re V
76/05/21 04:41:40 Acoustic NL   34.4 dB re uPa
76/05/21 04:41:50 Uncalibrated 8 kHz NL  -93.6 dB re V
76/05/21 04:41:50 Acoustic NL   34.4 dB re uPa
76/05/21 04:42:00 Uncalibrated 8 kHz NL  -93.6 dB re V
76/05/21 04:42:00 Acoustic NL   34.4 dB re uPa
76/05/21 04:42:10 Uncalibrated 8 kHz NL  -93.6 dB re V
76/05/21 04:42:10 Acoustic NL   34.4 dB re uPa
76/05/21 04:42:20 Uncalibrated 8 kHz NL  -93.7 dB re V
76/05/21 04:42:20 Acoustic NL   34.3 dB re uPa
76/05/21 04:42:30 Uncalibrated 8 kHz NL  -93.6 dB re V
76/05/21 04:42:30 Acoustic NL   34.4 dB re uPa
76/05/21 05:00:29 WISPR SPECTROGRAM STARTED
76/05/21 05:00:29 Fudge factor = 30 dB
76/05/21 05:00:39 First dma buffer ignored, nsamps = 1249280
76/05/21 05:00:49 spectrogram: 1219 time bins, 257 frequency bins
76/05/21 05:00:50 Uncalibrated 8 kHz NL  -93.6 dB re V
76/05/21 05:00:50 Acoustic NL   34.4 dB re uPa
76/05/21 05:01:00 Uncalibrated 8 kHz NL  -93.6 dB re V
76/05/21 05:01:00 Acoustic NL   34.4 dB re uPa
76/05/21 05:01:10 Uncalibrated 8 kHz NL  -93.6 dB re V
76/05/21 05:01:10 Acoustic NL   34.4 dB re uPa
76/05/21 05:01:20 Uncalibrated 8 kHz NL  -93.7 dB re V
76/05/21 05:01:20 Acoustic NL   34.3 dB re uPa
76/05/21 05:01:30 Uncalibrated 8 kHz NL  -93.6 dB re V
76/05/21 05:01:30 Acoustic NL   34.4 dB re uPa
76/05/21 05:01:40 Uncalibrated 8 kHz NL  -93.6 dB re V
76/05/21 05:01:40 Acoustic NL   34.4 dB re uPa
76/05/21 05:19:36 WISPR SPECTROGRAM STARTED
76/05/21 05:19:36 Fudge factor = 30 dB
76/05/21 05:19:46 First dma buffer ignored, nsamps = 1249280
76/05/21 05:19:56 spectrogram: 1219 time bins, 257 frequency bins
76/05/21 05:19:57 Uncalibrated 8 kHz NL  -93.5 dB re V
76/05/21 05:19:57 Acoustic NL   34.5 dB re uPa
76/05/21 05:20:07 Uncalibrated 8 kHz NL  -93.6 dB re V
76/05/21 05:20:07 Acoustic NL   34.4 dB re uPa
76/05/21 05:20:17 Uncalibrated 8 kHz NL  -93.7 dB re V
76/05/21 05:20:17 Acoustic NL   34.3 dB re uPa
76/05/21 05:20:27 Uncalibrated 8 kHz NL  -93.6 dB re V
76/05/21 05:20:27 Acoustic NL   34.4 dB re uPa
76/05/21 05:20:37 Uncalibrated 8 kHz NL  -93.7 dB re V
76/05/21 05:20:37 Acoustic NL   34.3 dB re uPa
76/05/21 05:20:47 Uncalibrated 8 kHz NL  -93.6 dB re V
76/05/21 05:20:47 Acoustic NL   34.4 dB re uPa
76/05/21 05:38:46 WISPR SPECTROGRAM STARTED
76/05/21 05:38:46 Fudge factor = 30 dB
76/05/21 05:38:56 First dma buffer ignored, nsamps = 1249280
76/05/21 05:39:06 spectrogram: 1219 time bins, 257 frequency bins
76/05/21 05:39:07 Uncalibrated 8 kHz NL  -93.6 dB re V
76/05/21 05:39:07 Acoustic NL   34.4 dB re uPa
76/05/21 05:39:17 Uncalibrated 8 kHz NL  -93.6 dB re V
76/05/21 05:39:17 Acoustic NL   34.4 dB re uPa
76/05/21 05:39:27 Uncalibrated 8 kHz NL  -93.6 dB re V
76/05/21 05:39:27 Acoustic NL   34.4 dB re uPa
76/05/21 05:39:37 Uncalibrated 8 kHz NL  -93.6 dB re V
76/05/21 05:39:37 Acoustic NL   34.4 dB re uPa
76/05/21 05:39:47 Uncalibrated 8 kHz NL  -93.6 dB re V
76/05/21 05:39:47 Acoustic NL   34.4 dB re uPa
76/05/21 05:39:57 Uncalibrated 8 kHz NL  -93.6 dB re V
76/05/21 05:39:57 Acoustic NL   34.4 dB re uPa
76/05/21 05:57:56 WISPR SPECTROGRAM STARTED
76/05/21 05:57:56 Fudge factor = 30 dB
76/05/21 05:58:06 First dma buffer ignored, nsamps = 1249280
76/05/21 05:58:16 spectrogram: 1219 time bins, 257 frequency bins
76/05/21 05:58:17 Uncalibrated 8 kHz NL  -93.6 dB re V
76/05/21 05:58:17 Acoustic NL   34.4 dB re uPa
76/05/21 05:58:27 Uncalibrated 8 kHz NL  -93.6 dB re V
76/05/21 05:58:27 Acoustic NL   34.4 dB re uPa
76/05/21 05:58:37 Uncalibrated 8 kHz NL  -93.7 dB re V
76/05/21 05:58:37 Acoustic NL   34.3 dB re uPa
76/05/21 05:58:47 Uncalibrated 8 kHz NL  -93.6 dB re V
76/05/21 05:58:47 Acoustic NL   34.4 dB re uPa
76/05/21 05:58:57 Uncalibrated 8 kHz NL  -93.6 dB re V
76/05/21 05:58:57 Acoustic NL   34.4 dB re uPa
76/05/21 05:59:07 Uncalibrated 8 kHz NL  -93.6 dB re V
76/05/21 05:59:07 Acoustic NL   34.4 dB re uPa
76/05/21 06:17:05 WISPR SPECTROGRAM STARTED
76/05/21 06:17:05 Fudge factor = 30 dB
76/05/21 06:17:15 First dma buffer ignored, nsamps = 1249280
76/05/21 06:17:25 spectrogram: 1219 time bins, 257 frequency bins
76/05/21 06:17:26 Uncalibrated 8 kHz NL  -93.6 dB re V
76/05/21 06:17:26 Acoustic NL   34.4 dB re uPa
76/05/21 06:17:36 Uncalibrated 8 kHz NL  -93.6 dB re V
76/05/21 06:17:36 Acoustic NL   34.4 dB re uPa
76/05/21 06:17:46 Uncalibrated 8 kHz NL  -93.7 dB re V
76/05/21 06:17:46 Acoustic NL   34.3 dB re uPa
76/05/21 06:17:56 Uncalibrated 8 kHz NL  -93.6 dB re V
76/05/21 06:17:56 Acoustic NL   34.4 dB re uPa
76/05/21 06:18:06 Uncalibrated 8 kHz NL  -93.6 dB re V
76/05/21 06:18:06 Acoustic NL   34.4 dB re uPa
76/05/21 06:18:16 Uncalibrated 8 kHz NL  -93.6 dB re V
76/05/21 06:18:16 Acoustic NL   34.4 dB re uPa
76/05/21 06:36:13 WISPR SPECTROGRAM STARTED
76/05/21 06:36:13 Fudge factor = 30 dB
76/05/21 06:36:23 First dma buffer ignored, nsamps = 1249280
76/05/21 06:36:33 spectrogram: 1219 time bins, 257 frequency bins
76/05/21 06:36:33 Uncalibrated 8 kHz NL  -93.6 dB re V
76/05/21 06:36:33 Acoustic NL   34.4 dB re uPa
76/05/21 06:36:43 Uncalibrated 8 kHz NL  -93.6 dB re V
76/05/21 06:36:43 Acoustic NL   34.4 dB re uPa
76/05/21 06:36:53 Uncalibrated 8 kHz NL  -93.6 dB re V
76/05/21 06:36:53 Acoustic NL   34.4 dB re uPa
76/05/21 06:37:03 Uncalibrated 8 kHz NL  -93.6 dB re V
76/05/21 06:37:03 Acoustic NL   34.4 dB re uPa
76/05/21 06:37:13 Uncalibrated 8 kHz NL  -93.6 dB re V
76/05/21 06:37:13 Acoustic NL   34.4 dB re uPa
76/05/21 06:37:23 Uncalibrated 8 kHz NL  -93.6 dB re V
76/05/21 06:37:23 Acoustic NL   34.4 dB re uPa
76/05/21 06:55:22 WISPR SPECTROGRAM STARTED
76/05/21 06:55:22 Fudge factor = 30 dB
76/05/21 06:55:32 First dma buffer ignored, nsamps = 1249280
76/05/21 06:55:42 spectrogram: 1219 time bins, 257 frequency bins
76/05/21 06:55:43 Uncalibrated 8 kHz NL  -93.6 dB re V
76/05/21 06:55:43 Acoustic NL   34.4 dB re uPa
76/05/21 06:55:53 Uncalibrated 8 kHz NL  -93.6 dB re V
76/05/21 06:55:53 Acoustic NL   34.4 dB re uPa
76/05/21 06:56:03 Uncalibrated 8 kHz NL  -93.6 dB re V
76/05/21 06:56:03 Acoustic NL   34.4 dB re uPa
76/05/21 06:56:13 Uncalibrated 8 kHz NL  -93.7 dB re V
76/05/21 06:56:13 Acoustic NL   34.3 dB re uPa
76/05/21 06:56:23 Uncalibrated 8 kHz NL  -93.6 dB re V
76/05/21 06:56:23 Acoustic NL   34.4 dB re uPa
76/05/21 06:56:33 Uncalibrated 8 kHz NL  -93.6 dB re V
76/05/21 06:56:33 Acoustic NL   34.4 dB re uPa
76/05/21 07:14:30 WISPR SPECTROGRAM STARTED
76/05/21 07:14:30 Fudge factor = 30 dB
76/05/21 07:14:40 First dma buffer ignored, nsamps = 1249280
76/05/21 07:14:50 spectrogram: 1219 time bins, 257 frequency bins
76/05/21 07:14:51 Uncalibrated 8 kHz NL  -93.5 dB re V
76/05/21 07:14:51 Acoustic NL   34.5 dB re uPa
76/05/21 07:15:01 Uncalibrated 8 kHz NL  -93.6 dB re V
76/05/21 07:15:01 Acoustic NL   34.4 dB re uPa
76/05/21 07:15:11 Uncalibrated 8 kHz NL  -93.6 dB re V
76/05/21 07:15:11 Acoustic NL   34.4 dB re uPa
76/05/21 07:15:21 Uncalibrated 8 kHz NL  -93.7 dB re V
76/05/21 07:15:21 Acoustic NL   34.3 dB re uPa
76/05/21 07:15:31 Uncalibrated 8 kHz NL  -93.6 dB re V
76/05/21 07:15:31 Acoustic NL   34.4 dB re uPa
76/05/21 07:15:41 Uncalibrated 8 kHz NL  -93.6 dB re V
76/05/21 07:15:41 Acoustic NL   34.4 dB re uPa
76/05/21 07:33:37 WISPR SPECTROGRAM STARTED
76/05/21 07:33:37 Fudge factor = 30 dB
76/05/21 07:33:47 First dma buffer ignored, nsamps = 1249280
76/05/21 07:33:57 spectrogram: 1219 time bins, 257 frequency bins
76/05/21 07:33:57 Uncalibrated 8 kHz NL  -93.5 dB re V
76/05/21 07:33:57 Acoustic NL   34.5 dB re uPa
76/05/21 07:34:07 Uncalibrated 8 kHz NL  -93.5 dB re V
76/05/21 07:34:07 Acoustic NL   34.5 dB re uPa
76/05/21 07:34:17 Uncalibrated 8 kHz NL  -93.6 dB re V
76/05/21 07:34:17 Acoustic NL   34.4 dB re uPa
76/05/21 07:34:27 Uncalibrated 8 kHz NL  -93.6 dB re V
76/05/21 07:34:27 Acoustic NL   34.4 dB re uPa
76/05/21 07:34:37 Uncalibrated 8 kHz NL  -93.6 dB re V
76/05/21 07:34:37 Acoustic NL   34.4 dB re uPa
76/05/21 07:34:47 Uncalibrated 8 kHz NL  -93.6 dB re V
76/05/21 07:34:47 Acoustic NL   34.4 dB re uPa
76/05/21 07:52:47 WISPR SPECTROGRAM STARTED
76/05/21 07:52:47 Fudge factor = 30 dB
76/05/21 07:52:57 First dma buffer ignored, nsamps = 1249280
76/05/21 07:53:07 spectrogram: 1219 time bins, 257 frequency bins
76/05/21 07:53:07 Uncalibrated 8 kHz NL  -93.6 dB re V
76/05/21 07:53:07 Acoustic NL   34.4 dB re uPa
76/05/21 07:53:17 Uncalibrated 8 kHz NL  -93.6 dB re V
76/05/21 07:53:17 Acoustic NL   34.4 dB re uPa
76/05/21 07:53:27 Uncalibrated 8 kHz NL  -93.6 dB re V
76/05/21 07:53:27 Acoustic NL   34.4 dB re uPa
76/05/21 07:53:37 Uncalibrated 8 kHz NL  -93.7 dB re V
76/05/21 07:53:37 Acoustic NL   34.3 dB re uPa
76/05/21 07:53:47 Uncalibrated 8 kHz NL  -93.7 dB re V
76/05/21 07:53:47 Acoustic NL   34.3 dB re uPa
76/05/21 07:53:57 Uncalibrated 8 kHz NL  -93.6 dB re V
76/05/21 07:53:57 Acoustic NL   34.4 dB re uPa
76/05/21 08:11:55 WISPR SPECTROGRAM STARTED
76/05/21 08:11:55 Fudge factor = 30 dB
76/05/21 08:12:05 First dma buffer ignored, nsamps = 1249280
76/05/21 08:12:15 spectrogram: 1219 time bins, 257 frequency bins
76/05/21 08:12:16 Uncalibrated 8 kHz NL  -93.6 dB re V
76/05/21 08:12:16 Acoustic NL   34.4 dB re uPa
76/05/21 08:12:26 Uncalibrated 8 kHz NL  -93.6 dB re V
76/05/21 08:12:26 Acoustic NL   34.4 dB re uPa
76/05/21 08:12:36 Uncalibrated 8 kHz NL  -93.6 dB re V
76/05/21 08:12:36 Acoustic NL   34.4 dB re uPa
76/05/21 08:12:46 Uncalibrated 8 kHz NL  -93.6 dB re V
76/05/21 08:12:46 Acoustic NL   34.4 dB re uPa
76/05/21 08:12:55 Uncalibrated 8 kHz NL  -93.6 dB re V
76/05/21 08:12:55 Acoustic NL   34.4 dB re uPa
76/05/21 08:13:05 Uncalibrated 8 kHz NL  -93.7 dB re V
76/05/21 08:13:05 Acoustic NL   34.3 dB re uPa
76/05/21 08:31:03 WISPR SPECTROGRAM STARTED
76/05/21 08:31:03 Fudge factor = 30 dB
76/05/21 08:31:13 First dma buffer ignored, nsamps = 1249280
76/05/21 08:31:23 spectrogram: 1219 time bins, 257 frequency bins
76/05/21 08:31:24 Uncalibrated 8 kHz NL  -93.5 dB re V
76/05/21 08:31:24 Acoustic NL   34.5 dB re uPa
76/05/21 08:31:34 Uncalibrated 8 kHz NL  -93.7 dB re V
76/05/21 08:31:34 Acoustic NL   34.3 dB re uPa
76/05/21 08:31:44 Uncalibrated 8 kHz NL  -93.6 dB re V
76/05/21 08:31:44 Acoustic NL   34.4 dB re uPa
76/05/21 08:31:54 Uncalibrated 8 kHz NL  -93.6 dB re V
76/05/21 08:31:54 Acoustic NL   34.4 dB re uPa
76/05/21 08:32:04 Uncalibrated 8 kHz NL  -93.6 dB re V
76/05/21 08:32:04 Acoustic NL   34.4 dB re uPa
76/05/21 08:32:14 Uncalibrated 8 kHz NL  -93.6 dB re V
76/05/21 08:32:14 Acoustic NL   34.4 dB re uPa
76/05/21 08:50:11 WISPR SPECTROGRAM STARTED
76/05/21 08:50:11 Fudge factor = 30 dB
76/05/21 08:50:21 First dma buffer ignored, nsamps = 1249280
76/05/21 08:50:31 spectrogram: 1219 time bins, 257 frequency bins
76/05/21 08:50:31 Uncalibrated 8 kHz NL  -93.6 dB re V
76/05/21 08:50:31 Acoustic NL   34.4 dB re uPa
76/05/21 08:50:41 Uncalibrated 8 kHz NL  -93.7 dB re V
76/05/21 08:50:41 Acoustic NL   34.3 dB re uPa
76/05/21 08:50:51 Uncalibrated 8 kHz NL  -93.6 dB re V
76/05/21 08:50:51 Acoustic NL   34.4 dB re uPa
76/05/21 08:51:01 Uncalibrated 8 kHz NL  -93.7 dB re V
76/05/21 08:51:01 Acoustic NL   34.3 dB re uPa
76/05/21 08:51:11 Uncalibrated 8 kHz NL  -93.7 dB re V
76/05/21 08:51:11 Acoustic NL   34.3 dB re uPa
76/05/21 08:51:21 Uncalibrated 8 kHz NL  -93.6 dB re V
76/05/21 08:51:21 Acoustic NL   34.4 dB re uPa
76/05/21 09:09:21 WISPR SPECTROGRAM STARTED
76/05/21 09:09:21 Fudge factor = 30 dB
76/05/21 09:09:31 First dma buffer ignored, nsamps = 1249280
76/05/21 09:09:41 spectrogram: 1219 time bins, 257 frequency bins
76/05/21 09:09:42 Uncalibrated 8 kHz NL  -93.6 dB re V
76/05/21 09:09:42 Acoustic NL   34.4 dB re uPa
76/05/21 09:09:52 Uncalibrated 8 kHz NL  -93.7 dB re V
76/05/21 09:09:52 Acoustic NL   34.3 dB re uPa
76/05/21 09:10:02 Uncalibrated 8 kHz NL  -93.6 dB re V
76/05/21 09:10:02 Acoustic NL   34.4 dB re uPa
76/05/21 09:10:12 Uncalibrated 8 kHz NL  -93.6 dB re V
76/05/21 09:10:12 Acoustic NL   34.4 dB re uPa
76/05/21 09:10:22 Uncalibrated 8 kHz NL  -93.7 dB re V
76/05/21 09:10:22 Acoustic NL   34.3 dB re uPa
76/05/21 09:10:32 Uncalibrated 8 kHz NL  -93.6 dB re V
76/05/21 09:10:32 Acoustic NL   34.4 dB re uPa
76/05/21 09:28:30 WISPR SPECTROGRAM STARTED
76/05/21 09:28:30 Fudge factor = 30 dB
76/05/21 09:28:40 First dma buffer ignored, nsamps = 1249280
76/05/21 09:28:50 spectrogram: 1219 time bins, 257 frequency bins
76/05/21 09:28:51 Uncalibrated 8 kHz NL  -93.6 dB re V
76/05/21 09:28:51 Acoustic NL   34.4 dB re uPa
76/05/21 09:29:01 Uncalibrated 8 kHz NL  -93.6 dB re V
76/05/21 09:29:01 Acoustic NL   34.4 dB re uPa
76/05/21 09:29:11 Uncalibrated 8 kHz NL  -93.6 dB re V
76/05/21 09:29:11 Acoustic NL   34.4 dB re uPa
76/05/21 09:29:21 Uncalibrated 8 kHz NL  -93.6 dB re V
76/05/21 09:29:21 Acoustic NL   34.4 dB re uPa
76/05/21 09:29:31 Uncalibrated 8 kHz NL  -93.6 dB re V
76/05/21 09:29:31 Acoustic NL   34.4 dB re uPa
76/05/21 09:29:41 Uncalibrated 8 kHz NL  -93.7 dB re V
76/05/21 09:29:41 Acoustic NL   34.3 dB re uPa
76/05/21 09:47:38 WISPR SPECTROGRAM STARTED
76/05/21 09:47:38 Fudge factor = 30 dB
76/05/21 09:47:48 First dma buffer ignored, nsamps = 1249280
76/05/21 09:47:58 spectrogram: 1219 time bins, 257 frequency bins
76/05/21 09:47:59 Uncalibrated 8 kHz NL  -93.6 dB re V
76/05/21 09:47:59 Acoustic NL   34.4 dB re uPa
76/05/21 09:48:09 Uncalibrated 8 kHz NL  -93.6 dB re V
76/05/21 09:48:09 Acoustic NL   34.4 dB re uPa
76/05/21 09:48:18 Uncalibrated 8 kHz NL  -93.6 dB re V
76/05/21 09:48:18 Acoustic NL   34.4 dB re uPa
76/05/21 09:48:28 Uncalibrated 8 kHz NL  -93.6 dB re V
76/05/21 09:48:28 Acoustic NL   34.4 dB re uPa
76/05/21 09:48:38 Uncalibrated 8 kHz NL  -93.6 dB re V
76/05/21 09:48:38 Acoustic NL   34.4 dB re uPa
76/05/21 09:48:48 Uncalibrated 8 kHz NL  -93.6 dB re V
76/05/21 09:48:48 Acoustic NL   34.4 dB re uPa
76/05/21 10:06:47 WISPR SPECTROGRAM STARTED
76/05/21 10:06:47 Fudge factor = 30 dB
76/05/21 10:06:57 First dma buffer ignored, nsamps = 1249280
76/05/21 10:07:07 spectrogram: 1219 time bins, 257 frequency bins
76/05/21 10:07:07 Uncalibrated 8 kHz NL  -93.6 dB re V
76/05/21 10:07:07 Acoustic NL   34.4 dB re uPa
76/05/21 10:07:17 Uncalibrated 8 kHz NL  -93.7 dB re V
76/05/21 10:07:17 Acoustic NL   34.3 dB re uPa
76/05/21 10:07:27 Uncalibrated 8 kHz NL  -93.7 dB re V
76/05/21 10:07:27 Acoustic NL   34.3 dB re uPa
76/05/21 10:07:37 Uncalibrated 8 kHz NL  -93.6 dB re V
76/05/21 10:07:37 Acoustic NL   34.4 dB re uPa
76/05/21 10:07:47 Uncalibrated 8 kHz NL  -93.7 dB re V
76/05/21 10:07:47 Acoustic NL   34.3 dB re uPa
76/05/21 10:07:57 Uncalibrated 8 kHz NL  -93.6 dB re V
76/05/21 10:07:57 Acoustic NL   34.4 dB re uPa
76/05/21 10:55:38 WISPR SPECTROGRAM STARTED
76/05/21 10:55:38 Fudge factor = 30 dB
76/05/21 10:55:48 First dma buffer ignored, nsamps = 1249280
76/05/21 10:55:58 spectrogram: 1219 time bins, 257 frequency bins
76/05/21 10:55:59 Uncalibrated 8 kHz NL  -93.6 dB re V
76/05/21 10:55:59 Acoustic NL   34.4 dB re uPa
76/05/21 10:56:09 Uncalibrated 8 kHz NL  -93.6 dB re V
76/05/21 10:56:09 Acoustic NL   34.4 dB re uPa
76/05/21 10:56:19 Uncalibrated 8 kHz NL  -93.6 dB re V
76/05/21 10:56:19 Acoustic NL   34.4 dB re uPa
76/05/21 10:56:29 Uncalibrated 8 kHz NL  -93.6 dB re V
76/05/21 10:56:29 Acoustic NL   34.4 dB re uPa
76/05/21 10:56:39 Uncalibrated 8 kHz NL  -93.6 dB re V
76/05/21 10:56:39 Acoustic NL   34.4 dB re uPa
76/05/21 10:56:49 Uncalibrated 8 kHz NL  -93.6 dB re V
76/05/21 10:56:49 Acoustic NL   34.4 dB re uPa
76/05/21 11:56:33 WISPR SPECTROGRAM STARTED
76/05/21 11:56:33 Fudge factor = 30 dB
76/05/21 11:56:43 First dma buffer ignored, nsamps = 1249280
76/05/21 11:56:53 spectrogram: 1219 time bins, 257 frequency bins
76/05/21 11:56:54 Uncalibrated 8 kHz NL  -93.7 dB re V
76/05/21 11:56:54 Acoustic NL   34.3 dB re uPa
76/05/21 11:57:04 Uncalibrated 8 kHz NL  -93.7 dB re V
76/05/21 11:57:04 Acoustic NL   34.3 dB re uPa
76/05/21 11:57:14 Uncalibrated 8 kHz NL  -93.6 dB re V
76/05/21 11:57:14 Acoustic NL   34.4 dB re uPa
76/05/21 11:57:24 Uncalibrated 8 kHz NL  -93.6 dB re V
76/05/21 11:57:24 Acoustic NL   34.4 dB re uPa
76/05/21 11:57:34 Uncalibrated 8 kHz NL  -93.6 dB re V
76/05/21 11:57:34 Acoustic NL   34.4 dB re uPa
76/05/21 11:57:44 Uncalibrated 8 kHz NL  -93.7 dB re V
76/05/21 11:57:44 Acoustic NL   34.3 dB re uPa
76/05/21 12:05:23 WISPR SPECTROGRAM STARTED
76/05/21 12:05:23 Fudge factor = 30 dB
76/05/21 12:05:33 First dma buffer ignored, nsamps = 1249280
76/05/21 12:05:43 spectrogram: 1219 time bins, 257 frequency bins
76/05/21 12:05:44 Uncalibrated 8 kHz NL  -93.6 dB re V
76/05/21 12:05:44 Acoustic NL   34.4 dB re uPa
76/05/21 12:05:54 Uncalibrated 8 kHz NL  -93.6 dB re V
76/05/21 12:05:54 Acoustic NL   34.4 dB re uPa
76/05/21 12:06:04 Uncalibrated 8 kHz NL  -93.6 dB re V
76/05/21 12:06:04 Acoustic NL   34.4 dB re uPa
76/05/21 12:06:14 Uncalibrated 8 kHz NL  -93.6 dB re V
76/05/21 12:06:14 Acoustic NL   34.4 dB re uPa
76/05/21 12:06:24 Uncalibrated 8 kHz NL  -93.6 dB re V
76/05/21 12:06:24 Acoustic NL   34.4 dB re uPa
76/05/21 12:06:34 Uncalibrated 8 kHz NL  -93.6 dB re V
76/05/21 12:06:34 Acoustic NL   34.4 dB re uPa
76/05/21 12:14:14 WISPR SPECTROGRAM STARTED
76/05/21 12:14:14 Fudge factor = 30 dB
76/05/21 12:14:24 First dma buffer ignored, nsamps = 1249280
76/05/21 12:14:35 spectrogram: 1219 time bins, 257 frequency bins
76/05/21 12:14:35 Uncalibrated 8 kHz NL  -93.6 dB re V
76/05/21 12:14:35 Acoustic NL   34.4 dB re uPa
76/05/21 12:14:45 Uncalibrated 8 kHz NL  -93.6 dB re V
76/05/21 12:14:45 Acoustic NL   34.4 dB re uPa
76/05/21 12:14:55 Uncalibrated 8 kHz NL  -93.6 dB re V
76/05/21 12:14:55 Acoustic NL   34.4 dB re uPa
76/05/21 12:15:05 Uncalibrated 8 kHz NL  -93.6 dB re V
76/05/21 12:15:05 Acoustic NL   34.4 dB re uPa
76/05/21 12:15:15 Uncalibrated 8 kHz NL  -93.6 dB re V
76/05/21 12:15:15 Acoustic NL   34.4 dB re uPa
76/05/21 12:15:25 Uncalibrated 8 kHz NL  -93.7 dB re V
76/05/21 12:15:25 Acoustic NL   34.3 dB re uPa
76/05/21 12:23:05 WISPR SPECTROGRAM STARTED
76/05/21 12:23:05 Fudge factor = 30 dB
76/05/21 12:23:15 First dma buffer ignored, nsamps = 1249280
76/05/21 12:23:25 spectrogram: 1219 time bins, 257 frequency bins
76/05/21 12:23:26 Uncalibrated 8 kHz NL  -93.3 dB re V
76/05/21 12:23:26 Acoustic NL   34.7 dB re uPa
76/05/21 12:23:36 Uncalibrated 8 kHz NL  -93.1 dB re V
76/05/21 12:23:36 Acoustic NL   34.9 dB re uPa
76/05/21 12:23:46 Uncalibrated 8 kHz NL  -93.6 dB re V
76/05/21 12:23:46 Acoustic NL   34.4 dB re uPa
76/05/21 12:23:56 Uncalibrated 8 kHz NL  -93.6 dB re V
76/05/21 12:23:56 Acoustic NL   34.4 dB re uPa
76/05/21 12:24:06 Uncalibrated 8 kHz NL  -84.5 dB re V
76/05/21 12:24:06 Acoustic NL   43.5 dB re uPa
76/05/21 12:24:16 Uncalibrated 8 kHz NL  -93.2 dB re V
76/05/21 12:24:16 Acoustic NL   34.8 dB re uPa
76/05/21 19:29:40 WISPR SPECTROGRAM STARTED
76/05/21 19:29:40 Fudge factor = 30 dB
76/05/21 19:29:50 First dma buffer ignored, nsamps = 1249280
76/05/21 19:30:00 spectrogram: 1219 time bins, 257 frequency bins
76/05/21 19:30:01 Uncalibrated 8 kHz NL  -93.6 dB re V
76/05/21 19:30:01 Acoustic NL   34.4 dB re uPa
76/05/21 19:30:11 Uncalibrated 8 kHz NL  -93.6 dB re V
76/05/21 19:30:11 Acoustic NL   34.4 dB re uPa
76/05/21 19:30:21 Uncalibrated 8 kHz NL  -93.6 dB re V
76/05/21 19:30:21 Acoustic NL   34.4 dB re uPa
76/05/21 19:30:31 Uncalibrated 8 kHz NL  -93.6 dB re V
76/05/21 19:30:31 Acoustic NL   34.4 dB re uPa
76/05/21 19:30:41 Uncalibrated 8 kHz NL  -93.6 dB re V
76/05/21 19:30:41 Acoustic NL   34.4 dB re uPa
76/05/21 19:30:51 Uncalibrated 8 kHz NL  -93.6 dB re V
76/05/21 19:30:51 Acoustic NL   34.4 dB re uPa
76/05/21 20:30:45 WISPR SPECTROGRAM STARTED
76/05/21 20:30:45 Fudge factor = 30 dB
76/05/21 20:30:55 First dma buffer ignored, nsamps = 1249280
76/05/21 20:31:05 spectrogram: 1219 time bins, 257 frequency bins
76/05/21 20:31:06 Uncalibrated 8 kHz NL  -93.6 dB re V
76/05/21 20:31:06 Acoustic NL   34.4 dB re uPa
76/05/21 20:31:16 Uncalibrated 8 kHz NL  -93.6 dB re V
76/05/21 20:31:16 Acoustic NL   34.4 dB re uPa
76/05/21 20:31:26 Uncalibrated 8 kHz NL  -93.6 dB re V
76/05/21 20:31:26 Acoustic NL   34.4 dB re uPa
76/05/21 20:31:36 Uncalibrated 8 kHz NL  -93.5 dB re V
76/05/21 20:31:36 Acoustic NL   34.5 dB re uPa
76/05/21 20:31:46 Uncalibrated 8 kHz NL  -93.6 dB re V
76/05/21 20:31:46 Acoustic NL   34.4 dB re uPa
76/05/21 20:31:56 Uncalibrated 8 kHz NL  -93.6 dB re V
76/05/21 20:31:56 Acoustic NL   34.4 dB re uPa
76/05/21 20:51:39 WISPR SPECTROGRAM STARTED
76/05/21 20:51:39 Fudge factor = 30 dB
76/05/21 20:51:50 First dma buffer ignored, nsamps = 1249280
76/05/21 20:52:00 spectrogram: 1219 time bins, 257 frequency bins
76/05/21 20:52:00 Uncalibrated 8 kHz NL  -93.6 dB re V
76/05/21 20:52:00 Acoustic NL   34.4 dB re uPa
76/05/21 20:52:10 Uncalibrated 8 kHz NL  -93.7 dB re V
76/05/21 20:52:10 Acoustic NL   34.3 dB re uPa
76/07/27 14:53:01 WISPR SPECTROGRAM STARTED
76/07/27 14:53:01 Fudge factor = 30 dB
76/07/27 14:53:11 First dma buffer ignored, nsamps = 1249280
76/07/27 14:53:21 spectrogram: 1219 time bins, 257 frequency bins
76/07/27 14:53:22 Uncalibrated 8 kHz NL  -93.5 dB re V
76/07/27 14:53:22 Acoustic NL   34.5 dB re uPa
76/07/27 14:53:32 Uncalibrated 8 kHz NL  -93.6 dB re V
76/07/27 14:53:32 Acoustic NL   34.4 dB re uPa
76/07/27 14:53:42 Uncalibrated 8 kHz NL  -93.6 dB re V
76/07/27 14:53:42 Acoustic NL   34.4 dB re uPa
76/07/27 14:53:52 Uncalibrated 8 kHz NL  -93.6 dB re V
76/07/27 14:53:52 Acoustic NL   34.4 dB re uPa
76/07/27 14:54:02 Uncalibrated 8 kHz NL  -93.5 dB re V
76/07/27 14:54:02 Acoustic NL   34.5 dB re uPa
76/07/27 14:54:12 Uncalibrated 8 kHz NL  -93.5 dB re V
76/07/27 14:54:12 Acoustic NL   34.5 dB re uPa
