
---   ---
Program: sys.c,  Build: Sep 26 2018 20:18:24
System Parameters: CF2 SN 16188, PicoDOS 4.03, BIOS 4.03
Program:   Version:   Starts: 1
Started: 09-27-18 20:43:34
---   ---
VEE: GPS.FILEMAX=1000
set outputs low 1 19 21 22 23 24 25 26 29 30 37 42
16000kHz nsF:90 nsR:70 nsC:190 adj:-10 WF:0  WR:0  WC:2  SYPCR:13
log file	| log\001s16.log
ctdDepth -0.2
ctdDepth -0.2
Press Q to exit

mpcSleep() at 
---   ---
Program: sys.c,  Build: Sep 27 2018 12:14:36
System Parameters: CF2 SN 16188, PicoDOS 4.03, BIOS 4.03
Program:   Version:   Starts: 2
Started: 09-27-18 23:04:01
---   ---
VEE: GPS.FILEMAX=1000
set outputs low 1 19 21 22 23 24 25 26 29 30 37 42
16000kHz nsF:90 nsR:70 nsC:190 adj:-10 WF:0  WR:0  WC:2  SYPCR:13 system starts 2
---   ---
Program: sys.c,  Build: Sep 27 2018 12:14:36
System Parameters: CF2 SN 16188, PicoDOS 4.03, BIOS 4.03
Program:   Version:   Starts: 3
Started: 09-27-18 23:05:09
---   ---
VEE: GPS.FILEMAX=1000
set outputs low 1 19 21 22 23 24 25 26 29 30 37 42
16000kHz nsF:90 nsR:70 nsC:190 adj:-10 WF:0  WR:0  WC:2  SYPCR:13 system starts 3
---   ---
Program: sys.c,  Build: Sep 27 2018 12:14:36
System Parameters: CF2 SN 16188, PicoDOS 4.03, BIOS 4.03
Program:   Version:   Starts: 4
Started: 09-28-18 14:39:34
---   ---
VEE: GPS.FILEMAX=1000
set outputs low 1 19 21 22 23 24 25 26 29 30 37 42
16000kHz nsF:90 nsR:70 nsC:190 adj:-10 WF:0  WR:0  WC:2  SYPCR:13
---   ---
Program: sys.c,  Build: Sep 23 2018 16:37:53
System Parameters: CF2 SN 16188, PicoDOS 4.03, BIOS 4.03
Program:   Version:   Starts: 5
Started: 09-28-18 14:39:50
---   ---
VEE: GPS.FILEMAX=1000
-ERR(cfg)	|0| 14:39:50 cfgString() no match on name/id GPS.FILEMAX=1000 ??
16000kHz nsF:90 nsR:70 nsC:190 adj:-10 WF:0  WR:0  WC:2  SYPCR:13
GPS satellite location, then connect to gps interactively
GPS Sats=05 Date=09-28-2018 Time=14:40:57.000
gpsSetTime()	| off by -1 seconds
 Lat=44:37.5189 N Lng=124:02.6688 W
iridSig() csq=0 csq=0 csq=0 csq=0 csq=0 csq=0 csq=0 csq=0 csq=0 csq=0 csq=0 csq=0 csq=0 csq=0 csq=0 csq=0 csq=0 csq=0 csq=0 csq=0
mpcSleep() at 09-28-18 14:41:50
---   ---
Program: sys.c,  Build: Sep 27 2018 12:14:36
System Parameters: CF2 SN 16188, PicoDOS 4.03, BIOS 4.03
Program:   Version:   Starts: 6
Started: 09-28-18 14:42:09
---   ---
VEE: GPS.FILEMAX=1000
set outputs low 1 19 21 22 23 24 25 26 29 30 37 42
16000kHz nsF:90 nsR:70 nsC:190 adj:-10 WF:0  WR:0  WC:2  SYPCR:13 system starts 6
---   ---
Program: sys.c,  Build: Sep 27 2018 12:14:36
System Parameters: CF2 SN 16188, PicoDOS 4.03, BIOS 4.03
Program:   Version:   Starts: 1
Started: 09-28-18 14:42:44
---   ---
VEE: GPS.FILEMAX=1000
set outputs low 1 19 21 22 23 24 25 26 29 30 37 42
16000kHz nsF:90 nsR:70 nsC:190 adj:-10 WF:0  WR:0  WC:2  SYPCR:13 system starts 1
log file	| log\001s16.log
boyMain(): starting with phase 0
cycle 1 @09-28-18 14:42:56 
deploy: testing sbe16, sbe39 sbe16@-0.3 sbe39@-0.1
deployPhase()	| ant@-0.1m buoy@-0.3m 09-28-18 14:43:00
	| wait up to 240 minutes to reach bottom
deployPhase@-0.10m 14:43:00
deployPhase@-0.08m 14:43:31
deployPhase@-0.08m 14:44:02
deployPhase@-0.09m 14:44:33
deployPhase@-0.09m 14:45:04
deployPhase@-0.09m 14:45:35
deployPhase@-0.08m 14:46:06
deployPhase@-0.10m 14:46:37
deployPhase@-0.08m 14:47:08
deployPhase@-0.08m 14:47:39
deployPhase@-0.10m 14:48:10
deployPhase@-0.10m 14:48:41
deployPhase@-0.09m 14:49:12
deployPhase@-0.09m 14:49:43
deployPhase@-0.10m 14:50:14
deployPhase@-0.10m 14:50:44
deployPhase@-0.08m 14:51:15
deployPhase@-0.08m 14:51:46
deployPhase@-0.09m 14:52:17
deployPhase@-0.09m 14:52:48
deployPhase@-0.09m 14:53:19
deployPhase@-0.08m 14:53:50
deployPhase@-0.09m 14:54:21
deployPhase@-0.09m 14:54:52
deployPhase@-0.10m 14:55:23
deployPhase@-0.10m 14:55:54
deployPhase@-0.09m 14:56:25
deployPhase@-0.10m 14:56:56
deployPhase@-0.06m 14:57:27
deployPhase@-0.08m 14:57:58
deployPhase@-0.07m 14:58:29
deployPhase@-0.09m 14:59:00
deployPhase@-0.10m 14:59:31
deployPhase@-0.09m 15:00:02
deployPhase@-0.10m 15:00:33
deployPhase@-0.09m 15:01:03
deployPhase@-0.10m 15:01:34
deployPhase@-0.08m 15:02:05
deployPhase@-0.09m 15:02:36
deployPhase@-0.09m 15:03:07
deployPhase@-0.10m 15:03:38
deployPhase@-0.08m 15:04:09
deployPhase@-0.08m 15:04:40
deployPhase@-0.10m 15:05:11
deployPhase@-0.10m 15:05:42
deployPhase@-0.09m 15:06:13
deployPhase@-0.09m 15:06:44
deployPhase@-0.10m 15:07:14
deployPhase@-0.08m 15:07:45
deployPhase@-0.09m 15:08:16
deployPhase@-0.08m 15:08:47
deployPhase@-0.09m 15:09:18
deployPhase@-0.10m 15:09:49
deployPhase@-0.10m 15:10:20
deployPhase@-0.09m 15:10:51
deployPhase@-0.08m 15:11:22
deployPhase@-0.09m 15:11:53
deployPhase@-0.09m 15:12:24
deployPhase@-0.09m 15:12:55
deployPhase@-0.10m 15:13:26
deployPhase@-0.06m 15:13:57
deployPhase@-0.07m 15:14:28
deployPhase@-0.10m 15:14:59
deployPhase@-0.08m 15:15:30
deployPhase@-0.09m 15:16:01
deployPhase@-0.08m 15:16:32
deployPhase@-0.10m 15:17:03
deployPhase@-0.08m 15:17:33
deployPhase@-0.09m 15:18:04
deployPhase@-0.10m 15:18:35
deployPhase@-0.08m 15:19:06
deployPhase@-0.10m 15:19:37
deployPhase@-0.09m 15:20:08
deployPhase@-0.08m 15:20:39
deployPhase@-0.07m 15:21:10
deployPhase@-0.09m 15:21:41
deployPhase@-0.10m 15:22:12
deployPhase@-0.09m 15:22:43
deployPhase@-0.09m 15:23:14
deployPhase@-0.09m 15:23:45
deployPhase@-0.10m 15:24:16
deployPhase@-0.06m 15:24:47
deployPhase@-0.08m 15:25:18
deployPhase@-0.10m 15:25:49
deployPhase@-0.10m 15:26:20
deployPhase@-0.10m 15:26:51
deployPhase@-0.11m 15:27:22
deployPhase@-0.11m 15:27:52
deployPhase@-0.09m 15:28:23
deployPhase@-0.10m 15:28:54
deployPhase@-0.09m 15:29:25
deployPhase@-0.09m 15:29:56
deployPhase@-0.09m 15:30:27
deployPhase@-0.09m 15:30:58
deployPhase@-0.10m 15:31:29
deployPhase@-0.09m 15:32:00
deployPhase@-0.10m 15:32:31
deployPhase@-0.08m 15:33:02
deployPhase@-0.09m 15:33:33
deployPhase@-0.08m 15:34:04
deployPhase@-0.08m 15:34:35
deployPhase@-0.10m 15:35:06
deployPhase@-0.07m 15:35:37
deployPhase@-0.09m 15:36:08
deployPhase@-0.10m 15:36:39
deployPhase@-0.11m 15:37:09
deployPhase@-0.10m 15:37:40
deployPhase@-0.08m 15:38:11
deployPhase@-0.11m 15:38:42
deployPhase@-0.08m 15:39:13
deployPhase@-0.09m 15:39:44
deployPhase@-0.10m 15:40:15
deployPhase@-0.08m 15:40:46
deployPhase@-0.09m 15:41:17
deployPhase@-0.09m 15:41:48
deployPhase@-0.09m 15:42:19
deployPhase@-0.08m 15:42:50
deployPhase@-0.10m 15:43:21
deployPhase@-0.10m 15:43:52
deployPhase@-0.10m 15:44:23
deployPhase@-0.09m 15:44:54
deployPhase@-0.09m 15:45:25
deployPhase@-0.10m 15:45:56
deployPhase@-0.09m 15:46:27
deployPhase@-0.09m 15:46:58
deployPhase@-0.10m 15:47:29
deployPhase@-0.10m 15:48:00
deployPhase@-0.09m 15:48:31
deployPhase@-0.10m 15:49:01
deployPhase@-0.09m 15:49:32
deployPhase@-0.10m 15:50:03
deployPhase@-0.10m 15:50:34
deployPhase@-0.10m 15:51:05
deployPhase@-0.09m 15:51:36
deployPhase@-0.10m 15:52:07
deployPhase@-0.09m 15:52:38
deployPhase@-0.11m 15:53:09
deployPhase@-0.10m 15:53:40
deployPhase@-0.09m 15:54:11
deployPhase@-0.08m 15:54:42
deployPhase@-0.10m 15:55:13
deployPhase@-0.09m 15:55:44
deployPhase@-0.10m 15:56:15
deployPhase@-0.11m 15:56:46
deployPhase@-0.09m 15:57:17
deployPhase@-0.11m 15:57:48
deployPhase@-0.11m 15:58:19
deployPhase@-0.08m 15:58:49
deployPhase@-0.09m 15:59:20
deployPhase@-0.09m 15:59:51
deployPhase@-0.08m 16:00:22
deployPhase@-0.10m 16:00:53
deployPhase@-0.09m 16:01:24
deployPhase@-0.09m 16:01:55
deployPhase@-0.09m 16:02:26
deployPhase@-0.08m 16:02:57
deployPhase@-0.09m 16:03:28
deployPhase@-0.11m 16:03:59
deployPhase@-0.10m 16:04:30
deployPhase@-0.09m 16:05:01
deployPhase@-0.10m 16:05:32
deployPhase@-0.09m 16:06:02
deployPhase@-0.09m 16:06:33
deployPhase@-0.10m 16:07:04
deployPhase@-0.09m 16:07:35
deployPhase@-0.11m 16:08:06
deployPhase@-0.08m 16:08:37
deployPhase@-0.12m 16:09:08
deployPhase@-0.08m 16:09:39
deployPhase@-0.09m 16:10:10
deployPhase@-0.10m 16:10:41
deployPhase@-0.07m 16:11:12
deployPhase@-0.09m 16:11:43
deployPhase@-0.11m 16:12:14
deployPhase@-0.09m 16:12:45
deployPhase@-0.08m 16:13:16
deployPhase@-0.08m 16:13:46
deployPhase@-0.09m 16:14:17
deployPhase@-0.09m 16:14:48
deployPhase@-0.09m 16:15:19
deployPhase@-0.10m 16:15:50
deployPhase@-0.09m 16:16:21
deployPhase@-0.10m 16:16:52
deployPhase@-0.10m 16:17:23
deployPhase@-0.09m 16:17:54
deployPhase@-0.10m 16:18:25
deployPhase@-0.09m 16:18:56
deployPhase@-0.09m 16:19:27
deployPhase@-0.09m 16:19:58
deployPhase@-0.09m 16:20:29
deployPhase@-0.09m 16:21:00
deployPhase@-0.09m 16:21:31
deployPhase@-0.09m 16:22:02
deployPhase@-0.10m 16:22:33
deployPhase@-0.11m 16:23:04
deployPhase@-0.10m 16:23:35
deployPhase@-0.10m 16:24:06
deployPhase@-0.10m 16:24:37
deployPhase@-0.11m 16:25:08
deployPhase@-0.09m 16:25:39
deployPhase@-0.09m 16:26:09
deployPhase@-0.10m 16:26:40
deployPhase@-0.10m 16:27:11
deployPhase@-0.09m 16:27:42
deployPhase@-0.09m 16:28:13
deployPhase@-0.09m 16:28:44
deployPhase@-0.09m 16:29:15
deployPhase@-0.10m 16:29:46
deployPhase@-0.10m 16:30:17
deployPhase@-0.11m 16:30:48
deployPhase@-0.10m 16:31:19
deployPhase@-0.12m 16:31:50
deployPhase@-0.10m 16:32:21
deployPhase@-0.11m 16:32:52
deployPhase@-0.09m 16:33:23
deployPhase@-0.10m 16:33:54
deployPhase@-0.10m 16:34:25
deployPhase@-0.11m 16:34:56
deployPhase@-0.09m 16:35:27
deployPhase@-0.09m 16:35:58
deployPhase@-0.10m 16:36:29
deployPhase@-0.09m 16:36:59
deployPhase@-0.12m 16:37:30
deployPhase@-0.10m 16:38:01
deployPhase@-0.11m 16:38:32
deployPhase@-0.10m 16:39:03
deployPhase@-0.09m 16:39:34
deployPhase@-0.09m 16:40:05
deployPhase@-0.09m 16:40:36
deployPhase@-0.12m 16:41:07
deployPhase@-0.08m 16:41:38
deployPhase@-0.10m 16:42:09
deployPhase@-0.10m 16:42:40
deployPhase@-0.09m 16:43:11
deployPhase@-0.10m 16:43:42
deployPhase@-0.09m 16:44:13
deployPhase@-0.11m 16:44:44
deployPhase@-0.10m 16:45:15
deployPhase@-0.10m 16:45:46
deployPhase@-0.09m 16:46:17
deployPhase@-0.10m 16:46:47
deployPhase@-0.11m 16:47:18
deployPhase@-0.10m 16:47:49
deployPhase@-0.09m 16:48:20
deployPhase@-0.11m 16:48:51
deployPhase@-0.10m 16:49:22
deployPhase@-0.10m 16:49:53
deployPhase@-0.09m 16:50:24
deployPhase@-0.10m 16:50:55
deployPhase@-0.10m 16:51:26
deployPhase@-0.09m 16:51:57
deployPhase@-0.11m 16:52:28
deployPhase@-0.10m 16:52:59
deployPhase@-0.10m 16:53:30
deployPhase@-0.11m 16:54:01
deployPhase@-0.08m 16:54:32
deployPhase@-0.10m 16:55:03
deployPhase@-0.08m 16:55:34
deployPhase@-0.09m 16:56:05
deployPhase@-0.09m 16:56:36
deployPhase@-0.11m 16:57:07
deployPhase@-0.10m 16:57:38
deployPhase@-0.10m 16:58:08
deployPhase@-0.09m 16:58:39
deployPhase@-0.10m 16:59:10
deployPhase@-0.11m 16:59:41
deployPhase@-0.09m 17:00:12
deployPhase@-0.09m 17:00:43
deployPhase@-0.09m 17:01:14
deployPhase@-0.11m 17:01:45
deployPhase@-0.09m 17:02:16
deployPhase@-0.11m 17:02:47
deployPhase@-0.10m 17:03:18
deployPhase@-0.11m 17:03:49
deployPhase@-0.08m 17:04:20
deployPhase@-0.10m 17:04:51
deployPhase@-0.10m 17:05:21
deployPhase@-0.10m 17:05:52
deployPhase@-0.12m 17:06:23
deployPhase@-0.11m 17:06:54
deployPhase@-0.11m 17:07:25
deployPhase@0.95m 17:07:56
deployPhase@1.18m 17:08:27
deployPhase@1.26m 17:08:58
deployPhase@1.23m 17:09:29
deployPhase@1.16m 17:10:00
deployPhase@0.94m 17:10:31
deployPhase@1.07m 17:11:02
deployPhase@1.27m 17:11:33
deployPhase@1.22m 17:12:04
deployPhase@1.15m 17:12:35
deployPhase@1.22m 17:13:06
deployPhase@1.00m 17:13:36
deployPhase@20.87m 17:14:07
	| 20.87m>10m, watch for depth to settle down
 28.8 28.9
	| down, pause for 120s
	| boy.dockD = 28.93
	| go to surface, call home
cycle 1 @09-28-18 17:16:40 risePhase()
oceanCurrChk()
oceanCurr()	| ant=29.0 boy=43.9
oceanCurr()	| ERR boy2ant<cD-aD
-ERR(boy)	|0| 17:17:11  oceanCurr failed
rise(2.1, 0)
		+ngkSend(#R,01,03) at 17:17:11
	| riseCmd sent to winch at 17:17:11
	| 17:17:17 depth=28.8 velo=-0.11
	| 17:17:23 depth=28.9
 ERR 	| no response from winch 17:17:28
	| 17:17:29 depth=27.2 velo=-0.28
	| 20sec 17:17:32 startD-nowD 2.6 
	| 17:17:35 depth=25.5 velo=-0.31
	| 17:17:41 depth=23.7 velo=-0.37
	| 17:17:47 depth=22.0 velo=-0.28
	| 17:17:53 depth=19.9 velo=-0.35
	| 17:17:59 depth=17.5 velo=-0.45
	| 17:18:05 depth=15.2 velo=-0.43
	| 17:18:11 depth=13.3 velo=-0.22
	| 17:18:17 depth=10.5 velo=-0.50
	| 17:18:23 depth=8.0 velo=-0.54
	| 17:18:29 depth=5.6 velo=-0.50
	| 17:18:35 depth=3.6 velo=-0.41
	| reached targetD 2.0 at 17:18:38
		+ngkSend(#S,01,00) at 17:18:38
	| 17:18:41 depth=1.2
	| 17:18:47 depth=1.4
		+ngkRecv(%S,02,00) stopRsp 17:18:48
rise()	| stopRsp from winch
cycle 1 @09-28-18 17:18:49 iridPhase()
17:18:52 ===

gpsSats	| i got nothing
'
+PD:
UTC Date=09-28-2018
Invalid Position Fix
Satellites Used=00

OK
'
17:19:55 ====

clcc-> x0D  x0A +CLCC:006 x0D  x0A  x0D  x0A OK x0D  x0A 
iridSig() csq=5 17:20:23 (0) (1) (2) (3) (4)
-ERR(gps)	|0| 17:20:46 call retry exceeded
ERR	| iridDial()->4
17:20:46 ====

clcc-> x0D  x0A +CLCC:006 x0D  x0A  x0D  x0A OK x0D  x0A 
iridSig() csq=0 csq=0 csq=0 csq=0 csq=0 csq=0 csq=0 csq=0 csq=0 csq=0 csq=0 csq=0 csq=0 csq=0 csq=0 csq=0 csq=0 csq=0 csq=0 csq=0 csq=0 csq=0 csq=0 csq=0
ERR	| iridSig()->2
17:22:10 ====

clcc-> x0D  x0A +CLCC:006 x0D  x0A  x0D  x0A OK x0D  x0A 
iridSig() csq=0 csq=0 csq=0 csq=0 csq=0 csq=0 csq=0 csq=0 csq=0 csq=0 csq=0 csq=0 csq=0 csq=0 csq=0 csq=0 csq=0 csq=0 csq=0 csq=0 csq=0 csq=0 csq=0 csq=0
ERR	| iridSig()->2
17:23:35 ====

clcc-> x0D  x0A +CLCC:006 x0D  x0A  x0D  x0A OK x0D  x0A 
iridSig() csq=0 csq=0 csq=0 csq=0 csq=0 csq=0 csq=0 csq=0 csq=0 csq=0 csq=0 csq=0 csq=0 csq=0 csq=0 csq=3 17:24:40 (0) (1) (2) (3) (4)
-ERR(gps)	|1| 17:25:03 call retry exceeded
ERR	| iridDial()->4
17:25:03 =====

gpsSats	| i got nothing
'
+PD:
UTC Date=09-28-2018
Invalid Position Fix
Satellites Used=00

OK
'
antAuton(false)	| stop fail, retry ... stop failed
cycle 1 @09-28-18 17:26:16 fallPhase()
	fall() fallCmd to winch at 17:26:32
		+ngkSend(#F,01,00) at 17:26:32
	fall() 17:26:38 depth=1.9
		+ngkRecv(%F,02,00) fallRsp 17:26:44
fall()	| fallRsp from winch
	fall() 17:26:44 depth=2.3 velo=0.31
	fall() 17:26:50 depth=3.3 velo=0.27
	fall() 17:26:56 depth=3.4
	fall() 17:27:02 depth=4.6
	fall() 17:27:08 depth=6.0 velo=0.26
	fall() 17:27:14 depth=6.7 velo=0.29
	fall() 17:27:20 depth=7.8 velo=0.26
	fall() 17:27:26 depth=8.2
	fall() 17:27:32 depth=9.0
		+ngkSend(#S,01,00) at 17:27:34
	fall() 17:27:38 depth=10.5 velo=0.14
	fall() 17:27:44 depth=10.9
		+ngkRecv(%S,02,00) stopRsp 17:27:45
fall()	| stopRsp from winch
oceanCurrChk()
oceanCurr()	| ant=10.0 boy=25.0
oceanCurr()	| ERR boy2ant<cD-aD
-ERR(boy)	|1| 17:28:12  oceanCurr failed
	fall() fallCmd to winch at 17:28:28
		+ngkSend(#F,01,00) at 17:28:28
	fall() 17:28:34 depth=10.1 velo=0.12
		+ngkRecv(%F,02,00) fallRsp 17:28:39
fall()	| fallRsp from winch
	fall() 17:28:40 depth=10.5 velo=0.08
	fall() 17:28:46 depth=11.7 velo=0.32
	fall() 17:28:52 depth=12.6 velo=0.12
	fall() 17:28:58 depth=13.4
	fall() 17:29:04 depth=14.7 velo=0.12
	fall() 17:29:10 depth=15.9 velo=0.27
	fall() 17:29:16 depth=16.6 velo=0.17
	fall() 17:29:22 depth=17.8 velo=0.11
	fall() 17:29:28 depth=18.9
	fall() 17:29:34 depth=20.0 velo=0.32
	fall() 17:29:40 depth=21.2 velo=0.25
	fall() 17:29:46 depth=21.7
	fall() 17:29:52 depth=23.2 velo=0.24
	fall() 17:29:58 depth=24.1 velo=0.17
	fall() 17:30:04 depth=24.9 velo=0.17
	fall() 17:30:10 depth=26.2 velo=0.15
	fall() 17:30:16 depth=27.1 velo=0.20
	fall() 17:30:22 depth=28.2 velo=0.19
	fall() 17:30:28 depth=29.3 velo=0.22
	fall() 17:30:34 depth=28.9
		+ngkRecv(#S,02,00) stopCmd 17:30:35
fall()	| stopCmd from winch
cycle 1 @09-28-18 17:30:35 dataPhase()
 starting wispr detection; end in hour 7, 14 hours to run 17:30:36
wispr:	| run for 30 min 17:30:36
log file	| log\001wsp.log [0] [0] [0]
wspStop	| err: expected 'done', not seen...
Day watchdog
log file	| log\001eng.logLARA eng log 09-28-18 18:04:26
cycle 1
current lateral = 0.00
rise start 17:17:11 @29.0
rise end 17:18:49 @1.1
dock depth 28.9, surf depth 1.1, meters 27.8
gps start  : 
gps drift  : 

log file	| log\002s16.log
cycle 2 @09-28-18 18:04:27 risePhase()
oceanCurrChk()
oceanCurr()	| ant=29.3 boy=44.3
oceanCurr()	| ERR boy2ant<cD-aD
-ERR(boy)	|2| 18:04:55  oceanCurr failed
rise(2.1, 0)
		+ngkSend(#R,01,03) at 18:04:55
	| riseCmd sent to winch at 18:04:55
	| 18:05:01 depth=29.2
	| 18:05:07 depth=29.0
		+ngkRecv(%R,02,00) riseRsp 18:05:07
rise()	| riseRsp from winch
	| 18:05:13 depth=26.8 velo=-0.38
	| 20sec 18:05:16 startD-nowD 3.5 
	| 18:05:19 depth=24.8 velo=-0.30
	| 18:05:25 depth=22.3 velo=-0.45
	| 18:05:31 depth=20.0 velo=-0.40
	| 18:05:37 depth=17.5 velo=-0.46
	| 18:05:43 depth=15.3 velo=-0.39
	| 18:05:49 depth=12.2 velo=-0.64
	| 18:05:55 depth=11.1
	| 18:06:01 depth=8.0 velo=-0.28
	| 18:06:07 depth=5.2 velo=-0.47
	| 18:06:13 depth=3.6 velo=-0.30
	| reached targetD 2.0 at 18:06:15
		+ngkSend(#S,01,00) at 18:06:15
	| 18:06:19 depth=1.5
	| 18:06:25 depth=1.0
		+ngkRecv(%S,02,00) stopRsp 18:06:26
rise()	| stopRsp from winch
cycle 2 @09-28-18 18:06:26 iridPhase()
18:06:29 ===

GPS Sats=09 Date=09-28-2018 Time=18:07:10.000
gpsSetTime()	| off by -1 seconds
 Lat=44:38.7494 N Lng=124:22.4156 W
18:07:11 ====

clcc-> x0D  x0A +CLCC:006 x0D  x0A  x0D  x0A OK x0D  x0A 
iridSig() csq=5 18:07:39 CONNECT 9600rudBaud@1000 +10000us  proj

iridSendFile(hello.txt) 1of1 [[7]]
LandResp(cmds)
CMDS(5)->''send1''
iridSendFile(log\001eng.log) 1of1 [[212]]
LandResp( x0D cmds)
CMDS(5)->''send2''
iridSendFile(log\001s16.log) 1of1 [[1000]]
LandResp( x0D cmds)
CMDS(5)->''send3''
clcc-> x0D  x0A +CLCC:000 x0D  x0A  x0D  x0A OK x0D  x0A 
18:08:40 =====

GPS Sats=09 Date=09-28-2018 Time=18:08:58.000
gpsSetTime()	| off by 0 seconds
 Lat=44:38.7525 N Lng=124:22.4149 W
antAuton(false)	| stop fail, retry ... stop failed
cycle 2 @09-28-18 18:09:09 fallPhase()
	fall() fallCmd to winch at 18:09:25
		+ngkSend(#F,01,00) at 18:09:25
	fall() 18:09:31 depth=2.4
	fall() 18:09:37 depth=2.5 velo=0.35
		+ngkRecv(%F,02,00) fallRsp 18:09:37
fall()	| fallRsp from winch
	fall() 18:09:43 depth=3.5
	fall() 18:09:49 depth=4.4
	fall() 18:09:55 depth=6.0 velo=0.27
	fall() 18:10:01 depth=7.2 velo=0.46
	fall() 18:10:07 depth=7.5
	fall() 18:10:13 depth=8.5
		+ngkSend(#S,01,00) at 18:10:18
	fall() 18:10:19 depth=10.0 velo=0.31
	fall() 18:10:25 depth=10.5
		+ngkRecv(%S,02,00) stopRsp 18:10:28
fall()	| stopRsp from winch
oceanCurrChk()
oceanCurr()	| ant=10.4 boy=25.2
oceanCurr()	| ERR boy2ant<cD-aD
-ERR(boy)	|3| 18:10:55  oceanCurr failed
	fall() fallCmd to winch at 18:11:11
		+ngkSend(#F,01,00) at 18:11:11
	fall() 18:11:17 depth=10.4
	fall() 18:11:23 depth=10.6 velo=0.26
		+ngkRecv(%F,02,00) fallRsp 18:11:23
fall()	| fallRsp from winch
	fall() 18:11:29 depth=11.6
	fall() 18:11:35 depth=13.2 velo=0.33
	fall() 18:11:41 depth=13.8 velo=0.12
	fall() 18:11:47 depth=15.1 velo=0.27
	fall() 18:11:53 depth=16.2 velo=0.18
	fall() 18:11:59 depth=16.9 velo=0.09
	fall() 18:12:05 depth=18.3 velo=0.14
	fall() 18:12:11 depth=19.4 velo=0.29
	fall() 18:12:17 depth=20.4 velo=0.25
	fall() 18:12:23 depth=21.2 velo=0.04
	fall() 18:12:29 depth=22.6 velo=0.26
	fall() 18:12:35 depth=23.5 velo=0.15
	fall() 18:12:41 depth=24.5 velo=0.10
	fall() 18:12:47 depth=25.7 velo=0.23
	fall() 18:12:53 depth=26.7 velo=0.17
	fall() 18:12:59 depth=27.6 velo=0.06
	fall() 18:13:05 depth=28.9 velo=0.23
	fall() 18:13:11 depth=29.3
		+ngkRecv(#S,02,00) stopCmd 18:13:16
fall()	| stopCmd from winch
cycle 2 @09-28-18 18:13:16 dataPhase()
 starting wispr detection; end in hour 7, 13 hours to run 18:13:17
wispr:	| rest for 17 min 18:13:17
wispr:	| run for 30 min 18:30:17
log file	| log\002wsp.log [0] [0] [0]
wspStop	| err: expected 'done', not seen...
Day watchdog
log file	| log\002eng.logLARA eng log 09-28-18 19:04:07
cycle 2
current lateral = 0.00
rise start 18:04:55 @29.3
rise end 18:06:26 @1.3
dock depth 28.9, surf depth 1.3, meters 27.6
gps start 44:38.7494 N : 124:22.4156 W
gps drift 44:38.7525 N : 124:22.4149 W

log file	| log\003s16.log
cycle 3 @09-28-18 19:04:08 risePhase()
oceanCurrChk()
oceanCurr()	| ant=29.7 boy=44.6
oceanCurr()	| ERR boy2ant<cD-aD
-ERR(boy)	|4| 19:04:36  oceanCurr failed
rise(2.1, 0)
		+ngkSend(#R,01,03) at 19:04:37
	| riseCmd sent to winch at 19:04:37
	| 19:04:43 depth=29.9
		+ngkRecv(%R,02,00) riseRsp 19:04:48
rise()	| riseRsp from winch
	| 19:04:49 depth=29.1 velo=-0.20
	| 19:04:55 depth=27.2 velo=-0.35
	| 20sec 19:04:58 startD-nowD 3.5 
	| 19:05:01 depth=24.7 velo=-0.39
	| 19:05:07 depth=22.7 velo=-0.31
	| 19:05:13 depth=20.4 velo=-0.41
	| 19:05:19 depth=17.8 velo=-0.45
	| 19:05:25 depth=15.8 velo=-0.32
	| 19:05:31 depth=12.7 velo=-0.53
	| 19:05:37 depth=10.4 velo=-0.54
	| 19:05:43 depth=8.4 velo=-0.38
	| 19:05:49 depth=5.5 velo=-0.39
	| 19:05:55 depth=3.2 velo=-0.40
	| reached targetD 1.9 at 19:05:58
		+ngkSend(#S,01,00) at 19:05:58
	| 19:06:01 depth=1.4
	| 19:06:07 depth=1.4
		+ngkRecv(%S,02,00) stopRsp 19:06:08
rise()	| stopRsp from winch
cycle 3 @09-28-18 19:06:08 iridPhase()
19:06:12 ===

GPS Sats=06 Date=01-11-1980 Time=19:06:40.000
gpsSetTime()	| off by 1221695999 seconds
 Lat=44:38.7489 N Lng=124:22.4128 W
19:06:41 ====

clcc-> x0D  x0A +CLCC:006 x0D  x0A  x0D  x0A OK x0D  x0A 
iridSig() csq=4 19:07:08 CONNECT 9600rudBaud@1000 +10000us  proj proj proj
ERR	| iridProjHdr()->1
19:08:24 ====

clcc-> x0D  x0A +CLCC:006 x0D  x0A  x0D  x0A OK x0D  x0A 
iridSig() csq=5 19:08:53 CONNECT 9600rudBaud@1000 +10000us  proj proj

iridSendFile(hello.txt) 1of1 [[7]]
LandResp(cmds)
CMDS(5)->''send1''
iridSendFile(log\002eng.log) 1of1 [[262]]
LandResp( x0D cmds)
CMDS(5)->''send2''
iridSendFile(log\002s16.log) 1of1 [[1000]]
LandResp( x0D cmds)
CMDS(5)->''send3''
clcc-> x0D  x0A +CLCC:000 x0D  x0A  x0D  x0A OK x0D  x0A 
19:10:05 =====

GPS Sats=06 Date=09-28-2018 Time=19:10:39.000
gpsSetTime()	| off by -1221696000 seconds
 Lat=44:38.7551 N Lng=124:22.4135 W
antAuton(false)	| stop fail, retry ... stop failed
cycle 3 @09-28-18 19:10:50 fallPhase()
	fall() fallCmd to winch at 19:11:06
		+ngkSend(#F,01,00) at 19:11:06
	fall() 19:11:12 depth=2.7
	fall() 19:11:18 depth=2.4
		+ngkRecv(%F,02,00) fallRsp 19:11:18
fall()	| fallRsp from winch
	fall() 19:11:24 depth=3.5 velo=-0.12
	fall() 19:11:30 depth=5.9 velo=0.53
	fall() 19:11:36 depth=6.0 velo=0.22
	fall() 19:11:42 depth=7.0 velo=0.09
	fall() 19:11:48 depth=8.2 velo=0.18
	fall() 19:11:54 depth=9.1 velo=0.20
	fall() 19:12:00 depth=9.9 velo=0.12
		+ngkSend(#S,01,00) at 19:12:01
	fall() 19:12:06 depth=11.4 velo=0.35
		+ngkRecv(%S,02,00) stopRsp 19:12:11
fall()	| stopRsp from winch
oceanCurrChk()
oceanCurr()	| ant=10.5 boy=25.1
oceanCurr()	| ERR boy2ant<cD-aD
-ERR(boy)	|5| 19:12:38  oceanCurr failed
	fall() fallCmd to winch at 19:12:54
		+ngkSend(#F,01,00) at 19:12:54
	fall() 19:13:00 depth=10.0 velo=-0.14
	fall() 19:13:06 depth=10.9 velo=0.19
	fall() WARN no response from winch 19:13:11
	fall() 19:13:12 depth=11.9 velo=0.11
	fall() 19:13:18 depth=13.0 velo=0.17
	fall() 19:13:24 depth=13.9
	fall() 19:13:30 depth=15.3
	fall() 19:13:36 depth=16.6 velo=0.33
	fall() 19:13:42 depth=17.0
	fall() 19:13:48 depth=18.5 velo=0.25
	fall() 19:13:54 depth=19.5 velo=0.20
	fall() 19:14:00 depth=20.6 velo=0.25
	fall() 19:14:06 depth=21.6 velo=0.17
	fall() 19:14:12 depth=22.6 velo=0.19
	fall() 19:14:18 depth=23.7 velo=0.19
	fall() 19:14:24 depth=24.8 velo=0.14
	fall() 19:14:30 depth=25.8 velo=0.17
	fall() 19:14:36 depth=26.8 velo=0.22
	fall() 19:14:42 depth=28.1 velo=0.11
	fall() 19:14:48 depth=29.1 velo=0.17
	fall() 19:14:54 depth=29.9 velo=0.15
	fall() 19:15:00 depth=29.7 velo=-0.07
		+ngkRecv(#S,02,00) stopCmd 19:15:01
fall()	| stopCmd from winch
cycle 3 @09-28-18 19:15:01 dataPhase()
 starting wispr detection; end in hour 7, 12 hours to run 19:15:01
wispr:	| rest for 15 min 19:15:01
wispr:	| run for 30 min 19:30:01
log file	| log\003wsp.log [0] [0] [0]
wspStop	| err: expected 'done', not seen...
Day watchdog
log file	| log\003eng.logLARA eng log 09-28-18 20:03:51
cycle 3
current lateral = 0.00
rise start 19:04:36 @29.7
rise end 19:06:08 @1.1
dock depth 28.9, surf depth 1.1, meters 27.8
gps start 44:38.7489 N : 124:22.4128 W
gps drift 44:38.7551 N : 124:22.4135 W

log file	| log\004s16.log
cycle 4 @09-28-18 20:03:52 risePhase()
oceanCurrChk()
oceanCurr()	| ant=30.3 boy=45.2
oceanCurr()	| ERR boy2ant<cD-aD
-ERR(boy)	|6| 20:04:20  oceanCurr failed
rise(2.1, 0)
		+ngkSend(#R,01,03) at 20:04:21
	| riseCmd sent to winch at 20:04:21
	| 20:04:27 depth=30.0 velo=-0.02
		+ngkRecv(%R,02,00) riseRsp 20:04:32
rise()	| riseRsp from winch
	| 20:04:33 depth=29.7
	| 20:04:39 depth=27.5 velo=-0.40
	| 20sec 20:04:42 startD-nowD 3.8 
	| 20:04:45 depth=25.2 velo=-0.41
	| 20:04:51 depth=23.1 velo=-0.33
	| 20:04:57 depth=20.5 velo=-0.43
	| 20:05:03 depth=18.2 velo=-0.45
	| 20:05:09 depth=15.7 velo=-0.34
	| 20:05:15 depth=13.1 velo=-0.36
	| 20:05:21 depth=10.6 velo=-0.44
	| 20:05:27 depth=8.1 velo=-0.39
	| 20:05:33 depth=5.4 velo=-0.66
	| 20:05:39 depth=3.5 velo=-0.42
	| reached targetD 1.8 at 20:05:43
		+ngkSend(#S,01,00) at 20:05:43
	| 20:05:45 depth=1.3 velo=-0.48
	| 20:05:51 depth=1.4
		+ngkRecv(%S,02,00) stopRsp 20:05:54
rise()	| stopRsp from winch
cycle 4 @09-28-18 20:05:54 iridPhase()
20:05:58 ===

gpsSats	| i got nothing
'
+PD:
UTC Date=09-28-2018
Invalid Position Fix
Satellites Used=00

OK
'
20:07:00 ====

clcc-> x0D  x0A +CLCC:006 x0D  x0A  x0D  x0A OK x0D  x0A 
iridSig() csq=5 20:07:30 CONNECT 9600rudBaud@1000 +10000us  proj

iridSendFile(hello.txt) 1of1 [[7]]
LandResp(cmds)
CMDS(5)->''send1''
iridSendFile(log\003eng.log) 1of1 [[262]]
LandResp( x0D cmds)
CMDS(5)->''send2''
iridSendFile(log\003s16.log) 1of1 [[1000]]
LandResp( x0D cmds)
CMDS(5)->''send3''
clcc-> x0D  x0A +CLCC:000 x0D  x0A  x0D  x0A OK x0D  x0A 
20:09:06 =====

gpsSats	| i got nothing
'
+PD:
UTC Date=09-28-2018
Invalid Position Fix
Satellites Used=00

OK
'
antAuton(false)	| stop fail, retry ... stop failed
cycle 4 @09-28-18 20:10:19 fallPhase()
	fall() fallCmd to winch at 20:10:35
		+ngkSend(#F,01,00) at 20:10:35
	fall() 20:10:41 depth=2.6
		+ngkRecv(%F,02,00) fallRsp 20:10:46
fall()	| fallRsp from winch
	fall() 20:10:47 depth=3.5 velo=0.42
	fall() 20:10:53 depth=4.5 velo=0.35
	fall() 20:10:59 depth=5.4 velo=0.28
	fall() 20:11:05 depth=6.5 velo=0.27
	fall() 20:11:11 depth=6.9
	fall() 20:11:17 depth=8.5 velo=0.30
	fall() 20:11:23 depth=9.1
	fall() 20:11:29 depth=9.6
		+ngkSend(#S,01,00) at 20:11:30
	fall() 20:11:35 depth=11.3 velo=0.19
		+ngkRecv(%S,02,00) stopRsp 20:11:40
fall()	| stopRsp from winch
oceanCurrChk()
oceanCurr()	| ant=10.2 boy=25.1
oceanCurr()	| ERR boy2ant<cD-aD
-ERR(boy)	|7| 20:12:07  oceanCurr failed
	fall() fallCmd to winch at 20:12:23
		+ngkSend(#F,01,00) at 20:12:23
	fall() 20:12:29 depth=10.3
	fall() 20:12:35 depth=10.5
		+ngkRecv(%F,02,00) fallRsp 20:12:35
fall()	| fallRsp from winch
	fall() 20:12:41 depth=11.4
	fall() 20:12:47 depth=13.1 velo=0.15
	fall() 20:12:53 depth=14.1 velo=0.30
	fall() 20:12:59 depth=15.2 velo=0.16
	fall() 20:13:05 depth=16.1 velo=0.14
	fall() 20:13:11 depth=17.2 velo=0.22
	fall() 20:13:17 depth=18.5 velo=0.16
	fall() 20:13:23 depth=19.1 velo=0.10
	fall() 20:13:29 depth=20.5 velo=0.15
	fall() 20:13:35 depth=21.7 velo=0.26
	fall() 20:13:41 depth=22.4 velo=0.15
	fall() 20:13:47 depth=23.6 velo=0.08
	fall() 20:13:53 depth=24.7 velo=0.20
	fall() 20:13:59 depth=25.8 velo=0.17
	fall() 20:14:05 depth=26.8 velo=0.11
	fall() 20:14:11 depth=27.8 velo=0.20
	fall() 20:14:17 depth=29.1 velo=0.26
	fall() 20:14:23 depth=29.9 velo=0.08
	fall() 20:14:29 depth=30.3
		+ngkRecv(#S,02,00) stopCmd 20:14:32
fall()	| stopCmd from winch
cycle 4 @09-28-18 20:14:32 dataPhase()
 starting wispr detection; end in hour 7, 11 hours to run 20:14:33
wispr:	| rest for 16 min 20:14:33
wispr:	| run for 30 min 20:30:33
log file	| log\004wsp.log [0] [0] [0]
wspStop	| err: expected 'done', not seen...
Day watchdog
log file	| log\004eng.logLARA eng log 09-28-18 21:04:23
cycle 4
current lateral = 0.00
rise start 20:04:20 @30.3
rise end 20:05:54 @1.3
dock depth 28.9, surf depth 1.3, meters 27.6
gps start 44:38.7551 N : 124:22.4135 W
gps drift 44:38.7551 N : 124:22.4135 W

log file	| log\005s16.log
cycle 5 @09-28-18 21:04:24 risePhase()
oceanCurrChk()
oceanCurr()	| ant=30.4 boy=45.4
oceanCurr()	| ERR boy2ant<cD-aD
-ERR(boy)	|8| 21:04:52  oceanCurr failed
rise(2.1, 0)
		+ngkSend(#R,01,03) at 21:04:53
	| riseCmd sent to winch at 21:04:53
	| 21:04:59 depth=30.4 velo=-0.02
		+ngkRecv(%R,02,00) riseRsp 21:05:04
rise()	| riseRsp from winch
	| 21:05:05 depth=29.8 velo=-0.19
	| 21:05:11 depth=27.6 velo=-0.42
	| 20sec 21:05:14 startD-nowD 4.0 
	| 21:05:17 depth=25.3 velo=-0.37
	| 21:05:23 depth=23.2 velo=-0.34
	| 21:05:29 depth=20.7 velo=-0.36
	| 21:05:35 depth=18.1 velo=-0.42
	| 21:05:41 depth=15.8 velo=-0.44
	| 21:05:47 depth=13.4 velo=-0.37
	| 21:05:53 depth=10.5 velo=-0.49
	| 21:05:59 depth=8.2 velo=-0.45
	| 21:06:05 depth=6.1 velo=-0.24
	| 21:06:11 depth=3.6
	| reached targetD 2.0 at 21:06:14
		+ngkSend(#S,01,00) at 21:06:14
	| 21:06:17 depth=1.4
	| 21:06:23 depth=1.2
		+ngkRecv(%S,02,00) stopRsp 21:06:25
rise()	| stopRsp from winch
cycle 5 @09-28-18 21:06:25 iridPhase()
21:06:28 ===

gpsSats	| i got nothing
'
+PD:
UTC Date=09-28-2018
Invalid Position Fix
Satellites Used=09

OK
'
21:07:31 ====

clcc-> x0D  x0A +CLCC:006 x0D  x0A  x0D  x0A OK x0D  x0A 
iridSig() csq=5 21:08:02 (0) (1) (2) CONNECT 9600rudBaud@1000 +10000us  proj proj

iridSendFile(hello.txt) 1of1 [[7]]
LandResp(cmds)
CMDS(5)->''send1''
iridSendFile(log\004eng.log) 1of1 [[262]]
LandResp( x0D cmds)
CMDS(5)->''send2''
iridSendFile(log\004s16.log) 1of1 [[1000]]
LandResp( x0D cmds)
CMDS(5)->''send3''
clcc-> x0D  x0A +CLCC:000 x0D  x0A  x0D  x0A OK x0D  x0A 
21:10:06 =====

gpsSats	| i got nothing
'
+PD:
UTC Date=09-28-2018
Invalid Position Fix
Satellites Used=09

OK
'
antAuton(false)	| stop fail, retry ... stop failed
cycle 5 @09-28-18 21:11:19 fallPhase()
	fall() fallCmd to winch at 21:11:35
		+ngkSend(#F,01,00) at 21:11:35
	fall() 21:11:41 depth=2.7
	fall() 21:11:47 depth=3.3 velo=0.21
		+ngkRecv(%F,02,00) fallRsp 21:11:47
fall()	| fallRsp from winch
	fall() 21:11:53 depth=4.4
	fall() 21:11:59 depth=5.1
	fall() 21:12:05 depth=6.2
	fall() 21:12:11 depth=7.7 velo=0.23
	fall() 21:12:17 depth=8.3 velo=0.14
	fall() 21:12:23 depth=9.2
		+ngkSend(#S,01,00) at 21:12:26
	fall() 21:12:29 depth=10.4 velo=0.27
	fall() 21:12:35 depth=10.4
		+ngkRecv(%S,02,00) stopRsp 21:12:37
fall()	| stopRsp from winch
oceanCurrChk()
oceanCurr()	| ant=10.1 boy=24.8
oceanCurr()	| ERR boy2ant<cD-aD
-ERR(boy)	|9| 21:13:04  oceanCurr failed
	fall() fallCmd to winch at 21:13:20
		+ngkSend(#F,01,00) at 21:13:20
	fall() 21:13:26 depth=9.5
		+ngkRecv(%F,02,00) fallRsp 21:13:32
fall()	| fallRsp from winch
	fall() 21:13:32 depth=10.6 velo=0.35
	fall() 21:13:38 depth=11.4 velo=0.24
	fall() 21:13:44 depth=12.4 velo=0.15
	fall() 21:13:50 depth=13.3
	fall() 21:13:56 depth=14.5 velo=0.17
	fall() 21:14:02 depth=15.8 velo=0.22
	fall() 21:14:08 depth=16.5
	fall() 21:14:14 depth=17.9 velo=0.21
	fall() 21:14:20 depth=18.9 velo=0.16
	fall() 21:14:26 depth=19.9 velo=0.11
	fall() 21:14:32 depth=21.4 velo=0.29
	fall() 21:14:38 depth=21.9 velo=0.22
	fall() 21:14:44 depth=23.1
	fall() 21:14:50 depth=24.5 velo=0.37
	fall() 21:14:56 depth=24.9
	fall() 21:15:02 depth=26.4 velo=0.20
	fall() 21:15:08 depth=27.3 velo=0.17
	fall() 21:15:14 depth=28.4 velo=0.17
	fall() 21:15:20 depth=29.5 velo=0.18
	fall() 21:15:26 depth=30.5 velo=0.16
	fall() 21:15:32 depth=30.5 velo=0.02
	fall() 21:15:38 depth=30.4
	fall() 21:15:44 depth=30.5
	fall() 21:15:50 depth=30.4
	fall() 21:15:56 depth=30.3
	fall() 21:16:02 depth=30.5
	fall() 21:16:08 depth=30.3 velo=-0.02
	fall() 21:16:14 depth=30.5 velo=0.03
	fall() 21:16:20 depth=30.4
	fall() 21:16:26 depth=30.3 velo=-0.06
	fall() 21:16:32 depth=30.5
	fall() 21:16:38 depth=30.4
	fall() 21:16:44 depth=30.4
	fall() 21:16:50 depth=30.4 velo=-0.06
	fall() 21:16:56 depth=30.4 velo=0.07
	fall() 21:17:02 depth=30.5
	fall() 21:17:08 depth=30.3 velo=-0.03
	fall() 21:17:14 depth=30.3
	fall() 21:17:20 depth=30.5
	fall() 21:17:26 depth=30.4 velo=0.07
	fall() 21:17:32 depth=30.2 velo=-0.11
	fall() 21:17:38 depth=30.5
	fall() 21:17:44 depth=30.5
	fall() 21:17:50 depth=30.3 velo=-0.06
	fall() 21:17:56 depth=30.4 velo=0.03
	fall() 21:18:02 depth=30.5
	fall() 21:18:08 depth=30.3 velo=-0.01
	fall() 21:18:14 depth=30.5 velo=0.05
	fall() 21:18:20 depth=30.3 velo=-0.07
	fall() 21:18:26 depth=30.5
	fall() 21:18:32 depth=30.3 velo=0.06
	fall() 21:18:38 depth=30.4 velo=-0.04
	fall() 21:18:44 depth=30.5
	fall() 21:18:50 depth=30.3
	fall() 21:18:56 depth=30.4 velo=-0.02
	fall() 21:19:02 depth=30.5
	fall() 21:19:08 depth=30.4
	fall() 21:19:14 depth=30.3 velo=-0.03
	fall() 21:19:20 depth=30.5 velo=0.03
	fall() 21:19:26 depth=30.4
	fall() 21:19:32 depth=30.3 velo=-0.05
	fall() 21:19:38 depth=30.5
	fall() 21:19:44 depth=30.3
	fall() 21:19:50 depth=30.3
	fall() 21:19:56 depth=30.4
	fall() 21:20:02 depth=30.4
	fall() 21:20:08 depth=30.4 velo=0.05
	fall() 21:20:14 depth=30.5
	fall() 21:20:20 depth=30.3 velo=-0.05
	fall() 21:20:26 depth=30.5
	fall() 21:20:32 depth=30.4
	fall() 21:20:38 depth=30.3
	fall() 21:20:44 depth=30.4
	fall() 21:20:50 depth=30.3
	fall() 21:20:56 depth=30.5
	fall() 21:21:02 depth=30.3
	fall() 21:21:08 depth=30.5
	fall() 21:21:14 depth=30.5
	fall() 21:21:20 depth=30.4
	fall() 21:21:26 depth=30.3 velo=-0.07
	fall() 21:21:32 depth=30.5 velo=0.04
	fall() 21:21:38 depth=30.5 velo=0.01
	fall() 21:21:44 depth=30.3 velo=-0.02
	fall() 21:21:50 depth=30.4
	fall() 21:21:56 depth=30.3 velo=-0.03
	fall() 21:22:02 depth=30.4
	fall() 21:22:08 depth=30.5
	fall() 21:22:14 depth=30.3
	fall() 21:22:20 depth=30.4 velo=-0.04
	fall() 21:22:26 depth=30.5
	fall() 21:22:32 depth=30.4
	fall() 21:22:38 depth=30.3 velo=-0.07
	fall() 21:22:44 depth=30.5 velo=0.06
	fall() 21:22:50 depth=30.3
	fall() 21:22:56 depth=30.6 velo=0.08
	fall() 21:23:02 depth=30.3 velo=-0.06
	fall() 21:23:08 depth=30.4 velo=0.05
	fall() 21:23:14 depth=30.5
	fall() 21:23:20 depth=30.4 velo=0.05
	fall() 21:23:26 depth=30.3 velo=-0.03
	fall() 21:23:32 depth=30.4
	fall() 21:23:38 depth=30.4
	fall() 21:23:44 depth=30.4 velo=-0.06
	fall() 21:23:50 depth=30.5 velo=0.10
	fall() 21:23:56 depth=30.2 velo=-0.10
	fall() 21:24:02 depth=30.6
	fall() 21:24:08 depth=30.4
	fall() 21:24:14 depth=30.2 velo=-0.09
	fall() 21:24:20 depth=30.6
	fall() 21:24:26 depth=30.4
	fall() 21:24:32 depth=30.3 velo=-0.09
	fall() 21:24:38 depth=30.5 velo=0.05
	fall() 21:24:44 depth=30.4
	fall() 21:24:50 depth=30.4
	fall() 21:24:56 depth=30.5 velo=0.03
	fall() 21:25:02 depth=30.4
	fall() 21:25:08 depth=30.4
	fall() 21:25:14 depth=30.3
	fall() 21:25:20 depth=30.4 velo=-0.03
	fall() 21:25:26 depth=30.4
	fall() 21:25:32 depth=30.4
	fall() 21:25:38 depth=30.4 velo=0.04
	fall() 21:25:44 depth=30.4
	fall() 21:25:50 depth=30.4 velo=0.00
	fall() 21:25:56 depth=30.5 velo=0.07
	fall() 21:26:02 depth=30.3
	fall() 21:26:08 depth=30.5
	fall() 21:26:14 depth=30.4 velo=-0.03
	fall() 21:26:20 depth=30.4
	fall() 21:26:26 depth=30.4 velo=-0.05
	fall() 21:26:32 depth=30.5 velo=0.07
	fall() 21:26:38 depth=30.3 velo=-0.06
	fall() 21:26:44 depth=30.6 velo=0.07
	fall() 21:26:50 depth=30.2
	fall() 21:26:56 depth=30.4
	fall() 21:27:02 depth=30.5
	fall() 21:27:08 depth=30.3
	fall() 21:27:14 depth=30.5
	fall() 21:27:20 depth=30.4
	fall() 21:27:26 depth=30.4 velo=-0.03
	fall() 21:27:32 depth=30.4 velo=0.05
	fall() 21:27:38 depth=30.5
	fall() 21:27:44 depth=30.5 velo=0.05
	fall() 21:27:50 depth=30.4
	fall() 21:27:56 depth=30.4
	fall() 21:28:02 depth=30.5 velo=0.05
	fall() 21:28:08 depth=30.3
	fall() 21:28:14 depth=30.5
	fall() 21:28:20 depth=30.5 velo=0.06
	fall() 21:28:26 depth=30.3 velo=-0.08
	fall() 21:28:32 depth=30.4
	fall() 21:28:38 depth=30.6 velo=0.08
	fall() 21:28:44 depth=30.3 velo=-0.10
	fall() 21:28:50 depth=30.5 velo=0.06
	fall() 21:28:56 depth=30.4 velo=-0.03
	fall() 21:29:02 depth=30.5
	fall() 21:29:08 depth=30.3
	fall() 21:29:14 depth=30.5 velo=-0.02
	fall() 21:29:20 depth=30.5
	fall() 21:29:26 depth=30.3
	fall() 21:29:32 depth=30.4
	fall() 21:29:38 depth=30.6
	fall() 21:29:44 depth=30.3
	fall() 21:29:50 depth=30.4
	fall() 21:29:56 depth=30.6 velo=0.07
	fall() 21:30:02 depth=30.3
	fall() 21:30:08 depth=30.4
	fall() 21:30:14 depth=30.7 velo=0.12
	fall() 21:30:20 depth=30.2
	fall() 21:30:26 depth=30.4
	fall() 21:30:32 depth=30.6 velo=0.11
	fall() 21:30:38 depth=30.3 velo=-0.08
	fall() 21:30:44 depth=30.4
	fall() 21:30:50 depth=30.4 velo=-0.01
	fall() 21:30:56 depth=30.4
	fall() 21:31:02 depth=30.5
	fall() 21:31:08 depth=30.3 velo=-0.08
	fall() 21:31:14 depth=30.5 velo=0.04
	fall() 21:31:20 depth=30.4
	fall() 21:31:26 depth=30.3 velo=-0.05
	fall() 21:31:32 depth=30.6
	fall() 21:31:38 depth=30.4 velo=0.04
	fall() 21:31:44 depth=30.3 velo=-0.06
	fall() 21:31:50 depth=30.6
	fall() 21:31:56 depth=30.4
	fall() 21:32:02 depth=30.3 velo=-0.08
	fall() 21:32:08 depth=30.5 velo=0.08
	fall() 21:32:14 depth=30.5
	fall() 21:32:20 depth=30.3 velo=-0.04
	fall() 21:32:26 depth=30.5
	fall() 21:32:32 depth=30.5
	fall() 21:32:38 depth=30.3 velo=-0.07
	fall() 21:32:44 depth=30.6 velo=0.10
	fall() 21:32:50 depth=30.4 velo=-0.03
	fall() 21:32:56 depth=30.4
	fall() 21:33:02 depth=30.5
	fall() 21:33:08 depth=30.4
	fall() 21:33:14 depth=30.4
	fall() 21:33:20 depth=30.3 velo=-0.06
	fall() 21:33:26 depth=30.5
	fall() 21:33:32 depth=30.5 velo=0.02
	fall() 21:33:38 depth=30.3 velo=-0.03
	fall() 21:33:44 depth=30.4
	fall() 21:33:50 depth=30.5
	fall() 21:33:56 depth=30.3
	fall() 21:34:02 depth=30.5
	fall() 21:34:08 depth=30.4
	fall() 21:34:14 depth=30.3 velo=-0.06
	fall() 21:34:20 depth=30.6
	fall() 21:34:26 depth=30.4
	fall() 21:34:32 depth=30.3 velo=-0.04
	fall() 21:34:38 depth=30.4
	fall() 21:34:44 depth=30.5 velo=0.02
	fall() 21:34:50 depth=30.4
	fall() 21:34:56 depth=30.3 velo=-0.06
	fall() 21:35:02 depth=30.4
	fall() 21:35:08 depth=30.5 velo=0.05
	fall() 21:35:14 depth=30.3
	fall() 21:35:20 depth=30.4
	fall() 21:35:26 depth=30.4
	fall() 21:35:32 depth=30.3 velo=-0.03
	fall() 21:35:38 depth=30.5 velo=0.03
	fall() 21:35:44 depth=30.5
	fall() 21:35:50 depth=30.2 velo=-0.07
	fall() 21:35:56 depth=30.5
	fall() 21:36:02 depth=30.4
	fall() 21:36:08 depth=30.3
	fall() 21:36:14 depth=30.4
	fall() 21:36:20 depth=30.4
	fall() 21:36:26 depth=30.4
	fall() 21:36:32 depth=30.5
	fall() 21:36:38 depth=30.5 velo=0.02
	fall() 21:36:44 depth=30.4
	fall() 21:36:50 depth=30.4
	fall() 21:36:56 depth=30.5
	fall() 21:37:02 depth=30.4
	fall() 21:37:08 depth=30.4
	fall() 21:37:14 depth=30.5
	fall() 21:37:20 depth=30.5
	fall() 21:37:26 depth=30.2
	fall() 21:37:32 depth=30.6
	fall() 21:37:38 depth=30.4
	fall() 21:37:44 depth=30.4
	fall() 21:37:50 depth=30.4
	fall() 21:37:56 depth=30.4
	fall() 21:38:02 depth=30.4
	fall() 21:38:08 depth=30.3 velo=-0.05
	fall() 21:38:14 depth=30.5 velo=0.06
	fall() 21:38:20 depth=30.4 velo=-0.03
	fall() 21:38:26 depth=30.4
	fall() 21:38:32 depth=30.5
	fall() 21:38:38 depth=30.3 velo=-0.05
	fall() 21:38:44 depth=30.5 velo=0.08
	fall() 21:38:50 depth=30.5
	fall() 21:38:56 depth=30.2 velo=-0.08
	fall() 21:39:02 depth=30.5 velo=0.06
	fall() 21:39:08 depth=30.4 velo=-0.04
	fall() 21:39:14 depth=30.4
	fall() 21:39:20 depth=30.4
	fall() 21:39:26 depth=30.4 velo=-0.02
	fall() 21:39:32 depth=30.4
	fall() 21:39:38 depth=30.5 velo=0.05
	fall() 21:39:44 depth=30.2 velo=-0.10
	fall() 21:39:50 depth=30.7 velo=0.09
	fall() 21:39:56 depth=30.3
	fall() 21:40:02 depth=30.4
	fall() 21:40:08 depth=30.5
	fall() 21:40:14 depth=30.3 velo=-0.03
	fall() 21:40:20 depth=30.4 velo=-0.04
	fall() 21:40:26 depth=30.5
	fall() 21:40:32 depth=30.4
	fall() 21:40:38 depth=30.4 velo=-0.07
	fall() 21:40:44 depth=30.5
	fall() 21:40:50 depth=30.5 velo=0.07
	fall() 21:40:56 depth=30.3 velo=-0.09
	fall() 21:41:02 depth=30.5 velo=0.05
	fall() 21:41:08 depth=30.4
	fall() 21:41:14 depth=30.3
	fall() 21:41:20 depth=30.6
	fall() 21:41:26 depth=30.5
	fall() 21:41:32 depth=30.2 velo=-0.08
	fall() 21:41:38 depth=30.6
	fall() 21:41:44 depth=30.6 velo=0.08
	fall() 21:41:50 depth=30.2 velo=-0.10
	fall() 21:41:56 depth=30.5
	fall() 21:42:02 depth=30.4 velo=-0.04
	fall() 21:42:08 depth=30.4
	fall() 21:42:14 depth=30.5 velo=0.05
	fall() 21:42:20 depth=30.3 velo=-0.09
	fall() 21:42:26 depth=30.4
	fall() 21:42:32 depth=30.4 velo=0.02
	fall() 21:42:38 depth=30.5
	fall() 21:42:44 depth=30.3
	fall() 21:42:50 depth=30.4 velo=0.03
	fall() 21:42:56 depth=30.4
	fall() 21:43:02 depth=30.5
	fall() 21:43:08 depth=30.3
	fall() 21:43:14 depth=30.5
	fall() 21:43:20 depth=30.5
fall() ERR 	| fall timeout 1800s @ 30.4, stop
	fall() ERR retry 1
		+ngkSend(#S,01,00) at 21:43:21
ngkFlush() 	| flushed out stopRsp
ngkFlush() 	| flushed out stopRsp
ngkFlush() 	| flushed out stopRsp
	fall() fallCmd to winch at 21:43:53
		+ngkSend(#F,01,00) at 21:43:53
	fall() 21:43:59 depth=30.4
		+ngkRecv(%F,02,00) fallRsp 21:44:04
fall()	| fallRsp from winch
	fall() 21:44:05 depth=30.5 velo=0.05
	fall() 21:44:11 depth=30.4
		+ngkRecv(#S,02,00) stopCmd 21:44:16
fall()	| stopCmd from winch
cycle 5 @09-28-18 21:44:16 dataPhase()
 starting wispr detection; end in hour 7, 10 hours to run 21:44:16
wispr:	| run for 16 min 21:44:16
log file	| log\005wsp.log [0] [0]
wspStop	| err: expected 'done', not seen...
Day watchdog
log file	| log\005eng.logLARA eng log 09-28-18 22:04:06
cycle 5
current lateral = 0.00
rise start 21:04:52 @30.4
rise end 21:06:25 @1.3
dock depth 28.9, surf depth 1.3, meters 27.6
gps start 44:38.7551 N : 124:22.4135 W
gps drift 44:38.7551 N : 124:22.4135 W

log file	| log\006s16.log
cycle 6 @09-28-18 22:04:07 risePhase()
oceanCurrChk()
oceanCurr()	| ant=30.6 boy=45.5
oceanCurr()	| ERR boy2ant<cD-aD
-ERR(boy)	|10| 22:04:35  oceanCurr failed
rise(2.1, 0)
		+ngkSend(#R,01,03) at 22:04:36
	| riseCmd sent to winch at 22:04:36
	| 22:04:42 depth=30.3
		+ngkRecv(%R,02,00) riseRsp 22:04:47
rise()	| riseRsp from winch
	| 22:04:48 depth=29.6 velo=-0.28
	| 22:04:54 depth=27.7 velo=-0.39
	| 20sec 22:04:57 startD-nowD 4.0 
	| 22:05:00 depth=25.4 velo=-0.39
	| 22:05:06 depth=22.8 velo=-0.34
	| 22:05:12 depth=20.3 velo=-0.42
	| 22:05:18 depth=18.1 velo=-0.35
	| 22:05:24 depth=15.5 velo=-0.40
	| 22:05:30 depth=13.0 velo=-0.32
	| 22:05:36 depth=10.6 velo=-0.38
	| 22:05:42 depth=7.7 velo=-0.52
	| 22:05:48 depth=5.6 velo=-0.28
	| 22:05:54 depth=2.5 velo=-0.69
	| reached targetD 2.1 at 22:05:58
		+ngkSend(#S,01,00) at 22:05:58
	| 22:06:00 depth=1.1 velo=-0.39
	| 22:06:06 depth=1.8 velo=0.16
		+ngkRecv(%S,02,00) stopRsp 22:06:09
rise()	| stopRsp from winch
cycle 6 @09-28-18 22:06:09 iridPhase()
22:06:12 ===

gpsSats	| i got nothing
'
+PD:
UTC Date=09-28-2018
Invalid Position Fix
Satellites Used=00

OK
'
22:07:15 ====

clcc-> x0D  x0A +CLCC:006 x0D  x0A  x0D  x0A OK x0D  x0A 
iridSig() csq=0 csq=3 22:07:44 (0) (1) (2) (3) (4)
-ERR(gps)	|2| 22:08:07 call retry exceeded
ERR	| iridDial()->4
22:08:07 ====

clcc-> x0D  x0A +CLCC:006 x0D  x0A  x0D  x0A OK x0D  x0A 
iridSig() csq=0 csq=0 csq=0 csq=0 csq=0 csq=0 csq=0 csq=0 csq=5 22:08:52 (0) (1) (2) (3) (4)
-ERR(gps)	|3| 22:09:15 call retry exceeded
ERR	| iridDial()->4
22:09:15 ====

clcc-> x0D  x0A +CLCC:006 x0D  x0A  x0D  x0A OK x0D  x0A 
iridSig() csq=0 csq=0 csq=0 csq=0 csq=0 csq=0 csq=0 csq=0 csq=0 csq=0 csq=0 csq=0 csq=0 csq=0 csq=0 csq=0 csq=0 csq=0 csq=0 csq=0 csq=0 csq=0 csq=0 csq=0 csq=0
ERR	| iridSig()->2
22:10:43 ====

clcc-> x0D  x0A +CLCC:006 x0D  x0A  x0D  x0A OK x0D  x0A 
iridSig() csq=0 csq=0 csq=0 csq=0 csq=0 csq=0 csq=0 csq=0 csq=0 csq=1 csq=1 csq=0 csq=0 csq=0 csq=5 22:11:46 (0) (1) (2) (3) (4)
-ERR(gps)	|4| 22:12:10 call retry exceeded
ERR	| iridDial()->4
22:12:10 =====

gpsSats	| i got nothing
'
+PD:
UTC Date=09-28-2018
Invalid Position Fix
Satellites Used=00

OK
'
antAuton(false)	| stop fail, retry ... stop failed
cycle 6 @09-28-18 22:13:22 fallPhase()
ngkFlush() 	| flushed out stopCmd
ngkFlush() 	| flushed out stopCmd
ngkFlush() 	| flushed out stopCmd
	fall() fallCmd to winch at 22:13:38
		+ngkSend(#F,01,00) at 22:13:38
	fall() 22:13:44 depth=3.0
		+ngkRecv(%F,02,00) fallRsp 22:13:49
fall()	| fallRsp from winch
	fall() 22:13:50 depth=3.4
	fall() 22:13:56 depth=5.1 velo=0.34
	fall() 22:14:02 depth=5.7 velo=0.29
	fall() 22:14:08 depth=6.8 velo=0.15
	fall() 22:14:14 depth=7.5
	fall() 22:14:20 depth=8.9 velo=0.25
	fall() 22:14:26 depth=9.2 velo=0.05
		+ngkSend(#S,01,00) at 22:14:28
	fall() 22:14:32 depth=10.7 velo=0.13
	fall() 22:14:38 depth=10.7
		+ngkRecv(%S,02,00) stopRsp 22:14:39
fall()	| stopRsp from winch
oceanCurrChk()
oceanCurr()	| ant=10.0 boy=24.5
oceanCurr()	| ERR boy2ant<cD-aD
-ERR(boy)	|11| 22:15:06  oceanCurr failed
	fall() fallCmd to winch at 22:15:22
		+ngkSend(#F,01,00) at 22:15:22
	fall() 22:15:28 depth=9.1 velo=-0.14
		+ngkRecv(%F,02,00) fallRsp 22:15:33
fall()	| fallRsp from winch
	fall() 22:15:34 depth=10.2 velo=0.21
	fall() 22:15:40 depth=11.1 velo=0.20
	fall() 22:15:46 depth=12.0
	fall() 22:15:52 depth=13.5 velo=0.25
	fall() 22:15:58 depth=14.4 velo=0.34
	fall() 22:16:04 depth=15.1
	fall() 22:16:10 depth=16.4 velo=0.16
	fall() 22:16:16 depth=17.5 velo=0.17
	fall() 22:16:22 depth=18.6 velo=0.29
	fall() 22:16:28 depth=19.5 velo=0.08
	fall() 22:16:34 depth=20.7 velo=0.24
	fall() 22:16:40 depth=21.8 velo=0.18
	fall() 22:16:46 depth=22.7 velo=0.10
	fall() 22:16:52 depth=24.1 velo=0.30
	fall() 22:16:58 depth=24.7 velo=0.07
	fall() 22:17:04 depth=26.0 velo=0.21
	fall() 22:17:10 depth=26.7 velo=0.15
	fall() 22:17:16 depth=27.9 velo=0.18
	fall() 22:17:22 depth=29.2 velo=0.19
	fall() 22:17:28 depth=29.9 velo=0.17
	fall() 22:17:34 depth=30.3 velo=-0.08
		+ngkRecv(#S,02,00) stopCmd 22:17:38
fall()	| stopCmd from winch
cycle 6 @09-28-18 22:17:38 dataPhase()
 starting wispr detection; end in hour 7, 9 hours to run 22:17:38
wispr:	| rest for 13 min 22:17:38
wispr:	| run for 30 min 22:30:38
log file	| log\006wsp.log [0] [0] [0]
wspStop	| err: expected 'done', not seen...
wispr:	| rest for 26 min 23:04:17
wispr:	| run for 30 min 23:30:17
log file	| log\006wsp.log [0] [0] [0]
wspStop	| err: expected 'done', not seen...
wispr:	| rest for 27 min 00:03:57
wispr:	| run for 30 min 00:30:57
log file	| log\006wsp.log [0] [0] [0]
wspStop	| err: expected 'done', not seen...
wispr:	| rest for 26 min 01:04:36
wispr:	| run for 30 min 01:30:37
log file	| log\006wsp.log [0] [0] [0]
wspStop	| err: expected 'done', not seen...
wispr:	| rest for 26 min 02:04:16
wispr:	| run for 30 min 02:30:16
log file	| log\006wsp.log [0] [0] [0]
wspStop	| err: expected 'done', not seen...
wispr:	| rest for 27 min 03:03:56
wispr:	| run for 30 min 03:30:56
log file	| log\006wsp.log [0] [0] [0]
wspStop	| err: expected 'done', not seen...
wispr:	| rest for 26 min 04:04:35
wispr:	| run for 30 min 04:30:36
log file	| log\006wsp.log [0] [0] [0]
wspStop	| err: expected 'done', not seen...
wispr:	| rest for 26 min 05:04:15
wispr:	| run for 30 min 05:30:16
log file	| log\006wsp.log [0] [0] [0]
wspStop	| err: expected 'done', not seen...
wispr:	| rest for 27 min 06:03:55
wispr:	| run for 30 min 06:30:55
log file	| log\006wsp.log [0] [0] [0]
wspStop	| err: expected 'done', not seen...
log file	| log\006eng.logLARA eng log 09-29-18 07:04:45
cycle 6
current lateral = 0.00
rise start 22:04:35 @30.6
rise end 22:06:09 @1.5
dock depth 28.9, surf depth 1.5, meters 27.4
gps start 44:38.7551 N : 124:22.4135 W
gps drift 44:38.7551 N : 124:22.4135 W

log file	| log\007s16.log
cycle 7 @09-29-18 07:04:46 risePhase()
oceanCurrChk()
oceanCurr()	| ant=28.9 boy=43.8
oceanCurr()	| ERR boy2ant<cD-aD
-ERR(boy)	|12| 07:05:14  oceanCurr failed
rise(2.1, 0)
		+ngkSend(#R,01,03) at 07:05:15
	| riseCmd sent to winch at 07:05:15
	| 07:05:21 depth=29.0 velo=0.02
		+ngkRecv(%R,02,00) riseRsp 07:05:26
rise()	| riseRsp from winch
	| 07:05:27 depth=28.3 velo=-0.19
	| 07:05:33 depth=26.6 velo=-0.33
	| 20sec 07:05:36 startD-nowD 3.5 
	| 07:05:39 depth=24.5 velo=-0.45
	| 07:05:45 depth=22.2 velo=-0.38
	| 07:05:51 depth=20.0 velo=-0.40
	| 07:05:57 depth=17.8 velo=-0.33
	| 07:06:03 depth=15.4 velo=-0.43
	| 07:06:09 depth=12.8 velo=-0.37
	| 07:06:15 depth=10.6 velo=-0.50
	| 07:06:21 depth=7.6 velo=-0.50
	| 07:06:27 depth=5.3 velo=-0.50
	| 07:06:33 depth=3.7 velo=-0.18
	| reached targetD 2.0 at 07:06:35
		+ngkSend(#S,01,00) at 07:06:35
	| 07:06:39 depth=1.5
	| 07:06:45 depth=1.4
		+ngkRecv(%S,02,00) stopRsp 07:06:46
rise()	| stopRsp from winch
cycle 7 @09-29-18 07:06:46 iridPhase()
07:06:49 ===

GPS Sats=08 Date=09-29-2018 Time=07:07:36.000
gpsSetTime()	| off by -1 seconds
 Lat=44:38.7514 N Lng=124:22.4184 W
07:07:37 ====

clcc-> x0D  x0A +CLCC:006 x0D  x0A  x0D  x0A OK x0D  x0A 
iridSig() csq=5 07:08:07 CONNECT 9600rudBaud@1000 +10000us  proj

iridSendFile(hello.txt) 1of1 [[7]]
LandResp(cmds)
CMDS(5)->''send1''
iridSendFile(log\006eng.log) 1of1 [[262]]
LandResp( x0D cmds)
CMDS(5)->''send2''
iridSendFile(log\006s16.log) 1of1 [[1000]]
LandResp( x0D cmds)
CMDS(5)->''send3''
clcc-> x0D  x0A +CLCC:000 x0D  x0A  x0D  x0A OK x0D  x0A 
07:09:18 =====

GPS Sats=05 Date=09-29-2018 Time=07:09:45.000
gpsSetTime()	| off by 0 seconds
 Lat=44:38.7538 N Lng=124:22.4192 W
antAuton(false)	| stop fail, retry ... stop failed
cycle 7 @09-29-18 07:09:56 fallPhase()
	fall() fallCmd to winch at 07:10:12
		+ngkSend(#F,01,00) at 07:10:12
	fall() 07:10:18 depth=1.9
	fall() 07:10:24 depth=3.4
		+ngkRecv(%F,02,00) fallRsp 07:10:24
fall()	| fallRsp from winch
	fall() 07:10:30 depth=3.6 velo=0.08
	fall() 07:10:36 depth=5.4 velo=0.29
	fall() 07:10:42 depth=6.1
	fall() 07:10:48 depth=7.4 velo=0.11
	fall() 07:10:54 depth=8.2 velo=0.26
	fall() 07:11:00 depth=9.3 velo=0.11
		+ngkSend(#S,01,00) at 07:11:03
	fall() 07:11:06 depth=10.5 velo=0.18
	fall() 07:11:12 depth=11.0 velo=0.09
		+ngkRecv(%S,02,00) stopRsp 07:11:14
fall()	| stopRsp from winch
oceanCurrChk()
oceanCurr()	| ant=10.3 boy=25.0
oceanCurr()	| ERR boy2ant<cD-aD
-ERR(boy)	|13| 07:11:41  oceanCurr failed
	fall() fallCmd to winch at 07:11:57
		+ngkSend(#F,01,00) at 07:11:57
	fall() 07:12:03 depth=10.0
		+ngkRecv(%F,02,00) fallRsp 07:12:08
fall()	| fallRsp from winch
	fall() 07:12:09 depth=10.9 velo=0.12
	fall() 07:12:15 depth=12.1 velo=0.30
	fall() 07:12:21 depth=13.2 velo=0.22
	fall() 07:12:27 depth=14.1 velo=0.19
	fall() 07:12:33 depth=15.5 velo=0.33
	fall() 07:12:39 depth=16.0
	fall() 07:12:45 depth=17.3 velo=0.09
	fall() 07:12:51 depth=18.5 velo=0.24
	fall() 07:12:57 depth=19.4 velo=0.21
	fall() 07:13:03 depth=20.4 velo=0.13
	fall() 07:13:09 depth=21.7 velo=0.22
	fall() 07:13:15 depth=22.4 velo=0.12
	fall() 07:13:21 depth=23.6 velo=0.25
	fall() 07:13:27 depth=24.3 velo=0.09
	fall() 07:13:33 depth=25.6 velo=0.19
	fall() 07:13:39 depth=26.5 velo=0.14
	fall() 07:13:45 depth=27.9 velo=0.28
	fall() 07:13:51 depth=28.7 velo=0.13
	fall() 07:13:57 depth=29.0
		+ngkRecv(#S,02,00) stopCmd 07:14:01
fall()	| stopCmd from winch
cycle 7 @09-29-18 07:14:01 dataPhase()
 starting wispr detection; end in hour 7, 0 hours to run 07:14:01
log file	| log\007eng.logLARA eng log 09-29-18 07:14:10
cycle 7
current lateral = 0.00
rise start 07:05:14 @28.9
rise end 07:06:46 @1.3
dock depth 28.9, surf depth 1.3, meters 27.7
gps start 44:38.7514 N : 124:22.4184 W
gps drift 44:38.7538 N : 124:22.4192 W

log file	| log\008s16.log
cycle 8 @09-29-18 07:14:11 risePhase()
oceanCurrChk()
oceanCurr()	| ant=29.2 boy=44.1
oceanCurr()	| ERR boy2ant<cD-aD
-ERR(boy)	|14| 07:14:38  oceanCurr failed
rise(2.1, 0)
		+ngkSend(#R,01,03) at 07:14:38
	| riseCmd sent to winch at 07:14:38
	| 07:14:44 depth=29.0
	| 07:14:50 depth=28.4 velo=-0.25
		+ngkRecv(%R,02,00) riseRsp 07:14:50
rise()	| riseRsp from winch
	| 07:14:56 depth=26.0 velo=-0.43
	| 20sec 07:14:59 startD-nowD 4.5 
	| 07:15:02 depth=23.6 velo=-0.35
	| 07:15:08 depth=20.9 velo=-0.52
	| 07:15:14 depth=18.6 velo=-0.34
	| 07:15:20 depth=16.2 velo=-0.36
	| 07:15:26 depth=13.4 velo=-0.44
	| 07:15:32 depth=11.0 velo=-0.38
	| 07:15:38 depth=8.4 velo=-0.45
	| 07:15:44 depth=5.8 velo=-0.38
	| 07:15:50 depth=3.0 velo=-0.43
	| reached targetD 2.1 at 07:15:53
		+ngkSend(#S,01,00) at 07:15:53
	| 07:15:56 depth=1.4
	| 07:16:02 depth=1.1
		+ngkRecv(%S,02,00) stopRsp 07:16:04
rise()	| stopRsp from winch
cycle 8 @09-29-18 07:16:04 iridPhase()
07:16:08 ===

GPS Sats=07 Date=09-29-2018 Time=07:16:41.000
gpsSetTime()	| off by -1 seconds
 Lat=44:38.7497 N Lng=124:22.4198 W
07:16:42 ====

clcc-> x0D  x0A +CLCC:006 x0D  x0A  x0D  x0A OK x0D  x0A 
iridSig() csq=5 07:17:13 CONNECT 9600rudBaud@1000 +10000us  proj

iridSendFile(hello.txt) 1of1 [[7]]
LandResp(cmds)
CMDS(5)->''send1''
iridSendFile(log\007eng.log) 1of1 [[262]]
LandResp( x0D cmds)
CMDS(5)->''send2''
iridSendFile(log\007s16.log) 1of1 [[1000]]
LandResp( x0D cmds)
CMDS(5)->''send3''
clcc-> x0D  x0A +CLCC:000 x0D  x0A  x0D  x0A OK x0D  x0A 
07:18:14 =====

GPS Sats=07 Date=09-29-2018 Time=07:18:30.000
gpsSetTime()	| off by -1 seconds
 Lat=44:38.7511 N Lng=124:22.4230 W
antAuton(false)	| stop fail, retry ... stop failed
cycle 8 @09-29-18 07:18:41 fallPhase()
	fall() fallCmd to winch at 07:18:57
		+ngkSend(#F,01,00) at 07:18:57
	fall() 07:19:03 depth=1.7
	fall() 07:19:09 depth=1.6 velo=0.09
	fall() WARN no response from winch 07:19:14
	fall() 07:19:15 depth=1.7
	fall() 07:19:21 depth=1.7
	fall() 07:19:27 depth=1.5
	fall() 07:19:33 depth=1.3
	fall() 07:19:39 depth=1.6 velo=-0.12
	fall() 07:19:45 depth=1.4
	fall() 07:19:51 depth=1.7
	fall() 07:19:57 depth=1.2 velo=-0.27
	fall() 07:20:03 depth=1.8
	fall() 07:20:09 depth=1.9
	fall() 07:20:15 depth=1.5
	fall() 07:20:21 depth=1.7
	fall() 07:20:27 depth=1.7
	fall() 07:20:33 depth=2.1
	fall() 07:20:39 depth=1.4
	fall() 07:20:45 depth=1.5 velo=-0.15
	fall() 07:20:51 depth=1.5
	fall() 07:20:57 depth=1.5
	fall() 07:21:03 depth=1.8 velo=0.18
	fall() 07:21:09 depth=1.7
	fall() 07:21:15 depth=1.9
	fall() 07:21:21 depth=1.6
	fall() 07:21:27 depth=1.7
	fall() 07:21:33 depth=2.1
	fall() 07:21:39 depth=1.8
	fall() 07:21:45 depth=1.8
	fall() 07:21:51 depth=1.8
	fall() 07:21:57 depth=1.9
	fall() 07:22:03 depth=1.3 velo=-0.16
	fall() 07:22:09 depth=1.8
	fall() 07:22:15 depth=1.9 velo=0.19
	fall() 07:22:21 depth=1.6
	fall() 07:22:27 depth=1.5
	fall() 07:22:33 depth=2.0
	fall() 07:22:39 depth=1.4
	fall() 07:22:45 depth=1.6
	fall() 07:22:51 depth=1.6
	fall() 07:22:57 depth=2.1 velo=0.26
	fall() 07:23:03 depth=1.8
	fall() 07:23:09 depth=1.5
	fall() 07:23:15 depth=1.5
	fall() 07:23:21 depth=1.6 velo=-0.22
	fall() 07:23:27 depth=1.7
	fall() 07:23:33 depth=1.9 velo=0.21
	fall() 07:23:39 depth=1.6 velo=-0.16
	fall() 07:23:45 depth=1.7
	fall() 07:23:51 depth=1.4
	fall() 07:23:57 depth=1.5
	fall() 07:24:03 depth=1.9
	fall() 07:24:09 depth=1.9
	fall() 07:24:15 depth=1.8
	fall() 07:24:21 depth=1.9
	fall() 07:24:27 depth=1.7
	fall() 07:24:33 depth=2.0
	fall() 07:24:39 depth=2.0 velo=0.10
	fall() 07:24:45 depth=2.3 velo=0.31
	fall() 07:24:51 depth=2.3
	fall() 07:24:57 depth=1.6
	fall() 07:25:03 depth=1.6 velo=-0.22
	fall() 07:25:09 depth=1.5 velo=-0.23
	fall() 07:25:15 depth=2.6 velo=0.19
	fall() 07:25:21 depth=2.6 velo=0.41
	fall() 07:25:27 depth=1.7
	fall() 07:25:33 depth=1.8
	fall() 07:25:39 depth=2.3
	fall() 07:25:45 depth=2.5 velo=0.28
	fall() 07:25:51 depth=2.1
	fall() 07:25:57 depth=2.6
	fall() 07:26:03 depth=1.8
	fall() 07:26:09 depth=2.0
	fall() 07:26:15 depth=2.3
	fall() 07:26:21 depth=2.0
	fall() 07:26:27 depth=1.9
	fall() 07:26:33 depth=1.8
	fall() 07:26:39 depth=2.5
	fall() 07:26:45 depth=2.5
	fall() 07:26:51 depth=2.2
	fall() 07:26:57 depth=2.2 velo=-0.15
	fall() 07:27:03 depth=2.3 velo=0.15
	fall() 07:27:09 depth=2.5
	fall() 07:27:15 depth=2.9 velo=0.23
	fall() 07:27:21 depth=2.5
	fall() 07:27:27 depth=2.3
	fall() 07:27:33 depth=2.5
	fall() 07:27:39 depth=2.7 velo=0.21
	fall() 07:27:45 depth=2.1
	fall() 07:27:51 depth=2.0 velo=-0.21
	fall() 07:27:57 depth=2.3
	fall() 07:28:03 depth=2.4
	fall() 07:28:09 depth=2.3
	fall() 07:28:15 depth=2.3
	fall() 07:28:21 depth=2.5
	fall() 07:28:27 depth=2.5
	fall() 07:28:33 depth=2.1
	fall() 07:28:39 depth=2.4
	fall() 07:28:45 depth=2.2
	fall() 07:28:51 depth=2.6
	fall() 07:28:57 depth=2.4 velo=0.18
	fall() 07:29:03 depth=2.0
	fall() 07:29:09 depth=2.4
	fall() 07:29:15 depth=2.2 velo=0.18
	fall() 07:29:21 depth=2.0
	fall() 07:29:27 depth=2.3
	fall() 07:29:33 depth=2.2
	fall() 07:29:39 depth=1.7
	fall() 07:29:45 depth=2.4
	fall() 07:29:51 depth=1.8
	fall() 07:29:57 depth=1.8
	fall() 07:30:03 depth=1.9
	fall() 07:30:09 depth=2.1 velo=0.19
	fall() 07:30:15 depth=1.7
	fall() 07:30:21 depth=1.7
	fall() 07:30:27 depth=1.7
	fall() 07:30:33 depth=2.5
	fall() 07:30:39 depth=1.7
	fall() 07:30:45 depth=1.8
	fall() 07:30:51 depth=1.9
	fall() 07:30:57 depth=1.8
	fall() 07:31:03 depth=1.5
	fall() 07:31:09 depth=1.5
	fall() 07:31:15 depth=1.5
	fall() 07:31:21 depth=1.7
	fall() 07:31:27 depth=1.7
	fall() 07:31:33 depth=1.5
	fall() 07:31:39 depth=1.7
	fall() 07:31:45 depth=1.8
	fall() 07:31:51 depth=1.5 velo=-0.06
	fall() 07:31:57 depth=1.5
	fall() 07:32:03 depth=1.4 velo=-0.17
	fall() 07:32:09 depth=1.6
	fall() 07:32:15 depth=1.9
	fall() 07:32:21 depth=1.6
	fall() 07:32:27 depth=1.6
	fall() 07:32:33 depth=1.5
	fall() 07:32:39 depth=1.9
	fall() 07:32:45 depth=1.5
	fall() 07:32:51 depth=1.5
	fall() 07:32:57 depth=1.6
	fall() 07:33:03 depth=1.8
	fall() 07:33:09 depth=1.4
	fall() 07:33:15 depth=1.6
	fall() 07:33:21 depth=1.3
	fall() 07:33:27 depth=1.3
	fall() 07:33:33 depth=1.3
	fall() 07:33:39 depth=1.9 velo=0.16
	fall() 07:33:45 depth=1.3
	fall() 07:33:51 depth=1.6 velo=-0.12
	fall() 07:33:57 depth=2.0 velo=0.15
	fall() 07:34:03 depth=1.8
	fall() 07:34:09 depth=1.3
	fall() 07:34:15 depth=1.6
	fall() 07:34:21 depth=2.0 velo=0.18
	fall() 07:34:27 depth=1.7
	fall() 07:34:33 depth=1.6
	fall() 07:34:39 depth=1.3 velo=-0.10
	fall() 07:34:45 depth=1.6
	fall() 07:34:51 depth=1.5
	fall() 07:34:57 depth=1.4
	fall() 07:35:03 depth=1.7
	fall() 07:35:09 depth=1.6
	fall() 07:35:15 depth=1.6
	fall() 07:35:21 depth=1.4
	fall() 07:35:27 depth=1.4
	fall() 07:35:33 depth=1.9 velo=0.12
	fall() 07:35:39 depth=1.4
	fall() 07:35:45 depth=1.3
	fall() 07:35:51 depth=2.2 velo=0.17
	fall() 07:35:57 depth=1.8 velo=0.23
	fall() 07:36:03 depth=1.4
	fall() 07:36:09 depth=1.5
	fall() 07:36:15 depth=1.3
	fall() 07:36:21 depth=1.5
	fall() 07:36:27 depth=2.2 velo=0.23
	fall() 07:36:33 depth=1.6
	fall() 07:36:39 depth=1.2 velo=-0.22
	fall() 07:36:45 depth=1.6
	fall() 07:36:51 depth=2.1 velo=0.24
	fall() 07:36:57 depth=1.4
	fall() 07:37:03 depth=1.6
	fall() 07:37:09 depth=1.8
	fall() 07:37:15 depth=1.7
	fall() 07:37:21 depth=1.7
	fall() 07:37:27 depth=1.7
	fall() 07:37:33 depth=1.6
	fall() 07:37:39 depth=1.6
	fall() 07:37:45 depth=2.0
	fall() 07:37:51 depth=1.7
	fall() 07:37:57 depth=1.5
	fall() 07:38:03 depth=1.6
	fall() 07:38:09 depth=1.4 velo=-0.26
	fall() 07:38:15 depth=1.4 velo=-0.17
	fall() 07:38:21 depth=1.7
	fall() 07:38:27 depth=1.6
	fall() 07:38:33 depth=1.8
	fall() 07:38:39 depth=1.5
	fall() 07:38:45 depth=1.3 velo=-0.14
	fall() 07:38:51 depth=1.5
	fall() 07:38:57 depth=1.6
	fall() 07:39:03 depth=1.5
	fall() 07:39:09 depth=1.4
	fall() 07:39:15 depth=1.5
	fall() 07:39:21 depth=1.5
	fall() 07:39:27 depth=1.4 velo=-0.11
	fall() 07:39:33 depth=1.9
	fall() 07:39:39 depth=1.7
	fall() 07:39:45 depth=1.4
	fall() 07:39:51 depth=1.4 velo=-0.16
	fall() 07:39:57 depth=2.0 velo=0.19
	fall() 07:40:03 depth=1.8
	fall() 07:40:09 depth=1.5
	fall() 07:40:15 depth=1.4
	fall() 07:40:21 depth=1.3
	fall() 07:40:27 depth=1.6
	fall() 07:40:33 depth=1.6
	fall() 07:40:39 depth=1.5
	fall() 07:40:45 depth=1.3
	fall() 07:40:51 depth=1.9
	fall() 07:40:57 depth=1.5
	fall() 07:41:03 depth=1.5
	fall() 07:41:09 depth=1.4
	fall() 07:41:15 depth=1.6
	fall() 07:41:21 depth=1.4
	fall() 07:41:27 depth=1.4
	fall() 07:41:33 depth=1.4
	fall() 07:41:39 depth=1.8
	fall() 07:41:45 depth=1.4
	fall() 07:41:51 depth=1.5
	fall() 07:41:57 depth=1.5
	fall() 07:42:03 depth=1.5 velo=0.06
	fall() 07:42:09 depth=1.6
	fall() 07:42:15 depth=1.5
	fall() 07:42:21 depth=1.7 velo=0.09
	fall() 07:42:27 depth=1.6 velo=0.11
	fall() 07:42:33 depth=1.4
	fall() 07:42:39 depth=1.7
	fall() 07:42:45 depth=1.6 velo=0.13
	fall() 07:42:51 depth=1.7
	fall() 07:42:57 depth=1.5
	fall() 07:43:03 depth=1.4
	fall() 07:43:09 depth=1.6
	fall() 07:43:15 depth=1.3
	fall() 07:43:21 depth=1.8 velo=0.11
	fall() 07:43:27 depth=1.6 velo=0.11
	fall() 07:43:33 depth=1.1
	fall() 07:43:39 depth=1.6
	fall() 07:43:45 depth=2.0 velo=0.24
	fall() 07:43:51 depth=1.4
	fall() 07:43:57 depth=1.6
	fall() 07:44:03 depth=1.3
	fall() 07:44:09 depth=1.3
	fall() 07:44:15 depth=1.6
	fall() 07:44:21 depth=1.4
	fall() 07:44:27 depth=1.3
	fall() 07:44:33 depth=1.5
	fall() 07:44:39 depth=1.6 velo=0.08
	fall() 07:44:45 depth=1.4
	fall() 07:44:51 depth=1.6
	fall() 07:44:57 depth=1.6
	fall() 07:45:03 depth=1.6
	fall() 07:45:09 depth=1.9 velo=0.19
	fall() 07:45:15 depth=1.5
	fall() 07:45:21 depth=1.7 velo=0.13
	fall() 07:45:27 depth=1.5
	fall() 07:45:33 depth=1.5
	fall() 07:45:39 depth=1.4
	fall() 07:45:45 depth=1.3 velo=-0.17
	fall() 07:45:51 depth=2.0 velo=0.18
	fall() 07:45:57 depth=1.6
	fall() 07:46:03 depth=1.5
	fall() 07:46:09 depth=1.6
	fall() 07:46:15 depth=1.3 velo=-0.09
	fall() 07:46:21 depth=1.5
	fall() 07:46:27 depth=1.9
	fall() 07:46:33 depth=1.4
	fall() 07:46:39 depth=2.0
	fall() 07:46:45 depth=1.5
	fall() 07:46:51 depth=1.5
	fall() 07:46:57 depth=1.6
	fall() 07:47:03 depth=1.6
	fall() 07:47:09 depth=1.2 velo=-0.36
	fall() 07:47:15 depth=1.6
	fall() 07:47:21 depth=2.0 velo=0.11
	fall() 07:47:27 depth=1.5
	fall() 07:47:33 depth=1.5
	fall() 07:47:39 depth=1.5
	fall() 07:47:45 depth=1.4
	fall() 07:47:51 depth=2.1 velo=0.26
	fall() 07:47:57 depth=1.3
	fall() 07:48:03 depth=1.6
	fall() 07:48:09 depth=1.5
	fall() 07:48:15 depth=1.4
	fall() 07:48:21 depth=1.4
	fall() 07:48:27 depth=1.7
	fall() 07:48:33 depth=1.7 velo=0.06
	fall() 07:48:39 depth=1.7
	fall() 07:48:45 depth=1.3
	fall() 07:48:51 depth=1.6
	fall() 07:48:57 depth=1.7
fall() ERR 	| fall timeout 1800s @ 1.8, stop
	fall() ERR retry 1
		+ngkSend(#S,01,00) at 07:48:58
	fall() fallCmd to winch at 07:49:30
		+ngkSend(#F,01,00) at 07:49:30
	fall() 07:49:36 depth=1.6
		+ngkRecv(%F,02,00) fallRsp 07:49:41
fall()	| fallRsp from winch
	fall() 07:49:42 depth=2.2 velo=0.32
	fall() 07:49:48 depth=2.4
	fall() 07:49:54 depth=4.3 velo=0.31
	fall() 07:50:00 depth=4.3
	fall() 07:50:06 depth=5.1
	fall() 07:50:12 depth=5.9
	fall() 07:50:18 depth=7.1 velo=0.31
	fall() 07:50:24 depth=7.6 velo=-0.04
	fall() 07:50:30 depth=8.8 velo=0.18
	fall() 07:50:36 depth=9.6 velo=0.16
		+ngkSend(#S,01,00) at 07:50:38
	fall() 07:50:42 depth=10.2 velo=0.06
	fall() 07:50:48 depth=10.9 velo=0.05
		+ngkRecv(%S,02,00) stopRsp 07:50:48
fall()	| stopRsp from winch
oceanCurrChk()
oceanCurr()	| ant=9.6 boy=24.5
oceanCurr()	| ERR boy2ant<cD-aD
-ERR(boy)	|15| 07:51:15  oceanCurr failed
	fall() fallCmd to winch at 07:51:31
		+ngkSend(#F,01,00) at 07:51:31
	fall() 07:51:37 depth=9.6
	fall() 07:51:43 depth=9.4
	fall() WARN no response from winch 07:51:48
	fall() 07:51:49 depth=9.3
	fall() 07:51:55 depth=9.0
	fall() 07:52:01 depth=9.3
	fall() 07:52:07 depth=9.1
	fall() 07:52:13 depth=9.2
	fall() 07:52:19 depth=8.7 velo=-0.15
	fall() 07:52:25 depth=9.1
	fall() 07:52:31 depth=8.9
	fall() 07:52:37 depth=8.9
	fall() 07:52:43 depth=8.7 velo=-0.15
	fall() 07:52:49 depth=8.9
	fall() 07:52:55 depth=9.0
	fall() 07:53:01 depth=8.9 velo=0.05
	fall() 07:53:07 depth=8.8 velo=-0.04
	fall() 07:53:13 depth=8.9 velo=0.09
	fall() 07:53:19 depth=8.7
	fall() 07:53:25 depth=8.8
	fall() 07:53:31 depth=8.7 velo=-0.07
	fall() 07:53:37 depth=8.8 velo=0.06
	fall() 07:53:43 depth=8.7
	fall() 07:53:49 depth=8.7
	fall() 07:53:55 depth=8.6
	fall() 07:54:01 depth=8.7 velo=0.09
	fall() 07:54:07 depth=8.7
	fall() 07:54:13 depth=8.3
	fall() 07:54:19 depth=8.6
	fall() 07:54:25 depth=8.5
	fall() 07:54:31 depth=8.5
	fall() 07:54:37 depth=8.6
	fall() 07:54:43 depth=8.4
	fall() 07:54:49 depth=8.6
	fall() 07:54:55 depth=8.5
	fall() 07:55:01 depth=8.5
	fall() 07:55:07 depth=8.8 velo=0.13
	fall() 07:55:13 depth=8.4
	fall() 07:55:19 depth=8.7 velo=0.05
	fall() 07:55:25 depth=8.8 velo=0.14
	fall() 07:55:31 depth=8.5 velo=0.05
	fall() 07:55:37 depth=8.5
	fall() 07:55:43 depth=8.7 velo=0.07
	fall() 07:55:49 depth=8.4
	fall() 07:55:55 depth=8.7
	fall() 07:56:01 depth=8.4 velo=-0.03
	fall() 07:56:07 depth=8.6
	fall() 07:56:13 depth=8.5
	fall() 07:56:19 depth=8.7 velo=0.15
	fall() 07:56:25 depth=8.5
	fall() 07:56:31 depth=8.2 velo=-0.21
	fall() 07:56:37 depth=8.7
	fall() 07:56:43 depth=8.6
	fall() 07:56:49 depth=8.7
	fall() 07:56:55 depth=8.8 velo=0.09
	fall() 07:57:01 depth=8.7 velo=-0.07
	fall() 07:57:07 depth=8.5 velo=-0.04
	fall() 07:57:13 depth=8.9
	fall() 07:57:19 depth=8.5 velo=-0.09
	fall() 07:57:25 depth=8.8
	fall() 07:57:31 depth=8.7
	fall() 07:57:37 depth=8.8
	fall() 07:57:43 depth=8.7
	fall() 07:57:49 depth=8.9
	fall() 07:57:55 depth=8.7
	fall() 07:58:01 depth=8.7
	fall() 07:58:07 depth=8.9
	fall() 07:58:13 depth=9.0 velo=0.14
	fall() 07:58:19 depth=8.6 velo=-0.11
	fall() 07:58:25 depth=9.0
	fall() 07:58:31 depth=8.5
	fall() 07:58:37 depth=8.9
	fall() 07:58:43 depth=9.0 velo=0.11
	fall() 07:58:49 depth=8.8
	fall() 07:58:55 depth=8.9
	fall() 07:59:01 depth=9.0
	fall() 07:59:07 depth=8.3 velo=-0.22
	fall() 07:59:13 depth=9.1
	fall() 07:59:19 depth=9.1
	fall() 07:59:25 depth=8.7
	fall() 07:59:31 depth=8.8 velo=-0.07
	fall() 07:59:37 depth=8.9 velo=0.09
	fall() 07:59:43 depth=8.7
	fall() 07:59:49 depth=8.4 velo=-0.24
	fall() 07:59:55 depth=8.7
	fall() 08:00:01 depth=8.8
	fall() 08:00:07 depth=8.7
	fall() 08:00:13 depth=8.7 velo=-0.12
	fall() 08:00:19 depth=9.2 velo=0.21
	fall() 08:00:25 depth=8.8
	fall() 08:00:31 depth=8.4 velo=-0.22
	fall() 08:00:37 depth=8.7 velo=-0.08
	fall() 08:00:43 depth=9.0 velo=0.19
	fall() 08:00:49 depth=8.6 velo=-0.10
	fall() 08:00:55 depth=8.8
	fall() 08:01:01 depth=8.8 velo=0.04
	fall() 08:01:07 depth=8.8
	fall() 08:01:13 depth=8.5 velo=-0.16
	fall() 08:01:19 depth=8.7 velo=-0.07
	fall() 08:01:25 depth=8.9 velo=0.04
	fall() 08:01:31 depth=9.0
	fall() 08:01:37 depth=8.4 velo=-0.17
	fall() 08:01:43 depth=9.0
	fall() 08:01:49 depth=8.9 velo=0.08
	fall() 08:01:55 depth=8.9
	fall() 08:02:01 depth=8.6
	fall() 08:02:07 depth=8.8 velo=-0.16
	fall() 08:02:13 depth=9.1 velo=0.21
	fall() 08:02:19 depth=8.9
	fall() 08:02:25 depth=8.9
	fall() 08:02:31 depth=8.7
	fall() 08:02:37 depth=8.9
	fall() 08:02:43 depth=9.1
	fall() 08:02:49 depth=8.8 velo=0.10
	fall() 08:02:55 depth=8.8 velo=-0.13
	fall() 08:03:01 depth=8.9
	fall() 08:03:07 depth=9.1
	fall() 08:03:13 depth=8.9
	fall() 08:03:19 depth=9.1 velo=0.06
	fall() 08:03:25 depth=8.8
	fall() 08:03:31 depth=8.9 velo=-0.11
	fall() 08:03:37 depth=8.9 velo=-0.04
	fall() 08:03:43 depth=9.1
	fall() 08:03:49 depth=9.0 velo=0.09
	fall() 08:03:55 depth=8.9
	fall() 08:04:01 depth=8.9 velo=-0.08
	fall() 08:04:07 depth=9.4 velo=0.18
	fall() 08:04:13 depth=8.7
	fall() 08:04:19 depth=9.4
	fall() 08:04:25 depth=9.3 velo=0.19
	fall() 08:04:31 depth=9.2
	fall() 08:04:37 depth=9.0
	fall() 08:04:43 depth=9.1
	fall() 08:04:49 depth=9.2 velo=0.09
	fall() 08:04:55 depth=8.9 velo=-0.14
	fall() 08:05:01 depth=9.1
	fall() 08:05:07 depth=9.4
	fall() 08:05:13 depth=9.1 velo=0.07
	fall() 08:05:19 depth=9.3 velo=0.05
	fall() 08:05:25 depth=9.1
	fall() 08:05:31 depth=9.5 velo=0.08
	fall() 08:05:37 depth=9.3
	fall() 08:05:43 depth=9.3 velo=-0.07
	fall() 08:05:49 depth=9.4
	fall() 08:05:55 depth=9.4
	fall() 08:06:01 depth=9.5
	fall() 08:06:07 depth=9.6 velo=0.02
	fall() 08:06:13 depth=9.2 velo=-0.11
	fall() 08:06:19 depth=9.7
	fall() 08:06:25 depth=9.6
	fall() 08:06:31 depth=9.5
	fall() 08:06:37 depth=9.4 velo=-0.04
	fall() 08:06:43 depth=9.3 velo=-0.12
	fall() 08:06:49 depth=9.6
	fall() 08:06:55 depth=9.5
	fall() 08:07:01 depth=9.4
	fall() 08:07:07 depth=9.1 velo=-0.25
	fall() 08:07:13 depth=9.3
	fall() 08:07:19 depth=9.5
	fall() 08:07:25 depth=9.4 velo=0.07
	fall() 08:07:31 depth=9.0 velo=-0.10
	fall() 08:07:37 depth=9.4
	fall() 08:07:43 depth=9.5 velo=0.13
	fall() 08:07:49 depth=9.1
	fall() 08:07:55 depth=9.2
	fall() 08:08:01 depth=9.2
	fall() 08:08:07 depth=9.4
	fall() 08:08:13 depth=9.1 velo=0.02
	fall() 08:08:19 depth=9.0
	fall() 08:08:25 depth=9.2
	fall() 08:08:31 depth=9.3
	fall() 08:08:37 depth=9.0 velo=0.08
	fall() 08:08:43 depth=9.1 velo=0.05
	fall() 08:08:49 depth=8.8 velo=-0.11
	fall() 08:08:55 depth=9.1 velo=0.12
	fall() 08:09:01 depth=9.0
	fall() 08:09:07 depth=8.8
	fall() 08:09:13 depth=9.1
	fall() 08:09:19 depth=8.6
	fall() 08:09:25 depth=8.8 velo=-0.09
	fall() 08:09:31 depth=9.0
	fall() 08:09:37 depth=8.9 velo=0.15
	fall() 08:09:43 depth=8.9
	fall() 08:09:49 depth=8.9 velo=0.07
	fall() 08:09:55 depth=8.8 velo=-0.04
	fall() 08:10:01 depth=9.2
	fall() 08:10:07 depth=8.9 velo=0.12
	fall() 08:10:13 depth=8.7
	fall() 08:10:19 depth=8.9 velo=-0.09
	fall() 08:10:25 depth=9.1
	fall() 08:10:31 depth=8.9
	fall() 08:10:37 depth=8.9
	fall() 08:10:43 depth=9.1
	fall() 08:10:49 depth=8.8
	fall() 08:10:55 depth=8.8
	fall() 08:11:01 depth=8.6 velo=-0.14
	fall() 08:11:07 depth=8.8 velo=-0.13
	fall() 08:11:13 depth=9.1
	fall() 08:11:19 depth=8.9
	fall() 08:11:25 depth=8.9
	fall() 08:11:31 depth=9.2
	fall() 08:11:37 depth=9.2 velo=0.11
	fall() 08:11:43 depth=9.1
	fall() 08:11:49 depth=9.0 velo=-0.03
	fall() 08:11:55 depth=9.3 velo=0.03
	fall() 08:12:01 depth=8.9
	fall() 08:12:07 depth=9.3 velo=0.09
	fall() 08:12:13 depth=9.3
	fall() 08:12:19 depth=9.2
	fall() 08:12:25 depth=9.2 velo=-0.13
	fall() 08:12:31 depth=9.2
	fall() 08:12:37 depth=9.6
	fall() 08:12:43 depth=9.5 velo=0.13
	fall() 08:12:49 depth=9.6
	fall() 08:12:55 depth=9.1
	fall() 08:13:01 depth=9.5
	fall() 08:13:07 depth=9.6
	fall() 08:13:13 depth=9.3 velo=-0.07
	fall() 08:13:19 depth=9.2 velo=-0.10
	fall() 08:13:25 depth=9.8
	fall() 08:13:31 depth=9.6 velo=0.10
	fall() 08:13:37 depth=9.7 velo=0.11
	fall() 08:13:43 depth=9.5
	fall() 08:13:49 depth=9.3 velo=-0.15
	fall() 08:13:55 depth=9.8
	fall() 08:14:01 depth=9.9 velo=0.13
	fall() 08:14:07 depth=8.9 velo=-0.22
	fall() 08:14:13 depth=9.8
	fall() 08:14:19 depth=9.9 velo=0.27
	fall() 08:14:25 depth=9.4
	fall() 08:14:31 depth=9.3 velo=-0.08
	fall() 08:14:37 depth=9.6
	fall() 08:14:43 depth=9.4
	fall() 08:14:49 depth=9.1 velo=-0.05
	fall() 08:14:55 depth=9.5
	fall() 08:15:01 depth=9.6 velo=0.13
	fall() 08:15:07 depth=9.0
	fall() 08:15:13 depth=9.0 velo=-0.22
	fall() 08:15:19 depth=9.5 velo=0.13
	fall() 08:15:25 depth=9.1
	fall() 08:15:31 depth=9.0 velo=-0.08
	fall() 08:15:37 depth=9.1
	fall() 08:15:43 depth=8.9
	fall() 08:15:49 depth=9.1
	fall() 08:15:55 depth=9.3 velo=0.08
	fall() 08:16:01 depth=8.8
	fall() 08:16:07 depth=9.1
	fall() 08:16:13 depth=9.0
	fall() 08:16:19 depth=8.9
	fall() 08:16:25 depth=8.8
	fall() 08:16:31 depth=9.0
	fall() 08:16:37 depth=8.7 velo=-0.06
	fall() 08:16:43 depth=8.6 velo=-0.10
	fall() 08:16:49 depth=8.9
	fall() 08:16:55 depth=8.9
	fall() 08:17:01 depth=8.6
	fall() 08:17:07 depth=8.9
	fall() 08:17:13 depth=9.1 velo=0.23
	fall() 08:17:19 depth=8.5
	fall() 08:17:25 depth=8.7
	fall() 08:17:31 depth=8.8
	fall() 08:17:37 depth=9.0 velo=0.20
	fall() 08:17:43 depth=8.5
	fall() 08:17:49 depth=8.6 velo=-0.07
	fall() 08:17:55 depth=8.8
	fall() 08:18:01 depth=8.9 velo=0.12
	fall() 08:18:07 depth=8.6
	fall() 08:18:13 depth=8.7
	fall() 08:18:19 depth=8.9
	fall() 08:18:25 depth=8.6
	fall() 08:18:31 depth=8.6 velo=-0.09
	fall() 08:18:37 depth=8.7
	fall() 08:18:43 depth=8.7 velo=0.03
	fall() 08:18:49 depth=8.6
	fall() 08:18:55 depth=9.1 velo=0.25
	fall() 08:19:01 depth=8.7
	fall() 08:19:07 depth=8.2 velo=-0.30
	fall() 08:19:13 depth=8.7
	fall() 08:19:19 depth=8.9
	fall() 08:19:25 depth=8.4 velo=-0.06
	fall() 08:19:31 depth=9.0 velo=0.13
	fall() 08:19:37 depth=8.7
	fall() 08:19:43 depth=8.2 velo=-0.25
	fall() 08:19:49 depth=8.7 velo=-0.07
	fall() 08:19:55 depth=8.4 velo=-0.16
	fall() 08:20:01 depth=9.0
	fall() 08:20:07 depth=8.7
	fall() 08:20:13 depth=8.6 velo=-0.10
	fall() 08:20:19 depth=8.9
	fall() 08:20:25 depth=8.9 velo=0.16
	fall() 08:20:31 depth=8.6
	fall() 08:20:37 depth=8.8
	fall() 08:20:43 depth=8.6
	fall() 08:20:49 depth=8.8 velo=-0.08
	fall() 08:20:55 depth=8.9
	fall() 08:21:01 depth=8.9
	fall() 08:21:07 depth=8.9 velo=0.10
	fall() 08:21:13 depth=8.9 velo=0.06
	fall() 08:21:19 depth=8.5 velo=-0.12
	fall() 08:21:25 depth=8.8
	fall() 08:21:31 depth=8.7 velo=-0.07
fall() ERR 	| fall timeout 1800s @ 8.7, stop
	fall() ERR retry 1
		+ngkSend(#S,01,00) at 08:21:32
	fall() fallCmd to winch at 08:22:04
		+ngkSend(#F,01,00) at 08:22:04
	fall() 08:22:10 depth=9.0 velo=0.03
	fall() 08:22:16 depth=9.2 velo=0.12
	fall() WARN no response from winch 08:22:21
	fall() 08:22:22 depth=10.9 velo=0.19
	fall() 08:22:28 depth=12.0 velo=0.18
	fall() 08:22:34 depth=12.9 velo=0.23
	fall() 08:22:40 depth=14.3 velo=0.21
	fall() 08:22:46 depth=15.0 velo=0.05
	fall() 08:22:52 depth=16.4 velo=0.20
	fall() 08:22:58 depth=17.5 velo=0.15
	fall() 08:23:04 depth=18.4 velo=0.10
	fall() 08:23:10 depth=19.8 velo=0.22
	fall() 08:23:16 depth=20.7 velo=0.18
	fall() 08:23:22 depth=21.8 velo=0.14
	fall() 08:23:28 depth=22.9 velo=0.12
	fall() 08:23:34 depth=24.0 velo=0.25
	fall() 08:23:40 depth=25.2 velo=0.21
	fall() 08:23:46 depth=26.1 velo=0.12
	fall() 08:23:52 depth=27.4 velo=0.29
	fall() 08:23:58 depth=28.4 velo=0.13
	fall() 08:24:04 depth=29.5 velo=0.18
	fall() 08:24:10 depth=29.7
		+ngkRecv(#S,02,00) stopCmd 08:24:13
fall()	| stopCmd from winch
cycle 8 @09-29-18 08:24:13 dataPhase()
 starting wispr detection; end in hour 7, 23 hours to run 08:24:13
wispr:	| rest for 6 min 08:24:13
wispr:	| run for 30 min 08:30:13
log file	| log\008wsp.log [0] [0] [0]
wspStop	| err: expected 'done', not seen...
wispr:	| rest for 27 min 09:03:53
wispr:	| run for 30 min 09:30:53
log file	| log\008wsp.log [0] [0] [0]
wspStop	| err: expected 'done', not seen...
wispr:	| rest for 26 min 10:04:32
wispr:	| run for 30 min 10:30:33
log file	| log\008wsp.log [0] [0] [0]
wspStop	| err: expected 'done', not seen...
wispr:	| rest for 26 min 11:04:12
wispr:	| run for 30 min 11:30:12
log file	| log\008wsp.log [0] [0] [0]
wspStop	| err: expected 'done', not seen...
wispr:	| rest for 27 min 12:03:51
wispr:	| run for 30 min 12:30:51
log file	| log\008wsp.log [0] [0] [0]
wspStop	| err: expected 'done', not seen...
wispr:	| rest for 26 min 13:04:31
wispr:	| run for 30 min 13:30:31
log file	| log\008wsp.log [0] [0] [0]
wspStop	| err: expected 'done', not seen...
Day watchdog
log file	| log\008eng.logLARA eng log 09-29-18 14:04:21
cycle 8
current lateral = 0.00
rise start 07:14:38 @29.2
rise end 07:16:04 @1.4
dock depth 28.9, surf depth 1.4, meters 27.5
gps start 44:38.7497 N : 124:22.4198 W
gps drift 44:38.7511 N : 124:22.4230 W

log file	| log\009s16.log
cycle 9 @09-29-18 14:04:22 risePhase()
oceanCurrChk()
oceanCurr()	| ant=29.1 boy=44.0
oceanCurr()	| ERR boy2ant<cD-aD
-ERR(boy)	|16| 14:04:50  oceanCurr failed
rise(2.1, 0)
		+ngkSend(#R,01,03) at 14:04:51
	| riseCmd sent to winch at 14:04:51
	| 14:04:57 depth=29.0
		+ngkRecv(%R,02,00) riseRsp 14:05:02
rise()	| riseRsp from winch
	| 14:05:03 depth=28.7
	| 14:05:09 depth=26.8 velo=-0.33
	| 20sec 14:05:12 startD-nowD 3.3 
	| 14:05:15 depth=24.7 velo=-0.35
	| 14:05:21 depth=22.5 velo=-0.37
	| 14:05:27 depth=20.3 velo=-0.40
	| 14:05:33 depth=17.9 velo=-0.34
	| 14:05:39 depth=15.3 velo=-0.55
	| 14:05:45 depth=13.3 velo=-0.33
	| 14:05:51 depth=10.8 velo=-0.34
	| 14:05:57 depth=8.4 velo=-0.36
	| 14:06:03 depth=5.9 velo=-0.42
	| 14:06:09 depth=3.1 velo=-0.45
	| reached targetD 2.0 at 14:06:12
		+ngkSend(#S,01,00) at 14:06:12
	| 14:06:15 depth=1.1
	| 14:06:21 depth=1.4
		+ngkRecv(%S,02,00) stopRsp 14:06:22
rise()	| stopRsp from winch
cycle 9 @09-29-18 14:06:22 iridPhase()
14:06:26 ===

GPS Sats=08 Date=09-29-2018 Time=14:07:09.000
gpsSetTime()	| off by -1 seconds
 Lat=44:38.7458 N Lng=124:22.4163 W
14:07:10 ====

clcc-> x0D  x0A +CLCC:006 x0D  x0A  x0D  x0A OK x0D  x0A 
iridSig() csq=5 14:07:42 CONNECT 9600rudBaud@1000 +10000us  proj

iridSendFile(hello.txt) 1of1 [[7]]
LandResp(cmds)
CMDS(5)->''send1''
iridSendFile(log\008eng.log) 1of1 [[262]]
LandResp( x0D cmds)
CMDS(5)->''send2''
iridSendFile(log\008s16.log) 1of1 [[0]]
LandResp( x0D cmds)
CMDS(5)->''send3''
clcc-> x0D  x0A +CLCC:000 x0D  x0A  x0D  x0A OK x0D  x0A 
14:08:35 =====

GPS Sats=08 Date=09-29-2018 Time=14:08:51.000
gpsSetTime()	| off by 0 seconds
 Lat=44:38.7453 N Lng=124:22.4135 W
antAuton(false)	| stop fail, retry ... stop failed
cycle 9 @09-29-18 14:09:02 fallPhase()
	fall() fallCmd to winch at 14:09:18
		+ngkSend(#F,01,00) at 14:09:18
	fall() 14:09:24 depth=1.4
	fall() 14:09:30 depth=1.4
		+ngkRecv(%F,02,00) fallRsp 14:09:30
fall()	| fallRsp from winch
	fall() 14:09:36 depth=2.4
	fall() 14:09:42 depth=3.7 velo=0.28
	fall() 14:09:48 depth=4.3
	fall() 14:09:54 depth=6.2 velo=0.25
	fall() 14:10:00 depth=7.2 velo=0.36
	fall() 14:10:06 depth=8.2
	fall() 14:10:12 depth=9.2
		+ngkSend(#S,01,00) at 14:10:16
	fall() 14:10:18 depth=10.5 velo=0.25
	fall() 14:10:24 depth=11.5
		+ngkRecv(%S,02,00) stopRsp 14:10:26
fall()	| stopRsp from winch
oceanCurrChk()
oceanCurr()	| ant=11.1 boy=26.0
oceanCurr()	| ERR boy2ant<cD-aD
-ERR(boy)	|17| 14:10:53  oceanCurr failed
	fall() fallCmd to winch at 14:11:09
		+ngkSend(#F,01,00) at 14:11:09
	fall() 14:11:15 depth=11.2
		+ngkRecv(%F,02,00) fallRsp 14:11:21
fall()	| fallRsp from winch
	fall() 14:11:21 depth=11.9 velo=0.24
	fall() 14:11:27 depth=12.9 velo=0.20
	fall() 14:11:33 depth=14.3 velo=0.25
	fall() 14:11:39 depth=15.4 velo=0.25
	fall() 14:11:45 depth=16.3 velo=0.15
	fall() 14:11:51 depth=17.6 velo=0.21
	fall() 14:11:57 depth=18.6 velo=0.17
	fall() 14:12:03 depth=19.9 velo=0.19
	fall() 14:12:09 depth=20.9 velo=0.16
	fall() 14:12:15 depth=22.1 velo=0.21
	fall() 14:12:21 depth=23.3 velo=0.16
	fall() 14:12:27 depth=24.4 velo=0.25
	fall() 14:12:33 depth=25.3 velo=0.14
	fall() 14:12:39 depth=26.6 velo=0.20
	fall() 14:12:45 depth=27.7 velo=0.21
	fall() 14:12:51 depth=28.8 velo=0.23
	fall() 14:12:57 depth=29.0
		+ngkRecv(#S,02,00) stopCmd 14:13:01
fall()	| stopCmd from winch
cycle 9 @09-29-18 14:13:01 dataPhase()
 starting wispr detection; end in hour 7, 17 hours to run 14:13:01
wispr:	| rest for 17 min 14:13:01
wispr:	| run for 30 min 14:30:01
log file	| log\009wsp.log [0] [0] [0]
wspStop	| err: expected 'done', not seen...
Day watchdog
log file	| log\009eng.logLARA eng log 09-29-18 15:03:50
cycle 9
current lateral = 0.00
rise start 14:04:50 @29.1
rise end 14:06:22 @1.0
dock depth 28.9, surf depth 1.0, meters 27.9
gps start 44:38.7458 N : 124:22.4163 W
gps drift 44:38.7453 N : 124:22.4135 W

log file	| log\010s16.log
cycle 10 @09-29-18 15:03:52 risePhase()
oceanCurrChk()
oceanCurr()	| ant=28.6 boy=43.6
oceanCurr()	| ERR boy2ant<cD-aD
-ERR(boy)	|18| 15:04:20  oceanCurr failed
rise(2.1, 0)
		+ngkSend(#R,01,03) at 15:04:20
	| riseCmd sent to winch at 15:04:21
	| 15:04:26 depth=28.8 velo=0.04
	| 15:04:32 depth=28.5
		+ngkRecv(%R,02,00) riseRsp 15:04:32
rise()	| riseRsp from winch
	| 15:04:38 depth=26.4 velo=-0.41
	| 20sec 15:04:41 startD-nowD 3.3 
	| 15:04:44 depth=24.3 velo=-0.33
	| 15:04:50 depth=22.1 velo=-0.35
	| 15:04:56 depth=19.6 velo=-0.44
	| 15:05:02 depth=17.1 velo=-0.48
	| 15:05:08 depth=14.6 velo=-0.44
	| 15:05:14 depth=12.1 velo=-0.52
	| 15:05:20 depth=9.9 velo=-0.27
	| 15:05:26 depth=7.4 velo=-0.45
	| 15:05:32 depth=4.8 velo=-0.34
	| 15:05:38 depth=2.2 velo=-0.52
	| reached targetD 1.9 at 15:05:38
		+ngkSend(#S,01,00) at 15:05:39
	| 15:05:44 depth=1.3
		+ngkRecv(%S,02,00) stopRsp 15:05:49
rise()	| stopRsp from winch
cycle 10 @09-29-18 15:05:49 iridPhase()
15:05:53 ===

GPS Sats=09 Date=09-29-2018 Time=15:06:42.000
gpsSetTime()	| off by -1 seconds
 Lat=44:38.7454 N Lng=124:22.4161 W
15:06:44 ====

clcc-> x0D  x0A +CLCC:006 x0D  x0A  x0D  x0A OK x0D  x0A 
iridSig() csq=5 15:07:14 CONNECT 9600rudBaud@1000 +10000us  proj

iridSendFile(hello.txt) 1of1 [[7]]
LandResp(cmds)
CMDS(5)->''send1''
iridSendFile(log\009eng.log) 1of1 [[262]]
LandResp( x0D cmds)
CMDS(5)->''send2''
iridSendFile(log\009s16.log) 1of1 [[1000]]
LandResp( x0D cmds)
CMDS(5)->''send3''
clcc-> x0D  x0A +CLCC:000 x0D  x0A  x0D  x0A OK x0D  x0A 
15:08:22 =====

GPS Sats=09 Date=09-29-2018 Time=15:08:38.000
gpsSetTime()	| off by 0 seconds
 Lat=44:38.7456 N Lng=124:22.4159 W
antAuton(false)	| stop fail, retry ... stop failed
cycle 10 @09-29-18 15:08:49 fallPhase()
	fall() fallCmd to winch at 15:09:05
		+ngkSend(#F,01,00) at 15:09:05
	fall() 15:09:11 depth=1.3
	fall() 15:09:17 depth=1.9 velo=0.17
		+ngkRecv(%F,02,00) fallRsp 15:09:17
fall()	| fallRsp from winch
	fall() 15:09:23 depth=2.5 velo=0.21
	fall() 15:09:29 depth=3.5
	fall() 15:09:35 depth=5.0 velo=0.29
	fall() 15:09:41 depth=5.9 velo=0.17
	fall() 15:09:47 depth=6.8
	fall() 15:09:53 depth=8.4 velo=0.27
	fall() 15:09:59 depth=9.5 velo=0.25
		+ngkSend(#S,01,00) at 15:10:02
	fall() 15:10:05 depth=10.6 velo=0.24
	fall() 15:10:11 depth=10.9
		+ngkRecv(%S,02,00) stopRsp 15:10:12
fall()	| stopRsp from winch
oceanCurrChk()
oceanCurr()	| ant=11.4 boy=26.0
oceanCurr()	| ERR boy2ant<cD-aD
-ERR(boy)	|19| 15:10:39  oceanCurr failed
	fall() fallCmd to winch at 15:10:55
		+ngkSend(#F,01,00) at 15:10:55
	fall() 15:11:01 depth=11.0
	fall() 15:11:07 depth=11.9 velo=0.31
		+ngkRecv(%F,02,00) fallRsp 15:11:07
fall()	| fallRsp from winch
	fall() 15:11:13 depth=12.8 velo=0.18
	fall() 15:11:19 depth=14.1 velo=0.17
	fall() 15:11:25 depth=15.2 velo=0.21
	fall() 15:11:31 depth=16.4 velo=0.20
	fall() 15:11:37 depth=17.5 velo=0.17
	fall() 15:11:43 depth=18.6 velo=0.22
	fall() 15:11:49 depth=19.8 velo=0.22
	fall() 15:11:55 depth=20.6 velo=0.10
	fall() 15:12:01 depth=22.0 velo=0.25
	fall() 15:12:07 depth=23.1 velo=0.20
	fall() 15:12:13 depth=24.0 velo=0.21
	fall() 15:12:19 depth=25.2 velo=0.10
	fall() 15:12:25 depth=26.3 velo=0.17
	fall() 15:12:31 depth=27.4 velo=0.24
	fall() 15:12:37 depth=28.6 velo=0.14
	fall() 15:12:43 depth=28.7
		+ngkRecv(#S,02,00) stopCmd 15:12:46
fall()	| stopCmd from winch
cycle 10 @09-29-18 15:12:46 dataPhase()
 starting wispr detection; end in hour 7, 16 hours to run 15:12:47
wispr:	| rest for 18 min 15:12:47
wispr:	| run for 30 min 15:30:47
log file	| log\010wsp.log [0] [0] [0]
wspStop	| err: expected 'done', not seen...
Day watchdog
log file	| log\010eng.logLARA eng log 09-29-18 16:04:37
cycle 10
current lateral = 0.00
rise start 15:04:20 @28.6
rise end 15:05:49 @1.4
dock depth 28.9, surf depth 1.4, meters 27.6
gps start 44:38.7454 N : 124:22.4161 W
gps drift 44:38.7456 N : 124:22.4159 W

log file	| log\011s16.log
cycle 11 @09-29-18 16:04:39 risePhase()
oceanCurrChk()
oceanCurr()	| ant=28.6 boy=43.6
oceanCurr()	| ERR boy2ant<cD-aD
-ERR(boy)	|20| 16:05:07  oceanCurr failed
rise(2.1, 0)
		+ngkSend(#R,01,03) at 16:05:07
	| riseCmd sent to winch at 16:05:07
	| 16:05:13 depth=28.6
	| 16:05:19 depth=28.2
		+ngkRecv(%R,02,00) riseRsp 16:05:19
rise()	| riseRsp from winch
	| 16:05:25 depth=26.1 velo=-0.39
	| 20sec 16:05:28 startD-nowD 3.8 
	| 16:05:31 depth=23.8 velo=-0.34
	| 16:05:37 depth=21.6 velo=-0.35
	| 16:05:43 depth=18.7 velo=-0.49
	| 16:05:49 depth=16.7 velo=-0.39
	| 16:05:55 depth=14.5 velo=-0.36
	| 16:06:01 depth=11.6 velo=-0.35
	| 16:06:07 depth=9.3 velo=-0.52
	| 16:06:13 depth=7.0 velo=-0.45
	| 16:06:19 depth=4.5 velo=-0.31
	| 16:06:25 depth=2.2 velo=-0.34
	| reached targetD 1.8 at 16:06:25
		+ngkSend(#S,01,00) at 16:06:25
	| 16:06:31 depth=0.9
		+ngkRecv(%S,02,00) stopRsp 16:06:36
rise()	| stopRsp from winch
cycle 11 @09-29-18 16:06:36 iridPhase()
16:06:39 ===

GPS Sats=05 Date=09-29-2018 Time=16:07:10.000
gpsSetTime()	| off by -1 seconds
 Lat=44:38.7468 N Lng=124:22.4173 W
16:07:11 ====

clcc-> x0D  x0A +CLCC:006 x0D  x0A  x0D  x0A OK x0D  x0A 
iridSig() csq=5 16:07:43 CONNECT 9600rudBaud@1000 +10000us  proj

iridSendFile(hello.txt) 1of1 [[7]]
LandResp(cmds)
CMDS(5)->''send1''
iridSendFile(log\010eng.log) 1of1 [[1000]]
LandResp( x0D cmds)
CMDS(5)->''send3''
clcc-> x0D  x0A +CLCC:000 x0D  x0A  x0D  x0A OK x0D  x0A 
16:08:44 =====

GPS Sats=05 Date=09-29-2018 Time=16:09:03.000
gpsSetTime()	| off by -1 seconds
 Lat=44:38.7487 N Lng=124:22.4189 W
antAuton(false)	| stop fail, retry ... stop failed
cycle 11 @09-29-18 16:09:14 fallPhase()
	fall() fallCmd to winch at 16:09:31
		+ngkSend(#F,01,00) at 16:09:31
	fall() 16:09:37 depth=1.3
		+ngkRecv(%F,02,00) fallRsp 16:09:42
fall()	| fallRsp from winch
	fall() 16:09:43 depth=1.5
	fall() 16:09:49 depth=2.7 velo=0.20
	fall() 16:09:55 depth=3.8 velo=0.19
	fall() 16:10:01 depth=4.6 velo=0.15
	fall() 16:10:07 depth=5.9 velo=0.20
	fall() 16:10:13 depth=7.0 velo=0.19
	fall() 16:10:19 depth=8.1 velo=0.18
	fall() 16:10:25 depth=9.3 velo=0.33
		+ngkSend(#S,01,00) at 16:10:30
	fall() 16:10:31 depth=10.3 velo=0.17
	fall() 16:10:37 depth=11.2
		+ngkRecv(%S,02,00) stopRsp 16:10:40
fall()	| stopRsp from winch
oceanCurrChk()
oceanCurr()	| ant=11.4 boy=26.2
oceanCurr()	| ERR boy2ant<cD-aD
-ERR(boy)	|21| 16:11:07  oceanCurr failed
	fall() fallCmd to winch at 16:11:23
		+ngkSend(#F,01,00) at 16:11:23
	fall() 16:11:29 depth=11.1
	fall() 16:11:35 depth=11.5 velo=0.17
		+ngkRecv(%F,02,00) fallRsp 16:11:35
fall()	| fallRsp from winch
	fall() 16:11:41 depth=12.9 velo=0.12
	fall() 16:11:47 depth=14.2 velo=0.20
	fall() 16:11:53 depth=15.2 velo=0.26
	fall() 16:11:59 depth=16.4 velo=0.16
	fall() 16:12:05 depth=17.7 velo=0.22
	fall() 16:12:11 depth=18.6 velo=0.17
	fall() 16:12:17 depth=19.8 velo=0.22
	fall() 16:12:23 depth=20.9 velo=0.20
	fall() 16:12:29 depth=21.9 velo=0.14
	fall() 16:12:35 depth=23.2 velo=0.23
	fall() 16:12:41 depth=24.1 velo=0.15
	fall() 16:12:47 depth=25.2 velo=0.13
	fall() 16:12:53 depth=26.5 velo=0.23
	fall() 16:12:59 depth=27.4 velo=0.15
	fall() 16:13:05 depth=28.6 velo=0.18
	fall() 16:13:11 depth=28.7
		+ngkRecv(#S,02,00) stopCmd 16:13:13
fall()	| stopCmd from winch
cycle 11 @09-29-18 16:13:14 dataPhase()
 starting wispr detection; end in hour 7, 15 hours to run 16:13:14
wispr:	| rest for 17 min 16:13:14
wispr:	| run for 30 min 16:30:14
log file	| log\011wsp.log [0] [0] [0]
wspStop	| err: expected 'done', not seen...
Day watchdog
log file	| log\011eng.logLARA eng log 09-29-18 17:04:04
cycle 11
current lateral = 0.00
rise start 16:05:07 @28.6
rise end 16:06:36 @1.5
dock depth 28.9, surf depth 1.5, meters 27.4
gps start 44:38.7468 N : 124:22.4173 W
gps drift 44:38.7487 N : 124:22.4189 W

log file	| log\012s16.log
cycle 12 @09-29-18 17:04:06 risePhase()
oceanCurrChk()
oceanCurr()	| ant=28.7 boy=43.6
oceanCurr()	| ERR boy2ant<cD-aD
-ERR(boy)	|22| 17:04:34  oceanCurr failed
rise(2.1, 0)
		+ngkSend(#R,01,03) at 17:04:35
	| riseCmd sent to winch at 17:04:35
	| 17:04:41 depth=28.7
		+ngkRecv(%R,02,00) riseRsp 17:04:46
rise()	| riseRsp from winch
	| 17:04:47 depth=28.2
	| 17:04:53 depth=26.3 velo=-0.33
	| 20sec 17:04:56 startD-nowD 3.7 
	| 17:04:59 depth=23.9 velo=-0.38
	| 17:05:05 depth=21.8 velo=-0.55
	| 17:05:11 depth=19.2 velo=-0.41
	| 17:05:17 depth=16.8 velo=-0.42
	| 17:05:23 depth=14.5 velo=-0.36
	| 17:05:29 depth=12.3 velo=-0.36
	| 17:05:35 depth=9.3 velo=-0.59
	| 17:05:41 depth=7.1 velo=-0.50
	| 17:05:47 depth=5.0 velo=-0.35
	| 17:05:53 depth=2.4 velo=-0.32
	| reached targetD 1.9 at 17:05:54
		+ngkSend(#S,01,00) at 17:05:54
	| 17:05:59 depth=1.5
		+ngkRecv(%S,02,00) stopRsp 17:06:04
rise()	| stopRsp from winch
cycle 12 @09-29-18 17:06:04 iridPhase()
17:06:08 ===

GPS Sats=06 Date=09-29-2018 Time=17:06:41.000
gpsSetTime()	| off by 0 seconds
 Lat=44:38.7439 N Lng=124:22.4128 W
17:06:42 ====

clcc-> x0D  x0A +CLCC:006 x0D  x0A  x0D  x0A OK x0D  x0A 
iridSig() csq=5 17:07:15 CONNECT 9600rudBaud@1000 +10000us  proj

iridSendFile(hello.txt) 1of1 [[7]]
LandResp(cmds)
CMDS(5)->''send1''
iridSendFile(log\011eng.log) 1of1 [[263]]
LandResp( x0D cmds)
CMDS(5)->''send2''
iridSendFile(log\011s16.log)
---   ---
Program: sys.c,  Build: Sep 27 2018 12:14:36
System Parameters: CF2 SN 16188, PicoDOS 4.03, BIOS 4.03
Program:   Version:   Starts: 2
Started: 10-03-18 18:10:59
---   ---
VEE: GPS.FILEMAX=1000
set outputs low 1 19 21 22 23 24 25 26 29 30 37 42
16000kHz nsF:90 nsR:70 nsC:190 adj:-10 WF:0  WR:0  WC:2  SYPCR:13 system starts 2
-ERR(ant)	|0| 18:11:17 antPrompt() fail
log file	| log\001s16.log
boyMain(): starting with phase 5
cycle 1 @10-03-18 18:11:30 rebootPhase()	| stop stop fall continue
		+ngkSend(#S,01,00) at 18:11:30
		+ngkSend(#S,01,00) at 18:12:01
		+ngkSend(#F,01,00) at 18:12:32