
---  09-28-18 18:04:27 ---
  8.4327,  3.54178,   44.306, 0.0091, 0.0100,  33.7081, 28 Sep 2018 18:04:56
  9.6776,  3.58276,   16.731, 0.0104, 0.0105,  32.9804, 28 Sep 2018 18:09:31
  9.6751,  3.58234,   16.425, 0.0100, 0.0104,  32.9786, 28 Sep 2018 18:09:34
  9.6743,  3.58211,   16.561, 0.0104, 0.0108,  32.9768, 28 Sep 2018 18:09:36
  9.6718,  3.58173,   17.206, 0.0097, 0.0104,  32.9750, 28 Sep 2018 18:09:39
  9.6824,  3.58298,   17.896, 0.0110, 0.0111,  32.9778, 28 Sep 2018 18:09:41
  9.6952,  3.58451,   18.267, 0.0093, 0.0104,  32.9816, 28 Sep 2018 18:09:43
  9.7516,  3.59273,   18.512, 0.0098, 0.0103,  33.0137, 28 Sep 2018 18:09:46
  9.7387,  3.59180,   18.929, 0.0100, 0.0116,  33.0158, 28 Sep 2018 18:09:48
  9.6777,  3.58780,   19.299, 0.0100, 0.0100,  33.0308, 28 Sep 2018 18:09:50
  9.6367,  3.58464,   19.753, 0.0099, 0.0101,  33.0360, 28 Sep 2018 18:09:53
  9.6034,  3.58230,   20.257, 0.0105, 0.0111,  33.0424, 28 Sep 2018 18:09:55
  9.4630,  3.57174,   20.676, 0.0099, 0.0108,  33.0631, 28 Sep 2018 18:09:57
  9.3455,  3.56231,   20.946, 0.0099, 0.0100,  33.0744, 28 Sep 2018 18:10:00
  9.1214,  3.54366,   21.537, 0.0107, 0.0104,  33.0889, 28 Sep 2018 18:10:02
  9.0416,  3.53746,   21.904, 0.0093, 0.0100,  33.0986, 28 Sep 2018 18:10:05
  8.9945,  3.53288,   22.081, 0.0097, 0.0098,  33.0946, 28 Sep 2018 18:10:07
  8.9249,  3.52777,   22.637, 0.0093, 0.0104,  33.1059, 28 Sep 2018 18:10:09
  8.8482,  3.52190,   23.142, 0.0097, 0.0101,  33.1161, 28 Sep 2018 18:10:12
  8.7909,  3.51825,   23.397, 0.0099, 0.0098,  33.1314, 28 Sep 2018 18:10:14
  8.7699,  3.51678,   23.830, 0.0104, 0.0110,  33.1354, 28 Sep 2018 18:10:16
  8.7374,  3.51779,   24.422, 0.0094, 0.0108,  33.1762, 28 Sep 2018 18:10:19
  8.7202,  3.52095,   24.877, 0.0091, 0.0100,  33.2252, 28 Sep 2018 18:10:21
  8.7225,  3.52334,   25.069, 0.0095, 0.0111,  33.2480, 28 Sep 2018 18:10:23
  8.7070,  3.52535,   25.349, 0.0101, 0.0105,  33.2835, 28 Sep 2018 18:10:26
  8.7127,  3.52565,   25.452, 0.0097, 0.0096,  33.2813, 28 Sep 2018 18:10:28
  8.7095,  3.51963,   25.201, 0.0109, 0.0098,  33.2212, 28 Sep 2018 18:10:56
  8.7025,  3.51609,   25.049, 0.0097, 0.0095,  33.1908, 28 Sep 2018 18:11:16
  8.6991,  3.51669,   24.989, 0.0097, 0.0101,  33.2002, 28 Sep 2018 18:11:19
  8.7007,  3.51634,   24.798, 0.0102, 0.0103,  33.1952, 28 Sep 2018 18:11:21
  8.6969,  3.51592,   25.298, 0.0088, 0.0106,  33.1940, 28 Sep 2018 18:11:24
  8.7025,  3.51845,   25.940, 0.0101, 0.0101,  33.2151, 28 Sep 2018 18:11:26
  8.7010,  3.52139,   26.362, 0.0101, 0.0101,  33.2471, 28 Sep 2018 18:11:28
  8.6961,  3.52527,   26.619, 0.0088, 0.0092,  33.2924, 28 Sep 2018 18:11:31
  8.6973,  3.52714,   27.052, 0.0092, 0.0103,  33.3107, 28 Sep 2018 18:11:33
  8.7016,  3.52994,   27.686, 0.0102, 0.0103,  33.3357, 28 Sep 2018 18:11:35
  8.7050,  3.53080,   28.168, 0.0093, 0.0103,  33.3413, 28 Sep 2018 18:11:38
  8.7101,  3.53210,   28.451, 0.0100, 0.0101,  33.3500, 28 Sep 2018 18:11:40
  8.7137,  3.53305,   28.736, 0.0096, 0.0096,  33.3564, 28 Sep 2018 18:11:42
  8.7166,  3.53380,   29.146, 0.0098, 0.0104,  33.3614, 28 Sep 2018 18:11:45
  8.7199,  3.53472,   29.681, 0.0101, 0.0093,  33.3677, 28 Sep 2018 18:11:47
  8.7220,  3.53517,   30.182, 0.0107, 0.0107,  33.3701, 28 Sep 2018 18:11:50
  8.7239,  3.53566,   30.598, 0.0101, 0.0112,  33.3733, 28 Sep 2018 18:11:52
  8.7264,  3.53631,   31.014, 0.0093, 0.0105,  33.3776, 28 Sep 2018 18:11:54
  8.7272,  3.53654,   31.396, 0.0098, 0.0096,  33.3791, 28 Sep 2018 18:11:57
  8.7281,  3.53670,   31.709, 0.0096, 0.0101,  33.3798, 28 Sep 2018 18:11:59
  8.7289,  3.53700,   32.140, 0.0096, 0.0099,  33.3820, 28 Sep 2018 18:12:01
  8.7317,  3.53781,   32.705, 0.0099, 0.0102,  33.3876, 28 Sep 2018 18:12:04
  8.7330,  3.53804,   33.075, 0.0093, 0.0110,  33.3886, 28 Sep 2018 18:12:06
  8.7327,  3.53789,   33.426, 0.0096, 0.0105,  33.3872, 28 Sep 2018 18:12:08
  8.7374,  3.53957,   33.936, 0.0098, 0.0102,  33.4000, 28 Sep 2018 18:12:11
  8.7379,  3.53961,   34.347, 0.0097, 0.0109,  33.3998, 28 Sep 2018 18:12:13
  8.7379,  3.53958,   34.678, 0.0092, 0.0104,  33.3994, 28 Sep 2018 18:12:15
  8.7421,  3.54118,   35.165, 0.0097, 0.0097,  33.4120, 28 Sep 2018 18:12:18
  8.7437,  3.54175,   35.665, 0.0102, 0.0107,  33.4161, 28 Sep 2018 18:12:20
  8.7443,  3.54208,   35.938, 0.0098, 0.0101,  33.4189, 28 Sep 2018 18:12:22
  8.7464,  3.54293,   36.241, 0.0102, 0.0102,  33.4257, 28 Sep 2018 18:12:25
  8.7530,  3.54567,   36.796, 0.0104, 0.0106,  33.4480, 28 Sep 2018 18:12:27
  8.7576,  3.54880,   37.336, 0.0098, 0.0103,  33.4763, 28 Sep 2018 18:12:30
  8.7570,  3.55223,   37.658, 0.0097, 0.0100,  33.5126, 28 Sep 2018 18:12:32
  8.7556,  3.54772,   37.976, 0.0094, 0.0115,  33.4666, 28 Sep 2018 18:12:34
  8.7497,  3.55583,   38.476, 0.0102, 0.0105,  33.5569, 28 Sep 2018 18:12:37
  8.7500,  3.55656,   38.956, 0.0099, 0.0101,  33.5641, 28 Sep 2018 18:12:39
  8.7502,  3.55625,   39.277, 0.0095, 0.0112,  33.5606, 28 Sep 2018 18:12:41
  8.7495,  3.55674,   39.648, 0.0102, 0.0108,  33.5660, 28 Sep 2018 18:12:44
  8.7473,  3.55759,   40.128, 0.0100, 0.0100,  33.5769, 28 Sep 2018 18:12:46
  8.7469,  3.55766,   40.577, 0.0103, 0.0113,  33.5778, 28 Sep 2018 18:12:48
  8.7468,  3.55763,   40.929, 0.0099, 0.0094,  33.5774, 28 Sep 2018 18:12:51
  8.7461,  3.55789,   41.374, 0.0100, 0.0105,  33.5807, 28 Sep 2018 18:12:53
  8.7397,  3.55820,   41.907, 0.0098, 0.0100,  33.5896, 28 Sep 2018 18:12:55
  8.7282,  3.55787,   42.278, 0.0103, 0.0101,  33.5969, 28 Sep 2018 18:12:58
  8.7332,  3.55792,   42.548, 0.0105, 0.0104,  33.5927, 28 Sep 2018 18:13:00
  8.7231,  3.55775,   42.998, 0.0094, 0.0110,  33.6002, 28 Sep 2018 18:13:03
  8.7021,  3.55704,   43.551, 0.0104, 0.0106,  33.6125, 28 Sep 2018 18:13:05
  8.6822,  3.55621,   44.016, 0.0109, 0.0105,  33.6225, 28 Sep 2018 18:13:07
  8.6931,  3.55661,   44.328, 0.0101, 0.0104,  33.6161, 28 Sep 2018 18:13:10
  8.6960,  3.55675,   44.258, 0.0096, 0.0106,  33.6149, 28 Sep 2018 18:13:12
  8.6805,  3.55603,   44.318, 0.0103, 0.0104,  33.6220, 28 Sep 2018 18:13:14
  8.6584,  3.55506,   44.296, 0.0096, 0.0102,  33.6328, 28 Sep 2018 18:13:17
