
---  09-28-18 21:04:24 ---
  8.4709,  3.54273,   45.355, 0.0103, 0.0101,  33.6811, 28 Sep 2018 21:04:53
  8.7056,  3.51733,   17.217, 0.0091, 0.0100,  33.2044, 28 Sep 2018 21:11:41
  8.7051,  3.51730,   16.989, 0.0099, 0.0098,  33.2047, 28 Sep 2018 21:11:44
  8.7087,  3.51738,   17.287, 0.0101, 0.0102,  33.2020, 28 Sep 2018 21:11:46
  8.7082,  3.51740,   17.893, 0.0098, 0.0105,  33.2024, 28 Sep 2018 21:11:48
  8.6969,  3.51716,   18.506, 0.0102, 0.0100,  33.2103, 28 Sep 2018 21:11:51
  8.6814,  3.51790,   18.993, 0.0100, 0.0107,  33.2323, 28 Sep 2018 21:11:53
  8.6823,  3.51926,   19.142, 0.0107, 0.0108,  33.2457, 28 Sep 2018 21:11:56
  8.6768,  3.52418,   19.441, 0.0098, 0.0109,  33.3024, 28 Sep 2018 21:11:58
  8.6829,  3.52673,   19.969, 0.0102, 0.0102,  33.3232, 28 Sep 2018 21:12:00
  8.6960,  3.52979,   20.707, 0.0107, 0.0104,  33.3427, 28 Sep 2018 21:12:03
  8.6958,  3.52945,   20.965, 0.0096, 0.0105,  33.3391, 28 Sep 2018 21:12:05
  8.7035,  3.53173,   21.020, 0.0100, 0.0111,  33.3558, 28 Sep 2018 21:12:07
  8.7094,  3.53273,   21.606, 0.0096, 0.0100,  33.3605, 28 Sep 2018 21:12:10
  8.7114,  3.53326,   22.171, 0.0099, 0.0100,  33.3639, 28 Sep 2018 21:12:12
  8.7144,  3.53396,   22.461, 0.0101, 0.0105,  33.3682, 28 Sep 2018 21:12:14
  8.7177,  3.53478,   22.697, 0.0099, 0.0111,  33.3736, 28 Sep 2018 21:12:17
  8.7235,  3.53619,   23.153, 0.0103, 0.0100,  33.3827, 28 Sep 2018 21:12:19
  8.7279,  3.53741,   23.622, 0.0094, 0.0103,  33.3912, 28 Sep 2018 21:12:22
  8.7330,  3.53890,   23.901, 0.0096, 0.0102,  33.4019, 28 Sep 2018 21:12:24
  8.7357,  3.53945,   24.224, 0.0103, 0.0114,  33.4049, 28 Sep 2018 21:12:26
  8.7383,  3.54006,   24.749, 0.0095, 0.0099,  33.4087, 28 Sep 2018 21:12:29
  8.7440,  3.54206,   25.197, 0.0106, 0.0110,  33.4240, 28 Sep 2018 21:12:31
  8.7476,  3.54351,   25.384, 0.0093, 0.0098,  33.4358, 28 Sep 2018 21:12:33
  8.7447,  3.54250,   25.251, 0.0099, 0.0110,  33.4280, 28 Sep 2018 21:12:36
  8.7519,  3.54600,   25.399, 0.0097, 0.0108,  33.4577, 28 Sep 2018 21:12:38
  8.7475,  3.54326,   24.820, 0.0105, 0.0112,  33.4335, 28 Sep 2018 21:13:04
  8.7426,  3.54166,   24.502, 0.0101, 0.0104,  33.4215, 28 Sep 2018 21:13:25
  8.7427,  3.54169,   24.250, 0.0095, 0.0101,  33.4217, 28 Sep 2018 21:13:27
  8.7419,  3.54134,   24.319, 0.0102, 0.0109,  33.4189, 28 Sep 2018 21:13:30
  8.7445,  3.54243,   25.062, 0.0098, 0.0105,  33.4275, 28 Sep 2018 21:13:32
  8.7437,  3.54197,   25.362, 0.0111, 0.0105,  33.4234, 28 Sep 2018 21:13:34
  8.7470,  3.54343,   25.615, 0.0102, 0.0109,  33.4354, 28 Sep 2018 21:13:37
  8.7535,  3.54774,   26.072, 0.0090, 0.0098,  33.4743, 28 Sep 2018 21:13:39
  8.7532,  3.54930,   26.547, 0.0101, 0.0098,  33.4906, 28 Sep 2018 21:13:42
  8.7520,  3.55128,   27.001, 0.0094, 0.0105,  33.5124, 28 Sep 2018 21:13:44
  8.7497,  3.55285,   27.537, 0.0102, 0.0107,  33.5308, 28 Sep 2018 21:13:46
  8.7498,  3.55254,   27.903, 0.0106, 0.0098,  33.5273, 28 Sep 2018 21:13:49
  8.7500,  3.55216,   28.168, 0.0089, 0.0100,  33.5229, 28 Sep 2018 21:13:51
  8.7456,  3.55356,   28.645, 0.0099, 0.0098,  33.5416, 28 Sep 2018 21:13:53
  8.7459,  3.55363,   29.121, 0.0096, 0.0105,  33.5418, 28 Sep 2018 21:13:56
  8.7460,  3.55358,   29.456, 0.0093, 0.0098,  33.5410, 28 Sep 2018 21:13:58
  8.7438,  3.55388,   29.895, 0.0099, 0.0098,  33.5460, 28 Sep 2018 21:14:00
  8.7327,  3.55469,   30.475, 0.0093, 0.0105,  33.5648, 28 Sep 2018 21:14:03
  8.7288,  3.55479,   30.946, 0.0092, 0.0105,  33.5693, 28 Sep 2018 21:14:05
  8.7307,  3.55471,   31.176, 0.0093, 0.0099,  33.5665, 28 Sep 2018 21:14:07
  8.7266,  3.55470,   31.540, 0.0093, 0.0106,  33.5702, 28 Sep 2018 21:14:10
  8.7173,  3.55465,   32.179, 0.0115, 0.0101,  33.5783, 28 Sep 2018 21:14:12
  8.7160,  3.55471,   32.676, 0.0102, 0.0112,  33.5798, 28 Sep 2018 21:14:15
  8.7163,  3.55468,   32.956, 0.0096, 0.0099,  33.5791, 28 Sep 2018 21:14:17
  8.7159,  3.55472,   33.310, 0.0095, 0.0098,  33.5798, 28 Sep 2018 21:14:19
  8.7065,  3.55446,   33.851, 0.0097, 0.0095,  33.5856, 28 Sep 2018 21:14:22
  8.6942,  3.55399,   34.376, 0.0092, 0.0108,  33.5922, 28 Sep 2018 21:14:24
  8.6932,  3.55394,   34.713, 0.0096, 0.0100,  33.5925, 28 Sep 2018 21:14:26
  8.6948,  3.55403,   35.102, 0.0097, 0.0092,  33.5918, 28 Sep 2018 21:14:29
  8.6422,  3.55215,   35.676, 0.0102, 0.0102,  33.6217, 28 Sep 2018 21:14:31
  8.6243,  3.55138,   36.125, 0.0096, 0.0118,  33.6303, 28 Sep 2018 21:14:33
  8.6325,  3.55172,   36.277, 0.0097, 0.0105,  33.6261, 28 Sep 2018 21:14:36
  8.6240,  3.55114,   36.579, 0.0094, 0.0102,  33.6279, 28 Sep 2018 21:14:38
  8.6072,  3.55036,   37.319, 0.0098, 0.0099,  33.6354, 28 Sep 2018 21:14:40
  8.5960,  3.54978,   37.909, 0.0099, 0.0101,  33.6396, 28 Sep 2018 21:14:43
  8.5988,  3.54992,   38.085, 0.0095, 0.0104,  33.6383, 28 Sep 2018 21:14:45
  8.5957,  3.54966,   38.353, 0.0098, 0.0100,  33.6384, 28 Sep 2018 21:14:48
  8.5881,  3.54912,   38.968, 0.0095, 0.0104,  33.6397, 28 Sep 2018 21:14:50
  8.5860,  3.54901,   39.450, 0.0090, 0.0101,  33.6403, 28 Sep 2018 21:14:52
  8.5871,  3.54906,   39.615, 0.0101, 0.0104,  33.6397, 28 Sep 2018 21:14:55
  8.5836,  3.54873,   39.923, 0.0104, 0.0100,  33.6394, 28 Sep 2018 21:14:57
  8.5763,  3.54830,   40.597, 0.0089, 0.0098,  33.6415, 28 Sep 2018 21:14:59
  8.5732,  3.54813,   41.167, 0.0095, 0.0108,  33.6425, 28 Sep 2018 21:15:02
  8.5752,  3.54831,   41.451, 0.0097, 0.0099,  33.6424, 28 Sep 2018 21:15:04
  8.5692,  3.54794,   41.739, 0.0096, 0.0102,  33.6440, 28 Sep 2018 21:15:06
  8.5452,  3.54705,   42.178, 0.0096, 0.0102,  33.6573, 28 Sep 2018 21:15:09
  8.5315,  3.54647,   42.621, 0.0094, 0.0105,  33.6640, 28 Sep 2018 21:15:11
  8.5231,  3.54609,   43.018, 0.0100, 0.0103,  33.6678, 28 Sep 2018 21:15:13
  8.5118,  3.54550,   43.470, 0.0095, 0.0105,  33.6721, 28 Sep 2018 21:15:16
  8.4918,  3.54452,   43.956, 0.0096, 0.0101,  33.6808, 28 Sep 2018 21:15:18
  8.4816,  3.54400,   44.384, 0.0101, 0.0107,  33.6848, 28 Sep 2018 21:15:21
  8.4648,  3.54314,   44.785, 0.0097, 0.0106,  33.6915, 28 Sep 2018 21:15:23
  8.4208,  3.54094,   45.226, 0.0098, 0.0095,  33.7102, 28 Sep 2018 21:15:25
  8.4094,  3.54042,   45.426, 0.0101, 0.0098,  33.7155, 28 Sep 2018 21:15:28
  8.4501,  3.54234,   45.369, 0.0101, 0.0104,  33.6969, 28 Sep 2018 21:15:30
  8.4489,  3.54208,   45.372, 0.0101, 0.0105,  33.6953, 28 Sep 2018 21:15:32
  8.4329,  3.54134,   45.387, 0.0096, 0.0099,  33.7027, 28 Sep 2018 21:15:35
  8.4327,  3.54142,   45.347, 0.0106, 0.0104,  33.7038, 28 Sep 2018 21:15:37
  8.4321,  3.54138,   45.323, 0.0109, 0.0106,  33.7040, 28 Sep 2018 21:15:39
  8.4295,  3.54107,   45.363, 0.0100, 0.0107,  33.7031, 28 Sep 2018 21:15:42
  8.4071,  3.53978,   45.422, 0.0092, 0.0105,  33.7109, 28 Sep 2018 21:15:44
  8.4092,  3.54004,   45.409, 0.0092, 0.0098,  33.7116, 28 Sep 2018 21:15:46
  8.4113,  3.54002,   45.367, 0.0096, 0.0114,  33.7095, 28 Sep 2018 21:15:49
  8.4143,  3.54009,   45.351, 0.0095, 0.0105,  33.7073, 28 Sep 2018 21:15:51
  8.4073,  3.53971,   45.331, 0.0096, 0.0099,  33.7100, 28 Sep 2018 21:15:54
  8.3998,  3.53941,   45.295, 0.0094, 0.0102,  33.7140, 28 Sep 2018 21:15:56
  8.4039,  3.53950,   45.326, 0.0095, 0.0100,  33.7111, 28 Sep 2018 21:15:58
  8.3966,  3.53902,   45.420, 0.0102, 0.0097,  33.7129, 28 Sep 2018 21:16:01
  8.3952,  3.53897,   45.436, 0.0103, 0.0106,  33.7137, 28 Sep 2018 21:16:03
  8.4016,  3.53939,   45.370, 0.0097, 0.0111,  33.7121, 28 Sep 2018 21:16:05
  8.4071,  3.53961,   45.317, 0.0095, 0.0103,  33.7092, 28 Sep 2018 21:16:08
  8.4025,  3.53938,   45.317, 0.0109, 0.0097,  33.7111, 28 Sep 2018 21:16:10
  8.4018,  3.53931,   45.366, 0.0097, 0.0104,  33.7111, 28 Sep 2018 21:16:12
  8.3974,  3.53901,   45.402, 0.0097, 0.0094,  33.7121, 28 Sep 2018 21:16:15
  8.3965,  3.53902,   45.356, 0.0097, 0.0108,  33.7131, 28 Sep 2018 21:16:17
  8.4034,  3.53930,   45.298, 0.0097, 0.0106,  33.7094, 28 Sep 2018 21:16:19
  8.4037,  3.53928,   45.360, 0.0097, 0.0100,  33.7090, 28 Sep 2018 21:16:22
  8.3990,  3.53898,   45.392, 0.0100, 0.0099,  33.7102, 28 Sep 2018 21:16:24
  8.4007,  3.53919,   45.331, 0.0097, 0.0104,  33.7108, 28 Sep 2018 21:16:27
  8.4025,  3.53930,   45.343, 0.0098, 0.0106,  33.7102, 28 Sep 2018 21:16:29
  8.3939,  3.53879,   45.420, 0.0098, 0.0107,  33.7131, 28 Sep 2018 21:16:31
  8.3939,  3.53874,   45.374, 0.0098, 0.0104,  33.7125, 28 Sep 2018 21:16:34
  8.4001,  3.53922,   45.255, 0.0099, 0.0106,  33.7117, 28 Sep 2018 21:16:36
  8.4019,  3.53931,   45.270, 0.0099, 0.0104,  33.7110, 28 Sep 2018 21:16:38
  8.3974,  3.53887,   45.363, 0.0098, 0.0111,  33.7106, 28 Sep 2018 21:16:41
  8.3943,  3.53876,   45.389, 0.0097, 0.0106,  33.7124, 28 Sep 2018 21:16:43
  8.3948,  3.53876,   45.408, 0.0100, 0.0104,  33.7119, 28 Sep 2018 21:16:45
  8.3939,  3.53870,   45.471, 0.0101, 0.0111,  33.7120, 28 Sep 2018 21:16:48
  8.3914,  3.53855,   45.424, 0.0111, 0.0107,  33.7129, 28 Sep 2018 21:16:50
  8.3962,  3.53889,   45.267, 0.0102, 0.0107,  33.7119, 28 Sep 2018 21:16:52
  8.4008,  3.53915,   45.210, 0.0099, 0.0105,  33.7103, 28 Sep 2018 21:16:55
  8.3965,  3.53886,   45.322, 0.0094, 0.0109,  33.7113, 28 Sep 2018 21:16:57
  8.3924,  3.53855,   45.443, 0.0100, 0.0099,  33.7119, 28 Sep 2018 21:17:00
  8.3904,  3.53844,   45.457, 0.0095, 0.0104,  33.7126, 28 Sep 2018 21:17:02
  8.3929,  3.53863,   45.426, 0.0102, 0.0102,  33.7123, 28 Sep 2018 21:17:04
  8.3937,  3.53864,   45.374, 0.0100, 0.0110,  33.7117, 28 Sep 2018 21:17:07
  8.3963,  3.53880,   45.316, 0.0098, 0.0101,  33.7109, 28 Sep 2018 21:17:09
  8.3967,  3.53880,   45.300, 0.0102, 0.0104,  33.7106, 28 Sep 2018 21:17:11
  8.3963,  3.53880,   45.311, 0.0099, 0.0101,  33.7110, 28 Sep 2018 21:17:14
  8.3944,  3.53868,   45.374, 0.0100, 0.0111,  33.7114, 28 Sep 2018 21:17:16
  8.3914,  3.53849,   45.473, 0.0101, 0.0104,  33.7122, 28 Sep 2018 21:17:18
  8.3905,  3.53844,   45.458, 0.0096, 0.0099,  33.7125, 28 Sep 2018 21:17:21
  8.3936,  3.53864,   45.318, 0.0101, 0.0104,  33.7118, 28 Sep 2018 21:17:23
  8.3958,  3.53878,   45.282, 0.0103, 0.0110,  33.7112, 28 Sep 2018 21:17:25
  8.3940,  3.53861,   45.415, 0.0103, 0.0098,  33.7111, 28 Sep 2018 21:17:28
  8.3914,  3.53845,   45.418, 0.0108, 0.0105,  33.7118, 28 Sep 2018 21:17:30
  8.3950,  3.53868,   45.286, 0.0096, 0.0100,  33.7109, 28 Sep 2018 21:17:33
  8.3977,  3.53886,   45.276, 0.0099, 0.0110,  33.7102, 28 Sep 2018 21:17:35
  8.3955,  3.53870,   45.395, 0.0101, 0.0105,  33.7105, 28 Sep 2018 21:17:37
  8.3940,  3.53864,   45.393, 0.0100, 0.0101,  33.7114, 28 Sep 2018 21:17:40
  8.3956,  3.53874,   45.314, 0.0095, 0.0104,  33.7109, 28 Sep 2018 21:17:42
  8.3965,  3.53879,   45.357, 0.0106, 0.0109,  33.7106, 28 Sep 2018 21:17:44
  8.3938,  3.53859,   45.465, 0.0103, 0.0098,  33.7110, 28 Sep 2018 21:17:47
  8.3925,  3.53855,   45.425, 0.0104, 0.0105,  33.7118, 28 Sep 2018 21:17:49
  8.3952,  3.53871,   45.300, 0.0100, 0.0103,  33.7110, 28 Sep 2018 21:17:51
  8.3967,  3.53878,   45.257, 0.0102, 0.0106,  33.7103, 28 Sep 2018 21:17:54
  8.3948,  3.53865,   45.303, 0.0096, 0.0101,  33.7108, 28 Sep 2018 21:17:56
  8.3940,  3.53863,   45.398, 0.0105, 0.0107,  33.7112, 28 Sep 2018 21:17:58
  8.3916,  3.53848,   45.459, 0.0098, 0.0100,  33.7119, 28 Sep 2018 21:18:01
  8.3918,  3.53848,   45.445, 0.0102, 0.0107,  33.7117, 28 Sep 2018 21:18:03
  8.3930,  3.53855,   45.365, 0.0102, 0.0106,  33.7114, 28 Sep 2018 21:18:06
  8.3940,  3.53859,   45.310, 0.0102, 0.0106,  33.7108, 28 Sep 2018 21:18:08
  8.3951,  3.53867,   45.301, 0.0102, 0.0107,  33.7107, 28 Sep 2018 21:18:10
  8.3943,  3.53861,   45.343, 0.0099, 0.0108,  33.7109, 28 Sep 2018 21:18:13
  8.3925,  3.53850,   45.408, 0.0104, 0.0100,  33.7113, 28 Sep 2018 21:18:15
  8.3913,  3.53841,   45.394, 0.0102, 0.0102,  33.7115, 28 Sep 2018 21:18:17
  8.3932,  3.53855,   45.304, 0.0103, 0.0105,  33.7112, 28 Sep 2018 21:18:20
  8.3963,  3.53872,   45.351, 0.0101, 0.0107,  33.7101, 28 Sep 2018 21:18:22
  8.3934,  3.53853,   45.507, 0.0102, 0.0109,  33.7108, 28 Sep 2018 21:18:24
  8.3920,  3.53846,   45.472, 0.0101, 0.0100,  33.7114, 28 Sep 2018 21:18:27
  8.3944,  3.53863,   45.272, 0.0102, 0.0099,  33.7110, 28 Sep 2018 21:18:29
  8.3960,  3.53872,   45.216, 0.0099, 0.0106,  33.7104, 28 Sep 2018 21:18:31
  8.3938,  3.53853,   45.339, 0.0103, 0.0110,  33.7104, 28 Sep 2018 21:18:34
  8.3924,  3.53849,   45.408, 0.0093, 0.0107,  33.7113, 28 Sep 2018 21:18:36
  8.3931,  3.53852,   45.374, 0.0100, 0.0108,  33.7110, 28 Sep 2018 21:18:39
  8.3945,  3.53860,   45.353, 0.0099, 0.0111,  33.7105, 28 Sep 2018 21:18:41
  8.3924,  3.53849,   45.414, 0.0102, 0.0104,  33.7113, 28 Sep 2018 21:18:43
  8.3922,  3.53846,   45.398, 0.0100, 0.0102,  33.7112, 28 Sep 2018 21:18:46
  8.3937,  3.53857,   45.296, 0.0106, 0.0102,  33.7110, 28 Sep 2018 21:18:48
  8.3953,  3.53870,   45.274, 0.0097, 0.0106,  33.7108, 28 Sep 2018 21:18:50
  8.3940,  3.53855,   45.353, 0.0102, 0.0102,  33.7104, 28 Sep 2018 21:18:53
  8.3932,  3.53853,   45.373, 0.0095, 0.0107,  33.7110, 28 Sep 2018 21:18:55
  8.3935,  3.53855,   45.381, 0.0096, 0.0099,  33.7108, 28 Sep 2018 21:18:57
  8.3930,  3.53848,   45.448, 0.0105, 0.0108,  33.7106, 28 Sep 2018 21:19:00
  8.3920,  3.53842,   45.464, 0.0104, 0.0107,  33.7110, 28 Sep 2018 21:19:02
  8.3922,  3.53848,   45.361, 0.0102, 0.0107,  33.7114, 28 Sep 2018 21:19:04
  8.3942,  3.53859,   45.283, 0.0105, 0.0104,  33.7107, 28 Sep 2018 21:19:07
  8.3944,  3.53861,   45.338, 0.0096, 0.0106,  33.7107, 28 Sep 2018 21:19:09
  8.3928,  3.53849,   45.398, 0.0106, 0.0099,  33.7110, 28 Sep 2018 21:19:12
  8.3935,  3.53855,   45.362, 0.0098, 0.0104,  33.7109, 28 Sep 2018 21:19:14
  8.3932,  3.53852,   45.333, 0.0104, 0.0104,  33.7109, 28 Sep 2018 21:19:16
  8.3926,  3.53848,   45.384, 0.0099, 0.0103,  33.7110, 28 Sep 2018 21:19:19
  8.3918,  3.53841,   45.430, 0.0106, 0.0114,  33.7110, 28 Sep 2018 21:19:21
  8.3922,  3.53844,   45.421, 0.0100, 0.0102,  33.7110, 28 Sep 2018 21:19:23
  8.3933,  3.53852,   45.411, 0.0103, 0.0104,  33.7107, 28 Sep 2018 21:19:26
  8.3936,  3.53853,   45.410, 0.0105, 0.0105,  33.7106, 28 Sep 2018 21:19:28
  8.3932,  3.53850,   45.357, 0.0105, 0.0112,  33.7107, 28 Sep 2018 21:19:30
  8.3934,  3.53850,   45.281, 0.0098, 0.0104,  33.7105, 28 Sep 2018 21:19:33
  8.3941,  3.53857,   45.305, 0.0102, 0.0102,  33.7106, 28 Sep 2018 21:19:35
  8.3931,  3.53850,   45.423, 0.0103, 0.0105,  33.7108, 28 Sep 2018 21:19:37
  8.3924,  3.53846,   45.461, 0.0097, 0.0112,  33.7110, 28 Sep 2018 21:19:40
  8.3928,  3.53849,   45.379, 0.0104, 0.0106,  33.7109, 28 Sep 2018 21:19:42
  8.3937,  3.53853,   45.316, 0.0103, 0.0103,  33.7105, 28 Sep 2018 21:19:45
  8.3943,  3.53857,   45.314, 0.0105, 0.0102,  33.7105, 28 Sep 2018 21:19:47
  8.3938,  3.53855,   45.322, 0.0102, 0.0106,  33.7106, 28 Sep 2018 21:19:49
  8.3939,  3.53856,   45.345, 0.0102, 0.0101,  33.7107, 28 Sep 2018 21:19:52
  8.3943,  3.53856,   45.360, 0.0102, 0.0105,  33.7102, 28 Sep 2018 21:19:54
  8.3940,  3.53855,   45.370, 0.0102, 0.0099,  33.7104, 28 Sep 2018 21:19:56
  8.3940,  3.53853,   45.437, 0.0103, 0.0105,  33.7103, 28 Sep 2018 21:19:59
  8.3938,  3.53852,   45.457, 0.0098, 0.0105,  33.7102, 28 Sep 2018 21:20:01
  8.3940,  3.53855,   45.356, 0.0107, 0.0108,  33.7104, 28 Sep 2018 21:20:03
  8.3950,  3.53864,   45.269, 0.0099, 0.0111,  33.7104, 28 Sep 2018 21:20:06
  8.3946,  3.53859,   45.309, 0.0096, 0.0109,  33.7104, 28 Sep 2018 21:20:08
  8.3938,  3.53855,   45.357, 0.0104, 0.0102,  33.7106, 28 Sep 2018 21:20:10
  8.3939,  3.53856,   45.372, 0.0096, 0.0105,  33.7106, 28 Sep 2018 21:20:13
  8.3944,  3.53859,   45.417, 0.0100, 0.0107,  33.7104, 28 Sep 2018 21:20:15
  8.3936,  3.53853,   45.421, 0.0101, 0.0111,  33.7106, 28 Sep 2018 21:20:18
  8.3936,  3.53853,   45.336, 0.0099, 0.0098,  33.7106, 28 Sep 2018 21:20:20
  8.3944,  3.53860,   45.303, 0.0096, 0.0107,  33.7106, 28 Sep 2018 21:20:22
  8.3942,  3.53855,   45.374, 0.0100, 0.0107,  33.7102, 28 Sep 2018 21:20:25
  8.3938,  3.53852,   45.406, 0.0104, 0.0109,  33.7103, 28 Sep 2018 21:20:27
  8.3941,  3.53856,   45.342, 0.0103, 0.0103,  33.7105, 28 Sep 2018 21:20:29
  8.3947,  3.53861,   45.335, 0.0104, 0.0107,  33.7104, 28 Sep 2018 21:20:32
  8.3941,  3.53856,   45.395, 0.0102, 0.0101,  33.7104, 28 Sep 2018 21:20:34
  8.3943,  3.53856,   45.380, 0.0098, 0.0104,  33.7103, 28 Sep 2018 21:20:36
  8.3944,  3.53857,   45.344, 0.0104, 0.0105,  33.7103, 28 Sep 2018 21:20:39
  8.3949,  3.53861,   45.407, 0.0100, 0.0107,  33.7103, 28 Sep 2018 21:20:41
  8.3946,  3.53857,   45.457, 0.0103, 0.0106,  33.7100, 28 Sep 2018 21:20:43
  8.3949,  3.53860,   45.397, 0.0103, 0.0106,  33.7101, 28 Sep 2018 21:20:46
  8.3946,  3.53862,   45.320, 0.0108, 0.0101,  33.7106, 28 Sep 2018 21:20:48
  8.3949,  3.53861,   45.316, 0.0103, 0.0108,  33.7103, 28 Sep 2018 21:20:51
  8.3949,  3.53859,   45.367, 0.0103, 0.0107,  33.7099, 28 Sep 2018 21:20:53
  8.3948,  3.53856,   45.414, 0.0102, 0.0107,  33.7097, 28 Sep 2018 21:20:55
  8.3943,  3.53856,   45.413, 0.0102, 0.0106,  33.7102, 28 Sep 2018 21:20:58
  8.3948,  3.53859,   45.358, 0.0104, 0.0104,  33.7101, 28 Sep 2018 21:21:00
  8.3949,  3.53860,   45.309, 0.0106, 0.0104,  33.7101, 28 Sep 2018 21:21:02
  8.3955,  3.53863,   45.335, 0.0102, 0.0108,  33.7098, 28 Sep 2018 21:21:05
  8.3950,  3.53861,   45.396, 0.0092, 0.0102,  33.7102, 28 Sep 2018 21:21:07
  8.3954,  3.53861,   45.392, 0.0096, 0.0104,  33.7097, 28 Sep 2018 21:21:09
  8.3953,  3.53861,   45.354, 0.0106, 0.0108,  33.7099, 28 Sep 2018 21:21:12
  8.3956,  3.53863,   45.370, 0.0105, 0.0112,  33.7097, 28 Sep 2018 21:21:14
  8.3959,  3.53865,   45.392, 0.0105, 0.0101,  33.7097, 28 Sep 2018 21:21:16
  8.3958,  3.53865,   45.366, 0.0103, 0.0106,  33.7098, 28 Sep 2018 21:21:19
  8.3965,  3.53870,   45.403, 0.0099, 0.0107,  33.7096, 28 Sep 2018 21:21:21
  8.3968,  3.53867,   45.472, 0.0109, 0.0111,  33.7090, 28 Sep 2018 21:21:24
  8.3965,  3.53867,   45.398, 0.0097, 0.0106,  33.7092, 28 Sep 2018 21:21:26
  8.3965,  3.53868,   45.305, 0.0099, 0.0112,  33.7095, 28 Sep 2018 21:21:28
  8.3968,  3.53871,   45.337, 0.0103, 0.0104,  33.7094, 28 Sep 2018 21:21:31
  8.3963,  3.53867,   45.403, 0.0102, 0.0105,  33.7095, 28 Sep 2018 21:21:33
  8.3970,  3.53870,   45.432, 0.0097, 0.0101,  33.7091, 28 Sep 2018 21:21:35
  8.3971,  3.53875,   45.442, 0.0096, 0.0104,  33.7095, 28 Sep 2018 21:21:38
  8.3975,  3.53872,   45.427, 0.0098, 0.0108,  33.7089, 28 Sep 2018 21:21:40
  8.3971,  3.53870,   45.374, 0.0099, 0.0111,  33.7090, 28 Sep 2018 21:21:42
  8.3969,  3.53872,   45.328, 0.0102, 0.0099,  33.7095, 28 Sep 2018 21:21:45
  8.3971,  3.53874,   45.329, 0.0103, 0.0101,  33.7094, 28 Sep 2018 21:21:47
  8.3977,  3.53876,   45.352, 0.0104, 0.0105,  33.7091, 28 Sep 2018 21:21:50
  8.3982,  3.53878,   45.373, 0.0102, 0.0108,  33.7088, 28 Sep 2018 21:21:52
  8.3981,  3.53878,   45.360, 0.0105, 0.0100,  33.7089, 28 Sep 2018 21:21:54
  8.3981,  3.53878,   45.329, 0.0106, 0.0100,  33.7089, 28 Sep 2018 21:21:57
  8.3982,  3.53878,   45.346, 0.0100, 0.0105,  33.7088, 28 Sep 2018 21:21:59
  8.3981,  3.53876,   45.357, 0.0102, 0.0104,  33.7088, 28 Sep 2018 21:22:01
  8.3977,  3.53875,   45.367, 0.0099, 0.0110,  33.7090, 28 Sep 2018 21:22:04
  8.3976,  3.53874,   45.411, 0.0097, 0.0102,  33.7090, 28 Sep 2018 21:22:06
  8.3976,  3.53874,   45.415, 0.0105, 0.0103,  33.7090, 28 Sep 2018 21:22:08
  8.3972,  3.53874,   45.331, 0.0102, 0.0109,  33.7093, 28 Sep 2018 21:22:11
  8.3984,  3.53879,   45.268, 0.0107, 0.0106,  33.7088, 28 Sep 2018 21:22:13
  8.3986,  3.53876,   45.333, 0.0104, 0.0106,  33.7083, 28 Sep 2018 21:22:15
  8.3991,  3.53880,   45.432, 0.0096, 0.0104,  33.7082, 28 Sep 2018 21:22:18
  8.3997,  3.53883,   45.429, 0.0103, 0.0104,  33.7079, 28 Sep 2018 21:22:20
  8.3993,  3.53882,   45.413, 0.0102, 0.0112,  33.7082, 28 Sep 2018 21:22:23
  8.4010,  3.53887,   45.445, 0.0103, 0.0104,  33.7072, 28 Sep 2018 21:22:25
  8.3998,  3.53885,   45.397, 0.0100, 0.0107,  33.7080, 28 Sep 2018 21:22:27
  8.3993,  3.53885,   45.278, 0.0100, 0.0098,  33.7086, 28 Sep 2018 21:22:30
  8.4002,  3.53890,   45.298, 0.0102, 0.0112,  33.7082, 28 Sep 2018 21:22:32
  8.4014,  3.53891,   45.439, 0.0104, 0.0109,  33.7072, 28 Sep 2018 21:22:34
  8.4011,  3.53893,   45.452, 0.0101, 0.0105,  33.7076, 28 Sep 2018 21:22:37
  8.4017,  3.53894,   45.347, 0.0111, 0.0107,  33.7072, 28 Sep 2018 21:22:39
  8.4019,  3.53896,   45.322, 0.0100, 0.0108,  33.7072, 28 Sep 2018 21:22:41
  8.4013,  3.53891,   45.407, 0.0105, 0.0104,  33.7073, 28 Sep 2018 21:22:44
  8.4001,  3.53887,   45.435, 0.0094, 0.0105,  33.7080, 28 Sep 2018 21:22:46
  8.4009,  3.53891,   45.358, 0.0095, 0.0104,  33.7077, 28 Sep 2018 21:22:48
  8.4016,  3.53896,   45.280, 0.0107, 0.0117,  33.7075, 28 Sep 2018 21:22:51
  8.4019,  3.53897,   45.321, 0.0105, 0.0102,  33.7073, 28 Sep 2018 21:22:53
  8.4045,  3.53909,   45.453, 0.0102, 0.0102,  33.7061, 28 Sep 2018 21:22:56
  8.4041,  3.53908,   45.506, 0.0103, 0.0107,  33.7064, 28 Sep 2018 21:22:58
  8.4044,  3.53909,   45.439, 0.0099, 0.0109,  33.7062, 28 Sep 2018 21:23:00
  8.4031,  3.53904,   45.331, 0.0102, 0.0107,  33.7069, 28 Sep 2018 21:23:03
  8.4040,  3.53908,   45.279, 0.0099, 0.0105,  33.7066, 28 Sep 2018 21:23:05
  8.4046,  3.53908,   45.330, 0.0097, 0.0106,  33.7059, 28 Sep 2018 21:23:07
  8.4062,  3.53917,   45.414, 0.0106, 0.0109,  33.7053, 28 Sep 2018 21:23:10
  8.4072,  3.53923,   45.450, 0.0102, 0.0102,  33.7050, 28 Sep 2018 21:23:12
  8.4081,  3.53927,   45.408, 0.0104, 0.0111,  33.7045, 28 Sep 2018 21:23:14
  8.4063,  3.53922,   45.342, 0.0099, 0.0100,  33.7057, 28 Sep 2018 21:23:17
  8.4059,  3.53920,   45.346, 0.0096, 0.0112,  33.7059, 28 Sep 2018 21:23:19
  8.4070,  3.53924,   45.411, 0.0106, 0.0100,  33.7053, 28 Sep 2018 21:23:21
  8.4075,  3.53927,   45.407, 0.0093, 0.0108,  33.7052, 28 Sep 2018 21:23:24
  8.4073,  3.53926,   45.352, 0.0098, 0.0109,  33.7052, 28 Sep 2018 21:23:26
  8.4076,  3.53928,   45.366, 0.0107, 0.0110,  33.7052, 28 Sep 2018 21:23:29
  8.4088,  3.53933,   45.389, 0.0099, 0.0106,  33.7044, 28 Sep 2018 21:23:31
  8.4094,  3.53938,   45.376, 0.0102, 0.0107,  33.7045, 28 Sep 2018 21:23:33
  8.4089,  3.53935,   45.357, 0.0096, 0.0101,  33.7047, 28 Sep 2018 21:23:36
  8.4090,  3.53935,   45.389, 0.0102, 0.0114,  33.7046, 28 Sep 2018 21:23:38
  8.4120,  3.53945,   45.469, 0.0102, 0.0105,  33.7027, 28 Sep 2018 21:23:40
  8.4126,  3.53953,   45.488, 0.0096, 0.0106,  33.7030, 28 Sep 2018 21:23:43
  8.4121,  3.53949,   45.375, 0.0105, 0.0107,  33.7030, 28 Sep 2018 21:23:45
  8.4112,  3.53946,   45.280, 0.0104, 0.0113,  33.7037, 28 Sep 2018 21:23:47
  8.4113,  3.53949,   45.379, 0.0090, 0.0101,  33.7038, 28 Sep 2018 21:23:50
  8.4151,  3.53967,   45.501, 0.0104, 0.0104,  33.7020, 28 Sep 2018 21:23:52
  8.4135,  3.53959,   45.438, 0.0102, 0.0104,  33.7027, 28 Sep 2018 21:23:54
  8.4138,  3.53960,   45.297, 0.0099, 0.0109,  33.7026, 28 Sep 2018 21:23:57
  8.4151,  3.53970,   45.324, 0.0101, 0.0100,  33.7024, 28 Sep 2018 21:23:59
  8.4161,  3.53974,   45.445, 0.0095, 0.0106,  33.7018, 28 Sep 2018 21:24:02
  8.4158,  3.53972,   45.417, 0.0099, 0.0107,  33.7019, 28 Sep 2018 21:24:04
  8.4166,  3.53975,   45.311, 0.0096, 0.0110,  33.7015, 28 Sep 2018 21:24:06
  8.4189,  3.53986,   45.355, 0.0109, 0.0106,  33.7005, 28 Sep 2018 21:24:09
  8.4204,  3.53996,   45.433, 0.0097, 0.0105,  33.7000, 28 Sep 2018 21:24:11
  8.4207,  3.53996,   45.355, 0.0101, 0.0101,  33.6998, 28 Sep 2018 21:24:13
  8.4200,  3.53994,   45.280, 0.0102, 0.0115,  33.7003, 28 Sep 2018 21:24:16
  8.4204,  3.53997,   45.392, 0.0096, 0.0109,  33.7002, 28 Sep 2018 21:24:18
  8.4227,  3.54009,   45.476, 0.0104, 0.0102,  33.6993, 28 Sep 2018 21:24:20
  8.4214,  3.54002,   45.377, 0.0101, 0.0107,  33.6998, 28 Sep 2018 21:24:23
  8.4213,  3.54002,   45.303, 0.0103, 0.0114,  33.7000, 28 Sep 2018 21:24:25
  8.4227,  3.54011,   45.415, 0.0106, 0.0100,  33.6994, 28 Sep 2018 21:24:27
  8.4232,  3.54013,   45.458, 0.0098, 0.0101,  33.6992, 28 Sep 2018 21:24:30
  8.4225,  3.54009,   45.343, 0.0099, 0.0107,  33.6995, 28 Sep 2018 21:24:32
  8.4229,  3.54011,   45.309, 0.0102, 0.0113,  33.6993, 28 Sep 2018 21:24:35
  8.4238,  3.54015,   45.388, 0.0094, 0.0108,  33.6988, 28 Sep 2018 21:24:37
  8.4243,  3.54019,   45.417, 0.0099, 0.0105,  33.6987, 28 Sep 2018 21:24:39
  8.4237,  3.54015,   45.367, 0.0096, 0.0101,  33.6990, 28 Sep 2018 21:24:42
  8.4237,  3.54016,   45.357, 0.0102, 0.0109,  33.6991, 28 Sep 2018 21:24:44
  8.4243,  3.54020,   45.395, 0.0109, 0.0105,  33.6989, 28 Sep 2018 21:24:46
  8.4249,  3.54023,   45.375, 0.0105, 0.0099,  33.6986, 28 Sep 2018 21:24:49
  8.4246,  3.54022,   45.329, 0.0096, 0.0100,  33.6988, 28 Sep 2018 21:24:51
  8.4248,  3.54023,   45.352, 0.0104, 0.0111,  33.6988, 28 Sep 2018 21:24:53
  8.4251,  3.54024,   45.420, 0.0099, 0.0103,  33.6985, 28 Sep 2018 21:24:56
  8.4255,  3.54026,   45.436, 0.0098, 0.0102,  33.6984, 28 Sep 2018 21:24:58
  8.4253,  3.54024,   45.417, 0.0103, 0.0100,  33.6984, 28 Sep 2018 21:25:00
  8.4248,  3.54026,   45.388, 0.0098, 0.0112,  33.6991, 28 Sep 2018 21:25:03
  8.4249,  3.54023,   45.351, 0.0102, 0.0106,  33.6987, 28 Sep 2018 21:25:05
  8.4250,  3.54024,   45.362, 0.0099, 0.0107,  33.6987, 28 Sep 2018 21:25:08
  8.4246,  3.54024,   45.400, 0.0101, 0.0105,  33.6991, 28 Sep 2018 21:25:10
  8.4250,  3.54024,   45.376, 0.0103, 0.0108,  33.6987, 28 Sep 2018 21:25:12
  8.4247,  3.54023,   45.359, 0.0109, 0.0101,  33.6989, 28 Sep 2018 21:25:15
  8.4248,  3.54024,   45.405, 0.0102, 0.0103,  33.6989, 28 Sep 2018 21:25:17
  8.4251,  3.54024,   45.409, 0.0099, 0.0102,  33.6985, 28 Sep 2018 21:25:19
  8.4252,  3.54026,   45.395, 0.0102, 0.0106,  33.6986, 28 Sep 2018 21:25:22
  8.4257,  3.54028,   45.419, 0.0103, 0.0109,  33.6985, 28 Sep 2018 21:25:24
  8.4253,  3.54027,   45.402, 0.0103, 0.0103,  33.6987, 28 Sep 2018 21:25:26
  8.4252,  3.54027,   45.372, 0.0096, 0.0107,  33.6988, 28 Sep 2018 21:25:29
  8.4251,  3.54027,   45.402, 0.0104, 0.0110,  33.6988, 28 Sep 2018 21:25:31
  8.4256,  3.54028,   45.383, 0.0112, 0.0101,  33.6986, 28 Sep 2018 21:25:33
  8.4258,  3.54028,   45.328, 0.0094, 0.0102,  33.6984, 28 Sep 2018 21:25:36
  8.4260,  3.54031,   45.359, 0.0095, 0.0098,  33.6985, 28 Sep 2018 21:25:38
  8.4259,  3.54031,   45.433, 0.0097, 0.0121,  33.6985, 28 Sep 2018 21:25:41
  8.4250,  3.54027,   45.434, 0.0095, 0.0101,  33.6990, 28 Sep 2018 21:25:43
  8.4254,  3.54030,   45.377, 0.0102, 0.0097,  33.6989, 28 Sep 2018 21:25:45
  8.4257,  3.54009,   45.355, 0.0099, 0.0102,  33.6965, 28 Sep 2018 21:25:48
  8.4256,  3.54028,   45.350, 0.0095, 0.0112,  33.6986, 28 Sep 2018 21:25:50
  8.4255,  3.54030,   45.320, 0.0105, 0.0104,  33.6988, 28 Sep 2018 21:25:52
  8.4258,  3.54030,   45.358, 0.0096, 0.0107,  33.6985, 28 Sep 2018 21:25:55
  8.4243,  3.54022,   45.443, 0.0099, 0.0110,  33.6991, 28 Sep 2018 21:25:57
  8.4237,  3.54020,   45.435, 0.0101, 0.0112,  33.6995, 28 Sep 2018 21:25:59
  8.4244,  3.54023,   45.357, 0.0095, 0.0110,  33.6991, 28 Sep 2018 21:26:02
  8.4247,  3.54024,   45.341, 0.0105, 0.0100,  33.6990, 28 Sep 2018 21:26:04
  8.4238,  3.54020,   45.410, 0.0101, 0.0104,  33.6994, 28 Sep 2018 21:26:07
  8.4251,  3.54024,   45.465, 0.0103, 0.0107,  33.6986, 28 Sep 2018 21:26:09
  8.4235,  3.54018,   45.426, 0.0096, 0.0102,  33.6994, 28 Sep 2018 21:26:11
  8.4239,  3.54020,   45.359, 0.0102, 0.0107,  33.6993, 28 Sep 2018 21:26:14
  8.4238,  3.54019,   45.325, 0.0097, 0.0100,  33.6993, 28 Sep 2018 21:26:16
  8.4245,  3.54023,   45.326, 0.0096, 0.0109,  33.6990, 28 Sep 2018 21:26:18
  8.4241,  3.54019,   45.384, 0.0101, 0.0107,  33.6990, 28 Sep 2018 21:26:21
  8.4215,  3.54005,   45.466, 0.0111, 0.0104,  33.7000, 28 Sep 2018 21:26:23
  8.4205,  3.54001,   45.452, 0.0101, 0.0097,  33.7005, 28 Sep 2018 21:26:25
  8.4221,  3.54011,   45.346, 0.0101, 0.0113,  33.7000, 28 Sep 2018 21:26:28
  8.4235,  3.54016,   45.300, 0.0095, 0.0106,  33.6993, 28 Sep 2018 21:26:30
  8.4221,  3.54008,   45.399, 0.0095, 0.0102,  33.6997, 28 Sep 2018 21:26:32
  8.4218,  3.54009,   45.458, 0.0099, 0.0102,  33.7001, 28 Sep 2018 21:26:35
  8.4224,  3.54011,   45.371, 0.0099, 0.0111,  33.6997, 28 Sep 2018 21:26:37
  8.4224,  3.54012,   45.305, 0.0103, 0.0104,  33.6999, 28 Sep 2018 21:26:40
  8.4222,  3.54011,   45.390, 0.0098, 0.0105,  33.6999, 28 Sep 2018 21:26:42
  8.4221,  3.54011,   45.487, 0.0099, 0.0099,  33.7000, 28 Sep 2018 21:26:44
  8.4206,  3.54004,   45.441, 0.0090, 0.0111,  33.7007, 28 Sep 2018 21:26:47
  8.4215,  3.54008,   45.289, 0.0102, 0.0101,  33.7003, 28 Sep 2018 21:26:49
  8.4228,  3.54015,   45.237, 0.0098, 0.0102,  33.6998, 28 Sep 2018 21:26:51
  8.4213,  3.54007,   45.327, 0.0098, 0.0100,  33.7004, 28 Sep 2018 21:26:54
  8.4194,  3.53997,   45.412, 0.0095, 0.0108,  33.7011, 28 Sep 2018 21:26:56
  8.4182,  3.53990,   45.455, 0.0099, 0.0101,  33.7015, 28 Sep 2018 21:26:58
  8.4189,  3.53994,   45.490, 0.0110, 0.0103,  33.7013, 28 Sep 2018 21:27:01
  8.4192,  3.53996,   45.452, 0.0103, 0.0105,  33.7012, 28 Sep 2018 21:27:03
  8.4197,  3.53998,   45.341, 0.0108, 0.0116,  33.7010, 28 Sep 2018 21:27:05
  8.4206,  3.54004,   45.282, 0.0093, 0.0107,  33.7008, 28 Sep 2018 21:27:08
  8.4226,  3.54013,   45.344, 0.0097, 0.0099,  33.6998, 28 Sep 2018 21:27:10
  8.4214,  3.54005,   45.431, 0.0102, 0.0100,  33.7001, 28 Sep 2018 21:27:13
  8.4209,  3.54002,   45.448, 0.0101, 0.0112,  33.7002, 28 Sep 2018 21:27:15
  8.4212,  3.54005,   45.400, 0.0098, 0.0105,  33.7003, 28 Sep 2018 21:27:17
  8.4218,  3.54007,   45.382, 0.0096, 0.0100,  33.6999, 28 Sep 2018 21:27:20
  8.4211,  3.54004,   45.440, 0.0098, 0.0107,  33.7002, 28 Sep 2018 21:27:22
  8.4206,  3.54002,   45.469, 0.0106, 0.0111,  33.7006, 28 Sep 2018 21:27:24
  8.4213,  3.54005,   45.387, 0.0102, 0.0107,  33.7002, 28 Sep 2018 21:27:27
  8.4215,  3.54007,   45.280, 0.0098, 0.0112,  33.7002, 28 Sep 2018 21:27:29
  8.4220,  3.54009,   45.289, 0.0102, 0.0098,  33.7000, 28 Sep 2018 21:27:31
  8.4189,  3.53993,   45.418, 0.0097, 0.0104,  33.7011, 28 Sep 2018 21:27:34
  8.4133,  3.53964,   45.513, 0.0092, 0.0112,  33.7034, 28 Sep 2018 21:27:36
  8.4136,  3.53971,   45.455, 0.0111, 0.0099,  33.7039, 28 Sep 2018 21:27:38
  8.4172,  3.53985,   45.358, 0.0102, 0.0102,  33.7020, 28 Sep 2018 21:27:41
  8.4181,  3.53989,   45.397, 0.0098, 0.0106,  33.7015, 28 Sep 2018 21:27:43
  8.4169,  3.53982,   45.425, 0.0099, 0.0110,  33.7019, 28 Sep 2018 21:27:46
  8.4171,  3.53985,   45.348, 0.0102, 0.0096,  33.7021, 28 Sep 2018 21:27:48
  8.4176,  3.53986,   45.336, 0.0097, 0.0102,  33.7017, 28 Sep 2018 21:27:50
  8.4165,  3.53975,   45.446, 0.0097, 0.0099,  33.7015, 28 Sep 2018 21:27:53
  8.4120,  3.53957,   45.488, 0.0098, 0.0117,  33.7040, 28 Sep 2018 21:27:55
  8.4135,  3.53967,   45.419, 0.0105, 0.0098,  33.7035, 28 Sep 2018 21:27:57
  8.4152,  3.53974,   45.381, 0.0098, 0.0102,  33.7027, 28 Sep 2018 21:28:00
  8.4148,  3.53970,   45.419, 0.0098, 0.0109,  33.7026, 28 Sep 2018 21:28:02
  8.4142,  3.53967,   45.420, 0.0101, 0.0111,  33.7029, 28 Sep 2018 21:28:04
  8.4136,  3.53967,   45.317, 0.0097, 0.0102,  33.7035, 28 Sep 2018 21:28:07
  8.4154,  3.53974,   45.312, 0.0098, 0.0098,  33.7025, 28 Sep 2018 21:28:09
  8.4156,  3.53974,   45.433, 0.0100, 0.0106,  33.7023, 28 Sep 2018 21:28:11
  8.4125,  3.53960,   45.464, 0.0102, 0.0107,  33.7038, 28 Sep 2018 21:28:14
  8.4132,  3.53963,   45.364, 0.0104, 0.0102,  33.7035, 28 Sep 2018 21:28:16
  8.4147,  3.53971,   45.337, 0.0105, 0.0104,  33.7029, 28 Sep 2018 21:28:19
  8.4151,  3.53971,   45.421, 0.0098, 0.0106,  33.7025, 28 Sep 2018 21:28:21
  8.4102,  3.53949,   45.439, 0.0096, 0.0108,  33.7048, 28 Sep 2018 21:28:23
  8.4125,  3.53960,   45.345, 0.0102, 0.0110,  33.7038, 28 Sep 2018 21:28:26
  8.4137,  3.53964,   45.307, 0.0101, 0.0101,  33.7031, 28 Sep 2018 21:28:28
  8.4151,  3.53971,   45.371, 0.0114, 0.0103,  33.7025, 28 Sep 2018 21:28:30
  8.4111,  3.53950,   45.381, 0.0105, 0.0115,  33.7042, 28 Sep 2018 21:28:33
  8.4115,  3.53954,   45.331, 0.0102, 0.0104,  33.7043, 28 Sep 2018 21:28:35
  8.4126,  3.53956,   45.395, 0.0094, 0.0100,  33.7033, 28 Sep 2018 21:28:37
  8.4103,  3.53943,   45.515, 0.0099, 0.0100,  33.7042, 28 Sep 2018 21:28:40
  8.4086,  3.53938,   45.506, 0.0097, 0.0109,  33.7052, 28 Sep 2018 21:28:42
  8.4099,  3.53943,   45.346, 0.0099, 0.0097,  33.7046, 28 Sep 2018 21:28:44
  8.4117,  3.53953,   45.244, 0.0101, 0.0105,  33.7040, 28 Sep 2018 21:28:47
  8.4133,  3.53964,   45.316, 0.0096, 0.0101,  33.7035, 28 Sep 2018 21:28:49
  8.4091,  3.53938,   45.437, 0.0106, 0.0106,  33.7047, 28 Sep 2018 21:28:52
  8.4079,  3.53934,   45.450, 0.0102, 0.0113,  33.7055, 28 Sep 2018 21:28:54
  8.4094,  3.53941,   45.416, 0.0099, 0.0099,  33.7048, 28 Sep 2018 21:28:56
  8.4100,  3.53945,   45.435, 0.0095, 0.0107,  33.7046, 28 Sep 2018 21:28:59
  8.4081,  3.53934,   45.456, 0.0098, 0.0101,  33.7052, 28 Sep 2018 21:29:01
  8.4088,  3.53938,   45.384, 0.0099, 0.0113,  33.7050, 28 Sep 2018 21:29:03
  8.4101,  3.53943,   45.269, 0.0098, 0.0104,  33.7045, 28 Sep 2018 21:29:06
  8.4128,  3.53954,   45.270, 0.0102, 0.0106,  33.7030, 28 Sep 2018 21:29:08
  8.4079,  3.53931,   45.404, 0.0092, 0.0104,  33.7052, 28 Sep 2018 21:29:10
  8.4052,  3.53919,   45.475, 0.0099, 0.0106,  33.7064, 28 Sep 2018 21:29:13
  8.4058,  3.53922,   45.455, 0.0112, 0.0105,  33.7062, 28 Sep 2018 21:29:15
  8.4067,  3.53927,   45.431, 0.0098, 0.0102,  33.7058, 28 Sep 2018 21:29:17
  8.4073,  3.53927,   45.438, 0.0096, 0.0102,  33.7053, 28 Sep 2018 21:29:20
  8.4081,  3.53933,   45.389, 0.0106, 0.0113,  33.7051, 28 Sep 2018 21:29:22
  8.4088,  3.53937,   45.295, 0.0099, 0.0101,  33.7049, 28 Sep 2018 21:29:25
  8.4095,  3.53942,   45.322, 0.0101, 0.0098,  33.7049, 28 Sep 2018 21:29:27
  8.4066,  3.53926,   45.449, 0.0099, 0.0100,  33.7058, 28 Sep 2018 21:29:29
  8.4045,  3.53916,   45.449, 0.0099, 0.0113,  33.7068, 28 Sep 2018 21:29:32
  8.4068,  3.53927,   45.388, 0.0095, 0.0106,  33.7058, 28 Sep 2018 21:29:34
  8.4079,  3.53931,   45.445, 0.0102, 0.0104,  33.7052, 28 Sep 2018 21:29:36
  8.4061,  3.53920,   45.489, 0.0099, 0.0095,  33.7057, 28 Sep 2018 21:29:39
  8.4068,  3.53927,   45.340, 0.0102, 0.0106,  33.7058, 28 Sep 2018 21:29:41
  8.4084,  3.53933,   45.231, 0.0102, 0.0101,  33.7049, 28 Sep 2018 21:29:43
  8.4082,  3.53935,   45.353, 0.0097, 0.0102,  33.7054, 28 Sep 2018 21:29:46
  8.4028,  3.53905,   45.488, 0.0095, 0.0098,  33.7072, 28 Sep 2018 21:29:48
  8.4034,  3.53911,   45.408, 0.0098, 0.0107,  33.7073, 28 Sep 2018 21:29:50
  8.4064,  3.53923,   45.343, 0.0098, 0.0100,  33.7058, 28 Sep 2018 21:29:53
  8.4066,  3.53924,   45.452, 0.0111, 0.0099,  33.7057, 28 Sep 2018 21:29:55
  8.4054,  3.53920,   45.474, 0.0102, 0.0096,  33.7064, 28 Sep 2018 21:29:58
  8.4059,  3.53922,   45.317, 0.0092, 0.0111,  33.7061, 28 Sep 2018 21:30:00
  8.4061,  3.53920,   45.252, 0.0097, 0.0111,  33.7059, 28 Sep 2018 21:30:02
  8.4045,  3.53912,   45.410, 0.0100, 0.0105,  33.7064, 28 Sep 2018 21:30:05
  8.4002,  3.53891,   45.470, 0.0093, 0.0102,  33.7083, 28 Sep 2018 21:30:07
  8.4021,  3.53902,   45.341, 0.0099, 0.0113,  33.7077, 28 Sep 2018 21:30:09
  8.4042,  3.53913,   45.330, 0.0098, 0.0100,  33.7069, 28 Sep 2018 21:30:12
  8.4026,  3.53901,   45.528, 0.0095, 0.0101,  33.7070, 28 Sep 2018 21:30:14
  8.4007,  3.53893,   45.565, 0.0101, 0.0104,  33.7079, 28 Sep 2018 21:30:16
  8.4027,  3.53907,   45.346, 0.0092, 0.0110,  33.7076, 28 Sep 2018 21:30:19
  8.4045,  3.53913,   45.244, 0.0095, 0.0107,  33.7066, 28 Sep 2018 21:30:21
  8.4025,  3.53901,   45.388, 0.0097, 0.0105,  33.7072, 28 Sep 2018 21:30:24
  8.4012,  3.53894,   45.431, 0.0104, 0.0099,  33.7076, 28 Sep 2018 21:30:26
  8.4017,  3.53898,   45.319, 0.0106, 0.0114,  33.7077, 28 Sep 2018 21:30:28
  8.4031,  3.53905,   45.365, 0.0106, 0.0102,  33.7070, 28 Sep 2018 21:30:31
  8.3994,  3.53885,   45.502, 0.0097, 0.0100,  33.7083, 28 Sep 2018 21:30:33
  8.3986,  3.53881,   45.489, 0.0099, 0.0104,  33.7087, 28 Sep 2018 21:30:35
  8.4004,  3.53891,   45.362, 0.0112, 0.0112,  33.7082, 28 Sep 2018 21:30:38
  8.4013,  3.53894,   45.306, 0.0100, 0.0104,  33.7077, 28 Sep 2018 21:30:40
  8.4006,  3.53891,   45.335, 0.0099, 0.0105,  33.7080, 28 Sep 2018 21:30:42
  8.3989,  3.53882,   45.388, 0.0101, 0.0104,  33.7086, 28 Sep 2018 21:30:45
  8.3985,  3.53879,   45.410, 0.0098, 0.0105,  33.7086, 28 Sep 2018 21:30:47
  8.3988,  3.53880,   45.408, 0.0105, 0.0104,  33.7085, 28 Sep 2018 21:30:49
  8.3990,  3.53883,   45.410, 0.0102, 0.0100,  33.7087, 28 Sep 2018 21:30:52
  8.3993,  3.53885,   45.421, 0.0098, 0.0101,  33.7085, 28 Sep 2018 21:30:54
  8.3990,  3.53882,   45.387, 0.0092, 0.0116,  33.7085, 28 Sep 2018 21:30:57
  8.3998,  3.53887,   45.299, 0.0097, 0.0103,  33.7084, 28 Sep 2018 21:30:59
  8.4011,  3.53893,   45.310, 0.0096, 0.0104,  33.7077, 28 Sep 2018 21:31:01
  8.3985,  3.53878,   45.442, 0.0101, 0.0110,  33.7085, 28 Sep 2018 21:31:04
  8.3980,  3.53875,   45.472, 0.0094, 0.0108,  33.7087, 28 Sep 2018 21:31:06
  8.3986,  3.53879,   45.380, 0.0098, 0.0104,  33.7086, 28 Sep 2018 21:31:08
  8.3995,  3.53885,   45.344, 0.0091, 0.0107,  33.7084, 28 Sep 2018 21:31:11
  8.3994,  3.53880,   45.427, 0.0095, 0.0098,  33.7080, 28 Sep 2018 21:31:13
  8.3986,  3.53876,   45.466, 0.0093, 0.0114,  33.7082, 28 Sep 2018 21:31:15
  8.3987,  3.53879,   45.401, 0.0102, 0.0109,  33.7085, 28 Sep 2018 21:31:18
  8.3995,  3.53885,   45.356, 0.0095, 0.0101,  33.7083, 28 Sep 2018 21:31:20
  8.3995,  3.53885,   45.390, 0.0103, 0.0108,  33.7083, 28 Sep 2018 21:31:22
  8.3984,  3.53875,   45.379, 0.0099, 0.0115,  33.7083, 28 Sep 2018 21:31:25
  8.3985,  3.53879,   45.334, 0.0102, 0.0106,  33.7087, 28 Sep 2018 21:31:27
  8.3982,  3.53878,   45.411, 0.0104, 0.0100,  33.7088, 28 Sep 2018 21:31:30
  8.3978,  3.53874,   45.495, 0.0114, 0.0102,  33.7088, 28 Sep 2018 21:31:32
  8.3979,  3.53874,   45.411, 0.0104, 0.0110,  33.7087, 28 Sep 2018 21:31:34
  8.3991,  3.53879,   45.324, 0.0104, 0.0099,  33.7081, 28 Sep 2018 21:31:37
  8.3988,  3.53880,   45.368, 0.0100, 0.0103,  33.7085, 28 Sep 2018 21:31:39
  8.3982,  3.53875,   45.417, 0.0098, 0.0102,  33.7085, 28 Sep 2018 21:31:41
  8.3976,  3.53874,   45.373, 0.0095, 0.0106,  33.7089, 28 Sep 2018 21:31:44
  8.3985,  3.53876,   45.346, 0.0095, 0.0113,  33.7084, 28 Sep 2018 21:31:46
  8.3985,  3.53879,   45.440, 0.0101, 0.0102,  33.7087, 28 Sep 2018 21:31:48
  8.3973,  3.53871,   45.483, 0.0096, 0.0105,  33.7089, 28 Sep 2018 21:31:51
  8.3980,  3.53875,   45.372, 0.0098, 0.0101,  33.7087, 28 Sep 2018 21:31:53
  8.3987,  3.53880,   45.301, 0.0100, 0.0108,  33.7086, 28 Sep 2018 21:31:55
  8.3986,  3.53879,   45.416, 0.0098, 0.0102,  33.7086, 28 Sep 2018 21:31:58
  8.3967,  3.53870,   45.494, 0.0097, 0.0102,  33.7093, 28 Sep 2018 21:32:00
  8.3972,  3.53872,   45.385, 0.0099, 0.0106,  33.7092, 28 Sep 2018 21:32:03
  8.3986,  3.53878,   45.265, 0.0101, 0.0112,  33.7085, 28 Sep 2018 21:32:05
  8.3988,  3.53879,   45.343, 0.0101, 0.0105,  33.7084, 28 Sep 2018 21:32:07
  8.3979,  3.53875,   45.441, 0.0099, 0.0105,  33.7088, 28 Sep 2018 21:32:10
  8.3981,  3.53875,   45.439, 0.0097, 0.0102,  33.7086, 28 Sep 2018 21:32:12
  8.3981,  3.53876,   45.428, 0.0098, 0.0104,  33.7088, 28 Sep 2018 21:32:14
  8.3978,  3.53875,   45.425, 0.0102, 0.0098,  33.7089, 28 Sep 2018 21:32:17
  8.3980,  3.53875,   45.364, 0.0097, 0.0100,  33.7087, 28 Sep 2018 21:32:19
  8.3984,  3.53879,   45.337, 0.0110, 0.0104,  33.7088, 28 Sep 2018 21:32:21
  8.3983,  3.53876,   45.397, 0.0098, 0.0114,  33.7086, 28 Sep 2018 21:32:24
  8.3973,  3.53871,   45.456, 0.0098, 0.0107,  33.7089, 28 Sep 2018 21:32:26
  8.3975,  3.53872,   45.412, 0.0098, 0.0096,  33.7089, 28 Sep 2018 21:32:28
  8.3979,  3.53874,   45.379, 0.0097, 0.0102,  33.7086, 28 Sep 2018 21:32:31
  8.3975,  3.53874,   45.436, 0.0104, 0.0110,  33.7090, 28 Sep 2018 21:32:33
  8.3966,  3.53871,   45.460, 0.0097, 0.0095,  33.7096, 28 Sep 2018 21:32:36
  8.3975,  3.53874,   45.352, 0.0099, 0.0103,  33.7090, 28 Sep 2018 21:32:38
  8.3980,  3.53875,   45.252, 0.0093, 0.0104,  33.7088, 28 Sep 2018 21:32:40
  8.3983,  3.53878,   45.348, 0.0099, 0.0109,  33.7087, 28 Sep 2018 21:32:43
  8.3945,  3.53857,   45.478, 0.0096, 0.0098,  33.7102, 28 Sep 2018 21:32:45
  8.3944,  3.53857,   45.487, 0.0097, 0.0101,  33.7102, 28 Sep 2018 21:32:47
  8.3952,  3.53861,   45.427, 0.0099, 0.0104,  33.7099, 28 Sep 2018 21:32:50
  8.3960,  3.53865,   45.378, 0.0100, 0.0110,  33.7096, 28 Sep 2018 21:32:52
  8.3963,  3.53867,   45.356, 0.0094, 0.0099,  33.7095, 28 Sep 2018 21:32:54
  8.3960,  3.53864,   45.343, 0.0106, 0.0099,  33.7095, 28 Sep 2018 21:32:57
  8.3957,  3.53863,   45.359, 0.0104, 0.0097,  33.7097, 28 Sep 2018 21:32:59
  8.3947,  3.53857,   45.419, 0.0097, 0.0100,  33.7100, 28 Sep 2018 21:33:01

EraseBlock 1
  8.3944,  3.53857,   45.435, 0.0098, 0.0112,  33.7102, 28 Sep 2018 21:33:04
  8.3950,  3.53860,   45.361, 0.0112, 0.0104,  33.7100, 28 Sep 2018 21:33:07
  8.3954,  3.53861,   45.401, 0.0099, 0.0104,  33.7098, 28 Sep 2018 21:33:09
  8.3948,  3.53859,   45.422, 0.0102, 0.0102,  33.7100, 28 Sep 2018 21:33:12
  8.3953,  3.53861,   45.391, 0.0099, 0.0102,  33.7098, 28 Sep 2018 21:33:14
  8.3956,  3.53860,   45.424, 0.0098, 0.0107,  33.7094, 28 Sep 2018 21:33:17
  8.3950,  3.53859,   45.425, 0.0103, 0.0100,  33.7098, 28 Sep 2018 21:33:19
  8.3951,  3.53861,   45.357, 0.0093, 0.0104,  33.7100, 28 Sep 2018 21:33:21
  8.3961,  3.53864,   45.360, 0.0101, 0.0098,  33.7094, 28 Sep 2018 21:33:24
  8.3954,  3.53860,   45.414, 0.0098, 0.0099,  33.7096, 28 Sep 2018 21:33:26
  8.3953,  3.53860,   45.429, 0.0095, 0.0114,  33.7097, 28 Sep 2018 21:33:28
  8.3955,  3.53861,   45.440, 0.0105, 0.0102,  33.7096, 28 Sep 2018 21:33:31
  8.3948,  3.53857,   45.437, 0.0096, 0.0098,  33.7099, 28 Sep 2018 21:33:33
  8.3946,  3.53856,   45.390, 0.0103, 0.0097,  33.7099, 28 Sep 2018 21:33:35
  8.3951,  3.53860,   45.336, 0.0104, 0.0105,  33.7099, 28 Sep 2018 21:33:38
  8.3961,  3.53864,   45.345, 0.0099, 0.0112,  33.7094, 28 Sep 2018 21:33:40
  8.3945,  3.53856,   45.402, 0.0094, 0.0099,  33.7101, 28 Sep 2018 21:33:42
  8.3937,  3.53849,   45.435, 0.0101, 0.0103,  33.7100, 28 Sep 2018 21:33:45
  8.3935,  3.53849,   45.452, 0.0097, 0.0100,  33.7103, 28 Sep 2018 21:33:47
  8.3936,  3.53850,   45.473, 0.0098, 0.0102,  33.7103, 28 Sep 2018 21:33:50
  8.3940,  3.53853,   45.424, 0.0097, 0.0114,  33.7102, 28 Sep 2018 21:33:52
  8.3949,  3.53856,   45.323, 0.0109, 0.0105,  33.7097, 28 Sep 2018 21:33:54
  8.3965,  3.53870,   45.289, 0.0106, 0.0104,  33.7096, 28 Sep 2018 21:33:57
  8.3955,  3.53860,   45.361, 0.0100, 0.0102,  33.7095, 28 Sep 2018 21:33:59
  8.3931,  3.53846,   45.459, 0.0100, 0.0101,  33.7103, 28 Sep 2018 21:34:01
  8.3928,  3.53848,   45.473, 0.0097, 0.0109,  33.7108, 28 Sep 2018 21:34:04
  8.3937,  3.53850,   45.419, 0.0095, 0.0101,  33.7102, 28 Sep 2018 21:34:06
  8.3938,  3.53852,   45.398, 0.0116, 0.0105,  33.7103, 28 Sep 2018 21:34:08
  8.3940,  3.53853,   45.397, 0.0100, 0.0104,  33.7103, 28 Sep 2018 21:34:11
  8.3941,  3.53853,   45.345, 0.0093, 0.0105,  33.7102, 28 Sep 2018 21:34:13
  8.3949,  3.53857,   45.293, 0.0094, 0.0118,  33.7098, 28 Sep 2018 21:34:15
  8.3941,  3.53853,   45.373, 0.0101, 0.0102,  33.7102, 28 Sep 2018 21:34:18
  8.3931,  3.53848,   45.478, 0.0096, 0.0100,  33.7105, 28 Sep 2018 21:34:20
  8.3929,  3.53849,   45.451, 0.0097, 0.0110,  33.7108, 28 Sep 2018 21:34:23
  8.3937,  3.53850,   45.390, 0.0099, 0.0107,  33.7103, 28 Sep 2018 21:34:25
  8.3937,  3.53852,   45.421, 0.0096, 0.0115,  33.7103, 28 Sep 2018 21:34:27
  8.3936,  3.53849,   45.430, 0.0101, 0.0104,  33.7101, 28 Sep 2018 21:34:30
  8.3939,  3.53852,   45.356, 0.0103, 0.0102,  33.7102, 28 Sep 2018 21:34:32
  8.3942,  3.53853,   45.360, 0.0103, 0.0102,  33.7101, 28 Sep 2018 21:34:34
  8.3935,  3.53850,   45.429, 0.0098, 0.0106,  33.7104, 28 Sep 2018 21:34:37
  8.3934,  3.53849,   45.425, 0.0101, 0.0111,  33.7103, 28 Sep 2018 21:34:39
  8.3939,  3.53852,   45.394, 0.0101, 0.0108,  33.7102, 28 Sep 2018 21:34:41
  8.3938,  3.53852,   45.413, 0.0105, 0.0103,  33.7102, 28 Sep 2018 21:34:44
  8.3935,  3.53850,   45.407, 0.0098, 0.0102,  33.7104, 28 Sep 2018 21:34:46
  8.3940,  3.53853,   45.384, 0.0096, 0.0107,  33.7102, 28 Sep 2018 21:34:48
  8.3943,  3.53853,   45.422, 0.0096, 0.0109,  33.7099, 28 Sep 2018 21:34:51
  8.3940,  3.53852,   45.464, 0.0096, 0.0106,  33.7101, 28 Sep 2018 21:34:53
  8.3943,  3.53853,   45.408, 0.0097, 0.0101,  33.7100, 28 Sep 2018 21:34:56
  8.3945,  3.53855,   45.348, 0.0114, 0.0101,  33.7099, 28 Sep 2018 21:34:58
  8.3947,  3.53855,   45.363, 0.0096, 0.0117,  33.7097, 28 Sep 2018 21:35:00
  8.3943,  3.53855,   45.362, 0.0106, 0.0111,  33.7101, 28 Sep 2018 21:35:03
  8.3944,  3.53855,   45.380, 0.0106, 0.0105,  33.7100, 28 Sep 2018 21:35:05
  8.3940,  3.53852,   45.454, 0.0101, 0.0104,  33.7100, 28 Sep 2018 21:35:07
  8.3940,  3.53852,   45.471, 0.0098, 0.0097,  33.7101, 28 Sep 2018 21:35:10
  8.3942,  3.53855,   45.366, 0.0102, 0.0115,  33.7102, 28 Sep 2018 21:35:12
  8.3950,  3.53859,   45.300, 0.0100, 0.0098,  33.7099, 28 Sep 2018 21:35:14
  8.3947,  3.53856,   45.367, 0.0096, 0.0107,  33.7098, 28 Sep 2018 21:35:17
  8.3942,  3.53853,   45.430, 0.0105, 0.0102,  33.7100, 28 Sep 2018 21:35:19
  8.3945,  3.53855,   45.431, 0.0101, 0.0101,  33.7099, 28 Sep 2018 21:35:21
  8.3947,  3.53855,   45.446, 0.0103, 0.0114,  33.7097, 28 Sep 2018 21:35:24
  8.3949,  3.53857,   45.445, 0.0096, 0.0105,  33.7098, 28 Sep 2018 21:35:26
  8.3950,  3.53857,   45.404, 0.0100, 0.0105,  33.7097, 28 Sep 2018 21:35:29
  8.3953,  3.53861,   45.353, 0.0097, 0.0103,  33.7099, 28 Sep 2018 21:35:31
  8.3956,  3.53863,   45.331, 0.0100, 0.0117,  33.7097, 28 Sep 2018 21:35:33
  8.3957,  3.53863,   45.375, 0.0098, 0.0102,  33.7096, 28 Sep 2018 21:35:36
  8.3959,  3.53863,   45.438, 0.0097, 0.0106,  33.7094, 28 Sep 2018 21:35:38
  8.3958,  3.53864,   45.452, 0.0105, 0.0107,  33.7096, 28 Sep 2018 21:35:40
  8.3958,  3.53864,   45.460, 0.0105, 0.0099,  33.7097, 28 Sep 2018 21:35:43
  8.3958,  3.53863,   45.474, 0.0116, 0.0107,  33.7095, 28 Sep 2018 21:35:45
  8.3958,  3.53863,   45.382, 0.0105, 0.0102,  33.7095, 28 Sep 2018 21:35:47
  8.3965,  3.53865,   45.267, 0.0107, 0.0097,  33.7092, 28 Sep 2018 21:35:50
  8.3968,  3.53868,   45.306, 0.0101, 0.0099,  33.7092, 28 Sep 2018 21:35:52
  8.3960,  3.53864,   45.431, 0.0099, 0.0104,  33.7094, 28 Sep 2018 21:35:54
  8.3963,  3.53864,   45.464, 0.0097, 0.0113,  33.7091, 28 Sep 2018 21:35:57
  8.3963,  3.53865,   45.459, 0.0099, 0.0109,  33.7093, 28 Sep 2018 21:35:59
  8.3961,  3.53864,   45.466, 0.0096, 0.0112,  33.7093, 28 Sep 2018 21:36:02
  8.3959,  3.53863,   45.423, 0.0099, 0.0107,  33.7094, 28 Sep 2018 21:36:04
  8.3963,  3.53867,   45.346, 0.0101, 0.0105,  33.7095, 28 Sep 2018 21:36:06
  8.3970,  3.53868,   45.335, 0.0100, 0.0116,  33.7089, 28 Sep 2018 21:36:09
  8.3970,  3.53870,   45.389, 0.0100, 0.0102,  33.7091, 28 Sep 2018 21:36:11
  8.3972,  3.53870,   45.420, 0.0100, 0.0104,  33.7089, 28 Sep 2018 21:36:13
  8.3969,  3.53868,   45.435, 0.0102, 0.0100,  33.7090, 28 Sep 2018 21:36:16
  8.3967,  3.53867,   45.437, 0.0102, 0.0099,  33.7090, 28 Sep 2018 21:36:18
  8.3975,  3.53870,   45.409, 0.0099, 0.0111,  33.7086, 28 Sep 2018 21:36:20
  8.3975,  3.53871,   45.359, 0.0099, 0.0102,  33.7088, 28 Sep 2018 21:36:23
  8.3979,  3.53874,   45.351, 0.0097, 0.0108,  33.7087, 28 Sep 2018 21:36:25
  8.3975,  3.53874,   45.370, 0.0096, 0.0101,  33.7091, 28 Sep 2018 21:36:27
  8.3975,  3.53870,   45.412, 0.0099, 0.0105,  33.7086, 28 Sep 2018 21:36:30
  8.3975,  3.53871,   45.439, 0.0096, 0.0119,  33.7088, 28 Sep 2018 21:36:32
  8.3972,  3.53870,   45.423, 0.0097, 0.0099,  33.7089, 28 Sep 2018 21:36:35
  8.3974,  3.53870,   45.426, 0.0110, 0.0106,  33.7087, 28 Sep 2018 21:36:37
  8.3971,  3.53870,   45.430, 0.0099, 0.0106,  33.7090, 28 Sep 2018 21:36:39
  8.3973,  3.53870,   45.376, 0.0099, 0.0102,  33.7088, 28 Sep 2018 21:36:42
  8.3973,  3.53870,   45.351, 0.0101, 0.0109,  33.7088, 28 Sep 2018 21:36:44
  8.3976,  3.53872,   45.389, 0.0101, 0.0101,  33.7088, 28 Sep 2018 21:36:46
  8.3977,  3.53871,   45.405, 0.0103, 0.0108,  33.7086, 28 Sep 2018 21:36:49
  8.3980,  3.53875,   45.382, 0.0098, 0.0101,  33.7087, 28 Sep 2018 21:36:51
  8.3979,  3.53875,   45.411, 0.0101, 0.0097,  33.7088, 28 Sep 2018 21:36:53
  8.3975,  3.53871,   45.448, 0.0096, 0.0113,  33.7087, 28 Sep 2018 21:36:56
  8.3974,  3.53871,   45.432, 0.0101, 0.0105,  33.7088, 28 Sep 2018 21:36:58
  8.3973,  3.53872,   45.413, 0.0102, 0.0100,  33.7091, 28 Sep 2018 21:37:00
  8.3978,  3.53874,   45.413, 0.0100, 0.0105,  33.7087, 28 Sep 2018 21:37:03
  8.3981,  3.53875,   45.380, 0.0097, 0.0105,  33.7086, 28 Sep 2018 21:37:05
  8.3983,  3.53875,   45.337, 0.0096, 0.0111,  33.7085, 28 Sep 2018 21:37:08
  8.3982,  3.53878,   45.398, 0.0101, 0.0104,  33.7088, 28 Sep 2018 21:37:10
  8.3987,  3.53878,   45.490, 0.0101, 0.0105,  33.7082, 28 Sep 2018 21:37:12
  8.3989,  3.53879,   45.450, 0.0100, 0.0111,  33.7082, 28 Sep 2018 21:37:15
  8.3987,  3.53878,   45.379, 0.0094, 0.0099,  33.7084, 28 Sep 2018 21:37:17
  8.3989,  3.53879,   45.414, 0.0096, 0.0113,  33.7083, 28 Sep 2018 21:37:19
  8.3986,  3.53878,   45.436, 0.0096, 0.0102,  33.7084, 28 Sep 2018 21:37:22
  8.3991,  3.53880,   45.332, 0.0115, 0.0109,  33.7083, 28 Sep 2018 21:37:24
  8.3999,  3.53883,   45.244, 0.0105, 0.0102,  33.7079, 28 Sep 2018 21:37:26
  8.4008,  3.53889,   45.329, 0.0103, 0.0106,  33.7075, 28 Sep 2018 21:37:29
  8.4005,  3.53887,   45.498, 0.0103, 0.0111,  33.7075, 28 Sep 2018 21:37:31
  8.4013,  3.53891,   45.520, 0.0096, 0.0112,  33.7072, 28 Sep 2018 21:37:34
  8.4011,  3.53890,   45.430, 0.0099, 0.0101,  33.7073, 28 Sep 2018 21:37:36
  8.4010,  3.53891,   45.362, 0.0101, 0.0104,  33.7076, 28 Sep 2018 21:37:38
  8.4020,  3.53896,   45.344, 0.0094, 0.0101,  33.7072, 28 Sep 2018 21:37:41
  8.4029,  3.53898,   45.352, 0.0097, 0.0113,  33.7065, 28 Sep 2018 21:37:43
  8.4031,  3.53901,   45.394, 0.0104, 0.0104,  33.7066, 28 Sep 2018 21:37:45
  8.4041,  3.53907,   45.420, 0.0094, 0.0102,  33.7062, 28 Sep 2018 21:37:48
  8.4043,  3.53905,   45.415, 0.0092, 0.0108,  33.7059, 28 Sep 2018 21:37:50
  8.4038,  3.53907,   45.401, 0.0095, 0.0101,  33.7065, 28 Sep 2018 21:37:52
  8.4040,  3.53907,   45.393, 0.0100, 0.0117,  33.7063, 28 Sep 2018 21:37:55
  8.4077,  3.53917,   45.402, 0.0099, 0.0104,  33.7040, 28 Sep 2018 21:37:57
  8.4063,  3.53919,   45.407, 0.0097, 0.0104,  33.7054, 28 Sep 2018 21:37:59
  8.4062,  3.53916,   45.418, 0.0100, 0.0106,  33.7053, 28 Sep 2018 21:38:02
  8.4061,  3.53917,   45.439, 0.0100, 0.0103,  33.7054, 28 Sep 2018 21:38:04
  8.4073,  3.53922,   45.403, 0.0095, 0.0102,  33.7047, 28 Sep 2018 21:38:07
  8.4070,  3.53922,   45.334, 0.0101, 0.0110,  33.7051, 28 Sep 2018 21:38:09
  8.4070,  3.53922,   45.338, 0.0114, 0.0103,  33.7051, 28 Sep 2018 21:38:11
  8.4081,  3.53926,   45.432, 0.0106, 0.0106,  33.7044, 28 Sep 2018 21:38:14
  8.4087,  3.53933,   45.496, 0.0101, 0.0101,  33.7045, 28 Sep 2018 21:38:16
  8.4086,  3.53933,   45.472, 0.0101, 0.0100,  33.7046, 28 Sep 2018 21:38:18
  8.4097,  3.53934,   45.393, 0.0099, 0.0105,  33.7037, 28 Sep 2018 21:38:21
  8.4109,  3.53942,   45.286, 0.0100, 0.0115,  33.7035, 28 Sep 2018 21:38:23
  8.4119,  3.53949,   45.273, 0.0102, 0.0100,  33.7033, 28 Sep 2018 21:38:25
  8.4127,  3.53956,   45.401, 0.0095, 0.0101,  33.7032, 28 Sep 2018 21:38:28
  8.4129,  3.53956,   45.502, 0.0097, 0.0108,  33.7030, 28 Sep 2018 21:38:30
  8.4122,  3.53952,   45.496, 0.0098, 0.0107,  33.7032, 28 Sep 2018 21:38:32
  8.4128,  3.53954,   45.480, 0.0097, 0.0108,  33.7029, 28 Sep 2018 21:38:35
  8.4127,  3.53949,   45.413, 0.0097, 0.0118,  33.7025, 28 Sep 2018 21:38:37
  8.4141,  3.53959,   45.282, 0.0102, 0.0104,  33.7022, 28 Sep 2018 21:38:40
  8.4169,  3.53976,   45.286, 0.0095, 0.0105,  33.7014, 28 Sep 2018 21:38:42
  8.4180,  3.53980,   45.399, 0.0097, 0.0096,  33.7007, 28 Sep 2018 21:38:44
  8.4177,  3.53979,   45.439, 0.0098, 0.0102,  33.7009, 28 Sep 2018 21:38:47
  8.4178,  3.53982,   45.436, 0.0096, 0.0102,  33.7011, 28 Sep 2018 21:38:49
  8.4176,  3.53980,   45.518, 0.0096, 0.0115,  33.7011, 28 Sep 2018 21:38:51
  8.4190,  3.53987,   45.513, 0.0111, 0.0098,  33.7004, 28 Sep 2018 21:38:54
  8.4197,  3.53992,   45.357, 0.0099, 0.0103,  33.7003, 28 Sep 2018 21:38:56
  8.4207,  3.53994,   45.264, 0.0099, 0.0102,  33.6997, 28 Sep 2018 21:38:58
  8.4235,  3.54012,   45.358, 0.0109, 0.0103,  33.6988, 28 Sep 2018 21:39:01
  8.4213,  3.54001,   45.460, 0.0098, 0.0110,  33.6998, 28 Sep 2018 21:39:03
  8.4218,  3.54002,   45.467, 0.0094, 0.0113,  33.6994, 28 Sep 2018 21:39:05
  8.4220,  3.54005,   45.408, 0.0098, 0.0105,  33.6995, 28 Sep 2018 21:39:08
  8.4227,  3.54008,   45.377, 0.0099, 0.0102,  33.6992, 28 Sep 2018 21:39:10
  8.4227,  3.54009,   45.395, 0.0094, 0.0106,  33.6993, 28 Sep 2018 21:39:13
  8.4238,  3.54013,   45.401, 0.0098, 0.0101,  33.6987, 28 Sep 2018 21:39:15
  8.4250,  3.54022,   45.394, 0.0097, 0.0103,  33.6984, 28 Sep 2018 21:39:17
  8.4249,  3.54020,   45.403, 0.0102, 0.0110,  33.6984, 28 Sep 2018 21:39:20
  8.4260,  3.54027,   45.414, 0.0097, 0.0098,  33.6980, 28 Sep 2018 21:39:22
  8.4262,  3.54028,   45.408, 0.0102, 0.0099,  33.6980, 28 Sep 2018 21:39:24
  8.4262,  3.54030,   45.388, 0.0105, 0.0101,  33.6981, 28 Sep 2018 21:39:27
  8.4258,  3.54028,   45.389, 0.0098, 0.0100,  33.6983, 28 Sep 2018 21:39:29
  8.4273,  3.54034,   45.385, 0.0104, 0.0101,  33.6975, 28 Sep 2018 21:39:31
  8.4263,  3.54030,   45.354, 0.0102, 0.0097,  33.6981, 28 Sep 2018 21:39:34
  8.4254,  3.54027,   45.363, 0.0102, 0.0119,  33.6986, 28 Sep 2018 21:39:36
  8.4310,  3.54052,   45.447, 0.0102, 0.0100,  33.6959, 28 Sep 2018 21:39:38
  8.4304,  3.54049,   45.488, 0.0096, 0.0106,  33.6961, 28 Sep 2018 21:39:41
  8.4297,  3.54046,   45.379, 0.0099, 0.0101,  33.6965, 28 Sep 2018 21:39:43
  8.4291,  3.54045,   45.279, 0.0103, 0.0104,  33.6970, 28 Sep 2018 21:39:46
  8.4292,  3.54046,   45.385, 0.0097, 0.0096,  33.6970, 28 Sep 2018 21:39:48
  8.4309,  3.54055,   45.542, 0.0100, 0.0114,  33.6962, 28 Sep 2018 21:39:50
  8.4309,  3.54053,   45.468, 0.0101, 0.0106,  33.6961, 28 Sep 2018 21:39:53
  8.4311,  3.54055,   45.327, 0.0111, 0.0100,  33.6961, 28 Sep 2018 21:39:55
  8.4341,  3.54069,   45.351, 0.0092, 0.0100,  33.6947, 28 Sep 2018 21:39:57
  8.4344,  3.54071,   45.411, 0.0099, 0.0100,  33.6947, 28 Sep 2018 21:40:00
  8.4359,  3.54079,   45.405, 0.0097, 0.0097,  33.6940, 28 Sep 2018 21:40:02
  8.4358,  3.54079,   45.429, 0.0099, 0.0114,  33.6941, 28 Sep 2018 21:40:04
  8.4365,  3.54083,   45.477, 0.0097, 0.0110,  33.6939, 28 Sep 2018 21:40:07
  8.4366,  3.54086,   45.469, 0.0097, 0.0108,  33.6941, 28 Sep 2018 21:40:09
  8.4370,  3.54086,   45.395, 0.0097, 0.0102,  33.6937, 28 Sep 2018 21:40:11
  8.4368,  3.54085,   45.331, 0.0097, 0.0107,  33.6938, 28 Sep 2018 21:40:14
  8.4414,  3.54101,   45.366, 0.0099, 0.0102,  33.6911, 28 Sep 2018 21:40:16
  8.4394,  3.54100,   45.404, 0.0096, 0.0113,  33.6929, 28 Sep 2018 21:40:19
  8.4396,  3.54101,   45.389, 0.0097, 0.0101,  33.6929, 28 Sep 2018 21:40:21
  8.4396,  3.54101,   45.417, 0.0104, 0.0100,  33.6929, 28 Sep 2018 21:40:23
  8.4393,  3.54101,   45.472, 0.0100, 0.0103,  33.6931, 28 Sep 2018 21:40:26
  8.4395,  3.54103,   45.409, 0.0097, 0.0097,  33.6931, 28 Sep 2018 21:40:28
  8.4398,  3.54103,   45.302, 0.0102, 0.0107,  33.6928, 28 Sep 2018 21:40:30
  8.4419,  3.54113,   45.352, 0.0101, 0.0117,  33.6920, 28 Sep 2018 21:40:33
  8.4438,  3.54123,   45.465, 0.0102, 0.0103,  33.6911, 28 Sep 2018 21:40:35
  8.4428,  3.54119,   45.450, 0.0100, 0.0105,  33.6916, 28 Sep 2018 21:40:37
  8.4428,  3.54119,   45.369, 0.0103, 0.0101,  33.6917, 28 Sep 2018 21:40:40
  8.4437,  3.54124,   45.404, 0.0115, 0.0107,  33.6914, 28 Sep 2018 21:40:42
  8.4432,  3.54123,   45.455, 0.0101, 0.0100,  33.6917, 28 Sep 2018 21:40:45
  8.4447,  3.54127,   45.367, 0.0100, 0.0105,  33.6908, 28 Sep 2018 21:40:47
  8.4448,  3.54129,   45.337, 0.0097, 0.0117,  33.6908, 28 Sep 2018 21:40:49
  8.4502,  3.54159,   45.446, 0.0094, 0.0098,  33.6888, 28 Sep 2018 21:40:52
  8.4506,  3.54162,   45.453, 0.0095, 0.0098,  33.6887, 28 Sep 2018 21:40:54
  8.4500,  3.54156,   45.336, 0.0103, 0.0106,  33.6887, 28 Sep 2018 21:40:56
  8.4495,  3.54157,   45.342, 0.0096, 0.0101,  33.6893, 28 Sep 2018 21:40:59
  8.4502,  3.54160,   45.452, 0.0095, 0.0097,  33.6889, 28 Sep 2018 21:41:01
  8.4534,  3.54177,   45.471, 0.0097, 0.0117,  33.6876, 28 Sep 2018 21:41:03
  8.4527,  3.54171,   45.403, 0.0098, 0.0104,  33.6877, 28 Sep 2018 21:41:06
  8.4519,  3.54167,   45.397, 0.0102, 0.0100,  33.6880, 28 Sep 2018 21:41:08
  8.4568,  3.54196,   45.426, 0.0096, 0.0099,  33.6864, 28 Sep 2018 21:41:10
  8.4567,  3.54193,   45.374, 0.0106, 0.0105,  33.6862, 28 Sep 2018 21:41:13
  8.4544,  3.54183,   45.318, 0.0103, 0.0095,  33.6874, 28 Sep 2018 21:41:15
  8.4547,  3.54188,   45.430, 0.0099, 0.0115,  33.6875, 28 Sep 2018 21:41:18
  8.4581,  3.54205,   45.527, 0.0100, 0.0104,  33.6861, 28 Sep 2018 21:41:20
  8.4577,  3.54203,   45.462, 0.0096, 0.0096,  33.6862, 28 Sep 2018 21:41:22
  8.4563,  3.54194,   45.377, 0.0101, 0.0102,  33.6867, 28 Sep 2018 21:41:25
  8.4559,  3.54196,   45.403, 0.0096, 0.0098,  33.6872, 28 Sep 2018 21:41:27
  8.4586,  3.54209,   45.417, 0.0096, 0.0102,  33.6861, 28 Sep 2018 21:41:29
  8.4579,  3.54203,   45.324, 0.0110, 0.0109,  33.6862, 28 Sep 2018 21:41:32
  8.4577,  3.54200,   45.318, 0.0093, 0.0100,  33.6860, 28 Sep 2018 21:41:34
  8.4626,  3.54226,   45.476, 0.0097, 0.0101,  33.6840, 28 Sep 2018 21:41:36
  8.4670,  3.54249,   45.537, 0.0103, 0.0111,  33.6823, 28 Sep 2018 21:41:39
  8.4656,  3.54242,   45.424, 0.0097, 0.0102,  33.6829, 28 Sep 2018 21:41:41
  8.4633,  3.54231,   45.436, 0.0096, 0.0101,  33.6840, 28 Sep 2018 21:41:43
  8.4660,  3.54247,   45.504, 0.0103, 0.0114,  33.6829, 28 Sep 2018 21:41:46
  8.4643,  3.54236,   45.380, 0.0093, 0.0096,  33.6835, 28 Sep 2018 21:41:48
  8.4647,  3.54240,   45.248, 0.0101, 0.0111,  33.6835, 28 Sep 2018 21:41:51
  8.4698,  3.54266,   45.323, 0.0100, 0.0101,  33.6814, 28 Sep 2018 21:41:53
  8.4716,  3.54275,   45.461, 0.0102, 0.0104,  33.6806, 28 Sep 2018 21:41:55
  8.4758,  3.54296,   45.517, 0.0099, 0.0101,  33.6788, 28 Sep 2018 21:41:58
  8.4752,  3.54292,   45.510, 0.0099, 0.0100,  33.6789, 28 Sep 2018 21:42:00
  8.4754,  3.54293,   45.455, 0.0098, 0.0120,  33.6789, 28 Sep 2018 21:42:02
  8.4733,  3.54286,   45.403, 0.0100, 0.0100,  33.6802, 28 Sep 2018 21:42:05
  8.4717,  3.54277,   45.392, 0.0097, 0.0107,  33.6807, 28 Sep 2018 21:42:07
  8.4771,  3.54301,   45.358, 0.0101, 0.0106,  33.6782, 28 Sep 2018 21:42:09
  8.4764,  3.54297,   45.301, 0.0108, 0.0097,  33.6784, 28 Sep 2018 21:42:12
  8.4757,  3.54297,   45.371, 0.0098, 0.0106,  33.6791, 28 Sep 2018 21:42:14
  8.4782,  3.54312,   45.507, 0.0099, 0.0114,  33.6782, 28 Sep 2018 21:42:16
  8.4787,  3.54315,   45.487, 0.0096, 0.0102,  33.6781, 28 Sep 2018 21:42:19
  8.4772,  3.54307,   45.385, 0.0100, 0.0100,  33.6787, 28 Sep 2018 21:42:21
  8.4777,  3.54311,   45.388, 0.0099, 0.0104,  33.6787, 28 Sep 2018 21:42:24
  8.4795,  3.54320,   45.418, 0.0097, 0.0102,  33.6778, 28 Sep 2018 21:42:26
  8.4817,  3.54329,   45.370, 0.0102, 0.0104,  33.6767, 28 Sep 2018 21:42:28
  8.4807,  3.54325,   45.322, 0.0098, 0.0109,  33.6772, 28 Sep 2018 21:42:31
  8.4803,  3.54326,   45.356, 0.0107, 0.0103,  33.6777, 28 Sep 2018 21:42:33
  8.4828,  3.54337,   45.451, 0.0098, 0.0103,  33.6765, 28 Sep 2018 21:42:35
  8.4827,  3.54338,   45.508, 0.0103, 0.0102,  33.6767, 28 Sep 2018 21:42:38
  8.4826,  3.54334,   45.462, 0.0104, 0.0100,  33.6763, 28 Sep 2018 21:42:40
  8.4810,  3.54329,   45.375, 0.0095, 0.0102,  33.6774, 28 Sep 2018 21:42:42
  8.4806,  3.54328,   45.323, 0.0105, 0.0111,  33.6777, 28 Sep 2018 21:42:45
  8.4816,  3.54334,   45.342, 0.0096, 0.0097,  33.6774, 28 Sep 2018 21:42:47
  8.4844,  3.54347,   45.393, 0.0100, 0.0103,  33.6760, 28 Sep 2018 21:42:49
  8.4847,  3.54348,   45.419, 0.0097, 0.0109,  33.6758, 28 Sep 2018 21:42:52
  8.4846,  3.54348,   45.417, 0.0095, 0.0106,  33.6759, 28 Sep 2018 21:42:54
  8.4835,  3.54341,   45.419, 0.0096, 0.0109,  33.6763, 28 Sep 2018 21:42:57
  8.4832,  3.54341,   45.460, 0.0101, 0.0114,  33.6766, 28 Sep 2018 21:42:59
  8.4839,  3.54348,   45.495, 0.0100, 0.0100,  33.6765, 28 Sep 2018 21:43:01
  8.4834,  3.54344,   45.428, 0.0095, 0.0101,  33.6766, 28 Sep 2018 21:43:04
  8.4834,  3.54340,   45.296, 0.0096, 0.0107,  33.6763, 28 Sep 2018 21:43:06
  8.4830,  3.54340,   45.282, 0.0099, 0.0100,  33.6766, 28 Sep 2018 21:43:08
  8.4834,  3.54344,   45.387, 0.0099, 0.0102,  33.6766, 28 Sep 2018 21:43:11
  8.4824,  3.54341,   45.472, 0.0104, 0.0101,  33.6773, 28 Sep 2018 21:43:13
  8.4833,  3.54344,   45.483, 0.0095, 0.0112,  33.6767, 28 Sep 2018 21:43:15
  8.4831,  3.54344,   45.504, 0.0103, 0.0105,  33.6769, 28 Sep 2018 21:43:18
  8.4834,  3.54345,   45.471, 0.0104, 0.0099,  33.6767, 28 Sep 2018 21:43:20
  8.4838,  3.54349,   45.405, 0.0108, 0.0102,  33.6768, 28 Sep 2018 21:43:58
  8.4845,  3.54351,   45.352, 0.0103, 0.0105,  33.6763, 28 Sep 2018 21:44:00
  8.4850,  3.54352,   45.333, 0.0093, 0.0113,  33.6760, 28 Sep 2018 21:44:03
  8.4852,  3.54354,   45.404, 0.0102, 0.0104,  33.6760, 28 Sep 2018 21:44:05
  8.4844,  3.54352,   45.449, 0.0095, 0.0100,  33.6766, 28 Sep 2018 21:44:07
  8.4838,  3.54349,   45.451, 0.0098, 0.0106,  33.6768, 28 Sep 2018 21:44:10
  8.4839,  3.54351,   45.422, 0.0105, 0.0103,  33.6769, 28 Sep 2018 21:44:12
  8.4839,  3.54349,   45.381, 0.0095, 0.0101,  33.6767, 28 Sep 2018 21:44:14
  8.4848,  3.54354,   45.383, 0.0097, 0.0104,  33.6763, 28 Sep 2018 21:44:17
