
---  09-28-18 22:30:38 ---
$DXN,0000,28/09/18,22:41:00,00000,00000,00000,00000,00,000*

$DXN,0000,28/09/18,22:51:00,00000,00000,00000,00000,00,000*

$DXN,0000,28/09/18,23:01:00,00000,00000,00000,00000,00,000*

done


---  09-28-18 23:30:17 ---
$DXN,0000,28/09/18,23:40:38,00000,00000,00000,00000,00,000*

$DXN,0000,28/09/18,23:50:38,00000,00000,00000,00000,00,000*

$DXN,0000,29/09/18,00:00:38,00000,00000,00000,00000,00,000*

done


---  09-29-18 00:30:57 ---
$DXN,0000,29/09/18,00:41:18,00000,00000,00000,00000,00,000*

$DXN,0000,29/09/18,00:51:18,00000,00000,00000,00000,00,000*

$DXN,0000,29/09/18,01:01:18,00000,00000,00000,00000,00,000*

done


---  09-29-18 01:30:37 ---
$DXN,0000,29/09/18,01:40:58,00000,00000,00000,00000,00,000*

$DXN,0000,29/09/18,01:50:58,00000,00000,00000,00000,00,000*

$DXN,0000,29/09/18,02:00:58,00000,00000,00000,00000,00,000*

done


---  09-29-18 02:30:16 ---
$DXN,0000,29/09/18,02:40:38,00000,00000,00000,00000,00,000*

$DXN,0000,29/09/18,02:50:38,00000,00000,00000,00000,00,000*

$DXN,0000,29/09/18,03:00:38,00000,00000,00000,00000,00,000*

done


---  09-29-18 03:30:56 ---
$DXN,0000,29/09/18,03:41:17,00000,00000,00000,00000,00,000*

$DXN,0000,29/09/18,03:51:17,00000,00000,00000,00000,00,000*

$DXN,0000,29/09/18,04:01:17,00000,00000,00000,00000,00,000*

done


---  09-29-18 04:30:36 ---
$DXN,0000,29/09/18,04:40:57,00000,00000,00000,00000,00,000*

$DXN,0000,29/09/18,04:50:57,00000,00000,00000,00000,00,000*

$DXN,0000,29/09/18,05:00:57,00000,00000,00000,00000,00,000*

done


---  09-29-18 05:30:16 ---
$DXN,0000,29/09/18,05:40:37,00000,00000,00000,00000,00,000*

$DXN,0000,29/09/18,05:50:37,00000,00000,00000,00000,00,000*

$DXN,0000,29/09/18,06:00:37,00000,00000,00000,00000,00,000*

done


---  09-29-18 06:30:55 ---
$DXN,0000,29/09/18,06:41:17,00000,00000,00000,00000,00,000*

$DXN,0000,29/09/18,06:51:17,00000,00000,00000,00000,00,000*

$DXN,0000,29/09/18,07:01:17,00000,00000,00000,00000,00,000*

done

