
---  09-29-18 08:30:13 ---
$DXN,0000,29/09/18,08:40:35,00000,00000,00000,00000,00,000*

$DXN,0000,29/09/18,08:50:35,00000,00000,00000,00000,00,000*

$DXN,0000,29/09/18,09:00:35,00000,00000,00000,00000,00,000*

done


---  09-29-18 09:30:53 ---
$DXN,0000,29/09/18,09:41:15,00000,00000,00000,00000,00,000*

$DXN,0000,29/09/18,09:51:15,00000,00000,00000,00000,00,000*

$DXN,0000,29/09/18,10:01:15,00000,00000,00000,00000,00,000*

done


---  09-29-18 10:30:33 ---
$DXN,0000,29/09/18,10:40:54,00000,00000,00000,00000,00,000*

$DXN,0000,29/09/18,10:50:54,00000,00000,00000,00000,00,000*

$DXN,0000,29/09/18,11:00:54,00000,00000,00000,00000,00,000*

done


---  09-29-18 11:30:13 ---
$DXN,0000,29/09/18,11:40:34,00000,00000,00000,00000,00,000*

$DXN,0000,29/09/18,11:50:34,00000,00000,00000,00000,00,000*

$DXN,0000,29/09/18,12:00:34,00000,00000,00000,00000,00,000*

done


---  09-29-18 12:30:51 ---
$DXN,0000,29/09/18,12:41:13,00000,00000,00000,00000,00,000*

$DXN,0000,29/09/18,12:51:13,00000,00000,00000,00000,00,000*

$DXN,0000,29/09/18,13:01:13,00000,00000,00000,00000,00,000*

done


---  09-29-18 13:30:31 ---
$DXN,0000,29/09/18,13:40:52,00000,00000,00000,00000,00,000*

$DXN,0000,29/09/18,13:50:52,00000,00000,00000,00000,00,000*

$DXN,0000,29/09/18,14:00:52,00000,00000,00000,00000,00,000*

done

