
---  09-29-18 17:04:06 ---
  8.8556,  3.56061,   43.646, 0.0093, 0.0099,  33.5045, 29 Sep 2018 17:04:35
 10.3666,  3.63723,   14.974, 0.0097, 0.0101,  32.9059, 29 Sep 2018 17:09:07
 10.3562,  3.63648,   14.936, 0.0097, 0.0109,  32.9077, 29 Sep 2018 17:09:10
 10.2805,  3.62966,   15.313, 0.0099, 0.0104,  32.9075, 29 Sep 2018 17:09:12
 10.1996,  3.62428,   15.706, 0.0097, 0.0107,  32.9264, 29 Sep 2018 17:09:14
 10.1768,  3.62483,   16.179, 0.0103, 0.0102,  32.9525, 29 Sep 2018 17:09:17
 10.2435,  3.63407,   16.701, 0.0100, 0.0109,  32.9849, 29 Sep 2018 17:09:19
 10.2690,  3.63717,   17.228, 0.0099, 0.0104,  32.9928, 29 Sep 2018 17:09:21
 10.2514,  3.63567,   17.664, 0.0100, 0.0112,  32.9935, 29 Sep 2018 17:09:24
 10.1685,  3.62974,   18.013, 0.0099, 0.0100,  33.0088, 29 Sep 2018 17:09:26
 10.1054,  3.62738,   18.404, 0.0102, 0.0112,  33.0424, 29 Sep 2018 17:09:29
 10.0686,  3.62624,   18.896, 0.0097, 0.0110,  33.0643, 29 Sep 2018 17:09:31
 10.0410,  3.62441,   19.282, 0.0110, 0.0105,  33.0707, 29 Sep 2018 17:09:33
  9.9273,  3.61655,   19.809, 0.0096, 0.0101,  33.0948, 29 Sep 2018 17:09:36
  9.8633,  3.61199,   20.410, 0.0101, 0.0112,  33.1069, 29 Sep 2018 17:09:38
  9.8697,  3.61293,   20.834, 0.0089, 0.0103,  33.1103, 29 Sep 2018 17:09:40
  9.8713,  3.61231,   21.186, 0.0098, 0.0100,  33.1024, 29 Sep 2018 17:09:43
  9.7502,  3.60307,   21.624, 0.0095, 0.0097,  33.1193, 29 Sep 2018 17:09:45
  9.6755,  3.59775,   22.058, 0.0101, 0.0108,  33.1334, 29 Sep 2018 17:09:47
  9.6510,  3.59603,   22.483, 0.0095, 0.0100,  33.1382, 29 Sep 2018 17:09:50
  9.6079,  3.59215,   23.056, 0.0095, 0.0103,  33.1379, 29 Sep 2018 17:09:52
  9.5737,  3.58939,   23.604, 0.0093, 0.0100,  33.1410, 29 Sep 2018 17:09:54
  9.5486,  3.58731,   23.956, 0.0102, 0.0106,  33.1428, 29 Sep 2018 17:09:57
  9.5079,  3.58332,   24.363, 0.0097, 0.0096,  33.1391, 29 Sep 2018 17:09:59
  9.3506,  3.57033,   24.889, 0.0093, 0.0099,  33.1507, 29 Sep 2018 17:10:02
  9.1621,  3.55586,   25.358, 0.0095, 0.0102,  33.1759, 29 Sep 2018 17:10:04
  8.9880,  3.54241,   25.763, 0.0097, 0.0104,  33.1982, 29 Sep 2018 17:10:06
  8.8673,  3.53641,   26.039, 0.0091, 0.0104,  33.2485, 29 Sep 2018 17:10:09
  8.8986,  3.53664,   26.001, 0.0096, 0.0100,  33.2216, 29 Sep 2018 17:10:11
  8.8296,  3.52935,   26.144, 0.0104, 0.0099,  33.2100, 29 Sep 2018 17:10:38
  8.8413,  3.52791,   25.836, 0.0093, 0.0098,  33.1840, 29 Sep 2018 17:10:58
  8.8153,  3.52644,   25.819, 0.0098, 0.0113,  33.1931, 29 Sep 2018 17:11:01
  8.8145,  3.52613,   25.919, 0.0096, 0.0096,  33.1905, 29 Sep 2018 17:11:03
  8.8053,  3.52587,   26.443, 0.0098, 0.0098,  33.1962, 29 Sep 2018 17:11:06
  8.8082,  3.52759,   26.908, 0.0099, 0.0096,  33.2113, 29 Sep 2018 17:11:08
  8.7890,  3.52671,   27.324, 0.0097, 0.0108,  33.2198, 29 Sep 2018 17:11:10
  8.8684,  3.53907,   27.822, 0.0092, 0.0105,  33.2744, 29 Sep 2018 17:11:13
  9.0553,  3.56087,   28.338, 0.0093, 0.0098,  33.3263, 29 Sep 2018 17:11:15
  9.2284,  3.58267,   28.802, 0.0092, 0.0097,  33.3905, 29 Sep 2018 17:11:17
  9.2347,  3.58228,   29.198, 0.0101, 0.0106,  33.3803, 29 Sep 2018 17:11:20
  9.3057,  3.59160,   29.553, 0.0092, 0.0096,  33.4102, 29 Sep 2018 17:11:22
  9.3311,  3.59511,   29.936, 0.0096, 0.0104,  33.4225, 29 Sep 2018 17:11:24
  9.3311,  3.59557,   30.481, 0.0097, 0.0102,  33.4271, 29 Sep 2018 17:11:27
  9.2873,  3.59176,   31.097, 0.0094, 0.0109,  33.4285, 29 Sep 2018 17:11:29
  9.2130,  3.58497,   31.555, 0.0094, 0.0103,  33.4273, 29 Sep 2018 17:11:31
  9.1793,  3.58206,   31.941, 0.0099, 0.0101,  33.4286, 29 Sep 2018 17:11:34
  9.1242,  3.57750,   32.370, 0.0112, 0.0104,  33.4329, 29 Sep 2018 17:11:36
  9.0725,  3.57287,   32.741, 0.0094, 0.0099,  33.4330, 29 Sep 2018 17:11:39
  9.0343,  3.56997,   33.066, 0.0092, 0.0108,  33.4385, 29 Sep 2018 17:11:41
  8.9932,  3.56618,   33.614, 0.0103, 0.0102,  33.4375, 29 Sep 2018 17:11:43
  8.9734,  3.56548,   34.218, 0.0094, 0.0101,  33.4486, 29 Sep 2018 17:11:46
  8.9809,  3.56676,   34.648, 0.0096, 0.0098,  33.4546, 29 Sep 2018 17:11:48
  8.9932,  3.56742,   35.045, 0.0098, 0.0104,  33.4498, 29 Sep 2018 17:11:50
  8.9855,  3.56901,   35.469, 0.0099, 0.0104,  33.4734, 29 Sep 2018 17:11:53
  8.9568,  3.56760,   35.832, 0.0091, 0.0104,  33.4855, 29 Sep 2018 17:11:55
  8.9268,  3.56609,   36.211, 0.0095, 0.0103,  33.4979, 29 Sep 2018 17:11:57
  8.8951,  3.56551,   36.713, 0.0097, 0.0111,  33.5216, 29 Sep 2018 17:12:00
  8.8722,  3.56504,   37.244, 0.0092, 0.0100,  33.5381, 29 Sep 2018 17:12:02
  8.8659,  3.56549,   37.673, 0.0091, 0.0105,  33.5485, 29 Sep 2018 17:12:04
  8.8732,  3.56556,   38.062, 0.0096, 0.0108,  33.5421, 29 Sep 2018 17:12:07
  8.8378,  3.56438,   38.494, 0.0095, 0.0105,  33.5631, 29 Sep 2018 17:12:09
  8.8139,  3.56341,   38.902, 0.0109, 0.0102,  33.5754, 29 Sep 2018 17:12:12
  8.7923,  3.56202,   39.303, 0.0096, 0.0099,  33.5811, 29 Sep 2018 17:12:14
  8.7761,  3.56117,   39.761, 0.0099, 0.0107,  33.5874, 29 Sep 2018 17:12:16
  8.7613,  3.56020,   40.222, 0.0102, 0.0115,  33.5909, 29 Sep 2018 17:12:19
  8.7443,  3.55913,   40.651, 0.0093, 0.0102,  33.5957, 29 Sep 2018 17:12:21
  8.7260,  3.55812,   41.065, 0.0098, 0.0102,  33.6022, 29 Sep 2018 17:12:23
  8.7143,  3.55736,   41.523, 0.0096, 0.0104,  33.6051, 29 Sep 2018 17:12:26
  8.6828,  3.55543,   42.009, 0.0098, 0.0111,  33.6146, 29 Sep 2018 17:12:28
  8.6570,  3.55393,   42.440, 0.0100, 0.0098,  33.6231, 29 Sep 2018 17:12:30
  8.6441,  3.55310,   42.864, 0.0095, 0.0102,  33.6265, 29 Sep 2018 17:12:33
  8.6277,  3.55197,   43.293, 0.0098, 0.0103,  33.6301, 29 Sep 2018 17:12:35
  8.6168,  3.55145,   43.655, 0.0096, 0.0107,  33.6347, 29 Sep 2018 17:12:37
  8.6423,  3.55307,   43.667, 0.0097, 0.0104,  33.6276, 29 Sep 2018 17:12:40
  8.6198,  3.55130,   43.746, 0.0098, 0.0105,  33.6302, 29 Sep 2018 17:12:42
  8.6110,  3.55101,   43.796, 0.0099, 0.0100,  33.6355, 29 Sep 2018 17:12:45
