
---  09-29-18 19:04:39 ---
  8.5560,  3.54717,   44.436, 0.0096, 0.0104,  33.6473, 29 Sep 2018 19:05:07
 10.8318,  3.67452,   16.319, 0.0094, 0.0099,  32.8589, 29 Sep 2018 19:09:02
 10.8506,  3.67472,   16.463, 0.0096, 0.0105,  32.8439, 29 Sep 2018 19:09:04
 10.8475,  3.67460,   16.750, 0.0097, 0.0111,  32.8454, 29 Sep 2018 19:09:07
 10.7997,  3.67059,   17.223, 0.0100, 0.0100,  32.8482, 29 Sep 2018 19:09:09
 10.7315,  3.66649,   17.718, 0.0097, 0.0106,  32.8685, 29 Sep 2018 19:09:11
 10.7044,  3.66472,   18.075, 0.0109, 0.0103,  32.8750, 29 Sep 2018 19:09:14
 10.6654,  3.66122,   18.472, 0.0099, 0.0107,  32.8749, 29 Sep 2018 19:09:16
 10.5341,  3.65009,   19.027, 0.0092, 0.0098,  32.8818, 29 Sep 2018 19:09:18
 10.4416,  3.64355,   19.499, 0.0102, 0.0105,  32.8994, 29 Sep 2018 19:09:21
 10.3962,  3.64192,   19.854, 0.0101, 0.0098,  32.9241, 29 Sep 2018 19:09:23
 10.3841,  3.65041,   20.347, 0.0102, 0.0111,  33.0202, 29 Sep 2018 19:09:26
 10.3876,  3.65298,   20.760, 0.0101, 0.0102,  33.0427, 29 Sep 2018 19:09:28
 10.3528,  3.65028,   21.170, 0.0094, 0.0102,  33.0469, 29 Sep 2018 19:09:30
 10.2069,  3.64042,   21.734, 0.0114, 0.0107,  33.0802, 29 Sep 2018 19:09:33
 10.1562,  3.63696,   22.118, 0.0098, 0.0107,  33.0914, 29 Sep 2018 19:09:35
 10.1146,  3.63314,   22.318, 0.0096, 0.0096,  33.0906, 29 Sep 2018 19:09:37
 10.0394,  3.62661,   22.790, 0.0099, 0.0107,  33.0930, 29 Sep 2018 19:09:40
 10.0225,  3.62594,   23.429, 0.0096, 0.0098,  33.1015, 29 Sep 2018 19:09:42
 10.0201,  3.62541,   23.832, 0.0091, 0.0110,  33.0980, 29 Sep 2018 19:09:44
 10.0124,  3.62438,   24.197, 0.0098, 0.0100,  33.0945, 29 Sep 2018 19:09:47
  9.8929,  3.61537,   24.716, 0.0099, 0.0097,  33.1121, 29 Sep 2018 19:09:49
  9.8078,  3.61042,   25.066, 0.0099, 0.0100,  33.1398, 29 Sep 2018 19:09:51
  9.7450,  3.60668,   25.380, 0.0097, 0.0115,  33.1593, 29 Sep 2018 19:09:54
  9.5866,  3.59562,   25.678, 0.0097, 0.0096,  33.1921, 29 Sep 2018 19:09:56
  9.5787,  3.59338,   25.658, 0.0096, 0.0098,  33.1764, 29 Sep 2018 19:09:59
  9.4694,  3.58231,   25.260, 0.0092, 0.0104,  33.1639, 29 Sep 2018 19:10:26
  9.3741,  3.57384,   25.166, 0.0105, 0.0111,  33.1649, 29 Sep 2018 19:10:46
  9.3594,  3.57284,   25.048, 0.0103, 0.0110,  33.1684, 29 Sep 2018 19:10:48
  9.3637,  3.57245,   24.988, 0.0096, 0.0097,  33.1604, 29 Sep 2018 19:10:51
  9.3463,  3.57161,   25.539, 0.0097, 0.0099,  33.1676, 29 Sep 2018 19:10:53
  9.3645,  3.57457,   26.063, 0.0104, 0.0097,  33.1810, 29 Sep 2018 19:10:55
  9.3571,  3.57384,   26.539, 0.0093, 0.0105,  33.1801, 29 Sep 2018 19:10:58
  9.2849,  3.56730,   26.954, 0.0093, 0.0102,  33.1795, 29 Sep 2018 19:11:00
  9.2599,  3.56670,   27.400, 0.0094, 0.0100,  33.1963, 29 Sep 2018 19:11:03
  9.2678,  3.56905,   27.774, 0.0091, 0.0099,  33.2131, 29 Sep 2018 19:11:05
  9.2375,  3.56866,   28.148, 0.0090, 0.0113,  33.2371, 29 Sep 2018 19:11:07
  9.1968,  3.56765,   28.669, 0.0092, 0.0099,  33.2643, 29 Sep 2018 19:11:10
  9.2031,  3.57018,   29.269, 0.0092, 0.0105,  33.2844, 29 Sep 2018 19:11:12
  9.2544,  3.57718,   29.654, 0.0095, 0.0099,  33.3089, 29 Sep 2018 19:11:14
  9.3057,  3.58319,   29.949, 0.0101, 0.0110,  33.3230, 29 Sep 2018 19:11:17
  9.3418,  3.58716,   30.404, 0.0097, 0.0104,  33.3302, 29 Sep 2018 19:11:19
  9.3724,  3.59118,   30.915, 0.0095, 0.0102,  33.3430, 29 Sep 2018 19:11:21
  9.3908,  3.59433,   31.381, 0.0099, 0.0100,  33.3581, 29 Sep 2018 19:11:24
  9.3549,  3.59157,   31.801, 0.0094, 0.0107,  33.3629, 29 Sep 2018 19:11:26
  9.3331,  3.59089,   32.174, 0.0114, 0.0097,  33.3760, 29 Sep 2018 19:11:28
  9.3643,  3.59692,   32.506, 0.0096, 0.0099,  33.4091, 29 Sep 2018 19:11:31
  9.3629,  3.59940,   32.953, 0.0093, 0.0097,  33.4359, 29 Sep 2018 19:11:33
  9.2681,  3.59365,   33.550, 0.0099, 0.0104,  33.4648, 29 Sep 2018 19:11:35
  9.2249,  3.59142,   34.010, 0.0097, 0.0098,  33.4821, 29 Sep 2018 19:11:38
  9.2082,  3.59018,   34.317, 0.0096, 0.0098,  33.4847, 29 Sep 2018 19:11:40
  9.1941,  3.58902,   34.717, 0.0094, 0.0096,  33.4857, 29 Sep 2018 19:11:43
  9.1666,  3.58667,   35.146, 0.0096, 0.0108,  33.4869, 29 Sep 2018 19:11:45
  9.1364,  3.58438,   35.587, 0.0099, 0.0098,  33.4914, 29 Sep 2018 19:11:47
  9.0856,  3.58176,   36.006, 0.0097, 0.0108,  33.5117, 29 Sep 2018 19:11:50
  9.0605,  3.58063,   36.460, 0.0100, 0.0097,  33.5234, 29 Sep 2018 19:11:52
  9.0411,  3.57961,   36.906, 0.0097, 0.0101,  33.5308, 29 Sep 2018 19:11:54
  9.0116,  3.57777,   37.292, 0.0101, 0.0104,  33.5393, 29 Sep 2018 19:11:57
  8.9621,  3.57448,   37.709, 0.0098, 0.0101,  33.5516, 29 Sep 2018 19:11:59
  8.8796,  3.56836,   38.146, 0.0096, 0.0105,  33.5654, 29 Sep 2018 19:12:01
  8.8416,  3.56621,   38.548, 0.0102, 0.0098,  33.5786, 29 Sep 2018 19:12:04
  8.8285,  3.56527,   38.971, 0.0103, 0.0112,  33.5810, 29 Sep 2018 19:12:06
  8.7824,  3.56268,   39.412, 0.0108, 0.0101,  33.5974, 29 Sep 2018 19:12:08
  8.7433,  3.56050,   39.818, 0.0096, 0.0104,  33.6115, 29 Sep 2018 19:12:11
  8.7183,  3.55887,   40.208, 0.0100, 0.0100,  33.6179, 29 Sep 2018 19:12:13
  8.7039,  3.55788,   40.611, 0.0095, 0.0105,  33.6210, 29 Sep 2018 19:12:16
  8.6931,  3.55716,   41.031, 0.0094, 0.0104,  33.6235, 29 Sep 2018 19:12:18
  8.6838,  3.55642,   41.494, 0.0106, 0.0107,  33.6243, 29 Sep 2018 19:12:20
  8.6689,  3.55512,   41.969, 0.0102, 0.0105,  33.6246, 29 Sep 2018 19:12:23
  8.6549,  3.55413,   42.398, 0.0102, 0.0104,  33.6273, 29 Sep 2018 19:12:25
  8.6520,  3.55368,   42.771, 0.0102, 0.0103,  33.6251, 29 Sep 2018 19:12:27
  8.6471,  3.55335,   43.142, 0.0101, 0.0106,  33.6261, 29 Sep 2018 19:12:30
  8.6413,  3.55271,   43.587, 0.0099, 0.0103,  33.6247, 29 Sep 2018 19:12:32
  8.6320,  3.55210,   44.060, 0.0097, 0.0107,  33.6269, 29 Sep 2018 19:12:34
  8.6244,  3.55170,   44.494, 0.0098, 0.0101,  33.6298, 29 Sep 2018 19:12:37
  8.6179,  3.55127,   44.718, 0.0098, 0.0102,  33.6313, 29 Sep 2018 19:12:39
  8.6279,  3.55199,   44.683, 0.0099, 0.0103,  33.6293, 29 Sep 2018 19:12:41
  8.6097,  3.55056,   44.652, 0.0099, 0.0109,  33.6316, 29 Sep 2018 19:12:44
  8.5980,  3.54994,   44.606, 0.0099, 0.0105,  33.6363, 29 Sep 2018 19:12:46
