
---  09-30-18 07:29:54 ---
  8.4819,  3.54308,   43.675, 0.0103, 0.0100,  33.6751, 30 Sep 2018 07:30:21
 10.3621,  3.65558,   16.255, 0.0095, 0.0107,  33.0941, 30 Sep 2018 07:36:38
 10.3547,  3.65490,   16.180, 0.0096, 0.0099,  33.0940, 30 Sep 2018 07:36:41
 10.3557,  3.65490,   16.442, 0.0095, 0.0091,  33.0930, 30 Sep 2018 07:36:43
 10.3216,  3.65239,   16.791, 0.0110, 0.0099,  33.0986, 30 Sep 2018 07:36:45
 10.2628,  3.64968,   17.156, 0.0095, 0.0101,  33.1248, 30 Sep 2018 07:36:48
 10.2719,  3.65178,   17.677, 0.0097, 0.0107,  33.1374, 30 Sep 2018 07:36:50
 10.2939,  3.65729,   18.251, 0.0100, 0.0105,  33.1727, 30 Sep 2018 07:36:52
 10.2912,  3.65592,   18.572, 0.0091, 0.0102,  33.1612, 30 Sep 2018 07:36:55
 10.3012,  3.65861,   18.822, 0.0096, 0.0102,  33.1790, 30 Sep 2018 07:36:57
 10.3072,  3.66214,   19.218, 0.0099, 0.0102,  33.2090, 30 Sep 2018 07:36:59
 10.3047,  3.66265,   19.822, 0.0098, 0.0114,  33.2161, 30 Sep 2018 07:37:02
 10.3033,  3.66265,   20.197, 0.0101, 0.0097,  33.2172, 30 Sep 2018 07:37:04
 10.3014,  3.66248,   20.492, 0.0096, 0.0102,  33.2173, 30 Sep 2018 07:37:07
 10.3000,  3.66268,   20.964, 0.0102, 0.0106,  33.2203, 30 Sep 2018 07:37:09
 10.2928,  3.66253,   21.438, 0.0106, 0.0104,  33.2251, 30 Sep 2018 07:37:11
 10.2715,  3.66163,   21.877, 0.0096, 0.0107,  33.2354, 30 Sep 2018 07:37:14
 10.2547,  3.66086,   22.252, 0.0102, 0.0106,  33.2429, 30 Sep 2018 07:37:16
 10.2356,  3.66002,   22.595, 0.0106, 0.0102,  33.2517, 30 Sep 2018 07:37:18
 10.1537,  3.65481,   22.977, 0.0099, 0.0106,  33.2739, 30 Sep 2018 07:37:21
 10.0062,  3.64399,   23.465, 0.0106, 0.0107,  33.2998, 30 Sep 2018 07:37:23
  9.9688,  3.64184,   23.968, 0.0104, 0.0110,  33.3121, 30 Sep 2018 07:37:26
  9.9520,  3.64087,   24.422, 0.0103, 0.0100,  33.3176, 30 Sep 2018 07:37:28
  9.9276,  3.63922,   24.770, 0.0104, 0.0098,  33.3232, 30 Sep 2018 07:37:30
  9.8845,  3.63572,   25.120, 0.0097, 0.0103,  33.3272, 30 Sep 2018 07:37:33
  9.8203,  3.62977,   25.508, 0.0104, 0.0097,  33.3256, 30 Sep 2018 07:37:35
  9.6833,  3.61823,   25.861, 0.0099, 0.0110,  33.3344, 30 Sep 2018 07:37:37
  9.7258,  3.62228,   25.875, 0.0104, 0.0108,  33.3364, 30 Sep 2018 07:37:40
  9.8812,  3.63349,   25.535, 0.0107, 0.0095,  33.3073, 30 Sep 2018 07:38:07
  9.9384,  3.63619,   25.363, 0.0098, 0.0109,  33.2820, 30 Sep 2018 07:38:28
  9.9575,  3.63700,   25.391, 0.0106, 0.0100,  33.2726, 30 Sep 2018 07:38:30
  9.9643,  3.63778,   25.358, 0.0099, 0.0105,  33.2744, 30 Sep 2018 07:38:33
 10.0016,  3.64100,   25.425, 0.0109, 0.0111,  33.2727, 30 Sep 2018 07:38:35
 10.0155,  3.64198,   25.463, 0.0100, 0.0109,  33.2698, 30 Sep 2018 07:38:37
 10.0087,  3.64151,   25.382, 0.0102, 0.0099,  33.2713, 30 Sep 2018 07:38:40
  9.9994,  3.64113,   25.302, 0.0102, 0.0098,  33.2761, 30 Sep 2018 07:38:42
 10.0326,  3.64398,   25.305, 0.0102, 0.0105,  33.2745, 30 Sep 2018 07:38:44
 10.0479,  3.64509,   25.292, 0.0098, 0.0100,  33.2717, 30 Sep 2018 07:38:47
 10.0369,  3.64422,   25.222, 0.0099, 0.0112,  33.2730, 30 Sep 2018 07:38:49
 10.0722,  3.64770,   25.294, 0.0102, 0.0110,  33.2759, 30 Sep 2018 07:38:51
 10.1250,  3.65218,   25.436, 0.0106, 0.0101,  33.2727, 30 Sep 2018 07:38:54
 10.1185,  3.65130,   25.363, 0.0102, 0.0100,  33.2698, 30 Sep 2018 07:38:56
 10.1150,  3.65100,   25.249, 0.0101, 0.0106,  33.2700, 30 Sep 2018 07:38:59
 10.1673,  3.65511,   25.259, 0.0101, 0.0114,  33.2635, 30 Sep 2018 07:39:01
 10.1799,  3.65552,   25.192, 0.0105, 0.0103,  33.2561, 30 Sep 2018 07:39:03
 10.1651,  3.65465,   25.081, 0.0110, 0.0094,  33.2610, 30 Sep 2018 07:39:06
 10.2023,  3.65698,   25.221, 0.0104, 0.0103,  33.2504, 30 Sep 2018 07:39:08
 10.2081,  3.65718,   25.322, 0.0105, 0.0102,  33.2470, 30 Sep 2018 07:39:10
 10.2031,  3.65698,   25.242, 0.0094, 0.0109,  33.2496, 30 Sep 2018 07:39:13
 10.2070,  3.65736,   25.239, 0.0110, 0.0106,  33.2499, 30 Sep 2018 07:39:15
 10.2065,  3.65738,   25.113, 0.0105, 0.0095,  33.2506, 30 Sep 2018 07:39:18
 10.2040,  3.65708,   25.028, 0.0101, 0.0106,  33.2499, 30 Sep 2018 07:39:20
 10.2101,  3.65775,   25.125, 0.0099, 0.0096,  33.2510, 30 Sep 2018 07:39:22
 10.2152,  3.65804,   25.172, 0.0100, 0.0115,  33.2492, 30 Sep 2018 07:39:25
 10.2134,  3.65779,   25.170, 0.0110, 0.0105,  33.2484, 30 Sep 2018 07:39:27
 10.2212,  3.65821,   25.198, 0.0100, 0.0108,  33.2455, 30 Sep 2018 07:39:29
 10.2218,  3.65828,   25.164, 0.0106, 0.0106,  33.2457, 30 Sep 2018 07:39:32
 10.2158,  3.65794,   25.003, 0.0102, 0.0104,  33.2478, 30 Sep 2018 07:39:34
 10.2240,  3.65838,   25.026, 0.0104, 0.0113,  33.2447, 30 Sep 2018 07:39:36
 10.2450,  3.65936,   25.100, 0.0102, 0.0101,  33.2353, 30 Sep 2018 07:39:39
 10.2448,  3.65934,   25.077, 0.0102, 0.0102,  33.2354, 30 Sep 2018 07:39:41
 10.2441,  3.65934,   25.074, 0.0114, 0.0097,  33.2360, 30 Sep 2018 07:39:44
 10.2409,  3.65926,   25.123, 0.0096, 0.0105,  33.2381, 30 Sep 2018 07:39:46
 10.2430,  3.65943,   25.146, 0.0105, 0.0106,  33.2379, 30 Sep 2018 07:39:48
 10.2396,  3.65920,   25.048, 0.0104, 0.0106,  33.2387, 30 Sep 2018 07:39:51
 10.2369,  3.65908,   24.976, 0.0107, 0.0096,  33.2399, 30 Sep 2018 07:39:53
 10.2323,  3.65908,   24.962, 0.0102, 0.0109,  33.2442, 30 Sep 2018 07:39:55
 10.2278,  3.65896,   24.943, 0.0100, 0.0101,  33.2472, 30 Sep 2018 07:39:58
 10.2252,  3.65892,   25.059, 0.0098, 0.0108,  33.2491, 30 Sep 2018 07:40:00
 10.2227,  3.65873,   25.069, 0.0105, 0.0099,  33.2495, 30 Sep 2018 07:40:02
 10.2256,  3.65890,   25.100, 0.0095, 0.0107,  33.2485, 30 Sep 2018 07:40:05
 10.2206,  3.65875,   25.022, 0.0103, 0.0110,  33.2516, 30 Sep 2018 07:40:07
 10.2238,  3.65882,   24.889, 0.0098, 0.0105,  33.2494, 30 Sep 2018 07:40:10
 10.2253,  3.65887,   24.874, 0.0104, 0.0112,  33.2485, 30 Sep 2018 07:40:12
 10.2210,  3.65880,   24.908, 0.0094, 0.0099,  33.2518, 30 Sep 2018 07:40:14
 10.2194,  3.65876,   25.030, 0.0109, 0.0105,  33.2528, 30 Sep 2018 07:40:17
 10.2118,  3.65855,   25.109, 0.0110, 0.0105,  33.2576, 30 Sep 2018 07:40:19
 10.2140,  3.65852,   24.992, 0.0114, 0.0104,  33.2554, 30 Sep 2018 07:40:21
 10.2146,  3.65851,   24.868, 0.0103, 0.0114,  33.2547, 30 Sep 2018 07:40:24
 10.2022,  3.65815,   24.830, 0.0094, 0.0099,  33.2625, 30 Sep 2018 07:40:26
 10.1881,  3.65767,   24.915, 0.0098, 0.0108,  33.2705, 30 Sep 2018 07:40:28
 10.1805,  3.65740,   25.008, 0.0099, 0.0099,  33.2747, 30 Sep 2018 07:40:31
 10.1682,  3.65669,   24.956, 0.0102, 0.0100,  33.2788, 30 Sep 2018 07:40:33
 10.1835,  3.65727,   24.844, 0.0103, 0.0111,  33.2707, 30 Sep 2018 07:40:36
 10.1595,  3.65589,   24.783, 0.0102, 0.0108,  33.2788, 30 Sep 2018 07:40:38
 10.1429,  3.65506,   24.822, 0.0096, 0.0102,  33.2856, 30 Sep 2018 07:40:40
 10.1368,  3.65474,   24.924, 0.0101, 0.0102,  33.2880, 30 Sep 2018 07:40:43
 10.1120,  3.65266,   24.986, 0.0108, 0.0112,  33.2897, 30 Sep 2018 07:40:45
 10.1127,  3.65286,   24.892, 0.0102, 0.0097,  33.2910, 30 Sep 2018 07:40:47
 10.0752,  3.64960,   24.838, 0.0103, 0.0099,  33.2926, 30 Sep 2018 07:40:50
 10.0543,  3.64794,   24.826, 0.0099, 0.0106,  33.2949, 30 Sep 2018 07:40:52
 10.0644,  3.64887,   24.782, 0.0109, 0.0113,  33.2952, 30 Sep 2018 07:40:54
 10.0266,  3.64486,   24.816, 0.0111, 0.0105,  33.2892, 30 Sep 2018 07:40:57
 10.0060,  3.64320,   24.825, 0.0113, 0.0101,  33.2913, 30 Sep 2018 07:40:59
 10.0031,  3.64304,   24.831, 0.0101, 0.0101,  33.2924, 30 Sep 2018 07:41:01
  9.9908,  3.64249,   24.833, 0.0106, 0.0113,  33.2981, 30 Sep 2018 07:41:04
  9.9910,  3.64265,   24.842, 0.0099, 0.0109,  33.2995, 30 Sep 2018 07:41:06
  9.9888,  3.64250,   24.838, 0.0095, 0.0105,  33.3000, 30 Sep 2018 07:41:09
  9.9937,  3.64290,   24.751, 0.0101, 0.0100,  33.2996, 30 Sep 2018 07:41:11
  9.9857,  3.64232,   24.771, 0.0103, 0.0114,  33.3011, 30 Sep 2018 07:41:13
  9.9817,  3.64218,   24.802, 0.0097, 0.0108,  33.3033, 30 Sep 2018 07:41:16
  9.9886,  3.64255,   24.727, 0.0105, 0.0106,  33.3007, 30 Sep 2018 07:41:18
  9.9759,  3.64188,   24.744, 0.0102, 0.0103,  33.3057, 30 Sep 2018 07:41:21
  9.9711,  3.64157,   24.794, 0.0107, 0.0102,  33.3070, 30 Sep 2018 07:41:23
  9.9622,  3.64090,   24.766, 0.0097, 0.0115,  33.3083, 30 Sep 2018 07:41:25
  9.9552,  3.64023,   24.795, 0.0098, 0.0100,  33.3079, 30 Sep 2018 07:41:28
  9.9485,  3.63973,   24.853, 0.0107, 0.0098,  33.3089, 30 Sep 2018 07:41:30
  9.9474,  3.63957,   24.808, 0.0111, 0.0102,  33.3084, 30 Sep 2018 07:41:32
  9.9505,  3.63981,   24.694, 0.0096, 0.0109,  33.3081, 30 Sep 2018 07:41:35
  9.9550,  3.64014,   24.628, 0.0101, 0.0097,  33.3073, 30 Sep 2018 07:41:37
  9.9401,  3.63900,   24.769, 0.0101, 0.0104,  33.3094, 30 Sep 2018 07:41:39
  9.9432,  3.63929,   24.735, 0.0102, 0.0101,  33.3095, 30 Sep 2018 07:41:42
  9.9316,  3.63845,   24.792, 0.0099, 0.0114,  33.3116, 30 Sep 2018 07:41:44
  9.9212,  3.63792,   24.828, 0.0097, 0.0102,  33.3157, 30 Sep 2018 07:41:47
  9.9206,  3.63772,   24.717, 0.0100, 0.0100,  33.3144, 30 Sep 2018 07:41:49
  9.9027,  3.63610,   24.700, 0.0106, 0.0100,  33.3144, 30 Sep 2018 07:41:51
  9.8980,  3.63581,   24.714, 0.0100, 0.0112,  33.3157, 30 Sep 2018 07:41:54
  9.8897,  3.63496,   24.687, 0.0102, 0.0103,  33.3147, 30 Sep 2018 07:41:56
  9.8869,  3.63475,   24.661, 0.0097, 0.0097,  33.3152, 30 Sep 2018 07:41:58
  9.8592,  3.63199,   24.725, 0.0098, 0.0098,  33.3126, 30 Sep 2018 07:42:01
  9.8374,  3.63014,   24.749, 0.0103, 0.0106,  33.3139, 30 Sep 2018 07:42:03
  9.8191,  3.62923,   24.670, 0.0101, 0.0106,  33.3216, 30 Sep 2018 07:42:05
  9.8140,  3.62875,   24.601, 0.0095, 0.0100,  33.3215, 30 Sep 2018 07:42:08
  9.7936,  3.62733,   24.645, 0.0097, 0.0102,  33.3258, 30 Sep 2018 07:42:10
  9.7851,  3.62655,   24.771, 0.0116, 0.0114,  33.3257, 30 Sep 2018 07:42:13
  9.7520,  3.62320,   24.757, 0.0099, 0.0102,  33.3220, 30 Sep 2018 07:42:15
  9.7219,  3.62062,   24.682, 0.0100, 0.0114,  33.3236, 30 Sep 2018 07:42:17
  9.6970,  3.61865,   24.612, 0.0101, 0.0101,  33.3265, 30 Sep 2018 07:42:20
  9.6991,  3.61871,   24.544, 0.0109, 0.0113,  33.3251, 30 Sep 2018 07:42:22
  9.6980,  3.61858,   24.552, 0.0108, 0.0105,  33.3249, 30 Sep 2018 07:42:24
  9.6928,  3.61795,   24.676, 0.0101, 0.0105,  33.3232, 30 Sep 2018 07:42:27
  9.6878,  3.61760,   24.706, 0.0099, 0.0101,  33.3242, 30 Sep 2018 07:42:29
  9.6815,  3.61720,   24.606, 0.0097, 0.0112,  33.3261, 30 Sep 2018 07:42:31
  9.6428,  3.61340,   24.667, 0.0101, 0.0106,  33.3229, 30 Sep 2018 07:42:34
  9.6391,  3.61352,   24.675, 0.0108, 0.0100,  33.3276, 30 Sep 2018 07:42:36
  9.5970,  3.60914,   24.602, 0.0094, 0.0099,  33.3218, 30 Sep 2018 07:42:38
  9.5760,  3.60754,   24.502, 0.0111, 0.0105,  33.3250, 30 Sep 2018 07:42:41
  9.5897,  3.60860,   24.391, 0.0102, 0.0112,  33.3231, 30 Sep 2018 07:42:43
  9.5718,  3.60705,   24.583, 0.0100, 0.0097,  33.3237, 30 Sep 2018 07:42:46
  9.5474,  3.60576,   24.725, 0.0102, 0.0102,  33.3330, 30 Sep 2018 07:42:48
  9.5189,  3.60418,   24.681, 0.0101, 0.0104,  33.3434, 30 Sep 2018 07:42:50
  9.4523,  3.60108,   24.631, 0.0097, 0.0118,  33.3734, 30 Sep 2018 07:42:53
  9.4773,  3.60235,   24.494, 0.0116, 0.0098,  33.3633, 30 Sep 2018 07:42:55
  9.4235,  3.59936,   24.618, 0.0103, 0.0099,  33.3826, 30 Sep 2018 07:42:57
  9.4266,  3.59947,   24.575, 0.0101, 0.0099,  33.3808, 30 Sep 2018 07:43:00
  9.4503,  3.60090,   24.425, 0.0094, 0.0112,  33.3735, 30 Sep 2018 07:43:02
  9.4228,  3.59930,   24.525, 0.0100, 0.0101,  33.3827, 30 Sep 2018 07:43:04
  9.4199,  3.59883,   24.588, 0.0101, 0.0104,  33.3805, 30 Sep 2018 07:43:07
  9.4222,  3.59957,   24.605, 0.0102, 0.0103,  33.3859, 30 Sep 2018 07:43:09
  9.4238,  3.59993,   24.565, 0.0094, 0.0117,  33.3882, 30 Sep 2018 07:43:12
  9.4272,  3.60017,   24.493, 0.0103, 0.0105,  33.3875, 30 Sep 2018 07:43:14
  9.4259,  3.60024,   24.474, 0.0105, 0.0098,  33.3895, 30 Sep 2018 07:43:16
  9.4251,  3.60004,   24.442, 0.0099, 0.0101,  33.3881, 30 Sep 2018 07:43:19
  9.4262,  3.60031,   24.526, 0.0099, 0.0114,  33.3898, 30 Sep 2018 07:43:21
  9.4261,  3.60024,   24.620, 0.0098, 0.0098,  33.3892, 30 Sep 2018 07:43:23
  9.4298,  3.60066,   24.468, 0.0096, 0.0099,  33.3901, 30 Sep 2018 07:43:26
  9.4329,  3.60137,   24.490, 0.0103, 0.0099,  33.3946, 30 Sep 2018 07:43:28
  9.4322,  3.60121,   24.463, 0.0098, 0.0113,  33.3935, 30 Sep 2018 07:43:30
  9.4334,  3.60130,   24.411, 0.0097, 0.0100,  33.3934, 30 Sep 2018 07:43:33
  9.4343,  3.60158,   24.505, 0.0119, 0.0099,  33.3955, 30 Sep 2018 07:43:35
  9.4353,  3.60162,   24.545, 0.0105, 0.0100,  33.3949, 30 Sep 2018 07:43:38
  9.4371,  3.60207,   24.577, 0.0097, 0.0106,  33.3978, 30 Sep 2018 07:43:40
  9.4395,  3.60235,   24.495, 0.0104, 0.0099,  33.3985, 30 Sep 2018 07:43:42
  9.4426,  3.60289,   24.454, 0.0100, 0.0101,  33.4012, 30 Sep 2018 07:43:45
  9.4430,  3.60285,   24.393, 0.0096, 0.0105,  33.4005, 30 Sep 2018 07:43:47
  9.4401,  3.60232,   24.328, 0.0096, 0.0114,  33.3977, 30 Sep 2018 07:43:49
  9.4388,  3.60222,   24.389, 0.0099, 0.0102,  33.3979, 30 Sep 2018 07:43:52
  9.4364,  3.60186,   24.541, 0.0102, 0.0102,  33.3963, 30 Sep 2018 07:43:54
  9.4393,  3.60228,   24.563, 0.0099, 0.0106,  33.3979, 30 Sep 2018 07:43:56
  9.4403,  3.60233,   24.439, 0.0102, 0.0118,  33.3977, 30 Sep 2018 07:43:59
  9.4461,  3.60333,   24.446, 0.0096, 0.0104,  33.4024, 30 Sep 2018 07:44:01
  9.4455,  3.60305,   24.351, 0.0103, 0.0106,  33.4002, 30 Sep 2018 07:44:03
  9.4386,  3.60199,   24.291, 0.0098, 0.0100,  33.3957, 30 Sep 2018 07:44:06
  9.4356,  3.60165,   24.434, 0.0099, 0.0104,  33.3950, 30 Sep 2018 07:44:08
  9.4371,  3.60179,   24.419, 0.0115, 0.0113,  33.3951, 30 Sep 2018 07:44:11
  9.4398,  3.60228,   24.417, 0.0093, 0.0105,  33.3976, 30 Sep 2018 07:44:13
  9.4407,  3.60236,   24.360, 0.0096, 0.0102,  33.3976, 30 Sep 2018 07:44:15
  9.4406,  3.60239,   24.468, 0.0094, 0.0102,  33.3979, 30 Sep 2018 07:44:18
  9.4401,  3.60228,   24.565, 0.0097, 0.0110,  33.3972, 30 Sep 2018 07:44:20
  9.4412,  3.60242,   24.356, 0.0093, 0.0096,  33.3977, 30 Sep 2018 07:44:23
  9.4439,  3.60281,   24.256, 0.0101, 0.0113,  33.3993, 30 Sep 2018 07:44:25
  9.4372,  3.60174,   24.372, 0.0099, 0.0097,  33.3944, 30 Sep 2018 07:44:27
  9.4341,  3.60129,   24.398, 0.0097, 0.0110,  33.3926, 30 Sep 2018 07:44:30
  9.4346,  3.60138,   24.348, 0.0100, 0.0096,  33.3932, 30 Sep 2018 07:44:32
  9.4405,  3.60239,   24.408, 0.0103, 0.0101,  33.3980, 30 Sep 2018 07:44:34
  9.4387,  3.60208,   24.404, 0.0094, 0.0103,  33.3966, 30 Sep 2018 07:44:37
  9.4414,  3.60245,   24.416, 0.0103, 0.0098,  33.3978, 30 Sep 2018 07:44:39
  9.4438,  3.60281,   24.411, 0.0101, 0.0108,  33.3993, 30 Sep 2018 07:44:41
  9.4446,  3.60286,   24.307, 0.0101, 0.0102,  33.3991, 30 Sep 2018 07:44:44
  9.4454,  3.60301,   24.276, 0.0097, 0.0100,  33.3999, 30 Sep 2018 07:44:46
  9.4437,  3.60276,   24.420, 0.0093, 0.0101,  33.3989, 30 Sep 2018 07:44:49
  9.4445,  3.60288,   24.419, 0.0112, 0.0104,  33.3994, 30 Sep 2018 07:44:51
  9.4479,  3.60339,   24.331, 0.0095, 0.0107,  33.4015, 30 Sep 2018 07:44:53
  9.4492,  3.60358,   24.296, 0.0103, 0.0098,  33.4022, 30 Sep 2018 07:44:56
  9.4484,  3.60339,   24.304, 0.0096, 0.0098,  33.4011, 30 Sep 2018 07:44:58
  9.4454,  3.60299,   24.358, 0.0103, 0.0100,  33.3997, 30 Sep 2018 07:45:00
  9.4452,  3.60304,   24.404, 0.0096, 0.0118,  33.4003, 30 Sep 2018 07:45:03
  9.4483,  3.60354,   24.349, 0.0102, 0.0102,  33.4026, 30 Sep 2018 07:45:05
  9.4516,  3.60396,   24.252, 0.0099, 0.0102,  33.4039, 30 Sep 2018 07:45:08
  9.4514,  3.60393,   24.238, 0.0101, 0.0095,  33.4038, 30 Sep 2018 07:45:10
  9.4482,  3.60346,   24.306, 0.0097, 0.0109,  33.4019, 30 Sep 2018 07:45:12
  9.4479,  3.60347,   24.323, 0.0096, 0.0102,  33.4023, 30 Sep 2018 07:45:15
  9.4525,  3.60422,   24.322, 0.0097, 0.0093,  33.4058, 30 Sep 2018 07:45:17
  9.4526,  3.60411,   24.229, 0.0101, 0.0106,  33.4046, 30 Sep 2018 07:45:19
  9.4495,  3.60376,   24.262, 0.0097, 0.0107,  33.4039, 30 Sep 2018 07:45:22
  9.4497,  3.60383,   24.368, 0.0104, 0.0101,  33.4043, 30 Sep 2018 07:45:24
  9.4530,  3.60431,   24.290, 0.0098, 0.0098,  33.4062, 30 Sep 2018 07:45:27
  9.4565,  3.60498,   24.218, 0.0119, 0.0101,  33.4100, 30 Sep 2018 07:45:29
  9.4589,  3.60527,   24.162, 0.0098, 0.0095,  33.4108, 30 Sep 2018 07:45:31
  9.4575,  3.60504,   24.248, 0.0104, 0.0110,  33.4096, 30 Sep 2018 07:45:34
  9.4602,  3.60554,   24.333, 0.0103, 0.0101,  33.4122, 30 Sep 2018 07:45:36
  9.4620,  3.60609,   24.275, 0.0097, 0.0099,  33.4162, 30 Sep 2018 07:45:38
  9.4624,  3.60634,   24.152, 0.0102, 0.0101,  33.4185, 30 Sep 2018 07:45:41
  9.4637,  3.60672,   24.183, 0.0099, 0.0112,  33.4212, 30 Sep 2018 07:45:43
  9.4635,  3.60665,   24.369, 0.0098, 0.0102,  33.4205, 30 Sep 2018 07:45:45
  9.4631,  3.60683,   24.361, 0.0097, 0.0104,  33.4228, 30 Sep 2018 07:45:48
  9.4634,  3.60674,   24.138, 0.0101, 0.0108,  33.4216, 30 Sep 2018 07:45:50
  9.4622,  3.60681,   24.020, 0.0096, 0.0109,  33.4235, 30 Sep 2018 07:45:52
  9.4633,  3.60699,   24.140, 0.0096, 0.0105,  33.4243, 30 Sep 2018 07:45:55
  9.4640,  3.60701,   24.354, 0.0098, 0.0104,  33.4238, 30 Sep 2018 07:45:57
  9.4586,  3.60708,   24.332, 0.0093, 0.0098,  33.4296, 30 Sep 2018 07:46:00
  9.4609,  3.60703,   24.110, 0.0100, 0.0115,  33.4270, 30 Sep 2018 07:46:02
  9.4491,  3.60707,   24.096, 0.0104, 0.0105,  33.4384, 30 Sep 2018 07:46:04
  9.4504,  3.60711,   24.232, 0.0114, 0.0102,  33.4376, 30 Sep 2018 07:46:07
  9.4508,  3.60711,   24.213, 0.0099, 0.0099,  33.4372, 30 Sep 2018 07:46:09
  9.4478,  3.60715,   24.128, 0.0096, 0.0108,  33.4404, 30 Sep 2018 07:46:11
  9.4409,  3.60720,   24.138, 0.0107, 0.0098,  33.4473, 30 Sep 2018 07:46:14
  9.4395,  3.60715,   24.200, 0.0099, 0.0100,  33.4482, 30 Sep 2018 07:46:16
  9.4415,  3.60715,   24.152, 0.0097, 0.0101,  33.4464, 30 Sep 2018 07:46:19
  9.4323,  3.60679,   24.114, 0.0097, 0.0108,  33.4512, 30 Sep 2018 07:46:21
  9.4104,  3.60520,   24.145, 0.0099, 0.0104,  33.4553, 30 Sep 2018 07:46:23
  9.4023,  3.60464,   24.118, 0.0090, 0.0106,  33.4571, 30 Sep 2018 07:46:26
  9.3974,  3.60406,   24.214, 0.0099, 0.0102,  33.4556, 30 Sep 2018 07:46:28
  9.3540,  3.60036,   24.230, 0.0103, 0.0111,  33.4580, 30 Sep 2018 07:46:30
  9.3664,  3.60166,   24.060, 0.0105, 0.0102,  33.4600, 30 Sep 2018 07:46:33
  9.3369,  3.59817,   24.064, 0.0100, 0.0104,  33.4515, 30 Sep 2018 07:46:35
  9.2064,  3.58743,   24.093, 0.0103, 0.0098,  33.4625, 30 Sep 2018 07:46:37
  9.2578,  3.59246,   24.129, 0.0103, 0.0111,  33.4664, 30 Sep 2018 07:46:40
  9.2198,  3.58826,   24.218, 0.0111, 0.0104,  33.4584, 30 Sep 2018 07:46:42
  9.1943,  3.58648,   24.222, 0.0094, 0.0105,  33.4640, 30 Sep 2018 07:46:45
  9.1967,  3.58687,   24.087, 0.0097, 0.0098,  33.4659, 30 Sep 2018 07:46:47
  9.2163,  3.58810,   23.936, 0.0096, 0.0105,  33.4602, 30 Sep 2018 07:46:49
  9.0964,  3.57759,   24.060, 0.0097, 0.0109,  33.4636, 30 Sep 2018 07:46:52
  9.0790,  3.57706,   24.227, 0.0106, 0.0101,  33.4744, 30 Sep 2018 07:46:54
  9.0656,  3.57552,   24.198, 0.0102, 0.0099,  33.4710, 30 Sep 2018 07:46:56
  9.0436,  3.57325,   24.098, 0.0095, 0.0096,  33.4680, 30 Sep 2018 07:46:59
  9.0429,  3.57337,   23.962, 0.0104, 0.0111,  33.4700, 30 Sep 2018 07:47:01
  9.0352,  3.57233,   24.009, 0.0097, 0.0102,  33.4666, 30 Sep 2018 07:47:03
  9.0270,  3.57171,   24.144, 0.0097, 0.0100,  33.4676, 30 Sep 2018 07:47:06
  9.0275,  3.57169,   24.182, 0.0102, 0.0099,  33.4670, 30 Sep 2018 07:47:08
  9.0317,  3.57201,   24.098, 0.0096, 0.0107,  33.4664, 30 Sep 2018 07:47:11
  9.0342,  3.57215,   23.984, 0.0099, 0.0096,  33.4656, 30 Sep 2018 07:47:13
  9.0220,  3.57114,   23.973, 0.0097, 0.0097,  33.4665, 30 Sep 2018 07:47:15
  9.0172,  3.57079,   24.027, 0.0119, 0.0105,  33.4675, 30 Sep 2018 07:47:18
  9.0186,  3.57086,   24.052, 0.0103, 0.0114,  33.4668, 30 Sep 2018 07:47:20
  9.0198,  3.57090,   23.979, 0.0099, 0.0104,  33.4661, 30 Sep 2018 07:47:23
  9.0184,  3.57068,   23.979, 0.0101, 0.0097,  33.4652, 30 Sep 2018 07:47:25
  9.0114,  3.57018,   24.068, 0.0093, 0.0102,  33.4664, 30 Sep 2018 07:47:27
  9.0119,  3.57020,   24.067, 0.0093, 0.0109,  33.4661, 30 Sep 2018 07:47:30
  9.0135,  3.57031,   23.894, 0.0102, 0.0100,  33.4659, 30 Sep 2018 07:47:32
  9.0119,  3.57013,   23.880, 0.0106, 0.0102,  33.4655, 30 Sep 2018 07:47:34
  9.0049,  3.56969,   23.964, 0.0099, 0.0101,  33.4674, 30 Sep 2018 07:47:37
  9.0078,  3.56982,   24.003, 0.0098, 0.0111,  33.4661, 30 Sep 2018 07:47:39
  9.0104,  3.56999,   23.885, 0.0095, 0.0098,  33.4655, 30 Sep 2018 07:47:41
  9.0088,  3.56987,   23.906, 0.0098, 0.0099,  33.4657, 30 Sep 2018 07:47:44
  9.0000,  3.56926,   23.958, 0.0106, 0.0101,  33.4676, 30 Sep 2018 07:47:46
  9.0041,  3.56953,   23.925, 0.0100, 0.0115,  33.4667, 30 Sep 2018 07:47:48
  9.0049,  3.56958,   23.887, 0.0100, 0.0104,  33.4664, 30 Sep 2018 07:47:51
  8.9998,  3.56913,   23.924, 0.0094, 0.0103,  33.4666, 30 Sep 2018 07:47:53
  8.9978,  3.56902,   23.955, 0.0096, 0.0095,  33.4672, 30 Sep 2018 07:47:56
  8.9985,  3.56910,   23.850, 0.0104, 0.0110,  33.4675, 30 Sep 2018 07:47:58
  9.0040,  3.56949,   23.721, 0.0100, 0.0096,  33.4664, 30 Sep 2018 07:48:00
  8.9925,  3.56854,   23.845, 0.0122, 0.0098,  33.4672, 30 Sep 2018 07:48:03
  8.9972,  3.56899,   23.893, 0.0095, 0.0106,  33.4675, 30 Sep 2018 07:48:05
  8.9986,  3.56902,   23.876, 0.0096, 0.0106,  33.4665, 30 Sep 2018 07:48:07
  8.9917,  3.56838,   23.896, 0.0094, 0.0101,  33.4664, 30 Sep 2018 07:48:10
  8.9891,  3.56819,   23.889, 0.0092, 0.0100,  33.4668, 30 Sep 2018 07:48:12
  8.9897,  3.56827,   23.758, 0.0096, 0.0092,  33.4672, 30 Sep 2018 07:48:15
  8.9956,  3.56876,   23.637, 0.0103, 0.0107,  33.4667, 30 Sep 2018 07:48:17
  8.9865,  3.56785,   23.761, 0.0097, 0.0096,  33.4657, 30 Sep 2018 07:48:19
  8.9898,  3.56827,   23.776, 0.0095, 0.0101,  33.4671, 30 Sep 2018 07:48:22
  8.9926,  3.56848,   23.792, 0.0101, 0.0100,  33.4665, 30 Sep 2018 07:48:24
  8.9890,  3.56805,   23.799, 0.0096, 0.0113,  33.4655, 30 Sep 2018 07:48:26
  8.9861,  3.56786,   23.869, 0.0104, 0.0105,  33.4661, 30 Sep 2018 07:48:29
  8.9860,  3.56787,   23.842, 0.0100, 0.0104,  33.4664, 30 Sep 2018 07:48:31
  8.9909,  3.56826,   23.681, 0.0103, 0.0098,  33.4659, 30 Sep 2018 07:48:34
  8.9948,  3.56858,   23.591, 0.0094, 0.0105,  33.4656, 30 Sep 2018 07:48:36
  8.9882,  3.56797,   23.667, 0.0100, 0.0102,  33.4654, 30 Sep 2018 07:48:38
  8.9933,  3.56856,   23.807, 0.0101, 0.0099,  33.4668, 30 Sep 2018 07:48:41
  8.9922,  3.56833,   23.812, 0.0101, 0.0098,  33.4653, 30 Sep 2018 07:48:43
  8.9941,  3.56855,   23.794, 0.0097, 0.0111,  33.4659, 30 Sep 2018 07:48:45
  8.9886,  3.56797,   23.711, 0.0116, 0.0100,  33.4650, 30 Sep 2018 07:48:48
  8.9926,  3.56844,   23.570, 0.0102, 0.0102,  33.4662, 30 Sep 2018 07:48:50
  8.9878,  3.56785,   23.616, 0.0099, 0.0093,  33.4646, 30 Sep 2018 07:48:52
  8.9942,  3.56858,   23.748, 0.0099, 0.0113,  33.4661, 30 Sep 2018 07:48:55
  8.9951,  3.56858,   23.798, 0.0096, 0.0098,  33.4653, 30 Sep 2018 07:48:57
  8.9962,  3.56865,   23.715, 0.0101, 0.0095,  33.4650, 30 Sep 2018 07:48:59
  8.9988,  3.56887,   23.571, 0.0100, 0.0093,  33.4649, 30 Sep 2018 07:49:02
  8.9941,  3.56845,   23.612, 0.0102, 0.0113,  33.4650, 30 Sep 2018 07:49:04
  9.0032,  3.56916,   23.690, 0.0097, 0.0097,  33.4637, 30 Sep 2018 07:49:07
  9.0065,  3.56934,   23.610, 0.0094, 0.0107,  33.4625, 30 Sep 2018 07:49:09
  9.0067,  3.56938,   23.613, 0.0093, 0.0099,  33.4627, 30 Sep 2018 07:49:11
  9.0058,  3.56939,   23.618, 0.0099, 0.0108,  33.4638, 30 Sep 2018 07:49:14
  9.0056,  3.56938,   23.645, 0.0092, 0.0100,  33.4637, 30 Sep 2018 07:49:16
  9.0114,  3.56956,   23.646, 0.0106, 0.0095,  33.4602, 30 Sep 2018 07:49:18
  9.0124,  3.56967,   23.588, 0.0098, 0.0099,  33.4604, 30 Sep 2018 07:49:21
  9.0121,  3.56969,   23.552, 0.0095, 0.0101,  33.4608, 30 Sep 2018 07:49:23
  9.0116,  3.56956,   23.591, 0.0097, 0.0098,  33.4601, 30 Sep 2018 07:49:26
  9.0119,  3.56953,   23.606, 0.0114, 0.0096,  33.4594, 30 Sep 2018 07:49:28
  9.0120,  3.56958,   23.518, 0.0101, 0.0097,  33.4598, 30 Sep 2018 07:49:30
  9.0126,  3.56960,   23.591, 0.0098, 0.0116,  33.4595, 30 Sep 2018 07:49:33
  9.0126,  3.56958,   23.662, 0.0101, 0.0110,  33.4592, 30 Sep 2018 07:49:35
  9.0133,  3.56963,   23.630, 0.0104, 0.0096,  33.4591, 30 Sep 2018 07:49:37
  9.0203,  3.57016,   23.590, 0.0095, 0.0098,  33.4580, 30 Sep 2018 07:49:40
  9.0200,  3.57010,   23.576, 0.0093, 0.0110,  33.4577, 30 Sep 2018 07:49:42
  9.0207,  3.57025,   23.506, 0.0094, 0.0095,  33.4588, 30 Sep 2018 07:49:44
  9.0271,  3.57075,   23.479, 0.0097, 0.0103,  33.4579, 30 Sep 2018 07:49:47
  9.0692,  3.57445,   23.631, 0.0092, 0.0095,  33.4568, 30 Sep 2018 07:49:49
  9.1194,  3.57836,   23.651, 0.0101, 0.0101,  33.4502, 30 Sep 2018 07:49:51
  9.1476,  3.58072,   23.627, 0.0101, 0.0100,  33.4483, 30 Sep 2018 07:49:54
  9.1458,  3.58043,   23.465, 0.0097, 0.0096,  33.4471, 30 Sep 2018 07:49:56
  9.1543,  3.58146,   23.411, 0.0096, 0.0094,  33.4498, 30 Sep 2018 07:49:59
  9.2635,  3.59072,   23.590, 0.0098, 0.0110,  33.4433, 30 Sep 2018 07:50:01
  9.3361,  3.59670,   23.673, 0.0105, 0.0095,  33.4372, 30 Sep 2018 07:50:03
  9.3153,  3.59468,   23.611, 0.0096, 0.0103,  33.4358, 30 Sep 2018 07:50:06
  9.3081,  3.59487,   23.479, 0.0092, 0.0098,  33.4446, 30 Sep 2018 07:50:08
  9.3258,  3.59599,   23.402, 0.0098, 0.0109,  33.4396, 30 Sep 2018 07:50:10
  9.4043,  3.60253,   23.541, 0.0097, 0.0100,  33.4337, 30 Sep 2018 07:50:13
  9.4210,  3.60344,   23.655, 0.0102, 0.0097,  33.4274, 30 Sep 2018 07:50:15
  9.4137,  3.60305,   23.555, 0.0096, 0.0102,  33.4303, 30 Sep 2018 07:50:18
  9.4367,  3.60476,   23.554, 0.0098, 0.0102,  33.4264, 30 Sep 2018 07:50:20
  9.4411,  3.60502,   23.472, 0.0093, 0.0105,  33.4251, 30 Sep 2018 07:50:22
  9.4544,  3.60526,   23.536, 0.0104, 0.0094,  33.4151, 30 Sep 2018 07:50:25
  9.4545,  3.60498,   23.555, 0.0099, 0.0105,  33.4121, 30 Sep 2018 07:50:27
  9.4495,  3.60453,   23.531, 0.0098, 0.0111,  33.4122, 30 Sep 2018 07:50:29
  9.4500,  3.60442,   23.559, 0.0103, 0.0104,  33.4105, 30 Sep 2018 07:50:32
  9.4471,  3.60423,   23.490, 0.0099, 0.0106,  33.4112, 30 Sep 2018 07:50:34
  9.4412,  3.60304,   23.538, 0.0101, 0.0101,  33.4045, 30 Sep 2018 07:50:36
  9.4386,  3.60247,   23.563, 0.0102, 0.0106,  33.4011, 30 Sep 2018 07:50:39
  9.4349,  3.60221,   23.523, 0.0094, 0.0106,  33.4018, 30 Sep 2018 07:50:41
  9.4315,  3.60096,   23.548, 0.0107, 0.0109,  33.3922, 30 Sep 2018 07:50:44
  9.4295,  3.60005,   23.581, 0.0098, 0.0104,  33.3846, 30 Sep 2018 07:50:46
  9.4276,  3.59956,   23.581, 0.0111, 0.0105,  33.3813, 30 Sep 2018 07:50:48
  9.4265,  3.59936,   23.513, 0.0094, 0.0100,  33.3802, 30 Sep 2018 07:50:51
  9.4308,  3.59966,   23.434, 0.0098, 0.0095,  33.3794, 30 Sep 2018 07:50:53
  9.4714,  3.60115,   23.540, 0.0101, 0.0096,  33.3568, 30 Sep 2018 07:50:55
  9.5225,  3.60327,   23.557, 0.0098, 0.0096,  33.3311, 30 Sep 2018 07:50:58
  9.5608,  3.60529,   23.560, 0.0100, 0.0106,  33.3164, 30 Sep 2018 07:51:00
  9.5689,  3.60638,   23.529, 0.0103, 0.0096,  33.3200, 30 Sep 2018 07:51:02
  9.5840,  3.60808,   23.456, 0.0098, 0.0101,  33.3235, 30 Sep 2018 07:51:05
  9.6190,  3.61201,   23.472, 0.0099, 0.0099,  33.3312, 30 Sep 2018 07:51:07
  9.6822,  3.61653,   23.492, 0.0098, 0.0108,  33.3190, 30 Sep 2018 07:51:10
  9.7316,  3.61976,   23.534, 0.0096, 0.0105,  33.3063, 30 Sep 2018 07:51:12
  9.7329,  3.61994,   23.471, 0.0094, 0.0103,  33.3070, 30 Sep 2018 07:51:14
  9.7432,  3.62119,   23.504, 0.0099, 0.0102,  33.3102, 30 Sep 2018 07:51:17
  9.7740,  3.62375,   23.496, 0.0101, 0.0109,  33.3079, 30 Sep 2018 07:51:19
  9.7697,  3.62340,   23.405, 0.0098, 0.0101,  33.3083, 30 Sep 2018 07:51:21
  9.8232,  3.62816,   23.472, 0.0098, 0.0092,  33.3075, 30 Sep 2018 07:51:24
  9.8495,  3.62956,   23.453, 0.0098, 0.0093,  33.2974, 30 Sep 2018 07:51:26
  9.8466,  3.62936,   23.400, 0.0110, 0.0106,  33.2981, 30 Sep 2018 07:51:28
  9.8489,  3.62976,   23.405, 0.0098, 0.0107,  33.3000, 30 Sep 2018 07:51:31
  9.8865,  3.63325,   23.431, 0.0098, 0.0104,  33.3009, 30 Sep 2018 07:51:33
  9.9058,  3.63479,   23.459, 0.0097, 0.0101,  33.2987, 30 Sep 2018 07:51:35
  9.9069,  3.63479,   23.433, 0.0103, 0.0101,  33.2977, 30 Sep 2018 07:51:38
  9.8893,  3.63353,   23.320, 0.0098, 0.0095,  33.3012, 30 Sep 2018 07:51:40
  9.9282,  3.63732,   23.356, 0.0100, 0.0097,  33.3039, 30 Sep 2018 07:51:43
  9.9434,  3.63816,   23.409, 0.0099, 0.0095,  33.2984, 30 Sep 2018 07:51:45
  9.9322,  3.63722,   23.276, 0.0099, 0.0108,  33.2992, 30 Sep 2018 07:51:47
  9.9607,  3.63976,   23.380, 0.0103, 0.0104,  33.2987, 30 Sep 2018 07:51:50
  9.9649,  3.63991,   23.442, 0.0097, 0.0099,  33.2964, 30 Sep 2018 07:51:52
  9.9568,  3.63933,   23.338, 0.0091, 0.0109,  33.2979, 30 Sep 2018 07:51:54

EraseBlock 5
  9.9622,  3.63977,   23.277, 0.0099, 0.0105,  33.2975, 30 Sep 2018 07:51:57
  9.9693,  3.64073,   23.273, 0.0094, 0.0099,  33.3007, 30 Sep 2018 07:52:00
  9.9845,  3.64175,   23.323, 0.0101, 0.0095,  33.2970, 30 Sep 2018 07:52:02
  9.9789,  3.64126,   23.269, 0.0095, 0.0097,  33.2973, 30 Sep 2018 07:52:05
 10.0079,  3.64344,   23.344, 0.0098, 0.0107,  33.2927, 30 Sep 2018 07:52:07
 10.0222,  3.64415,   23.375, 0.0115, 0.0097,  33.2866, 30 Sep 2018 07:52:09
 10.0027,  3.64286,   23.209, 0.0095, 0.0098,  33.2915, 30 Sep 2018 07:52:12
 10.0055,  3.64349,   23.208, 0.0095, 0.0097,  33.2954, 30 Sep 2018 07:52:14
 10.0082,  3.64351,   23.274, 0.0101, 0.0111,  33.2931, 30 Sep 2018 07:52:17
 10.0067,  3.64334,   23.222, 0.0101, 0.0102,  33.2928, 30 Sep 2018 07:52:19
 10.0108,  3.64382,   23.224, 0.0097, 0.0110,  33.2939, 30 Sep 2018 07:52:21
 10.0112,  3.64373,   23.201, 0.0102, 0.0103,  33.2927, 30 Sep 2018 07:52:24
 10.0093,  3.64351,   23.175, 0.0097, 0.0098,  33.2922, 30 Sep 2018 07:52:26
 10.0074,  3.64344,   23.167, 0.0096, 0.0112,  33.2932, 30 Sep 2018 07:52:28
 10.0087,  3.64345,   23.208, 0.0099, 0.0095,  33.2921, 30 Sep 2018 07:52:31
 10.0118,  3.64392,   23.243, 0.0094, 0.0100,  33.2940, 30 Sep 2018 07:52:33
 10.0083,  3.64351,   23.173, 0.0098, 0.0098,  33.2931, 30 Sep 2018 07:52:35
 10.0104,  3.64384,   23.100, 0.0100, 0.0105,  33.2946, 30 Sep 2018 07:52:38
 10.0132,  3.64415,   23.028, 0.0105, 0.0097,  33.2951, 30 Sep 2018 07:52:40
 10.0211,  3.64456,   23.103, 0.0099, 0.0093,  33.2920, 30 Sep 2018 07:52:42
 10.0234,  3.64428,   23.229, 0.0095, 0.0095,  33.2870, 30 Sep 2018 07:52:45
 10.0282,  3.64459,   23.233, 0.0117, 0.0104,  33.2856, 30 Sep 2018 07:52:47
 10.0286,  3.64481,   23.065, 0.0097, 0.0102,  33.2877, 30 Sep 2018 07:52:50
 10.0435,  3.64584,   22.978, 0.0095, 0.0104,  33.2844, 30 Sep 2018 07:52:52
 10.0659,  3.64733,   23.055, 0.0096, 0.0099,  33.2788, 30 Sep 2018 07:52:54
 10.0675,  3.64740,   23.021, 0.0096, 0.0113,  33.2781, 30 Sep 2018 07:52:57
 10.0761,  3.64820,   23.066, 0.0089, 0.0100,  33.2783, 30 Sep 2018 07:52:59
 10.1013,  3.65010,   23.161, 0.0101, 0.0103,  33.2744, 30 Sep 2018 07:53:01
 10.0953,  3.64945,   23.087, 0.0101, 0.0097,  33.2733, 30 Sep 2018 07:53:04
 10.0921,  3.64937,   23.009, 0.0098, 0.0117,  33.2754, 30 Sep 2018 07:53:06
 10.0834,  3.64867,   22.930, 0.0102, 0.0102,  33.2764, 30 Sep 2018 07:53:09
 10.0880,  3.64909,   22.936, 0.0101, 0.0098,  33.2764, 30 Sep 2018 07:53:11
 10.1010,  3.65015,   23.037, 0.0095, 0.0098,  33.2753, 30 Sep 2018 07:53:13
 10.1098,  3.65059,   23.144, 0.0094, 0.0108,  33.2716, 30 Sep 2018 07:53:16
 10.1249,  3.65167,   23.204, 0.0102, 0.0102,  33.2686, 30 Sep 2018 07:53:18
 10.1118,  3.65065,   23.033, 0.0094, 0.0103,  33.2703, 30 Sep 2018 07:53:20
 10.1158,  3.65114,   22.829, 0.0104, 0.0098,  33.2717, 30 Sep 2018 07:53:23
 10.0994,  3.64998,   22.883, 0.0112, 0.0108,  33.2749, 30 Sep 2018 07:53:25
 10.1252,  3.65222,   23.051, 0.0093, 0.0096,  33.2740, 30 Sep 2018 07:53:27
 10.1211,  3.65182,   23.143, 0.0093, 0.0102,  33.2737, 30 Sep 2018 07:53:30
 10.1182,  3.65158,   23.008, 0.0105, 0.0101,  33.2738, 30 Sep 2018 07:53:32
 10.1249,  3.65229,   22.930, 0.0099, 0.0106,  33.2750, 30 Sep 2018 07:53:34
 10.1330,  3.65296,   22.979, 0.0096, 0.0100,  33.2742, 30 Sep 2018 07:53:37
 10.1361,  3.65311,   22.985, 0.0099, 0.0102,  33.2730, 30 Sep 2018 07:53:39
 10.1261,  3.65239,   23.034, 0.0093, 0.0104,  33.2748, 30 Sep 2018 07:53:42
 10.1179,  3.65189,   23.025, 0.0095, 0.0102,  33.2774, 30 Sep 2018 07:53:44
 10.1280,  3.65252,   22.987, 0.0101, 0.0106,  33.2744, 30 Sep 2018 07:53:46
 10.1346,  3.65319,   22.899, 0.0095, 0.0105,  33.2752, 30 Sep 2018 07:53:49
 10.1374,  3.65340,   22.876, 0.0100, 0.0094,  33.2747, 30 Sep 2018 07:53:51
 10.1262,  3.65313,   23.001, 0.0099, 0.0103,  33.2822, 30 Sep 2018 07:53:53
 10.1311,  3.65375,   23.060, 0.0098, 0.0114,  33.2840, 30 Sep 2018 07:53:56
 10.1314,  3.65333,   23.013, 0.0105, 0.0104,  33.2795, 30 Sep 2018 07:53:58
 10.1369,  3.65430,   23.051, 0.0121, 0.0105,  33.2842, 30 Sep 2018 07:54:00
 10.1421,  3.65456,   23.018, 0.0093, 0.0098,  33.2821, 30 Sep 2018 07:54:03
 10.1376,  3.65392,   22.822, 0.0103, 0.0112,  33.2799, 30 Sep 2018 07:54:05
 10.1417,  3.65439,   22.839, 0.0105, 0.0097,  33.2808, 30 Sep 2018 07:54:08
 10.1424,  3.65446,   23.021, 0.0097, 0.0101,  33.2809, 30 Sep 2018 07:54:10
 10.1497,  3.65507,   23.033, 0.0094, 0.0100,  33.2803, 30 Sep 2018 07:54:12
 10.1502,  3.65495,   22.986, 0.0103, 0.0109,  33.2786, 30 Sep 2018 07:54:15
 10.1512,  3.65522,   22.964, 0.0089, 0.0095,  33.2805, 30 Sep 2018 07:54:17
 10.1524,  3.65515,   22.877, 0.0092, 0.0102,  33.2786, 30 Sep 2018 07:54:20
 10.1638,  3.65599,   23.026, 0.0100, 0.0104,  33.2766, 30 Sep 2018 07:54:22
 10.1628,  3.65579,   22.948, 0.0099, 0.0111,  33.2756, 30 Sep 2018 07:54:24
 10.1639,  3.65586,   22.903, 0.0103, 0.0097,  33.2752, 30 Sep 2018 07:54:27
 10.1713,  3.65634,   22.944, 0.0097, 0.0099,  33.2734, 30 Sep 2018 07:54:29
 10.1765,  3.65645,   22.922, 0.0097, 0.0099,  33.2697, 30 Sep 2018 07:54:31
 10.1816,  3.65681,   22.953, 0.0106, 0.0114,  33.2686, 30 Sep 2018 07:54:34
 10.1822,  3.65683,   22.939, 0.0102, 0.0100,  33.2682, 30 Sep 2018 07:54:36
 10.1763,  3.65678,   23.008, 0.0098, 0.0110,  33.2732, 30 Sep 2018 07:54:38
 10.1742,  3.65664,   22.952, 0.0117, 0.0100,  33.2737, 30 Sep 2018 07:54:41
 10.1741,  3.65654,   22.889, 0.0098, 0.0105,  33.2729, 30 Sep 2018 07:54:43
 10.1752,  3.65676,   22.948, 0.0099, 0.0104,  33.2739, 30 Sep 2018 07:54:45
 10.1794,  3.65692,   22.962, 0.0097, 0.0106,  33.2718, 30 Sep 2018 07:54:48
 10.1762,  3.65662,   22.873, 0.0097, 0.0107,  33.2717, 30 Sep 2018 07:54:50
 10.1743,  3.65660,   22.887, 0.0098, 0.0106,  33.2733, 30 Sep 2018 07:54:53
 10.1711,  3.65667,   22.959, 0.0097, 0.0097,  33.2769, 30 Sep 2018 07:54:55
 10.1701,  3.65660,   23.008, 0.0095, 0.0101,  33.2770, 30 Sep 2018 07:54:57
 10.1704,  3.65657,   22.977, 0.0096, 0.0105,  33.2764, 30 Sep 2018 07:55:00
 10.1762,  3.65674,   22.931, 0.0096, 0.0106,  33.2729, 30 Sep 2018 07:55:02
 10.1732,  3.65666,   22.928, 0.0101, 0.0100,  33.2748, 30 Sep 2018 07:55:04
 10.1757,  3.65677,   22.878, 0.0098, 0.0099,  33.2737, 30 Sep 2018 07:55:07
 10.1849,  3.65720,   22.901, 0.0099, 0.0100,  33.2695, 30 Sep 2018 07:55:09
 10.1814,  3.65707,   22.948, 0.0088, 0.0103,  33.2715, 30 Sep 2018 07:55:11
 10.1783,  3.65691,   23.000, 0.0099, 0.0109,  33.2727, 30 Sep 2018 07:55:14
 10.1777,  3.65687,   22.919, 0.0098, 0.0105,  33.2728, 30 Sep 2018 07:55:16
 10.1796,  3.65688,   22.805, 0.0117, 0.0100,  33.2713, 30 Sep 2018 07:55:19
 10.1664,  3.65638,   22.893, 0.0095, 0.0098,  33.2783, 30 Sep 2018 07:55:21
 10.1797,  3.65688,   23.002, 0.0092, 0.0106,  33.2711, 30 Sep 2018 07:55:23
 10.1710,  3.65657,   23.006, 0.0097, 0.0102,  33.2760, 30 Sep 2018 07:55:26
 10.1517,  3.65556,   23.013, 0.0105, 0.0102,  33.2834, 30 Sep 2018 07:55:28
 10.1534,  3.65577,   22.887, 0.0095, 0.0099,  33.2841, 30 Sep 2018 07:55:30
 10.1670,  3.65629,   22.734, 0.0105, 0.0108,  33.2769, 30 Sep 2018 07:55:33
 10.1551,  3.65559,   22.808, 0.0101, 0.0105,  33.2807, 30 Sep 2018 07:55:35
 10.1694,  3.65644,   22.911, 0.0101, 0.0102,  33.2761, 30 Sep 2018 07:55:37
 10.1602,  3.65610,   23.009, 0.0097, 0.0104,  33.2811, 30 Sep 2018 07:55:40
 10.1611,  3.65603,   22.983, 0.0093, 0.0112,  33.2795, 30 Sep 2018 07:55:42
 10.1513,  3.65553,   23.032, 0.0101, 0.0103,  33.2835, 30 Sep 2018 07:55:44
 10.1476,  3.65539,   22.945, 0.0097, 0.0094,  33.2855, 30 Sep 2018 07:55:47
 10.1582,  3.65589,   22.857, 0.0092, 0.0098,  33.2809, 30 Sep 2018 07:55:49
 10.1506,  3.65532,   22.851, 0.0101, 0.0110,  33.2821, 30 Sep 2018 07:55:52
 10.1498,  3.65542,   22.849, 0.0099, 0.0099,  33.2837, 30 Sep 2018 07:55:54
 10.1520,  3.65558,   22.956, 0.0092, 0.0099,  33.2834, 30 Sep 2018 07:55:56
 10.1587,  3.65582,   22.967, 0.0116, 0.0103,  33.2796, 30 Sep 2018 07:55:59
 10.1526,  3.65554,   22.977, 0.0092, 0.0108,  33.2825, 30 Sep 2018 07:56:01
 10.1476,  3.65518,   23.025, 0.0102, 0.0102,  33.2833, 30 Sep 2018 07:56:03
 10.1436,  3.65492,   23.007, 0.0097, 0.0099,  33.2844, 30 Sep 2018 07:56:06
 10.1464,  3.65499,   22.908, 0.0100, 0.0105,  33.2826, 30 Sep 2018 07:56:08
 10.1466,  3.65471,   22.761, 0.0098, 0.0104,  33.2796, 30 Sep 2018 07:56:11
 10.1423,  3.65468,   22.830, 0.0096, 0.0097,  33.2832, 30 Sep 2018 07:56:13
 10.1381,  3.65417,   22.981, 0.0102, 0.0099,  33.2819, 30 Sep 2018 07:56:15
 10.1395,  3.65427,   22.914, 0.0096, 0.0106,  33.2816, 30 Sep 2018 07:56:18
 10.1319,  3.65354,   22.971, 0.0098, 0.0107,  33.2812, 30 Sep 2018 07:56:20
 10.1095,  3.65192,   23.064, 0.0099, 0.0106,  33.2853, 30 Sep 2018 07:56:22
 10.1242,  3.65322,   22.944, 0.0095, 0.0107,  33.2851, 30 Sep 2018 07:56:25
 10.1266,  3.65328,   22.886, 0.0091, 0.0106,  33.2835, 30 Sep 2018 07:56:27
 10.1034,  3.65118,   22.871, 0.0094, 0.0099,  33.2835, 30 Sep 2018 07:56:30
 10.1190,  3.65287,   22.830, 0.0102, 0.0114,  33.2863, 30 Sep 2018 07:56:32
 10.1242,  3.65317,   22.892, 0.0103, 0.0098,  33.2845, 30 Sep 2018 07:56:34
 10.1203,  3.65251,   23.033, 0.0112, 0.0098,  33.2814, 30 Sep 2018 07:56:37
 10.0932,  3.65048,   23.103, 0.0105, 0.0093,  33.2857, 30 Sep 2018 07:56:39
 10.1161,  3.65260,   22.938, 0.0098, 0.0105,  33.2862, 30 Sep 2018 07:56:41
 10.0999,  3.65059,   22.843, 0.0088, 0.0097,  33.2808, 30 Sep 2018 07:56:44
 10.0828,  3.64951,   22.894, 0.0096, 0.0105,  33.2856, 30 Sep 2018 07:56:46
 10.1028,  3.65131,   22.858, 0.0099, 0.0093,  33.2854, 30 Sep 2018 07:56:48
 10.1041,  3.65118,   23.019, 0.0098, 0.0104,  33.2828, 30 Sep 2018 07:56:51
 10.0854,  3.64971,   23.092, 0.0089, 0.0101,  33.2851, 30 Sep 2018 07:56:53
 10.1058,  3.65156,   22.940, 0.0089, 0.0102,  33.2851, 30 Sep 2018 07:56:55
 10.0942,  3.65030,   22.897, 0.0099, 0.0104,  33.2830, 30 Sep 2018 07:56:58
 10.0864,  3.64993,   22.869, 0.0099, 0.0108,  33.2865, 30 Sep 2018 07:57:00
 10.1075,  3.65156,   22.925, 0.0096, 0.0097,  33.2836, 30 Sep 2018 07:57:03
 10.1089,  3.65156,   22.972, 0.0093, 0.0099,  33.2822, 30 Sep 2018 07:57:05
 10.1147,  3.65210,   22.977, 0.0100, 0.0099,  33.2824, 30 Sep 2018 07:57:07
 10.1048,  3.65122,   23.032, 0.0098, 0.0106,  33.2825, 30 Sep 2018 07:57:10
 10.1079,  3.65153,   23.005, 0.0097, 0.0093,  33.2829, 30 Sep 2018 07:57:12
 10.1071,  3.65143,   23.000, 0.0098, 0.0097,  33.2826, 30 Sep 2018 07:57:15
 10.1063,  3.65138,   22.948, 0.0113, 0.0102,  33.2828, 30 Sep 2018 07:57:17
 10.1118,  3.65182,   22.858, 0.0100, 0.0106,  33.2823, 30 Sep 2018 07:57:19
 10.1088,  3.65156,   22.958, 0.0096, 0.0102,  33.2824, 30 Sep 2018 07:57:22
 10.1129,  3.65195,   22.952, 0.0104, 0.0099,  33.2826, 30 Sep 2018 07:57:24
 10.1243,  3.65290,   22.987, 0.0103, 0.0100,  33.2817, 30 Sep 2018 07:57:26
 10.1033,  3.65111,   23.118, 0.0096, 0.0101,  33.2827, 30 Sep 2018 07:57:29
 10.0890,  3.65004,   23.139, 0.0101, 0.0105,  33.2851, 30 Sep 2018 07:57:31
 10.1067,  3.65158,   23.043, 0.0098, 0.0100,  33.2844, 30 Sep 2018 07:57:33
 10.0919,  3.65027,   22.936, 0.0101, 0.0105,  33.2848, 30 Sep 2018 07:57:36
 10.1007,  3.65095,   22.802, 0.0099, 0.0107,  33.2837, 30 Sep 2018 07:57:38
 10.1033,  3.65116,   22.870, 0.0095, 0.0096,  33.2834, 30 Sep 2018 07:57:41
 10.1066,  3.65156,   23.074, 0.0100, 0.0102,  33.2844, 30 Sep 2018 07:57:43
 10.1018,  3.65107,   23.131, 0.0108, 0.0096,  33.2837, 30 Sep 2018 07:57:45
 10.0885,  3.64992,   23.072, 0.0102, 0.0107,  33.2843, 30 Sep 2018 07:57:48
 10.1146,  3.65217,   22.912, 0.0100, 0.0098,  33.2833, 30 Sep 2018 07:57:50
 10.1015,  3.65064,   22.917, 0.0102, 0.0105,  33.2798, 30 Sep 2018 07:57:52
 10.1006,  3.65108,   23.043, 0.0095, 0.0100,  33.2850, 30 Sep 2018 07:57:55
 10.1022,  3.65115,   23.016, 0.0116, 0.0098,  33.2842, 30 Sep 2018 07:57:57
 10.1035,  3.65116,   22.947, 0.0094, 0.0105,  33.2832, 30 Sep 2018 07:57:59
 10.0951,  3.65058,   22.981, 0.0095, 0.0099,  33.2851, 30 Sep 2018 07:58:02
 10.1050,  3.65136,   22.935, 0.0091, 0.0096,  33.2838, 30 Sep 2018 07:58:04
 10.1054,  3.65125,   23.017, 0.0100, 0.0095,  33.2823, 30 Sep 2018 07:58:07
 10.0882,  3.64996,   23.136, 0.0098, 0.0112,  33.2850, 30 Sep 2018 07:58:09
 10.0977,  3.65075,   22.958, 0.0094, 0.0096,  33.2844, 30 Sep 2018 07:58:11
 10.1023,  3.65105,   22.802, 0.0100, 0.0098,  33.2833, 30 Sep 2018 07:58:14
 10.0863,  3.65021,   22.978, 0.0099, 0.0102,  33.2894, 30 Sep 2018 07:58:16
 10.0927,  3.65054,   23.161, 0.0101, 0.0107,  33.2867, 30 Sep 2018 07:58:18
 10.0945,  3.65072,   23.061, 0.0105, 0.0095,  33.2870, 30 Sep 2018 07:58:21
 10.1071,  3.65155,   22.873, 0.0094, 0.0094,  33.2839, 30 Sep 2018 07:58:23
 10.0911,  3.65018,   22.818, 0.0104, 0.0106,  33.2848, 30 Sep 2018 07:58:26
 10.1057,  3.65149,   22.921, 0.0092, 0.0101,  33.2846, 30 Sep 2018 07:58:28
 10.0918,  3.65013,   23.134, 0.0099, 0.0097,  33.2833, 30 Sep 2018 07:58:30
 10.1047,  3.65133,   23.113, 0.0099, 0.0099,  33.2837, 30 Sep 2018 07:58:33
 10.1093,  3.65162,   22.997, 0.0105, 0.0100,  33.2825, 30 Sep 2018 07:58:35
 10.1016,  3.65106,   22.905, 0.0101, 0.0112,  33.2840, 30 Sep 2018 07:58:37
 10.0928,  3.65045,   22.921, 0.0098, 0.0099,  33.2859, 30 Sep 2018 07:58:40
 10.0989,  3.65087,   22.995, 0.0096, 0.0100,  33.2844, 30 Sep 2018 07:58:42
 10.1028,  3.65115,   23.013, 0.0091, 0.0097,  33.2837, 30 Sep 2018 07:58:44
 10.0931,  3.65022,   23.010, 0.0097, 0.0112,  33.2832, 30 Sep 2018 07:58:47
 10.0906,  3.65021,   22.967, 0.0094, 0.0096,  33.2854, 30 Sep 2018 07:58:49
 10.0933,  3.65039,   22.939, 0.0097, 0.0105,  33.2848, 30 Sep 2018 07:58:51
 10.0886,  3.65002,   22.999, 0.0099, 0.0100,  33.2853, 30 Sep 2018 07:58:54
 10.0871,  3.64993,   23.065, 0.0101, 0.0112,  33.2858, 30 Sep 2018 07:58:56
 10.0899,  3.65044,   23.090, 0.0096, 0.0107,  33.2884, 30 Sep 2018 07:58:59
 10.0919,  3.65054,   22.997, 0.0099, 0.0096,  33.2875, 30 Sep 2018 07:59:01
 10.0954,  3.65086,   22.923, 0.0099, 0.0102,  33.2876, 30 Sep 2018 07:59:03
 10.0947,  3.65079,   22.875, 0.0095, 0.0105,  33.2875, 30 Sep 2018 07:59:06
 10.0930,  3.65065,   22.879, 0.0104, 0.0101,  33.2877, 30 Sep 2018 07:59:08
 10.0900,  3.65031,   22.964, 0.0097, 0.0095,  33.2870, 30 Sep 2018 07:59:10
 10.0927,  3.65068,   23.068, 0.0100, 0.0097,  33.2882, 30 Sep 2018 07:59:13
 10.0962,  3.65148,   23.153, 0.0100, 0.0102,  33.2931, 30 Sep 2018 07:59:15
 10.0962,  3.65115,   23.042, 0.0107, 0.0105,  33.2898, 30 Sep 2018 07:59:18
 10.0981,  3.65114,   22.869, 0.0096, 0.0091,  33.2880, 30 Sep 2018 07:59:20
 10.0952,  3.65134,   22.867, 0.0090, 0.0102,  33.2927, 30 Sep 2018 07:59:22
 10.0928,  3.65100,   22.873, 0.0094, 0.0096,  33.2914, 30 Sep 2018 07:59:25
 10.0974,  3.65126,   22.996, 0.0097, 0.0104,  33.2898, 30 Sep 2018 07:59:27
 10.0993,  3.65153,   23.031, 0.0099, 0.0097,  33.2908, 30 Sep 2018 07:59:29
 10.0980,  3.65123,   22.893, 0.0092, 0.0104,  33.2890, 30 Sep 2018 07:59:32
 10.0967,  3.65147,   23.034, 0.0102, 0.0097,  33.2925, 30 Sep 2018 07:59:34
 10.0905,  3.65116,   23.147, 0.0094, 0.0103,  33.2951, 30 Sep 2018 07:59:36
 10.0959,  3.65141,   23.048, 0.0102, 0.0095,  33.2927, 30 Sep 2018 07:59:39
 10.0871,  3.65076,   23.020, 0.0092, 0.0095,  33.2942, 30 Sep 2018 07:59:41
 10.0892,  3.65090,   22.849, 0.0098, 0.0098,  33.2938, 30 Sep 2018 07:59:43
 10.0979,  3.65149,   22.888, 0.0095, 0.0113,  33.2918, 30 Sep 2018 07:59:46
 10.0972,  3.65151,   23.028, 0.0098, 0.0104,  33.2924, 30 Sep 2018 07:59:48
 10.0876,  3.65068,   23.091, 0.0093, 0.0096,  33.2929, 30 Sep 2018 07:59:51
 10.0922,  3.65119,   23.044, 0.0101, 0.0095,  33.2938, 30 Sep 2018 07:59:53
 10.0844,  3.65053,   22.985, 0.0094, 0.0107,  33.2944, 30 Sep 2018 07:59:55
 10.0820,  3.65041,   22.976, 0.0121, 0.0106,  33.2953, 30 Sep 2018 07:59:58
 10.0775,  3.65011,   23.015, 0.0094, 0.0100,  33.2964, 30 Sep 2018 08:00:00
 10.0760,  3.64998,   23.086, 0.0098, 0.0098,  33.2965, 30 Sep 2018 08:00:02
 10.0749,  3.64986,   23.042, 0.0092, 0.0113,  33.2962, 30 Sep 2018 08:00:05
 10.0766,  3.65000,   22.963, 0.0092, 0.0100,  33.2962, 30 Sep 2018 08:00:07
 10.0724,  3.64966,   22.955, 0.0098, 0.0100,  33.2966, 30 Sep 2018 08:00:09
 10.0745,  3.64984,   22.940, 0.0093, 0.0100,  33.2965, 30 Sep 2018 08:00:12
 10.0749,  3.64984,   22.983, 0.0093, 0.0104,  33.2961, 30 Sep 2018 08:00:14
 10.0737,  3.64976,   23.023, 0.0099, 0.0097,  33.2963, 30 Sep 2018 08:00:17
 10.0645,  3.64899,   23.087, 0.0097, 0.0104,  33.2969, 30 Sep 2018 08:00:19
 10.0608,  3.64872,   23.118, 0.0097, 0.0104,  33.2977, 30 Sep 2018 08:00:21
 10.0608,  3.64873,   23.025, 0.0101, 0.0104,  33.2978, 30 Sep 2018 08:00:24
 10.0605,  3.64862,   22.921, 0.0094, 0.0106,  33.2971, 30 Sep 2018 08:00:26
 10.0585,  3.64854,   22.876, 0.0093, 0.0105,  33.2981, 30 Sep 2018 08:00:28
 10.0630,  3.64898,   22.926, 0.0096, 0.0097,  33.2984, 30 Sep 2018 08:00:31
 10.0616,  3.64878,   23.001, 0.0092, 0.0097,  33.2975, 30 Sep 2018 08:00:33
 10.0605,  3.64876,   23.064, 0.0094, 0.0106,  33.2983, 30 Sep 2018 08:00:36
 10.0591,  3.64870,   23.050, 0.0107, 0.0097,  33.2991, 30 Sep 2018 08:00:38
 10.0604,  3.64880,   23.004, 0.0098, 0.0102,  33.2990, 30 Sep 2018 08:00:40
 10.0510,  3.64845,   23.060, 0.0101, 0.0095,  33.3039, 30 Sep 2018 08:00:43
 10.0544,  3.64853,   23.000, 0.0092, 0.0108,  33.3016, 30 Sep 2018 08:00:45
 10.0474,  3.64843,   22.993, 0.0091, 0.0099,  33.3071, 30 Sep 2018 08:00:48
 10.0480,  3.64842,   22.931, 0.0098, 0.0104,  33.3065, 30 Sep 2018 08:00:50
 10.0449,  3.64824,   22.937, 0.0093, 0.0099,  33.3074, 30 Sep 2018 08:00:52
 10.0419,  3.64805,   22.964, 0.0092, 0.0111,  33.3083, 30 Sep 2018 08:00:55
 10.0369,  3.64760,   22.998, 0.0089, 0.0100,  33.3083, 30 Sep 2018 08:00:57
 10.0268,  3.64672,   23.090, 0.0090, 0.0098,  33.3087, 30 Sep 2018 08:00:59
 10.0198,  3.64602,   23.130, 0.0095, 0.0099,  33.3080, 30 Sep 2018 08:01:02
 10.0106,  3.64521,   23.086, 0.0097, 0.0099,  33.3083, 30 Sep 2018 08:01:04
 10.0304,  3.64696,   22.874, 0.0097, 0.0104,  33.3079, 30 Sep 2018 08:01:06
 10.0159,  3.64547,   22.900, 0.0110, 0.0095,  33.3061, 30 Sep 2018 08:01:09
 10.0144,  3.64557,   23.025, 0.0095, 0.0096,  33.3085, 30 Sep 2018 08:01:11
 10.0160,  3.64557,   22.913, 0.0097, 0.0111,  33.3070, 30 Sep 2018 08:01:14
 10.0046,  3.64449,   23.034, 0.0113, 0.0107,  33.3065, 30 Sep 2018 08:01:16
  9.9975,  3.64398,   23.131, 0.0095, 0.0100,  33.3078, 30 Sep 2018 08:01:18
 10.0075,  3.64491,   22.981, 0.0091, 0.0095,  33.3081, 30 Sep 2018 08:01:21
 10.0003,  3.64391,   22.906, 0.0093, 0.0113,  33.3047, 30 Sep 2018 08:01:23
  9.9901,  3.64328,   22.975, 0.0096, 0.0105,  33.3076, 30 Sep 2018 08:01:25
  9.9889,  3.64315,   23.102, 0.0094, 0.0101,  33.3074, 30 Sep 2018 08:01:28
  9.9778,  3.64211,   23.092, 0.0095, 0.0098,  33.3070, 30 Sep 2018 08:01:30
  9.9866,  3.64300,   22.920, 0.0095, 0.0104,  33.3080, 30 Sep 2018 08:01:33
  9.9735,  3.64174,   22.968, 0.0098, 0.0094,  33.3072, 30 Sep 2018 08:01:35
  9.9780,  3.64221,   22.987, 0.0094, 0.0103,  33.3078, 30 Sep 2018 08:01:37
  9.9724,  3.64171,   23.072, 0.0093, 0.0102,  33.3079, 30 Sep 2018 08:01:40
  9.9487,  3.63950,   23.138, 0.0096, 0.0111,  33.3072, 30 Sep 2018 08:01:42
  9.9624,  3.64087,   22.944, 0.0103, 0.0094,  33.3087, 30 Sep 2018 08:01:45
  9.9430,  3.63891,   23.048, 0.0095, 0.0104,  33.3065, 30 Sep 2018 08:01:47
  9.9424,  3.63902,   23.136, 0.0098, 0.0094,  33.3081, 30 Sep 2018 08:01:49
  9.9483,  3.63951,   23.084, 0.0099, 0.0108,  33.3078, 30 Sep 2018 08:01:52
  9.9313,  3.63834,   23.035, 0.0097, 0.0099,  33.3116, 30 Sep 2018 08:01:54
  9.9452,  3.63939,   22.832, 0.0097, 0.0098,  33.3094, 30 Sep 2018 08:01:57
  9.9329,  3.63814,   22.994, 0.0099, 0.0105,  33.3081, 30 Sep 2018 08:01:59
  9.9332,  3.63823,   23.140, 0.0098, 0.0106,  33.3086, 30 Sep 2018 08:02:01
  9.9346,  3.63841,   23.113, 0.0105, 0.0114,  33.3092, 30 Sep 2018 08:02:04
  9.9188,  3.63730,   23.164, 0.0104, 0.0104,  33.3125, 30 Sep 2018 08:02:06
  9.9325,  3.63838,   23.017, 0.0100, 0.0098,  33.3109, 30 Sep 2018 08:02:09
  9.8997,  3.63590,   23.085, 0.0099, 0.0099,  33.3159, 30 Sep 2018 08:02:11
  9.9064,  3.63651,   23.025, 0.0105, 0.0102,  33.3159, 30 Sep 2018 08:02:13
  9.9207,  3.63752,   22.947, 0.0105, 0.0106,  33.3130, 30 Sep 2018 08:02:16
  9.9140,  3.63691,   22.994, 0.0095, 0.0097,  33.3129, 30 Sep 2018 08:02:18
  9.9215,  3.63752,   22.972, 0.0095, 0.0097,  33.3123, 30 Sep 2018 08:02:20
  9.9087,  3.63678,   23.096, 0.0092, 0.0105,  33.3165, 30 Sep 2018 08:02:23
  9.9094,  3.63698,   23.215, 0.0098, 0.0109,  33.3179, 30 Sep 2018 08:02:25
  9.8755,  3.63360,   23.183, 0.0102, 0.0109,  33.3147, 30 Sep 2018 08:02:28
  9.8883,  3.63491,   23.023, 0.0099, 0.0104,  33.3164, 30 Sep 2018 08:02:30
  9.8896,  3.63459,   22.936, 0.0093, 0.0102,  33.3119, 30 Sep 2018 08:02:32
  9.9051,  3.63614,   23.031, 0.0098, 0.0096,  33.3134, 30 Sep 2018 08:02:35
  9.9123,  3.63669,   23.078, 0.0099, 0.0102,  33.3123, 30 Sep 2018 08:02:37
  9.9151,  3.63694,   22.997, 0.0094, 0.0107,  33.3122, 30 Sep 2018 08:02:39
  9.9122,  3.63701,   23.051, 0.0100, 0.0105,  33.3156, 30 Sep 2018 08:02:42
  9.9091,  3.63678,   23.131, 0.0096, 0.0099,  33.3161, 30 Sep 2018 08:02:44
  9.9143,  3.63725,   23.123, 0.0099, 0.0104,  33.3161, 30 Sep 2018 08:02:47
  9.9153,  3.63713,   23.020, 0.0118, 0.0101,  33.3140, 30 Sep 2018 08:02:49
  9.9120,  3.63665,   23.046, 0.0098, 0.0108,  33.3122, 30 Sep 2018 08:02:51
  9.9264,  3.63770,   23.044, 0.0097, 0.0104,  33.3096, 30 Sep 2018 08:02:54
  9.9370,  3.63845,   23.026, 0.0094, 0.0107,  33.3074, 30 Sep 2018 08:02:56
  9.9378,  3.63855,   23.041, 0.0098, 0.0100,  33.3077, 30 Sep 2018 08:02:59
  9.9368,  3.63851,   23.011, 0.0097, 0.0106,  33.3082, 30 Sep 2018 08:03:01
  9.9335,  3.63825,   23.031, 0.0093, 0.0096,  33.3086, 30 Sep 2018 08:03:03
  9.9352,  3.63845,   23.077, 0.0094, 0.0098,  33.3091, 30 Sep 2018 08:03:06
  9.9409,  3.63888,   23.081, 0.0095, 0.0096,  33.3081, 30 Sep 2018 08:03:08
  9.9385,  3.63866,   23.090, 0.0089, 0.0105,  33.3081, 30 Sep 2018 08:03:10
  9.9401,  3.63885,   23.071, 0.0100, 0.0099,  33.3086, 30 Sep 2018 08:03:13
  9.9431,  3.63897,   23.004, 0.0097, 0.0103,  33.3071, 30 Sep 2018 08:03:15
  9.9435,  3.63893,   22.996, 0.0094, 0.0098,  33.3063, 30 Sep 2018 08:03:18
  9.9437,  3.63868,   23.111, 0.0093, 0.0109,  33.3035, 30 Sep 2018 08:03:20
  9.9441,  3.63872,   23.107, 0.0101, 0.0105,  33.3036, 30 Sep 2018 08:03:22
  9.9472,  3.63903,   23.009, 0.0101, 0.0099,  33.3039, 30 Sep 2018 08:03:25
  9.9464,  3.63890,   23.050, 0.0097, 0.0097,  33.3033, 30 Sep 2018 08:03:27
  9.9528,  3.63936,   23.037, 0.0110, 0.0109,  33.3021, 30 Sep 2018 08:03:30
  9.9540,  3.63939,   23.064, 0.0097, 0.0096,  33.3013, 30 Sep 2018 08:03:32
  9.9539,  3.63940,   23.230, 0.0096, 0.0100,  33.3014, 30 Sep 2018 08:03:34
  9.9601,  3.64002,   23.144, 0.0097, 0.0097,  33.3020, 30 Sep 2018 08:03:37
  9.9608,  3.64007,   22.989, 0.0097, 0.0106,  33.3019, 30 Sep 2018 08:03:39
  9.9580,  3.63990,   22.948, 0.0104, 0.0101,  33.3028, 30 Sep 2018 08:03:41
  9.9737,  3.64123,   23.020, 0.0097, 0.0095,  33.3018, 30 Sep 2018 08:03:44
  9.9834,  3.64194,   23.130, 0.0096, 0.0095,  33.3001, 30 Sep 2018 08:03:46
  9.9812,  3.64175,   23.173, 0.0096, 0.0109,  33.3002, 30 Sep 2018 08:03:49
  9.9651,  3.64028,   23.155, 0.0095, 0.0099,  33.3000, 30 Sep 2018 08:03:51
  9.9723,  3.64121,   23.186, 0.0102, 0.0105,  33.3029, 30 Sep 2018 08:03:53
  9.9771,  3.64153,   23.091, 0.0093, 0.0097,  33.3018, 30 Sep 2018 08:03:56
  9.9833,  3.64202,   23.067, 0.0096, 0.0111,  33.3010, 30 Sep 2018 08:03:58
  9.9850,  3.64216,   22.982, 0.0103, 0.0105,  33.3009, 30 Sep 2018 08:04:01
  9.9947,  3.64316,   22.981, 0.0094, 0.0099,  33.3021, 30 Sep 2018 08:04:03
  9.9924,  3.64273,   23.242, 0.0100, 0.0099,  33.2997, 30 Sep 2018 08:04:05
  9.9927,  3.64284,   23.217, 0.0102, 0.0113,  33.3006, 30 Sep 2018 08:04:08
  9.9766,  3.64124,   23.201, 0.0094, 0.0102,  33.2992, 30 Sep 2018 08:04:10
  9.9755,  3.64168,   23.164, 0.0100, 0.0102,  33.3048, 30 Sep 2018 08:04:12
  9.9911,  3.64284,   23.049, 0.0111, 0.0104,  33.3022, 30 Sep 2018 08:04:15
  9.9990,  3.64341,   23.134, 0.0094, 0.0105,  33.3006, 30 Sep 2018 08:04:17
 10.0088,  3.64436,   23.134, 0.0099, 0.0097,  33.3013, 30 Sep 2018 08:04:20
 10.0002,  3.64347,   23.158, 0.0095, 0.0097,  33.3001, 30 Sep 2018 08:04:22
 10.0003,  3.64355,   23.121, 0.0103, 0.0104,  33.3009, 30 Sep 2018 08:04:24
 10.0055,  3.64408,   23.087, 0.0097, 0.0100,  33.3014, 30 Sep 2018 08:04:27
  9.9897,  3.64269,   23.273, 0.0102, 0.0098,  33.3018, 30 Sep 2018 08:04:29
  9.9946,  3.64316,   23.223, 0.0091, 0.0098,  33.3020, 30 Sep 2018 08:04:32
  9.9941,  3.64305,   23.139, 0.0100, 0.0101,  33.3014, 30 Sep 2018 08:04:34
  9.9878,  3.64257,   23.177, 0.0096, 0.0103,  33.3025, 30 Sep 2018 08:04:36
  9.9904,  3.64276,   23.152, 0.0094, 0.0102,  33.3019, 30 Sep 2018 08:04:39
  9.9893,  3.64258,   23.165, 0.0094, 0.0102,  33.3011, 30 Sep 2018 08:04:41
  9.9805,  3.64184,   23.252, 0.0101, 0.0102,  33.3017, 30 Sep 2018 08:04:43
  9.9828,  3.64210,   23.136, 0.0095, 0.0097,  33.3022, 30 Sep 2018 08:04:46
  9.9823,  3.64189,   22.999, 0.0091, 0.0108,  33.3007, 30 Sep 2018 08:04:48
  9.9779,  3.64167,   23.153, 0.0095, 0.0096,  33.3024, 30 Sep 2018 08:04:51
  9.9804,  3.64191,   23.301, 0.0099, 0.0096,  33.3024, 30 Sep 2018 08:04:53
  9.9633,  3.64058,   23.270, 0.0096, 0.0100,  33.3047, 30 Sep 2018 08:04:55
  9.9623,  3.64065,   23.171, 0.0094, 0.0108,  33.3064, 30 Sep 2018 08:04:58
  9.9581,  3.64019,   23.134, 0.0104, 0.0101,  33.3056, 30 Sep 2018 08:05:00
  9.9554,  3.63996,   23.163, 0.0113, 0.0099,  33.3058, 30 Sep 2018 08:05:03
  9.9560,  3.63999,   23.105, 0.0101, 0.0104,  33.3056, 30 Sep 2018 08:05:05
  9.9576,  3.64016,   23.066, 0.0099, 0.0108,  33.3058, 30 Sep 2018 08:05:07
  9.9554,  3.64004,   23.151, 0.0101, 0.0105,  33.3065, 30 Sep 2018 08:05:10
  9.9554,  3.64003,   23.137, 0.0102, 0.0101,  33.3065, 30 Sep 2018 08:05:12
  9.9568,  3.64028,   23.213, 0.0096, 0.0100,  33.3077, 30 Sep 2018 08:05:14
  9.9570,  3.64036,   23.244, 0.0099, 0.0104,  33.3083, 30 Sep 2018 08:05:17
  9.9414,  3.63892,   23.313, 0.0101, 0.0104,  33.3080, 30 Sep 2018 08:05:19
  9.9348,  3.63883,   23.303, 0.0099, 0.0106,  33.3132, 30 Sep 2018 08:05:22
  9.9447,  3.63950,   23.070, 0.0093, 0.0097,  33.3110, 30 Sep 2018 08:05:24
  9.9300,  3.63822,   22.965, 0.0097, 0.0111,  33.3116, 30 Sep 2018 08:05:26
  9.9323,  3.63854,   23.129, 0.0093, 0.0102,  33.3125, 30 Sep 2018 08:05:29
  9.9402,  3.63907,   23.291, 0.0098, 0.0099,  33.3107, 30 Sep 2018 08:05:31
  9.9002,  3.63568,   23.303, 0.0096, 0.0104,  33.3130, 30 Sep 2018 08:05:34
  9.8523,  3.63111,   23.361, 0.0099, 0.0108,  33.3107, 30 Sep 2018 08:05:36
  9.8312,  3.62957,   23.311, 0.0096, 0.0104,  33.3145, 30 Sep 2018 08:05:38
  9.8500,  3.63108,   23.138, 0.0098, 0.0101,  33.3126, 30 Sep 2018 08:05:41
  9.8387,  3.62994,   23.054, 0.0097, 0.0096,  33.3115, 30 Sep 2018 08:05:43
  9.8379,  3.63019,   23.145, 0.0097, 0.0100,  33.3148, 30 Sep 2018 08:05:45
  9.8549,  3.63171,   23.209, 0.0110, 0.0099,  33.3144, 30 Sep 2018 08:05:48
  9.8433,  3.63034,   23.170, 0.0097, 0.0100,  33.3112, 30 Sep 2018 08:05:50
  9.8187,  3.62813,   23.200, 0.0095, 0.0103,  33.3114, 30 Sep 2018 08:05:53
  9.8179,  3.62816,   23.314, 0.0098, 0.0105,  33.3124, 30 Sep 2018 08:05:55
  9.8160,  3.62809,   23.258, 0.0108, 0.0102,  33.3135, 30 Sep 2018 08:05:57
  9.8243,  3.62874,   23.132, 0.0091, 0.0094,  33.3125, 30 Sep 2018 08:06:00
  9.8164,  3.62825,   23.175, 0.0099, 0.0097,  33.3147, 30 Sep 2018 08:06:02
  9.8137,  3.62803,   23.198, 0.0098, 0.0098,  33.3150, 30 Sep 2018 08:06:05
  9.8174,  3.62846,   23.148, 0.0095, 0.0102,  33.3160, 30 Sep 2018 08:06:07
  9.8223,  3.62890,   23.059, 0.0100, 0.0098,  33.3161, 30 Sep 2018 08:06:09
  9.8218,  3.62880,   23.141, 0.0099, 0.0101,  33.3154, 30 Sep 2018 08:06:12
  9.8167,  3.62813,   23.296, 0.0103, 0.0105,  33.3132, 30 Sep 2018 08:06:14
  9.8304,  3.62977,   23.270, 0.0090, 0.0109,  33.3172, 30 Sep 2018 08:06:16
  9.8367,  3.63035,   23.245, 0.0097, 0.0101,  33.3174, 30 Sep 2018 08:06:19
  9.8461,  3.63166,   23.186, 0.0099, 0.0103,  33.3221, 30 Sep 2018 08:06:21
  9.8433,  3.63116,   23.122, 0.0092, 0.0104,  33.3197, 30 Sep 2018 08:06:24
  9.8466,  3.63171,   23.111, 0.0098, 0.0102,  33.3222, 30 Sep 2018 08:06:26
  9.8396,  3.63078,   23.271, 0.0115, 0.0093,  33.3191, 30 Sep 2018 08:06:28
  9.8421,  3.63112,   23.324, 0.0095, 0.0098,  33.3203, 30 Sep 2018 08:06:31
  9.8436,  3.63131,   23.139, 0.0094, 0.0099,  33.3208, 30 Sep 2018 08:06:33
  9.8499,  3.63240,   23.029, 0.0100, 0.0113,  33.3262, 30 Sep 2018 08:06:35
  9.8431,  3.63127,   23.158, 0.0105, 0.0100,  33.3209, 30 Sep 2018 08:06:38
  9.8419,  3.63116,   23.244, 0.0101, 0.0098,  33.3209, 30 Sep 2018 08:06:40
  9.8462,  3.63166,   23.241, 0.0101, 0.0101,  33.3220, 30 Sep 2018 08:06:43
  9.8555,  3.63296,   23.384, 0.0102, 0.0105,  33.3266, 30 Sep 2018 08:06:45
  9.8554,  3.63296,   23.302, 0.0096, 0.0105,  33.3267, 30 Sep 2018 08:06:47
  9.8501,  3.63223,   23.088, 0.0094, 0.0103,  33.3242, 30 Sep 2018 08:06:50
  9.8483,  3.63220,   22.975, 0.0092, 0.0099,  33.3256, 30 Sep 2018 08:06:52
  9.8445,  3.63131,   23.056, 0.0098, 0.0110,  33.3201, 30 Sep 2018 08:06:55
  9.8390,  3.63089,   23.368, 0.0095, 0.0096,  33.3206, 30 Sep 2018 08:06:57
  9.8429,  3.63154,   23.348, 0.0096, 0.0102,  33.3237, 30 Sep 2018 08:06:59
  9.8354,  3.63113,   23.347, 0.0098, 0.0095,  33.3265, 30 Sep 2018 08:07:02
  9.8320,  3.63122,   23.300, 0.0094, 0.0106,  33.3306, 30 Sep 2018 08:07:04
  9.8394,  3.63163,   23.133, 0.0102, 0.0104,  33.3280, 30 Sep 2018 08:07:06
  9.8533,  3.63282,   23.181, 0.0101, 0.0107,  33.3273, 30 Sep 2018 08:07:09
  9.8527,  3.63252,   23.236, 0.0098, 0.0096,  33.3247, 30 Sep 2018 08:07:11
  9.8599,  3.63337,   23.251, 0.0118, 0.0108,  33.3268, 30 Sep 2018 08:07:14
  9.8596,  3.63327,   23.211, 0.0099, 0.0104,  33.3261, 30 Sep 2018 08:07:16
  9.8620,  3.63362,   23.272, 0.0093, 0.0105,  33.3274, 30 Sep 2018 08:07:18
  9.8606,  3.63329,   23.384, 0.0102, 0.0100,  33.3252, 30 Sep 2018 08:07:21
  9.8571,  3.63340,   23.455, 0.0097, 0.0101,  33.3296, 30 Sep 2018 08:07:23
  9.8559,  3.63323,   23.285, 0.0096, 0.0099,  33.3291, 30 Sep 2018 08:07:26
  9.8453,  3.63240,   23.178, 0.0096, 0.0106,  33.3304, 30 Sep 2018 08:07:28
  9.8538,  3.63295,   23.185, 0.0097, 0.0098,  33.3281, 30 Sep 2018 08:07:30
  9.8585,  3.63314,   23.285, 0.0097, 0.0108,  33.3257, 30 Sep 2018 08:07:33
  9.8606,  3.63323,   23.295, 0.0094, 0.0101,  33.3247, 30 Sep 2018 08:07:35
  9.8647,  3.63403,   23.318, 0.0097, 0.0095,  33.3291, 30 Sep 2018 08:07:37
  9.8660,  3.63419,   23.283, 0.0103, 0.0102,  33.3295, 30 Sep 2018 08:07:40
  9.8660,  3.63425,   23.273, 0.0099, 0.0102,  33.3301, 30 Sep 2018 08:07:42
  9.8650,  3.63402,   23.366, 0.0104, 0.0103,  33.3287, 30 Sep 2018 08:07:45
  9.8658,  3.63424,   23.333, 0.0107, 0.0098,  33.3301, 30 Sep 2018 08:07:47
  9.8641,  3.63409,   23.240, 0.0096, 0.0103,  33.3303, 30 Sep 2018 08:07:49
  9.8649,  3.63422,   23.212, 0.0095, 0.0102,  33.3308, 30 Sep 2018 08:07:52
  9.8642,  3.63377,   23.334, 0.0096, 0.0107,  33.3268, 30 Sep 2018 08:07:54
  9.8647,  3.63376,   23.397, 0.0100, 0.0102,  33.3262, 30 Sep 2018 08:07:57
  9.8634,  3.63374,   23.237, 0.0094, 0.0101,  33.3273, 30 Sep 2018 08:07:59
  9.8573,  3.63347,   23.246, 0.0098, 0.0106,  33.3302, 30 Sep 2018 08:08:01
  9.8582,  3.63355,   23.330, 0.0094, 0.0105,  33.3301, 30 Sep 2018 08:08:04
  9.8635,  3.63405,   23.335, 0.0109, 0.0097,  33.3303, 30 Sep 2018 08:08:06
  9.8540,  3.63332,   23.404, 0.0098, 0.0104,  33.3316, 30 Sep 2018 08:08:08
  9.8455,  3.63262,   23.423, 0.0097, 0.0100,  33.3323, 30 Sep 2018 08:08:11
  9.8222,  3.63055,   23.411, 0.0095, 0.0106,  33.3328, 30 Sep 2018 08:08:13
  9.8287,  3.63125,   23.262, 0.0091, 0.0100,  33.3340, 30 Sep 2018 08:08:16
  9.8201,  3.63019,   23.193, 0.0094, 0.0096,  33.3312, 30 Sep 2018 08:08:18
  9.8441,  3.63255,   23.346, 0.0096, 0.0102,  33.3330, 30 Sep 2018 08:08:20
  9.8441,  3.63234,   23.423, 0.0102, 0.0103,  33.3309, 30 Sep 2018 08:08:23
  9.6148,  3.61259,   23.299, 0.0095, 0.0096,  33.3412, 30 Sep 2018 08:09:01
  9.6132,  3.61255,   23.517, 0.0097, 0.0101,  33.3422, 30 Sep 2018 08:09:03
  9.5881,  3.61240,   23.591, 0.0103, 0.0104,  33.3639, 30 Sep 2018 08:09:05
  9.5008,  3.60816,   23.948, 0.0095, 0.0100,  33.4015, 30 Sep 2018 08:09:08
  9.4543,  3.60560,   24.502, 0.0095, 0.0096,  33.4182, 30 Sep 2018 08:09:10
  9.4485,  3.60620,   24.880, 0.0096, 0.0095,  33.4296, 30 Sep 2018 08:09:12
  9.4303,  3.60505,   25.236, 0.0095, 0.0102,  33.4347, 30 Sep 2018 08:09:15
  9.2494,  3.59168,   25.752, 0.0091, 0.0094,  33.4655, 30 Sep 2018 08:09:17
  9.0913,  3.57962,   26.282, 0.0097, 0.0110,  33.4885, 30 Sep 2018 08:09:20
  9.0129,  3.57314,   26.724, 0.0094, 0.0100,  33.4946, 30 Sep 2018 08:09:22
  8.9710,  3.56956,   27.157, 0.0098, 0.0101,  33.4967, 30 Sep 2018 08:09:24
  8.9719,  3.57091,   27.582, 0.0111, 0.0101,  33.5096, 30 Sep 2018 08:09:27
  8.9587,  3.56978,   28.022, 0.0096, 0.0096,  33.5101, 30 Sep 2018 08:09:29
  8.9492,  3.56889,   28.420, 0.0099, 0.0094,  33.5097, 30 Sep 2018 08:09:31
  8.9260,  3.56645,   28.856, 0.0102, 0.0107,  33.5059, 30 Sep 2018 08:09:34
  8.9085,  3.56475,   29.377, 0.0100, 0.0106,  33.5043, 30 Sep 2018 08:09:36
  8.9090,  3.56496,   29.797, 0.0095, 0.0099,  33.5058, 30 Sep 2018 08:09:39
  8.8835,  3.56268,   30.058, 0.0094, 0.0098,  33.5061, 30 Sep 2018 08:09:41
  8.8374,  3.56050,   30.522, 0.0104, 0.0095,  33.5265, 30 Sep 2018 08:09:43
  8.8134,  3.55949,   31.075, 0.0093, 0.0102,  33.5384, 30 Sep 2018 08:09:46
  8.7864,  3.55818,   31.555, 0.0090, 0.0093,  33.5500, 30 Sep 2018 08:09:48
  8.7672,  3.55784,   31.970, 0.0097, 0.0099,  33.5645, 30 Sep 2018 08:09:51
  8.7452,  3.55743,   32.303, 0.0098, 0.0096,  33.5809, 30 Sep 2018 08:09:53
  8.7120,  3.55602,   32.653, 0.0096, 0.0109,  33.5974, 30 Sep 2018 08:09:55
  8.6707,  3.55380,   33.107, 0.0101, 0.0097,  33.6131, 30 Sep 2018 08:09:58
  8.6379,  3.55143,   33.577, 0.0097, 0.0097,  33.6192, 30 Sep 2018 08:10:00
  8.6252,  3.55099,   34.040, 0.0103, 0.0101,  33.6264, 30 Sep 2018 08:10:03
  8.6160,  3.55035,   34.417, 0.0102, 0.0107,  33.6282, 30 Sep 2018 08:10:05
  8.6122,  3.54989,   34.832, 0.0113, 0.0095,  33.6269, 30 Sep 2018 08:10:07
  8.5937,  3.54890,   35.321, 0.0096, 0.0100,  33.6338, 30 Sep 2018 08:10:10
  8.5826,  3.54859,   35.800, 0.0093, 0.0106,  33.6408, 30 Sep 2018 08:10:12
  8.5743,  3.54820,   36.208, 0.0102, 0.0106,  33.6444, 30 Sep 2018 08:10:14
  8.5737,  3.54801,   36.589, 0.0096, 0.0100,  33.6428, 30 Sep 2018 08:10:17
  8.5374,  3.54626,   36.985, 0.0101, 0.0096,  33.6588, 30 Sep 2018 08:10:19
  8.5144,  3.54522,   37.399, 0.0093, 0.0096,  33.6696, 30 Sep 2018 08:10:21
  8.4912,  3.54426,   37.881, 0.0100, 0.0107,  33.6814, 30 Sep 2018 08:10:24
  8.4752,  3.54348,   38.362, 0.0095, 0.0099,  33.6881, 30 Sep 2018 08:10:26
  8.4712,  3.54319,   38.747, 0.0101, 0.0106,  33.6888, 30 Sep 2018 08:10:29
  8.4702,  3.54304,   39.128, 0.0101, 0.0101,  33.6879, 30 Sep 2018 08:10:31
  8.4684,  3.54282,   39.583, 0.0099, 0.0101,  33.6872, 30 Sep 2018 08:10:33
  8.4609,  3.54235,   40.073, 0.0095, 0.0100,  33.6892, 30 Sep 2018 08:10:36
  8.4535,  3.54194,   40.493, 0.0103, 0.0100,  33.6917, 30 Sep 2018 08:10:38
  8.4370,  3.54094,   40.845, 0.0098, 0.0098,  33.6967, 30 Sep 2018 08:10:40
  8.4225,  3.54030,   41.266, 0.0099, 0.0111,  33.7036, 30 Sep 2018 08:10:43
  8.4199,  3.54024,   41.735, 0.0094, 0.0101,  33.7053, 30 Sep 2018 08:10:45
  8.4186,  3.54012,   42.176, 0.0096, 0.0100,  33.7050, 30 Sep 2018 08:10:47
  8.4184,  3.54008,   42.636, 0.0101, 0.0098,  33.7046, 30 Sep 2018 08:10:50
  8.4110,  3.53985,   43.113, 0.0092, 0.0110,  33.7090, 30 Sep 2018 08:10:52
  8.4044,  3.53954,   43.538, 0.0112, 0.0112,  33.7118, 30 Sep 2018 08:10:54
  8.4027,  3.53942,   43.948, 0.0099, 0.0103,  33.7120, 30 Sep 2018 08:10:57
  8.4015,  3.53960,   44.057, 0.0096, 0.0097,  33.7150, 30 Sep 2018 08:10:59
  8.4053,  3.53965,   43.987, 0.0101, 0.0102,  33.7120, 30 Sep 2018 08:11:02
  8.4042,  3.53956,   43.981, 0.0098, 0.0108,  33.7120, 30 Sep 2018 08:11:04
