
---  09-30-18 14:04:38 ---
  8.4321,  3.53985,   44.344, 0.0095, 0.0093,  33.6882, 30 Sep 2018 14:05:06
 11.6494,  3.77301,   15.832, 0.0096, 0.0102,  33.0981, 30 Sep 2018 14:11:47
 11.6496,  3.77261,   15.804, 0.0093, 0.0105,  33.0941, 30 Sep 2018 14:11:49
 11.6499,  3.77260,   16.052, 0.0099, 0.0107,  33.0935, 30 Sep 2018 14:11:52
 11.6229,  3.77035,   16.489, 0.0102, 0.0103,  33.0955, 30 Sep 2018 14:11:54
 11.6066,  3.76937,   16.933, 0.0099, 0.0104,  33.1003, 30 Sep 2018 14:11:57
 11.5993,  3.76887,   17.321, 0.0104, 0.0109,  33.1017, 30 Sep 2018 14:11:59
 11.5404,  3.76429,   17.818, 0.0102, 0.0106,  33.1094, 30 Sep 2018 14:12:01
 11.5334,  3.76385,   18.242, 0.0099, 0.0102,  33.1111, 30 Sep 2018 14:12:04
 11.5316,  3.76366,   18.632, 0.0104, 0.0106,  33.1107, 30 Sep 2018 14:12:06
 11.5284,  3.76327,   18.935, 0.0099, 0.0114,  33.1097, 30 Sep 2018 14:12:08
 11.5164,  3.76217,   19.482, 0.0103, 0.0106,  33.1094, 30 Sep 2018 14:12:11
 11.5114,  3.76197,   20.027, 0.0108, 0.0104,  33.1117, 30 Sep 2018 14:12:13
 11.5087,  3.76163,   20.455, 0.0101, 0.0108,  33.1105, 30 Sep 2018 14:12:15
 11.5020,  3.76093,   20.761, 0.0098, 0.0112,  33.1096, 30 Sep 2018 14:12:18
 11.4831,  3.75906,   21.220, 0.0099, 0.0109,  33.1079, 30 Sep 2018 14:12:20
 11.4447,  3.75545,   21.640, 0.0093, 0.0104,  33.1066, 30 Sep 2018 14:12:22
 11.4027,  3.75174,   22.045, 0.0113, 0.0108,  33.1078, 30 Sep 2018 14:12:25
 11.3285,  3.74543,   22.597, 0.0101, 0.0102,  33.1121, 30 Sep 2018 14:12:27
 11.0920,  3.72459,   23.153, 0.0097, 0.0105,  33.1188, 30 Sep 2018 14:12:30
 11.0265,  3.71876,   23.524, 0.0099, 0.0099,  33.1199, 30 Sep 2018 14:12:32
 10.8650,  3.70252,   23.754, 0.0102, 0.0113,  33.1043, 30 Sep 2018 14:12:34
 10.7422,  3.69198,   24.198, 0.0109, 0.0105,  33.1103, 30 Sep 2018 14:12:37
 10.5975,  3.67881,   24.707, 0.0101, 0.0103,  33.1096, 30 Sep 2018 14:12:39
 10.3400,  3.66496,   25.189, 0.0103, 0.0104,  33.2048, 30 Sep 2018 14:12:41
 10.1341,  3.65271,   25.659, 0.0100, 0.0107,  33.2696, 30 Sep 2018 14:12:44
  9.9348,  3.63879,   26.076, 0.0099, 0.0101,  33.3116, 30 Sep 2018 14:12:46
 10.0555,  3.64621,   26.008, 0.0094, 0.0111,  33.2758, 30 Sep 2018 14:12:48
  9.7669,  3.62316,   25.819, 0.0097, 0.0100,  33.3073, 30 Sep 2018 14:13:16
  9.8629,  3.62770,   25.691, 0.0093, 0.0110,  33.2650, 30 Sep 2018 14:13:37
  9.8326,  3.62532,   25.756, 0.0093, 0.0102,  33.2687, 30 Sep 2018 14:13:39
  9.8784,  3.62878,   25.876, 0.0091, 0.0101,  33.2617, 30 Sep 2018 14:13:41
  9.8380,  3.62545,   26.353, 0.0088, 0.0102,  33.2648, 30 Sep 2018 14:13:44
  9.7311,  3.61749,   26.816, 0.0095, 0.0098,  33.2820, 30 Sep 2018 14:13:46
  9.6205,  3.60970,   27.217, 0.0093, 0.0117,  33.3046, 30 Sep 2018 14:13:49
  9.4832,  3.60056,   27.620, 0.0094, 0.0096,  33.3379, 30 Sep 2018 14:13:51
  9.3366,  3.59210,   28.158, 0.0094, 0.0099,  33.3871, 30 Sep 2018 14:13:53
  9.2623,  3.58878,   28.667, 0.0093, 0.0104,  33.4220, 30 Sep 2018 14:13:56
  9.2223,  3.58612,   29.054, 0.0093, 0.0107,  33.4318, 30 Sep 2018 14:13:58
  9.1051,  3.57998,   29.472, 0.0095, 0.0095,  33.4778, 30 Sep 2018 14:14:00
  9.0357,  3.57606,   29.941, 0.0094, 0.0107,  33.5022, 30 Sep 2018 14:14:03
  9.0109,  3.57462,   30.375, 0.0096, 0.0097,  33.5103, 30 Sep 2018 14:14:05
  8.9996,  3.57390,   30.809, 0.0102, 0.0112,  33.5132, 30 Sep 2018 14:14:07
  8.9782,  3.57247,   31.301, 0.0096, 0.0099,  33.5182, 30 Sep 2018 14:14:10
  8.9738,  3.57242,   31.772, 0.0092, 0.0104,  33.5217, 30 Sep 2018 14:14:12
  8.9667,  3.57208,   32.201, 0.0094, 0.0096,  33.5247, 30 Sep 2018 14:14:14
  8.9373,  3.57071,   32.611, 0.0105, 0.0104,  33.5380, 30 Sep 2018 14:14:17
  8.8656,  3.56602,   33.044, 0.0104, 0.0111,  33.5565, 30 Sep 2018 14:14:19
  8.7856,  3.56083,   33.478, 0.0101, 0.0101,  33.5777, 30 Sep 2018 14:14:22
  8.7552,  3.55915,   33.884, 0.0097, 0.0101,  33.5887, 30 Sep 2018 14:14:24
  8.7043,  3.55622,   34.334, 0.0101, 0.0104,  33.6060, 30 Sep 2018 14:14:26
  8.6543,  3.55328,   34.815, 0.0094, 0.0101,  33.6224, 30 Sep 2018 14:14:29
  8.6377,  3.55248,   35.278, 0.0099, 0.0104,  33.6296, 30 Sep 2018 14:14:31
  8.6172,  3.55103,   35.712, 0.0094, 0.0104,  33.6337, 30 Sep 2018 14:14:33
  8.6007,  3.55044,   36.096, 0.0094, 0.0103,  33.6430, 30 Sep 2018 14:14:36
  8.5901,  3.54986,   36.459, 0.0100, 0.0101,  33.6467, 30 Sep 2018 14:14:38
  8.5583,  3.54812,   36.905, 0.0095, 0.0103,  33.6585, 30 Sep 2018 14:14:40
  8.5409,  3.54747,   37.413, 0.0099, 0.0105,  33.6681, 30 Sep 2018 14:14:43
  8.5404,  3.54725,   37.879, 0.0097, 0.0106,  33.6659, 30 Sep 2018 14:14:45
  8.5428,  3.54728,   38.294, 0.0107, 0.0104,  33.6638, 30 Sep 2018 14:14:47
  8.5415,  3.54707,   38.681, 0.0094, 0.0103,  33.6627, 30 Sep 2018 14:14:50
  8.5334,  3.54653,   39.075, 0.0096, 0.0104,  33.6645, 30 Sep 2018 14:14:52
  8.5352,  3.54671,   39.489, 0.0097, 0.0110,  33.6645, 30 Sep 2018 14:14:55
  8.5316,  3.54638,   39.918, 0.0097, 0.0097,  33.6642, 30 Sep 2018 14:14:57
  8.5271,  3.54602,   40.351, 0.0099, 0.0103,  33.6646, 30 Sep 2018 14:14:59
  8.5260,  3.54584,   40.792, 0.0107, 0.0099,  33.6635, 30 Sep 2018 14:15:02
  8.5103,  3.54518,   41.244, 0.0100, 0.0111,  33.6713, 30 Sep 2018 14:15:04
  8.4852,  3.54379,   41.687, 0.0098, 0.0102,  33.6805, 30 Sep 2018 14:15:06
  8.4753,  3.54342,   42.120, 0.0102, 0.0104,  33.6857, 30 Sep 2018 14:15:09
  8.4696,  3.54292,   42.537, 0.0101, 0.0097,  33.6857, 30 Sep 2018 14:15:11
  8.4712,  3.54295,   42.949, 0.0098, 0.0109,  33.6842, 30 Sep 2018 14:15:13
  8.4434,  3.54140,   43.379, 0.0097, 0.0100,  33.6942, 30 Sep 2018 14:15:16
  8.4371,  3.54108,   43.830, 0.0097, 0.0106,  33.6967, 30 Sep 2018 14:15:18
  8.4351,  3.54089,   44.244, 0.0102, 0.0104,  33.6964, 30 Sep 2018 14:15:20
  8.4361,  3.54108,   44.285, 0.0106, 0.0104,  33.6974, 30 Sep 2018 14:15:23
  8.4520,  3.54193,   44.291, 0.0100, 0.0106,  33.6912, 30 Sep 2018 14:15:25
  8.4565,  3.54216,   44.311, 0.0100, 0.0105,  33.6894, 30 Sep 2018 14:15:28
