
---  10-01-18 07:11:29 ---
  8.7300,  3.55798,   43.207, 0.0103, 0.0106,  33.5960, 01 Oct 2018 07:11:57
 11.1219,  3.73115,   16.264, 0.0101, 0.0107,  33.1598, 01 Oct 2018 07:18:10
 10.9746,  3.72100,   16.327, 0.0101, 0.0115,  33.1921, 01 Oct 2018 07:18:13
 11.0032,  3.72338,   16.243, 0.0098, 0.0107,  33.1899, 01 Oct 2018 07:18:15
 11.0344,  3.72468,   16.104, 0.0092, 0.0106,  33.1746, 01 Oct 2018 07:18:17
 10.9999,  3.72113,   16.137, 0.0113, 0.0102,  33.1706, 01 Oct 2018 07:18:20
 10.9175,  3.71557,   16.278, 0.0104, 0.0110,  33.1899, 01 Oct 2018 07:18:22
 10.8545,  3.71125,   16.278, 0.0103, 0.0100,  33.2040, 01 Oct 2018 07:18:25
 10.8799,  3.71298,   16.214, 0.0101, 0.0099,  33.1983, 01 Oct 2018 07:18:27
 10.8622,  3.71128,   16.174, 0.0092, 0.0104,  33.1974, 01 Oct 2018 07:18:29
 10.8208,  3.70839,   16.163, 0.0098, 0.0102,  33.2061, 01 Oct 2018 07:18:32
 10.8051,  3.70709,   16.234, 0.0098, 0.0107,  33.2075, 01 Oct 2018 07:18:34
 10.7903,  3.70602,   16.277, 0.0097, 0.0099,  33.2102, 01 Oct 2018 07:18:37
 10.7916,  3.70598,   16.162, 0.0093, 0.0100,  33.2086, 01 Oct 2018 07:18:39
 10.7904,  3.70574,   16.141, 0.0095, 0.0107,  33.2074, 01 Oct 2018 07:18:41
 10.7754,  3.70451,   16.117, 0.0097, 0.0101,  33.2087, 01 Oct 2018 07:18:44
 10.6978,  3.69850,   16.279, 0.0106, 0.0096,  33.2192, 01 Oct 2018 07:18:46
 10.6906,  3.69828,   16.213, 0.0093, 0.0102,  33.2235, 01 Oct 2018 07:18:49
 10.7409,  3.70169,   16.161, 0.0096, 0.0108,  33.2119, 01 Oct 2018 07:18:51
 10.6992,  3.69801,   16.253, 0.0096, 0.0096,  33.2130, 01 Oct 2018 07:18:53
 10.6687,  3.69587,   16.324, 0.0097, 0.0107,  33.2193, 01 Oct 2018 07:18:56
 10.6290,  3.69365,   16.328, 0.0096, 0.0099,  33.2332, 01 Oct 2018 07:18:58
 10.6668,  3.69607,   16.181, 0.0099, 0.0103,  33.2230, 01 Oct 2018 07:19:00
 10.6266,  3.69240,   16.215, 0.0105, 0.0101,  33.2229, 01 Oct 2018 07:19:03
 10.6124,  3.69133,   16.217, 0.0099, 0.0098,  33.2251, 01 Oct 2018 07:19:05
 10.5887,  3.68919,   16.266, 0.0095, 0.0103,  33.2253, 01 Oct 2018 07:19:08
 10.5734,  3.68839,   16.206, 0.0107, 0.0110,  33.2312, 01 Oct 2018 07:19:10
 10.5758,  3.68853,   16.171, 0.0102, 0.0098,  33.2305, 01 Oct 2018 07:19:12
 10.5211,  3.68393,   16.219, 0.0096, 0.0101,  33.2341, 01 Oct 2018 07:19:15
 10.4882,  3.68165,   16.178, 0.0094, 0.0097,  33.2414, 01 Oct 2018 07:19:17
 10.5158,  3.68360,   16.122, 0.0090, 0.0117,  33.2358, 01 Oct 2018 07:19:20
 10.5132,  3.68349,   16.097, 0.0099, 0.0103,  33.2371, 01 Oct 2018 07:19:22
 10.4995,  3.68213,   16.091, 0.0103, 0.0102,  33.2359, 01 Oct 2018 07:19:24
 10.4682,  3.67974,   16.158, 0.0095, 0.0102,  33.2404, 01 Oct 2018 07:19:27
 10.4765,  3.68039,   16.106, 0.0091, 0.0098,  33.2393, 01 Oct 2018 07:19:29
 10.4729,  3.67976,   16.164, 0.0095, 0.0104,  33.2363, 01 Oct 2018 07:19:31
 10.4331,  3.67683,   16.239, 0.0096, 0.0099,  33.2432, 01 Oct 2018 07:19:34
 10.4671,  3.67968,   16.205, 0.0097, 0.0104,  33.2408, 01 Oct 2018 07:19:36
 10.4595,  3.67852,   16.160, 0.0098, 0.0096,  33.2361, 01 Oct 2018 07:19:39
 10.4628,  3.67885,   16.152, 0.0096, 0.0105,  33.2364, 01 Oct 2018 07:19:41
 10.4699,  3.67934,   16.061, 0.0095, 0.0098,  33.2349, 01 Oct 2018 07:19:43
 10.4734,  3.67955,   16.044, 0.0103, 0.0097,  33.2338, 01 Oct 2018 07:19:46
 10.4662,  3.67898,   16.135, 0.0100, 0.0102,  33.2346, 01 Oct 2018 07:19:48
 10.4099,  3.67443,   16.319, 0.0101, 0.0111,  33.2402, 01 Oct 2018 07:19:51
 10.3951,  3.67348,   16.267, 0.0096, 0.0104,  33.2441, 01 Oct 2018 07:19:53
 10.4369,  3.67685,   16.216, 0.0101, 0.0101,  33.2400, 01 Oct 2018 07:19:55
 10.4417,  3.67670,   16.108, 0.0100, 0.0106,  33.2341, 01 Oct 2018 07:19:58
 10.4499,  3.67749,   16.070, 0.0099, 0.0112,  33.2345, 01 Oct 2018 07:20:00
 10.4416,  3.67677,   16.107, 0.0094, 0.0105,  33.2349, 01 Oct 2018 07:20:02
 10.4414,  3.67676,   16.082, 0.0101, 0.0107,  33.2350, 01 Oct 2018 07:20:05
 10.4185,  3.67465,   16.292, 0.0112, 0.0106,  33.2346, 01 Oct 2018 07:20:07
 10.3831,  3.67211,   16.386, 0.0094, 0.0104,  33.2413, 01 Oct 2018 07:20:10
 10.4112,  3.67469,   16.329, 0.0098, 0.0104,  33.2417, 01 Oct 2018 07:20:12
 10.4099,  3.67425,   16.176, 0.0096, 0.0103,  33.2384, 01 Oct 2018 07:20:14
 10.4308,  3.67588,   15.988, 0.0096, 0.0096,  33.2359, 01 Oct 2018 07:20:17
 10.4145,  3.67450,   16.127, 0.0104, 0.0107,  33.2368, 01 Oct 2018 07:20:19
 10.4039,  3.67373,   16.282, 0.0103, 0.0107,  33.2387, 01 Oct 2018 07:20:22
 10.4020,  3.67358,   16.256, 0.0103, 0.0102,  33.2389, 01 Oct 2018 07:20:24
 10.4017,  3.67345,   16.208, 0.0105, 0.0100,  33.2378, 01 Oct 2018 07:20:26
 10.4088,  3.67396,   16.155, 0.0103, 0.0104,  33.2365, 01 Oct 2018 07:20:29
 10.4045,  3.67355,   16.252, 0.0104, 0.0097,  33.2363, 01 Oct 2018 07:20:31
 10.3960,  3.67294,   16.195, 0.0109, 0.0106,  33.2380, 01 Oct 2018 07:20:33
 10.4071,  3.67382,   16.094, 0.0099, 0.0108,  33.2368, 01 Oct 2018 07:20:36
 10.4160,  3.67447,   16.025, 0.0101, 0.0104,  33.2352, 01 Oct 2018 07:20:38
 10.4312,  3.67564,   16.024, 0.0106, 0.0104,  33.2330, 01 Oct 2018 07:20:41
 10.4467,  3.67690,   16.147, 0.0103, 0.0100,  33.2315, 01 Oct 2018 07:20:43
 10.4428,  3.67652,   16.183, 0.0099, 0.0102,  33.2312, 01 Oct 2018 07:20:45
 10.4437,  3.67660,   16.124, 0.0104, 0.0104,  33.2312, 01 Oct 2018 07:20:48
 10.4361,  3.67604,   16.153, 0.0103, 0.0115,  33.2325, 01 Oct 2018 07:20:50
 10.4336,  3.67590,   16.170, 0.0104, 0.0108,  33.2335, 01 Oct 2018 07:20:52
 10.4340,  3.67589,   16.126, 0.0100, 0.0107,  33.2330, 01 Oct 2018 07:20:55
 10.4383,  3.67631,   16.061, 0.0102, 0.0104,  33.2333, 01 Oct 2018 07:20:57
 10.4446,  3.67663,   16.074, 0.0097, 0.0110,  33.2307, 01 Oct 2018 07:21:00
 10.4451,  3.67674,   16.167, 0.0104, 0.0099,  33.2314, 01 Oct 2018 07:21:02
 10.4410,  3.67640,   16.138, 0.0100, 0.0103,  33.2317, 01 Oct 2018 07:21:04
 10.4548,  3.67720,   16.260, 0.0101, 0.0105,  33.2270, 01 Oct 2018 07:21:07
 10.4962,  3.68080,   16.287, 0.0103, 0.0112,  33.2255, 01 Oct 2018 07:21:09
 10.4757,  3.67892,   16.176, 0.0104, 0.0106,  33.2253, 01 Oct 2018 07:21:12
 10.4666,  3.67841,   16.068, 0.0099, 0.0098,  33.2285, 01 Oct 2018 07:21:14
 10.5002,  3.68097,   15.972, 0.0105, 0.0101,  33.2237, 01 Oct 2018 07:21:16
 10.5103,  3.68190,   16.093, 0.0100, 0.0112,  33.2238, 01 Oct 2018 07:21:19
 10.4805,  3.67924,   16.224, 0.0104, 0.0107,  33.2241, 01 Oct 2018 07:21:21
 10.4874,  3.68013,   16.212, 0.0102, 0.0101,  33.2268, 01 Oct 2018 07:21:24
 10.5012,  3.68112,   16.153, 0.0110, 0.0105,  33.2242, 01 Oct 2018 07:21:26
 10.5147,  3.68123,   16.271, 0.0105, 0.0110,  33.2130, 01 Oct 2018 07:21:28
 10.5634,  3.68552,   16.261, 0.0098, 0.0101,  33.2115, 01 Oct 2018 07:21:31
 10.5779,  3.68670,   16.048, 0.0102, 0.0100,  33.2103, 01 Oct 2018 07:21:33
 10.5961,  3.68796,   16.006, 0.0099, 0.0105,  33.2063, 01 Oct 2018 07:21:35
 10.6717,  3.69416,   16.079, 0.0098, 0.0107,  33.1996, 01 Oct 2018 07:21:38
 10.6436,  3.69169,   16.190, 0.0106, 0.0097,  33.2004, 01 Oct 2018 07:21:40
 10.6765,  3.69428,   16.210, 0.0111, 0.0101,  33.1963, 01 Oct 2018 07:21:43
 10.6799,  3.69468,   16.187, 0.0106, 0.0102,  33.1973, 01 Oct 2018 07:21:45
 10.7184,  3.69811,   16.226, 0.0100, 0.0115,  33.1966, 01 Oct 2018 07:21:47
 10.7324,  3.69886,   16.204, 0.0109, 0.0109,  33.1912, 01 Oct 2018 07:21:50
 10.7187,  3.69792,   16.127, 0.0104, 0.0103,  33.1943, 01 Oct 2018 07:21:52
 10.7318,  3.69907,   15.985, 0.0104, 0.0101,  33.1940, 01 Oct 2018 07:21:55
 10.7882,  3.70301,   16.115, 0.0101, 0.0108,  33.1820, 01 Oct 2018 07:21:57
 10.8385,  3.70723,   16.163, 0.0096, 0.0103,  33.1786, 01 Oct 2018 07:21:59
 10.8170,  3.70527,   16.161, 0.0101, 0.0100,  33.1785, 01 Oct 2018 07:22:02
 10.8518,  3.70805,   16.212, 0.0108, 0.0100,  33.1746, 01 Oct 2018 07:22:04
 10.8594,  3.70875,   16.215, 0.0099, 0.0115,  33.1747, 01 Oct 2018 07:22:07
 10.8633,  3.70895,   16.173, 0.0104, 0.0101,  33.1732, 01 Oct 2018 07:22:09
 10.8599,  3.70867,   16.057, 0.0103, 0.0107,  33.1736, 01 Oct 2018 07:22:11
 10.9060,  3.71173,   16.085, 0.0113, 0.0106,  33.1622, 01 Oct 2018 07:22:14
 10.9860,  3.71766,   16.098, 0.0103, 0.0102,  33.1488, 01 Oct 2018 07:22:16
 11.0568,  3.72295,   16.164, 0.0102, 0.0107,  33.1373, 01 Oct 2018 07:22:18
 11.1124,  3.72668,   16.181, 0.0103, 0.0104,  33.1241, 01 Oct 2018 07:22:21
 11.1104,  3.72665,   16.195, 0.0107, 0.0107,  33.1257, 01 Oct 2018 07:22:23
 11.1708,  3.73117,   16.257, 0.0101, 0.0100,  33.1159, 01 Oct 2018 07:22:26
 11.1444,  3.72910,   16.093, 0.0108, 0.0106,  33.1192, 01 Oct 2018 07:22:28
 11.2369,  3.73652,   16.187, 0.0104, 0.0105,  33.1092, 01 Oct 2018 07:22:30
 11.2735,  3.73823,   16.271, 0.0106, 0.0112,  33.0932, 01 Oct 2018 07:22:33
 11.3092,  3.74145,   16.156, 0.0109, 0.0101,  33.0929, 01 Oct 2018 07:22:35
 11.4662,  3.75320,   16.071, 0.0104, 0.0111,  33.0678, 01 Oct 2018 07:22:38
 11.4998,  3.75533,   16.096, 0.0109, 0.0102,  33.0586, 01 Oct 2018 07:22:40
 11.5563,  3.76007,   16.239, 0.0102, 0.0097,  33.0545, 01 Oct 2018 07:22:42
 11.5935,  3.76203,   16.375, 0.0103, 0.0104,  33.0404, 01 Oct 2018 07:22:45
 11.5827,  3.76176,   16.235, 0.0114, 0.0114,  33.0474, 01 Oct 2018 07:22:47
 11.6007,  3.76344,   16.127, 0.0096, 0.0104,  33.0479, 01 Oct 2018 07:22:50
 11.6502,  3.76768,   16.042, 0.0103, 0.0102,  33.0452, 01 Oct 2018 07:22:52
 11.7541,  3.77519,   16.068, 0.0104, 0.0099,  33.0260, 01 Oct 2018 07:22:54
 11.8053,  3.77844,   16.156, 0.0098, 0.0109,  33.0121, 01 Oct 2018 07:22:57
 11.8130,  3.77917,   16.203, 0.0103, 0.0102,  33.0124, 01 Oct 2018 07:22:59
 11.8157,  3.77953,   16.247, 0.0104, 0.0102,  33.0134, 01 Oct 2018 07:23:01
 11.8140,  3.77982,   16.191, 0.0103, 0.0099,  33.0177, 01 Oct 2018 07:23:04
 11.8153,  3.78008,   16.137, 0.0104, 0.0114,  33.0192, 01 Oct 2018 07:23:06
 11.8112,  3.77991,   16.023, 0.0097, 0.0102,  33.0212, 01 Oct 2018 07:23:09
 11.8347,  3.78135,   16.156, 0.0096, 0.0104,  33.0142, 01 Oct 2018 07:23:11
 11.8349,  3.78129,   16.187, 0.0109, 0.0106,  33.0134, 01 Oct 2018 07:23:13
 11.8445,  3.78188,   16.179, 0.0111, 0.0107,  33.0107, 01 Oct 2018 07:23:16
 11.8472,  3.78218,   16.145, 0.0099, 0.0100,  33.0112, 01 Oct 2018 07:23:18
 11.8517,  3.78267,   16.182, 0.0109, 0.0099,  33.0120, 01 Oct 2018 07:23:21
 11.8537,  3.78291,   16.227, 0.0104, 0.0100,  33.0126, 01 Oct 2018 07:23:23
 11.8463,  3.78241,   16.144, 0.0101, 0.0107,  33.0143, 01 Oct 2018 07:23:25
 11.8468,  3.78274,   16.149, 0.0108, 0.0102,  33.0170, 01 Oct 2018 07:23:28
 11.8442,  3.78260,   16.067, 0.0104, 0.0104,  33.0180, 01 Oct 2018 07:23:30
 11.8554,  3.78339,   16.139, 0.0099, 0.0104,  33.0157, 01 Oct 2018 07:23:32
 11.8530,  3.78317,   16.112, 0.0104, 0.0101,  33.0157, 01 Oct 2018 07:23:35
 11.8576,  3.78364,   16.239, 0.0102, 0.0110,  33.0161, 01 Oct 2018 07:23:37
 11.8582,  3.78369,   16.325, 0.0104, 0.0105,  33.0160, 01 Oct 2018 07:23:40
 11.8534,  3.78343,   16.197, 0.0100, 0.0106,  33.0178, 01 Oct 2018 07:23:42
 11.8465,  3.78332,   16.135, 0.0101, 0.0111,  33.0229, 01 Oct 2018 07:23:44
 11.8433,  3.78325,   16.166, 0.0107, 0.0112,  33.0251, 01 Oct 2018 07:23:47
 11.8445,  3.78332,   16.160, 0.0113, 0.0101,  33.0247, 01 Oct 2018 07:23:49
 11.8439,  3.78309,   16.021, 0.0107, 0.0104,  33.0230, 01 Oct 2018 07:23:52
 11.8462,  3.78346,   16.140, 0.0105, 0.0111,  33.0246, 01 Oct 2018 07:23:54
 11.8388,  3.78322,   16.249, 0.0106, 0.0110,  33.0287, 01 Oct 2018 07:23:56
 11.8363,  3.78294,   16.266, 0.0098, 0.0102,  33.0283, 01 Oct 2018 07:23:59
 11.8382,  3.78312,   16.168, 0.0097, 0.0101,  33.0283, 01 Oct 2018 07:24:01
 11.8278,  3.78279,   16.163, 0.0102, 0.0099,  33.0343, 01 Oct 2018 07:24:03
 11.8176,  3.78228,   16.128, 0.0103, 0.0111,  33.0385, 01 Oct 2018 07:24:06
 11.8217,  3.78237,   15.961, 0.0103, 0.0101,  33.0358, 01 Oct 2018 07:24:08
 11.8213,  3.78253,   16.034, 0.0101, 0.0097,  33.0376, 01 Oct 2018 07:24:10
 11.8092,  3.78179,   16.301, 0.0103, 0.0104,  33.0411, 01 Oct 2018 07:24:13
 11.7448,  3.77716,   16.337, 0.0107, 0.0110,  33.0533, 01 Oct 2018 07:24:15
 11.7861,  3.78028,   16.222, 0.0101, 0.0107,  33.0470, 01 Oct 2018 07:24:18
 11.7834,  3.77992,   16.036, 0.0102, 0.0101,  33.0460, 01 Oct 2018 07:24:20
 11.6599,  3.77073,   16.010, 0.0094, 0.0100,  33.0664, 01 Oct 2018 07:24:22
 11.6441,  3.77005,   16.170, 0.0098, 0.0108,  33.0737, 01 Oct 2018 07:24:25
 11.5955,  3.76656,   16.191, 0.0094, 0.0100,  33.0831, 01 Oct 2018 07:24:27
 11.5927,  3.76621,   16.113, 0.0094, 0.0106,  33.0821, 01 Oct 2018 07:24:29
 11.5451,  3.76274,   16.070, 0.0105, 0.0099,  33.0907, 01 Oct 2018 07:24:32
 11.4279,  3.75400,   16.118, 0.0102, 0.0112,  33.1099, 01 Oct 2018 07:24:34
 11.3931,  3.75147,   16.166, 0.0112, 0.0106,  33.1162, 01 Oct 2018 07:24:37
 11.3928,  3.75174,   16.041, 0.0099, 0.0103,  33.1192, 01 Oct 2018 07:24:39
 11.3592,  3.74835,   16.024, 0.0103, 0.0101,  33.1160, 01 Oct 2018 07:24:41
 11.2449,  3.74027,   16.107, 0.0116, 0.0108,  33.1391, 01 Oct 2018 07:24:44
 11.1119,  3.73096,   16.218, 0.0104, 0.0102,  33.1668, 01 Oct 2018 07:24:46
 11.1478,  3.73414,   16.130, 0.0098, 0.0095,  33.1660, 01 Oct 2018 07:24:49
 11.2176,  3.73842,   15.983, 0.0101, 0.0105,  33.1455, 01 Oct 2018 07:24:51
 11.1438,  3.73197,   15.930, 0.0098, 0.0118,  33.1483, 01 Oct 2018 07:24:53
 11.0797,  3.72838,   16.088, 0.0098, 0.0104,  33.1705, 01 Oct 2018 07:24:56
 11.0716,  3.72796,   16.147, 0.0098, 0.0101,  33.1736, 01 Oct 2018 07:24:58
 11.0696,  3.72743,   16.189, 0.0104, 0.0104,  33.1701, 01 Oct 2018 07:25:00
 11.0610,  3.72654,   16.122, 0.0101, 0.0105,  33.1691, 01 Oct 2018 07:25:03
 11.0840,  3.72822,   15.959, 0.0099, 0.0113,  33.1650, 01 Oct 2018 07:25:05
 10.9839,  3.72103,   16.018, 0.0102, 0.0100,  33.1842, 01 Oct 2018 07:25:08
 10.9061,  3.71536,   16.079, 0.0105, 0.0098,  33.1982, 01 Oct 2018 07:25:10
 10.9256,  3.71687,   16.058, 0.0102, 0.0106,  33.1956, 01 Oct 2018 07:25:12
 10.9602,  3.71923,   16.083, 0.0120, 0.0112,  33.1877, 01 Oct 2018 07:25:15
 10.8958,  3.71397,   16.060, 0.0098, 0.0106,  33.1938, 01 Oct 2018 07:25:17
 10.8390,  3.70924,   16.072, 0.0102, 0.0101,  33.1981, 01 Oct 2018 07:25:20
 10.8163,  3.70834,   16.059, 0.0097, 0.0106,  33.2098, 01 Oct 2018 07:25:22
 10.8245,  3.70886,   15.980, 0.0096, 0.0113,  33.2075, 01 Oct 2018 07:25:24
 10.7920,  3.70591,   16.044, 0.0096, 0.0101,  33.2076, 01 Oct 2018 07:25:27
 10.8095,  3.70744,   15.978, 0.0106, 0.0107,  33.2071, 01 Oct 2018 07:25:29
 10.8255,  3.70843,   15.963, 0.0097, 0.0098,  33.2023, 01 Oct 2018 07:25:31
 10.7979,  3.70604,   16.021, 0.0096, 0.0111,  33.2035, 01 Oct 2018 07:25:34
 10.7608,  3.70276,   16.101, 0.0098, 0.0102,  33.2044, 01 Oct 2018 07:25:36
 10.7343,  3.70113,   16.127, 0.0102, 0.0101,  33.2122, 01 Oct 2018 07:25:39
 10.7053,  3.69863,   15.999, 0.0100, 0.0101,  33.2138, 01 Oct 2018 07:25:41
 10.7162,  3.69942,   15.979, 0.0099, 0.0110,  33.2116, 01 Oct 2018 07:25:43
 10.6408,  3.69373,   15.932, 0.0094, 0.0102,  33.2234, 01 Oct 2018 07:25:46
 10.6795,  3.69675,   15.880, 0.0102, 0.0104,  33.2185, 01 Oct 2018 07:25:48
 10.6683,  3.69559,   15.973, 0.0114, 0.0098,  33.2170, 01 Oct 2018 07:25:50
 10.6501,  3.69390,   16.047, 0.0101, 0.0110,  33.2167, 01 Oct 2018 07:25:53
 10.6519,  3.69432,   16.105, 0.0097, 0.0101,  33.2192, 01 Oct 2018 07:25:55
 10.6650,  3.69528,   16.008, 0.0110, 0.0104,  33.2169, 01 Oct 2018 07:25:58
 10.6754,  3.69608,   15.902, 0.0094, 0.0107,  33.2154, 01 Oct 2018 07:26:00
 10.6679,  3.69530,   15.858, 0.0102, 0.0108,  33.2145, 01 Oct 2018 07:26:02
 10.6440,  3.69349,   15.900, 0.0102, 0.0105,  33.2182, 01 Oct 2018 07:26:05
 10.6350,  3.69271,   15.949, 0.0096, 0.0104,  33.2185, 01 Oct 2018 07:26:07
 10.6348,  3.69271,   15.956, 0.0104, 0.0104,  33.2187, 01 Oct 2018 07:26:09
 10.6272,  3.69186,   15.995, 0.0101, 0.0109,  33.2171, 01 Oct 2018 07:26:12
 10.6328,  3.69248,   15.907, 0.0103, 0.0099,  33.2183, 01 Oct 2018 07:26:14
 10.6322,  3.69236,   16.019, 0.0104, 0.0100,  33.2176, 01 Oct 2018 07:26:17
 10.6289,  3.69194,   15.990, 0.0100, 0.0104,  33.2163, 01 Oct 2018 07:26:19
 10.6355,  3.69251,   15.943, 0.0098, 0.0100,  33.2160, 01 Oct 2018 07:26:21
 10.6355,  3.69238,   15.924, 0.0099, 0.0112,  33.2148, 01 Oct 2018 07:26:24
 10.6299,  3.69184,   16.030, 0.0098, 0.0099,  33.2144, 01 Oct 2018 07:26:26
 10.6318,  3.69207,   15.975, 0.0119, 0.0101,  33.2150, 01 Oct 2018 07:26:29
 10.6454,  3.69306,   15.868, 0.0101, 0.0102,  33.2125, 01 Oct 2018 07:26:31
 10.6401,  3.69268,   15.967, 0.0104, 0.0109,  33.2136, 01 Oct 2018 07:26:33
 10.6304,  3.69172,   16.022, 0.0104, 0.0097,  33.2127, 01 Oct 2018 07:26:36
 10.6323,  3.69208,   16.003, 0.0103, 0.0106,  33.2146, 01 Oct 2018 07:26:38
 10.6449,  3.69296,   15.902, 0.0101, 0.0098,  33.2120, 01 Oct 2018 07:26:40
 10.6600,  3.69399,   15.868, 0.0098, 0.0110,  33.2086, 01 Oct 2018 07:26:43
 10.6613,  3.69402,   15.906, 0.0102, 0.0103,  33.2077, 01 Oct 2018 07:26:45
 10.6527,  3.69342,   15.938, 0.0099, 0.0098,  33.2095, 01 Oct 2018 07:26:48
 10.6519,  3.69337,   15.983, 0.0108, 0.0099,  33.2098, 01 Oct 2018 07:26:50
 10.6467,  3.69298,   16.014, 0.0095, 0.0110,  33.2104, 01 Oct 2018 07:26:52
 10.6595,  3.69397,   16.048, 0.0102, 0.0106,  33.2087, 01 Oct 2018 07:26:55
 10.6725,  3.69484,   16.054, 0.0097, 0.0101,  33.2056, 01 Oct 2018 07:26:57
 10.6765,  3.69528,   15.952, 0.0104, 0.0103,  33.2065, 01 Oct 2018 07:27:00
 10.6930,  3.69629,   15.951, 0.0102, 0.0112,  33.2015, 01 Oct 2018 07:27:02
 10.6908,  3.69617,   15.910, 0.0110, 0.0116,  33.2024, 01 Oct 2018 07:27:04
 10.6857,  3.69601,   15.966, 0.0099, 0.0108,  33.2054, 01 Oct 2018 07:27:07
 10.7130,  3.69804,   16.044, 0.0107, 0.0097,  33.2009, 01 Oct 2018 07:27:09
 10.7036,  3.69716,   15.971, 0.0106, 0.0116,  33.2006, 01 Oct 2018 07:27:11
 10.6982,  3.69705,   16.023, 0.0097, 0.0099,  33.2043, 01 Oct 2018 07:27:14
 10.7126,  3.69805,   16.044, 0.0098, 0.0105,  33.2012, 01 Oct 2018 07:27:16
 10.7155,  3.69815,   15.985, 0.0099, 0.0099,  33.1996, 01 Oct 2018 07:27:19
 10.7309,  3.69946,   15.939, 0.0099, 0.0112,  33.1988, 01 Oct 2018 07:27:21
 10.7315,  3.69929,   15.912, 0.0106, 0.0099,  33.1966, 01 Oct 2018 07:27:23
 10.7846,  3.70365,   16.014, 0.0096, 0.0098,  33.1918, 01 Oct 2018 07:27:26
 10.8026,  3.70477,   16.081, 0.0103, 0.0104,  33.1866, 01 Oct 2018 07:27:28
 10.8051,  3.70488,   16.026, 0.0101, 0.0114,  33.1855, 01 Oct 2018 07:27:31
 10.8436,  3.70826,   16.056, 0.0102, 0.0101,  33.1842, 01 Oct 2018 07:27:33
 10.8175,  3.70573,   16.016, 0.0097, 0.0100,  33.1827, 01 Oct 2018 07:27:35
 10.8519,  3.70850,   15.965, 0.0118, 0.0100,  33.1791, 01 Oct 2018 07:27:38
 10.8398,  3.70746,   15.902, 0.0104, 0.0112,  33.1797, 01 Oct 2018 07:27:40
 10.8813,  3.71079,   16.017, 0.0093, 0.0098,  33.1753, 01 Oct 2018 07:27:42
 10.8912,  3.71152,   16.136, 0.0104, 0.0096,  33.1735, 01 Oct 2018 07:27:45
 10.9008,  3.71214,   16.102, 0.0098, 0.0104,  33.1709, 01 Oct 2018 07:27:47
 10.9160,  3.71317,   15.984, 0.0097, 0.0096,  33.1675, 01 Oct 2018 07:27:50
 10.9648,  3.71682,   16.003, 0.0103, 0.0114,  33.1596, 01 Oct 2018 07:27:52
 10.9893,  3.71827,   16.039, 0.0105, 0.0095,  33.1518, 01 Oct 2018 07:27:54
 11.0122,  3.72011,   16.021, 0.0102, 0.0105,  33.1495, 01 Oct 2018 07:27:57
 11.0227,  3.72072,   16.002, 0.0100, 0.0099,  33.1461, 01 Oct 2018 07:27:59
 11.0724,  3.72504,   15.952, 0.0098, 0.0112,  33.1440, 01 Oct 2018 07:28:02
 11.2579,  3.73727,   16.034, 0.0094, 0.0099,  33.0979, 01 Oct 2018 07:28:04
 11.2402,  3.73586,   16.048, 0.0097, 0.0099,  33.0998, 01 Oct 2018 07:28:06
 11.2072,  3.73380,   15.985, 0.0098, 0.0102,  33.1091, 01 Oct 2018 07:28:09
 11.3757,  3.74650,   16.020, 0.0115, 0.0108,  33.0829, 01 Oct 2018 07:28:11
 11.3902,  3.74736,   16.076, 0.0099, 0.0096,  33.0785, 01 Oct 2018 07:28:13
 11.4278,  3.75040,   16.089, 0.0095, 0.0105,  33.0746, 01 Oct 2018 07:28:16
 11.4086,  3.74899,   16.000, 0.0099, 0.0107,  33.0781, 01 Oct 2018 07:28:18
 11.4803,  3.75523,   15.976, 0.0103, 0.0110,  33.0751, 01 Oct 2018 07:28:21
 11.5029,  3.75651,   15.973, 0.0094, 0.0108,  33.0675, 01 Oct 2018 07:28:23
 11.5474,  3.75921,   16.082, 0.0094, 0.0103,  33.0541, 01 Oct 2018 07:28:25
 11.5714,  3.76146,   16.086, 0.0102, 0.0102,  33.0546, 01 Oct 2018 07:28:28
 11.6045,  3.76398,   16.036, 0.0106, 0.0114,  33.0498, 01 Oct 2018 07:28:30
 11.5986,  3.76386,   16.010, 0.0096, 0.0102,  33.0539, 01 Oct 2018 07:28:32
 11.6037,  3.76456,   16.028, 0.0095, 0.0100,  33.0562, 01 Oct 2018 07:28:35
 11.5984,  3.76443,   16.014, 0.0102, 0.0096,  33.0597, 01 Oct 2018 07:28:37
 11.6487,  3.76780,   16.067, 0.0098, 0.0110,  33.0476, 01 Oct 2018 07:28:40
 11.6498,  3.76767,   15.950, 0.0104, 0.0102,  33.0455, 01 Oct 2018 07:28:42
 11.6741,  3.76999,   15.970, 0.0108, 0.0100,  33.0464, 01 Oct 2018 07:28:44
 11.6750,  3.76989,   16.024, 0.0100, 0.0110,  33.0446, 01 Oct 2018 07:28:47
 11.6828,  3.77088,   16.204, 0.0098, 0.0115,  33.0473, 01 Oct 2018 07:28:49
 11.6832,  3.77070,   16.124, 0.0095, 0.0100,  33.0453, 01 Oct 2018 07:28:52
 11.6968,  3.77195,   16.060, 0.0094, 0.0099,  33.0454, 01 Oct 2018 07:28:54
 11.6921,  3.77162,   15.997, 0.0098, 0.0102,  33.0464, 01 Oct 2018 07:28:56
 11.7053,  3.77271,   16.046, 0.0104, 0.0108,  33.0452, 01 Oct 2018 07:28:59
 11.7074,  3.77291,   16.013, 0.0101, 0.0096,  33.0453, 01 Oct 2018 07:29:01
 11.7232,  3.77410,   15.978, 0.0102, 0.0100,  33.0429, 01 Oct 2018 07:29:03
 11.7449,  3.77580,   16.073, 0.0105, 0.0097,  33.0400, 01 Oct 2018 07:29:06
 11.7529,  3.77636,   16.181, 0.0104, 0.0100,  33.0383, 01 Oct 2018 07:29:08
 11.7506,  3.77626,   16.054, 0.0100, 0.0112,  33.0395, 01 Oct 2018 07:29:11
 11.7452,  3.77591,   15.901, 0.0105, 0.0104,  33.0409, 01 Oct 2018 07:29:13
 11.7544,  3.77686,   15.923, 0.0111, 0.0101,  33.0420, 01 Oct 2018 07:29:15
 11.7707,  3.77805,   16.080, 0.0100, 0.0096,  33.0391, 01 Oct 2018 07:29:18
 11.7719,  3.77810,   16.108, 0.0106, 0.0114,  33.0384, 01 Oct 2018 07:29:20
 11.7707,  3.77802,   15.934, 0.0095, 0.0105,  33.0388, 01 Oct 2018 07:29:23
 11.7607,  3.77739,   15.939, 0.0090, 0.0096,  33.0416, 01 Oct 2018 07:29:25
 11.7682,  3.77810,   16.161, 0.0102, 0.0096,  33.0417, 01 Oct 2018 07:29:27
 11.7320,  3.77539,   16.220, 0.0100, 0.0109,  33.0475, 01 Oct 2018 07:29:30
 11.7466,  3.77653,   16.111, 0.0096, 0.0101,  33.0457, 01 Oct 2018 07:29:32
 11.7034,  3.77373,   16.081, 0.0099, 0.0099,  33.0569, 01 Oct 2018 07:29:34
 11.6890,  3.77255,   16.003, 0.0106, 0.0105,  33.0582, 01 Oct 2018 07:29:37
 11.6788,  3.77179,   16.019, 0.0101, 0.0110,  33.0599, 01 Oct 2018 07:29:39
 11.6859,  3.77228,   15.995, 0.0093, 0.0104,  33.0583, 01 Oct 2018 07:29:42
 11.6576,  3.77028,   16.163, 0.0101, 0.0094,  33.0640, 01 Oct 2018 07:29:44
 11.6519,  3.77002,   16.158, 0.0096, 0.0097,  33.0665, 01 Oct 2018 07:29:46
 11.6404,  3.76924,   16.198, 0.0102, 0.0109,  33.0691, 01 Oct 2018 07:29:49
 11.5822,  3.76518,   16.175, 0.0117, 0.0098,  33.0814, 01 Oct 2018 07:29:51
 11.6095,  3.76709,   16.024, 0.0099, 0.0103,  33.0758, 01 Oct 2018 07:29:54
 11.5099,  3.75987,   16.041, 0.0092, 0.0101,  33.0941, 01 Oct 2018 07:29:56
 11.4294,  3.75443,   16.027, 0.0105, 0.0108,  33.1128, 01 Oct 2018 07:29:58
 11.4884,  3.75841,   16.035, 0.0099, 0.0095,  33.0991, 01 Oct 2018 07:30:01
 11.4924,  3.75821,   16.001, 0.0108, 0.0094,  33.0935, 01 Oct 2018 07:30:03
 11.4533,  3.75534,   16.064, 0.0099, 0.0105,  33.1003, 01 Oct 2018 07:30:05
 11.4028,  3.75184,   16.081, 0.0097, 0.0108,  33.1112, 01 Oct 2018 07:30:08
 11.4081,  3.75209,   16.090, 0.0102, 0.0100,  33.1090, 01 Oct 2018 07:30:10
 11.3845,  3.75031,   16.012, 0.0103, 0.0104,  33.1126, 01 Oct 2018 07:30:13
 11.4106,  3.75216,   15.963, 0.0106, 0.0098,  33.1074, 01 Oct 2018 07:30:15
 11.3022,  3.74383,   16.061, 0.0101, 0.0112,  33.1227, 01 Oct 2018 07:30:17
 11.3026,  3.74424,   16.000, 0.0090, 0.0099,  33.1264, 01 Oct 2018 07:30:20
 11.3495,  3.74771,   16.058, 0.0099, 0.0109,  33.1183, 01 Oct 2018 07:30:22
 11.3004,  3.74372,   16.105, 0.0114, 0.0104,  33.1232, 01 Oct 2018 07:30:25
 11.3116,  3.74453,   16.096, 0.0093, 0.0105,  33.1211, 01 Oct 2018 07:30:27
 11.2928,  3.74295,   16.106, 0.0106, 0.0097,  33.1225, 01 Oct 2018 07:30:29
 11.2567,  3.74044,   16.101, 0.0096, 0.0100,  33.1301, 01 Oct 2018 07:30:32
 11.2485,  3.73989,   16.040, 0.0098, 0.0098,  33.1321, 01 Oct 2018 07:30:34
 11.2778,  3.74193,   15.884, 0.0103, 0.0102,  33.1259, 01 Oct 2018 07:30:37
 11.1645,  3.73376,   16.125, 0.0095, 0.0101,  33.1471, 01 Oct 2018 07:30:39
 11.2040,  3.73678,   16.233, 0.0097, 0.0104,  33.1413, 01 Oct 2018 07:30:41
 11.2420,  3.73909,   16.077, 0.0103, 0.0103,  33.1301, 01 Oct 2018 07:30:44
 11.2156,  3.73687,   15.945, 0.0098, 0.0100,  33.1319, 01 Oct 2018 07:30:46
 11.1629,  3.73290,   16.044, 0.0097, 0.0114,  33.1401, 01 Oct 2018 07:30:49
 11.1344,  3.73139,   16.251, 0.0096, 0.0109,  33.1508, 01 Oct 2018 07:30:51
 11.1354,  3.73152,   16.223, 0.0095, 0.0097,  33.1512, 01 Oct 2018 07:30:53
 11.1506,  3.73247,   16.092, 0.0095, 0.0104,  33.1469, 01 Oct 2018 07:30:56
 11.1071,  3.72821,   15.968, 0.0093, 0.0104,  33.1441, 01 Oct 2018 07:30:58
 10.9601,  3.71883,   16.024, 0.0097, 0.0097,  33.1839, 01 Oct 2018 07:31:00
 10.9460,  3.71893,   16.068, 0.0114, 0.0096,  33.1976, 01 Oct 2018 07:31:03
 10.9709,  3.72002,   16.015, 0.0101, 0.0093,  33.1859, 01 Oct 2018 07:31:05
 10.9582,  3.71821,   15.992, 0.0096, 0.0116,  33.1795, 01 Oct 2018 07:31:08
 10.8886,  3.71293,   16.136, 0.0103, 0.0102,  33.1899, 01 Oct 2018 07:31:10
 10.8799,  3.71291,   16.105, 0.0094, 0.0105,  33.1976, 01 Oct 2018 07:31:12
 10.8954,  3.71377,   16.013, 0.0097, 0.0102,  33.1921, 01 Oct 2018 07:31:15
 10.8686,  3.71134,   15.988, 0.0095, 0.0105,  33.1922, 01 Oct 2018 07:31:17
 10.8271,  3.70798,   15.938, 0.0096, 0.0100,  33.1964, 01 Oct 2018 07:31:19
 10.8011,  3.70624,   15.977, 0.0096, 0.0098,  33.2026, 01 Oct 2018 07:31:22
 10.8102,  3.70718,   15.999, 0.0099, 0.0100,  33.2038, 01 Oct 2018 07:31:24
 10.7383,  3.70141,   16.127, 0.0098, 0.0104,  33.2114, 01 Oct 2018 07:31:27
 10.7225,  3.70017,   16.041, 0.0095, 0.0097,  33.2134, 01 Oct 2018 07:31:29
 10.7790,  3.70444,   16.035, 0.0094, 0.0099,  33.2048, 01 Oct 2018 07:31:31
 10.6977,  3.69790,   16.084, 0.0092, 0.0098,  33.2133, 01 Oct 2018 07:31:34
 10.6987,  3.69831,   15.914, 0.0099, 0.0103,  33.2166, 01 Oct 2018 07:31:36
 10.6915,  3.69744,   15.993, 0.0097, 0.0101,  33.2144, 01 Oct 2018 07:31:39
 10.6764,  3.69613,   15.993, 0.0111, 0.0095,  33.2150, 01 Oct 2018 07:31:41
 10.6669,  3.69552,   16.070, 0.0101, 0.0100,  33.2175, 01 Oct 2018 07:31:43
 10.6360,  3.69287,   16.150, 0.0101, 0.0104,  33.2190, 01 Oct 2018 07:31:46
 10.6496,  3.69427,   15.988, 0.0092, 0.0098,  33.2208, 01 Oct 2018 07:31:48
 10.6696,  3.69535,   15.891, 0.0096, 0.0099,  33.2134, 01 Oct 2018 07:31:50
 10.6129,  3.69058,   15.880, 0.0101, 0.0104,  33.2173, 01 Oct 2018 07:31:53
 10.5974,  3.69006,   15.961, 0.0096, 0.0104,  33.2262, 01 Oct 2018 07:31:55
 10.6025,  3.69012,   15.941, 0.0099, 0.0115,  33.2222, 01 Oct 2018 07:31:58
 10.6099,  3.69056,   15.930, 0.0101, 0.0101,  33.2198, 01 Oct 2018 07:32:00
 10.5925,  3.68919,   15.964, 0.0090, 0.0099,  33.2219, 01 Oct 2018 07:32:02
 10.5894,  3.68901,   15.921, 0.0101, 0.0093,  33.2230, 01 Oct 2018 07:32:05
 10.5964,  3.68946,   15.868, 0.0097, 0.0109,  33.2211, 01 Oct 2018 07:32:07
 10.5941,  3.68914,   15.861, 0.0094, 0.0102,  33.2200, 01 Oct 2018 07:32:10
 10.5594,  3.68628,   15.933, 0.0101, 0.0096,  33.2229, 01 Oct 2018 07:32:12
 10.5233,  3.68376,   16.027, 0.0094, 0.0101,  33.2305, 01 Oct 2018 07:32:14
 10.5451,  3.68563,   15.944, 0.0094, 0.0111,  33.2294, 01 Oct 2018 07:32:17
 10.5632,  3.68655,   15.873, 0.0116, 0.0115,  33.2222, 01 Oct 2018 07:32:19
 10.5331,  3.68413,   15.884, 0.0101, 0.0099,  33.2254, 01 Oct 2018 07:32:21
 10.5049,  3.68201,   15.888, 0.0098, 0.0100,  33.2299, 01 Oct 2018 07:32:24
 10.5101,  3.68246,   15.902, 0.0093, 0.0108,  33.2296, 01 Oct 2018 07:32:26
 10.5132,  3.68274,   15.895, 0.0100, 0.0103,  33.2296, 01 Oct 2018 07:32:29
 10.5125,  3.68260,   15.945, 0.0097, 0.0093,  33.2288, 01 Oct 2018 07:32:31
 10.5056,  3.68195,   15.945, 0.0097, 0.0101,  33.2286, 01 Oct 2018 07:32:33
 10.5236,  3.68352,   15.786, 0.0092, 0.0111,  33.2280, 01 Oct 2018 07:32:36
 10.5270,  3.68366,   15.808, 0.0092, 0.0096,  33.2263, 01 Oct 2018 07:32:38
 10.4951,  3.68089,   15.922, 0.0097, 0.0104,  33.2275, 01 Oct 2018 07:32:41
 10.4827,  3.68009,   15.950, 0.0102, 0.0100,  33.2308, 01 Oct 2018 07:32:43
 10.5011,  3.68160,   15.885, 0.0096, 0.0109,  33.2291, 01 Oct 2018 07:32:45
 10.5091,  3.68205,   15.767, 0.0094, 0.0107,  33.2265, 01 Oct 2018 07:32:48
 10.5037,  3.68151,   15.945, 0.0115, 0.0104,  33.2258, 01 Oct 2018 07:32:50
 10.4876,  3.68043,   16.044, 0.0098, 0.0095,  33.2297, 01 Oct 2018 07:32:52
 10.4931,  3.68083,   15.926, 0.0104, 0.0099,  33.2287, 01 Oct 2018 07:32:55
 10.4992,  3.68129,   15.835, 0.0095, 0.0101,  33.2278, 01 Oct 2018 07:32:57
 10.5002,  3.68126,   15.790, 0.0098, 0.0099,  33.2266, 01 Oct 2018 07:33:00
 10.4938,  3.68071,   15.830, 0.0102, 0.0106,  33.2269, 01 Oct 2018 07:33:02
 10.5021,  3.68153,   15.940, 0.0094, 0.0111,  33.2276, 01 Oct 2018 07:33:05
 10.4727,  3.67881,   16.039, 0.0096, 0.0107,  33.2270, 01 Oct 2018 07:33:07
 10.4841,  3.68005,   15.897, 0.0102, 0.0094,  33.2292, 01 Oct 2018 07:33:09
 10.4991,  3.68109,   15.725, 0.0097, 0.0095,  33.2260, 01 Oct 2018 07:33:12
 10.4744,  3.67885,   15.729, 0.0096, 0.0109,  33.2260, 01 Oct 2018 07:33:14
 10.4836,  3.67986,   15.899, 0.0094, 0.0103,  33.2277, 01 Oct 2018 07:33:16
 10.4775,  3.67938,   15.994, 0.0092, 0.0095,  33.2284, 01 Oct 2018 07:33:19
 10.4824,  3.67975,   15.786, 0.0107, 0.0100,  33.2277, 01 Oct 2018 07:33:21
 10.4813,  3.67969,   15.787, 0.0112, 0.0093,  33.2281, 01 Oct 2018 07:33:23
 10.4710,  3.67882,   15.809, 0.0101, 0.0112,  33.2287, 01 Oct 2018 07:33:26
 10.4691,  3.67852,   15.998, 0.0094, 0.0100,  33.2274, 01 Oct 2018 07:33:28
 10.4669,  3.67849,   16.020, 0.0093, 0.0098,  33.2292, 01 Oct 2018 07:33:31
 10.4758,  3.67919,   15.851, 0.0095, 0.0103,  33.2281, 01 Oct 2018 07:33:33
 10.4889,  3.68007,   15.838, 0.0100, 0.0103,  33.2250, 01 Oct 2018 07:33:35
 10.4864,  3.67987,   15.747, 0.0097, 0.0103,  33.2253, 01 Oct 2018 07:33:38
 10.4805,  3.67942,   15.862, 0.0091, 0.0102,  33.2261, 01 Oct 2018 07:33:40
 10.4817,  3.67958,   15.898, 0.0110, 0.0105,  33.2266, 01 Oct 2018 07:33:43
 10.4861,  3.67993,   15.988, 0.0102, 0.0115,  33.2260, 01 Oct 2018 07:33:45
 10.4740,  3.67891,   16.016, 0.0092, 0.0105,  33.2268, 01 Oct 2018 07:33:47
 10.4851,  3.67986,   15.814, 0.0097, 0.0102,  33.2263, 01 Oct 2018 07:33:50
 10.5049,  3.68143,   15.738, 0.0101, 0.0105,  33.2241, 01 Oct 2018 07:33:52
 10.4685,  3.67844,   15.879, 0.0102, 0.0109,  33.2272, 01 Oct 2018 07:33:55
 10.4617,  3.67798,   15.988, 0.0101, 0.0093,  33.2287, 01 Oct 2018 07:33:57
 10.4669,  3.67839,   15.968, 0.0113, 0.0098,  33.2282, 01 Oct 2018 07:33:59
 10.4806,  3.67951,   15.799, 0.0094, 0.0104,  33.2269, 01 Oct 2018 07:34:02
 10.4771,  3.67907,   15.739, 0.0099, 0.0115,  33.2257, 01 Oct 2018 07:34:04
 10.4774,  3.67932,   15.931, 0.0093, 0.0100,  33.2280, 01 Oct 2018 07:34:07
 10.4642,  3.67810,   16.067, 0.0104, 0.0098,  33.2276, 01 Oct 2018 07:34:09
 10.4662,  3.67830,   15.894, 0.0097, 0.0102,  33.2279, 01 Oct 2018 07:34:11
 10.4783,  3.67921,   15.782, 0.0102, 0.0112,  33.2260, 01 Oct 2018 07:34:14
 10.4758,  3.67899,   15.802, 0.0099, 0.0102,  33.2262, 01 Oct 2018 07:34:16
 10.4790,  3.67928,   15.904, 0.0102, 0.0100,  33.2261, 01 Oct 2018 07:34:18
 10.4727,  3.67878,   15.971, 0.0097, 0.0098,  33.2268, 01 Oct 2018 07:34:21
 10.4792,  3.67930,   15.794, 0.0095, 0.0108,  33.2260, 01 Oct 2018 07:34:23
 10.4748,  3.67895,   15.880, 0.0095, 0.0105,  33.2266, 01 Oct 2018 07:34:26
 10.4760,  3.67905,   16.067, 0.0095, 0.0105,  33.2264, 01 Oct 2018 07:34:28
 10.4751,  3.67894,   15.952, 0.0092, 0.0099,  33.2261, 01 Oct 2018 07:34:30
 10.4807,  3.67944,   15.826, 0.0109, 0.0097,  33.2261, 01 Oct 2018 07:34:33
 10.4836,  3.67961,   15.848, 0.0093, 0.0100,  33.2252, 01 Oct 2018 07:34:35
 10.4872,  3.67995,   15.937, 0.0098, 0.0105,  33.2253, 01 Oct 2018 07:34:37
 10.4837,  3.67965,   15.867, 0.0099, 0.0099,  33.2254, 01 Oct 2018 07:34:40
 10.4864,  3.67987,   15.741, 0.0103, 0.0103,  33.2253, 01 Oct 2018 07:34:42
 10.4990,  3.68105,   15.878, 0.0091, 0.0107,  33.2256, 01 Oct 2018 07:34:45
 10.4904,  3.68023,   16.115, 0.0098, 0.0097,  33.2251, 01 Oct 2018 07:34:47
 10.4895,  3.68023,   16.061, 0.0102, 0.0105,  33.2259, 01 Oct 2018 07:34:49
 10.5003,  3.68112,   15.838, 0.0093, 0.0095,  33.2251, 01 Oct 2018 07:34:52
 10.4899,  3.68007,   15.813, 0.0103, 0.0107,  33.2241, 01 Oct 2018 07:34:54
 10.5092,  3.68175,   15.835, 0.0102, 0.0099,  33.2233, 01 Oct 2018 07:34:57
 10.5093,  3.68179,   15.955, 0.0099, 0.0094,  33.2236, 01 Oct 2018 07:34:59
 10.5111,  3.68181,   15.992, 0.0103, 0.0098,  33.2220, 01 Oct 2018 07:35:01
 10.5194,  3.68260,   15.936, 0.0099, 0.0101,  33.2225, 01 Oct 2018 07:35:04
 10.5350,  3.68365,   15.820, 0.0094, 0.0095,  33.2188, 01 Oct 2018 07:35:06
 10.5290,  3.68310,   15.845, 0.0114, 0.0102,  33.2189, 01 Oct 2018 07:35:09
 10.5226,  3.68281,   15.780, 0.0103, 0.0100,  33.2218, 01 Oct 2018 07:35:11
 10.5123,  3.68200,   15.958, 0.0091, 0.0102,  33.2229, 01 Oct 2018 07:35:13
 10.5109,  3.68197,   15.848, 0.0099, 0.0097,  33.2240, 01 Oct 2018 07:35:16
 10.5269,  3.68323,   15.817, 0.0093, 0.0101,  33.2221, 01 Oct 2018 07:35:18
 10.5233,  3.68280,   15.942, 0.0101, 0.0097,  33.2209, 01 Oct 2018 07:35:21
 10.5189,  3.68259,   15.954, 0.0093, 0.0112,  33.2228, 01 Oct 2018 07:35:23
 10.5280,  3.68327,   16.000, 0.0092, 0.0105,  33.2213, 01 Oct 2018 07:35:25
 10.5337,  3.68372,   15.936, 0.0102, 0.0103,  33.2207, 01 Oct 2018 07:35:28
 10.5298,  3.68340,   15.984, 0.0097, 0.0104,  33.2211, 01 Oct 2018 07:35:30
 10.5239,  3.68303,   15.942, 0.0097, 0.0107,  33.2228, 01 Oct 2018 07:35:32
 10.5275,  3.68333,   15.882, 0.0102, 0.0104,  33.2224, 01 Oct 2018 07:35:35
 10.5233,  3.68291,   16.033, 0.0098, 0.0098,  33.2219, 01 Oct 2018 07:35:37
 10.5164,  3.68240,   15.983, 0.0096, 0.0097,  33.2232, 01 Oct 2018 07:35:40
 10.5300,  3.68349,   16.026, 0.0117, 0.0105,  33.2217, 01 Oct 2018 07:35:42
 10.5256,  3.68313,   15.965, 0.0098, 0.0099,  33.2222, 01 Oct 2018 07:35:44
 10.5313,  3.68363,   15.896, 0.0098, 0.0105,  33.2220, 01 Oct 2018 07:35:47
 10.5130,  3.68208,   16.079, 0.0096, 0.0095,  33.2230, 01 Oct 2018 07:35:49
 10.5008,  3.68126,   16.083, 0.0101, 0.0103,  33.2260, 01 Oct 2018 07:35:52
 10.5149,  3.68236,   15.888, 0.0097, 0.0099,  33.2242, 01 Oct 2018 07:35:54
 10.5089,  3.68179,   15.827, 0.0098, 0.0094,  33.2240, 01 Oct 2018 07:35:56
 10.5033,  3.68146,   15.860, 0.0096, 0.0101,  33.2258, 01 Oct 2018 07:35:59
 10.4972,  3.68099,   15.873, 0.0095, 0.0104,  33.2266, 01 Oct 2018 07:36:01
 10.5060,  3.68167,   15.947, 0.0093, 0.0099,  33.2253, 01 Oct 2018 07:36:03
 10.5005,  3.68119,   15.983, 0.0094, 0.0100,  33.2255, 01 Oct 2018 07:36:06
 10.4967,  3.68097,   15.978, 0.0103, 0.0101,  33.2269, 01 Oct 2018 07:36:08
 10.4996,  3.68115,   15.811, 0.0097, 0.0100,  33.2260, 01 Oct 2018 07:36:11
 10.5042,  3.68147,   15.727, 0.0097, 0.0107,  33.2251, 01 Oct 2018 07:36:13
 10.4762,  3.67907,   15.764, 0.0114, 0.0104,  33.2265, 01 Oct 2018 07:36:15
 10.4709,  3.67878,   15.849, 0.0098, 0.0097,  33.2284, 01 Oct 2018 07:36:18
 10.4650,  3.67837,   15.849, 0.0097, 0.0102,  33.2297, 01 Oct 2018 07:36:20
 10.4920,  3.68051,   15.945, 0.0097, 0.0106,  33.2265, 01 Oct 2018 07:36:22
 10.4981,  3.68083,   16.047, 0.0091, 0.0103,  33.2241, 01 Oct 2018 07:36:25
 10.5043,  3.68139,   15.891, 0.0098, 0.0101,  33.2241, 01 Oct 2018 07:36:27
 10.5106,  3.68179,   15.721, 0.0104, 0.0094,  33.2225, 01 Oct 2018 07:36:30
 10.5052,  3.68137,   15.711, 0.0098, 0.0107,  33.2233, 01 Oct 2018 07:36:32
 10.5103,  3.68185,   15.883, 0.0092, 0.0099,  33.2233, 01 Oct 2018 07:36:34
 10.5040,  3.68133,   15.950, 0.0095, 0.0102,  33.2238, 01 Oct 2018 07:36:37
 10.5220,  3.68281,   15.796, 0.0096, 0.0107,  33.2223, 01 Oct 2018 07:36:39
 10.5509,  3.68486,   15.852, 0.0106, 0.0106,  33.2165, 01 Oct 2018 07:36:41
 10.5186,  3.68228,   16.024, 0.0099, 0.0101,  33.2200, 01 Oct 2018 07:36:44
 10.5009,  3.68123,   15.961, 0.0095, 0.0101,  33.2256, 01 Oct 2018 07:36:46
 10.5124,  3.68211,   15.902, 0.0098, 0.0098,  33.2241, 01 Oct 2018 07:36:49
 10.5306,  3.68344,   15.670, 0.0093, 0.0111,  33.2209, 01 Oct 2018 07:36:51
 10.5744,  3.68656,   15.662, 0.0095, 0.0100,  33.2122, 01 Oct 2018 07:36:54
 10.6108,  3.68928,   15.822, 0.0099, 0.0100,  33.2063, 01 Oct 2018 07:36:56

EraseBlock 7
 10.6082,  3.68891,   15.894, 0.0115, 0.0101,  33.2048, 01 Oct 2018 07:36:58
 10.6074,  3.68897,   16.025, 0.0094, 0.0108,  33.2061, 01 Oct 2018 07:37:02
 10.6071,  3.68914,   16.004, 0.0100, 0.0097,  33.2082, 01 Oct 2018 07:37:04
 10.6049,  3.68903,   15.942, 0.0094, 0.0101,  33.2091, 01 Oct 2018 07:37:06
 10.6165,  3.68982,   15.807, 0.0101, 0.0105,  33.2065, 01 Oct 2018 07:37:09
 10.6241,  3.69048,   15.855, 0.0097, 0.0102,  33.2061, 01 Oct 2018 07:37:11
 10.6095,  3.68928,   15.822, 0.0103, 0.0098,  33.2074, 01 Oct 2018 07:37:13
 10.6110,  3.68902,   15.911, 0.0097, 0.0096,  33.2034, 01 Oct 2018 07:37:16
 10.6206,  3.69024,   15.905, 0.0092, 0.0105,  33.2069, 01 Oct 2018 07:37:18
 10.6415,  3.69162,   16.048, 0.0098, 0.0111,  33.2016, 01 Oct 2018 07:37:21
 10.6344,  3.69124,   16.052, 0.0096, 0.0098,  33.2043, 01 Oct 2018 07:37:23
 10.6380,  3.69153,   15.924, 0.0107, 0.0102,  33.2040, 01 Oct 2018 07:37:25
 10.6490,  3.69251,   15.731, 0.0100, 0.0102,  33.2039, 01 Oct 2018 07:37:28
 10.6165,  3.68983,   15.888, 0.0094, 0.0101,  33.2065, 01 Oct 2018 07:37:30
 10.6306,  3.69125,   15.860, 0.0101, 0.0108,  33.2080, 01 Oct 2018 07:37:32
 10.6711,  3.69439,   15.976, 0.0096, 0.0102,  33.2025, 01 Oct 2018 07:37:35
 10.6747,  3.69435,   15.991, 0.0101, 0.0106,  33.1988, 01 Oct 2018 07:37:37
 10.6628,  3.69351,   15.917, 0.0119, 0.0098,  33.2012, 01 Oct 2018 07:37:40
 10.6779,  3.69482,   15.935, 0.0095, 0.0104,  33.2006, 01 Oct 2018 07:37:42
 10.6667,  3.69391,   15.858, 0.0093, 0.0099,  33.2017, 01 Oct 2018 07:37:44
 10.6730,  3.69430,   16.008, 0.0097, 0.0107,  33.1998, 01 Oct 2018 07:37:47
 10.6760,  3.69457,   15.992, 0.0103, 0.0094,  33.1998, 01 Oct 2018 07:37:49
 10.6885,  3.69570,   15.745, 0.0095, 0.0104,  33.1999, 01 Oct 2018 07:37:52
 10.6833,  3.69528,   15.681, 0.0098, 0.0106,  33.2004, 01 Oct 2018 07:37:54
 10.6636,  3.69363,   15.892, 0.0097, 0.0101,  33.2017, 01 Oct 2018 07:37:56
 10.6426,  3.69219,   15.969, 0.0099, 0.0107,  33.2064, 01 Oct 2018 07:37:59
 10.6652,  3.69407,   15.922, 0.0096, 0.0099,  33.2046, 01 Oct 2018 07:38:01
 10.6811,  3.69524,   15.905, 0.0098, 0.0102,  33.2019, 01 Oct 2018 07:38:03
 10.6718,  3.69437,   15.883, 0.0096, 0.0101,  33.2017, 01 Oct 2018 07:38:06
 10.6758,  3.69473,   15.847, 0.0096, 0.0097,  33.2016, 01 Oct 2018 07:38:08
 10.6807,  3.69513,   15.787, 0.0092, 0.0099,  33.2012, 01 Oct 2018 07:38:11
 10.6820,  3.69524,   15.746, 0.0098, 0.0101,  33.2011, 01 Oct 2018 07:38:13
 10.6752,  3.69485,   15.897, 0.0099, 0.0100,  33.2033, 01 Oct 2018 07:38:15
 10.6825,  3.69530,   15.826, 0.0112, 0.0102,  33.2012, 01 Oct 2018 07:38:18
 10.6902,  3.69597,   15.795, 0.0099, 0.0108,  33.2009, 01 Oct 2018 07:38:20
 10.6765,  3.69492,   15.987, 0.0101, 0.0097,  33.2029, 01 Oct 2018 07:38:22
 10.6551,  3.69334,   16.052, 0.0097, 0.0097,  33.2065, 01 Oct 2018 07:38:25
 10.6739,  3.69488,   15.902, 0.0101, 0.0101,  33.2048, 01 Oct 2018 07:38:27
 10.6809,  3.69506,   15.800, 0.0096, 0.0106,  33.2003, 01 Oct 2018 07:38:30
 10.6700,  3.69418,   15.755, 0.0093, 0.0103,  33.2014, 01 Oct 2018 07:38:32
 10.6803,  3.69507,   15.797, 0.0101, 0.0097,  33.2010, 01 Oct 2018 07:38:34
 10.6743,  3.69460,   15.767, 0.0101, 0.0106,  33.2017, 01 Oct 2018 07:38:37
 10.6987,  3.69682,   15.829, 0.0095, 0.0111,  33.2017, 01 Oct 2018 07:38:39
 10.6825,  3.69523,   15.909, 0.0098, 0.0105,  33.2005, 01 Oct 2018 07:38:41
 10.6928,  3.69614,   15.874, 0.0094, 0.0103,  33.2002, 01 Oct 2018 07:38:44
 10.6924,  3.69603,   15.831, 0.0098, 0.0096,  33.1995, 01 Oct 2018 07:38:46
 10.6944,  3.69620,   15.702, 0.0101, 0.0098,  33.1994, 01 Oct 2018 07:38:49
 10.6918,  3.69603,   15.733, 0.0098, 0.0108,  33.2001, 01 Oct 2018 07:38:51
 10.6795,  3.69517,   15.708, 0.0111, 0.0101,  33.2027, 01 Oct 2018 07:38:53
 10.7028,  3.69686,   15.872, 0.0098, 0.0103,  33.1984, 01 Oct 2018 07:38:56
 10.7009,  3.69665,   15.885, 0.0096, 0.0101,  33.1980, 01 Oct 2018 07:38:58
 10.6953,  3.69632,   15.866, 0.0107, 0.0102,  33.1998, 01 Oct 2018 07:39:01
 10.6941,  3.69618,   15.811, 0.0093, 0.0097,  33.1995, 01 Oct 2018 07:39:03
 10.6569,  3.69345,   15.827, 0.0097, 0.0102,  33.2061, 01 Oct 2018 07:39:05
 10.6854,  3.69568,   15.827, 0.0097, 0.0098,  33.2024, 01 Oct 2018 07:39:08
 10.6786,  3.69497,   15.897, 0.0101, 0.0108,  33.2014, 01 Oct 2018 07:39:10
 10.6883,  3.69577,   15.849, 0.0105, 0.0099,  33.2006, 01 Oct 2018 07:39:13
 10.6724,  3.69440,   15.872, 0.0094, 0.0096,  33.2014, 01 Oct 2018 07:39:15
 10.6888,  3.69590,   15.759, 0.0097, 0.0100,  33.2015, 01 Oct 2018 07:39:17
 10.6824,  3.69533,   15.902, 0.0096, 0.0100,  33.2016, 01 Oct 2018 07:39:20
 10.6899,  3.69587,   15.965, 0.0093, 0.0097,  33.2001, 01 Oct 2018 07:39:22
 10.6894,  3.69581,   15.993, 0.0097, 0.0100,  33.2000, 01 Oct 2018 07:39:24
 10.6851,  3.69551,   15.905, 0.0098, 0.0106,  33.2009, 01 Oct 2018 07:39:27
 10.6936,  3.69633,   15.785, 0.0114, 0.0107,  33.2015, 01 Oct 2018 07:39:29
 10.6547,  3.69321,   15.800, 0.0101, 0.0099,  33.2057, 01 Oct 2018 07:39:32
 10.6697,  3.69456,   15.782, 0.0100, 0.0098,  33.2055, 01 Oct 2018 07:39:34
 10.6771,  3.69485,   15.834, 0.0096, 0.0103,  33.2016, 01 Oct 2018 07:39:37
 10.6886,  3.69600,   15.910, 0.0094, 0.0108,  33.2026, 01 Oct 2018 07:39:39
 10.6848,  3.69544,   15.873, 0.0105, 0.0100,  33.2005, 01 Oct 2018 07:39:41
 10.6724,  3.69432,   15.902, 0.0102, 0.0104,  33.2006, 01 Oct 2018 07:39:44
 10.6738,  3.69480,   15.835, 0.0102, 0.0098,  33.2041, 01 Oct 2018 07:39:46
 10.6799,  3.69517,   15.796, 0.0095, 0.0109,  33.2023, 01 Oct 2018 07:39:49
 10.6611,  3.69370,   15.724, 0.0099, 0.0104,  33.2048, 01 Oct 2018 07:39:51
 10.6704,  3.69437,   15.682, 0.0096, 0.0097,  33.2031, 01 Oct 2018 07:39:53
 10.6703,  3.69440,   15.789, 0.0096, 0.0096,  33.2034, 01 Oct 2018 07:39:56
 10.6780,  3.69495,   15.847, 0.0097, 0.0105,  33.2018, 01 Oct 2018 07:39:58
 10.6964,  3.69635,   15.912, 0.0106, 0.0098,  33.1990, 01 Oct 2018 07:40:01
 10.6982,  3.69642,   15.909, 0.0115, 0.0098,  33.1981, 01 Oct 2018 07:40:03
 10.7094,  3.69752,   15.862, 0.0094, 0.0094,  33.1990, 01 Oct 2018 07:40:05
 10.7079,  3.69723,   15.786, 0.0096, 0.0107,  33.1974, 01 Oct 2018 07:40:08
 10.7153,  3.69787,   15.662, 0.0096, 0.0101,  33.1972, 01 Oct 2018 07:40:10
 10.6956,  3.69659,   15.774, 0.0091, 0.0099,  33.2022, 01 Oct 2018 07:40:12
 10.6995,  3.69685,   15.741, 0.0103, 0.0101,  33.2014, 01 Oct 2018 07:40:15
 10.7035,  3.69710,   15.862, 0.0100, 0.0105,  33.2002, 01 Oct 2018 07:40:17
 10.6980,  3.69672,   15.829, 0.0096, 0.0107,  33.2014, 01 Oct 2018 07:40:20
 10.7099,  3.69761,   15.857, 0.0104, 0.0102,  33.1994, 01 Oct 2018 07:40:22
 10.6800,  3.69517,   15.881, 0.0098, 0.0096,  33.2022, 01 Oct 2018 07:40:24
 10.6926,  3.69634,   15.727, 0.0099, 0.0101,  33.2025, 01 Oct 2018 07:40:27
 10.6849,  3.69577,   15.728, 0.0098, 0.0106,  33.2038, 01 Oct 2018 07:40:29
 10.6750,  3.69497,   15.683, 0.0094, 0.0096,  33.2048, 01 Oct 2018 07:40:31
 10.6618,  3.69389,   15.745, 0.0096, 0.0110,  33.2060, 01 Oct 2018 07:40:34
 10.6836,  3.69565,   15.778, 0.0105, 0.0102,  33.2038, 01 Oct 2018 07:40:36
 10.6824,  3.69528,   15.806, 0.0111, 0.0108,  33.2011, 01 Oct 2018 07:40:39
 10.6869,  3.69575,   15.752, 0.0102, 0.0104,  33.2018, 01 Oct 2018 07:40:41
 10.6768,  3.69484,   15.796, 0.0096, 0.0103,  33.2018, 01 Oct 2018 07:40:43
 10.6750,  3.69494,   15.691, 0.0096, 0.0098,  33.2045, 01 Oct 2018 07:40:46
 10.6844,  3.69556,   15.664, 0.0091, 0.0107,  33.2022, 01 Oct 2018 07:40:48
 10.6549,  3.69320,   15.652, 0.0101, 0.0100,  33.2054, 01 Oct 2018 07:40:51
 10.6620,  3.69380,   15.597, 0.0104, 0.0104,  33.2050, 01 Oct 2018 07:40:53
 10.6763,  3.69491,   15.715, 0.0094, 0.0105,  33.2030, 01 Oct 2018 07:40:55
 10.6805,  3.69513,   15.754, 0.0098, 0.0101,  33.2014, 01 Oct 2018 07:40:58
 10.6852,  3.69558,   15.812, 0.0097, 0.0100,  33.2016, 01 Oct 2018 07:41:00
 10.6857,  3.69568,   15.801, 0.0103, 0.0106,  33.2021, 01 Oct 2018 07:41:03
 10.6810,  3.69524,   15.774, 0.0098, 0.0101,  33.2020, 01 Oct 2018 07:41:05
 10.6745,  3.69478,   15.664, 0.0099, 0.0110,  33.2034, 01 Oct 2018 07:41:07
 10.6732,  3.69459,   15.626, 0.0106, 0.0097,  33.2027, 01 Oct 2018 07:41:10
 10.6563,  3.69328,   15.619, 0.0100, 0.0100,  33.2050, 01 Oct 2018 07:41:12
 10.6578,  3.69365,   15.629, 0.0096, 0.0108,  33.2073, 01 Oct 2018 07:41:14
 10.6618,  3.69374,   15.731, 0.0096, 0.0108,  33.2046, 01 Oct 2018 07:41:17
 10.6652,  3.69395,   15.743, 0.0098, 0.0102,  33.2035, 01 Oct 2018 07:41:19
 10.6684,  3.69436,   15.770, 0.0094, 0.0100,  33.2047, 01 Oct 2018 07:41:22
 10.6682,  3.69414,   15.666, 0.0097, 0.0104,  33.2027, 01 Oct 2018 07:41:24
 10.6735,  3.69471,   15.626, 0.0106, 0.0108,  33.2037, 01 Oct 2018 07:41:26
 10.6561,  3.69330,   15.590, 0.0099, 0.0105,  33.2054, 01 Oct 2018 07:41:29
 10.6558,  3.69346,   15.560, 0.0098, 0.0098,  33.2072, 01 Oct 2018 07:41:31
 10.6758,  3.69471,   15.624, 0.0102, 0.0101,  33.2016, 01 Oct 2018 07:41:33
 10.6829,  3.69533,   15.686, 0.0097, 0.0104,  33.2013, 01 Oct 2018 07:41:36
 10.6780,  3.69487,   15.800, 0.0094, 0.0105,  33.2011, 01 Oct 2018 07:41:38
 10.6747,  3.69470,   15.715, 0.0102, 0.0098,  33.2024, 01 Oct 2018 07:41:41
 10.6745,  3.69461,   15.675, 0.0098, 0.0102,  33.2017, 01 Oct 2018 07:41:43
 10.6887,  3.69589,   15.552, 0.0111, 0.0106,  33.2016, 01 Oct 2018 07:41:46
 10.6697,  3.69479,   15.708, 0.0097, 0.0101,  33.2079, 01 Oct 2018 07:41:48
 10.6786,  3.69500,   15.720, 0.0102, 0.0104,  33.2019, 01 Oct 2018 07:41:50
 10.6964,  3.69642,   15.615, 0.0101, 0.0102,  33.1999, 01 Oct 2018 07:41:53
 10.6865,  3.69545,   15.661, 0.0093, 0.0100,  33.1991, 01 Oct 2018 07:41:55
 10.6916,  3.69600,   15.767, 0.0100, 0.0104,  33.1999, 01 Oct 2018 07:41:57
 10.6809,  3.69522,   15.802, 0.0098, 0.0102,  33.2019, 01 Oct 2018 07:42:00
 10.6819,  3.69535,   15.843, 0.0099, 0.0100,  33.2022, 01 Oct 2018 07:42:02
 10.6765,  3.69486,   15.785, 0.0101, 0.0100,  33.2023, 01 Oct 2018 07:42:05
 10.6879,  3.69578,   15.664, 0.0099, 0.0100,  33.2012, 01 Oct 2018 07:42:07
 10.6769,  3.69480,   15.663, 0.0095, 0.0100,  33.2014, 01 Oct 2018 07:42:09
 10.6772,  3.69494,   15.526, 0.0098, 0.0103,  33.2026, 01 Oct 2018 07:42:12
 10.7165,  3.69810,   15.711, 0.0098, 0.0098,  33.1984, 01 Oct 2018 07:42:14
 10.6981,  3.69640,   15.811, 0.0098, 0.0105,  33.1981, 01 Oct 2018 07:42:16
 10.6997,  3.69672,   15.795, 0.0100, 0.0101,  33.1998, 01 Oct 2018 07:42:19
 10.6860,  3.69559,   15.972, 0.0102, 0.0104,  33.2009, 01 Oct 2018 07:42:21
 10.6866,  3.69570,   15.939, 0.0102, 0.0097,  33.2015, 01 Oct 2018 07:42:24
 10.7109,  3.69766,   15.757, 0.0112, 0.0100,  33.1991, 01 Oct 2018 07:42:26
 10.7302,  3.69895,   15.508, 0.0100, 0.0105,  33.1946, 01 Oct 2018 07:42:28
 10.7244,  3.69855,   15.626, 0.0107, 0.0105,  33.1957, 01 Oct 2018 07:42:31
 10.7157,  3.69799,   15.824, 0.0100, 0.0101,  33.1979, 01 Oct 2018 07:42:33
 10.7267,  3.69883,   15.949, 0.0098, 0.0107,  33.1962, 01 Oct 2018 07:42:35
 10.7390,  3.69981,   15.844, 0.0097, 0.0100,  33.1949, 01 Oct 2018 07:42:38
 10.7349,  3.69933,   15.906, 0.0099, 0.0100,  33.1939, 01 Oct 2018 07:42:40
 10.7208,  3.69828,   15.830, 0.0100, 0.0098,  33.1962, 01 Oct 2018 07:42:43
 10.7437,  3.70015,   15.745, 0.0105, 0.0104,  33.1941, 01 Oct 2018 07:42:45
 10.7490,  3.70045,   15.655, 0.0098, 0.0100,  33.1924, 01 Oct 2018 07:42:47
 10.7759,  3.70261,   15.639, 0.0095, 0.0101,  33.1894, 01 Oct 2018 07:42:50
 10.7772,  3.70233,   15.751, 0.0097, 0.0101,  33.1855, 01 Oct 2018 07:42:52
 10.8264,  3.70667,   15.796, 0.0101, 0.0111,  33.1841, 01 Oct 2018 07:42:55
 10.8661,  3.70954,   15.890, 0.0095, 0.0102,  33.1767, 01 Oct 2018 07:42:57
 10.8518,  3.70812,   15.852, 0.0098, 0.0105,  33.1754, 01 Oct 2018 07:42:59
 10.8548,  3.70850,   15.747, 0.0098, 0.0097,  33.1765, 01 Oct 2018 07:43:02
 10.9196,  3.71341,   15.725, 0.0103, 0.0100,  33.1668, 01 Oct 2018 07:43:04
 10.8894,  3.71116,   15.745, 0.0118, 0.0115,  33.1717, 01 Oct 2018 07:43:07
 10.9015,  3.71217,   15.709, 0.0101, 0.0104,  33.1708, 01 Oct 2018 07:43:09
 10.9149,  3.71318,   15.583, 0.0092, 0.0106,  33.1688, 01 Oct 2018 07:43:11
 10.9839,  3.71832,   15.669, 0.0104, 0.0106,  33.1574, 01 Oct 2018 07:43:14
 11.0153,  3.72019,   15.753, 0.0096, 0.0107,  33.1475, 01 Oct 2018 07:43:16
 11.0506,  3.72294,   15.831, 0.0099, 0.0098,  33.1429, 01 Oct 2018 07:43:18
 11.0684,  3.72415,   15.850, 0.0101, 0.0102,  33.1389, 01 Oct 2018 07:43:21
 11.1018,  3.72653,   15.745, 0.0098, 0.0103,  33.1323, 01 Oct 2018 07:43:23
 11.0856,  3.72534,   15.575, 0.0097, 0.0111,  33.1352, 01 Oct 2018 07:43:26
 11.1512,  3.72918,   15.443, 0.0095, 0.0101,  33.1142, 01 Oct 2018 07:43:28
 11.1519,  3.71519,   15.656, 0.0098, 0.0102,  32.9753, 01 Oct 2018 07:43:30
 11.1503,  3.71171,   15.774, 0.0094, 0.0105,  32.9423, 01 Oct 2018 07:43:33
 11.1260,  3.69830,   15.867, 0.0100, 0.0107,  32.8314, 01 Oct 2018 07:43:35
 11.1209,  3.69363,   15.787, 0.0095, 0.0100,  32.7898, 01 Oct 2018 07:43:37
 11.1292,  3.69532,   15.799, 0.0101, 0.0097,  32.7992, 01 Oct 2018 07:43:40
 11.1260,  3.69428,   15.684, 0.0102, 0.0108,  32.7918, 01 Oct 2018 07:43:42
 11.1205,  3.69387,   15.586, 0.0102, 0.0107,  32.7927, 01 Oct 2018 07:43:45
 11.1149,  3.68947,   15.577, 0.0114, 0.0111,  32.7543, 01 Oct 2018 07:43:47
 11.1104,  3.68580,   15.682, 0.0094, 0.0100,  32.7219, 01 Oct 2018 07:43:49
 11.1062,  3.68692,   15.899, 0.0101, 0.0099,  32.7367, 01 Oct 2018 07:43:52
 11.2544,  3.70353,   15.877, 0.0095, 0.0104,  32.7687, 01 Oct 2018 07:43:54
 11.4476,  3.75176,   15.775, 0.0105, 0.0104,  33.0704, 01 Oct 2018 07:43:57
 11.3513,  3.74419,   15.781, 0.0106, 0.0098,  33.0823, 01 Oct 2018 07:43:59
 11.3871,  3.74836,   15.754, 0.0103, 0.0098,  33.0912, 01 Oct 2018 07:44:01
 11.3511,  3.74531,   15.748, 0.0102, 0.0112,  33.0935, 01 Oct 2018 07:44:04
 11.4104,  3.75034,   15.689, 0.0099, 0.0097,  33.0898, 01 Oct 2018 07:44:06
 11.3991,  3.74924,   15.793, 0.0101, 0.0108,  33.0891, 01 Oct 2018 07:44:08
 11.4227,  3.75108,   15.722, 0.0105, 0.0103,  33.0860, 01 Oct 2018 07:44:11
 11.4698,  3.75472,   15.819, 0.0104, 0.0107,  33.0795, 01 Oct 2018 07:44:13
 11.4797,  3.75524,   15.730, 0.0099, 0.0104,  33.0759, 01 Oct 2018 07:44:16
 11.5410,  3.76020,   15.828, 0.0092, 0.0101,  33.0695, 01 Oct 2018 07:44:18
 11.5230,  3.75850,   15.796, 0.0107, 0.0099,  33.0690, 01 Oct 2018 07:44:20
 11.5390,  3.75993,   15.684, 0.0092, 0.0101,  33.0688, 01 Oct 2018 07:44:23
 11.5640,  3.76193,   15.522, 0.0097, 0.0104,  33.0661, 01 Oct 2018 07:44:25
 11.5543,  3.76111,   15.780, 0.0094, 0.0102,  33.0667, 01 Oct 2018 07:44:28
 11.5906,  3.76382,   15.868, 0.0096, 0.0099,  33.0607, 01 Oct 2018 07:44:30
 11.6091,  3.76533,   15.891, 0.0098, 0.0104,  33.0590, 01 Oct 2018 07:44:32
 11.6150,  3.76572,   15.740, 0.0102, 0.0110,  33.0576, 01 Oct 2018 07:44:35
 11.6292,  3.76707,   15.793, 0.0097, 0.0100,  33.0581, 01 Oct 2018 07:44:37
 11.5992,  3.76477,   15.824, 0.0104, 0.0101,  33.0624, 01 Oct 2018 07:44:39
 11.5920,  3.76442,   15.831, 0.0098, 0.0102,  33.0653, 01 Oct 2018 07:44:42
 11.5996,  3.76503,   15.748, 0.0103, 0.0104,  33.0646, 01 Oct 2018 07:44:44
 11.5830,  3.76393,   15.719, 0.0107, 0.0100,  33.0686, 01 Oct 2018 07:44:47
 11.5919,  3.76463,   15.596, 0.0099, 0.0105,  33.0676, 01 Oct 2018 07:44:49
 11.5886,  3.76436,   15.717, 0.0102, 0.0106,  33.0678, 01 Oct 2018 07:44:51
 11.5926,  3.76496,   15.784, 0.0098, 0.0105,  33.0701, 01 Oct 2018 07:44:54
 11.6031,  3.76548,   15.866, 0.0099, 0.0099,  33.0658, 01 Oct 2018 07:44:56
 11.6093,  3.76583,   15.744, 0.0112, 0.0104,  33.0637, 01 Oct 2018 07:44:59
 11.5988,  3.76512,   15.741, 0.0097, 0.0098,  33.0661, 01 Oct 2018 07:45:01
 11.5727,  3.76343,   15.744, 0.0100, 0.0105,  33.0729, 01 Oct 2018 07:45:03
 11.5836,  3.76429,   15.683, 0.0101, 0.0099,  33.0716, 01 Oct 2018 07:45:06
 11.5956,  3.76517,   15.729, 0.0095, 0.0096,  33.0696, 01 Oct 2018 07:45:08
 11.5799,  3.76392,   15.754, 0.0096, 0.0110,  33.0712, 01 Oct 2018 07:45:10
 11.5902,  3.76473,   15.731, 0.0100, 0.0110,  33.0700, 01 Oct 2018 07:45:13
 11.5762,  3.76372,   15.735, 0.0093, 0.0098,  33.0726, 01 Oct 2018 07:45:15
 11.5873,  3.76462,   15.662, 0.0100, 0.0109,  33.0716, 01 Oct 2018 07:45:18
 11.5779,  3.76386,   15.719, 0.0099, 0.0099,  33.0725, 01 Oct 2018 07:45:20
 11.5643,  3.76300,   15.629, 0.0095, 0.0107,  33.0763, 01 Oct 2018 07:45:22
 11.5740,  3.76367,   15.740, 0.0101, 0.0099,  33.0741, 01 Oct 2018 07:45:25
 11.5804,  3.76410,   15.598, 0.0100, 0.0110,  33.0727, 01 Oct 2018 07:45:27
 11.5958,  3.76512,   15.716, 0.0102, 0.0099,  33.0688, 01 Oct 2018 07:45:30
 11.5799,  3.76399,   15.759, 0.0094, 0.0109,  33.0719, 01 Oct 2018 07:45:32
 11.6023,  3.76572,   15.698, 0.0099, 0.0098,  33.0689, 01 Oct 2018 07:45:34
 11.6013,  3.76553,   15.677, 0.0117, 0.0095,  33.0680, 01 Oct 2018 07:45:37
 11.6047,  3.76582,   15.566, 0.0099, 0.0098,  33.0678, 01 Oct 2018 07:45:39
 11.6179,  3.76662,   15.593, 0.0097, 0.0105,  33.0639, 01 Oct 2018 07:45:41
 11.6142,  3.76642,   15.556, 0.0104, 0.0104,  33.0652, 01 Oct 2018 07:45:44
 11.6053,  3.76569,   15.676, 0.0102, 0.0101,  33.0660, 01 Oct 2018 07:45:46
 11.6134,  3.76651,   15.645, 0.0096, 0.0106,  33.0668, 01 Oct 2018 07:45:49
 11.6240,  3.76716,   15.686, 0.0101, 0.0097,  33.0637, 01 Oct 2018 07:45:51
 11.6107,  3.76628,   15.565, 0.0100, 0.0101,  33.0669, 01 Oct 2018 07:45:53
 11.6284,  3.76764,   15.663, 0.0098, 0.0102,  33.0644, 01 Oct 2018 07:45:56
 11.6302,  3.76765,   15.591, 0.0102, 0.0104,  33.0629, 01 Oct 2018 07:45:58
 11.6285,  3.76757,   15.648, 0.0094, 0.0099,  33.0636, 01 Oct 2018 07:46:01
 11.6340,  3.76794,   15.565, 0.0105, 0.0107,  33.0623, 01 Oct 2018 07:46:03
 11.5754,  3.76356,   15.699, 0.0097, 0.0102,  33.0718, 01 Oct 2018 07:46:05
 11.5856,  3.76485,   15.629, 0.0100, 0.0102,  33.0753, 01 Oct 2018 07:46:08
 11.5878,  3.76482,   15.641, 0.0106, 0.0103,  33.0731, 01 Oct 2018 07:46:10
 11.5995,  3.76562,   15.558, 0.0112, 0.0101,  33.0704, 01 Oct 2018 07:46:13
 11.5939,  3.76516,   15.587, 0.0101, 0.0099,  33.0710, 01 Oct 2018 07:46:15
 11.5688,  3.76344,   15.642, 0.0104, 0.0108,  33.0766, 01 Oct 2018 07:46:17
 11.5844,  3.76462,   15.567, 0.0100, 0.0102,  33.0741, 01 Oct 2018 07:46:20
 11.5858,  3.76475,   15.606, 0.0099, 0.0108,  33.0742, 01 Oct 2018 07:46:22
 11.5809,  3.76430,   15.510, 0.0104, 0.0100,  33.0743, 01 Oct 2018 07:46:24
 11.5913,  3.76497,   15.582, 0.0103, 0.0100,  33.0715, 01 Oct 2018 07:46:27
 11.5682,  3.76344,   15.629, 0.0102, 0.0102,  33.0771, 01 Oct 2018 07:46:29
 11.5908,  3.76495,   15.637, 0.0099, 0.0104,  33.0716, 01 Oct 2018 07:46:32
 11.6004,  3.76546,   15.526, 0.0096, 0.0102,  33.0682, 01 Oct 2018 07:46:34
 11.5854,  3.76465,   15.603, 0.0095, 0.0101,  33.0735, 01 Oct 2018 07:46:36
 11.5967,  3.76546,   15.596, 0.0101, 0.0104,  33.0714, 01 Oct 2018 07:46:39
 11.5866,  3.76452,   15.792, 0.0099, 0.0106,  33.0711, 01 Oct 2018 07:46:41
 11.6107,  3.76643,   15.754, 0.0096, 0.0099,  33.0684, 01 Oct 2018 07:46:44
 11.6449,  3.76903,   15.537, 0.0098, 0.0105,  33.0633, 01 Oct 2018 07:46:46
 11.5681,  3.76274,   15.566, 0.0108, 0.0099,  33.0704, 01 Oct 2018 07:46:48
 11.5905,  3.76525,   15.519, 0.0104, 0.0111,  33.0750, 01 Oct 2018 07:46:51
 11.6032,  3.76593,   15.669, 0.0103, 0.0101,  33.0702, 01 Oct 2018 07:46:53
 11.6187,  3.76708,   15.720, 0.0101, 0.0099,  33.0676, 01 Oct 2018 07:46:55
 11.6288,  3.76758,   15.648, 0.0104, 0.0102,  33.0635, 01 Oct 2018 07:46:58
 11.6339,  3.76798,   15.568, 0.0099, 0.0104,  33.0629, 01 Oct 2018 07:47:00
 11.6579,  3.76984,   15.561, 0.0101, 0.0099,  33.0597, 01 Oct 2018 07:47:03
 11.6526,  3.76931,   15.497, 0.0099, 0.0102,  33.0592, 01 Oct 2018 07:47:05
 11.7104,  3.77307,   15.571, 0.0105, 0.0103,  33.0443, 01 Oct 2018 07:47:07
 11.7203,  3.77413,   15.604, 0.0104, 0.0104,  33.0459, 01 Oct 2018 07:47:10
 11.7619,  3.77672,   15.763, 0.0101, 0.0111,  33.0340, 01 Oct 2018 07:47:12
 11.7750,  3.77777,   15.655, 0.0099, 0.0104,  33.0326, 01 Oct 2018 07:47:14
 11.7832,  3.77835,   15.587, 0.0095, 0.0105,  33.0311, 01 Oct 2018 07:47:17
 11.7835,  3.77840,   15.524, 0.0096, 0.0102,  33.0313, 01 Oct 2018 07:47:19
 11.8130,  3.78045,   15.623, 0.0101, 0.0106,  33.0250, 01 Oct 2018 07:47:22
 11.8170,  3.78061,   15.586, 0.0108, 0.0106,  33.0231, 01 Oct 2018 07:47:24
 11.8148,  3.78067,   15.523, 0.0102, 0.0102,  33.0256, 01 Oct 2018 07:47:26
 11.8262,  3.78150,   15.563, 0.0094, 0.0104,  33.0235, 01 Oct 2018 07:47:29
 11.8220,  3.78127,   15.525, 0.0099, 0.0107,  33.0251, 01 Oct 2018 07:47:31
 11.8332,  3.78191,   15.693, 0.0097, 0.0101,  33.0212, 01 Oct 2018 07:47:34
 11.8354,  3.78204,   15.521, 0.0105, 0.0104,  33.0206, 01 Oct 2018 07:47:36
 11.8411,  3.78237,   15.668, 0.0102, 0.0099,  33.0186, 01 Oct 2018 07:47:38
 11.8412,  3.78242,   15.590, 0.0102, 0.0112,  33.0192, 01 Oct 2018 07:47:41
 11.8441,  3.78266,   15.643, 0.0098, 0.0100,  33.0188, 01 Oct 2018 07:47:43
 11.8439,  3.78268,   15.609, 0.0099, 0.0108,  33.0193, 01 Oct 2018 07:47:45
 11.8458,  3.78291,   15.583, 0.0101, 0.0105,  33.0199, 01 Oct 2018 07:47:48
 11.8482,  3.78304,   15.659, 0.0096, 0.0109,  33.0189, 01 Oct 2018 07:47:50
 11.8499,  3.78325,   15.530, 0.0104, 0.0098,  33.0195, 01 Oct 2018 07:47:53
 11.8524,  3.78335,   15.688, 0.0102, 0.0106,  33.0181, 01 Oct 2018 07:47:55
 11.8533,  3.78343,   15.574, 0.0100, 0.0099,  33.0182, 01 Oct 2018 07:47:57
 11.8560,  3.78361,   15.547, 0.0099, 0.0102,  33.0175, 01 Oct 2018 07:48:00
 11.8604,  3.78394,   15.652, 0.0102, 0.0107,  33.0168, 01 Oct 2018 07:48:02
 11.8569,  3.78375,   15.654, 0.0105, 0.0107,  33.0181, 01 Oct 2018 07:48:05
 11.8692,  3.78464,   15.590, 0.0097, 0.0106,  33.0159, 01 Oct 2018 07:48:42
 11.8719,  3.78483,   15.426, 0.0100, 0.0104,  33.0154, 01 Oct 2018 07:48:44
 11.8719,  3.78484,   15.709, 0.0096, 0.0106,  33.0154, 01 Oct 2018 07:48:47
 11.8575,  3.78402,   16.292, 0.0098, 0.0099,  33.0199, 01 Oct 2018 07:48:49
 11.7475,  3.77675,   16.695, 0.0101, 0.0104,  33.0468, 01 Oct 2018 07:48:51
 11.4774,  3.75749,   17.041, 0.0099, 0.0104,  33.0993, 01 Oct 2018 07:48:54
 11.6553,  3.77250,   17.139, 0.0095, 0.0101,  33.0873, 01 Oct 2018 07:48:56
 11.3170,  3.74668,   17.619, 0.0099, 0.0108,  33.1368, 01 Oct 2018 07:48:58
 11.2086,  3.73962,   18.063, 0.0093, 0.0107,  33.1645, 01 Oct 2018 07:49:01
 11.1338,  3.73365,   18.354, 0.0101, 0.0099,  33.1727, 01 Oct 2018 07:49:03
 10.8732,  3.71403,   18.605, 0.0096, 0.0105,  33.2137, 01 Oct 2018 07:49:06
 10.7104,  3.70148,   19.035, 0.0103, 0.0106,  33.2362, 01 Oct 2018 07:49:08
 10.5975,  3.69348,   19.659, 0.0099, 0.0103,  33.2587, 01 Oct 2018 07:49:10
 10.6383,  3.69697,   19.902, 0.0101, 0.0112,  33.2564, 01 Oct 2018 07:49:13
 10.5887,  3.69126,   20.035, 0.0101, 0.0101,  33.2443, 01 Oct 2018 07:49:15
 10.4567,  3.68041,   20.416, 0.0112, 0.0102,  33.2559, 01 Oct 2018 07:49:18
 10.4207,  3.67858,   21.030, 0.0098, 0.0105,  33.2700, 01 Oct 2018 07:49:20
 10.4112,  3.67739,   21.449, 0.0105, 0.0115,  33.2666, 01 Oct 2018 07:49:22
 10.4402,  3.67950,   21.503, 0.0101, 0.0104,  33.2612, 01 Oct 2018 07:49:25
 10.3969,  3.67497,   21.808, 0.0101, 0.0110,  33.2551, 01 Oct 2018 07:49:27
 10.3179,  3.66771,   22.342, 0.0098, 0.0099,  33.2541, 01 Oct 2018 07:49:29
 10.1806,  3.65586,   22.892, 0.0101, 0.0108,  33.2599, 01 Oct 2018 07:49:32
 10.1195,  3.65143,   23.145, 0.0101, 0.0105,  33.2711, 01 Oct 2018 07:49:34
 10.1719,  3.65478,   23.347, 0.0099, 0.0104,  33.2569, 01 Oct 2018 07:49:37
  9.7635,  3.62531,   23.740, 0.0097, 0.0104,  33.3335, 01 Oct 2018 07:49:39
  9.6624,  3.62075,   24.187, 0.0103, 0.0107,  33.3803, 01 Oct 2018 07:49:41
  9.6472,  3.61880,   24.493, 0.0100, 0.0104,  33.3743, 01 Oct 2018 07:49:44
  9.5690,  3.61459,   24.781, 0.0099, 0.0097,  33.4037, 01 Oct 2018 07:49:46
  9.5042,  3.61119,   25.182, 0.0106, 0.0104,  33.4290, 01 Oct 2018 07:49:49
  9.4830,  3.60962,   25.733, 0.0096, 0.0104,  33.4324, 01 Oct 2018 07:49:51
  9.4945,  3.61036,   25.738, 0.0101, 0.0103,  33.4292, 01 Oct 2018 07:49:53
  9.4526,  3.60537,   24.870, 0.0097, 0.0109,  33.4173, 01 Oct 2018 07:50:21
  9.4575,  3.60414,   24.565, 0.0096, 0.0103,  33.4002, 01 Oct 2018 07:50:42
  9.4312,  3.60275,   24.718, 0.0102, 0.0101,  33.4104, 01 Oct 2018 07:50:44
  9.4214,  3.60196,   24.890, 0.0101, 0.0100,  33.4112, 01 Oct 2018 07:50:47
  9.3821,  3.59964,   25.370, 0.0097, 0.0106,  33.4237, 01 Oct 2018 07:50:49
  9.3688,  3.59863,   25.722, 0.0097, 0.0103,  33.4256, 01 Oct 2018 07:50:52
  9.3493,  3.59751,   26.003, 0.0101, 0.0104,  33.4321, 01 Oct 2018 07:50:54
  9.3301,  3.59621,   26.264, 0.0103, 0.0102,  33.4366, 01 Oct 2018 07:50:56
  9.2978,  3.59406,   26.816, 0.0098, 0.0107,  33.4443, 01 Oct 2018 07:50:59
  9.2873,  3.59334,   27.385, 0.0100, 0.0110,  33.4464, 01 Oct 2018 07:51:01
  9.2808,  3.59284,   27.864, 0.0103, 0.0101,  33.4471, 01 Oct 2018 07:51:04
  9.2661,  3.59178,   28.272, 0.0098, 0.0099,  33.4497, 01 Oct 2018 07:51:06
  9.1606,  3.58525,   28.690, 0.0103, 0.0100,  33.4807, 01 Oct 2018 07:51:08
  9.0662,  3.57956,   29.160, 0.0115, 0.0106,  33.5102, 01 Oct 2018 07:51:11
  9.0211,  3.57658,   29.587, 0.0098, 0.0103,  33.5215, 01 Oct 2018 07:51:13
  8.9716,  3.57350,   29.997, 0.0093, 0.0101,  33.5359, 01 Oct 2018 07:51:15
  8.9235,  3.57049,   30.366, 0.0101, 0.0104,  33.5498, 01 Oct 2018 07:51:18
  8.9038,  3.56922,   30.745, 0.0103, 0.0111,  33.5549, 01 Oct 2018 07:51:20
  8.8914,  3.56826,   31.164, 0.0101, 0.0102,  33.5564, 01 Oct 2018 07:51:22
  8.8538,  3.56589,   31.702, 0.0099, 0.0099,  33.5669, 01 Oct 2018 07:51:25
  8.8254,  3.56423,   32.326, 0.0099, 0.0105,  33.5760, 01 Oct 2018 07:51:27
  8.8151,  3.56362,   32.735, 0.0099, 0.0110,  33.5793, 01 Oct 2018 07:51:30
  8.8062,  3.56262,   33.009, 0.0104, 0.0104,  33.5772, 01 Oct 2018 07:51:32
  8.7919,  3.56178,   33.369, 0.0104, 0.0097,  33.5817, 01 Oct 2018 07:51:34
  8.7909,  3.56162,   33.770, 0.0106, 0.0098,  33.5808, 01 Oct 2018 07:51:37
  8.7862,  3.56121,   34.202, 0.0100, 0.0112,  33.5808, 01 Oct 2018 07:51:39
  8.7839,  3.56095,   34.668, 0.0103, 0.0104,  33.5800, 01 Oct 2018 07:51:42
  8.7798,  3.56062,   35.218, 0.0105, 0.0106,  33.5802, 01 Oct 2018 07:51:44
  8.7785,  3.56054,   35.689, 0.0102, 0.0105,  33.5803, 01 Oct 2018 07:51:46
  8.7780,  3.56031,   36.077, 0.0102, 0.0113,  33.5781, 01 Oct 2018 07:51:49
  8.7740,  3.56013,   36.456, 0.0103, 0.0098,  33.5799, 01 Oct 2018 07:51:51
  8.7722,  3.55999,   36.879, 0.0102, 0.0106,  33.5800, 01 Oct 2018 07:51:53
  8.7693,  3.55988,   37.289, 0.0105, 0.0107,  33.5813, 01 Oct 2018 07:51:56
  8.7697,  3.55987,   37.665, 0.0100, 0.0107,  33.5807, 01 Oct 2018 07:51:58
  8.7683,  3.55973,   38.056, 0.0095, 0.0106,  33.5803, 01 Oct 2018 07:52:01
  8.7640,  3.55948,   38.567, 0.0101, 0.0106,  33.5816, 01 Oct 2018 07:52:03
  8.7622,  3.55936,   39.119, 0.0101, 0.0109,  33.5818, 01 Oct 2018 07:52:06
  8.7513,  3.55897,   39.568, 0.0100, 0.0107,  33.5878, 01 Oct 2018 07:52:08
  8.7369,  3.55827,   39.936, 0.0098, 0.0101,  33.5940, 01 Oct 2018 07:52:10
  8.7250,  3.55763,   40.319, 0.0101, 0.0097,  33.5985, 01 Oct 2018 07:52:13
  8.7175,  3.55730,   40.721, 0.0095, 0.0106,  33.6019, 01 Oct 2018 07:52:15
  8.7122,  3.55685,   41.108, 0.0104, 0.0104,  33.6020, 01 Oct 2018 07:52:17
  8.6987,  3.55625,   41.532, 0.0101, 0.0101,  33.6084, 01 Oct 2018 07:52:20
  8.6939,  3.55595,   42.054, 0.0108, 0.0099,  33.6095, 01 Oct 2018 07:52:22
  8.6900,  3.55572,   42.589, 0.0104, 0.0102,  33.6105, 01 Oct 2018 07:52:25
  8.6875,  3.55553,   43.061, 0.0102, 0.0101,  33.6107, 01 Oct 2018 07:52:27
  8.6863,  3.55548,   43.437, 0.0105, 0.0106,  33.6112, 01 Oct 2018 07:52:29
  8.6884,  3.55565,   43.577, 0.0104, 0.0099,  33.6109, 01 Oct 2018 07:52:32
  8.6927,  3.55610,   43.501, 0.0099, 0.0104,  33.6115, 01 Oct 2018 07:52:34
  8.6780,  3.55503,   43.492, 0.0104, 0.0101,  33.6142, 01 Oct 2018 07:52:36
  8.6735,  3.55470,   43.476, 0.0102, 0.0109,  33.6151, 01 Oct 2018 07:52:39
