
---  10-01-18 07:52:47 ---
  8.6810,  3.55481,   43.519, 0.0099, 0.0104,  33.6091, 01 Oct 2018 07:53:14
 10.5747,  3.68718,   16.284, 0.0107, 0.0106,  33.2178, 01 Oct 2018 07:57:15
 10.5836,  3.68800,   16.233, 0.0102, 0.0100,  33.2181, 01 Oct 2018 07:57:17
 10.5888,  3.68796,   16.238, 0.0107, 0.0108,  33.2129, 01 Oct 2018 07:57:19
 10.5848,  3.68747,   16.222, 0.0096, 0.0110,  33.2116, 01 Oct 2018 07:57:22
 10.5650,  3.68603,   16.400, 0.0103, 0.0109,  33.2151, 01 Oct 2018 07:57:24
 10.5435,  3.68129,   16.350, 0.0096, 0.0100,  33.1873, 01 Oct 2018 07:57:26
 10.5619,  3.68571,   16.334, 0.0098, 0.0099,  33.2148, 01 Oct 2018 07:57:29
 10.5543,  3.68487,   16.368, 0.0095, 0.0106,  33.2133, 01 Oct 2018 07:57:31
 10.5592,  3.68535,   16.121, 0.0098, 0.0107,  33.2137, 01 Oct 2018 07:57:34
 10.5688,  3.68589,   16.238, 0.0117, 0.0105,  33.2104, 01 Oct 2018 07:57:36
 10.5284,  3.68248,   16.450, 0.0102, 0.0103,  33.2129, 01 Oct 2018 07:57:38
 10.5073,  3.68140,   16.456, 0.0096, 0.0100,  33.2213, 01 Oct 2018 07:57:41
 10.5262,  3.68270,   16.371, 0.0096, 0.0107,  33.2171, 01 Oct 2018 07:57:43
 10.5554,  3.68501,   16.273, 0.0097, 0.0101,  33.2137, 01 Oct 2018 07:57:46
 10.5353,  3.68326,   16.295, 0.0089, 0.0106,  33.2144, 01 Oct 2018 07:57:48
 10.5241,  3.68252,   16.241, 0.0095, 0.0098,  33.2173, 01 Oct 2018 07:57:50
 10.5298,  3.68291,   16.143, 0.0099, 0.0108,  33.2160, 01 Oct 2018 07:57:53
 10.5262,  3.68250,   16.175, 0.0099, 0.0099,  33.2152, 01 Oct 2018 07:57:55
 10.5067,  3.68090,   16.256, 0.0095, 0.0106,  33.2168, 01 Oct 2018 07:57:58
 10.4797,  3.67930,   16.409, 0.0103, 0.0100,  33.2254, 01 Oct 2018 07:58:00
 10.4786,  3.67940,   16.359, 0.0098, 0.0102,  33.2274, 01 Oct 2018 07:58:02
 10.5012,  3.68072,   16.163, 0.0104, 0.0097,  33.2201, 01 Oct 2018 07:58:05
 10.5123,  3.68145,   16.207, 0.0097, 0.0099,  33.2173, 01 Oct 2018 07:58:07
 10.5092,  3.68102,   16.299, 0.0095, 0.0111,  33.2158, 01 Oct 2018 07:58:10
 10.4825,  3.67931,   16.384, 0.0116, 0.0097,  33.2230, 01 Oct 2018 07:58:12
 10.4854,  3.67964,   16.221, 0.0095, 0.0109,  33.2237, 01 Oct 2018 07:58:14
 10.4996,  3.68044,   16.123, 0.0099, 0.0095,  33.2188, 01 Oct 2018 07:58:17
 10.4824,  3.67879,   16.264, 0.0098, 0.0096,  33.2179, 01 Oct 2018 07:58:19
 10.4618,  3.67749,   16.418, 0.0100, 0.0098,  33.2235, 01 Oct 2018 07:58:21
 10.4597,  3.67752,   16.273, 0.0093, 0.0104,  33.2258, 01 Oct 2018 07:58:24
 10.4726,  3.67842,   16.078, 0.0093, 0.0101,  33.2231, 01 Oct 2018 07:58:26
 10.4821,  3.67899,   16.180, 0.0097, 0.0097,  33.2202, 01 Oct 2018 07:58:29
 10.4755,  3.67858,   16.388, 0.0096, 0.0096,  33.2220, 01 Oct 2018 07:58:31
 10.4766,  3.67872,   16.258, 0.0093, 0.0109,  33.2225, 01 Oct 2018 07:58:33
 10.4936,  3.67995,   16.123, 0.0097, 0.0107,  33.2194, 01 Oct 2018 07:58:36
 10.4933,  3.67976,   16.251, 0.0093, 0.0104,  33.2177, 01 Oct 2018 07:58:38
 10.4829,  3.67906,   16.435, 0.0099, 0.0102,  33.2201, 01 Oct 2018 07:58:41
 10.4690,  3.67805,   16.364, 0.0091, 0.0107,  33.2226, 01 Oct 2018 07:58:43
 10.4861,  3.67933,   16.164, 0.0097, 0.0116,  33.2199, 01 Oct 2018 07:58:45
 10.4854,  3.67905,   16.153, 0.0116, 0.0092,  33.2177, 01 Oct 2018 07:58:48
 10.4832,  3.67888,   16.252, 0.0102, 0.0100,  33.2181, 01 Oct 2018 07:58:50
 10.4780,  3.67860,   16.284, 0.0103, 0.0104,  33.2199, 01 Oct 2018 07:58:52
 10.4830,  3.67899,   16.141, 0.0102, 0.0107,  33.2194, 01 Oct 2018 07:58:55
 10.4987,  3.68003,   16.152, 0.0094, 0.0097,  33.2155, 01 Oct 2018 07:58:57
 10.4783,  3.67870,   16.285, 0.0093, 0.0099,  33.2207, 01 Oct 2018 07:58:59
 10.4821,  3.67902,   16.183, 0.0098, 0.0107,  33.2205, 01 Oct 2018 07:59:02
 10.4859,  3.67920,   16.186, 0.0096, 0.0109,  33.2189, 01 Oct 2018 07:59:04
 10.4851,  3.67932,   16.215, 0.0095, 0.0097,  33.2208, 01 Oct 2018 07:59:07
 10.4958,  3.67984,   16.223, 0.0101, 0.0105,  33.2162, 01 Oct 2018 07:59:09
 10.5058,  3.68052,   16.248, 0.0096, 0.0110,  33.2139, 01 Oct 2018 07:59:11
 10.5025,  3.68025,   16.057, 0.0102, 0.0104,  33.2142, 01 Oct 2018 07:59:14
 10.5110,  3.68090,   16.112, 0.0099, 0.0094,  33.2130, 01 Oct 2018 07:59:16
 10.5020,  3.68018,   16.220, 0.0096, 0.0102,  33.2140, 01 Oct 2018 07:59:19
 10.5031,  3.68037,   16.316, 0.0095, 0.0110,  33.2148, 01 Oct 2018 07:59:21
 10.5083,  3.68066,   16.293, 0.0099, 0.0105,  33.2130, 01 Oct 2018 07:59:23
 10.5130,  3.68108,   16.136, 0.0095, 0.0108,  33.2130, 01 Oct 2018 07:59:26
 10.5226,  3.68179,   16.099, 0.0097, 0.0097,  33.2114, 01 Oct 2018 07:59:28
 10.5230,  3.68185,   16.230, 0.0107, 0.0107,  33.2115, 01 Oct 2018 07:59:30
 10.5140,  3.68112,   16.385, 0.0098, 0.0101,  33.2124, 01 Oct 2018 07:59:33
 10.5175,  3.68143,   16.184, 0.0096, 0.0106,  33.2124, 01 Oct 2018 07:59:35
 10.5197,  3.68162,   16.227, 0.0095, 0.0101,  33.2123, 01 Oct 2018 07:59:38
 10.5232,  3.68186,   16.235, 0.0093, 0.0105,  33.2115, 01 Oct 2018 07:59:40
 10.5255,  3.68203,   16.236, 0.0097, 0.0106,  33.2110, 01 Oct 2018 07:59:42
 10.5265,  3.68211,   16.156, 0.0098, 0.0095,  33.2109, 01 Oct 2018 07:59:45
 10.5310,  3.68242,   16.214, 0.0102, 0.0098,  33.2100, 01 Oct 2018 07:59:47
 10.5486,  3.68399,   16.250, 0.0095, 0.0099,  33.2098, 01 Oct 2018 07:59:50
 10.5445,  3.68340,   16.193, 0.0098, 0.0103,  33.2076, 01 Oct 2018 07:59:52
 10.5420,  3.68335,   16.064, 0.0104, 0.0103,  33.2094, 01 Oct 2018 07:59:54
 10.5639,  3.68521,   16.153, 0.0099, 0.0092,  33.2080, 01 Oct 2018 07:59:57
 10.5438,  3.68334,   16.275, 0.0096, 0.0098,  33.2076, 01 Oct 2018 07:59:59
 10.5450,  3.68353,   16.242, 0.0094, 0.0107,  33.2084, 01 Oct 2018 08:00:01
 10.5524,  3.68416,   16.216, 0.0099, 0.0102,  33.2080, 01 Oct 2018 08:00:04
 10.5671,  3.68522,   16.182, 0.0095, 0.0102,  33.2052, 01 Oct 2018 08:00:06
 10.5874,  3.68688,   16.202, 0.0103, 0.0100,  33.2033, 01 Oct 2018 08:00:09
 10.5883,  3.68681,   16.152, 0.0109, 0.0111,  33.2019, 01 Oct 2018 08:00:11
 10.5809,  3.68613,   16.148, 0.0096, 0.0095,  33.2018, 01 Oct 2018 08:00:13
 10.5784,  3.68618,   16.142, 0.0097, 0.0101,  33.2045, 01 Oct 2018 08:00:16
 10.5798,  3.68623,   16.225, 0.0093, 0.0098,  33.2037, 01 Oct 2018 08:00:18
 10.5888,  3.68716,   16.294, 0.0097, 0.0099,  33.2048, 01 Oct 2018 08:00:21
 10.5834,  3.68655,   16.164, 0.0097, 0.0099,  33.2037, 01 Oct 2018 08:00:23
 10.6058,  3.68859,   16.152, 0.0095, 0.0104,  33.2037, 01 Oct 2018 08:00:25
 10.6699,  3.69324,   16.155, 0.0097, 0.0102,  33.1920, 01 Oct 2018 08:00:28
 10.6610,  3.69277,   16.143, 0.0098, 0.0101,  33.1953, 01 Oct 2018 08:00:30
 10.6573,  3.69243,   16.159, 0.0098, 0.0106,  33.1953, 01 Oct 2018 08:00:32
 10.6676,  3.69321,   16.112, 0.0099, 0.0099,  33.1938, 01 Oct 2018 08:00:35
 10.7362,  3.69873,   16.169, 0.0095, 0.0098,  33.1865, 01 Oct 2018 08:00:37
 10.7253,  3.69754,   16.253, 0.0097, 0.0107,  33.1845, 01 Oct 2018 08:00:40
 10.7174,  3.69726,   16.242, 0.0104, 0.0099,  33.1889, 01 Oct 2018 08:00:42
 10.6843,  3.69443,   16.134, 0.0103, 0.0093,  33.1908, 01 Oct 2018 08:00:44
 10.6857,  3.69498,   15.990, 0.0111, 0.0097,  33.1951, 01 Oct 2018 08:00:47
 10.7781,  3.70208,   16.162, 0.0095, 0.0101,  33.1819, 01 Oct 2018 08:00:49
 10.7745,  3.70143,   16.408, 0.0103, 0.0109,  33.1787, 01 Oct 2018 08:00:51
 10.7875,  3.70303,   16.297, 0.0101, 0.0101,  33.1829, 01 Oct 2018 08:00:54
 10.8138,  3.70487,   16.151, 0.0096, 0.0098,  33.1774, 01 Oct 2018 08:00:56
 10.8014,  3.70391,   16.154, 0.0095, 0.0102,  33.1791, 01 Oct 2018 08:00:58
 10.7750,  3.70167,   16.232, 0.0094, 0.0098,  33.1807, 01 Oct 2018 08:01:01
 10.8035,  3.70440,   16.345, 0.0098, 0.0095,  33.1819, 01 Oct 2018 08:01:03
 10.8158,  3.70534,   16.272, 0.0094, 0.0102,  33.1802, 01 Oct 2018 08:01:06
 10.8384,  3.70711,   16.223, 0.0094, 0.0108,  33.1773, 01 Oct 2018 08:01:08
 10.8439,  3.70751,   16.254, 0.0098, 0.0104,  33.1764, 01 Oct 2018 08:01:10
 10.8570,  3.70862,   16.182, 0.0090, 0.0102,  33.1756, 01 Oct 2018 08:01:13
 10.8872,  3.71106,   16.285, 0.0099, 0.0097,  33.1725, 01 Oct 2018 08:01:15
 10.8858,  3.71085,   16.198, 0.0091, 0.0102,  33.1716, 01 Oct 2018 08:01:17
 10.9100,  3.71260,   16.291, 0.0096, 0.0104,  33.1672, 01 Oct 2018 08:01:20
 10.8966,  3.71161,   16.447, 0.0114, 0.0097,  33.1694, 01 Oct 2018 08:01:22
 10.8936,  3.71155,   16.386, 0.0094, 0.0104,  33.1715, 01 Oct 2018 08:01:24
 10.9074,  3.71268,   16.152, 0.0096, 0.0102,  33.1703, 01 Oct 2018 08:01:27
 10.9377,  3.71467,   16.047, 0.0097, 0.0101,  33.1628, 01 Oct 2018 08:01:29
 10.8976,  3.71190,   16.298, 0.0108, 0.0102,  33.1714, 01 Oct 2018 08:01:32
 10.9009,  3.71197,   16.501, 0.0101, 0.0101,  33.1690, 01 Oct 2018 08:01:34
 10.8989,  3.71231,   16.343, 0.0098, 0.0099,  33.1743, 01 Oct 2018 08:01:36
 10.9367,  3.71528,   16.198, 0.0094, 0.0108,  33.1697, 01 Oct 2018 08:01:39
 10.9417,  3.71544,   16.267, 0.0099, 0.0100,  33.1667, 01 Oct 2018 08:01:41
 10.9565,  3.71662,   16.271, 0.0095, 0.0095,  33.1650, 01 Oct 2018 08:01:43
 10.9572,  3.71668,   16.293, 0.0095, 0.0096,  33.1650, 01 Oct 2018 08:01:46
 10.9663,  3.71743,   16.165, 0.0096, 0.0108,  33.1643, 01 Oct 2018 08:01:48
 10.9666,  3.71746,   16.196, 0.0099, 0.0099,  33.1643, 01 Oct 2018 08:01:51
 10.9720,  3.71791,   16.331, 0.0093, 0.0104,  33.1639, 01 Oct 2018 08:01:53
 10.9715,  3.71787,   16.267, 0.0099, 0.0104,  33.1639, 01 Oct 2018 08:01:55
 10.9757,  3.71824,   16.140, 0.0103, 0.0107,  33.1638, 01 Oct 2018 08:01:58
 10.9805,  3.71858,   16.186, 0.0101, 0.0097,  33.1628, 01 Oct 2018 08:02:00
 10.9663,  3.71756,   16.352, 0.0096, 0.0104,  33.1655, 01 Oct 2018 08:02:02
 10.9556,  3.71687,   16.320, 0.0114, 0.0106,  33.1683, 01 Oct 2018 08:02:05
 10.9767,  3.71841,   16.153, 0.0099, 0.0108,  33.1646, 01 Oct 2018 08:02:07
 10.9740,  3.71827,   16.108, 0.0096, 0.0109,  33.1656, 01 Oct 2018 08:02:09
 10.9534,  3.71674,   16.230, 0.0094, 0.0101,  33.1690, 01 Oct 2018 08:02:12
 10.9599,  3.71734,   16.276, 0.0101, 0.0098,  33.1691, 01 Oct 2018 08:02:14
 10.9692,  3.71794,   16.262, 0.0094, 0.0109,  33.1667, 01 Oct 2018 08:02:17
 10.9663,  3.71765,   16.185, 0.0098, 0.0095,  33.1664, 01 Oct 2018 08:02:19
 10.9507,  3.71648,   16.206, 0.0106, 0.0095,  33.1688, 01 Oct 2018 08:02:21
 10.9354,  3.71548,   16.260, 0.0098, 0.0097,  33.1728, 01 Oct 2018 08:02:24
 10.9096,  3.71348,   16.202, 0.0099, 0.0101,  33.1762, 01 Oct 2018 08:02:26
 10.9243,  3.71473,   16.151, 0.0105, 0.0103,  33.1754, 01 Oct 2018 08:02:28
 10.9116,  3.71356,   16.121, 0.0103, 0.0105,  33.1754, 01 Oct 2018 08:02:31
 10.9059,  3.71331,   16.115, 0.0096, 0.0101,  33.1780, 01 Oct 2018 08:02:33
 10.8404,  3.70805,   16.288, 0.0093, 0.0104,  33.1849, 01 Oct 2018 08:02:36
 10.7096,  3.69795,   16.355, 0.0096, 0.0109,  33.2028, 01 Oct 2018 08:02:38
 10.8116,  3.70678,   16.324, 0.0098, 0.0101,  33.1984, 01 Oct 2018 08:02:40
 10.8185,  3.70632,   16.202, 0.0098, 0.0091,  33.1875, 01 Oct 2018 08:02:43
 10.8223,  3.70659,   16.113, 0.0114, 0.0107,  33.1868, 01 Oct 2018 08:02:45
 10.7135,  3.69780,   16.170, 0.0099, 0.0107,  33.1979, 01 Oct 2018 08:02:47
 10.7240,  3.69918,   16.108, 0.0099, 0.0095,  33.2022, 01 Oct 2018 08:02:50
 10.6997,  3.69665,   16.257, 0.0092, 0.0102,  33.1990, 01 Oct 2018 08:02:52
 10.6650,  3.69430,   16.271, 0.0095, 0.0096,  33.2070, 01 Oct 2018 08:02:54
 10.6928,  3.69636,   16.301, 0.0095, 0.0102,  33.2023, 01 Oct 2018 08:02:57
 10.6393,  3.69182,   16.366, 0.0104, 0.0100,  33.2055, 01 Oct 2018 08:02:59
 10.6794,  3.69548,   16.206, 0.0098, 0.0096,  33.2057, 01 Oct 2018 08:03:02
 10.6987,  3.69665,   16.138, 0.0094, 0.0094,  33.2000, 01 Oct 2018 08:03:04
 10.6652,  3.69358,   16.083, 0.0097, 0.0108,  33.1996, 01 Oct 2018 08:03:06
 10.6254,  3.69079,   16.146, 0.0104, 0.0099,  33.2079, 01 Oct 2018 08:03:09
 10.6075,  3.68916,   16.201, 0.0095, 0.0099,  33.2079, 01 Oct 2018 08:03:11
 10.6109,  3.68955,   16.172, 0.0096, 0.0108,  33.2087, 01 Oct 2018 08:03:13
 10.5976,  3.68839,   16.200, 0.0103, 0.0111,  33.2092, 01 Oct 2018 08:03:16
 10.5910,  3.68793,   16.150, 0.0096, 0.0092,  33.2106, 01 Oct 2018 08:03:18
 10.5968,  3.68820,   16.177, 0.0096, 0.0098,  33.2079, 01 Oct 2018 08:03:20
 10.5761,  3.68646,   16.138, 0.0099, 0.0100,  33.2095, 01 Oct 2018 08:03:23
 10.6012,  3.68871,   15.999, 0.0099, 0.0101,  33.2091, 01 Oct 2018 08:03:25
 10.5567,  3.68462,   16.060, 0.0106, 0.0096,  33.2087, 01 Oct 2018 08:03:28
 10.5567,  3.68519,   16.056, 0.0094, 0.0105,  33.2145, 01 Oct 2018 08:03:30
 10.5710,  3.68622,   16.085, 0.0098, 0.0100,  33.2117, 01 Oct 2018 08:03:32
 10.5522,  3.68441,   16.054, 0.0091, 0.0110,  33.2108, 01 Oct 2018 08:03:35
 10.5601,  3.68519,   16.083, 0.0099, 0.0099,  33.2113, 01 Oct 2018 08:03:37
 10.5351,  3.68296,   16.196, 0.0094, 0.0101,  33.2117, 01 Oct 2018 08:03:39
 10.5274,  3.68264,   16.117, 0.0103, 0.0100,  33.2155, 01 Oct 2018 08:03:42
 10.5353,  3.68302,   16.000, 0.0096, 0.0100,  33.2122, 01 Oct 2018 08:03:44
 10.5437,  3.68377,   15.946, 0.0102, 0.0107,  33.2121, 01 Oct 2018 08:03:47
 10.5442,  3.68386,   15.970, 0.0097, 0.0098,  33.2125, 01 Oct 2018 08:03:49
 10.4967,  3.67994,   16.078, 0.0097, 0.0100,  33.2164, 01 Oct 2018 08:03:51
 10.4860,  3.67942,   16.205, 0.0098, 0.0100,  33.2210, 01 Oct 2018 08:03:54
 10.4945,  3.68000,   16.128, 0.0095, 0.0108,  33.2189, 01 Oct 2018 08:03:56
 10.5086,  3.68103,   16.023, 0.0104, 0.0102,  33.2165, 01 Oct 2018 08:03:58
 10.5035,  3.68040,   15.983, 0.0093, 0.0102,  33.2149, 01 Oct 2018 08:04:01
 10.4948,  3.67974,   16.014, 0.0099, 0.0102,  33.2162, 01 Oct 2018 08:04:03
 10.4698,  3.67819,   16.069, 0.0111, 0.0103,  33.2234, 01 Oct 2018 08:04:05
 10.4687,  3.67820,   16.010, 0.0095, 0.0103,  33.2245, 01 Oct 2018 08:04:08
 10.4831,  3.67911,   16.065, 0.0097, 0.0104,  33.2205, 01 Oct 2018 08:04:10
 10.4833,  3.67912,   16.131, 0.0099, 0.0097,  33.2204, 01 Oct 2018 08:04:13
 10.4813,  3.67888,   16.069, 0.0095, 0.0103,  33.2198, 01 Oct 2018 08:04:15
 10.4863,  3.67912,   16.050, 0.0099, 0.0105,  33.2177, 01 Oct 2018 08:04:17
 10.4776,  3.67849,   16.093, 0.0099, 0.0104,  33.2193, 01 Oct 2018 08:04:20
 10.4703,  3.67805,   16.080, 0.0095, 0.0104,  33.2215, 01 Oct 2018 08:04:22
 10.4776,  3.67858,   16.027, 0.0097, 0.0104,  33.2202, 01 Oct 2018 08:04:24
 10.4802,  3.67874,   15.968, 0.0097, 0.0105,  33.2195, 01 Oct 2018 08:04:27
 10.4776,  3.67863,   16.023, 0.0095, 0.0097,  33.2208, 01 Oct 2018 08:04:29
 10.4644,  3.67753,   16.111, 0.0104, 0.0104,  33.2217, 01 Oct 2018 08:04:31
 10.4722,  3.67818,   15.999, 0.0096, 0.0106,  33.2211, 01 Oct 2018 08:04:34
 10.4810,  3.67864,   15.977, 0.0096, 0.0100,  33.2178, 01 Oct 2018 08:04:36
 10.4835,  3.67869,   16.032, 0.0097, 0.0104,  33.2159, 01 Oct 2018 08:04:39
 10.4636,  3.67734,   16.023, 0.0097, 0.0097,  33.2206, 01 Oct 2018 08:04:41
 10.4722,  3.67782,   16.054, 0.0095, 0.0111,  33.2175, 01 Oct 2018 08:04:43
 10.4766,  3.67829,   16.044, 0.0102, 0.0102,  33.2182, 01 Oct 2018 08:04:46
 10.4792,  3.67849,   15.936, 0.0100, 0.0099,  33.2180, 01 Oct 2018 08:04:48
 10.4691,  3.67768,   16.017, 0.0110, 0.0101,  33.2190, 01 Oct 2018 08:04:50
 10.4613,  3.67727,   16.052, 0.0097, 0.0110,  33.2219, 01 Oct 2018 08:04:53
 10.4658,  3.67760,   15.990, 0.0093, 0.0100,  33.2212, 01 Oct 2018 08:04:55
 10.4648,  3.67746,   16.019, 0.0102, 0.0102,  33.2207, 01 Oct 2018 08:04:58
 10.4673,  3.67763,   15.974, 0.0104, 0.0104,  33.2201, 01 Oct 2018 08:05:00
 10.4685,  3.67771,   16.036, 0.0095, 0.0104,  33.2198, 01 Oct 2018 08:05:02
 10.4709,  3.67781,   16.030, 0.0098, 0.0104,  33.2186, 01 Oct 2018 08:05:05
 10.4732,  3.67796,   15.910, 0.0096, 0.0096,  33.2181, 01 Oct 2018 08:05:07
 10.4767,  3.67822,   16.001, 0.0097, 0.0101,  33.2174, 01 Oct 2018 08:05:10
 10.4775,  3.67824,   15.975, 0.0096, 0.0106,  33.2170, 01 Oct 2018 08:05:12
 10.4735,  3.67799,   16.025, 0.0097, 0.0107,  33.2180, 01 Oct 2018 08:05:14
 10.4690,  3.67777,   16.035, 0.0098, 0.0104,  33.2200, 01 Oct 2018 08:05:17
 10.4700,  3.67785,   15.998, 0.0105, 0.0106,  33.2199, 01 Oct 2018 08:05:19
 10.4942,  3.67952,   15.914, 0.0104, 0.0097,  33.2146, 01 Oct 2018 08:05:21
 10.5084,  3.68055,   15.847, 0.0096, 0.0106,  33.2120, 01 Oct 2018 08:05:24
 10.5204,  3.68151,   15.910, 0.0098, 0.0105,  33.2107, 01 Oct 2018 08:05:26
 10.5607,  3.68433,   16.058, 0.0096, 0.0099,  33.2021, 01 Oct 2018 08:05:28
 10.5583,  3.68432,   16.110, 0.0101, 0.0102,  33.2043, 01 Oct 2018 08:05:31
 10.5522,  3.68380,   16.054, 0.0111, 0.0106,  33.2046, 01 Oct 2018 08:05:33
 10.5466,  3.68366,   15.928, 0.0095, 0.0100,  33.2083, 01 Oct 2018 08:05:36
 10.5226,  3.68186,   15.993, 0.0096, 0.0101,  33.2122, 01 Oct 2018 08:05:38
 10.5228,  3.68185,   15.920, 0.0101, 0.0103,  33.2118, 01 Oct 2018 08:05:40
 10.5380,  3.68298,   15.978, 0.0099, 0.0111,  33.2093, 01 Oct 2018 08:05:43
 10.5780,  3.68607,   16.084, 0.0097, 0.0104,  33.2039, 01 Oct 2018 08:05:45
 10.5666,  3.68507,   16.060, 0.0096, 0.0100,  33.2042, 01 Oct 2018 08:05:47
 10.5956,  3.68779,   16.145, 0.0102, 0.0102,  33.2050, 01 Oct 2018 08:05:50
 10.5947,  3.68716,   16.039, 0.0101, 0.0114,  33.1996, 01 Oct 2018 08:05:52
 10.6005,  3.68772,   15.972, 0.0097, 0.0099,  33.1999, 01 Oct 2018 08:05:54
 10.6595,  3.69271,   15.936, 0.0090, 0.0100,  33.1962, 01 Oct 2018 08:05:57
 10.6618,  3.69238,   15.956, 0.0093, 0.0097,  33.1908, 01 Oct 2018 08:05:59
 10.7253,  3.69767,   15.975, 0.0093, 0.0102,  33.1859, 01 Oct 2018 08:06:02
 10.7028,  3.69568,   16.039, 0.0095, 0.0108,  33.1865, 01 Oct 2018 08:06:04
 10.7548,  3.70006,   16.205, 0.0098, 0.0105,  33.1830, 01 Oct 2018 08:06:06
 10.7649,  3.70031,   16.108, 0.0098, 0.0097,  33.1763, 01 Oct 2018 08:06:09
 10.7196,  3.69713,   15.998, 0.0103, 0.0101,  33.1857, 01 Oct 2018 08:06:11
 10.7271,  3.69789,   15.978, 0.0104, 0.0102,  33.1865, 01 Oct 2018 08:06:13
 10.7489,  3.69981,   16.014, 0.0116, 0.0104,  33.1859, 01 Oct 2018 08:06:16
 10.8099,  3.70487,   16.296, 0.0101, 0.0101,  33.1809, 01 Oct 2018 08:06:18
 10.8466,  3.70733,   16.277, 0.0104, 0.0110,  33.1721, 01 Oct 2018 08:06:20
 10.8302,  3.70560,   16.234, 0.0098, 0.0104,  33.1698, 01 Oct 2018 08:06:23
 10.8943,  3.71127,   16.208, 0.0098, 0.0107,  33.1681, 01 Oct 2018 08:06:25
 10.9223,  3.71318,   16.206, 0.0106, 0.0101,  33.1619, 01 Oct 2018 08:06:28
 10.9525,  3.71567,   16.187, 0.0099, 0.0099,  33.1593, 01 Oct 2018 08:06:30
 10.9654,  3.71667,   16.159, 0.0097, 0.0101,  33.1576, 01 Oct 2018 08:06:32
 11.0058,  3.71952,   16.096, 0.0102, 0.0101,  33.1494, 01 Oct 2018 08:06:35
 11.0359,  3.72096,   16.003, 0.0102, 0.0109,  33.1365, 01 Oct 2018 08:06:37
 11.1423,  3.72952,   16.083, 0.0094, 0.0101,  33.1253, 01 Oct 2018 08:06:39
 11.1950,  3.73290,   16.211, 0.0099, 0.0101,  33.1111, 01 Oct 2018 08:06:42
 11.2014,  3.73329,   16.192, 0.0098, 0.0106,  33.1093, 01 Oct 2018 08:06:44
 11.2038,  3.73373,   16.169, 0.0096, 0.0103,  33.1115, 01 Oct 2018 08:06:47
 11.2077,  3.73424,   16.148, 0.0099, 0.0104,  33.1130, 01 Oct 2018 08:06:49
 11.2074,  3.73430,   16.024, 0.0107, 0.0107,  33.1139, 01 Oct 2018 08:06:51
 11.2353,  3.73678,   16.002, 0.0098, 0.0100,  33.1134, 01 Oct 2018 08:06:54
 11.3060,  3.74193,   16.206, 0.0104, 0.0102,  33.1005, 01 Oct 2018 08:06:56
 11.2937,  3.74029,   16.353, 0.0097, 0.0101,  33.0953, 01 Oct 2018 08:06:58
 11.3072,  3.74178,   16.137, 0.0099, 0.0105,  33.0980, 01 Oct 2018 08:07:01
 11.2892,  3.74074,   16.042, 0.0099, 0.0105,  33.1039, 01 Oct 2018 08:07:03
 11.3491,  3.74526,   16.083, 0.0102, 0.0104,  33.0946, 01 Oct 2018 08:07:06
 11.4180,  3.75078,   16.176, 0.0102, 0.0104,  33.0871, 01 Oct 2018 08:07:08
 11.4126,  3.74964,   16.168, 0.0097, 0.0115,  33.0808, 01 Oct 2018 08:07:10
 11.4269,  3.75128,   16.048, 0.0102, 0.0099,  33.0841, 01 Oct 2018 08:07:13
 11.4273,  3.75149,   16.080, 0.0097, 0.0104,  33.0859, 01 Oct 2018 08:07:15
 11.4461,  3.75306,   16.127, 0.0102, 0.0101,  33.0843, 01 Oct 2018 08:07:17
 11.4727,  3.75504,   16.111, 0.0102, 0.0107,  33.0800, 01 Oct 2018 08:07:20
 11.5746,  3.76263,   16.164, 0.0099, 0.0096,  33.0633, 01 Oct 2018 08:07:22
 11.5869,  3.76325,   16.205, 0.0100, 0.0099,  33.0584, 01 Oct 2018 08:07:24
 11.5822,  3.76317,   16.266, 0.0098, 0.0102,  33.0617, 01 Oct 2018 08:07:27
 11.5805,  3.76310,   16.115, 0.0106, 0.0103,  33.0626, 01 Oct 2018 08:07:29
 11.5933,  3.76443,   16.095, 0.0099, 0.0098,  33.0642, 01 Oct 2018 08:07:32
 11.6727,  3.77016,   16.103, 0.0108, 0.0105,  33.0494, 01 Oct 2018 08:07:34
 11.7178,  3.77298,   16.108, 0.0095, 0.0106,  33.0368, 01 Oct 2018 08:07:36
 11.7306,  3.77405,   16.182, 0.0097, 0.0110,  33.0357, 01 Oct 2018 08:07:39
 11.7217,  3.77359,   16.155, 0.0101, 0.0104,  33.0391, 01 Oct 2018 08:07:41
 11.7192,  3.77367,   16.157, 0.0099, 0.0101,  33.0421, 01 Oct 2018 08:07:43
 11.7335,  3.77478,   16.150, 0.0102, 0.0103,  33.0403, 01 Oct 2018 08:07:46
 11.7415,  3.77524,   16.057, 0.0101, 0.0108,  33.0376, 01 Oct 2018 08:07:48
 11.7744,  3.77794,   16.005, 0.0094, 0.0101,  33.0346, 01 Oct 2018 08:07:51
 11.8125,  3.78040,   16.134, 0.0099, 0.0104,  33.0247, 01 Oct 2018 08:07:53
 11.8037,  3.77961,   16.220, 0.0096, 0.0098,  33.0248, 01 Oct 2018 08:07:55
 11.7838,  3.77847,   16.119, 0.0099, 0.0108,  33.0315, 01 Oct 2018 08:07:58
 11.7763,  3.77805,   16.111, 0.0101, 0.0111,  33.0341, 01 Oct 2018 08:08:00
 11.7664,  3.77764,   16.095, 0.0096, 0.0102,  33.0388, 01 Oct 2018 08:08:02
 11.8043,  3.77999,   16.135, 0.0097, 0.0106,  33.0281, 01 Oct 2018 08:08:05
 11.8366,  3.78218,   16.257, 0.0098, 0.0100,  33.0206, 01 Oct 2018 08:08:07
 11.8335,  3.78182,   16.275, 0.0096, 0.0104,  33.0199, 01 Oct 2018 08:08:10
 11.8206,  3.78107,   16.069, 0.0104, 0.0099,  33.0241, 01 Oct 2018 08:08:12
 11.8273,  3.78186,   15.982, 0.0098, 0.0095,  33.0259, 01 Oct 2018 08:08:14
 11.8428,  3.78302,   16.230, 0.0095, 0.0097,  33.0232, 01 Oct 2018 08:08:17
 11.8408,  3.78245,   16.416, 0.0118, 0.0105,  33.0194, 01 Oct 2018 08:08:19
 11.8360,  3.78241,   16.250, 0.0099, 0.0103,  33.0234, 01 Oct 2018 08:08:21
 11.7422,  3.77620,   16.164, 0.0105, 0.0104,  33.0463, 01 Oct 2018 08:08:24
 11.7779,  3.77945,   16.207, 0.0095, 0.0100,  33.0462, 01 Oct 2018 08:08:26
 11.7905,  3.77988,   16.202, 0.0096, 0.0108,  33.0392, 01 Oct 2018 08:08:28
 11.7883,  3.77951,   16.118, 0.0108, 0.0102,  33.0375, 01 Oct 2018 08:08:31
 11.7491,  3.77686,   16.179, 0.0099, 0.0103,  33.0466, 01 Oct 2018 08:08:33
 11.7488,  3.77652,   16.280, 0.0102, 0.0101,  33.0435, 01 Oct 2018 08:08:36
 11.6433,  3.76990,   16.344, 0.0102, 0.0111,  33.0729, 01 Oct 2018 08:08:38
 11.6776,  3.77248,   16.091, 0.0100, 0.0099,  33.0677, 01 Oct 2018 08:08:40
 11.5004,  3.75840,   16.124, 0.0093, 0.0100,  33.0881, 01 Oct 2018 08:08:43
 11.6261,  3.76886,   16.239, 0.0104, 0.0097,  33.0781, 01 Oct 2018 08:08:45
 11.5674,  3.76374,   16.339, 0.0097, 0.0114,  33.0805, 01 Oct 2018 08:08:47
 11.4579,  3.75607,   16.199, 0.0096, 0.0101,  33.1033, 01 Oct 2018 08:08:50
 11.5255,  3.76104,   15.989, 0.0097, 0.0101,  33.0917, 01 Oct 2018 08:08:52
 11.4474,  3.75551,   16.014, 0.0103, 0.0106,  33.1073, 01 Oct 2018 08:08:55
 11.4642,  3.75626,   16.215, 0.0095, 0.0107,  33.0995, 01 Oct 2018 08:08:57
 11.3998,  3.75218,   16.289, 0.0114, 0.0096,  33.1171, 01 Oct 2018 08:08:59
 11.3904,  3.75065,   16.222, 0.0096, 0.0100,  33.1106, 01 Oct 2018 08:09:02
 11.3255,  3.74623,   16.065, 0.0094, 0.0106,  33.1253, 01 Oct 2018 08:09:04
 11.2578,  3.74051,   16.053, 0.0097, 0.0106,  33.1299, 01 Oct 2018 08:09:06
 11.2417,  3.73989,   16.037, 0.0101, 0.0099,  33.1382, 01 Oct 2018 08:09:09
 11.2416,  3.73959,   15.947, 0.0097, 0.0099,  33.1353, 01 Oct 2018 08:09:11
 11.2309,  3.73845,   16.057, 0.0113, 0.0102,  33.1338, 01 Oct 2018 08:09:13
 11.2299,  3.73837,   16.288, 0.0093, 0.0103,  33.1337, 01 Oct 2018 08:09:16
 11.2299,  3.73830,   16.186, 0.0096, 0.0107,  33.1331, 01 Oct 2018 08:09:18
 11.2289,  3.73808,   16.047, 0.0102, 0.0102,  33.1320, 01 Oct 2018 08:09:21
 11.1907,  3.73536,   16.066, 0.0100, 0.0101,  33.1394, 01 Oct 2018 08:09:23
 11.2051,  3.73641,   16.121, 0.0099, 0.0101,  33.1368, 01 Oct 2018 08:09:25
 11.2107,  3.73659,   16.034, 0.0099, 0.0104,  33.1336, 01 Oct 2018 08:09:28
 11.2057,  3.73617,   15.977, 0.0099, 0.0099,  33.1339, 01 Oct 2018 08:09:30
 11.1895,  3.73491,   16.026, 0.0103, 0.0104,  33.1360, 01 Oct 2018 08:09:32
 11.1750,  3.73400,   16.246, 0.0099, 0.0098,  33.1401, 01 Oct 2018 08:09:35
 11.1294,  3.73064,   16.242, 0.0111, 0.0105,  33.1479, 01 Oct 2018 08:09:37
 11.1540,  3.73274,   16.156, 0.0098, 0.0105,  33.1465, 01 Oct 2018 08:09:39
 11.1161,  3.72984,   15.989, 0.0099, 0.0106,  33.1521, 01 Oct 2018 08:09:42
 11.0833,  3.72730,   16.027, 0.0101, 0.0100,  33.1565, 01 Oct 2018 08:09:44
 11.0520,  3.72537,   16.126, 0.0096, 0.0109,  33.1656, 01 Oct 2018 08:09:47
 11.1083,  3.72931,   16.158, 0.0097, 0.0105,  33.1538, 01 Oct 2018 08:09:49
 11.1323,  3.73108,   16.179, 0.0095, 0.0103,  33.1497, 01 Oct 2018 08:09:51
 11.1248,  3.73006,   16.147, 0.0102, 0.0104,  33.1464, 01 Oct 2018 08:09:54
 11.0801,  3.72684,   16.150, 0.0102, 0.0108,  33.1548, 01 Oct 2018 08:09:56
 11.0648,  3.72593,   16.067, 0.0101, 0.0108,  33.1595, 01 Oct 2018 08:09:58
 11.0576,  3.72514,   15.995, 0.0104, 0.0102,  33.1584, 01 Oct 2018 08:10:01
 11.0586,  3.72528,   15.984, 0.0102, 0.0106,  33.1588, 01 Oct 2018 08:10:03
 11.0771,  3.72649,   16.105, 0.0098, 0.0107,  33.1541, 01 Oct 2018 08:10:05
 11.0846,  3.72722,   16.158, 0.0097, 0.0101,  33.1545, 01 Oct 2018 08:10:08
 11.0839,  3.72681,   16.010, 0.0101, 0.0100,  33.1512, 01 Oct 2018 08:10:10
 11.0122,  3.72105,   16.020, 0.0104, 0.0103,  33.1588, 01 Oct 2018 08:10:13
 10.9925,  3.72048,   16.040, 0.0102, 0.0104,  33.1710, 01 Oct 2018 08:10:15
 10.9991,  3.72089,   16.107, 0.0101, 0.0101,  33.1690, 01 Oct 2018 08:10:17
 10.9956,  3.72050,   16.092, 0.0103, 0.0105,  33.1683, 01 Oct 2018 08:10:20
 11.0099,  3.72151,   15.944, 0.0096, 0.0109,  33.1655, 01 Oct 2018 08:10:22
 10.9686,  3.71825,   16.005, 0.0095, 0.0115,  33.1704, 01 Oct 2018 08:10:25
 10.9666,  3.71862,   16.137, 0.0102, 0.0106,  33.1758, 01 Oct 2018 08:10:27
 10.9646,  3.71830,   16.113, 0.0103, 0.0104,  33.1745, 01 Oct 2018 08:10:29
 10.9883,  3.72010,   16.031, 0.0099, 0.0098,  33.1709, 01 Oct 2018 08:10:32
 10.9592,  3.71746,   16.107, 0.0102, 0.0105,  33.1711, 01 Oct 2018 08:10:34
 10.9489,  3.71674,   16.100, 0.0102, 0.0105,  33.1732, 01 Oct 2018 08:10:36
 10.9430,  3.71641,   16.175, 0.0099, 0.0101,  33.1752, 01 Oct 2018 08:10:39
 10.9501,  3.71694,   16.079, 0.0095, 0.0102,  33.1741, 01 Oct 2018 08:10:41
 10.9395,  3.71599,   16.062, 0.0102, 0.0101,  33.1743, 01 Oct 2018 08:10:44
 10.9325,  3.71545,   16.062, 0.0101, 0.0103,  33.1752, 01 Oct 2018 08:10:46
 10.9255,  3.71492,   16.171, 0.0100, 0.0100,  33.1763, 01 Oct 2018 08:10:48
 10.9247,  3.71490,   16.065, 0.0098, 0.0100,  33.1768, 01 Oct 2018 08:10:51
 10.9319,  3.71539,   16.028, 0.0098, 0.0101,  33.1752, 01 Oct 2018 08:10:53
 10.9173,  3.71421,   16.007, 0.0103, 0.0114,  33.1766, 01 Oct 2018 08:10:56
 10.9140,  3.71395,   16.042, 0.0099, 0.0105,  33.1770, 01 Oct 2018 08:10:58
 10.9162,  3.71417,   16.098, 0.0097, 0.0101,  33.1772, 01 Oct 2018 08:11:00
 10.9187,  3.71428,   16.084, 0.0101, 0.0101,  33.1761, 01 Oct 2018 08:11:03
 10.9179,  3.71421,   16.060, 0.0094, 0.0105,  33.1761, 01 Oct 2018 08:11:05
 10.9172,  3.71414,   15.982, 0.0102, 0.0102,  33.1761, 01 Oct 2018 08:11:07
 10.9062,  3.71318,   16.059, 0.0100, 0.0101,  33.1765, 01 Oct 2018 08:11:10
 10.8970,  3.71251,   15.978, 0.0102, 0.0095,  33.1781, 01 Oct 2018 08:11:12
 10.9053,  3.71311,   15.956, 0.0105, 0.0107,  33.1766, 01 Oct 2018 08:11:15
 10.8937,  3.71208,   16.025, 0.0102, 0.0103,  33.1768, 01 Oct 2018 08:11:17
 10.9036,  3.71310,   16.033, 0.0110, 0.0106,  33.1780, 01 Oct 2018 08:11:19
 10.9052,  3.71306,   15.902, 0.0099, 0.0098,  33.1763, 01 Oct 2018 08:11:22
 10.9015,  3.71297,   16.009, 0.0110, 0.0111,  33.1787, 01 Oct 2018 08:11:24
 10.8979,  3.71252,   16.151, 0.0099, 0.0108,  33.1774, 01 Oct 2018 08:11:27
 10.9004,  3.71273,   16.077, 0.0098, 0.0104,  33.1773, 01 Oct 2018 08:11:29
 10.8976,  3.71248,   16.059, 0.0104, 0.0097,  33.1773, 01 Oct 2018 08:11:31
 10.9011,  3.71277,   15.916, 0.0101, 0.0105,  33.1771, 01 Oct 2018 08:11:34
 10.9094,  3.71334,   15.851, 0.0105, 0.0105,  33.1752, 01 Oct 2018 08:11:36
 10.9103,  3.71345,   15.885, 0.0099, 0.0104,  33.1755, 01 Oct 2018 08:11:39
 10.9176,  3.71398,   15.992, 0.0099, 0.0105,  33.1742, 01 Oct 2018 08:11:41
 10.9196,  3.71407,   16.115, 0.0099, 0.0108,  33.1732, 01 Oct 2018 08:11:43
 10.9204,  3.71414,   16.089, 0.0100, 0.0102,  33.1731, 01 Oct 2018 08:11:46
 10.9221,  3.71430,   16.007, 0.0104, 0.0104,  33.1732, 01 Oct 2018 08:11:48
 10.9278,  3.71467,   15.852, 0.0101, 0.0097,  33.1718, 01 Oct 2018 08:11:50
 10.9152,  3.71369,   15.850, 0.0098, 0.0111,  33.1735, 01 Oct 2018 08:11:53
 10.9145,  3.71369,   15.993, 0.0099, 0.0102,  33.1740, 01 Oct 2018 08:11:55
 10.9149,  3.71374,   16.091, 0.0117, 0.0104,  33.1742, 01 Oct 2018 08:11:58
 10.9241,  3.71445,   15.888, 0.0103, 0.0100,  33.1729, 01 Oct 2018 08:12:00
 10.9173,  3.71385,   15.965, 0.0100, 0.0104,  33.1731, 01 Oct 2018 08:12:02
 10.9258,  3.71463,   16.073, 0.0104, 0.0104,  33.1731, 01 Oct 2018 08:12:05
 10.9333,  3.71512,   16.137, 0.0099, 0.0100,  33.1713, 01 Oct 2018 08:12:07
 10.9390,  3.71552,   16.018, 0.0105, 0.0111,  33.1700, 01 Oct 2018 08:12:09
 10.9490,  3.71628,   15.915, 0.0103, 0.0107,  33.1686, 01 Oct 2018 08:12:12
 10.9317,  3.71476,   15.898, 0.0104, 0.0105,  33.1691, 01 Oct 2018 08:12:14
 10.9340,  3.71515,   15.863, 0.0099, 0.0104,  33.1710, 01 Oct 2018 08:12:17
 10.9471,  3.71608,   15.958, 0.0103, 0.0105,  33.1684, 01 Oct 2018 08:12:19
 10.9677,  3.71765,   16.053, 0.0097, 0.0102,  33.1652, 01 Oct 2018 08:12:21
 10.9713,  3.71790,   16.041, 0.0097, 0.0109,  33.1645, 01 Oct 2018 08:12:24
 10.9608,  3.71701,   16.114, 0.0103, 0.0097,  33.1651, 01 Oct 2018 08:12:26
 10.9502,  3.71645,   16.068, 0.0103, 0.0104,  33.1692, 01 Oct 2018 08:12:29
 10.9455,  3.71611,   16.081, 0.0094, 0.0103,  33.1701, 01 Oct 2018 08:12:31
 10.9532,  3.71676,   15.833, 0.0104, 0.0114,  33.1696, 01 Oct 2018 08:12:33
 10.9541,  3.71671,   15.923, 0.0104, 0.0099,  33.1682, 01 Oct 2018 08:12:36
 10.9373,  3.71552,   16.072, 0.0099, 0.0108,  33.1716, 01 Oct 2018 08:12:38
 10.9414,  3.71586,   16.043, 0.0101, 0.0102,  33.1712, 01 Oct 2018 08:12:41
 10.9596,  3.71711,   16.096, 0.0107, 0.0109,  33.1672, 01 Oct 2018 08:12:43
 10.9477,  3.71625,   16.154, 0.0102, 0.0103,  33.1694, 01 Oct 2018 08:12:45
 10.9393,  3.71571,   16.097, 0.0105, 0.0103,  33.1716, 01 Oct 2018 08:12:48
 10.9316,  3.71517,   15.962, 0.0103, 0.0105,  33.1732, 01 Oct 2018 08:12:50
 10.9284,  3.71476,   15.877, 0.0099, 0.0105,  33.1721, 01 Oct 2018 08:12:52
 10.9057,  3.71313,   15.860, 0.0104, 0.0101,  33.1765, 01 Oct 2018 08:12:55
 10.9014,  3.71291,   16.026, 0.0102, 0.0100,  33.1781, 01 Oct 2018 08:12:57
 10.9053,  3.71317,   16.093, 0.0101, 0.0104,  33.1772, 01 Oct 2018 08:13:00
 10.9138,  3.71382,   16.074, 0.0103, 0.0104,  33.1759, 01 Oct 2018 08:13:02
 10.9032,  3.71293,   16.147, 0.0105, 0.0099,  33.1766, 01 Oct 2018 08:13:04
 10.9056,  3.71314,   16.121, 0.0107, 0.0108,  33.1766, 01 Oct 2018 08:13:07
 10.8737,  3.71053,   16.167, 0.0102, 0.0103,  33.1794, 01 Oct 2018 08:13:09
 10.8849,  3.71175,   15.923, 0.0102, 0.0105,  33.1815, 01 Oct 2018 08:13:11
 10.8866,  3.71158,   15.886, 0.0106, 0.0107,  33.1783, 01 Oct 2018 08:13:14
 10.8465,  3.70843,   15.961, 0.0110, 0.0104,  33.1832, 01 Oct 2018 08:13:16
 10.8550,  3.70928,   15.946, 0.0103, 0.0104,  33.1841, 01 Oct 2018 08:13:19
 10.8775,  3.71086,   16.059, 0.0099, 0.0107,  33.1794, 01 Oct 2018 08:13:21
 10.8451,  3.70819,   16.070, 0.0099, 0.0101,  33.1822, 01 Oct 2018 08:13:23
 10.8677,  3.71049,   16.044, 0.0105, 0.0102,  33.1846, 01 Oct 2018 08:13:26
 10.8395,  3.70823,   16.120, 0.0104, 0.0107,  33.1876, 01 Oct 2018 08:13:28
 10.8328,  3.70744,   15.994, 0.0105, 0.0108,  33.1859, 01 Oct 2018 08:13:31
 10.8507,  3.70879,   15.840, 0.0099, 0.0110,  33.1831, 01 Oct 2018 08:13:33
 10.7856,  3.70396,   15.953, 0.0098, 0.0105,  33.1941, 01 Oct 2018 08:13:35
 10.7924,  3.70430,   16.039, 0.0104, 0.0099,  33.1911, 01 Oct 2018 08:13:38
 10.8019,  3.70477,   16.092, 0.0099, 0.0100,  33.1873, 01 Oct 2018 08:13:40
 10.8118,  3.70553,   16.102, 0.0101, 0.0110,  33.1859, 01 Oct 2018 08:13:43
 10.8264,  3.70669,   15.998, 0.0099, 0.0108,  33.1842, 01 Oct 2018 08:13:45
 10.8069,  3.70472,   16.054, 0.0100, 0.0099,  33.1822, 01 Oct 2018 08:13:47
 10.7630,  3.70141,   15.941, 0.0104, 0.0098,  33.1891, 01 Oct 2018 08:13:50
 10.7741,  3.70263,   15.841, 0.0099, 0.0110,  33.1912, 01 Oct 2018 08:13:52
 10.7612,  3.70132,   15.788, 0.0106, 0.0104,  33.1900, 01 Oct 2018 08:13:54
 10.7533,  3.70072,   15.885, 0.0104, 0.0099,  33.1911, 01 Oct 2018 08:13:57
 10.7416,  3.69963,   16.118, 0.0102, 0.0104,  33.1906, 01 Oct 2018 08:13:59
 10.7535,  3.70086,   16.084, 0.0106, 0.0112,  33.1922, 01 Oct 2018 08:14:02
 10.7817,  3.70309,   15.960, 0.0090, 0.0105,  33.1889, 01 Oct 2018 08:14:04
 10.6896,  3.69530,   15.993, 0.0100, 0.0108,  33.1947, 01 Oct 2018 08:14:06
 10.7044,  3.69706,   15.867, 0.0102, 0.0109,  33.1989, 01 Oct 2018 08:14:09
 10.7229,  3.69846,   15.836, 0.0105, 0.0099,  33.1961, 01 Oct 2018 08:14:11
 10.7453,  3.70005,   15.859, 0.0102, 0.0107,  33.1916, 01 Oct 2018 08:14:14
 10.7560,  3.70076,   15.983, 0.0104, 0.0102,  33.1890, 01 Oct 2018 08:14:16
 10.7532,  3.70045,   15.984, 0.0104, 0.0107,  33.1884, 01 Oct 2018 08:14:18
 10.7695,  3.70187,   15.951, 0.0101, 0.0107,  33.1878, 01 Oct 2018 08:14:21
 10.7530,  3.70041,   15.967, 0.0103, 0.0109,  33.1882, 01 Oct 2018 08:14:23
 10.7225,  3.69789,   15.993, 0.0103, 0.0104,  33.1907, 01 Oct 2018 08:14:26
 10.7453,  3.70021,   15.807, 0.0103, 0.0100,  33.1933, 01 Oct 2018 08:14:28
 10.7632,  3.70128,   15.817, 0.0093, 0.0111,  33.1877, 01 Oct 2018 08:14:30
 10.7264,  3.69829,   15.859, 0.0103, 0.0106,  33.1912, 01 Oct 2018 08:14:33
 10.7334,  3.69897,   15.942, 0.0110, 0.0106,  33.1916, 01 Oct 2018 08:14:35
 10.8056,  3.70458,   16.088, 0.0099, 0.0107,  33.1820, 01 Oct 2018 08:14:37
 10.8000,  3.70394,   16.030, 0.0101, 0.0109,  33.1807, 01 Oct 2018 08:14:40
 10.8189,  3.70587,   16.071, 0.0101, 0.0104,  33.1827, 01 Oct 2018 08:14:42
 10.7848,  3.70316,   16.068, 0.0106, 0.0104,  33.1867, 01 Oct 2018 08:14:44
 10.8108,  3.70524,   15.895, 0.0099, 0.0104,  33.1839, 01 Oct 2018 08:14:47
 10.8214,  3.70588,   15.829, 0.0101, 0.0102,  33.1808, 01 Oct 2018 08:14:49
 10.7727,  3.70223,   15.949, 0.0107, 0.0112,  33.1885, 01 Oct 2018 08:14:52
 10.8053,  3.70475,   16.040, 0.0098, 0.0102,  33.1840, 01 Oct 2018 08:14:54
 10.7977,  3.70395,   15.953, 0.0105, 0.0099,  33.1830, 01 Oct 2018 08:14:56
 10.8094,  3.70507,   15.978, 0.0104, 0.0104,  33.1834, 01 Oct 2018 08:14:59
 10.8008,  3.70428,   16.017, 0.0102, 0.0110,  33.1834, 01 Oct 2018 08:15:01
 10.7590,  3.70083,   16.097, 0.0099, 0.0100,  33.1869, 01 Oct 2018 08:15:04
 10.7381,  3.69949,   16.096, 0.0104, 0.0101,  33.1924, 01 Oct 2018 08:15:06
 10.7517,  3.70076,   15.940, 0.0117, 0.0107,  33.1929, 01 Oct 2018 08:15:08
 10.7330,  3.69890,   15.917, 0.0101, 0.0106,  33.1912, 01 Oct 2018 08:15:11
 10.6754,  3.69434,   15.937, 0.0102, 0.0106,  33.1980, 01 Oct 2018 08:15:13
 10.6747,  3.69459,   15.901, 0.0102, 0.0104,  33.2011, 01 Oct 2018 08:15:15
 10.6825,  3.69514,   15.990, 0.0099, 0.0102,  33.1996, 01 Oct 2018 08:15:18
 10.6854,  3.69513,   16.102, 0.0102, 0.0107,  33.1968, 01 Oct 2018 08:15:20
 10.6876,  3.69537,   16.074, 0.0099, 0.0108,  33.1972, 01 Oct 2018 08:15:23
 10.6859,  3.69516,   16.092, 0.0100, 0.0099,  33.1966, 01 Oct 2018 08:15:25
 10.6768,  3.69440,   15.889, 0.0107, 0.0098,  33.1974, 01 Oct 2018 08:15:27
 10.6948,  3.69590,   15.822, 0.0103, 0.0104,  33.1961, 01 Oct 2018 08:15:30
 10.6797,  3.69446,   15.919, 0.0106, 0.0104,  33.1953, 01 Oct 2018 08:15:32
 10.6811,  3.69478,   16.080, 0.0097, 0.0102,  33.1972, 01 Oct 2018 08:15:34
 10.6948,  3.69580,   16.219, 0.0103, 0.0100,  33.1949, 01 Oct 2018 08:15:37
 10.6942,  3.69568,   16.088, 0.0099, 0.0108,  33.1942, 01 Oct 2018 08:15:39
 10.7035,  3.69650,   16.096, 0.0094, 0.0106,  33.1940, 01 Oct 2018 08:15:42
 10.6199,  3.68917,   16.175, 0.0101, 0.0102,  33.1967, 01 Oct 2018 08:15:44
 10.6566,  3.69281,   16.006, 0.0103, 0.0100,  33.1999, 01 Oct 2018 08:15:46
 10.6976,  3.69580,   15.865, 0.0103, 0.0111,  33.1925, 01 Oct 2018 08:15:49
 10.6843,  3.69456,   15.935, 0.0120, 0.0105,  33.1921, 01 Oct 2018 08:15:51
 10.7211,  3.69780,   16.181, 0.0098, 0.0098,  33.1910, 01 Oct 2018 08:15:54
 10.7183,  3.69733,   16.194, 0.0096, 0.0102,  33.1888, 01 Oct 2018 08:15:56
 10.7425,  3.69940,   16.166, 0.0105, 0.0104,  33.1876, 01 Oct 2018 08:15:58
 10.7413,  3.69928,   16.119, 0.0100, 0.0104,  33.1874, 01 Oct 2018 08:16:01
 10.7115,  3.69661,   16.024, 0.0105, 0.0099,  33.1880, 01 Oct 2018 08:16:03
 10.6934,  3.69558,   15.977, 0.0101, 0.0108,  33.1941, 01 Oct 2018 08:16:05
 10.7058,  3.69656,   16.062, 0.0097, 0.0106,  33.1925, 01 Oct 2018 08:16:08
 10.7361,  3.69888,   16.188, 0.0099, 0.0112,  33.1881, 01 Oct 2018 08:16:10
 10.7475,  3.69977,   16.227, 0.0098, 0.0103,  33.1867, 01 Oct 2018 08:16:13
 10.7487,  3.69998,   16.063, 0.0101, 0.0099,  33.1877, 01 Oct 2018 08:16:15
 10.6967,  3.69540,   16.091, 0.0099, 0.0102,  33.1891, 01 Oct 2018 08:16:17
 10.6954,  3.69605,   16.057, 0.0101, 0.0106,  33.1969, 01 Oct 2018 08:16:20
 10.7090,  3.69667,   16.064, 0.0102, 0.0110,  33.1908, 01 Oct 2018 08:16:22
 10.6878,  3.69520,   16.094, 0.0103, 0.0104,  33.1954, 01 Oct 2018 08:16:25
 10.7034,  3.69650,   15.941, 0.0107, 0.0101,  33.1942, 01 Oct 2018 08:16:27
 10.7148,  3.69709,   15.990, 0.0102, 0.0105,  33.1898, 01 Oct 2018 08:16:29
 10.7072,  3.69655,   16.107, 0.0099, 0.0105,  33.1912, 01 Oct 2018 08:16:32
 10.7139,  3.69708,   16.097, 0.0105, 0.0098,  33.1903, 01 Oct 2018 08:16:34
 10.7032,  3.69618,   15.998, 0.0114, 0.0104,  33.1911, 01 Oct 2018 08:16:36
 10.7063,  3.69656,   16.018, 0.0103, 0.0110,  33.1921, 01 Oct 2018 08:16:39
 10.6722,  3.69380,   16.110, 0.0101, 0.0107,  33.1955, 01 Oct 2018 08:16:41

EraseBlock 8
 10.6702,  3.69383,   15.997, 0.0103, 0.0100,  33.1976, 01 Oct 2018 08:16:44
 10.6894,  3.69533,   15.919, 0.0096, 0.0098,  33.1952, 01 Oct 2018 08:16:47
 10.6802,  3.69442,   16.053, 0.0097, 0.0115,  33.1944, 01 Oct 2018 08:16:49
 10.6958,  3.69577,   16.149, 0.0098, 0.0109,  33.1937, 01 Oct 2018 08:16:52
 10.6833,  3.69464,   16.109, 0.0102, 0.0101,  33.1938, 01 Oct 2018 08:16:54
 10.6753,  3.69395,   16.008, 0.0105, 0.0102,  33.1943, 01 Oct 2018 08:16:56
 10.6733,  3.69380,   15.954, 0.0102, 0.0104,  33.1946, 01 Oct 2018 08:16:59
 10.6403,  3.69103,   16.021, 0.0100, 0.0104,  33.1968, 01 Oct 2018 08:17:01
 10.6562,  3.69265,   16.090, 0.0101, 0.0105,  33.1986, 01 Oct 2018 08:17:04
 10.6506,  3.69214,   16.048, 0.0093, 0.0104,  33.1985, 01 Oct 2018 08:17:06
 10.6567,  3.69264,   15.868, 0.0103, 0.0105,  33.1981, 01 Oct 2018 08:17:09
 10.5988,  3.68740,   16.063, 0.0104, 0.0104,  33.1982, 01 Oct 2018 08:17:11
 10.5500,  3.68406,   16.160, 0.0108, 0.0097,  33.2092, 01 Oct 2018 08:17:13
 10.5675,  3.68552,   16.238, 0.0102, 0.0105,  33.2078, 01 Oct 2018 08:17:16
 10.5752,  3.68598,   16.041, 0.0107, 0.0111,  33.2055, 01 Oct 2018 08:17:18
 10.6171,  3.68961,   16.080, 0.0099, 0.0107,  33.2036, 01 Oct 2018 08:17:21
 10.5722,  3.68466,   16.259, 0.0103, 0.0105,  33.1950, 01 Oct 2018 08:17:23
 10.5709,  3.68584,   16.008, 0.0100, 0.0105,  33.2080, 01 Oct 2018 08:17:25
 10.5489,  3.68363,   16.054, 0.0098, 0.0111,  33.2059, 01 Oct 2018 08:17:28
 10.5577,  3.68443,   16.144, 0.0100, 0.0105,  33.2058, 01 Oct 2018 08:17:30
 10.4677,  3.67763,   16.370, 0.0105, 0.0102,  33.2196, 01 Oct 2018 08:17:32
 10.4767,  3.67877,   16.288, 0.0110, 0.0104,  33.2228, 01 Oct 2018 08:17:35
 10.5035,  3.68057,   16.065, 0.0102, 0.0101,  33.2165, 01 Oct 2018 08:17:37
 10.4851,  3.67906,   15.939, 0.0098, 0.0110,  33.2182, 01 Oct 2018 08:17:40
 10.4131,  3.67353,   15.977, 0.0106, 0.0103,  33.2284, 01 Oct 2018 08:17:42
 10.4205,  3.67442,   15.931, 0.0099, 0.0108,  33.2305, 01 Oct 2018 08:17:44
 10.4423,  3.67575,   15.975, 0.0101, 0.0104,  33.2241, 01 Oct 2018 08:17:47
 10.4391,  3.67533,   16.013, 0.0101, 0.0109,  33.2227, 01 Oct 2018 08:17:49
 10.4331,  3.67504,   15.918, 0.0102, 0.0101,  33.2254, 01 Oct 2018 08:17:52
 10.4338,  3.67488,   16.062, 0.0116, 0.0104,  33.2230, 01 Oct 2018 08:17:54
 10.4357,  3.67505,   16.022, 0.0101, 0.0100,  33.2230, 01 Oct 2018 08:17:56
 10.4408,  3.67543,   15.987, 0.0101, 0.0107,  33.2222, 01 Oct 2018 08:17:59
 10.4411,  3.67536,   15.871, 0.0101, 0.0106,  33.2213, 01 Oct 2018 08:18:01
 10.4370,  3.67507,   15.814, 0.0096, 0.0100,  33.2221, 01 Oct 2018 08:18:04
 10.4283,  3.67444,   15.831, 0.0103, 0.0110,  33.2238, 01 Oct 2018 08:18:06
 10.4219,  3.67398,   15.818, 0.0102, 0.0111,  33.2249, 01 Oct 2018 08:18:08
 10.4304,  3.67464,   15.923, 0.0102, 0.0108,  33.2238, 01 Oct 2018 08:18:11
 10.4219,  3.67393,   16.085, 0.0101, 0.0106,  33.2243, 01 Oct 2018 08:18:13
 10.4236,  3.67411,   16.102, 0.0102, 0.0102,  33.2246, 01 Oct 2018 08:18:15
 10.4322,  3.67465,   15.884, 0.0095, 0.0108,  33.2222, 01 Oct 2018 08:18:18
 10.4419,  3.67524,   15.796, 0.0096, 0.0108,  33.2193, 01 Oct 2018 08:18:20
 10.4449,  3.67540,   15.824, 0.0105, 0.0099,  33.2183, 01 Oct 2018 08:18:23
 10.4126,  3.67308,   15.918, 0.0102, 0.0102,  33.2244, 01 Oct 2018 08:18:25
 10.4191,  3.67364,   15.880, 0.0104, 0.0106,  33.2240, 01 Oct 2018 08:18:27
 10.4241,  3.67382,   15.870, 0.0103, 0.0098,  33.2213, 01 Oct 2018 08:18:30
 10.4046,  3.67258,   15.936, 0.0108, 0.0098,  33.2266, 01 Oct 2018 08:18:32
 10.4005,  3.67247,   15.962, 0.0107, 0.0097,  33.2292, 01 Oct 2018 08:18:35
 10.4056,  3.67282,   15.912, 0.0101, 0.0107,  33.2281, 01 Oct 2018 08:18:37
 10.4152,  3.67326,   15.874, 0.0105, 0.0106,  33.2238, 01 Oct 2018 08:18:39
 10.4230,  3.67376,   15.787, 0.0104, 0.0101,  33.2218, 01 Oct 2018 08:18:42
 10.4241,  3.67383,   15.749, 0.0104, 0.0106,  33.2214, 01 Oct 2018 08:18:44
 10.4192,  3.67348,   15.837, 0.0099, 0.0108,  33.2224, 01 Oct 2018 08:18:46
 10.3972,  3.67201,   15.987, 0.0099, 0.0104,  33.2277, 01 Oct 2018 08:18:49
 10.4099,  3.67301,   15.939, 0.0105, 0.0104,  33.2261, 01 Oct 2018 08:18:51
 10.4150,  3.67322,   15.904, 0.0101, 0.0105,  33.2235, 01 Oct 2018 08:18:54
 10.4199,  3.67351,   15.857, 0.0102, 0.0109,  33.2220, 01 Oct 2018 08:18:56
 10.3854,  3.67083,   15.957, 0.0103, 0.0105,  33.2265, 01 Oct 2018 08:18:58
 10.3942,  3.67167,   15.815, 0.0102, 0.0107,  33.2270, 01 Oct 2018 08:19:01
 10.4219,  3.67362,   15.815, 0.0100, 0.0102,  33.2213, 01 Oct 2018 08:19:03
 10.4179,  3.67323,   15.878, 0.0104, 0.0103,  33.2210, 01 Oct 2018 08:19:06
 10.4258,  3.67382,   15.889, 0.0103, 0.0105,  33.2197, 01 Oct 2018 08:19:08
 10.4085,  3.67257,   16.055, 0.0097, 0.0105,  33.2229, 01 Oct 2018 08:19:10
 10.4037,  3.67236,   16.089, 0.0105, 0.0099,  33.2252, 01 Oct 2018 08:19:13
 10.4226,  3.67363,   16.035, 0.0104, 0.0106,  33.2207, 01 Oct 2018 08:19:15
 10.4403,  3.67485,   15.727, 0.0098, 0.0108,  33.2168, 01 Oct 2018 08:19:17
 10.4876,  3.67827,   15.745, 0.0106, 0.0101,  33.2081, 01 Oct 2018 08:19:20
 10.4717,  3.67699,   15.873, 0.0102, 0.0102,  33.2097, 01 Oct 2018 08:19:22
 10.4477,  3.67514,   15.989, 0.0101, 0.0103,  33.2129, 01 Oct 2018 08:19:25
 10.4600,  3.67627,   15.953, 0.0103, 0.0107,  33.2131, 01 Oct 2018 08:19:27
 10.4767,  3.67749,   15.846, 0.0099, 0.0102,  33.2102, 01 Oct 2018 08:19:30
 10.5125,  3.68029,   15.907, 0.0098, 0.0105,  33.2056, 01 Oct 2018 08:19:32
 10.5009,  3.67895,   15.990, 0.0100, 0.0101,  33.2027, 01 Oct 2018 08:19:34
 10.5008,  3.67928,   15.891, 0.0099, 0.0113,  33.2061, 01 Oct 2018 08:19:37
 10.5150,  3.68051,   15.818, 0.0098, 0.0098,  33.2056, 01 Oct 2018 08:19:39
 10.5312,  3.68178,   15.827, 0.0099, 0.0100,  33.2035, 01 Oct 2018 08:19:41
 10.5269,  3.68132,   15.833, 0.0103, 0.0110,  33.2028, 01 Oct 2018 08:19:44
 10.5396,  3.68172,   15.929, 0.0100, 0.0106,  33.1952, 01 Oct 2018 08:19:46
 10.5775,  3.68550,   15.988, 0.0098, 0.0103,  33.1986, 01 Oct 2018 08:19:49
 10.5862,  3.68589,   15.978, 0.0106, 0.0095,  33.1946, 01 Oct 2018 08:19:51
 10.5925,  3.68642,   15.873, 0.0105, 0.0104,  33.1942, 01 Oct 2018 08:19:53
 10.5916,  3.68651,   15.766, 0.0109, 0.0108,  33.1960, 01 Oct 2018 08:19:56
 10.6236,  3.68905,   15.763, 0.0101, 0.0106,  33.1924, 01 Oct 2018 08:19:58
 10.6325,  3.68973,   15.896, 0.0100, 0.0102,  33.1910, 01 Oct 2018 08:20:01
 10.6487,  3.69099,   15.875, 0.0102, 0.0103,  33.1888, 01 Oct 2018 08:20:03
 10.6500,  3.69123,   15.863, 0.0098, 0.0105,  33.1901, 01 Oct 2018 08:20:05
 10.7033,  3.69549,   15.957, 0.0100, 0.0107,  33.1842, 01 Oct 2018 08:20:08
 10.7094,  3.69584,   15.960, 0.0103, 0.0110,  33.1822, 01 Oct 2018 08:20:10
 10.7435,  3.69874,   15.979, 0.0104, 0.0111,  33.1801, 01 Oct 2018 08:20:12
 10.7413,  3.69842,   15.860, 0.0104, 0.0102,  33.1790, 01 Oct 2018 08:20:15
 10.7632,  3.70035,   15.865, 0.0102, 0.0101,  33.1784, 01 Oct 2018 08:20:17
 10.7888,  3.70223,   16.057, 0.0097, 0.0101,  33.1738, 01 Oct 2018 08:20:19
 10.7869,  3.70229,   15.982, 0.0101, 0.0106,  33.1762, 01 Oct 2018 08:20:22
 10.8681,  3.70923,   15.984, 0.0101, 0.0102,  33.1717, 01 Oct 2018 08:20:24
 10.8992,  3.71144,   16.016, 0.0106, 0.0112,  33.1655, 01 Oct 2018 08:20:27
 10.9194,  3.71321,   16.053, 0.0103, 0.0100,  33.1648, 01 Oct 2018 08:20:29
 10.9228,  3.71320,   15.973, 0.0102, 0.0096,  33.1616, 01 Oct 2018 08:20:31
 10.9363,  3.71409,   15.825, 0.0108, 0.0102,  33.1584, 01 Oct 2018 08:20:34
 11.0659,  3.72378,   15.834, 0.0106, 0.0107,  33.1374, 01 Oct 2018 08:20:36
 11.1350,  3.72839,   15.907, 0.0103, 0.0105,  33.1208, 01 Oct 2018 08:20:39
 11.1614,  3.73030,   16.007, 0.0106, 0.0105,  33.1158, 01 Oct 2018 08:20:41
 11.1675,  3.73106,   16.071, 0.0098, 0.0099,  33.1177, 01 Oct 2018 08:20:43
 11.1670,  3.73114,   15.925, 0.0098, 0.0109,  33.1192, 01 Oct 2018 08:20:46
 11.1799,  3.73227,   15.948, 0.0107, 0.0106,  33.1187, 01 Oct 2018 08:20:48
 11.3009,  3.74203,   16.008, 0.0099, 0.0103,  33.1062, 01 Oct 2018 08:20:50
 11.2937,  3.74027,   15.970, 0.0103, 0.0106,  33.0952, 01 Oct 2018 08:20:53
 11.3440,  3.74389,   15.835, 0.0102, 0.0108,  33.0858, 01 Oct 2018 08:20:55
 11.4972,  3.75623,   15.932, 0.0103, 0.0104,  33.0698, 01 Oct 2018 08:20:58
 11.6012,  3.76291,   16.046, 0.0105, 0.0105,  33.0424, 01 Oct 2018 08:21:00
 11.6265,  3.76432,   16.110, 0.0102, 0.0105,  33.0335, 01 Oct 2018 08:21:03
 11.6668,  3.76752,   16.023, 0.0103, 0.0107,  33.0289, 01 Oct 2018 08:21:05
 11.6924,  3.77010,   15.858, 0.0105, 0.0105,  33.0313, 01 Oct 2018 08:21:07
 11.7460,  3.77406,   16.003, 0.0104, 0.0107,  33.0222, 01 Oct 2018 08:21:10
 11.8265,  3.77925,   16.091, 0.0103, 0.0094,  33.0011, 01 Oct 2018 08:21:12
 11.7921,  3.77716,   15.911, 0.0111, 0.0110,  33.0114, 01 Oct 2018 08:21:14
 11.8231,  3.78022,   15.913, 0.0104, 0.0108,  33.0137, 01 Oct 2018 08:21:17
 11.8348,  3.78110,   15.857, 0.0106, 0.0105,  33.0119, 01 Oct 2018 08:21:19
 11.8630,  3.78287,   16.025, 0.0103, 0.0100,  33.0040, 01 Oct 2018 08:21:22
 11.8707,  3.78329,   16.153, 0.0106, 0.0109,  33.0011, 01 Oct 2018 08:21:24
 11.8641,  3.78294,   16.024, 0.0101, 0.0099,  33.0037, 01 Oct 2018 08:21:26
 11.8594,  3.78297,   15.914, 0.0102, 0.0100,  33.0082, 01 Oct 2018 08:21:29
 11.8732,  3.78425,   15.955, 0.0105, 0.0110,  33.0084, 01 Oct 2018 08:21:31
 11.8766,  3.78451,   16.112, 0.0099, 0.0111,  33.0078, 01 Oct 2018 08:21:33
 11.8714,  3.78398,   15.980, 0.0099, 0.0103,  33.0073, 01 Oct 2018 08:21:36
 11.8779,  3.78474,   15.924, 0.0096, 0.0103,  33.0089, 01 Oct 2018 08:21:38
 11.8810,  3.78506,   15.936, 0.0103, 0.0102,  33.0093, 01 Oct 2018 08:21:41
 11.8827,  3.78535,   16.133, 0.0096, 0.0110,  33.0105, 01 Oct 2018 08:21:43
 11.8842,  3.78543,   16.253, 0.0103, 0.0109,  33.0099, 01 Oct 2018 08:21:45
 11.8799,  3.78518,   15.982, 0.0100, 0.0099,  33.0113, 01 Oct 2018 08:21:48
 11.8824,  3.78556,   15.775, 0.0103, 0.0105,  33.0130, 01 Oct 2018 08:21:50
 11.8870,  3.78582,   15.923, 0.0099, 0.0099,  33.0114, 01 Oct 2018 08:21:52
 11.8893,  3.78614,   16.087, 0.0104, 0.0103,  33.0124, 01 Oct 2018 08:21:55
 11.8839,  3.78568,   15.953, 0.0104, 0.0098,  33.0127, 01 Oct 2018 08:21:57
 11.8850,  3.78592,   15.846, 0.0095, 0.0100,  33.0141, 01 Oct 2018 08:22:00
 11.8920,  3.78657,   16.002, 0.0114, 0.0106,  33.0142, 01 Oct 2018 08:22:02
 11.8941,  3.78672,   16.167, 0.0102, 0.0114,  33.0137, 01 Oct 2018 08:22:04
 11.8887,  3.78633,   15.965, 0.0096, 0.0101,  33.0148, 01 Oct 2018 08:22:07
 11.8923,  3.78673,   15.950, 0.0101, 0.0102,  33.0155, 01 Oct 2018 08:22:09
 11.8938,  3.78688,   15.895, 0.0103, 0.0099,  33.0156, 01 Oct 2018 08:22:12
 11.8934,  3.78686,   15.806, 0.0103, 0.0104,  33.0158, 01 Oct 2018 08:22:14
 11.8968,  3.78718,   15.806, 0.0100, 0.0104,  33.0159, 01 Oct 2018 08:22:16
 11.8988,  3.78736,   15.871, 0.0103, 0.0106,  33.0159, 01 Oct 2018 08:22:19
 11.8983,  3.78735,   15.941, 0.0107, 0.0098,  33.0162, 01 Oct 2018 08:22:21
 11.8978,  3.78731,   15.919, 0.0103, 0.0108,  33.0162, 01 Oct 2018 08:22:23
 11.8979,  3.78735,   15.763, 0.0100, 0.0107,  33.0166, 01 Oct 2018 08:22:26
 11.9006,  3.78758,   15.816, 0.0101, 0.0102,  33.0165, 01 Oct 2018 08:22:28
 11.8991,  3.78747,   15.816, 0.0102, 0.0104,  33.0166, 01 Oct 2018 08:22:31
 11.9013,  3.78768,   15.804, 0.0100, 0.0114,  33.0168, 01 Oct 2018 08:22:33
 11.9058,  3.78806,   15.787, 0.0097, 0.0106,  33.0164, 01 Oct 2018 08:22:35
 11.9098,  3.78833,   15.740, 0.0102, 0.0105,  33.0156, 01 Oct 2018 08:22:38
 11.9113,  3.78858,   15.764, 0.0104, 0.0108,  33.0166, 01 Oct 2018 08:22:40
 11.9250,  3.78960,   15.904, 0.0102, 0.0110,  33.0143, 01 Oct 2018 08:22:42
 11.9300,  3.78984,   15.851, 0.0112, 0.0104,  33.0123, 01 Oct 2018 08:22:45
 11.9276,  3.78970,   15.808, 0.0098, 0.0105,  33.0131, 01 Oct 2018 08:22:47
 11.9426,  3.79097,   15.880, 0.0105, 0.0108,  33.0121, 01 Oct 2018 08:22:50
 11.9458,  3.79110,   15.730, 0.0101, 0.0115,  33.0105, 01 Oct 2018 08:22:52
 11.9494,  3.79137,   15.789, 0.0106, 0.0108,  33.0100, 01 Oct 2018 08:22:54
 11.9485,  3.79136,   15.841, 0.0097, 0.0101,  33.0106, 01 Oct 2018 08:22:57
 11.9516,  3.79172,   15.969, 0.0107, 0.0104,  33.0114, 01 Oct 2018 08:22:59
 11.9563,  3.79189,   16.017, 0.0096, 0.0105,  33.0088, 01 Oct 2018 08:23:01
 11.9522,  3.79168,   15.776, 0.0102, 0.0103,  33.0104, 01 Oct 2018 08:23:04
 11.9548,  3.79188,   15.778, 0.0099, 0.0096,  33.0101, 01 Oct 2018 08:23:06
 11.9532,  3.79181,   15.803, 0.0102, 0.0097,  33.0108, 01 Oct 2018 08:23:09
 11.9565,  3.79204,   15.964, 0.0104, 0.0104,  33.0101, 01 Oct 2018 08:23:11
 11.9580,  3.79217,   15.884, 0.0103, 0.0107,  33.0100, 01 Oct 2018 08:23:13
 11.9576,  3.79213,   15.847, 0.0102, 0.0104,  33.0100, 01 Oct 2018 08:23:16
 11.9587,  3.79223,   15.729, 0.0098, 0.0097,  33.0101, 01 Oct 2018 08:23:18
 11.9592,  3.79228,   15.820, 0.0111, 0.0106,  33.0101, 01 Oct 2018 08:23:21
 11.9592,  3.79234,   15.866, 0.0103, 0.0108,  33.0106, 01 Oct 2018 08:23:23
 11.9581,  3.79221,   15.826, 0.0101, 0.0101,  33.0104, 01 Oct 2018 08:23:25
 11.9634,  3.79270,   15.821, 0.0104, 0.0098,  33.0104, 01 Oct 2018 08:23:28
 11.9634,  3.79262,   15.668, 0.0103, 0.0102,  33.0097, 01 Oct 2018 08:23:30
 11.9718,  3.79334,   15.683, 0.0102, 0.0109,  33.0092, 01 Oct 2018 08:23:32
 11.9796,  3.79396,   15.770, 0.0101, 0.0098,  33.0083, 01 Oct 2018 08:23:35
 11.9814,  3.79413,   15.809, 0.0104, 0.0101,  33.0084, 01 Oct 2018 08:23:37
 11.9935,  3.79500,   15.820, 0.0095, 0.0104,  33.0061, 01 Oct 2018 08:23:40
 11.9962,  3.79516,   15.690, 0.0098, 0.0108,  33.0052, 01 Oct 2018 08:23:42
 12.0079,  3.79627,   15.762, 0.0107, 0.0105,  33.0056, 01 Oct 2018 08:23:44
 12.0109,  3.79626,   15.743, 0.0103, 0.0099,  33.0029, 01 Oct 2018 08:23:47
 12.0194,  3.79701,   15.851, 0.0102, 0.0106,  33.0025, 01 Oct 2018 08:23:49
 12.0223,  3.79725,   15.890, 0.0105, 0.0107,  33.0023, 01 Oct 2018 08:23:52
 12.0211,  3.79715,   15.751, 0.0105, 0.0100,  33.0024, 01 Oct 2018 08:23:54
 12.0292,  3.79787,   15.735, 0.0101, 0.0102,  33.0023, 01 Oct 2018 08:23:56
 12.0340,  3.79818,   15.777, 0.0103, 0.0106,  33.0010, 01 Oct 2018 08:23:59
 12.0351,  3.79829,   15.773, 0.0102, 0.0109,  33.0012, 01 Oct 2018 08:24:01
 12.0334,  3.79816,   15.682, 0.0118, 0.0099,  33.0014, 01 Oct 2018 08:24:03
 12.0365,  3.79842,   15.733, 0.0098, 0.0104,  33.0012, 01 Oct 2018 08:24:06
 12.0356,  3.79834,   15.750, 0.0095, 0.0104,  33.0012, 01 Oct 2018 08:24:08
 12.0385,  3.79863,   15.747, 0.0103, 0.0109,  33.0014, 01 Oct 2018 08:24:11
 12.0405,  3.79877,   15.739, 0.0105, 0.0109,  33.0010, 01 Oct 2018 08:24:13
 12.0403,  3.79876,   15.684, 0.0102, 0.0107,  33.0011, 01 Oct 2018 08:24:15
 12.0402,  3.79879,   15.746, 0.0108, 0.0109,  33.0014, 01 Oct 2018 08:24:18
 12.0428,  3.79902,   15.703, 0.0097, 0.0111,  33.0014, 01 Oct 2018 08:24:20
 12.0412,  3.79886,   15.605, 0.0103, 0.0100,  33.0013, 01 Oct 2018 08:24:22
 12.0421,  3.79896,   15.669, 0.0099, 0.0102,  33.0014, 01 Oct 2018 08:24:25
 12.0410,  3.79895,   15.750, 0.0103, 0.0108,  33.0022, 01 Oct 2018 08:24:27
 12.0399,  3.79887,   15.737, 0.0102, 0.0104,  33.0025, 01 Oct 2018 08:24:30
 12.0368,  3.79860,   15.825, 0.0105, 0.0111,  33.0026, 01 Oct 2018 08:24:32
 12.0383,  3.79871,   15.795, 0.0099, 0.0099,  33.0024, 01 Oct 2018 08:24:34
 12.0376,  3.79867,   15.659, 0.0101, 0.0107,  33.0027, 01 Oct 2018 08:24:37
 12.0344,  3.79842,   15.626, 0.0101, 0.0103,  33.0031, 01 Oct 2018 08:24:39
 12.0365,  3.79863,   15.668, 0.0100, 0.0109,  33.0032, 01 Oct 2018 08:24:41
 12.0360,  3.79855,   15.774, 0.0103, 0.0106,  33.0028, 01 Oct 2018 08:24:44
 12.0372,  3.79867,   15.756, 0.0117, 0.0101,  33.0029, 01 Oct 2018 08:24:46
 12.0367,  3.79860,   15.705, 0.0106, 0.0102,  33.0027, 01 Oct 2018 08:24:49
 12.0360,  3.79858,   15.665, 0.0098, 0.0110,  33.0032, 01 Oct 2018 08:24:51
 12.0370,  3.79869,   15.728, 0.0102, 0.0100,  33.0033, 01 Oct 2018 08:24:53
 12.0381,  3.79876,   15.734, 0.0102, 0.0098,  33.0029, 01 Oct 2018 08:24:56
 12.0374,  3.79867,   15.615, 0.0096, 0.0101,  33.0029, 01 Oct 2018 08:24:58
 12.0374,  3.79867,   15.678, 0.0104, 0.0108,  33.0028, 01 Oct 2018 08:25:00
 12.0357,  3.79855,   15.655, 0.0104, 0.0105,  33.0032, 01 Oct 2018 08:25:03
 12.0365,  3.79861,   15.609, 0.0099, 0.0101,  33.0031, 01 Oct 2018 08:25:05
 12.0382,  3.79877,   15.712, 0.0102, 0.0111,  33.0030, 01 Oct 2018 08:25:08
 12.0383,  3.79877,   15.730, 0.0106, 0.0107,  33.0030, 01 Oct 2018 08:25:10
 12.0380,  3.79879,   15.768, 0.0105, 0.0107,  33.0033, 01 Oct 2018 08:25:12
 12.0378,  3.79874,   15.620, 0.0101, 0.0102,  33.0031, 01 Oct 2018 08:25:15
 12.0367,  3.79867,   15.648, 0.0103, 0.0105,  33.0034, 01 Oct 2018 08:25:17
 12.0351,  3.79853,   15.590, 0.0107, 0.0105,  33.0035, 01 Oct 2018 08:25:20
 12.0345,  3.79850,   15.689, 0.0096, 0.0101,  33.0037, 01 Oct 2018 08:25:22
 12.0337,  3.79845,   15.763, 0.0104, 0.0105,  33.0040, 01 Oct 2018 08:25:24
 12.0338,  3.79844,   15.695, 0.0107, 0.0106,  33.0037, 01 Oct 2018 08:25:27
 12.0323,  3.79829,   15.585, 0.0103, 0.0112,  33.0037, 01 Oct 2018 08:25:29
 12.0242,  3.79774,   15.668, 0.0103, 0.0106,  33.0055, 01 Oct 2018 08:25:32
 12.0207,  3.79751,   15.674, 0.0100, 0.0107,  33.0064, 01 Oct 2018 08:25:34
 12.0188,  3.79731,   15.688, 0.0101, 0.0104,  33.0061, 01 Oct 2018 08:25:36
 12.0067,  3.79631,   15.687, 0.0102, 0.0108,  33.0071, 01 Oct 2018 08:25:39
 12.0107,  3.79665,   15.553, 0.0102, 0.0104,  33.0069, 01 Oct 2018 08:25:41
 11.9995,  3.79589,   15.654, 0.0098, 0.0101,  33.0094, 01 Oct 2018 08:25:43
 11.9981,  3.79568,   15.616, 0.0096, 0.0104,  33.0086, 01 Oct 2018 08:25:46
 11.9917,  3.79532,   15.732, 0.0101, 0.0107,  33.0107, 01 Oct 2018 08:25:48
 11.9929,  3.79532,   15.693, 0.0102, 0.0101,  33.0097, 01 Oct 2018 08:25:51
 11.9800,  3.79425,   15.756, 0.0104, 0.0100,  33.0108, 01 Oct 2018 08:25:53
 11.9859,  3.79472,   15.629, 0.0102, 0.0106,  33.0102, 01 Oct 2018 08:25:55
 11.9652,  3.79322,   15.683, 0.0098, 0.0100,  33.0139, 01 Oct 2018 08:25:58
 11.9679,  3.79338,   15.660, 0.0106, 0.0107,  33.0131, 01 Oct 2018 08:26:00
 11.9665,  3.79324,   15.576, 0.0111, 0.0103,  33.0130, 01 Oct 2018 08:26:03
 11.9676,  3.79319,   15.553, 0.0099, 0.0103,  33.0116, 01 Oct 2018 08:26:05
 11.9572,  3.79243,   15.674, 0.0104, 0.0102,  33.0133, 01 Oct 2018 08:26:07
 11.9479,  3.79176,   15.671, 0.0098, 0.0108,  33.0152, 01 Oct 2018 08:26:10
 11.9489,  3.79186,   15.672, 0.0104, 0.0104,  33.0153, 01 Oct 2018 08:26:12
 11.9495,  3.79186,   15.534, 0.0101, 0.0106,  33.0148, 01 Oct 2018 08:26:14
 11.9331,  3.79058,   15.619, 0.0096, 0.0105,  33.0168, 01 Oct 2018 08:26:17
 11.9338,  3.79074,   15.542, 0.0099, 0.0110,  33.0178, 01 Oct 2018 08:26:19
 11.9331,  3.79052,   15.643, 0.0104, 0.0101,  33.0163, 01 Oct 2018 08:26:22
 11.9235,  3.78982,   15.621, 0.0096, 0.0097,  33.0179, 01 Oct 2018 08:26:24
 11.9213,  3.78966,   15.652, 0.0101, 0.0099,  33.0183, 01 Oct 2018 08:26:26
 11.9191,  3.78951,   15.547, 0.0100, 0.0108,  33.0189, 01 Oct 2018 08:26:29
 11.9042,  3.78813,   15.601, 0.0100, 0.0098,  33.0186, 01 Oct 2018 08:26:31
 11.9016,  3.78806,   15.566, 0.0105, 0.0102,  33.0202, 01 Oct 2018 08:26:34
 11.8986,  3.78775,   15.648, 0.0104, 0.0108,  33.0200, 01 Oct 2018 08:26:36
 11.8984,  3.78771,   15.567, 0.0103, 0.0105,  33.0198, 01 Oct 2018 08:26:38
 11.8988,  3.78774,   15.529, 0.0113, 0.0099,  33.0197, 01 Oct 2018 08:26:41
 11.8957,  3.78741,   15.429, 0.0099, 0.0105,  33.0193, 01 Oct 2018 08:26:43
 11.8953,  3.78737,   15.532, 0.0098, 0.0099,  33.0192, 01 Oct 2018 08:26:46
 11.8922,  3.78712,   15.620, 0.0103, 0.0110,  33.0195, 01 Oct 2018 08:26:48
 11.8924,  3.78709,   15.581, 0.0102, 0.0100,  33.0191, 01 Oct 2018 08:26:50
 11.8901,  3.78689,   15.552, 0.0105, 0.0101,  33.0191, 01 Oct 2018 08:26:53
 11.8911,  3.78695,   15.417, 0.0102, 0.0104,  33.0189, 01 Oct 2018 08:26:55
 11.8870,  3.78661,   15.571, 0.0102, 0.0104,  33.0193, 01 Oct 2018 08:26:57
 11.8875,  3.78664,   15.562, 0.0103, 0.0105,  33.0191, 01 Oct 2018 08:27:00
 11.8872,  3.78659,   15.572, 0.0096, 0.0109,  33.0187, 01 Oct 2018 08:27:02
 11.8870,  3.78653,   15.495, 0.0107, 0.0102,  33.0185, 01 Oct 2018 08:27:05
 11.8828,  3.78618,   15.493, 0.0101, 0.0107,  33.0188, 01 Oct 2018 08:27:07
 11.8823,  3.78615,   15.515, 0.0103, 0.0105,  33.0190, 01 Oct 2018 08:27:09
 11.2799,  3.74392,   15.548, 0.0097, 0.0101,  33.1438, 01 Oct 2018 08:27:46
 11.1726,  3.73758,   15.595, 0.0098, 0.0104,  33.1779, 01 Oct 2018 08:27:48
 11.1010,  3.73033,   15.590, 0.0102, 0.0109,  33.1707, 01 Oct 2018 08:27:51
 10.9587,  3.72124,   15.981, 0.0100, 0.0097,  33.2091, 01 Oct 2018 08:27:53
 10.9506,  3.72067,   16.376, 0.0098, 0.0106,  33.2105, 01 Oct 2018 08:27:56
 10.8479,  3.71183,   16.795, 0.0110, 0.0108,  33.2155, 01 Oct 2018 08:27:58
 10.5801,  3.68983,   17.296, 0.0101, 0.0110,  33.2391, 01 Oct 2018 08:28:00
 10.5601,  3.68922,   17.585, 0.0095, 0.0106,  33.2511, 01 Oct 2018 08:28:03
 10.5524,  3.68806,   17.836, 0.0106, 0.0100,  33.2464, 01 Oct 2018 08:28:05
 10.3104,  3.66817,   18.214, 0.0097, 0.0098,  33.2674, 01 Oct 2018 08:28:08
 10.2202,  3.66124,   18.724, 0.0105, 0.0112,  33.2799, 01 Oct 2018 08:28:10
 10.1814,  3.65815,   19.106, 0.0099, 0.0104,  33.2841, 01 Oct 2018 08:28:12
 10.2245,  3.66140,   19.280, 0.0098, 0.0101,  33.2773, 01 Oct 2018 08:28:15
  9.8311,  3.62786,   19.672, 0.0105, 0.0107,  33.2987, 01 Oct 2018 08:28:17
  9.7465,  3.62451,   20.053, 0.0105, 0.0107,  33.3426, 01 Oct 2018 08:28:19
  9.6303,  3.61776,   20.630, 0.0091, 0.0104,  33.3812, 01 Oct 2018 08:28:22
  9.6476,  3.61906,   20.955, 0.0096, 0.0104,  33.3782, 01 Oct 2018 08:28:24
  9.6367,  3.61800,   21.176, 0.0100, 0.0104,  33.3774, 01 Oct 2018 08:28:27
  9.5945,  3.61577,   21.456, 0.0100, 0.0107,  33.3936, 01 Oct 2018 08:28:29
  9.5402,  3.61275,   21.881, 0.0107, 0.0101,  33.4130, 01 Oct 2018 08:28:31
  9.5144,  3.61105,   22.282, 0.0098, 0.0104,  33.4193, 01 Oct 2018 08:28:34
  9.4802,  3.60827,   22.659, 0.0106, 0.0106,  33.4225, 01 Oct 2018 08:28:36
  9.4351,  3.60546,   23.125, 0.0108, 0.0114,  33.4353, 01 Oct 2018 08:28:38
  9.4073,  3.60372,   23.513, 0.0103, 0.0105,  33.4432, 01 Oct 2018 08:28:41
  9.3939,  3.60208,   23.710, 0.0111, 0.0105,  33.4387, 01 Oct 2018 08:28:43
  9.3407,  3.59867,   24.062, 0.0102, 0.0101,  33.4531, 01 Oct 2018 08:28:46
  9.3180,  3.59716,   24.412, 0.0106, 0.0106,  33.4586, 01 Oct 2018 08:28:48
  9.2951,  3.59547,   24.846, 0.0105, 0.0103,  33.4624, 01 Oct 2018 08:28:50
  9.2720,  3.59344,   25.255, 0.0103, 0.0104,  33.4627, 01 Oct 2018 08:28:53
  9.2527,  3.59231,   25.647, 0.0101, 0.0106,  33.4689, 01 Oct 2018 08:28:55
  9.2556,  3.59263,   25.709, 0.0106, 0.0113,  33.4695, 01 Oct 2018 08:28:57
  9.2165,  3.58948,   25.566, 0.0102, 0.0100,  33.4736, 01 Oct 2018 08:29:00
  9.2451,  3.59027,   24.965, 0.0101, 0.0110,  33.4553, 01 Oct 2018 08:29:26
  9.2632,  3.59081,   24.506, 0.0099, 0.0096,  33.4441, 01 Oct 2018 08:29:46
  9.2588,  3.59047,   24.467, 0.0099, 0.0104,  33.4447, 01 Oct 2018 08:29:49
  9.2572,  3.59035,   24.616, 0.0102, 0.0101,  33.4450, 01 Oct 2018 08:29:51
  9.2448,  3.58970,   25.168, 0.0103, 0.0113,  33.4495, 01 Oct 2018 08:29:53
  9.2147,  3.58765,   25.578, 0.0101, 0.0105,  33.4563, 01 Oct 2018 08:29:56
  9.1484,  3.58374,   25.879, 0.0107, 0.0100,  33.4779, 01 Oct 2018 08:29:58
  9.0999,  3.58098,   26.245, 0.0105, 0.0102,  33.4945, 01 Oct 2018 08:30:01
  9.0776,  3.57952,   26.630, 0.0099, 0.0109,  33.5002, 01 Oct 2018 08:30:03
  9.0531,  3.57776,   27.054, 0.0104, 0.0101,  33.5048, 01 Oct 2018 08:30:05
  9.0186,  3.57563,   27.529, 0.0102, 0.0103,  33.5149, 01 Oct 2018 08:30:08
  8.9875,  3.57364,   28.022, 0.0098, 0.0099,  33.5232, 01 Oct 2018 08:30:10
  8.9491,  3.57135,   28.453, 0.0096, 0.0109,  33.5354, 01 Oct 2018 08:30:12
  8.9186,  3.56929,   28.820, 0.0103, 0.0106,  33.5425, 01 Oct 2018 08:30:15
  8.8878,  3.56727,   29.198, 0.0101, 0.0106,  33.5503, 01 Oct 2018 08:30:17
  8.8744,  3.56638,   29.613, 0.0096, 0.0102,  33.5535, 01 Oct 2018 08:30:20
  8.8673,  3.56579,   30.044, 0.0102, 0.0109,  33.5538, 01 Oct 2018 08:30:22
  8.8523,  3.56464,   30.432, 0.0103, 0.0102,  33.5559, 01 Oct 2018 08:30:24
  8.8320,  3.56337,   30.818, 0.0103, 0.0103,  33.5616, 01 Oct 2018 08:30:27
  8.8230,  3.56271,   31.189, 0.0098, 0.0097,  33.5630, 01 Oct 2018 08:30:29
  8.8165,  3.56231,   31.697, 0.0098, 0.0109,  33.5647, 01 Oct 2018 08:30:31
  8.8131,  3.56211,   32.171, 0.0100, 0.0098,  33.5656, 01 Oct 2018 08:30:34
  8.8109,  3.56180,   32.575, 0.0096, 0.0108,  33.5643, 01 Oct 2018 08:30:36
  8.8076,  3.56169,   32.988, 0.0106, 0.0101,  33.5660, 01 Oct 2018 08:30:39
  8.8061,  3.56146,   33.317, 0.0105, 0.0108,  33.5650, 01 Oct 2018 08:30:41
  8.8051,  3.56135,   33.647, 0.0111, 0.0107,  33.5646, 01 Oct 2018 08:30:43
  8.8036,  3.56122,   34.055, 0.0107, 0.0100,  33.5644, 01 Oct 2018 08:30:46
  8.8009,  3.56108,   34.522, 0.0104, 0.0106,  33.5653, 01 Oct 2018 08:30:48
  8.7965,  3.56084,   35.006, 0.0102, 0.0111,  33.5667, 01 Oct 2018 08:30:51
  8.7934,  3.56071,   35.509, 0.0102, 0.0103,  33.5681, 01 Oct 2018 08:30:53
  8.7879,  3.56051,   35.973, 0.0106, 0.0103,  33.5710, 01 Oct 2018 08:30:55
  8.7812,  3.56021,   36.254, 0.0098, 0.0105,  33.5741, 01 Oct 2018 08:30:58
  8.7763,  3.56006,   36.503, 0.0108, 0.0112,  33.5770, 01 Oct 2018 08:31:00
  8.7687,  3.55974,   36.892, 0.0099, 0.0103,  33.5807, 01 Oct 2018 08:31:02
  8.7573,  3.55933,   37.433, 0.0105, 0.0100,  33.5869, 01 Oct 2018 08:31:05
  8.7487,  3.55894,   37.942, 0.0111, 0.0101,  33.5908, 01 Oct 2018 08:31:07
  8.7445,  3.55880,   38.402, 0.0108, 0.0107,  33.5931, 01 Oct 2018 08:31:10
  8.7293,  3.55821,   38.806, 0.0105, 0.0112,  33.6012, 01 Oct 2018 08:31:12
  8.7065,  3.55732,   39.180, 0.0107, 0.0105,  33.6133, 01 Oct 2018 08:31:14
  8.6824,  3.55605,   39.555, 0.0103, 0.0100,  33.6226, 01 Oct 2018 08:31:17
  8.6637,  3.55499,   39.973, 0.0101, 0.0098,  33.6290, 01 Oct 2018 08:31:19
  8.6539,  3.55444,   40.416, 0.0112, 0.0109,  33.6324, 01 Oct 2018 08:31:22
  8.6429,  3.55379,   40.846, 0.0104, 0.0104,  33.6358, 01 Oct 2018 08:31:24
  8.6329,  3.55329,   41.269, 0.0096, 0.0099,  33.6400, 01 Oct 2018 08:31:26
  8.6241,  3.55278,   41.732, 0.0106, 0.0102,  33.6427, 01 Oct 2018 08:31:29
  8.6162,  3.55228,   42.184, 0.0105, 0.0112,  33.6446, 01 Oct 2018 08:31:31
  8.6108,  3.55194,   42.639, 0.0102, 0.0102,  33.6461, 01 Oct 2018 08:31:33
  8.6019,  3.55144,   43.060, 0.0106, 0.0108,  33.6491, 01 Oct 2018 08:31:36
  8.5736,  3.54991,   43.459, 0.0099, 0.0104,  33.6597, 01 Oct 2018 08:31:38
  8.5525,  3.54888,   43.782, 0.0099, 0.0109,  33.6689, 01 Oct 2018 08:31:41
  8.5533,  3.54891,   43.773, 0.0103, 0.0102,  33.6683, 01 Oct 2018 08:31:43
  8.5448,  3.54808,   43.823, 0.0099, 0.0106,  33.6678, 01 Oct 2018 08:31:45
  8.5441,  3.54805,   43.851, 0.0103, 0.0104,  33.6682, 01 Oct 2018 08:31:48
