
---  10-01-18 17:04:27 ---
  8.7803,  3.55754,   43.960, 0.0095, 0.0099,  33.5433, 01 Oct 2018 17:04:56
 10.1910,  3.63551,   15.972, 0.0100, 0.0103,  33.0476, 01 Oct 2018 17:09:11
 10.1740,  3.63438,   15.982, 0.0103, 0.0105,  33.0517, 01 Oct 2018 17:09:14
 10.1657,  3.63367,   16.214, 0.0096, 0.0107,  33.0520, 01 Oct 2018 17:09:16
 10.1046,  3.62902,   16.553, 0.0100, 0.0100,  33.0605, 01 Oct 2018 17:09:18
  9.9427,  3.61837,   17.099, 0.0099, 0.0108,  33.1004, 01 Oct 2018 17:09:21
  9.8345,  3.61215,   17.645, 0.0097, 0.0096,  33.1362, 01 Oct 2018 17:09:23
  9.8606,  3.61378,   17.988, 0.0099, 0.0115,  33.1287, 01 Oct 2018 17:09:26
  9.8622,  3.61335,   18.243, 0.0105, 0.0099,  33.1226, 01 Oct 2018 17:09:28
  9.7463,  3.60521,   18.727, 0.0091, 0.0102,  33.1461, 01 Oct 2018 17:09:30
  9.7060,  3.60320,   19.131, 0.0104, 0.0103,  33.1624, 01 Oct 2018 17:09:33
  9.6784,  3.60125,   19.553, 0.0101, 0.0112,  33.1678, 01 Oct 2018 17:09:35
  9.6528,  3.59959,   20.109, 0.0097, 0.0099,  33.1742, 01 Oct 2018 17:09:37
  9.6450,  3.59924,   20.407, 0.0098, 0.0105,  33.1776, 01 Oct 2018 17:09:40
  9.6505,  3.59931,   20.782, 0.0095, 0.0100,  33.1731, 01 Oct 2018 17:09:42
  9.5573,  3.59350,   21.374, 0.0097, 0.0110,  33.1994, 01 Oct 2018 17:09:45
  9.5424,  3.59244,   21.838, 0.0097, 0.0100,  33.2021, 01 Oct 2018 17:09:47
  9.5242,  3.59106,   22.204, 0.0106, 0.0103,  33.2046, 01 Oct 2018 17:09:50
  9.5050,  3.58979,   22.569, 0.0096, 0.0107,  33.2092, 01 Oct 2018 17:09:52
  9.4915,  3.58880,   23.011, 0.0096, 0.0110,  33.2113, 01 Oct 2018 17:09:54
  9.4767,  3.58779,   23.422, 0.0096, 0.0103,  33.2144, 01 Oct 2018 17:09:57
  9.4656,  3.58723,   23.745, 0.0094, 0.0100,  33.2187, 01 Oct 2018 17:09:59
  9.4476,  3.58649,   24.265, 0.0096, 0.0102,  33.2276, 01 Oct 2018 17:10:01
  9.4445,  3.58692,   24.907, 0.0095, 0.0105,  33.2347, 01 Oct 2018 17:10:04
  9.4108,  3.58408,   25.304, 0.0097, 0.0099,  33.2365, 01 Oct 2018 17:10:06
  9.2926,  3.57381,   25.612, 0.0097, 0.0099,  33.2402, 01 Oct 2018 17:10:09
  9.1940,  3.56779,   25.566, 0.0096, 0.0100,  33.2698, 01 Oct 2018 17:10:11
  9.1045,  3.56062,   25.532, 0.0096, 0.0114,  33.2789, 01 Oct 2018 17:10:13
  9.3793,  3.58000,   25.473, 0.0096, 0.0099,  33.2237, 01 Oct 2018 17:10:39
  9.4372,  3.58330,   25.222, 0.0094, 0.0109,  33.2040, 01 Oct 2018 17:11:00
  9.4611,  3.58457,   25.255, 0.0097, 0.0098,  33.1949, 01 Oct 2018 17:11:02
  9.4746,  3.58542,   25.424, 0.0095, 0.0101,  33.1910, 01 Oct 2018 17:11:05
  9.4829,  3.58599,   25.817, 0.0092, 0.0099,  33.1890, 01 Oct 2018 17:11:07
  9.4825,  3.58609,   26.190, 0.0095, 0.0105,  33.1903, 01 Oct 2018 17:11:09
  9.4803,  3.58604,   26.696, 0.0096, 0.0108,  33.1915, 01 Oct 2018 17:11:12
  9.4737,  3.58574,   27.171, 0.0092, 0.0105,  33.1944, 01 Oct 2018 17:11:14
  9.4641,  3.58533,   27.634, 0.0095, 0.0098,  33.1988, 01 Oct 2018 17:11:17
  9.4546,  3.58504,   28.023, 0.0103, 0.0102,  33.2045, 01 Oct 2018 17:11:19
  9.4468,  3.58484,   28.508, 0.0098, 0.0101,  33.2094, 01 Oct 2018 17:11:21
  9.4228,  3.58467,   29.049, 0.0091, 0.0101,  33.2298, 01 Oct 2018 17:11:24
  9.3901,  3.58225,   29.493, 0.0099, 0.0100,  33.2350, 01 Oct 2018 17:11:26
  9.3738,  3.58060,   29.829, 0.0094, 0.0101,  33.2329, 01 Oct 2018 17:11:28
  9.2802,  3.57324,   30.166, 0.0101, 0.0096,  33.2438, 01 Oct 2018 17:11:31
  8.9969,  3.55019,   30.658, 0.0104, 0.0098,  33.2688, 01 Oct 2018 17:11:33
  8.8984,  3.54442,   31.180, 0.0098, 0.0105,  33.3006, 01 Oct 2018 17:11:35
  8.8835,  3.54248,   31.638, 0.0096, 0.0100,  33.2942, 01 Oct 2018 17:11:38
  8.8589,  3.54003,   32.110, 0.0095, 0.0105,  33.2914, 01 Oct 2018 17:11:40
  8.8162,  3.53670,   32.607, 0.0095, 0.0098,  33.2965, 01 Oct 2018 17:11:43
  8.7938,  3.53667,   33.001, 0.0101, 0.0102,  33.3171, 01 Oct 2018 17:11:45
  8.8109,  3.53762,   33.306, 0.0096, 0.0106,  33.3107, 01 Oct 2018 17:11:47
  8.8441,  3.53948,   33.666, 0.0091, 0.0100,  33.2989, 01 Oct 2018 17:11:50
  8.7678,  3.53969,   34.142, 0.0095, 0.0104,  33.3725, 01 Oct 2018 17:11:52
  8.7676,  3.54091,   34.689, 0.0095, 0.0102,  33.3853, 01 Oct 2018 17:11:54
  8.7719,  3.54198,   35.189, 0.0100, 0.0105,  33.3922, 01 Oct 2018 17:11:57
  8.7755,  3.54295,   35.628, 0.0093, 0.0110,  33.3988, 01 Oct 2018 17:11:59
  8.7792,  3.54323,   36.008, 0.0092, 0.0103,  33.3980, 01 Oct 2018 17:12:01
  8.7814,  3.54376,   36.417, 0.0094, 0.0098,  33.4014, 01 Oct 2018 17:12:04
  8.7862,  3.54511,   36.851, 0.0097, 0.0100,  33.4108, 01 Oct 2018 17:12:06
  8.7881,  3.54477,   37.202, 0.0096, 0.0106,  33.4053, 01 Oct 2018 17:12:09
  8.7909,  3.54493,   37.596, 0.0101, 0.0104,  33.4041, 01 Oct 2018 17:12:11
  8.7970,  3.54803,   38.105, 0.0098, 0.0100,  33.4306, 01 Oct 2018 17:12:13
  8.8042,  3.55018,   38.671, 0.0101, 0.0096,  33.4461, 01 Oct 2018 17:12:16
  8.8060,  3.55098,   39.139, 0.0104, 0.0100,  33.4525, 01 Oct 2018 17:12:18
  8.8094,  3.55120,   39.479, 0.0103, 0.0106,  33.4515, 01 Oct 2018 17:12:20
  8.8108,  3.55161,   39.791, 0.0098, 0.0099,  33.4543, 01 Oct 2018 17:12:23
  8.8138,  3.55308,   40.169, 0.0102, 0.0110,  33.4667, 01 Oct 2018 17:12:25
  8.8158,  3.55448,   40.611, 0.0097, 0.0104,  33.4792, 01 Oct 2018 17:12:27
  8.8160,  3.55500,   41.087, 0.0106, 0.0107,  33.4843, 01 Oct 2018 17:12:30
  8.8142,  3.55539,   41.562, 0.0098, 0.0102,  33.4898, 01 Oct 2018 17:12:32
  8.8139,  3.55567,   42.020, 0.0102, 0.0101,  33.4929, 01 Oct 2018 17:12:35
  8.8119,  3.55591,   42.488, 0.0089, 0.0110,  33.4970, 01 Oct 2018 17:12:37
  8.8112,  3.55605,   42.930, 0.0099, 0.0105,  33.4989, 01 Oct 2018 17:12:39
  8.8103,  3.55627,   43.295, 0.0097, 0.0108,  33.5020, 01 Oct 2018 17:12:42
  8.8086,  3.55630,   43.662, 0.0095, 0.0107,  33.5037, 01 Oct 2018 17:12:44
  8.8029,  3.55645,   43.923, 0.0101, 0.0101,  33.5105, 01 Oct 2018 17:12:46
  8.8111,  3.55642,   43.925, 0.0096, 0.0110,  33.5025, 01 Oct 2018 17:12:49
  8.8090,  3.55653,   43.949, 0.0099, 0.0100,  33.5056, 01 Oct 2018 17:12:51
  8.8072,  3.55661,   43.980, 0.0098, 0.0097,  33.5082, 01 Oct 2018 17:12:53
  8.8015,  3.55654,   44.028, 0.0102, 0.0109,  33.5128, 01 Oct 2018 17:12:56
  8.7991,  3.55652,   44.016, 0.0097, 0.0101,  33.5148, 01 Oct 2018 17:12:58
  8.7999,  3.55654,   43.967, 0.0099, 0.0110,  33.5144, 01 Oct 2018 17:13:00
  8.7996,  3.55656,   43.916, 0.0100, 0.0097,  33.5148, 01 Oct 2018 17:13:03
  8.8009,  3.55665,   43.868, 0.0098, 0.0102,  33.5146, 01 Oct 2018 17:13:05
  8.7990,  3.55657,   43.864, 0.0100, 0.0102,  33.5155, 01 Oct 2018 17:13:08
  8.7975,  3.55639,   43.961, 0.0099, 0.0102,  33.5150, 01 Oct 2018 17:13:10
  8.7965,  3.55641,   44.047, 0.0098, 0.0111,  33.5160, 01 Oct 2018 17:13:12
  8.7969,  3.55652,   44.026, 0.0097, 0.0103,  33.5169, 01 Oct 2018 17:13:15
  8.7989,  3.55668,   43.945, 0.0103, 0.0103,  33.5168, 01 Oct 2018 17:13:17
  8.7963,  3.55652,   43.899, 0.0098, 0.0100,  33.5175, 01 Oct 2018 17:13:19
  8.7964,  3.55647,   43.922, 0.0103, 0.0099,  33.5170, 01 Oct 2018 17:13:22
  8.7955,  3.55643,   43.942, 0.0101, 0.0117,  33.5173, 01 Oct 2018 17:13:24
  8.7963,  3.55651,   43.940, 0.0099, 0.0101,  33.5174, 01 Oct 2018 17:13:27
  8.7960,  3.55654,   43.949, 0.0112, 0.0103,  33.5180, 01 Oct 2018 17:13:29
  8.7959,  3.55664,   43.939, 0.0101, 0.0104,  33.5192, 01 Oct 2018 17:13:31
  8.7955,  3.55668,   43.932, 0.0096, 0.0103,  33.5200, 01 Oct 2018 17:13:34
  8.7944,  3.55665,   43.979, 0.0098, 0.0108,  33.5207, 01 Oct 2018 17:13:36
  8.7931,  3.55668,   44.007, 0.0102, 0.0108,  33.5222, 01 Oct 2018 17:13:38
  8.7963,  3.55698,   43.962, 0.0102, 0.0101,  33.5224, 01 Oct 2018 17:13:41
  8.7961,  3.55705,   43.898, 0.0104, 0.0108,  33.5234, 01 Oct 2018 17:13:43
  8.7939,  3.55700,   43.882, 0.0099, 0.0096,  33.5249, 01 Oct 2018 17:13:45
  8.7923,  3.55698,   43.911, 0.0102, 0.0099,  33.5262, 01 Oct 2018 17:13:48
  8.7928,  3.55698,   43.955, 0.0098, 0.0121,  33.5256, 01 Oct 2018 17:13:50
  8.7931,  3.55703,   43.985, 0.0101, 0.0105,  33.5258, 01 Oct 2018 17:13:52
  8.7932,  3.55705,   44.003, 0.0099, 0.0102,  33.5260, 01 Oct 2018 17:13:55
  8.7935,  3.55712,   43.986, 0.0101, 0.0108,  33.5264, 01 Oct 2018 17:13:57
  8.7937,  3.55719,   43.947, 0.0098, 0.0105,  33.5270, 01 Oct 2018 17:14:00
  8.7937,  3.55719,   43.929, 0.0107, 0.0112,  33.5271, 01 Oct 2018 17:14:02
  8.7919,  3.55716,   43.919, 0.0103, 0.0100,  33.5284, 01 Oct 2018 17:14:04
  8.7910,  3.55714,   43.919, 0.0100, 0.0102,  33.5290, 01 Oct 2018 17:14:07
  8.7901,  3.55716,   43.962, 0.0095, 0.0109,  33.5301, 01 Oct 2018 17:14:09
  8.7893,  3.55726,   44.005, 0.0103, 0.0097,  33.5319, 01 Oct 2018 17:14:11
  8.7894,  3.55736,   44.010, 0.0099, 0.0112,  33.5328, 01 Oct 2018 17:14:14
  8.7893,  3.55740,   43.961, 0.0102, 0.0108,  33.5334, 01 Oct 2018 17:14:16
  8.7898,  3.55748,   43.941, 0.0103, 0.0099,  33.5338, 01 Oct 2018 17:14:19
  8.7885,  3.55739,   43.937, 0.0099, 0.0107,  33.5340, 01 Oct 2018 17:14:21
  8.7887,  3.55743,   43.911, 0.0098, 0.0102,  33.5343, 01 Oct 2018 17:14:23
  8.7885,  3.55744,   43.910, 0.0104, 0.0115,  33.5345, 01 Oct 2018 17:14:26
  8.7880,  3.55743,   43.947, 0.0100, 0.0107,  33.5349, 01 Oct 2018 17:14:28
  8.7873,  3.55739,   43.996, 0.0102, 0.0104,  33.5351, 01 Oct 2018 17:14:30
  8.7873,  3.55740,   44.035, 0.0100, 0.0104,  33.5352, 01 Oct 2018 17:14:33
  8.7873,  3.55740,   44.015, 0.0099, 0.0104,  33.5352, 01 Oct 2018 17:14:35
  8.7874,  3.55741,   43.933, 0.0095, 0.0110,  33.5353, 01 Oct 2018 17:14:38
  8.7884,  3.55759,   43.862, 0.0094, 0.0105,  33.5363, 01 Oct 2018 17:14:40
  8.7876,  3.55743,   43.867, 0.0108, 0.0098,  33.5353, 01 Oct 2018 17:14:42
  8.7867,  3.55739,   43.937, 0.0098, 0.0106,  33.5357, 01 Oct 2018 17:14:45
  8.7864,  3.55736,   44.021, 0.0103, 0.0103,  33.5356, 01 Oct 2018 17:14:47
  8.7864,  3.55737,   44.038, 0.0097, 0.0109,  33.5357, 01 Oct 2018 17:14:49
  8.7870,  3.55741,   44.010, 0.0101, 0.0106,  33.5357, 01 Oct 2018 17:14:52
  8.7876,  3.55748,   43.966, 0.0097, 0.0107,  33.5358, 01 Oct 2018 17:14:54
  8.7863,  3.55741,   43.900, 0.0100, 0.0111,  33.5364, 01 Oct 2018 17:14:56
  8.7863,  3.55743,   43.900, 0.0102, 0.0108,  33.5365, 01 Oct 2018 17:14:59
  8.7845,  3.55736,   43.941, 0.0099, 0.0104,  33.5375, 01 Oct 2018 17:15:01
  8.7847,  3.55737,   43.945, 0.0097, 0.0107,  33.5374, 01 Oct 2018 17:15:03
  8.7856,  3.55740,   43.960, 0.0102, 0.0107,  33.5368, 01 Oct 2018 17:15:06
  8.7846,  3.55736,   44.006, 0.0099, 0.0102,  33.5374, 01 Oct 2018 17:15:08
  8.7837,  3.55734,   44.052, 0.0099, 0.0101,  33.5380, 01 Oct 2018 17:15:11
  8.7838,  3.55739,   44.043, 0.0094, 0.0104,  33.5383, 01 Oct 2018 17:15:13
  8.7845,  3.55741,   43.944, 0.0101, 0.0110,  33.5380, 01 Oct 2018 17:15:15
  8.7856,  3.55749,   43.841, 0.0099, 0.0104,  33.5379, 01 Oct 2018 17:15:18
  8.7855,  3.55747,   43.842, 0.0096, 0.0100,  33.5377, 01 Oct 2018 17:15:20
  8.7827,  3.55736,   43.925, 0.0099, 0.0106,  33.5392, 01 Oct 2018 17:15:23
  8.7824,  3.55736,   44.029, 0.0104, 0.0105,  33.5394, 01 Oct 2018 17:15:25
  8.7824,  3.55736,   44.082, 0.0098, 0.0107,  33.5394, 01 Oct 2018 17:15:27
  8.7831,  3.55739,   44.042, 0.0101, 0.0101,  33.5390, 01 Oct 2018 17:15:30
  8.7846,  3.55751,   43.971, 0.0105, 0.0107,  33.5389, 01 Oct 2018 17:15:32
  8.7831,  3.55739,   43.931, 0.0107, 0.0106,  33.5391, 01 Oct 2018 17:15:34
  8.7822,  3.55736,   43.904, 0.0097, 0.0102,  33.5397, 01 Oct 2018 17:15:37
  8.7822,  3.55736,   43.893, 0.0094, 0.0112,  33.5396, 01 Oct 2018 17:15:39
  8.7816,  3.55734,   43.927, 0.0101, 0.0110,  33.5401, 01 Oct 2018 17:15:41
  8.7815,  3.55733,   44.012, 0.0091, 0.0101,  33.5400, 01 Oct 2018 17:15:44
  8.7817,  3.55734,   44.062, 0.0104, 0.0101,  33.5399, 01 Oct 2018 17:15:46
  8.7817,  3.55736,   44.038, 0.0100, 0.0106,  33.5401, 01 Oct 2018 17:15:49
  8.7817,  3.55736,   43.977, 0.0104, 0.0108,  33.5401, 01 Oct 2018 17:15:51
  8.7822,  3.55739,   43.914, 0.0111, 0.0104,  33.5399, 01 Oct 2018 17:15:53
  8.7817,  3.55736,   43.863, 0.0105, 0.0097,  33.5402, 01 Oct 2018 17:15:56
  8.7814,  3.55734,   43.871, 0.0104, 0.0107,  33.5403, 01 Oct 2018 17:15:58
  8.7809,  3.55734,   43.973, 0.0105, 0.0102,  33.5407, 01 Oct 2018 17:16:00
  8.7804,  3.55736,   44.082, 0.0096, 0.0111,  33.5413, 01 Oct 2018 17:16:03
  8.7813,  3.55739,   44.077, 0.0100, 0.0106,  33.5407, 01 Oct 2018 17:16:05
  8.7823,  3.55745,   43.989, 0.0106, 0.0102,  33.5405, 01 Oct 2018 17:16:07
  8.7842,  3.55761,   43.900, 0.0102, 0.0105,  33.5403, 01 Oct 2018 17:16:10
  8.7817,  3.55745,   43.860, 0.0095, 0.0104,  33.5411, 01 Oct 2018 17:16:12
  8.7808,  3.55739,   43.889, 0.0101, 0.0107,  33.5413, 01 Oct 2018 17:16:15
  8.7806,  3.55737,   43.980, 0.0099, 0.0109,  33.5412, 01 Oct 2018 17:16:17
  8.7804,  3.55737,   44.062, 0.0105, 0.0105,  33.5415, 01 Oct 2018 17:16:19
  8.7808,  3.55739,   44.047, 0.0097, 0.0099,  33.5412, 01 Oct 2018 17:16:22
  8.7810,  3.55739,   43.963, 0.0095, 0.0111,  33.5411, 01 Oct 2018 17:16:24
  8.7820,  3.55747,   43.903, 0.0102, 0.0098,  33.5410, 01 Oct 2018 17:16:26
  8.7803,  3.55741,   43.916, 0.0099, 0.0106,  33.5420, 01 Oct 2018 17:16:29
  8.7798,  3.55742,   43.955, 0.0096, 0.0107,  33.5426, 01 Oct 2018 17:16:31
  8.7799,  3.55744,   43.978, 0.0093, 0.0107,  33.5427, 01 Oct 2018 17:16:34
  8.7803,  3.55743,   43.987, 0.0097, 0.0103,  33.5421, 01 Oct 2018 17:16:36
  8.7801,  3.55743,   43.980, 0.0101, 0.0103,  33.5423, 01 Oct 2018 17:16:38
  8.7797,  3.55744,   43.958, 0.0104, 0.0112,  33.5429, 01 Oct 2018 17:16:41
  8.7797,  3.55745,   43.944, 0.0094, 0.0098,  33.5430, 01 Oct 2018 17:16:43
  8.7794,  3.55749,   43.963, 0.0106, 0.0099,  33.5437, 01 Oct 2018 17:16:45
  8.7790,  3.55751,   43.985, 0.0092, 0.0103,  33.5443, 01 Oct 2018 17:16:48
  8.7793,  3.55752,   44.006, 0.0102, 0.0103,  33.5441, 01 Oct 2018 17:16:50
  8.7793,  3.55751,   43.971, 0.0101, 0.0115,  33.5440, 01 Oct 2018 17:16:52
  8.7795,  3.55751,   43.911, 0.0108, 0.0104,  33.5438, 01 Oct 2018 17:16:55
  8.7795,  3.55753,   43.899, 0.0091, 0.0101,  33.5440, 01 Oct 2018 17:16:57
  8.7791,  3.55756,   43.949, 0.0101, 0.0099,  33.5447, 01 Oct 2018 17:16:59
  8.7790,  3.55761,   44.001, 0.0095, 0.0102,  33.5452, 01 Oct 2018 17:17:02
  8.7793,  3.55761,   44.009, 0.0099, 0.0113,  33.5450, 01 Oct 2018 17:17:04
  8.7797,  3.55765,   43.986, 0.0104, 0.0096,  33.5450, 01 Oct 2018 17:17:07
  8.7797,  3.55763,   43.932, 0.0095, 0.0103,  33.5449, 01 Oct 2018 17:17:09
  8.7800,  3.55767,   43.896, 0.0097, 0.0101,  33.5451, 01 Oct 2018 17:17:11
  8.7790,  3.55765,   43.907, 0.0097, 0.0109,  33.5458, 01 Oct 2018 17:17:14
  8.7775,  3.55766,   43.977, 0.0099, 0.0112,  33.5472, 01 Oct 2018 17:17:16
  8.7776,  3.55766,   44.054, 0.0093, 0.0102,  33.5471, 01 Oct 2018 17:17:19
  8.7774,  3.55766,   44.059, 0.0106, 0.0106,  33.5473, 01 Oct 2018 17:17:21
  8.7786,  3.55772,   43.986, 0.0097, 0.0110,  33.5468, 01 Oct 2018 17:17:23
  8.7799,  3.55780,   43.908, 0.0101, 0.0102,  33.5464, 01 Oct 2018 17:17:26
  8.7786,  3.55776,   43.880, 0.0102, 0.0104,  33.5473, 01 Oct 2018 17:17:28
  8.7780,  3.55787,   43.903, 0.0101, 0.0112,  33.5489, 01 Oct 2018 17:17:30
  8.7778,  3.55794,   43.945, 0.0091, 0.0097,  33.5498, 01 Oct 2018 17:17:33
  8.7776,  3.55791,   43.972, 0.0105, 0.0100,  33.5497, 01 Oct 2018 17:17:35
  8.7783,  3.55799,   44.014, 0.0094, 0.0103,  33.5500, 01 Oct 2018 17:17:37
  8.7784,  3.55809,   44.049, 0.0096, 0.0104,  33.5508, 01 Oct 2018 17:17:40
  8.7787,  3.55807,   44.008, 0.0095, 0.0111,  33.5504, 01 Oct 2018 17:17:42
  8.7791,  3.55816,   43.905, 0.0096, 0.0102,  33.5509, 01 Oct 2018 17:17:45
  8.7798,  3.55817,   43.856, 0.0096, 0.0101,  33.5505, 01 Oct 2018 17:17:47
  8.7783,  3.55813,   43.906, 0.0111, 0.0101,  33.5514, 01 Oct 2018 17:17:49
  8.7778,  3.55817,   43.977, 0.0097, 0.0112,  33.5523, 01 Oct 2018 17:17:52
  8.7777,  3.55818,   44.037, 0.0097, 0.0112,  33.5525, 01 Oct 2018 17:17:54
  8.7779,  3.55818,   44.053, 0.0098, 0.0101,  33.5523, 01 Oct 2018 17:17:56
  8.7779,  3.55820,   44.011, 0.0104, 0.0104,  33.5525, 01 Oct 2018 17:17:59
  8.7784,  3.55821,   43.921, 0.0098, 0.0100,  33.5522, 01 Oct 2018 17:18:01
  8.7798,  3.55836,   43.869, 0.0100, 0.0101,  33.5525, 01 Oct 2018 17:18:03
  8.7778,  3.55818,   43.904, 0.0098, 0.0110,  33.5525, 01 Oct 2018 17:18:06
  8.7770,  3.55817,   43.986, 0.0099, 0.0108,  33.5531, 01 Oct 2018 17:18:08
  8.7770,  3.55817,   44.001, 0.0097, 0.0105,  33.5531, 01 Oct 2018 17:18:11
  8.7772,  3.55818,   43.974, 0.0097, 0.0103,  33.5531, 01 Oct 2018 17:18:13
  8.7779,  3.55818,   43.971, 0.0095, 0.0100,  33.5524, 01 Oct 2018 17:18:15
  8.7766,  3.55816,   43.993, 0.0103, 0.0110,  33.5533, 01 Oct 2018 17:18:18
  8.7763,  3.55815,   43.992, 0.0097, 0.0106,  33.5534, 01 Oct 2018 17:18:20
  8.7765,  3.55816,   43.938, 0.0096, 0.0107,  33.5534, 01 Oct 2018 17:18:22
  8.7773,  3.55818,   43.874, 0.0102, 0.0101,  33.5530, 01 Oct 2018 17:18:25
  8.7769,  3.55817,   43.877, 0.0107, 0.0098,  33.5533, 01 Oct 2018 17:18:27
  8.7762,  3.55812,   43.989, 0.0110, 0.0112,  33.5533, 01 Oct 2018 17:18:29
  8.7757,  3.55812,   44.092, 0.0100, 0.0104,  33.5537, 01 Oct 2018 17:18:32
  8.7762,  3.55816,   44.032, 0.0098, 0.0106,  33.5537, 01 Oct 2018 17:18:34
  8.7773,  3.55821,   43.892, 0.0102, 0.0108,  33.5533, 01 Oct 2018 17:18:36
  8.7770,  3.55821,   43.877, 0.0098, 0.0100,  33.5535, 01 Oct 2018 17:18:39
  8.7752,  3.55813,   43.960, 0.0102, 0.0115,  33.5544, 01 Oct 2018 17:18:41
  8.7745,  3.55813,   43.978, 0.0096, 0.0104,  33.5550, 01 Oct 2018 17:18:44
  8.7751,  3.55817,   43.936, 0.0103, 0.0105,  33.5549, 01 Oct 2018 17:18:46
  8.7753,  3.55818,   43.956, 0.0103, 0.0102,  33.5548, 01 Oct 2018 17:18:48
  8.7741,  3.55812,   44.031, 0.0096, 0.0103,  33.5552, 01 Oct 2018 17:18:51
  8.7735,  3.55809,   44.018, 0.0099, 0.0099,  33.5555, 01 Oct 2018 17:18:53
  8.7741,  3.55814,   43.932, 0.0095, 0.0115,  33.5555, 01 Oct 2018 17:18:55
  8.7747,  3.55817,   43.913, 0.0098, 0.0103,  33.5553, 01 Oct 2018 17:18:58
  8.7722,  3.55806,   43.969, 0.0103, 0.0102,  33.5565, 01 Oct 2018 17:19:00
  8.7710,  3.55801,   43.975, 0.0095, 0.0095,  33.5570, 01 Oct 2018 17:19:02
  8.7721,  3.55807,   43.933, 0.0099, 0.0100,  33.5568, 01 Oct 2018 17:19:05
  8.7719,  3.55806,   43.941, 0.0099, 0.0115,  33.5568, 01 Oct 2018 17:19:07
  8.7710,  3.55801,   43.999, 0.0096, 0.0106,  33.5571, 01 Oct 2018 17:19:10
  8.7705,  3.55796,   43.994, 0.0102, 0.0105,  33.5570, 01 Oct 2018 17:19:12
  8.7707,  3.55799,   43.954, 0.0101, 0.0105,  33.5572, 01 Oct 2018 17:19:14
  8.7699,  3.55794,   43.955, 0.0100, 0.0099,  33.5573, 01 Oct 2018 17:19:17
  8.7675,  3.55785,   43.949, 0.0101, 0.0104,  33.5588, 01 Oct 2018 17:19:19
  8.7667,  3.55783,   43.895, 0.0097, 0.0101,  33.5593, 01 Oct 2018 17:19:21
  8.7669,  3.55783,   43.904, 0.0090, 0.0103,  33.5591, 01 Oct 2018 17:19:24
  8.7647,  3.55770,   44.006, 0.0094, 0.0099,  33.5598, 01 Oct 2018 17:19:26
  8.7638,  3.55767,   44.058, 0.0095, 0.0102,  33.5603, 01 Oct 2018 17:19:28
  8.7644,  3.55772,   44.003, 0.0114, 0.0110,  33.5602, 01 Oct 2018 17:19:31
  8.7653,  3.55774,   43.938, 0.0097, 0.0108,  33.5597, 01 Oct 2018 17:19:33
  8.7621,  3.55761,   43.936, 0.0102, 0.0100,  33.5613, 01 Oct 2018 17:19:36

EraseBlock 9
  8.7588,  3.55750,   43.972, 0.0099, 0.0106,  33.5634, 01 Oct 2018 17:19:38
  8.7592,  3.55754,   43.925, 0.0105, 0.0105,  33.5633, 01 Oct 2018 17:19:41
  8.7585,  3.55749,   43.900, 0.0097, 0.0105,  33.5635, 01 Oct 2018 17:19:44
  8.7547,  3.55736,   43.960, 0.0098, 0.0100,  33.5657, 01 Oct 2018 17:19:46
  8.7544,  3.55733,   44.027, 0.0101, 0.0101,  33.5657, 01 Oct 2018 17:19:48
  8.7542,  3.55734,   44.054, 0.0099, 0.0104,  33.5660, 01 Oct 2018 17:19:51
  8.7528,  3.55730,   44.034, 0.0094, 0.0102,  33.5669, 01 Oct 2018 17:19:53
  8.7523,  3.55732,   43.942, 0.0098, 0.0110,  33.5676, 01 Oct 2018 17:19:55
  8.7531,  3.55733,   43.842, 0.0095, 0.0108,  33.5670, 01 Oct 2018 17:19:58
  8.7509,  3.55725,   43.848, 0.0099, 0.0103,  33.5681, 01 Oct 2018 17:20:00
  8.7481,  3.55715,   43.981, 0.0101, 0.0098,  33.5697, 01 Oct 2018 17:20:02
  8.7484,  3.55716,   44.082, 0.0098, 0.0102,  33.5696, 01 Oct 2018 17:20:05
  8.7486,  3.55721,   44.073, 0.0102, 0.0102,  33.5698, 01 Oct 2018 17:20:07
  8.7486,  3.55719,   43.991, 0.0098, 0.0113,  33.5697, 01 Oct 2018 17:20:10
  8.7490,  3.55719,   43.925, 0.0099, 0.0098,  33.5694, 01 Oct 2018 17:20:12
  8.7470,  3.55707,   43.934, 0.0095, 0.0105,  33.5700, 01 Oct 2018 17:20:14
  8.7434,  3.55694,   43.962, 0.0097, 0.0098,  33.5720, 01 Oct 2018 17:20:17
  8.7428,  3.55693,   43.946, 0.0096, 0.0102,  33.5725, 01 Oct 2018 17:20:19
  8.7438,  3.55700,   43.921, 0.0105, 0.0113,  33.5723, 01 Oct 2018 17:20:21
  8.7433,  3.55694,   43.961, 0.0098, 0.0102,  33.5721, 01 Oct 2018 17:20:24
  8.7411,  3.55682,   44.044, 0.0098, 0.0106,  33.5729, 01 Oct 2018 17:20:26
  8.7407,  3.55682,   44.074, 0.0098, 0.0105,  33.5732, 01 Oct 2018 17:20:28
  8.7410,  3.55683,   44.003, 0.0106, 0.0097,  33.5732, 01 Oct 2018 17:20:31
  8.7419,  3.55688,   43.920, 0.0096, 0.0115,  33.5728, 01 Oct 2018 17:20:33
  8.7415,  3.55683,   43.877, 0.0104, 0.0103,  33.5727, 01 Oct 2018 17:20:35
  8.7407,  3.55681,   43.888, 0.0101, 0.0098,  33.5732, 01 Oct 2018 17:20:38
  8.7396,  3.55672,   43.955, 0.0098, 0.0102,  33.5733, 01 Oct 2018 17:20:40
  8.7383,  3.55670,   44.052, 0.0095, 0.0101,  33.5742, 01 Oct 2018 17:20:43
  8.7375,  3.55665,   44.087, 0.0101, 0.0112,  33.5746, 01 Oct 2018 17:20:45
  8.7367,  3.55665,   44.012, 0.0098, 0.0106,  33.5754, 01 Oct 2018 17:20:47
  8.7399,  3.55683,   43.921, 0.0098, 0.0106,  33.5743, 01 Oct 2018 17:20:50
  8.7378,  3.55668,   43.909, 0.0093, 0.0105,  33.5746, 01 Oct 2018 17:20:52
  8.7339,  3.55647,   43.960, 0.0104, 0.0100,  33.5761, 01 Oct 2018 17:20:54
  8.7330,  3.55646,   43.975, 0.0103, 0.0109,  33.5769, 01 Oct 2018 17:20:57
  8.7327,  3.55643,   43.955, 0.0098, 0.0098,  33.5769, 01 Oct 2018 17:20:59
  8.7322,  3.55641,   43.993, 0.0101, 0.0105,  33.5770, 01 Oct 2018 17:21:01
  8.7313,  3.55635,   44.049, 0.0097, 0.0098,  33.5773, 01 Oct 2018 17:21:04
  8.7311,  3.55635,   44.023, 0.0100, 0.0108,  33.5775, 01 Oct 2018 17:21:06
  8.7315,  3.55636,   43.972, 0.0097, 0.0113,  33.5772, 01 Oct 2018 17:21:09
  8.7307,  3.55631,   43.947, 0.0095, 0.0104,  33.5775, 01 Oct 2018 17:21:11
  8.7304,  3.55630,   43.907, 0.0109, 0.0104,  33.5776, 01 Oct 2018 17:21:13
  8.7304,  3.55631,   43.900, 0.0104, 0.0102,  33.5778, 01 Oct 2018 17:21:16
  8.7309,  3.55630,   43.994, 0.0098, 0.0102,  33.5771, 01 Oct 2018 17:21:18
  8.7303,  3.55629,   44.080, 0.0098, 0.0102,  33.5775, 01 Oct 2018 17:21:20
  8.7293,  3.55625,   44.031, 0.0094, 0.0109,  33.5781, 01 Oct 2018 17:21:23
  8.7297,  3.55625,   43.913, 0.0101, 0.0105,  33.5778, 01 Oct 2018 17:21:25
  8.7299,  3.55627,   43.919, 0.0095, 0.0106,  33.5778, 01 Oct 2018 17:21:27
  8.7275,  3.55617,   44.012, 0.0095, 0.0101,  33.5790, 01 Oct 2018 17:21:30
  8.7278,  3.55617,   44.026, 0.0096, 0.0109,  33.5788, 01 Oct 2018 17:21:32
  8.7285,  3.55623,   43.976, 0.0103, 0.0109,  33.5786, 01 Oct 2018 17:21:34
  8.7278,  3.55616,   43.963, 0.0097, 0.0106,  33.5786, 01 Oct 2018 17:21:37
  8.7269,  3.55612,   43.998, 0.0097, 0.0096,  33.5790, 01 Oct 2018 17:21:39
  8.7272,  3.55610,   43.989, 0.0101, 0.0101,  33.5786, 01 Oct 2018 17:21:42
  8.7275,  3.55614,   43.936, 0.0098, 0.0105,  33.5787, 01 Oct 2018 17:21:44
  8.7263,  3.55609,   43.941, 0.0099, 0.0110,  33.5793, 01 Oct 2018 17:21:46
  8.7259,  3.55605,   44.016, 0.0099, 0.0103,  33.5792, 01 Oct 2018 17:21:49
  8.7261,  3.55607,   44.040, 0.0099, 0.0106,  33.5793, 01 Oct 2018 17:21:51
  8.7260,  3.55608,   43.985, 0.0097, 0.0096,  33.5795, 01 Oct 2018 17:21:53
  8.7246,  3.55602,   43.915, 0.0102, 0.0104,  33.5802, 01 Oct 2018 17:21:56
  8.7235,  3.55597,   43.912, 0.0106, 0.0113,  33.5807, 01 Oct 2018 17:21:58
  8.7233,  3.55595,   43.950, 0.0097, 0.0101,  33.5807, 01 Oct 2018 17:22:00
  8.7236,  3.55594,   44.016, 0.0101, 0.0106,  33.5803, 01 Oct 2018 17:22:03
  8.7231,  3.55594,   44.063, 0.0096, 0.0099,  33.5807, 01 Oct 2018 17:22:05
  8.7231,  3.55595,   44.006, 0.0102, 0.0106,  33.5808, 01 Oct 2018 17:22:08
  8.7232,  3.55592,   43.927, 0.0102, 0.0114,  33.5805, 01 Oct 2018 17:22:10
  8.7231,  3.55592,   43.911, 0.0092, 0.0102,  33.5806, 01 Oct 2018 17:22:12
  8.7223,  3.55591,   43.949, 0.0114, 0.0105,  33.5812, 01 Oct 2018 17:22:15
  8.7218,  3.55588,   43.993, 0.0103, 0.0106,  33.5814, 01 Oct 2018 17:22:17
  8.7219,  3.55589,   44.020, 0.0100, 0.0104,  33.5813, 01 Oct 2018 17:22:20
  8.7213,  3.55588,   44.024, 0.0101, 0.0113,  33.5818, 01 Oct 2018 17:22:22
  8.7202,  3.55587,   44.001, 0.0102, 0.0101,  33.5828, 01 Oct 2018 17:22:24
  8.7202,  3.55586,   43.953, 0.0103, 0.0097,  33.5827, 01 Oct 2018 17:22:27
  8.7198,  3.55584,   43.928, 0.0097, 0.0106,  33.5829, 01 Oct 2018 17:22:29
  8.7197,  3.55583,   43.953, 0.0093, 0.0108,  33.5829, 01 Oct 2018 17:22:31
  8.7197,  3.55583,   43.977, 0.0098, 0.0113,  33.5828, 01 Oct 2018 17:22:34
  8.7196,  3.55583,   43.996, 0.0097, 0.0100,  33.5829, 01 Oct 2018 17:22:36
  8.7188,  3.55581,   44.031, 0.0097, 0.0105,  33.5835, 01 Oct 2018 17:22:38
  8.7181,  3.55579,   44.054, 0.0102, 0.0110,  33.5839, 01 Oct 2018 17:22:41
  8.7183,  3.55580,   43.997, 0.0097, 0.0100,  33.5839, 01 Oct 2018 17:22:43
  8.7185,  3.55583,   43.893, 0.0099, 0.0104,  33.5840, 01 Oct 2018 17:22:45
  8.7181,  3.55577,   43.868, 0.0099, 0.0113,  33.5838, 01 Oct 2018 17:22:48
  8.7166,  3.55575,   43.974, 0.0105, 0.0102,  33.5849, 01 Oct 2018 17:22:50
  8.7167,  3.55577,   44.092, 0.0096, 0.0098,  33.5849, 01 Oct 2018 17:22:53
  8.7153,  3.55575,   44.073, 0.0098, 0.0098,  33.5861, 01 Oct 2018 17:22:55
  8.7160,  3.55576,   43.986, 0.0094, 0.0104,  33.5856, 01 Oct 2018 17:22:57
  8.7140,  3.55569,   43.932, 0.0105, 0.0110,  33.5868, 01 Oct 2018 17:23:00
  8.7136,  3.55566,   43.909, 0.0099, 0.0101,  33.5869, 01 Oct 2018 17:23:02
  8.7147,  3.55568,   43.905, 0.0099, 0.0095,  33.5860, 01 Oct 2018 17:23:04
  8.7137,  3.55564,   43.958, 0.0098, 0.0097,  33.5865, 01 Oct 2018 17:23:07
  8.7111,  3.55558,   44.047, 0.0104, 0.0110,  33.5884, 01 Oct 2018 17:23:09
  8.7124,  3.55562,   44.067, 0.0088, 0.0112,  33.5875, 01 Oct 2018 17:23:12
  8.7107,  3.55558,   44.004, 0.0098, 0.0099,  33.5888, 01 Oct 2018 17:23:14
  8.7108,  3.55558,   43.936, 0.0099, 0.0107,  33.5887, 01 Oct 2018 17:23:16
  8.7099,  3.55554,   43.935, 0.0098, 0.0110,  33.5891, 01 Oct 2018 17:23:19
  8.7093,  3.55551,   43.944, 0.0090, 0.0106,  33.5894, 01 Oct 2018 17:23:21
  8.7095,  3.55551,   43.956, 0.0102, 0.0111,  33.5892, 01 Oct 2018 17:23:23
  8.7092,  3.55551,   43.997, 0.0100, 0.0101,  33.5895, 01 Oct 2018 17:23:26
  8.7092,  3.55550,   44.045, 0.0099, 0.0105,  33.5893, 01 Oct 2018 17:23:28
  8.7096,  3.55551,   44.057, 0.0095, 0.0097,  33.5890, 01 Oct 2018 17:23:30
  8.7094,  3.55554,   43.996, 0.0109, 0.0098,  33.5895, 01 Oct 2018 17:23:33
  8.7104,  3.55557,   43.917, 0.0101, 0.0111,  33.5889, 01 Oct 2018 17:23:35
  8.7095,  3.55553,   43.922, 0.0102, 0.0106,  33.5893, 01 Oct 2018 17:23:37
  8.7081,  3.55547,   43.987, 0.0097, 0.0099,  33.5901, 01 Oct 2018 17:23:40
  8.7079,  3.55546,   44.004, 0.0095, 0.0101,  33.5901, 01 Oct 2018 17:23:42
  8.7087,  3.55550,   43.983, 0.0103, 0.0106,  33.5898, 01 Oct 2018 17:23:45
  8.7084,  3.55547,   43.996, 0.0097, 0.0110,  33.5898, 01 Oct 2018 17:23:47
  8.7082,  3.55546,   44.009, 0.0103, 0.0101,  33.5898, 01 Oct 2018 17:23:49
  8.7075,  3.55546,   44.001, 0.0103, 0.0102,  33.5905, 01 Oct 2018 17:23:52
  8.7079,  3.55546,   43.988, 0.0093, 0.0104,  33.5901, 01 Oct 2018 17:23:54
  8.7076,  3.55546,   43.956, 0.0097, 0.0106,  33.5904, 01 Oct 2018 17:23:56
  8.7077,  3.55544,   43.925, 0.0095, 0.0102,  33.5901, 01 Oct 2018 17:23:59
  8.7050,  3.55535,   43.948, 0.0110, 0.0111,  33.5917, 01 Oct 2018 17:24:01
  8.7034,  3.55526,   44.010, 0.0101, 0.0100,  33.5924, 01 Oct 2018 17:24:03
  8.7059,  3.55536,   44.039, 0.0103, 0.0100,  33.5910, 01 Oct 2018 17:24:06
  8.7090,  3.55547,   44.022, 0.0095, 0.0098,  33.5892, 01 Oct 2018 17:24:08
  8.7093,  3.55547,   44.004, 0.0098, 0.0101,  33.5889, 01 Oct 2018 17:24:11
  8.7088,  3.55546,   43.972, 0.0093, 0.0106,  33.5893, 01 Oct 2018 17:24:13
  8.7082,  3.55544,   43.922, 0.0105, 0.0107,  33.5897, 01 Oct 2018 17:24:15
  8.7086,  3.55546,   43.899, 0.0094, 0.0106,  33.5895, 01 Oct 2018 17:24:18
  8.7091,  3.55544,   43.960, 0.0099, 0.0100,  33.5889, 01 Oct 2018 17:24:20
  8.7085,  3.55544,   44.053, 0.0102, 0.0108,  33.5894, 01 Oct 2018 17:24:22
  8.7089,  3.55544,   44.063, 0.0101, 0.0119,  33.5890, 01 Oct 2018 17:24:25
  8.7095,  3.55550,   43.988, 0.0097, 0.0101,  33.5890, 01 Oct 2018 17:24:27
  8.7095,  3.55547,   43.955, 0.0098, 0.0104,  33.5887, 01 Oct 2018 17:24:29
  8.7092,  3.55546,   43.972, 0.0099, 0.0106,  33.5889, 01 Oct 2018 17:24:32
  8.7098,  3.55547,   43.952, 0.0107, 0.0101,  33.5885, 01 Oct 2018 17:24:34
  8.7109,  3.55550,   43.931, 0.0101, 0.0115,  33.5877, 01 Oct 2018 17:24:36
  8.7115,  3.55550,   43.972, 0.0100, 0.0101,  33.5871, 01 Oct 2018 17:24:39
  8.7121,  3.55551,   44.020, 0.0098, 0.0103,  33.5867, 01 Oct 2018 17:24:41
  8.7130,  3.55554,   44.020, 0.0098, 0.0101,  33.5861, 01 Oct 2018 17:24:44
  8.7133,  3.55554,   44.019, 0.0092, 0.0102,  33.5858, 01 Oct 2018 17:24:46
  8.7139,  3.55551,   43.995, 0.0097, 0.0110,  33.5850, 01 Oct 2018 17:24:48
  8.7141,  3.55558,   43.959, 0.0096, 0.0100,  33.5856, 01 Oct 2018 17:24:51
  8.7139,  3.55559,   43.940, 0.0102, 0.0098,  33.5859, 01 Oct 2018 17:24:53
  8.7140,  3.55557,   43.971, 0.0103, 0.0104,  33.5855, 01 Oct 2018 17:24:55
  8.7141,  3.55555,   44.004, 0.0103, 0.0104,  33.5852, 01 Oct 2018 17:24:58
  8.7149,  3.55557,   43.991, 0.0101, 0.0116,  33.5846, 01 Oct 2018 17:25:00
  8.7150,  3.55558,   43.982, 0.0104, 0.0100,  33.5847, 01 Oct 2018 17:25:02
  8.7155,  3.55079,   44.022, 0.0096, 0.0104,  33.5339, 01 Oct 2018 17:25:05
  8.7159,  3.55561,   44.046, 0.0098, 0.0103,  33.5840, 01 Oct 2018 17:25:07
  8.7164,  3.55561,   44.002, 0.0095, 0.0106,  33.5836, 01 Oct 2018 17:25:10
  8.7162,  3.55563,   43.954, 0.0101, 0.0108,  33.5841, 01 Oct 2018 17:25:12
  8.7179,  3.55564,   43.961, 0.0099, 0.0105,  33.5825, 01 Oct 2018 17:25:14
  8.7184,  3.55566,   43.957, 0.0113, 0.0096,  33.5823, 01 Oct 2018 17:25:17
  8.7184,  3.55568,   43.934, 0.0101, 0.0106,  33.5824, 01 Oct 2018 17:25:19
  8.7187,  3.55568,   43.981, 0.0102, 0.0102,  33.5821, 01 Oct 2018 17:25:22
  8.7192,  3.55569,   44.075, 0.0101, 0.0102,  33.5818, 01 Oct 2018 17:25:24
  8.7193,  3.55569,   44.100, 0.0097, 0.0114,  33.5817, 01 Oct 2018 17:25:26
  8.7189,  3.55572,   44.006, 0.0097, 0.0105,  33.5824, 01 Oct 2018 17:25:29
  8.7189,  3.55570,   43.922, 0.0101, 0.0103,  33.5823, 01 Oct 2018 17:25:31
  8.7190,  3.55568,   43.909, 0.0099, 0.0102,  33.5819, 01 Oct 2018 17:25:33
  8.7195,  3.55570,   43.893, 0.0099, 0.0105,  33.5817, 01 Oct 2018 17:25:36
  8.7194,  3.55570,   43.925, 0.0099, 0.0115,  33.5818, 01 Oct 2018 17:25:38
  8.7210,  3.55576,   44.063, 0.0108, 0.0101,  33.5808, 01 Oct 2018 17:25:40
  8.7211,  3.55577,   44.157, 0.0092, 0.0109,  33.5808, 01 Oct 2018 17:25:43
  8.7213,  3.55579,   44.085, 0.0102, 0.0100,  33.5808, 01 Oct 2018 17:25:45
  8.7213,  3.55580,   43.918, 0.0100, 0.0106,  33.5810, 01 Oct 2018 17:25:47
  8.7213,  3.55577,   43.837, 0.0095, 0.0111,  33.5808, 01 Oct 2018 17:25:50
  8.7219,  3.55580,   43.880, 0.0105, 0.0104,  33.5805, 01 Oct 2018 17:25:52
  8.7220,  3.55580,   43.954, 0.0096, 0.0111,  33.5804, 01 Oct 2018 17:25:55
  8.7219,  3.55581,   44.008, 0.0089, 0.0106,  33.5805, 01 Oct 2018 17:25:57
  8.7222,  3.55581,   44.067, 0.0107, 0.0098,  33.5802, 01 Oct 2018 17:25:59
  8.7227,  3.55584,   44.069, 0.0091, 0.0108,  33.5801, 01 Oct 2018 17:26:02
  8.7227,  3.55584,   43.988, 0.0091, 0.0099,  33.5801, 01 Oct 2018 17:26:04
  8.7227,  3.55585,   43.940, 0.0096, 0.0099,  33.5802, 01 Oct 2018 17:26:06
  8.7226,  3.55584,   43.923, 0.0100, 0.0102,  33.5802, 01 Oct 2018 17:26:09
  8.7226,  3.55583,   43.911, 0.0108, 0.0102,  33.5801, 01 Oct 2018 17:26:11
  8.7230,  3.55585,   43.913, 0.0103, 0.0111,  33.5800, 01 Oct 2018 17:26:14
  8.7233,  3.55587,   43.956, 0.0102, 0.0101,  33.5798, 01 Oct 2018 17:26:16
  8.7235,  3.55590,   44.042, 0.0095, 0.0103,  33.5799, 01 Oct 2018 17:26:18
  8.7236,  3.55590,   44.065, 0.0099, 0.0109,  33.5798, 01 Oct 2018 17:26:21
  8.7236,  3.55588,   44.024, 0.0103, 0.0108,  33.5797, 01 Oct 2018 17:26:23
  8.7237,  3.55591,   43.967, 0.0098, 0.0115,  33.5799, 01 Oct 2018 17:26:25
  8.7242,  3.55592,   43.892, 0.0105, 0.0099,  33.5796, 01 Oct 2018 17:26:28
  8.7243,  3.55592,   43.858, 0.0101, 0.0103,  33.5795, 01 Oct 2018 17:26:30
  8.7247,  3.55594,   43.918, 0.0094, 0.0101,  33.5792, 01 Oct 2018 17:26:33
  8.7261,  3.55599,   44.025, 0.0093, 0.0101,  33.5785, 01 Oct 2018 17:26:35
  8.7262,  3.55602,   44.048, 0.0095, 0.0107,  33.5786, 01 Oct 2018 17:26:37
  8.7263,  3.55601,   44.021, 0.0101, 0.0115,  33.5784, 01 Oct 2018 17:26:40
  8.7261,  3.55602,   43.994, 0.0095, 0.0099,  33.5788, 01 Oct 2018 17:26:42
  8.7283,  3.55609,   43.965, 0.0102, 0.0105,  33.5774, 01 Oct 2018 17:26:44
  8.7292,  3.55613,   43.920, 0.0094, 0.0097,  33.5771, 01 Oct 2018 17:26:47
  8.7303,  3.55619,   43.902, 0.0097, 0.0103,  33.5765, 01 Oct 2018 17:26:49
  8.7345,  3.55636,   43.943, 0.0097, 0.0112,  33.5744, 01 Oct 2018 17:26:51
  8.7364,  3.55643,   43.969, 0.0106, 0.0098,  33.5733, 01 Oct 2018 17:26:54
  8.7368,  3.55645,   43.962, 0.0094, 0.0100,  33.5731, 01 Oct 2018 17:26:56
  8.7370,  3.55648,   43.977, 0.0098, 0.0107,  33.5732, 01 Oct 2018 17:26:58
  8.7393,  3.55654,   43.999, 0.0098, 0.0103,  33.5718, 01 Oct 2018 17:27:01
  8.7410,  3.55661,   43.984, 0.0095, 0.0111,  33.5709, 01 Oct 2018 17:27:03
  8.7418,  3.55664,   43.946, 0.0093, 0.0104,  33.5704, 01 Oct 2018 17:27:06
  8.7437,  3.55671,   43.940, 0.0105, 0.0107,  33.5693, 01 Oct 2018 17:27:08
  8.7465,  3.55681,   43.940, 0.0094, 0.0101,  33.5677, 01 Oct 2018 17:27:10
  8.7481,  3.55683,   43.906, 0.0098, 0.0103,  33.5665, 01 Oct 2018 17:27:13
  8.7511,  3.55697,   43.915, 0.0115, 0.0108,  33.5651, 01 Oct 2018 17:27:15
  8.7575,  3.55712,   44.001, 0.0101, 0.0102,  33.5606, 01 Oct 2018 17:27:18
  8.7616,  3.55727,   44.059, 0.0098, 0.0096,  33.5583, 01 Oct 2018 17:27:20
  8.7598,  3.55721,   44.001, 0.0099, 0.0108,  33.5593, 01 Oct 2018 17:27:22
  8.7550,  3.55710,   43.880, 0.0103, 0.0103,  33.5627, 01 Oct 2018 17:27:25
  8.7533,  3.55704,   43.862, 0.0103, 0.0110,  33.5638, 01 Oct 2018 17:27:27
  8.7627,  3.55737,   43.964, 0.0102, 0.0103,  33.5582, 01 Oct 2018 17:27:29
  8.7649,  3.55744,   44.006, 0.0094, 0.0106,  33.5569, 01 Oct 2018 17:27:32
  8.7632,  3.55737,   43.955, 0.0097, 0.0099,  33.5577, 01 Oct 2018 17:27:34
  8.7627,  3.55736,   43.914, 0.0093, 0.0104,  33.5581, 01 Oct 2018 17:27:36
  8.7632,  3.55743,   43.947, 0.0090, 0.0109,  33.5584, 01 Oct 2018 17:27:39
  8.7682,  3.55762,   44.001, 0.0099, 0.0098,  33.5556, 01 Oct 2018 17:27:41
  8.7689,  3.55763,   43.990, 0.0102, 0.0101,  33.5551, 01 Oct 2018 17:27:43
  8.7665,  3.55755,   43.958, 0.0096, 0.0100,  33.5565, 01 Oct 2018 17:27:46
  8.7655,  3.55755,   43.931, 0.0095, 0.0103,  33.5575, 01 Oct 2018 17:27:48
  8.7658,  3.55756,   43.918, 0.0099, 0.0107,  33.5573, 01 Oct 2018 17:27:51
  8.7679,  3.55765,   43.935, 0.0097, 0.0112,  33.5563, 01 Oct 2018 17:27:53
  8.7697,  3.55770,   43.950, 0.0102, 0.0101,  33.5551, 01 Oct 2018 17:27:55
  8.7697,  3.55770,   43.950, 0.0099, 0.0099,  33.5551, 01 Oct 2018 17:27:58
  8.7707,  3.55774,   43.957, 0.0101, 0.0104,  33.5546, 01 Oct 2018 17:28:00
  8.7692,  3.55770,   43.986, 0.0096, 0.0096,  33.5555, 01 Oct 2018 17:28:02
  8.7696,  3.55772,   44.000, 0.0092, 0.0107,  33.5553, 01 Oct 2018 17:28:05
  8.7691,  3.55769,   43.955, 0.0104, 0.0103,  33.5555, 01 Oct 2018 17:28:07
  8.7692,  3.55769,   43.878, 0.0095, 0.0102,  33.5554, 01 Oct 2018 17:28:10
  8.7699,  3.55769,   43.887, 0.0101, 0.0100,  33.5548, 01 Oct 2018 17:28:12
  8.7723,  3.55778,   43.967, 0.0098, 0.0102,  33.5535, 01 Oct 2018 17:28:14
  8.7741,  3.55781,   43.999, 0.0098, 0.0112,  33.5521, 01 Oct 2018 17:28:17
  8.7745,  3.55781,   44.001, 0.0098, 0.0103,  33.5516, 01 Oct 2018 17:28:19
  8.7746,  3.55784,   44.001, 0.0101, 0.0106,  33.5519, 01 Oct 2018 17:28:21
  8.7741,  3.55784,   43.962, 0.0092, 0.0103,  33.5524, 01 Oct 2018 17:28:24
  8.7729,  3.55780,   43.898, 0.0098, 0.0099,  33.5531, 01 Oct 2018 17:28:26
  8.7731,  3.55777,   43.879, 0.0098, 0.0110,  33.5526, 01 Oct 2018 17:28:28
  8.7745,  3.55774,   43.936, 0.0101, 0.0103,  33.5510, 01 Oct 2018 17:28:31
  8.7748,  3.55769,   43.994, 0.0105, 0.0102,  33.5502, 01 Oct 2018 17:28:33
  8.7750,  3.55776,   44.007, 0.0097, 0.0103,  33.5506, 01 Oct 2018 17:28:35
  8.7750,  3.55781,   44.000, 0.0099, 0.0106,  33.5512, 01 Oct 2018 17:28:38
  8.7746,  3.55783,   43.956, 0.0092, 0.0113,  33.5517, 01 Oct 2018 17:28:40
  8.7742,  3.55776,   43.893, 0.0102, 0.0105,  33.5514, 01 Oct 2018 17:28:43
  8.7745,  3.55770,   43.883, 0.0102, 0.0103,  33.5506, 01 Oct 2018 17:28:45
  8.7749,  3.55763,   43.935, 0.0096, 0.0102,  33.5495, 01 Oct 2018 17:28:47
  8.7757,  3.55743,   43.995, 0.0100, 0.0108,  33.5465, 01 Oct 2018 17:28:50
  8.7758,  3.55744,   43.989, 0.0099, 0.0112,  33.5465, 01 Oct 2018 17:28:52
  8.7748,  3.55756,   43.956, 0.0096, 0.0102,  33.5488, 01 Oct 2018 17:28:54
  8.7750,  3.55751,   43.967, 0.0097, 0.0100,  33.5481, 01 Oct 2018 17:28:57
  8.7755,  3.55744,   43.980, 0.0099, 0.0106,  33.5469, 01 Oct 2018 17:28:59
  8.7758,  3.55743,   43.939, 0.0098, 0.0103,  33.5465, 01 Oct 2018 17:29:01
  8.7759,  3.55748,   43.893, 0.0097, 0.0114,  33.5469, 01 Oct 2018 17:29:04
  8.7753,  3.55751,   43.909, 0.0094, 0.0102,  33.5478, 01 Oct 2018 17:29:06
  8.7754,  3.55753,   43.966, 0.0097, 0.0097,  33.5479, 01 Oct 2018 17:29:09
  8.7762,  3.55736,   43.985, 0.0115, 0.0107,  33.5453, 01 Oct 2018 17:29:11
  8.7758,  3.55745,   43.986, 0.0093, 0.0099,  33.5467, 01 Oct 2018 17:29:13
  8.7768,  3.55734,   43.996, 0.0099, 0.0099,  33.5446, 01 Oct 2018 17:29:16
  8.7770,  3.55733,   43.943, 0.0099, 0.0114,  33.5442, 01 Oct 2018 17:29:18
  8.7761,  3.55739,   43.861, 0.0092, 0.0102,  33.5457, 01 Oct 2018 17:29:20
  8.7763,  3.55733,   43.871, 0.0101, 0.0098,  33.5449, 01 Oct 2018 17:29:23
  8.7771,  3.55726,   43.951, 0.0094, 0.0104,  33.5434, 01 Oct 2018 17:29:25
  8.7770,  3.55726,   44.007, 0.0100, 0.0102,  33.5435, 01 Oct 2018 17:29:27
  8.7770,  3.55726,   44.035, 0.0098, 0.0112,  33.5436, 01 Oct 2018 17:29:30
  8.7772,  3.55727,   44.000, 0.0097, 0.0105,  33.5435, 01 Oct 2018 17:29:32
  8.7773,  3.55730,   43.929, 0.0096, 0.0106,  33.5437, 01 Oct 2018 17:29:34
  8.7773,  3.55732,   43.888, 0.0095, 0.0104,  33.5439, 01 Oct 2018 17:29:37
  8.7778,  3.55734,   43.895, 0.0093, 0.0096,  33.5437, 01 Oct 2018 17:29:39
  8.7781,  3.55736,   43.934, 0.0098, 0.0110,  33.5435, 01 Oct 2018 17:29:42
  8.7786,  3.55737,   43.992, 0.0099, 0.0104,  33.5431, 01 Oct 2018 17:29:44
  8.7787,  3.55737,   43.998, 0.0096, 0.0105,  33.5431, 01 Oct 2018 17:29:46
  8.7787,  3.55736,   43.961, 0.0102, 0.0099,  33.5430, 01 Oct 2018 17:29:49
  8.7787,  3.55736,   43.937, 0.0098, 0.0104,  33.5429, 01 Oct 2018 17:29:51
  8.7786,  3.55737,   43.957, 0.0100, 0.0119,  33.5432, 01 Oct 2018 17:29:53
  8.7785,  3.55736,   43.959, 0.0106, 0.0101,  33.5431, 01 Oct 2018 17:29:56
  8.7782,  3.55736,   43.934, 0.0103, 0.0101,  33.5435, 01 Oct 2018 17:29:58
  8.7783,  3.55733,   43.926, 0.0096, 0.0109,  33.5431, 01 Oct 2018 17:30:00
  8.7781,  3.55736,   43.924, 0.0100, 0.0098,  33.5435, 01 Oct 2018 17:30:03
  8.7783,  3.55733,   43.952, 0.0103, 0.0111,  33.5430, 01 Oct 2018 17:30:05
  8.7777,  3.55730,   43.992, 0.0103, 0.0096,  33.5433, 01 Oct 2018 17:30:08
  8.7777,  3.55729,   43.999, 0.0097, 0.0100,  33.5432, 01 Oct 2018 17:30:10
  8.7776,  3.55729,   43.964, 0.0102, 0.0104,  33.5433, 01 Oct 2018 17:30:12
  8.7774,  3.55729,   43.927, 0.0097, 0.0098,  33.5434, 01 Oct 2018 17:30:15
  8.7773,  3.55726,   43.943, 0.0097, 0.0108,  33.5433, 01 Oct 2018 17:30:17
  8.7769,  3.55729,   43.956, 0.0115, 0.0100,  33.5439, 01 Oct 2018 17:30:19
  8.7773,  3.55725,   43.909, 0.0099, 0.0100,  33.5432, 01 Oct 2018 17:30:22
  8.7775,  3.55727,   43.875, 0.0099, 0.0107,  33.5433, 01 Oct 2018 17:30:24
  8.7772,  3.55726,   43.957, 0.0104, 0.0095,  33.5434, 01 Oct 2018 17:30:26
  8.7760,  3.55748,   44.076, 0.0105, 0.0101,  33.5467, 01 Oct 2018 17:30:29
  8.7758,  3.55749,   44.080, 0.0096, 0.0116,  33.5471, 01 Oct 2018 17:30:31
  8.7766,  3.55739,   43.966, 0.0099, 0.0099,  33.5452, 01 Oct 2018 17:30:34
  8.7768,  3.55734,   43.848, 0.0099, 0.0102,  33.5447, 01 Oct 2018 17:30:36
  8.7768,  3.55740,   43.822, 0.0107, 0.0102,  33.5452, 01 Oct 2018 17:30:38
  8.7759,  3.55745,   43.878, 0.0102, 0.0101,  33.5466, 01 Oct 2018 17:30:41
  8.7760,  3.55747,   43.990, 0.0099, 0.0118,  33.5467, 01 Oct 2018 17:30:43
  8.7749,  3.55752,   44.095, 0.0089, 0.0103,  33.5482, 01 Oct 2018 17:30:45
  8.7750,  3.55754,   44.084, 0.0097, 0.0101,  33.5483, 01 Oct 2018 17:30:48
  8.7758,  3.55748,   43.990, 0.0096, 0.0102,  33.5470, 01 Oct 2018 17:30:50
  8.7759,  3.55749,   43.885, 0.0102, 0.0104,  33.5471, 01 Oct 2018 17:30:52
  8.7759,  3.55749,   43.847, 0.0102, 0.0106,  33.5471, 01 Oct 2018 17:30:55
  8.7753,  3.55765,   43.890, 0.0098, 0.0095,  33.5492, 01 Oct 2018 17:30:57
  8.7748,  3.55761,   43.960, 0.0094, 0.0102,  33.5493, 01 Oct 2018 17:30:59
  8.7751,  3.55763,   44.002, 0.0104, 0.0101,  33.5493, 01 Oct 2018 17:31:02
  8.7751,  3.55764,   43.998, 0.0104, 0.0099,  33.5492, 01 Oct 2018 17:31:04
  8.7752,  3.55765,   43.990, 0.0098, 0.0117,  33.5493, 01 Oct 2018 17:31:07
  8.7752,  3.55766,   43.989, 0.0100, 0.0102,  33.5494, 01 Oct 2018 17:31:09
  8.7753,  3.55765,   43.964, 0.0094, 0.0109,  33.5492, 01 Oct 2018 17:31:12
  8.7753,  3.55767,   43.912, 0.0103, 0.0102,  33.5495, 01 Oct 2018 17:31:14
  8.7756,  3.55772,   43.884, 0.0098, 0.0104,  33.5496, 01 Oct 2018 17:31:16
  8.7757,  3.55776,   43.923, 0.0096, 0.0110,  33.5500, 01 Oct 2018 17:31:19
  8.7758,  3.55774,   44.009, 0.0103, 0.0105,  33.5497, 01 Oct 2018 17:31:21
  8.7757,  3.55775,   44.055, 0.0096, 0.0095,  33.5498, 01 Oct 2018 17:31:23
  8.7757,  3.55774,   44.030, 0.0095, 0.0105,  33.5498, 01 Oct 2018 17:31:26
  8.7758,  3.55774,   43.985, 0.0097, 0.0102,  33.5497, 01 Oct 2018 17:31:28
  8.7757,  3.55774,   43.931, 0.0098, 0.0117,  33.5498, 01 Oct 2018 17:31:30
  8.7755,  3.55774,   43.906, 0.0098, 0.0101,  33.5500, 01 Oct 2018 17:31:33
  8.7754,  3.55777,   43.911, 0.0102, 0.0097,  33.5505, 01 Oct 2018 17:31:35
  8.7751,  3.55778,   43.960, 0.0095, 0.0100,  33.5508, 01 Oct 2018 17:31:38
  8.7750,  3.55778,   44.000, 0.0095, 0.0101,  33.5509, 01 Oct 2018 17:31:40
  8.7749,  3.55778,   43.999, 0.0102, 0.0098,  33.5510, 01 Oct 2018 17:31:42
  8.7749,  3.55778,   43.983, 0.0099, 0.0112,  33.5510, 01 Oct 2018 17:31:45
  8.7749,  3.55778,   43.996, 0.0097, 0.0102,  33.5510, 01 Oct 2018 17:31:47
  8.7743,  3.55778,   43.972, 0.0106, 0.0106,  33.5516, 01 Oct 2018 17:31:49
  8.7745,  3.55778,   43.926, 0.0094, 0.0107,  33.5514, 01 Oct 2018 17:31:52
  8.7745,  3.55777,   43.878, 0.0097, 0.0100,  33.5513, 01 Oct 2018 17:31:54
  8.7746,  3.55777,   43.884, 0.0091, 0.0112,  33.5512, 01 Oct 2018 17:31:56
  8.7737,  3.55777,   43.996, 0.0099, 0.0096,  33.5520, 01 Oct 2018 17:31:59
  8.7733,  3.55778,   44.089, 0.0095, 0.0101,  33.5525, 01 Oct 2018 17:32:01
  8.7735,  3.55777,   44.058, 0.0096, 0.0101,  33.5522, 01 Oct 2018 17:32:03
  8.7739,  3.55776,   43.965, 0.0099, 0.0105,  33.5517, 01 Oct 2018 17:32:06
  8.7744,  3.55776,   43.881, 0.0096, 0.0115,  33.5512, 01 Oct 2018 17:32:08
  8.7737,  3.55775,   43.848, 0.0096, 0.0103,  33.5518, 01 Oct 2018 17:32:11
  8.7737,  3.55776,   43.897, 0.0113, 0.0107,  33.5519, 01 Oct 2018 17:32:13
  8.7734,  3.55776,   44.033, 0.0100, 0.0104,  33.5521, 01 Oct 2018 17:32:15
  8.7735,  3.55774,   44.101, 0.0096, 0.0101,  33.5519, 01 Oct 2018 17:32:18
  8.7737,  3.55776,   44.023, 0.0094, 0.0112,  33.5518, 01 Oct 2018 17:32:20
  8.7737,  3.55776,   43.919, 0.0097, 0.0101,  33.5519, 01 Oct 2018 17:32:23
  8.7734,  3.55773,   43.924, 0.0094, 0.0100,  33.5518, 01 Oct 2018 17:32:25
  8.7732,  3.55774,   43.942, 0.0099, 0.0106,  33.5522, 01 Oct 2018 17:32:27
  8.7732,  3.55774,   43.936, 0.0097, 0.0108,  33.5522, 01 Oct 2018 17:32:30
  8.7733,  3.55773,   43.953, 0.0097, 0.0114,  33.5520, 01 Oct 2018 17:32:32
  8.7731,  3.55774,   44.002, 0.0099, 0.0105,  33.5523, 01 Oct 2018 17:32:34
  8.7728,  3.55777,   44.016, 0.0103, 0.0103,  33.5528, 01 Oct 2018 17:32:37
  8.7733,  3.55774,   43.966, 0.0094, 0.0104,  33.5521, 01 Oct 2018 17:32:39
  8.7733,  3.55770,   43.937, 0.0096, 0.0104,  33.5517, 01 Oct 2018 17:32:41
  8.7730,  3.55773,   43.988, 0.0092, 0.0108,  33.5522, 01 Oct 2018 17:32:44
  8.7726,  3.55774,   44.009, 0.0103, 0.0097,  33.5528, 01 Oct 2018 17:32:46
  8.7729,  3.55773,   43.932, 0.0102, 0.0099,  33.5524, 01 Oct 2018 17:32:48
  8.7733,  3.55772,   43.863, 0.0101, 0.0097,  33.5518, 01 Oct 2018 17:32:51
  8.7734,  3.55769,   43.914, 0.0102, 0.0097,  33.5514, 01 Oct 2018 17:32:53
  8.7731,  3.55770,   44.022, 0.0101, 0.0110,  33.5518, 01 Oct 2018 17:32:56
  8.7732,  3.55769,   44.076, 0.0095, 0.0098,  33.5516, 01 Oct 2018 17:32:58
  8.7731,  3.55772,   44.045, 0.0105, 0.0102,  33.5520, 01 Oct 2018 17:33:00
  8.7733,  3.55772,   43.969, 0.0102, 0.0099,  33.5518, 01 Oct 2018 17:33:03
  8.7731,  3.55770,   43.895, 0.0101, 0.0098,  33.5519, 01 Oct 2018 17:33:05
  8.7730,  3.55772,   43.879, 0.0095, 0.0107,  33.5522, 01 Oct 2018 17:33:07
  8.7724,  3.55773,   43.921, 0.0097, 0.0107,  33.5528, 01 Oct 2018 17:33:10
  8.7721,  3.55776,   43.981, 0.0103, 0.0103,  33.5534, 01 Oct 2018 17:33:12
  8.7726,  3.55773,   44.022, 0.0104, 0.0105,  33.5526, 01 Oct 2018 17:33:15
  8.7725,  3.55773,   44.054, 0.0097, 0.0098,  33.5527, 01 Oct 2018 17:33:17
  8.7723,  3.55772,   44.041, 0.0098, 0.0099,  33.5527, 01 Oct 2018 17:33:19
  8.7726,  3.55772,   43.988, 0.0100, 0.0110,  33.5525, 01 Oct 2018 17:33:22
  8.7729,  3.55773,   43.933, 0.0098, 0.0095,  33.5524, 01 Oct 2018 17:33:24
  8.7723,  3.55772,   43.888, 0.0090, 0.0097,  33.5528, 01 Oct 2018 17:33:26
  8.7728,  3.55770,   43.870, 0.0097, 0.0101,  33.5522, 01 Oct 2018 17:33:29
  8.7727,  3.55770,   43.938, 0.0095, 0.0101,  33.5523, 01 Oct 2018 17:33:31
  8.7726,  3.55766,   44.058, 0.0118, 0.0109,  33.5519, 01 Oct 2018 17:33:34
  8.7729,  3.55766,   44.123, 0.0101, 0.0101,  33.5516, 01 Oct 2018 17:33:36
  8.7728,  3.55767,   44.070, 0.0091, 0.0099,  33.5517, 01 Oct 2018 17:33:38
  8.7730,  3.55767,   43.954, 0.0096, 0.0103,  33.5517, 01 Oct 2018 17:33:41
  8.7735,  3.55769,   43.864, 0.0100, 0.0100,  33.5514, 01 Oct 2018 17:33:43
  8.7731,  3.55766,   43.835, 0.0097, 0.0113,  33.5515, 01 Oct 2018 17:33:45
  8.7728,  3.55766,   43.890, 0.0099, 0.0102,  33.5518, 01 Oct 2018 17:33:48
  8.7728,  3.55765,   43.991, 0.0101, 0.0100,  33.5516, 01 Oct 2018 17:33:50
  8.7731,  3.55763,   44.078, 0.0094, 0.0104,  33.5511, 01 Oct 2018 17:33:52
  8.7729,  3.55762,   44.094, 0.0099, 0.0101,  33.5511, 01 Oct 2018 17:33:55
  8.7729,  3.55765,   44.005, 0.0095, 0.0110,  33.5515, 01 Oct 2018 17:33:57
  8.7734,  3.55766,   43.901, 0.0095, 0.0107,  33.5512, 01 Oct 2018 17:33:59
  8.7734,  3.55763,   43.865, 0.0107, 0.0100,  33.5509, 01 Oct 2018 17:34:02
  8.7725,  3.55767,   43.912, 0.0092, 0.0102,  33.5522, 01 Oct 2018 17:34:04
  8.7730,  3.55762,   43.992, 0.0103, 0.0099,  33.5510, 01 Oct 2018 17:34:07
  8.7730,  3.55761,   44.023, 0.0101, 0.0116,  33.5509, 01 Oct 2018 17:34:09
  8.7734,  3.55761,   44.033, 0.0099, 0.0096,  33.5505, 01 Oct 2018 17:34:11
  8.7733,  3.55759,   44.029, 0.0098, 0.0109,  33.5505, 01 Oct 2018 17:34:14
  8.7732,  3.55761,   43.971, 0.0091, 0.0107,  33.5508, 01 Oct 2018 17:34:16
  8.7731,  3.55761,   43.914, 0.0093, 0.0107,  33.5508, 01 Oct 2018 17:34:18
  8.7736,  3.55759,   43.909, 0.0099, 0.0102,  33.5503, 01 Oct 2018 17:34:21
  8.7734,  3.55759,   43.956, 0.0101, 0.0111,  33.5504, 01 Oct 2018 17:34:23
  8.7732,  3.55759,   44.012, 0.0095, 0.0102,  33.5506, 01 Oct 2018 17:34:25
  8.7731,  3.55759,   44.013, 0.0097, 0.0097,  33.5506, 01 Oct 2018 17:34:28
  8.7732,  3.55761,   43.963, 0.0094, 0.0103,  33.5507, 01 Oct 2018 17:34:30
  8.7735,  3.55758,   43.937, 0.0104, 0.0100,  33.5502, 01 Oct 2018 17:34:33
  8.7737,  3.55756,   43.960, 0.0102, 0.0114,  33.5498, 01 Oct 2018 17:34:35
  8.7730,  3.55761,   44.010, 0.0097, 0.0111,  33.5509, 01 Oct 2018 17:34:37
  8.7735,  3.55758,   44.012, 0.0092, 0.0102,  33.5502, 01 Oct 2018 17:34:40
  8.7736,  3.55758,   43.976, 0.0097, 0.0100,  33.5501, 01 Oct 2018 17:34:42
  8.7736,  3.55761,   43.929, 0.0098, 0.0109,  33.5504, 01 Oct 2018 17:34:44
  8.7733,  3.55761,   43.902, 0.0098, 0.0107,  33.5507, 01 Oct 2018 17:34:47
  8.7728,  3.55759,   43.960, 0.0096, 0.0098,  33.5510, 01 Oct 2018 17:34:49
  8.7725,  3.55763,   44.030, 0.0101, 0.0101,  33.5517, 01 Oct 2018 17:34:51
  8.7728,  3.55761,   44.019, 0.0101, 0.0106,  33.5511, 01 Oct 2018 17:34:54
  8.7730,  3.55761,   43.961, 0.0115, 0.0109,  33.5509, 01 Oct 2018 17:34:56
  8.7736,  3.55759,   43.940, 0.0101, 0.0115,  33.5502, 01 Oct 2018 17:34:58
  8.7730,  3.55759,   43.994, 0.0102, 0.0104,  33.5507, 01 Oct 2018 17:35:01
  8.7727,  3.55761,   44.014, 0.0098, 0.0100,  33.5512, 01 Oct 2018 17:35:03
  8.7733,  3.55756,   43.949, 0.0093, 0.0106,  33.5502, 01 Oct 2018 17:35:06
  8.7736,  3.55756,   43.919, 0.0095, 0.0104,  33.5499, 01 Oct 2018 17:35:08
  8.7736,  3.55756,   43.948, 0.0098, 0.0108,  33.5500, 01 Oct 2018 17:35:10
  8.7733,  3.55756,   43.972, 0.0099, 0.0104,  33.5502, 01 Oct 2018 17:35:13
  8.7737,  3.55756,   43.961, 0.0102, 0.0107,  33.5499, 01 Oct 2018 17:35:15
  8.7736,  3.55756,   43.982, 0.0098, 0.0106,  33.5499, 01 Oct 2018 17:35:17
  8.7736,  3.55756,   44.026, 0.0097, 0.0103,  33.5499, 01 Oct 2018 17:35:20
  8.7738,  3.55755,   43.989, 0.0093, 0.0112,  33.5496, 01 Oct 2018 17:35:22
  8.7738,  3.55755,   43.893, 0.0097, 0.0102,  33.5496, 01 Oct 2018 17:35:25
  8.7739,  3.55756,   43.871, 0.0102, 0.0098,  33.5497, 01 Oct 2018 17:35:27
  8.7733,  3.55758,   43.963, 0.0095, 0.0100,  33.5504, 01 Oct 2018 17:35:29
  8.7723,  3.55762,   44.047, 0.0090, 0.0101,  33.5517, 01 Oct 2018 17:35:32
  8.7733,  3.55758,   44.022, 0.0103, 0.0099,  33.5504, 01 Oct 2018 17:35:34
  8.7738,  3.55758,   43.986, 0.0097, 0.0115,  33.5499, 01 Oct 2018 17:35:36
  8.7736,  3.55756,   43.983, 0.0096, 0.0098,  33.5499, 01 Oct 2018 17:35:39
  8.7732,  3.55758,   43.962, 0.0091, 0.0099,  33.5505, 01 Oct 2018 17:35:41
  8.7733,  3.55756,   43.925, 0.0101, 0.0106,  33.5503, 01 Oct 2018 17:35:43
  8.7730,  3.55756,   43.943, 0.0093, 0.0102,  33.5505, 01 Oct 2018 17:35:46
  8.7729,  3.55759,   43.998, 0.0097, 0.0114,  33.5509, 01 Oct 2018 17:35:48
  8.7723,  3.55759,   44.002, 0.0095, 0.0096,  33.5514, 01 Oct 2018 17:35:50
  8.7729,  3.55756,   43.961, 0.0099, 0.0102,  33.5506, 01 Oct 2018 17:35:53
  8.7729,  3.55758,   43.970, 0.0095, 0.0104,  33.5508, 01 Oct 2018 17:35:55
  8.7726,  3.55759,   44.015, 0.0096, 0.0097,  33.5512, 01 Oct 2018 17:35:58
  8.7723,  3.55762,   44.010, 0.0101, 0.0113,  33.5517, 01 Oct 2018 17:36:00
  8.7728,  3.55756,   43.968, 0.0100, 0.0095,  33.5507, 01 Oct 2018 17:36:02
  8.7732,  3.55755,   43.929, 0.0094, 0.0105,  33.5502, 01 Oct 2018 17:36:05
  8.7731,  3.55754,   43.924, 0.0099, 0.0101,  33.5502, 01 Oct 2018 17:36:07
  8.7730,  3.55754,   43.959, 0.0099, 0.0104,  33.5502, 01 Oct 2018 17:36:10
  8.7730,  3.55754,   44.021, 0.0103, 0.0114,  33.5502, 01 Oct 2018 17:36:12
  8.7729,  3.55754,   44.036, 0.0102, 0.0101,  33.5503, 01 Oct 2018 17:36:14
  8.7729,  3.55753,   44.019, 0.0101, 0.0096,  33.5503, 01 Oct 2018 17:36:17
  8.7726,  3.55755,   43.981, 0.0099, 0.0096,  33.5508, 01 Oct 2018 17:36:19
  8.7729,  3.55755,   43.955, 0.0102, 0.0105,  33.5505, 01 Oct 2018 17:36:21
  8.7728,  3.55756,   43.942, 0.0097, 0.0111,  33.5507, 01 Oct 2018 17:36:24
  8.7726,  3.55754,   43.938, 0.0097, 0.0105,  33.5507, 01 Oct 2018 17:36:26
  8.7727,  3.55756,   43.964, 0.0097, 0.0102,  33.5508, 01 Oct 2018 17:36:28
  8.7727,  3.55756,   44.018, 0.0112, 0.0096,  33.5508, 01 Oct 2018 17:36:31
  8.7723,  3.55756,   44.049, 0.0096, 0.0103,  33.5511, 01 Oct 2018 17:36:33
  8.7726,  3.55756,   44.045, 0.0097, 0.0117,  33.5509, 01 Oct 2018 17:36:36
  8.7731,  3.55756,   43.994, 0.0099, 0.0101,  33.5504, 01 Oct 2018 17:36:38
  8.7730,  3.55755,   43.913, 0.0097, 0.0102,  33.5503, 01 Oct 2018 17:36:40
  8.7731,  3.55755,   43.870, 0.0093, 0.0094,  33.5503, 01 Oct 2018 17:36:43
  8.7728,  3.55755,   43.932, 0.0096, 0.0098,  33.5506, 01 Oct 2018 17:36:45
  8.7724,  3.55756,   44.049, 0.0098, 0.0111,  33.5510, 01 Oct 2018 17:36:47
  8.7729,  3.55754,   44.078, 0.0100, 0.0100,  33.5504, 01 Oct 2018 17:36:50
  8.7730,  3.55754,   44.007, 0.0101, 0.0104,  33.5502, 01 Oct 2018 17:36:52
  8.7735,  3.55754,   43.945, 0.0095, 0.0101,  33.5498, 01 Oct 2018 17:36:54
  8.7737,  3.55754,   43.953, 0.0097, 0.0107,  33.5496, 01 Oct 2018 17:36:57
  8.7733,  3.55753,   43.973, 0.0104, 0.0103,  33.5499, 01 Oct 2018 17:36:59
  8.7731,  3.55754,   43.976, 0.0099, 0.0109,  33.5501, 01 Oct 2018 17:37:01
  8.7734,  3.55752,   43.979, 0.0101, 0.0098,  33.5497, 01 Oct 2018 17:37:04
  8.7734,  3.55753,   43.984, 0.0097, 0.0105,  33.5497, 01 Oct 2018 17:37:06
  8.7734,  3.55751,   43.978, 0.0103, 0.0101,  33.5495, 01 Oct 2018 17:37:09
  8.7733,  3.55751,   43.985, 0.0099, 0.0106,  33.5496, 01 Oct 2018 17:37:11
  8.7731,  3.55752,   44.014, 0.0100, 0.0113,  33.5499, 01 Oct 2018 17:37:13
  8.7732,  3.55752,   44.012, 0.0097, 0.0097,  33.5498, 01 Oct 2018 17:37:16
  8.7731,  3.55751,   43.947, 0.0097, 0.0105,  33.5499, 01 Oct 2018 17:37:18
  8.7731,  3.55752,   43.909, 0.0095, 0.0099,  33.5500, 01 Oct 2018 17:37:20
  8.7733,  3.55751,   43.942, 0.0095, 0.0104,  33.5497, 01 Oct 2018 17:37:23
  8.7731,  3.55751,   44.009, 0.0097, 0.0114,  33.5498, 01 Oct 2018 17:37:25
  8.7732,  3.55748,   44.046, 0.0092, 0.0098,  33.5494, 01 Oct 2018 17:37:28
  8.7737,  3.55739,   44.014, 0.0104, 0.0098,  33.5479, 01 Oct 2018 17:37:30
  8.7739,  3.55740,   43.913, 0.0095, 0.0102,  33.5479, 01 Oct 2018 17:37:32
  8.7741,  3.55744,   43.898, 0.0099, 0.0096,  33.5482, 01 Oct 2018 17:37:35
  8.7737,  3.55747,   44.003, 0.0106, 0.0119,  33.5488, 01 Oct 2018 17:37:37
  8.7733,  3.55748,   44.079, 0.0092, 0.0099,  33.5493, 01 Oct 2018 17:37:39
  8.7733,  3.55747,   44.010, 0.0104, 0.0099,  33.5492, 01 Oct 2018 17:37:42
  8.7741,  3.55743,   43.891, 0.0092, 0.0102,  33.5480, 01 Oct 2018 17:37:44
  8.7744,  3.55739,   43.886, 0.0092, 0.0098,  33.5473, 01 Oct 2018 17:37:46
  8.7737,  3.55747,   43.962, 0.0096, 0.0112,  33.5488, 01 Oct 2018 17:37:49
  8.7738,  3.55741,   44.033, 0.0099, 0.0098,  33.5481, 01 Oct 2018 17:37:51
  8.7745,  3.55730,   44.071, 0.0098, 0.0097,  33.5463, 01 Oct 2018 17:37:53
  8.7745,  3.55729,   44.047, 0.0103, 0.0097,  33.5461, 01 Oct 2018 17:37:56
  8.7745,  3.55733,   43.960, 0.0091, 0.0102,  33.5466, 01 Oct 2018 17:37:58
  8.7744,  3.55736,   43.882, 0.0120, 0.0110,  33.5470, 01 Oct 2018 17:38:01
  8.7744,  3.55734,   43.892, 0.0095, 0.0106,  33.5469, 01 Oct 2018 17:38:03
  8.7744,  3.55737,   43.990, 0.0094, 0.0101,  33.5472, 01 Oct 2018 17:38:05
  8.7744,  3.55732,   44.062, 0.0097, 0.0109,  33.5465, 01 Oct 2018 17:38:08
  8.7745,  3.55733,   44.046, 0.0093, 0.0099,  33.5466, 01 Oct 2018 17:38:10
  8.7744,  3.55734,   43.975, 0.0097, 0.0099,  33.5469, 01 Oct 2018 17:38:12
  8.7750,  3.55727,   43.945, 0.0096, 0.0112,  33.5456, 01 Oct 2018 17:38:15
  8.7748,  3.55725,   43.956, 0.0094, 0.0098,  33.5455, 01 Oct 2018 17:38:17
  8.7751,  3.55725,   43.964, 0.0096, 0.0102,  33.5452, 01 Oct 2018 17:38:20
  8.7751,  3.55725,   43.961, 0.0097, 0.0102,  33.5452, 01 Oct 2018 17:38:22
  8.7753,  3.55724,   43.969, 0.0096, 0.0095,  33.5449, 01 Oct 2018 17:38:24
  8.7752,  3.55725,   44.000, 0.0096, 0.0116,  33.5450, 01 Oct 2018 17:38:27
  8.7754,  3.55725,   44.007, 0.0103, 0.0099,  33.5450, 01 Oct 2018 17:38:29
  8.7756,  3.55725,   43.990, 0.0094, 0.0099,  33.5447, 01 Oct 2018 17:38:31
  8.7758,  3.55725,   43.992, 0.0103, 0.0096,  33.5445, 01 Oct 2018 17:38:34
  8.7760,  3.55726,   43.991, 0.0094, 0.0101,  33.5445, 01 Oct 2018 17:38:36
  8.7760,  3.55725,   43.960, 0.0099, 0.0113,  33.5443, 01 Oct 2018 17:38:39
  8.7760,  3.55726,   43.942, 0.0101, 0.0107,  33.5445, 01 Oct 2018 17:38:41
  8.7762,  3.55726,   43.954, 0.0096, 0.0102,  33.5443, 01 Oct 2018 17:38:43
  8.7766,  3.55727,   43.987, 0.0094, 0.0102,  33.5440, 01 Oct 2018 17:38:46
  8.7767,  3.55730,   44.010, 0.0099, 0.0102,  33.5443, 01 Oct 2018 17:38:48
  8.7770,  3.55732,   44.012, 0.0097, 0.0111,  33.5441, 01 Oct 2018 17:38:50
  8.7770,  3.55730,   44.022, 0.0099, 0.0103,  33.5440, 01 Oct 2018 17:38:53
  8.7770,  3.55730,   43.978, 0.0094, 0.0097,  33.5439, 01 Oct 2018 17:38:55
  8.7772,  3.55729,   43.908, 0.0103, 0.0099,  33.5437, 01 Oct 2018 17:38:57
  8.7769,  3.55730,   43.904, 0.0098, 0.0106,  33.5441, 01 Oct 2018 17:39:00
  8.7769,  3.55729,   43.959, 0.0103, 0.0107,  33.5439, 01 Oct 2018 17:39:02
  8.7769,  3.55729,   44.024, 0.0099, 0.0096,  33.5438, 01 Oct 2018 17:39:05
  8.7770,  3.55729,   44.047, 0.0095, 0.0099,  33.5438, 01 Oct 2018 17:39:07
  8.7771,  3.55732,   44.020, 0.0097, 0.0099,  33.5440, 01 Oct 2018 17:39:09
  8.7771,  3.55733,   44.000, 0.0098, 0.0098,  33.5442, 01 Oct 2018 17:39:12
  8.7772,  3.55733,   43.970, 0.0096, 0.0115,  33.5440, 01 Oct 2018 17:39:14
  8.7772,  3.55732,   43.904, 0.0098, 0.0102,  33.5440, 01 Oct 2018 17:39:16
  8.7771,  3.55732,   43.861, 0.0094, 0.0101,  33.5441, 01 Oct 2018 17:39:19
  8.7774,  3.55734,   43.934, 0.0093, 0.0105,  33.5440, 01 Oct 2018 17:39:21
  8.7771,  3.55734,   44.068, 0.0110, 0.0098,  33.5443, 01 Oct 2018 17:39:24
  8.7772,  3.55730,   44.116, 0.0096, 0.0104,  33.5438, 01 Oct 2018 17:39:26
  8.7773,  3.55733,   44.021, 0.0101, 0.0120,  33.5439, 01 Oct 2018 17:39:28
  8.7771,  3.55730,   43.889, 0.0105, 0.0107,  33.5439, 01 Oct 2018 17:39:31
  8.7772,  3.55730,   43.841, 0.0091, 0.0100,  33.5439, 01 Oct 2018 17:39:33
  8.7771,  3.55730,   43.888, 0.0099, 0.0105,  33.5439, 01 Oct 2018 17:39:35
  8.7769,  3.55732,   43.989, 0.0096, 0.0106,  33.5442, 01 Oct 2018 17:39:38
  8.7771,  3.55732,   44.067, 0.0093, 0.0109,  33.5439, 01 Oct 2018 17:39:40
  8.7772,  3.55733,   44.076, 0.0118, 0.0098,  33.5441, 01 Oct 2018 17:39:42
  8.7772,  3.55733,   44.021, 0.0098, 0.0101,  33.5441, 01 Oct 2018 17:39:45
  8.7773,  3.55730,   43.949, 0.0094, 0.0099,  33.5437, 01 Oct 2018 17:39:47
  8.7773,  3.55730,   43.898, 0.0096, 0.0105,  33.5437, 01 Oct 2018 17:39:49
  8.7772,  3.55729,   43.886, 0.0096, 0.0111,  33.5437, 01 Oct 2018 17:39:52
  8.7767,  3.55726,   43.937, 0.0099, 0.0101,  33.5438, 01 Oct 2018 17:39:54
  8.7768,  3.55725,   44.013, 0.0100, 0.0105,  33.5435, 01 Oct 2018 17:39:57
  8.7769,  3.55726,   44.047, 0.0100, 0.0106,  33.5436, 01 Oct 2018 17:39:59
  8.7766,  3.55719,   44.038, 0.0101, 0.0100,  33.5432, 01 Oct 2018 17:40:01
  8.7766,  3.55719,   44.015, 0.0096, 0.0111,  33.5432, 01 Oct 2018 17:40:04
  8.7767,  3.55723,   43.953, 0.0095, 0.0100,  33.5435, 01 Oct 2018 17:40:06
  8.7769,  3.55722,   43.892, 0.0096, 0.0098,  33.5432, 01 Oct 2018 17:40:08
  8.7769,  3.55718,   43.912, 0.0101, 0.0102,  33.5428, 01 Oct 2018 17:40:11
  8.7766,  3.55715,   43.991, 0.0097, 0.0106,  33.5428, 01 Oct 2018 17:40:13
  8.7762,  3.55715,   44.030, 0.0095, 0.0111,  33.5431, 01 Oct 2018 17:40:16
  8.7764,  3.55713,   43.995, 0.0099, 0.0097,  33.5427, 01 Oct 2018 17:40:18
  8.7767,  3.55714,   43.969, 0.0102, 0.0099,  33.5425, 01 Oct 2018 17:40:20
  8.7766,  3.55711,   43.966, 0.0099, 0.0100,  33.5423, 01 Oct 2018 17:40:23
  8.7765,  3.55712,   43.972, 0.0096, 0.0105,  33.5425, 01 Oct 2018 17:40:25
  8.7760,  3.55708,   43.997, 0.0096, 0.0112,  33.5425, 01 Oct 2018 17:40:27
  8.7763,  3.55707,   44.010, 0.0098, 0.0099,  33.5422, 01 Oct 2018 17:40:30
  8.7763,  3.55707,   43.964, 0.0090, 0.0102,  33.5422, 01 Oct 2018 17:40:32
  8.7765,  3.55710,   43.882, 0.0092, 0.0104,  33.5423, 01 Oct 2018 17:40:34
  8.7766,  3.55709,   43.888, 0.0097, 0.0102,  33.5421, 01 Oct 2018 17:40:37
  8.7767,  3.55708,   43.997, 0.0095, 0.0111,  33.5420, 01 Oct 2018 17:40:39
  8.7766,  3.55710,   44.080, 0.0103, 0.0108,  33.5421, 01 Oct 2018 17:40:41
  8.7766,  3.55710,   44.067, 0.0096, 0.0098,  33.5421, 01 Oct 2018 17:40:44
  8.7766,  3.55710,   44.025, 0.0094, 0.0105,  33.5422, 01 Oct 2018 17:40:46
  8.7773,  3.55711,   43.941, 0.0091, 0.0100,  33.5417, 01 Oct 2018 17:40:49
  8.7775,  3.55710,   43.831, 0.0104, 0.0106,  33.5414, 01 Oct 2018 17:40:51
  8.7778,  3.55712,   43.811, 0.0096, 0.0113,  33.5414, 01 Oct 2018 17:40:53
  8.7773,  3.55708,   43.947, 0.0099, 0.0099,  33.5413, 01 Oct 2018 17:40:56
  8.7786,  3.55714,   43.998, 0.0097, 0.0105,  33.5407, 01 Oct 2018 17:41:33
  8.7790,  3.55715,   44.090, 0.0105, 0.0103,  33.5405, 01 Oct 2018 17:41:35
  8.7786,  3.55715,   44.120, 0.0094, 0.0107,  33.5408, 01 Oct 2018 17:41:38
  8.7786,  3.55715,   44.045, 0.0096, 0.0098,  33.5408, 01 Oct 2018 17:41:40
  8.7788,  3.55715,   43.920, 0.0102, 0.0106,  33.5407, 01 Oct 2018 17:41:42
  8.7787,  3.55716,   43.849, 0.0095, 0.0102,  33.5409, 01 Oct 2018 17:41:45
  8.7778,  3.55710,   43.860, 0.0091, 0.0098,  33.5411, 01 Oct 2018 17:41:47
  8.7776,  3.55710,   43.907, 0.0098, 0.0119,  33.5412, 01 Oct 2018 17:41:49
  8.7779,  3.55711,   43.960, 0.0095, 0.0099,  33.5411, 01 Oct 2018 17:41:52
