
---  10-02-18 07:04:39 ---
  8.7948,  3.55255,   43.107, 0.0097, 0.0102,  33.4777, 02 Oct 2018 07:05:07
 10.7841,  3.67840,   15.105, 0.0100, 0.0101,  32.9409, 02 Oct 2018 07:09:08
 10.7484,  3.67600,   15.318, 0.0102, 0.0106,  32.9491, 02 Oct 2018 07:09:11
 10.5994,  3.66279,   16.151, 0.0097, 0.0105,  32.9512, 02 Oct 2018 07:09:13
 10.4653,  3.65447,   16.722, 0.0097, 0.0107,  32.9889, 02 Oct 2018 07:09:15
 10.3121,  3.64270,   16.775, 0.0101, 0.0102,  33.0095, 02 Oct 2018 07:09:18
 10.0782,  3.62425,   16.842, 0.0097, 0.0110,  33.0363, 02 Oct 2018 07:09:20
  9.9147,  3.61177,   17.360, 0.0102, 0.0106,  33.0587, 02 Oct 2018 07:09:22
  9.6748,  3.59677,   18.071, 0.0101, 0.0112,  33.1258, 02 Oct 2018 07:09:25
  9.5183,  3.58687,   18.687, 0.0096, 0.0104,  33.1685, 02 Oct 2018 07:09:27
  9.4501,  3.58217,   18.997, 0.0097, 0.0101,  33.1832, 02 Oct 2018 07:09:30
  9.4389,  3.58041,   19.212, 0.0098, 0.0103,  33.1754, 02 Oct 2018 07:09:32
  9.3284,  3.56877,   19.824, 0.0094, 0.0113,  33.1575, 02 Oct 2018 07:09:34
  9.0648,  3.55073,   20.559, 0.0097, 0.0108,  33.2155, 02 Oct 2018 07:09:37
  9.0629,  3.55216,   21.003, 0.0101, 0.0105,  33.2319, 02 Oct 2018 07:09:39
  9.1100,  3.55458,   21.143, 0.0098, 0.0101,  33.2131, 02 Oct 2018 07:09:41
  9.1644,  3.55763,   21.358, 0.0111, 0.0106,  33.1940, 02 Oct 2018 07:09:44
  8.8684,  3.53504,   21.862, 0.0096, 0.0106,  33.2350, 02 Oct 2018 07:09:46
  8.8120,  3.53187,   22.605, 0.0101, 0.0105,  33.2544, 02 Oct 2018 07:09:48
  8.7940,  3.53127,   23.385, 0.0105, 0.0107,  33.2646, 02 Oct 2018 07:09:51
  8.7995,  3.53207,   23.906, 0.0097, 0.0101,  33.2677, 02 Oct 2018 07:09:53
  8.8197,  3.53244,   24.141, 0.0100, 0.0105,  33.2525, 02 Oct 2018 07:09:56
  8.8104,  3.53168,   24.223, 0.0098, 0.0101,  33.2531, 02 Oct 2018 07:09:58
  8.7884,  3.53079,   24.520, 0.0097, 0.0100,  33.2644, 02 Oct 2018 07:10:00
  8.7783,  3.53086,   25.153, 0.0096, 0.0106,  33.2743, 02 Oct 2018 07:10:03
  8.7700,  3.53169,   25.978, 0.0102, 0.0101,  33.2905, 02 Oct 2018 07:10:05
  8.7760,  3.53283,   26.648, 0.0094, 0.0101,  33.2964, 02 Oct 2018 07:10:07
  8.7818,  3.53269,   26.549, 0.0102, 0.0101,  33.2896, 02 Oct 2018 07:10:10
  8.7805,  3.53237,   26.198, 0.0094, 0.0111,  33.2876, 02 Oct 2018 07:10:12
  8.7829,  3.53282,   26.069, 0.0093, 0.0099,  33.2902, 02 Oct 2018 07:10:38
  8.7745,  3.53240,   26.319, 0.0100, 0.0097,  33.2935, 02 Oct 2018 07:10:59
  8.7692,  3.53216,   26.448, 0.0097, 0.0098,  33.2959, 02 Oct 2018 07:11:01
  8.7704,  3.53220,   26.426, 0.0094, 0.0104,  33.2952, 02 Oct 2018 07:11:03
  8.7617,  3.53177,   26.558, 0.0098, 0.0108,  33.2989, 02 Oct 2018 07:11:06
  8.7627,  3.53177,   26.898, 0.0107, 0.0094,  33.2977, 02 Oct 2018 07:11:08
  8.7600,  3.53206,   27.722, 0.0104, 0.0093,  33.3030, 02 Oct 2018 07:11:10
  8.7622,  3.53311,   28.574, 0.0105, 0.0104,  33.3115, 02 Oct 2018 07:11:13
  8.7639,  3.53309,   28.918, 0.0101, 0.0100,  33.3095, 02 Oct 2018 07:11:15
  8.7669,  3.53324,   28.891, 0.0103, 0.0096,  33.3082, 02 Oct 2018 07:11:18
  8.7658,  3.53325,   29.082, 0.0101, 0.0098,  33.3093, 02 Oct 2018 07:11:20
  8.7638,  3.53342,   29.788, 0.0093, 0.0101,  33.3126, 02 Oct 2018 07:11:22
  8.7643,  3.53384,   30.698, 0.0098, 0.0105,  33.3161, 02 Oct 2018 07:11:25
  8.7651,  3.53383,   31.252, 0.0099, 0.0103,  33.3150, 02 Oct 2018 07:11:27
  8.7657,  3.53389,   31.453, 0.0102, 0.0100,  33.3150, 02 Oct 2018 07:11:29
  8.7679,  3.53407,   31.644, 0.0097, 0.0102,  33.3148, 02 Oct 2018 07:11:32
  8.7663,  3.53441,   32.067, 0.0095, 0.0105,  33.3197, 02 Oct 2018 07:11:34
  8.7656,  3.53496,   32.678, 0.0098, 0.0099,  33.3258, 02 Oct 2018 07:11:37
  8.7668,  3.53518,   33.301, 0.0093, 0.0102,  33.3267, 02 Oct 2018 07:11:39
  8.7669,  3.53528,   33.728, 0.0099, 0.0097,  33.3274, 02 Oct 2018 07:11:41
  8.7680,  3.53529,   34.054, 0.0098, 0.0101,  33.3263, 02 Oct 2018 07:11:44
  8.7697,  3.53658,   34.466, 0.0096, 0.0108,  33.3380, 02 Oct 2018 07:11:46
  8.7719,  3.53780,   34.975, 0.0101, 0.0100,  33.3485, 02 Oct 2018 07:11:49
  8.7742,  3.53851,   35.477, 0.0094, 0.0098,  33.3536, 02 Oct 2018 07:11:51
  8.7758,  3.53913,   35.949, 0.0110, 0.0092,  33.3584, 02 Oct 2018 07:11:53
  8.7775,  3.54013,   36.318, 0.0099, 0.0102,  33.3670, 02 Oct 2018 07:11:56
  8.7793,  3.54072,   36.645, 0.0097, 0.0098,  33.3713, 02 Oct 2018 07:11:58
  8.7809,  3.54180,   37.053, 0.0092, 0.0101,  33.3810, 02 Oct 2018 07:12:00
  8.7856,  3.54415,   37.654, 0.0103, 0.0102,  33.4009, 02 Oct 2018 07:12:03
  8.7893,  3.54544,   38.208, 0.0097, 0.0110,  33.4107, 02 Oct 2018 07:12:05
  8.7917,  3.54681,   38.639, 0.0101, 0.0098,  33.4226, 02 Oct 2018 07:12:08
  8.7930,  3.54700,   38.948, 0.0100, 0.0103,  33.4232, 02 Oct 2018 07:12:10
  8.7948,  3.54852,   39.270, 0.0097, 0.0097,  33.4373, 02 Oct 2018 07:12:12
  8.7964,  3.55066,   39.704, 0.0096, 0.0107,  33.4579, 02 Oct 2018 07:12:15
  8.7962,  3.55145,   40.238, 0.0098, 0.0093,  33.4661, 02 Oct 2018 07:12:17
  8.7963,  3.55190,   40.726, 0.0097, 0.0099,  33.4706, 02 Oct 2018 07:12:20
  8.7938,  3.55249,   41.182, 0.0096, 0.0095,  33.4790, 02 Oct 2018 07:12:22
  8.7858,  3.55373,   41.641, 0.0096, 0.0107,  33.4993, 02 Oct 2018 07:12:24
  8.7827,  3.55399,   42.124, 0.0099, 0.0101,  33.5047, 02 Oct 2018 07:12:27
  8.7764,  3.55478,   42.556, 0.0117, 0.0101,  33.5188, 02 Oct 2018 07:12:29
  8.7716,  3.55532,   42.955, 0.0096, 0.0100,  33.5287, 02 Oct 2018 07:12:32
  8.7758,  3.55479,   43.015, 0.0098, 0.0101,  33.5192, 02 Oct 2018 07:12:34
  8.7753,  3.55558,   42.919, 0.0101, 0.0100,  33.5280, 02 Oct 2018 07:12:36
  8.7696,  3.55602,   43.039, 0.0097, 0.0099,  33.5380, 02 Oct 2018 07:12:39
  8.7659,  3.55619,   43.246, 0.0097, 0.0098,  33.5431, 02 Oct 2018 07:12:41
