
---  10-02-18 07:12:53 ---
  8.7628,  3.55635,   43.323, 0.0101, 0.0101,  33.5478, 02 Oct 2018 07:13:19
 10.8395,  3.68183,   15.051, 0.0099, 0.0109,  32.9252, 02 Oct 2018 07:17:27
 10.8411,  3.68176,   14.870, 0.0102, 0.0095,  32.9231, 02 Oct 2018 07:17:30
 10.8277,  3.68051,   15.538, 0.0097, 0.0098,  32.9224, 02 Oct 2018 07:17:32
 10.7423,  3.67473,   16.288, 0.0094, 0.0099,  32.9415, 02 Oct 2018 07:17:35
 10.6302,  3.66659,   16.621, 0.0104, 0.0110,  32.9612, 02 Oct 2018 07:17:37
 10.5557,  3.66148,   16.727, 0.0094, 0.0102,  32.9774, 02 Oct 2018 07:17:39
 10.3997,  3.64976,   17.191, 0.0109, 0.0097,  33.0009, 02 Oct 2018 07:17:42
 10.0604,  3.62235,   17.936, 0.0098, 0.0103,  33.0327, 02 Oct 2018 07:17:44
  9.9459,  3.61695,   18.402, 0.0104, 0.0097,  33.0824, 02 Oct 2018 07:17:46
  9.9687,  3.61761,   18.693, 0.0099, 0.0101,  33.0681, 02 Oct 2018 07:17:49
  9.6589,  3.59498,   19.007, 0.0101, 0.0105,  33.1218, 02 Oct 2018 07:17:51
  9.5782,  3.59003,   19.460, 0.0094, 0.0104,  33.1453, 02 Oct 2018 07:17:54
  9.4425,  3.57957,   20.131, 0.0097, 0.0099,  33.1629, 02 Oct 2018 07:17:56
  9.2322,  3.56328,   20.790, 0.0096, 0.0104,  33.1896, 02 Oct 2018 07:17:58
  9.0364,  3.54988,   21.060, 0.0095, 0.0096,  33.2330, 02 Oct 2018 07:18:01
  9.0877,  3.55364,   21.196, 0.0101, 0.0102,  33.2240, 02 Oct 2018 07:18:03
  9.0439,  3.54818,   21.641, 0.0099, 0.0098,  33.2079, 02 Oct 2018 07:18:06
  8.8851,  3.53609,   22.246, 0.0102, 0.0107,  33.2303, 02 Oct 2018 07:18:08
  8.8183,  3.53217,   22.887, 0.0109, 0.0098,  33.2515, 02 Oct 2018 07:18:10
  8.7926,  3.53127,   23.403, 0.0096, 0.0099,  33.2659, 02 Oct 2018 07:18:13
  8.8451,  3.53452,   23.734, 0.0097, 0.0100,  33.2506, 02 Oct 2018 07:18:15
  8.8920,  3.53723,   24.009, 0.0101, 0.0099,  33.2349, 02 Oct 2018 07:18:18
  8.8026,  3.53185,   24.414, 0.0097, 0.0104,  33.2623, 02 Oct 2018 07:18:20
  8.8103,  3.53287,   24.974, 0.0099, 0.0105,  33.2654, 02 Oct 2018 07:18:22
  8.7904,  3.53263,   25.567, 0.0095, 0.0105,  33.2814, 02 Oct 2018 07:18:25
  8.7920,  3.53295,   26.014, 0.0097, 0.0101,  33.2829, 02 Oct 2018 07:18:27
  8.8052,  3.53315,   25.995, 0.0095, 0.0097,  33.2727, 02 Oct 2018 07:18:30
  8.8080,  3.53343,   25.893, 0.0100, 0.0099,  33.2730, 02 Oct 2018 07:18:32
  8.8054,  3.53284,   25.794, 0.0103, 0.0110,  33.2694, 02 Oct 2018 07:18:58
  8.8032,  3.53205,   25.697, 0.0101, 0.0107,  33.2632, 02 Oct 2018 07:19:19
  8.7880,  3.53124,   25.726, 0.0099, 0.0104,  33.2690, 02 Oct 2018 07:19:21
  8.7845,  3.53112,   25.954, 0.0105, 0.0102,  33.2708, 02 Oct 2018 07:19:23
  8.7864,  3.53110,   26.116, 0.0099, 0.0107,  33.2688, 02 Oct 2018 07:19:26
  8.7852,  3.53132,   26.103, 0.0105, 0.0102,  33.2722, 02 Oct 2018 07:19:28
  8.7888,  3.53128,   25.874, 0.0103, 0.0106,  33.2685, 02 Oct 2018 07:19:31
  8.7881,  3.53128,   25.662, 0.0101, 0.0106,  33.2693, 02 Oct 2018 07:19:33
  8.7753,  3.53061,   25.728, 0.0098, 0.0112,  33.2743, 02 Oct 2018 07:19:35
  8.7761,  3.53062,   25.961, 0.0096, 0.0108,  33.2736, 02 Oct 2018 07:19:38
  8.7771,  3.53077,   26.003, 0.0104, 0.0100,  33.2742, 02 Oct 2018 07:19:40
  8.7791,  3.53081,   25.877, 0.0102, 0.0108,  33.2728, 02 Oct 2018 07:19:43
  8.7749,  3.53054,   25.827, 0.0096, 0.0102,  33.2739, 02 Oct 2018 07:19:45
  8.7716,  3.53030,   25.859, 0.0101, 0.0099,  33.2744, 02 Oct 2018 07:19:47
  8.7736,  3.53043,   25.852, 0.0099, 0.0105,  33.2739, 02 Oct 2018 07:19:50
  8.7711,  3.53040,   25.766, 0.0099, 0.0106,  33.2760, 02 Oct 2018 07:19:52
  8.7714,  3.53031,   25.695, 0.0104, 0.0105,  33.2748, 02 Oct 2018 07:19:54
  8.7669,  3.53006,   25.772, 0.0105, 0.0104,  33.2764, 02 Oct 2018 07:19:57
  8.7650,  3.52995,   25.933, 0.0102, 0.0102,  33.2769, 02 Oct 2018 07:19:59
  8.7661,  3.53017,   25.930, 0.0112, 0.0113,  33.2782, 02 Oct 2018 07:20:02
  8.7672,  3.53026,   25.798, 0.0099, 0.0106,  33.2782, 02 Oct 2018 07:20:04
  8.7659,  3.53016,   25.663, 0.0103, 0.0107,  33.2784, 02 Oct 2018 07:20:06
  8.7626,  3.52995,   25.661, 0.0103, 0.0102,  33.2794, 02 Oct 2018 07:20:09
  8.7606,  3.52982,   25.813, 0.0105, 0.0108,  33.2797, 02 Oct 2018 07:20:11
  8.7613,  3.52998,   25.897, 0.0106, 0.0104,  33.2808, 02 Oct 2018 07:20:13
  8.7627,  3.53016,   25.803, 0.0101, 0.0106,  33.2814, 02 Oct 2018 07:20:16
  8.7647,  3.53017,   25.615, 0.0096, 0.0112,  33.2797, 02 Oct 2018 07:20:18
  8.7601,  3.52989,   25.650, 0.0094, 0.0105,  33.2810, 02 Oct 2018 07:20:21
  8.7579,  3.52982,   25.831, 0.0106, 0.0102,  33.2823, 02 Oct 2018 07:20:23
  8.7601,  3.52998,   25.871, 0.0101, 0.0106,  33.2819, 02 Oct 2018 07:20:25
  8.7605,  3.52995,   25.711, 0.0101, 0.0098,  33.2813, 02 Oct 2018 07:20:28
  8.7616,  3.52998,   25.578, 0.0098, 0.0107,  33.2807, 02 Oct 2018 07:20:30
  8.7592,  3.52982,   25.604, 0.0109, 0.0106,  33.2812, 02 Oct 2018 07:20:32
  8.7601,  3.52998,   25.667, 0.0099, 0.0102,  33.2820, 02 Oct 2018 07:20:35
  8.7603,  3.52994,   25.710, 0.0105, 0.0108,  33.2814, 02 Oct 2018 07:20:37
  8.7600,  3.52993,   25.776, 0.0106, 0.0109,  33.2815, 02 Oct 2018 07:20:40
  8.7606,  3.53004,   25.842, 0.0104, 0.0099,  33.2820, 02 Oct 2018 07:20:42
  8.7636,  3.53023,   25.763, 0.0103, 0.0100,  33.2812, 02 Oct 2018 07:20:44
  8.7638,  3.53028,   25.526, 0.0098, 0.0107,  33.2817, 02 Oct 2018 07:20:47
  8.7633,  3.53021,   25.394, 0.0101, 0.0106,  33.2815, 02 Oct 2018 07:20:49
  8.7593,  3.52987,   25.545, 0.0105, 0.0104,  33.2817, 02 Oct 2018 07:20:52
  8.7592,  3.52989,   25.844, 0.0099, 0.0102,  33.2817, 02 Oct 2018 07:20:54
  8.7591,  3.53013,   25.922, 0.0107, 0.0106,  33.2844, 02 Oct 2018 07:20:56
  8.7610,  3.53020,   25.703, 0.0107, 0.0106,  33.2835, 02 Oct 2018 07:20:59
  8.7598,  3.53030,   25.542, 0.0100, 0.0104,  33.2857, 02 Oct 2018 07:21:01
  8.7564,  3.52998,   25.534, 0.0102, 0.0112,  33.2855, 02 Oct 2018 07:21:04
  8.7575,  3.53000,   25.601, 0.0106, 0.0101,  33.2846, 02 Oct 2018 07:21:06
  8.7577,  3.53001,   25.617, 0.0109, 0.0100,  33.2846, 02 Oct 2018 07:21:08
  8.7578,  3.53012,   25.610, 0.0108, 0.0108,  33.2856, 02 Oct 2018 07:21:11
  8.7572,  3.53024,   25.605, 0.0098, 0.0101,  33.2875, 02 Oct 2018 07:21:13
  8.7563,  3.53023,   25.646, 0.0108, 0.0110,  33.2882, 02 Oct 2018 07:21:15
  8.7560,  3.53034,   25.703, 0.0108, 0.0098,  33.2895, 02 Oct 2018 07:21:18
  8.7584,  3.53053,   25.647, 0.0103, 0.0105,  33.2893, 02 Oct 2018 07:21:20
  8.7584,  3.53053,   25.482, 0.0103, 0.0102,  33.2895, 02 Oct 2018 07:21:23
  8.7591,  3.53053,   25.379, 0.0103, 0.0101,  33.2888, 02 Oct 2018 07:21:25
  8.7559,  3.53053,   25.548, 0.0102, 0.0110,  33.2917, 02 Oct 2018 07:21:27
  8.7560,  3.53054,   25.693, 0.0101, 0.0109,  33.2917, 02 Oct 2018 07:21:30
  8.7577,  3.53080,   25.661, 0.0098, 0.0100,  33.2929, 02 Oct 2018 07:21:32
  8.7582,  3.53071,   25.508, 0.0101, 0.0099,  33.2914, 02 Oct 2018 07:21:34
  8.7569,  3.53083,   25.446, 0.0102, 0.0105,  33.2940, 02 Oct 2018 07:21:37
  8.7557,  3.53081,   25.545, 0.0110, 0.0109,  33.2949, 02 Oct 2018 07:21:39
  8.7556,  3.53079,   25.544, 0.0109, 0.0104,  33.2948, 02 Oct 2018 07:21:42
  8.7566,  3.53086,   25.463, 0.0108, 0.0105,  33.2946, 02 Oct 2018 07:21:44
  8.7565,  3.53084,   25.416, 0.0098, 0.0106,  33.2945, 02 Oct 2018 07:21:47
  8.7552,  3.53077,   25.444, 0.0106, 0.0100,  33.2950, 02 Oct 2018 07:21:49
  8.7548,  3.53083,   25.521, 0.0104, 0.0104,  33.2960, 02 Oct 2018 07:21:51
  8.7550,  3.53086,   25.557, 0.0100, 0.0104,  33.2960, 02 Oct 2018 07:21:54
  8.7557,  3.53090,   25.507, 0.0098, 0.0108,  33.2958, 02 Oct 2018 07:21:56
  8.7566,  3.53099,   25.382, 0.0098, 0.0109,  33.2960, 02 Oct 2018 07:21:58
  8.7558,  3.53097,   25.382, 0.0108, 0.0112,  33.2965, 02 Oct 2018 07:22:01
  8.7547,  3.53094,   25.494, 0.0105, 0.0112,  33.2972, 02 Oct 2018 07:22:03
  8.7557,  3.53102,   25.474, 0.0095, 0.0102,  33.2971, 02 Oct 2018 07:22:05
  8.7568,  3.53106,   25.327, 0.0101, 0.0108,  33.2966, 02 Oct 2018 07:22:08
  8.7555,  3.53099,   25.340, 0.0107, 0.0101,  33.2971, 02 Oct 2018 07:22:10
  8.7545,  3.53102,   25.517, 0.0098, 0.0114,  33.2983, 02 Oct 2018 07:22:13
  8.7548,  3.53099,   25.598, 0.0101, 0.0109,  33.2976, 02 Oct 2018 07:22:15
  8.7558,  3.53103,   25.450, 0.0094, 0.0107,  33.2972, 02 Oct 2018 07:22:17
  8.7576,  3.53120,   25.261, 0.0111, 0.0108,  33.2973, 02 Oct 2018 07:22:20
  8.7553,  3.53103,   25.261, 0.0101, 0.0098,  33.2978, 02 Oct 2018 07:22:22
  8.7545,  3.53106,   25.464, 0.0104, 0.0114,  33.2987, 02 Oct 2018 07:22:25
  8.7550,  3.53102,   25.553, 0.0108, 0.0098,  33.2977, 02 Oct 2018 07:22:27
  8.7559,  3.53108,   25.413, 0.0104, 0.0103,  33.2975, 02 Oct 2018 07:22:29
  8.7568,  3.53113,   25.255, 0.0097, 0.0110,  33.2974, 02 Oct 2018 07:22:32
  8.7555,  3.53110,   25.288, 0.0109, 0.0118,  33.2983, 02 Oct 2018 07:22:34
  8.7550,  3.53097,   25.444, 0.0100, 0.0104,  33.2972, 02 Oct 2018 07:22:36
  8.7553,  3.53101,   25.494, 0.0104, 0.0101,  33.2974, 02 Oct 2018 07:22:39
  8.7564,  3.53105,   25.391, 0.0102, 0.0103,  33.2968, 02 Oct 2018 07:22:41
  8.7563,  3.53106,   25.190, 0.0096, 0.0114,  33.2971, 02 Oct 2018 07:22:43
  8.7552,  3.53077,   25.208, 0.0102, 0.0102,  33.2952, 02 Oct 2018 07:22:46
  8.7550,  3.53083,   25.395, 0.0109, 0.0111,  33.2958, 02 Oct 2018 07:22:48
  8.7550,  3.53064,   25.473, 0.0103, 0.0102,  33.2938, 02 Oct 2018 07:22:51
  8.7558,  3.53058,   25.347, 0.0102, 0.0111,  33.2925, 02 Oct 2018 07:22:53
  8.7571,  3.53069,   25.168, 0.0104, 0.0099,  33.2925, 02 Oct 2018 07:22:55
  8.7545,  3.53021,   25.269, 0.0112, 0.0108,  33.2899, 02 Oct 2018 07:22:58
  8.7542,  3.53002,   25.431, 0.0098, 0.0108,  33.2881, 02 Oct 2018 07:23:00
  8.7552,  3.53021,   25.388, 0.0104, 0.0111,  33.2891, 02 Oct 2018 07:23:03
  8.7556,  3.53012,   25.203, 0.0101, 0.0103,  33.2879, 02 Oct 2018 07:23:05
  8.7563,  3.53030,   25.037, 0.0102, 0.0106,  33.2892, 02 Oct 2018 07:23:07
  8.7553,  3.53006,   25.213, 0.0095, 0.0098,  33.2876, 02 Oct 2018 07:23:10
  8.7530,  3.52990,   25.466, 0.0103, 0.0114,  33.2879, 02 Oct 2018 07:23:12
  8.7553,  3.52979,   25.444, 0.0104, 0.0109,  33.2846, 02 Oct 2018 07:23:15
  8.7572,  3.52987,   25.229, 0.0104, 0.0105,  33.2838, 02 Oct 2018 07:23:17
  8.7574,  3.52995,   25.065, 0.0104, 0.0106,  33.2845, 02 Oct 2018 07:23:19
  8.7535,  3.52935,   25.077, 0.0099, 0.0107,  33.2819, 02 Oct 2018 07:23:22
  8.7556,  3.52944,   25.233, 0.0104, 0.0104,  33.2808, 02 Oct 2018 07:23:24
  8.7573,  3.52941,   25.343, 0.0102, 0.0096,  33.2788, 02 Oct 2018 07:23:26
  8.7564,  3.52923,   25.337, 0.0102, 0.0108,  33.2778, 02 Oct 2018 07:23:29
  8.7535,  3.52901,   25.238, 0.0101, 0.0111,  33.2783, 02 Oct 2018 07:23:31
  8.7562,  3.52931,   25.104, 0.0102, 0.0109,  33.2789, 02 Oct 2018 07:23:34
  8.7556,  3.52919,   25.037, 0.0116, 0.0106,  33.2782, 02 Oct 2018 07:23:36
  8.7567,  3.52919,   25.144, 0.0096, 0.0106,  33.2772, 02 Oct 2018 07:23:39
  8.7595,  3.52946,   25.337, 0.0103, 0.0104,  33.2773, 02 Oct 2018 07:23:41
  8.7603,  3.52948,   25.328, 0.0101, 0.0112,  33.2767, 02 Oct 2018 07:23:43
  8.7599,  3.52948,   25.127, 0.0098, 0.0103,  33.2771, 02 Oct 2018 07:23:46
  8.7596,  3.52937,   24.998, 0.0105, 0.0106,  33.2764, 02 Oct 2018 07:23:48
  8.7607,  3.52942,   25.061, 0.0103, 0.0098,  33.2759, 02 Oct 2018 07:23:50
  8.7599,  3.52923,   25.220, 0.0107, 0.0111,  33.2745, 02 Oct 2018 07:23:53
  8.7608,  3.52941,   25.291, 0.0106, 0.0099,  33.2755, 02 Oct 2018 07:23:55
  8.7614,  3.52930,   25.211, 0.0102, 0.0109,  33.2738, 02 Oct 2018 07:23:58
  8.7615,  3.52933,   25.061, 0.0096, 0.0107,  33.2741, 02 Oct 2018 07:24:00
  8.7607,  3.52919,   24.980, 0.0103, 0.0113,  33.2735, 02 Oct 2018 07:24:02
  8.7655,  3.52894,   25.097, 0.0099, 0.0103,  33.2663, 02 Oct 2018 07:24:05
  8.7701,  3.52878,   25.234, 0.0106, 0.0105,  33.2602, 02 Oct 2018 07:24:07
  8.7724,  3.52864,   25.283, 0.0109, 0.0099,  33.2566, 02 Oct 2018 07:24:10
  8.7720,  3.52878,   25.186, 0.0102, 0.0117,  33.2585, 02 Oct 2018 07:24:12
  8.7718,  3.52883,   25.018, 0.0102, 0.0102,  33.2593, 02 Oct 2018 07:24:14
  8.7704,  3.52897,   25.004, 0.0102, 0.0102,  33.2620, 02 Oct 2018 07:24:17
  8.7746,  3.52862,   25.124, 0.0103, 0.0106,  33.2543, 02 Oct 2018 07:24:19
  8.7756,  3.52856,   25.301, 0.0104, 0.0117,  33.2528, 02 Oct 2018 07:24:22
  8.7753,  3.52853,   25.326, 0.0095, 0.0101,  33.2527, 02 Oct 2018 07:24:24
  8.7757,  3.52866,   25.142, 0.0099, 0.0109,  33.2538, 02 Oct 2018 07:24:26
  8.7757,  3.52852,   24.940, 0.0103, 0.0104,  33.2524, 02 Oct 2018 07:24:29
  8.7744,  3.52838,   25.029, 0.0102, 0.0109,  33.2521, 02 Oct 2018 07:24:31
  8.7739,  3.52827,   25.268, 0.0100, 0.0102,  33.2514, 02 Oct 2018 07:24:33
  8.7744,  3.52840,   25.281, 0.0098, 0.0109,  33.2521, 02 Oct 2018 07:24:36
  8.7753,  3.52844,   25.084, 0.0102, 0.0100,  33.2518, 02 Oct 2018 07:24:38
  8.7750,  3.52837,   25.062, 0.0113, 0.0112,  33.2514, 02 Oct 2018 07:24:41
  8.7741,  3.52825,   25.174, 0.0098, 0.0112,  33.2509, 02 Oct 2018 07:24:43
  8.7739,  3.52818,   25.164, 0.0100, 0.0099,  33.2504, 02 Oct 2018 07:24:45
  8.7744,  3.52822,   25.057, 0.0102, 0.0105,  33.2504, 02 Oct 2018 07:24:48
  8.7739,  3.52814,   25.055, 0.0101, 0.0111,  33.2500, 02 Oct 2018 07:24:50
  8.7720,  3.52793,   25.187, 0.0105, 0.0104,  33.2496, 02 Oct 2018 07:24:52
  8.7712,  3.52778,   25.211, 0.0101, 0.0101,  33.2487, 02 Oct 2018 07:24:55
  8.7723,  3.52786,   25.113, 0.0101, 0.0110,  33.2486, 02 Oct 2018 07:24:57
  8.7715,  3.52773,   25.073, 0.0105, 0.0111,  33.2479, 02 Oct 2018 07:25:00
  8.7689,  3.52726,   25.110, 0.0101, 0.0100,  33.2456, 02 Oct 2018 07:25:02
  8.7678,  3.52703,   25.176, 0.0105, 0.0108,  33.2441, 02 Oct 2018 07:25:04
  8.7683,  3.52711,   25.183, 0.0103, 0.0102,  33.2445, 02 Oct 2018 07:25:07
  8.7684,  3.52713,   25.117, 0.0102, 0.0102,  33.2446, 02 Oct 2018 07:25:09
  8.7682,  3.52706,   25.093, 0.0105, 0.0108,  33.2441, 02 Oct 2018 07:25:12
  8.7684,  3.52698,   25.137, 0.0103, 0.0102,  33.2430, 02 Oct 2018 07:25:14
  8.7672,  3.52685,   25.214, 0.0102, 0.0107,  33.2427, 02 Oct 2018 07:25:16
  8.7670,  3.52639,   25.250, 0.0101, 0.0097,  33.2381, 02 Oct 2018 07:25:19
  8.7681,  3.52651,   25.147, 0.0103, 0.0112,  33.2384, 02 Oct 2018 07:25:21
  8.7696,  3.52673,   25.029, 0.0103, 0.0104,  33.2393, 02 Oct 2018 07:25:23
  8.7685,  3.52587,   25.055, 0.0115, 0.0108,  33.2313, 02 Oct 2018 07:25:26
  8.7684,  3.52563,   25.111, 0.0104, 0.0101,  33.2289, 02 Oct 2018 07:25:28
  8.7681,  3.52569,   25.138, 0.0106, 0.0115,  33.2298, 02 Oct 2018 07:25:30
  8.7685,  3.52559,   25.149, 0.0101, 0.0105,  33.2283, 02 Oct 2018 07:25:33
  8.7681,  3.52538,   25.222, 0.0103, 0.0098,  33.2265, 02 Oct 2018 07:25:35
  8.7682,  3.52523,   25.246, 0.0101, 0.0096,  33.2249, 02 Oct 2018 07:25:38
  8.7690,  3.52539,   25.134, 0.0098, 0.0116,  33.2258, 02 Oct 2018 07:25:40
  8.7702,  3.52557,   24.964, 0.0102, 0.0106,  33.2266, 02 Oct 2018 07:25:42
  8.7698,  3.52579,   24.861, 0.0105, 0.0097,  33.2293, 02 Oct 2018 07:25:45
  8.7689,  3.52511,   24.986, 0.0102, 0.0101,  33.2230, 02 Oct 2018 07:25:47
  8.7690,  3.52500,   25.335, 0.0096, 0.0110,  33.2216, 02 Oct 2018 07:25:50
  8.7694,  3.52498,   25.521, 0.0109, 0.0101,  33.2210, 02 Oct 2018 07:25:52
  8.7701,  3.52504,   25.309, 0.0106, 0.0099,  33.2210, 02 Oct 2018 07:25:54
  8.7708,  3.52501,   24.887, 0.0105, 0.0108,  33.2203, 02 Oct 2018 07:25:57
  8.7711,  3.52496,   24.720, 0.0096, 0.0107,  33.2195, 02 Oct 2018 07:25:59
  8.7709,  3.52481,   24.979, 0.0105, 0.0106,  33.2180, 02 Oct 2018 07:26:01
  8.7717,  3.52481,   25.346, 0.0100, 0.0106,  33.2171, 02 Oct 2018 07:26:04
  8.7717,  3.52475,   25.380, 0.0102, 0.0098,  33.2165, 02 Oct 2018 07:26:06
  8.7722,  3.52485,   25.120, 0.0101, 0.0117,  33.2171, 02 Oct 2018 07:26:09
  8.7729,  3.52489,   24.959, 0.0096, 0.0105,  33.2170, 02 Oct 2018 07:26:11
  8.7744,  3.52488,   25.099, 0.0108, 0.0108,  33.2154, 02 Oct 2018 07:26:13
  8.7734,  3.52479,   25.252, 0.0111, 0.0104,  33.2154, 02 Oct 2018 07:26:16
  8.7737,  3.52482,   25.190, 0.0098, 0.0112,  33.2154, 02 Oct 2018 07:26:18
  8.7739,  3.52485,   24.953, 0.0104, 0.0099,  33.2156, 02 Oct 2018 07:26:21
  8.7745,  3.52485,   24.884, 0.0103, 0.0098,  33.2151, 02 Oct 2018 07:26:23
  8.7753,  3.52482,   25.145, 0.0100, 0.0105,  33.2140, 02 Oct 2018 07:26:25
  8.7733,  3.52478,   25.472, 0.0097, 0.0102,  33.2153, 02 Oct 2018 07:26:28
  8.7731,  3.52481,   25.383, 0.0100, 0.0111,  33.2157, 02 Oct 2018 07:26:30
  8.7744,  3.52483,   24.960, 0.0103, 0.0108,  33.2149, 02 Oct 2018 07:26:33
  8.7755,  3.52488,   24.794, 0.0098, 0.0105,  33.2145, 02 Oct 2018 07:26:35
  8.7799,  3.52519,   25.043, 0.0095, 0.0101,  33.2135, 02 Oct 2018 07:26:37
  8.7755,  3.52486,   25.314, 0.0096, 0.0113,  33.2140, 02 Oct 2018 07:26:40
  8.7749,  3.52479,   25.317, 0.0101, 0.0105,  33.2140, 02 Oct 2018 07:26:42
  8.7767,  3.52494,   25.119, 0.0105, 0.0100,  33.2139, 02 Oct 2018 07:26:44
  8.7785,  3.52505,   25.012, 0.0105, 0.0096,  33.2134, 02 Oct 2018 07:26:47
  8.7772,  3.52493,   25.095, 0.0102, 0.0114,  33.2133, 02 Oct 2018 07:26:49
  8.7726,  3.52477,   25.242, 0.0106, 0.0103,  33.2158, 02 Oct 2018 07:26:52
  8.7718,  3.52475,   25.227, 0.0114, 0.0101,  33.2164, 02 Oct 2018 07:26:54
  8.7745,  3.52482,   24.992, 0.0102, 0.0096,  33.2148, 02 Oct 2018 07:26:56
  8.7760,  3.52494,   24.950, 0.0101, 0.0108,  33.2146, 02 Oct 2018 07:26:59
  8.7743,  3.52481,   25.117, 0.0099, 0.0101,  33.2147, 02 Oct 2018 07:27:01
  8.7705,  3.52468,   25.231, 0.0105, 0.0102,  33.2170, 02 Oct 2018 07:27:04
  8.7706,  3.52467,   25.255, 0.0101, 0.0105,  33.2167, 02 Oct 2018 07:27:06
  8.7701,  3.52481,   25.263, 0.0104, 0.0108,  33.2186, 02 Oct 2018 07:27:08
  8.7703,  3.52482,   25.146, 0.0099, 0.0105,  33.2186, 02 Oct 2018 07:27:11
  8.7734,  3.52482,   24.884, 0.0100, 0.0099,  33.2158, 02 Oct 2018 07:27:13
  8.7727,  3.52481,   24.842, 0.0102, 0.0106,  33.2164, 02 Oct 2018 07:27:15
  8.7703,  3.52475,   25.148, 0.0105, 0.0109,  33.2179, 02 Oct 2018 07:27:18
  8.7699,  3.52490,   25.415, 0.0105, 0.0104,  33.2197, 02 Oct 2018 07:27:20
  8.7703,  3.52498,   25.298, 0.0106, 0.0104,  33.2203, 02 Oct 2018 07:27:23
  8.7710,  3.52496,   25.045, 0.0109, 0.0111,  33.2195, 02 Oct 2018 07:27:25
  8.7708,  3.52498,   24.939, 0.0108, 0.0111,  33.2200, 02 Oct 2018 07:27:27
  8.7696,  3.52512,   25.011, 0.0102, 0.0100,  33.2225, 02 Oct 2018 07:27:30
  8.7691,  3.52520,   25.151, 0.0101, 0.0105,  33.2238, 02 Oct 2018 07:27:32
  8.7701,  3.52561,   25.196, 0.0100, 0.0106,  33.2271, 02 Oct 2018 07:27:34
  8.7700,  3.52534,   25.128, 0.0106, 0.0111,  33.2243, 02 Oct 2018 07:27:37
  8.7708,  3.52542,   25.069, 0.0103, 0.0102,  33.2245, 02 Oct 2018 07:27:39
  8.7686,  3.52665,   25.155, 0.0097, 0.0104,  33.2394, 02 Oct 2018 07:27:42
  8.7685,  3.52680,   25.263, 0.0104, 0.0106,  33.2410, 02 Oct 2018 07:27:44
  8.7692,  3.52662,   25.122, 0.0099, 0.0111,  33.2385, 02 Oct 2018 07:27:46
  8.7697,  3.52642,   24.939, 0.0101, 0.0106,  33.2360, 02 Oct 2018 07:27:49
  8.7688,  3.52670,   24.951, 0.0099, 0.0108,  33.2398, 02 Oct 2018 07:27:51
  8.7687,  3.52680,   25.167, 0.0091, 0.0097,  33.2408, 02 Oct 2018 07:27:54
  8.7704,  3.52709,   25.356, 0.0099, 0.0102,  33.2421, 02 Oct 2018 07:27:56
  8.7705,  3.52703,   25.199, 0.0097, 0.0111,  33.2416, 02 Oct 2018 07:27:58
  8.7708,  3.52709,   24.931, 0.0104, 0.0106,  33.2420, 02 Oct 2018 07:28:01
  8.7720,  3.52732,   24.965, 0.0098, 0.0102,  33.2432, 02 Oct 2018 07:28:03
  8.7730,  3.52758,   25.235, 0.0099, 0.0101,  33.2449, 02 Oct 2018 07:28:06
  8.7740,  3.52780,   25.302, 0.0102, 0.0113,  33.2462, 02 Oct 2018 07:28:08
  8.7738,  3.52770,   25.091, 0.0105, 0.0099,  33.2455, 02 Oct 2018 07:28:10
  8.7737,  3.52767,   24.922, 0.0099, 0.0105,  33.2453, 02 Oct 2018 07:28:13
  8.7748,  3.52791,   25.017, 0.0114, 0.0104,  33.2468, 02 Oct 2018 07:28:15
  8.7754,  3.52796,   25.229, 0.0098, 0.0113,  33.2466, 02 Oct 2018 07:28:17
  8.7755,  3.52801,   25.331, 0.0096, 0.0099,  33.2471, 02 Oct 2018 07:28:20
  8.7756,  3.52807,   25.159, 0.0105, 0.0106,  33.2476, 02 Oct 2018 07:28:22
  8.7751,  3.52816,   24.979, 0.0102, 0.0098,  33.2492, 02 Oct 2018 07:28:25
  8.7737,  3.52821,   25.009, 0.0107, 0.0115,  33.2509, 02 Oct 2018 07:28:27
  8.7726,  3.52816,   25.151, 0.0105, 0.0105,  33.2515, 02 Oct 2018 07:28:29
  8.7738,  3.52816,   25.239, 0.0096, 0.0098,  33.2503, 02 Oct 2018 07:28:32
  8.7684,  3.52812,   25.235, 0.0099, 0.0107,  33.2550, 02 Oct 2018 07:28:34
  8.7654,  3.52812,   25.143, 0.0096, 0.0114,  33.2578, 02 Oct 2018 07:28:37
  8.7635,  3.52829,   25.057, 0.0100, 0.0101,  33.2614, 02 Oct 2018 07:28:39
  8.7618,  3.52862,   25.132, 0.0099, 0.0103,  33.2663, 02 Oct 2018 07:28:41
  8.7602,  3.52878,   25.188, 0.0102, 0.0104,  33.2695, 02 Oct 2018 07:28:44
  8.7594,  3.52878,   25.126, 0.0094, 0.0113,  33.2704, 02 Oct 2018 07:28:46
  8.7565,  3.52875,   25.039, 0.0102, 0.0100,  33.2728, 02 Oct 2018 07:28:49
  8.7564,  3.52862,   25.116, 0.0103, 0.0098,  33.2714, 02 Oct 2018 07:28:51
  8.7514,  3.52871,   25.188, 0.0103, 0.0102,  33.2771, 02 Oct 2018 07:28:53
  8.7510,  3.52877,   25.176, 0.0106, 0.0116,  33.2781, 02 Oct 2018 07:28:56
  8.7506,  3.52878,   25.099, 0.0101, 0.0101,  33.2786, 02 Oct 2018 07:28:58
  8.7501,  3.52894,   25.057, 0.0096, 0.0105,  33.2808, 02 Oct 2018 07:29:00
  8.7515,  3.52955,   25.156, 0.0117, 0.0101,  33.2858, 02 Oct 2018 07:29:03
  8.7524,  3.52978,   25.246, 0.0105, 0.0108,  33.2873, 02 Oct 2018 07:29:05
  8.7524,  3.52976,   25.217, 0.0099, 0.0106,  33.2871, 02 Oct 2018 07:29:08
  8.7525,  3.52953,   25.031, 0.0101, 0.0105,  33.2847, 02 Oct 2018 07:29:10
  8.7531,  3.52968,   24.956, 0.0106, 0.0100,  33.2858, 02 Oct 2018 07:29:12
  8.7541,  3.53035,   25.186, 0.0103, 0.0108,  33.2918, 02 Oct 2018 07:29:15
  8.7534,  3.53013,   25.419, 0.0099, 0.0107,  33.2900, 02 Oct 2018 07:29:17
  8.7544,  3.53024,   25.281, 0.0099, 0.0110,  33.2903, 02 Oct 2018 07:29:20
  8.7543,  3.53015,   24.960, 0.0103, 0.0106,  33.2895, 02 Oct 2018 07:29:22
  8.7537,  3.53027,   24.931, 0.0098, 0.0095,  33.2913, 02 Oct 2018 07:29:24
  8.7546,  3.53053,   25.130, 0.0101, 0.0111,  33.2931, 02 Oct 2018 07:29:27
  8.7543,  3.53039,   25.281, 0.0104, 0.0102,  33.2919, 02 Oct 2018 07:29:29
  8.7547,  3.53043,   25.250, 0.0099, 0.0101,  33.2920, 02 Oct 2018 07:29:32
  8.7541,  3.53035,   25.155, 0.0106, 0.0101,  33.2918, 02 Oct 2018 07:29:34
  8.7545,  3.53042,   25.039, 0.0101, 0.0114,  33.2922, 02 Oct 2018 07:29:36
  8.7546,  3.53056,   25.006, 0.0112, 0.0098,  33.2935, 02 Oct 2018 07:29:39
  8.7545,  3.53064,   25.146, 0.0103, 0.0111,  33.2943, 02 Oct 2018 07:29:41
  8.7545,  3.53069,   25.288, 0.0104, 0.0101,  33.2948, 02 Oct 2018 07:29:43
  8.7547,  3.53069,   25.236, 0.0101, 0.0118,  33.2947, 02 Oct 2018 07:29:46
  8.7552,  3.53060,   25.028, 0.0108, 0.0099,  33.2934, 02 Oct 2018 07:29:48
  8.7549,  3.53065,   24.935, 0.0099, 0.0101,  33.2943, 02 Oct 2018 07:29:51
  8.7547,  3.53073,   25.066, 0.0094, 0.0101,  33.2952, 02 Oct 2018 07:29:53
  8.7545,  3.53061,   25.244, 0.0094, 0.0111,  33.2941, 02 Oct 2018 07:29:55
  8.7542,  3.53065,   25.327, 0.0103, 0.0098,  33.2947, 02 Oct 2018 07:29:58
  8.7547,  3.53061,   25.200, 0.0098, 0.0101,  33.2939, 02 Oct 2018 07:30:00
  8.7551,  3.53065,   25.033, 0.0096, 0.0102,  33.2940, 02 Oct 2018 07:30:02
  8.7547,  3.53069,   24.963, 0.0101, 0.0105,  33.2949, 02 Oct 2018 07:30:05
  8.7545,  3.53077,   25.089, 0.0105, 0.0099,  33.2959, 02 Oct 2018 07:30:07
  8.7545,  3.53076,   25.270, 0.0102, 0.0100,  33.2956, 02 Oct 2018 07:30:10
  8.7547,  3.53076,   25.222, 0.0104, 0.0099,  33.2955, 02 Oct 2018 07:30:12
  8.7552,  3.53076,   25.062, 0.0115, 0.0110,  33.2951, 02 Oct 2018 07:30:14
  8.7549,  3.53075,   25.098, 0.0094, 0.0106,  33.2952, 02 Oct 2018 07:30:17
  8.7547,  3.53088,   25.214, 0.0104, 0.0103,  33.2967, 02 Oct 2018 07:30:19
  8.7549,  3.53081,   25.243, 0.0094, 0.0104,  33.2959, 02 Oct 2018 07:30:21
  8.7549,  3.53084,   25.158, 0.0101, 0.0107,  33.2961, 02 Oct 2018 07:30:24
  8.7552,  3.53079,   25.030, 0.0102, 0.0100,  33.2953, 02 Oct 2018 07:30:26
  8.7549,  3.53090,   25.038, 0.0101, 0.0099,  33.2968, 02 Oct 2018 07:30:29
  8.7545,  3.53086,   25.165, 0.0108, 0.0101,  33.2967, 02 Oct 2018 07:30:31
  8.7547,  3.53087,   25.256, 0.0099, 0.0100,  33.2966, 02 Oct 2018 07:30:33
  8.7550,  3.53086,   25.212, 0.0103, 0.0110,  33.2961, 02 Oct 2018 07:30:36
  8.7551,  3.53087,   25.190, 0.0099, 0.0101,  33.2962, 02 Oct 2018 07:30:38
  8.7552,  3.53092,   25.135, 0.0096, 0.0106,  33.2968, 02 Oct 2018 07:30:41
  8.7552,  3.53091,   25.054, 0.0102, 0.0109,  33.2966, 02 Oct 2018 07:30:43
  8.7550,  3.53091,   25.079, 0.0100, 0.0108,  33.2968, 02 Oct 2018 07:30:45
  8.7552,  3.53103,   25.150, 0.0101, 0.0097,  33.2978, 02 Oct 2018 07:30:48
  8.7553,  3.53094,   25.169, 0.0097, 0.0097,  33.2968, 02 Oct 2018 07:30:50
  8.7549,  3.53081,   25.186, 0.0101, 0.0099,  33.2959, 02 Oct 2018 07:30:53
  8.7552,  3.53090,   25.182, 0.0099, 0.0104,  33.2965, 02 Oct 2018 07:30:55
  8.7550,  3.53090,   25.177, 0.0098, 0.0095,  33.2966, 02 Oct 2018 07:30:57
  8.7552,  3.53084,   25.232, 0.0101, 0.0105,  33.2959, 02 Oct 2018 07:31:00
  8.7550,  3.53083,   25.202, 0.0103, 0.0096,  33.2959, 02 Oct 2018 07:31:02
  8.7555,  3.53088,   25.066, 0.0100, 0.0112,  33.2961, 02 Oct 2018 07:31:04
  8.7555,  3.53090,   24.922, 0.0108, 0.0099,  33.2963, 02 Oct 2018 07:31:07
  8.7555,  3.53090,   25.014, 0.0097, 0.0104,  33.2962, 02 Oct 2018 07:31:09
  8.7544,  3.53076,   25.339, 0.0098, 0.0106,  33.2957, 02 Oct 2018 07:31:11
  8.7548,  3.53084,   25.407, 0.0099, 0.0111,  33.2961, 02 Oct 2018 07:31:14
  8.7549,  3.53080,   25.274, 0.0103, 0.0111,  33.2957, 02 Oct 2018 07:31:16
  8.7543,  3.53064,   25.078, 0.0101, 0.0106,  33.2946, 02 Oct 2018 07:31:19
  8.7544,  3.53076,   24.949, 0.0099, 0.0110,  33.2959, 02 Oct 2018 07:31:21
  8.7548,  3.53081,   24.977, 0.0096, 0.0114,  33.2960, 02 Oct 2018 07:31:23
  8.7547,  3.53083,   25.109, 0.0093, 0.0100,  33.2962, 02 Oct 2018 07:31:26
  8.7546,  3.53076,   25.261, 0.0098, 0.0104,  33.2955, 02 Oct 2018 07:31:28
  8.7545,  3.53076,   25.393, 0.0103, 0.0105,  33.2956, 02 Oct 2018 07:31:31
  8.7545,  3.53080,   25.297, 0.0101, 0.0113,  33.2960, 02 Oct 2018 07:31:33
  8.7548,  3.53079,   25.032, 0.0096, 0.0101,  33.2957, 02 Oct 2018 07:31:35
  8.7545,  3.53080,   24.939, 0.0098, 0.0106,  33.2962, 02 Oct 2018 07:31:38
  8.7547,  3.53080,   25.073, 0.0101, 0.0105,  33.2960, 02 Oct 2018 07:31:40
  8.7542,  3.53073,   25.243, 0.0097, 0.0112,  33.2956, 02 Oct 2018 07:31:42
  8.7540,  3.53064,   25.235, 0.0103, 0.0108,  33.2948, 02 Oct 2018 07:31:45
  8.7542,  3.53064,   25.154, 0.0100, 0.0098,  33.2947, 02 Oct 2018 07:31:47
  8.7544,  3.53062,   25.146, 0.0113, 0.0101,  33.2944, 02 Oct 2018 07:31:50
  8.7542,  3.53071,   25.194, 0.0097, 0.0107,  33.2953, 02 Oct 2018 07:31:52
  8.7540,  3.53069,   25.144, 0.0103, 0.0099,  33.2954, 02 Oct 2018 07:31:54
  8.7541,  3.53064,   25.080, 0.0098, 0.0109,  33.2948, 02 Oct 2018 07:31:57
  8.7542,  3.53067,   25.142, 0.0108, 0.0102,  33.2950, 02 Oct 2018 07:31:59
  8.7538,  3.53054,   25.139, 0.0101, 0.0099,  33.2940, 02 Oct 2018 07:32:02
  8.7538,  3.53049,   25.087, 0.0099, 0.0108,  33.2935, 02 Oct 2018 07:32:04
  8.7533,  3.53049,   25.169, 0.0103, 0.0101,  33.2939, 02 Oct 2018 07:32:06
  8.7534,  3.53051,   25.267, 0.0108, 0.0098,  33.2941, 02 Oct 2018 07:32:09
  8.7536,  3.53042,   25.203, 0.0103, 0.0097,  33.2929, 02 Oct 2018 07:32:11
  8.7533,  3.53042,   25.158, 0.0103, 0.0107,  33.2933, 02 Oct 2018 07:32:13
  8.7536,  3.53053,   25.149, 0.0101, 0.0101,  33.2941, 02 Oct 2018 07:32:16
  8.7533,  3.53045,   25.070, 0.0100, 0.0106,  33.2935, 02 Oct 2018 07:32:18
  8.7532,  3.53045,   25.024, 0.0095, 0.0109,  33.2936, 02 Oct 2018 07:32:20
  8.7526,  3.53038,   25.108, 0.0103, 0.0106,  33.2935, 02 Oct 2018 07:32:23
  8.7525,  3.53030,   25.307, 0.0101, 0.0101,  33.2926, 02 Oct 2018 07:32:25
  8.7527,  3.53045,   25.347, 0.0100, 0.0102,  33.2940, 02 Oct 2018 07:32:28
  8.7532,  3.53038,   25.151, 0.0117, 0.0105,  33.2929, 02 Oct 2018 07:32:30
  8.7528,  3.53036,   25.057, 0.0102, 0.0110,  33.2931, 02 Oct 2018 07:32:33
  8.7529,  3.53047,   25.085, 0.0102, 0.0103,  33.2942, 02 Oct 2018 07:32:35
  8.7521,  3.53034,   25.089, 0.0101, 0.0101,  33.2935, 02 Oct 2018 07:32:37
  8.7524,  3.53036,   25.126, 0.0103, 0.0104,  33.2935, 02 Oct 2018 07:32:40
  8.7524,  3.53040,   25.229, 0.0104, 0.0110,  33.2938, 02 Oct 2018 07:32:42
  8.7526,  3.53040,   25.272, 0.0096, 0.0104,  33.2936, 02 Oct 2018 07:32:44
  8.7523,  3.53035,   25.239, 0.0103, 0.0097,  33.2934, 02 Oct 2018 07:32:47
  8.7524,  3.53027,   25.139, 0.0102, 0.0100,  33.2925, 02 Oct 2018 07:32:49
  8.7526,  3.53028,   25.053, 0.0104, 0.0110,  33.2925, 02 Oct 2018 07:32:52
  8.7522,  3.53026,   25.087, 0.0096, 0.0096,  33.2925, 02 Oct 2018 07:32:54
  8.7513,  3.52985,   25.171, 0.0100, 0.0106,  33.2891, 02 Oct 2018 07:32:56
  8.7509,  3.52978,   25.189, 0.0096, 0.0104,  33.2887, 02 Oct 2018 07:32:59
  8.7508,  3.52971,   25.137, 0.0102, 0.0112,  33.2881, 02 Oct 2018 07:33:01
  8.7498,  3.52935,   25.214, 0.0100, 0.0098,  33.2853, 02 Oct 2018 07:33:04
  8.7497,  3.52923,   25.274, 0.0098, 0.0104,  33.2841, 02 Oct 2018 07:33:06
  8.7494,  3.52916,   25.235, 0.0100, 0.0104,  33.2837, 02 Oct 2018 07:33:08
  8.7496,  3.52920,   25.129, 0.0106, 0.0117,  33.2840, 02 Oct 2018 07:33:11
  8.7499,  3.52924,   24.993, 0.0114, 0.0104,  33.2842, 02 Oct 2018 07:33:13
  8.7505,  3.52937,   24.982, 0.0098, 0.0099,  33.2849, 02 Oct 2018 07:33:16
  8.7497,  3.52935,   25.194, 0.0096, 0.0101,  33.2854, 02 Oct 2018 07:33:18
  8.7488,  3.52894,   25.340, 0.0097, 0.0099,  33.2819, 02 Oct 2018 07:33:20
  8.7488,  3.52894,   25.356, 0.0102, 0.0110,  33.2819, 02 Oct 2018 07:33:23
  8.7485,  3.52896,   25.226, 0.0098, 0.0101,  33.2824, 02 Oct 2018 07:33:25
  8.7496,  3.52896,   24.967, 0.0105, 0.0099,  33.2815, 02 Oct 2018 07:33:27
  8.7491,  3.52893,   24.879, 0.0101, 0.0107,  33.2817, 02 Oct 2018 07:33:30
  8.7492,  3.52888,   25.050, 0.0095, 0.0112,  33.2809, 02 Oct 2018 07:33:32
  8.7482,  3.52878,   25.366, 0.0104, 0.0106,  33.2807, 02 Oct 2018 07:33:35
  8.7492,  3.52888,   25.387, 0.0104, 0.0104,  33.2808, 02 Oct 2018 07:33:37
  8.7500,  3.52883,   25.171, 0.0106, 0.0095,  33.2797, 02 Oct 2018 07:33:39
  8.7506,  3.52881,   25.019, 0.0102, 0.0112,  33.2789, 02 Oct 2018 07:33:42
  8.7500,  3.52885,   25.000, 0.0097, 0.0098,  33.2800, 02 Oct 2018 07:33:44
  8.7499,  3.52882,   25.133, 0.0103, 0.0105,  33.2797, 02 Oct 2018 07:33:46
  8.7496,  3.52873,   25.233, 0.0100, 0.0110,  33.2789, 02 Oct 2018 07:33:49
  8.7496,  3.52873,   25.252, 0.0097, 0.0114,  33.2789, 02 Oct 2018 07:33:51
  8.7514,  3.52870,   25.155, 0.0103, 0.0108,  33.2769, 02 Oct 2018 07:33:54
  8.7489,  3.52871,   25.138, 0.0101, 0.0100,  33.2794, 02 Oct 2018 07:33:56
  8.7516,  3.52866,   25.180, 0.0096, 0.0099,  33.2763, 02 Oct 2018 07:33:58
  8.7534,  3.52864,   25.182, 0.0101, 0.0108,  33.2745, 02 Oct 2018 07:34:01
  8.7556,  3.52860,   25.166, 0.0099, 0.0097,  33.2720, 02 Oct 2018 07:34:03
  8.7588,  3.52855,   25.103, 0.0116, 0.0105,  33.2685, 02 Oct 2018 07:34:06
  8.7597,  3.52852,   25.090, 0.0097, 0.0100,  33.2673, 02 Oct 2018 07:34:08
  8.7605,  3.52852,   25.214, 0.0099, 0.0107,  33.2665, 02 Oct 2018 07:34:10
  8.7627,  3.52855,   25.323, 0.0096, 0.0103,  33.2647, 02 Oct 2018 07:34:13
  8.7630,  3.52849,   25.196, 0.0097, 0.0101,  33.2639, 02 Oct 2018 07:34:15
  8.7629,  3.52849,   25.017, 0.0097, 0.0099,  33.2640, 02 Oct 2018 07:34:18
  8.7635,  3.52848,   25.021, 0.0098, 0.0112,  33.2634, 02 Oct 2018 07:34:20
  8.7675,  3.52822,   25.183, 0.0098, 0.0107,  33.2568, 02 Oct 2018 07:34:22
  8.7675,  3.52829,   25.263, 0.0097, 0.0099,  33.2575, 02 Oct 2018 07:34:25
  8.7691,  3.52822,   25.096, 0.0097, 0.0100,  33.2553, 02 Oct 2018 07:34:27
  8.7705,  3.52822,   25.063, 0.0098, 0.0106,  33.2541, 02 Oct 2018 07:34:29
  8.7711,  3.52821,   25.215, 0.0096, 0.0105,  33.2533, 02 Oct 2018 07:34:32
  8.7743,  3.52804,   25.315, 0.0099, 0.0109,  33.2485, 02 Oct 2018 07:34:34
  8.7741,  3.52800,   25.126, 0.0104, 0.0104,  33.2483, 02 Oct 2018 07:34:37
  8.7737,  3.52804,   24.901, 0.0098, 0.0108,  33.2492, 02 Oct 2018 07:34:39
  8.7745,  3.52807,   24.967, 0.0102, 0.0104,  33.2488, 02 Oct 2018 07:34:41
  8.7769,  3.52815,   25.277, 0.0101, 0.0096,  33.2472, 02 Oct 2018 07:34:44
  8.7767,  3.52807,   25.416, 0.0108, 0.0103,  33.2465, 02 Oct 2018 07:34:46
  8.7769,  3.52800,   25.143, 0.0099, 0.0104,  33.2457, 02 Oct 2018 07:34:49
  8.7767,  3.52789,   24.892, 0.0106, 0.0110,  33.2449, 02 Oct 2018 07:34:51
  8.7776,  3.52781,   25.025, 0.0106, 0.0104,  33.2431, 02 Oct 2018 07:34:53
  8.7777,  3.52796,   25.312, 0.0103, 0.0102,  33.2444, 02 Oct 2018 07:34:56
  8.7780,  3.52792,   25.373, 0.0097, 0.0103,  33.2437, 02 Oct 2018 07:34:58
  8.7775,  3.52786,   25.081, 0.0094, 0.0109,  33.2437, 02 Oct 2018 07:35:00
  8.7773,  3.52771,   24.872, 0.0108, 0.0107,  33.2425, 02 Oct 2018 07:35:03
  8.7768,  3.52766,   25.058, 0.0097, 0.0097,  33.2423, 02 Oct 2018 07:35:05
  8.7767,  3.52758,   25.414, 0.0101, 0.0100,  33.2413, 02 Oct 2018 07:35:08
  8.7781,  3.52780,   25.484, 0.0102, 0.0110,  33.2423, 02 Oct 2018 07:35:10
  8.7779,  3.52769,   25.051, 0.0100, 0.0101,  33.2416, 02 Oct 2018 07:35:12
  8.7772,  3.52752,   24.704, 0.0098, 0.0102,  33.2407, 02 Oct 2018 07:35:15
  8.7755,  3.52731,   24.931, 0.0103, 0.0102,  33.2398, 02 Oct 2018 07:35:17
  8.7755,  3.52731,   25.419, 0.0096, 0.0114,  33.2396, 02 Oct 2018 07:35:20
  8.7765,  3.52754,   25.554, 0.0103, 0.0102,  33.2411, 02 Oct 2018 07:35:22
  8.7761,  3.52737,   25.223, 0.0094, 0.0095,  33.2398, 02 Oct 2018 07:35:24
  8.7759,  3.52728,   24.777, 0.0096, 0.0105,  33.2392, 02 Oct 2018 07:35:27
  8.7755,  3.52725,   24.839, 0.0101, 0.0114,  33.2393, 02 Oct 2018 07:35:29
  8.7745,  3.52706,   25.317, 0.0114, 0.0105,  33.2380, 02 Oct 2018 07:35:31
  8.7752,  3.52721,   25.557, 0.0100, 0.0104,  33.2388, 02 Oct 2018 07:35:34
  8.7748,  3.52711,   25.227, 0.0104, 0.0105,  33.2384, 02 Oct 2018 07:35:36
  8.7741,  3.52690,   24.822, 0.0102, 0.0111,  33.2369, 02 Oct 2018 07:35:39
  8.7736,  3.52691,   24.935, 0.0096, 0.0104,  33.2375, 02 Oct 2018 07:35:41
  8.7721,  3.52662,   25.276, 0.0098, 0.0101,  33.2358, 02 Oct 2018 07:35:43
  8.7735,  3.52676,   25.423, 0.0104, 0.0107,  33.2358, 02 Oct 2018 07:35:46
  8.7731,  3.52673,   25.199, 0.0099, 0.0104,  33.2360, 02 Oct 2018 07:35:48
  8.7730,  3.52670,   24.945, 0.0098, 0.0107,  33.2359, 02 Oct 2018 07:35:51
  8.7726,  3.52666,   24.953, 0.0103, 0.0108,  33.2359, 02 Oct 2018 07:35:53
  8.7732,  3.52681,   25.215, 0.0097, 0.0101,  33.2367, 02 Oct 2018 07:35:55
  8.7734,  3.52680,   25.360, 0.0100, 0.0112,  33.2363, 02 Oct 2018 07:35:58
  8.7731,  3.52675,   25.232, 0.0101, 0.0100,  33.2361, 02 Oct 2018 07:36:00
  8.7730,  3.52666,   25.056, 0.0105, 0.0100,  33.2354, 02 Oct 2018 07:36:03
  8.7726,  3.52666,   25.054, 0.0100, 0.0101,  33.2358, 02 Oct 2018 07:36:05
  8.7724,  3.52657,   25.117, 0.0102, 0.0101,  33.2350, 02 Oct 2018 07:36:07
  8.7722,  3.52654,   25.177, 0.0102, 0.0110,  33.2348, 02 Oct 2018 07:36:10
  8.7716,  3.52644,   25.227, 0.0100, 0.0109,  33.2343, 02 Oct 2018 07:36:12
  8.7716,  3.52646,   25.191, 0.0097, 0.0108,  33.2345, 02 Oct 2018 07:36:15
  8.7714,  3.52646,   25.080, 0.0098, 0.0107,  33.2348, 02 Oct 2018 07:36:17
  8.7715,  3.52644,   25.101, 0.0118, 0.0114,  33.2345, 02 Oct 2018 07:36:19
  8.7711,  3.52638,   25.142, 0.0104, 0.0106,  33.2341, 02 Oct 2018 07:36:22
  8.7714,  3.52636,   25.099, 0.0102, 0.0107,  33.2337, 02 Oct 2018 07:36:24
  8.7715,  3.52640,   25.128, 0.0101, 0.0100,  33.2341, 02 Oct 2018 07:36:26
  8.7709,  3.52632,   25.256, 0.0100, 0.0107,  33.2337, 02 Oct 2018 07:36:29
  8.7720,  3.52654,   25.295, 0.0102, 0.0104,  33.2349, 02 Oct 2018 07:36:31
  8.7716,  3.52639,   25.075, 0.0096, 0.0101,  33.2339, 02 Oct 2018 07:36:34
  8.7720,  3.52639,   24.932, 0.0099, 0.0102,  33.2335, 02 Oct 2018 07:36:36
  8.7720,  3.52646,   25.181, 0.0100, 0.0110,  33.2341, 02 Oct 2018 07:36:39
  8.7732,  3.52679,   25.436, 0.0104, 0.0100,  33.2363, 02 Oct 2018 07:36:41
  8.7732,  3.52670,   25.334, 0.0103, 0.0106,  33.2356, 02 Oct 2018 07:36:43
  8.7728,  3.52657,   24.985, 0.0104, 0.0102,  33.2347, 02 Oct 2018 07:36:46
  8.7725,  3.52649,   24.879, 0.0095, 0.0112,  33.2341, 02 Oct 2018 07:36:48
  8.7731,  3.52678,   25.107, 0.0099, 0.0107,  33.2365, 02 Oct 2018 07:36:50
  8.7737,  3.52688,   25.417, 0.0099, 0.0101,  33.2368, 02 Oct 2018 07:36:53
  8.7738,  3.52695,   25.453, 0.0105, 0.0102,  33.2374, 02 Oct 2018 07:36:55
  8.7738,  3.52684,   25.119, 0.0099, 0.0108,  33.2365, 02 Oct 2018 07:36:58
  8.7738,  3.52675,   24.844, 0.0104, 0.0105,  33.2356, 02 Oct 2018 07:37:00
  8.7736,  3.52681,   24.955, 0.0098, 0.0107,  33.2365, 02 Oct 2018 07:37:02
  8.7741,  3.52700,   25.267, 0.0098, 0.0113,  33.2379, 02 Oct 2018 07:37:05
  8.7758,  3.52737,   25.373, 0.0114, 0.0110,  33.2400, 02 Oct 2018 07:37:07
  8.7750,  3.52713,   25.226, 0.0102, 0.0103,  33.2383, 02 Oct 2018 07:37:10
  8.7753,  3.52718,   25.078, 0.0105, 0.0111,  33.2387, 02 Oct 2018 07:37:12
  8.7759,  3.52739,   25.051, 0.0097, 0.0098,  33.2403, 02 Oct 2018 07:37:14
  8.7757,  3.52733,   25.121, 0.0099, 0.0106,  33.2399, 02 Oct 2018 07:37:17
  8.7757,  3.52741,   25.132, 0.0096, 0.0102,  33.2407, 02 Oct 2018 07:37:19
  8.7769,  3.52751,   25.099, 0.0097, 0.0098,  33.2405, 02 Oct 2018 07:37:22
  8.7787,  3.52779,   25.166, 0.0101, 0.0103,  33.2418, 02 Oct 2018 07:37:24
  8.7797,  3.52786,   25.203, 0.0098, 0.0110,  33.2417, 02 Oct 2018 07:37:26
  8.7798,  3.52785,   25.168, 0.0101, 0.0100,  33.2414, 02 Oct 2018 07:37:29
  8.7772,  3.52803,   25.184, 0.0102, 0.0101,  33.2457, 02 Oct 2018 07:37:31
  8.7737,  3.52823,   25.156, 0.0101, 0.0098,  33.2511, 02 Oct 2018 07:37:33
  8.7713,  3.52833,   25.100, 0.0098, 0.0103,  33.2544, 02 Oct 2018 07:37:36
  8.7715,  3.52829,   25.056, 0.0102, 0.0104,  33.2539, 02 Oct 2018 07:37:38
  8.7698,  3.52827,   25.083, 0.0100, 0.0100,  33.2553, 02 Oct 2018 07:37:41
  8.7649,  3.52862,   25.198, 0.0097, 0.0105,  33.2634, 02 Oct 2018 07:37:43
  8.7603,  3.52864,   25.268, 0.0102, 0.0103,  33.2680, 02 Oct 2018 07:37:45
  8.7579,  3.52856,   25.260, 0.0101, 0.0116,  33.2694, 02 Oct 2018 07:37:48
  8.7596,  3.52851,   25.085, 0.0114, 0.0101,  33.2673, 02 Oct 2018 07:37:50
  8.7590,  3.52842,   24.989, 0.0104, 0.0096,  33.2671, 02 Oct 2018 07:37:53
  8.7557,  3.52849,   25.074, 0.0100, 0.0099,  33.2708, 02 Oct 2018 07:37:55
  8.7548,  3.52841,   25.208, 0.0097, 0.0111,  33.2708, 02 Oct 2018 07:37:57
  8.7547,  3.52842,   25.267, 0.0098, 0.0102,  33.2710, 02 Oct 2018 07:38:00
  8.7552,  3.52841,   25.203, 0.0099, 0.0101,  33.2704, 02 Oct 2018 07:38:02
  8.7546,  3.52832,   25.096, 0.0107, 0.0098,  33.2700, 02 Oct 2018 07:38:04
  8.7539,  3.52833,   25.085, 0.0099, 0.0114,  33.2708, 02 Oct 2018 07:38:07
  8.7536,  3.52837,   25.174, 0.0093, 0.0107,  33.2714, 02 Oct 2018 07:38:09
  8.7498,  3.52864,   25.241, 0.0099, 0.0101,  33.2779, 02 Oct 2018 07:38:12
  8.7498,  3.52867,   25.165, 0.0098, 0.0108,  33.2782, 02 Oct 2018 07:38:14
  8.7491,  3.52881,   25.079, 0.0093, 0.0106,  33.2803, 02 Oct 2018 07:38:16
  8.7484,  3.52892,   25.115, 0.0101, 0.0100,  33.2821, 02 Oct 2018 07:38:19
  8.7480,  3.52873,   25.230, 0.0095, 0.0100,  33.2804, 02 Oct 2018 07:38:21
  8.7480,  3.52849,   25.304, 0.0107, 0.0106,  33.2780, 02 Oct 2018 07:38:23
  8.7487,  3.52847,   25.178, 0.0098, 0.0103,  33.2770, 02 Oct 2018 07:38:26
  8.7492,  3.52853,   25.002, 0.0117, 0.0100,  33.2774, 02 Oct 2018 07:38:28
  8.7489,  3.52883,   25.025, 0.0105, 0.0104,  33.2808, 02 Oct 2018 07:38:31
  8.7495,  3.52922,   25.232, 0.0100, 0.0101,  33.2842, 02 Oct 2018 07:38:33
  8.7496,  3.52935,   25.294, 0.0096, 0.0114,  33.2855, 02 Oct 2018 07:38:35
  8.7501,  3.52933,   25.188, 0.0101, 0.0106,  33.2848, 02 Oct 2018 07:38:38
  8.7495,  3.52945,   25.068, 0.0096, 0.0102,  33.2866, 02 Oct 2018 07:38:40
  8.7500,  3.52960,   25.055, 0.0103, 0.0104,  33.2878, 02 Oct 2018 07:38:43
  8.7499,  3.52960,   25.160, 0.0103, 0.0105,  33.2878, 02 Oct 2018 07:38:45
  8.7499,  3.52965,   25.263, 0.0102, 0.0101,  33.2883, 02 Oct 2018 07:38:47
  8.7498,  3.52959,   25.194, 0.0095, 0.0097,  33.2877, 02 Oct 2018 07:38:50
  8.7501,  3.52955,   25.055, 0.0100, 0.0106,  33.2871, 02 Oct 2018 07:38:52
  8.7498,  3.52952,   25.040, 0.0105, 0.0097,  33.2871, 02 Oct 2018 07:38:54
  8.7502,  3.52980,   25.150, 0.0101, 0.0111,  33.2897, 02 Oct 2018 07:38:57
  8.7510,  3.53004,   25.310, 0.0099, 0.0107,  33.2913, 02 Oct 2018 07:38:59
  8.7506,  3.52993,   25.319, 0.0097, 0.0102,  33.2905, 02 Oct 2018 07:39:01
  8.7509,  3.52987,   25.048, 0.0107, 0.0102,  33.2898, 02 Oct 2018 07:39:04
  8.7508,  3.52990,   24.928, 0.0103, 0.0112,  33.2902, 02 Oct 2018 07:39:06
  8.7502,  3.52976,   25.100, 0.0100, 0.0105,  33.2892, 02 Oct 2018 07:39:09
  8.7501,  3.52971,   25.285, 0.0101, 0.0100,  33.2887, 02 Oct 2018 07:39:11
  8.7504,  3.52985,   25.288, 0.0102, 0.0100,  33.2898, 02 Oct 2018 07:39:13
  8.7502,  3.52987,   25.183, 0.0094, 0.0116,  33.2904, 02 Oct 2018 07:39:16
  8.7503,  3.52991,   25.065, 0.0101, 0.0098,  33.2908, 02 Oct 2018 07:39:18
  8.7506,  3.52998,   25.016, 0.0116, 0.0107,  33.2912, 02 Oct 2018 07:39:21
  8.7511,  3.52998,   25.087, 0.0106, 0.0098,  33.2908, 02 Oct 2018 07:39:23
  8.7509,  3.52995,   25.212, 0.0101, 0.0114,  33.2905, 02 Oct 2018 07:39:25
  8.7510,  3.53005,   25.236, 0.0100, 0.0102,  33.2915, 02 Oct 2018 07:39:28
  8.7512,  3.53009,   25.151, 0.0099, 0.0104,  33.2917, 02 Oct 2018 07:39:30
  8.7511,  3.53005,   25.066, 0.0105, 0.0107,  33.2915, 02 Oct 2018 07:39:32
  8.7512,  3.53006,   25.054, 0.0101, 0.0108,  33.2915, 02 Oct 2018 07:39:35
  8.7511,  3.52998,   25.262, 0.0095, 0.0100,  33.2907, 02 Oct 2018 07:39:37
  8.7508,  3.52997,   25.333, 0.0095, 0.0106,  33.2908, 02 Oct 2018 07:39:40
  8.7509,  3.52994,   25.161, 0.0099, 0.0104,  33.2905, 02 Oct 2018 07:39:42
  8.7511,  3.52994,   24.941, 0.0098, 0.0107,  33.2903, 02 Oct 2018 07:39:44
  8.7505,  3.52987,   25.008, 0.0101, 0.0098,  33.2902, 02 Oct 2018 07:39:47
  8.7504,  3.52983,   25.308, 0.0098, 0.0101,  33.2897, 02 Oct 2018 07:39:49
  8.7512,  3.53017,   25.414, 0.0094, 0.0093,  33.2925, 02 Oct 2018 07:39:51
  8.7513,  3.53005,   25.246, 0.0101, 0.0109,  33.2912, 02 Oct 2018 07:39:54
  8.7513,  3.53001,   25.036, 0.0098, 0.0104,  33.2908, 02 Oct 2018 07:39:56
  8.7511,  3.53012,   24.956, 0.0097, 0.0101,  33.2923, 02 Oct 2018 07:39:59
  8.7513,  3.53021,   25.061, 0.0099, 0.0096,  33.2930, 02 Oct 2018 07:40:01
  8.7516,  3.53027,   25.275, 0.0101, 0.0110,  33.2932, 02 Oct 2018 07:40:03
  8.7516,  3.53035,   25.383, 0.0105, 0.0102,  33.2940, 02 Oct 2018 07:40:06
  8.7520,  3.53028,   25.219, 0.0096, 0.0095,  33.2930, 02 Oct 2018 07:40:08
  8.7516,  3.53026,   25.003, 0.0097, 0.0102,  33.2931, 02 Oct 2018 07:40:11
  8.7518,  3.53027,   24.985, 0.0112, 0.0111,  33.2932, 02 Oct 2018 07:40:13
  8.7512,  3.53024,   25.209, 0.0097, 0.0106,  33.2933, 02 Oct 2018 07:40:15
  8.7515,  3.53032,   25.368, 0.0106, 0.0102,  33.2938, 02 Oct 2018 07:40:18
  8.7519,  3.53024,   25.209, 0.0097, 0.0100,  33.2926, 02 Oct 2018 07:40:20
  8.7519,  3.53026,   25.006, 0.0094, 0.0106,  33.2929, 02 Oct 2018 07:40:23
  8.7515,  3.53026,   25.004, 0.0104, 0.0109,  33.2933, 02 Oct 2018 07:40:25
  8.7512,  3.53027,   25.191, 0.0106, 0.0100,  33.2936, 02 Oct 2018 07:40:27
  8.7511,  3.53023,   25.369, 0.0107, 0.0094,  33.2932, 02 Oct 2018 07:40:30
  8.7515,  3.53024,   25.305, 0.0105, 0.0109,  33.2930, 02 Oct 2018 07:40:32
  8.7516,  3.53024,   25.080, 0.0104, 0.0110,  33.2930, 02 Oct 2018 07:40:35
  8.7515,  3.53026,   24.926, 0.0096, 0.0100,  33.2933, 02 Oct 2018 07:40:37
  8.7511,  3.53019,   25.066, 0.0103, 0.0107,  33.2929, 02 Oct 2018 07:40:39
  8.7511,  3.53019,   25.297, 0.0101, 0.0102,  33.2928, 02 Oct 2018 07:40:42
  8.7510,  3.53017,   25.332, 0.0094, 0.0107,  33.2927, 02 Oct 2018 07:40:44
  8.7515,  3.53019,   25.146, 0.0100, 0.0099,  33.2925, 02 Oct 2018 07:40:46
  8.7516,  3.53020,   25.076, 0.0096, 0.0103,  33.2926, 02 Oct 2018 07:40:49
  8.7513,  3.53013,   25.167, 0.0111, 0.0106,  33.2921, 02 Oct 2018 07:40:51
  8.7510,  3.53013,   25.175, 0.0108, 0.0113,  33.2923, 02 Oct 2018 07:40:54
  8.7511,  3.53016,   25.139, 0.0100, 0.0097,  33.2926, 02 Oct 2018 07:40:56
  8.7510,  3.53013,   25.181, 0.0099, 0.0099,  33.2924, 02 Oct 2018 07:40:58
  8.7512,  3.53012,   25.202, 0.0103, 0.0111,  33.2920, 02 Oct 2018 07:41:01
  8.7512,  3.53013,   25.144, 0.0098, 0.0113,  33.2922, 02 Oct 2018 07:41:03
  8.7513,  3.53015,   25.145, 0.0105, 0.0101,  33.2922, 02 Oct 2018 07:41:05
  8.7511,  3.53013,   25.240, 0.0097, 0.0111,  33.2922, 02 Oct 2018 07:41:08
  8.7514,  3.53013,   25.183, 0.0098, 0.0099,  33.2920, 02 Oct 2018 07:41:10
  8.7513,  3.53013,   25.080, 0.0109, 0.0105,  33.2921, 02 Oct 2018 07:41:13
  8.7511,  3.53013,   25.145, 0.0101, 0.0097,  33.2923, 02 Oct 2018 07:41:15
  8.7509,  3.53010,   25.207, 0.0102, 0.0103,  33.2921, 02 Oct 2018 07:41:17
  8.7511,  3.53012,   25.108, 0.0099, 0.0097,  33.2921, 02 Oct 2018 07:41:20
  8.7512,  3.53015,   25.122, 0.0098, 0.0108,  33.2923, 02 Oct 2018 07:41:22
  8.7509,  3.53013,   25.266, 0.0097, 0.0105,  33.2925, 02 Oct 2018 07:41:24
  8.7514,  3.53017,   25.240, 0.0099, 0.0102,  33.2924, 02 Oct 2018 07:41:27
  8.7513,  3.53017,   25.119, 0.0104, 0.0099,  33.2926, 02 Oct 2018 07:41:29
  8.7513,  3.53015,   25.065, 0.0098, 0.0111,  33.2922, 02 Oct 2018 07:41:32
  8.7512,  3.53013,   25.113, 0.0112, 0.0099,  33.2922, 02 Oct 2018 07:41:34
  8.7508,  3.53002,   25.228, 0.0102, 0.0103,  33.2914, 02 Oct 2018 07:41:36
  8.7511,  3.53001,   25.289, 0.0094, 0.0099,  33.2909, 02 Oct 2018 07:41:39
  8.7513,  3.53009,   25.228, 0.0103, 0.0108,  33.2916, 02 Oct 2018 07:41:41
  8.7514,  3.53005,   25.031, 0.0095, 0.0104,  33.2912, 02 Oct 2018 07:41:43
  8.7512,  3.53009,   25.024, 0.0101, 0.0099,  33.2918, 02 Oct 2018 07:41:46
  8.7509,  3.53002,   25.226, 0.0092, 0.0100,  33.2913, 02 Oct 2018 07:41:48
  8.7509,  3.53006,   25.342, 0.0103, 0.0105,  33.2917, 02 Oct 2018 07:41:51
  8.7507,  3.53005,   25.245, 0.0099, 0.0105,  33.2917, 02 Oct 2018 07:41:53
  8.7509,  3.53004,   25.050, 0.0102, 0.0101,  33.2915, 02 Oct 2018 07:41:55
  8.7511,  3.53001,   24.989, 0.0101, 0.0098,  33.2910, 02 Oct 2018 07:41:58
  8.7509,  3.53000,   25.132, 0.0102, 0.0106,  33.2910, 02 Oct 2018 07:42:00
  8.7506,  3.53000,   25.310, 0.0098, 0.0096,  33.2912, 02 Oct 2018 07:42:03
  8.7506,  3.53004,   25.299, 0.0102, 0.0105,  33.2917, 02 Oct 2018 07:42:05
  8.7509,  3.53004,   25.116, 0.0095, 0.0099,  33.2915, 02 Oct 2018 07:42:07
  8.7510,  3.53000,   25.020, 0.0109, 0.0110,  33.2910, 02 Oct 2018 07:42:10
  8.7507,  3.52995,   25.090, 0.0098, 0.0100,  33.2908, 02 Oct 2018 07:42:12
  8.7502,  3.52994,   25.214, 0.0098, 0.0103,  33.2911, 02 Oct 2018 07:42:14
  8.7503,  3.52994,   25.245, 0.0115, 0.0102,  33.2910, 02 Oct 2018 07:42:17
  8.7505,  3.52995,   25.191, 0.0102, 0.0107,  33.2910, 02 Oct 2018 07:42:19
  8.7506,  3.52993,   25.163, 0.0091, 0.0095,  33.2906, 02 Oct 2018 07:42:22
  8.7504,  3.52995,   25.138, 0.0105, 0.0097,  33.2911, 02 Oct 2018 07:42:24
  8.7506,  3.52994,   25.143, 0.0104, 0.0102,  33.2908, 02 Oct 2018 07:42:26
  8.7505,  3.52993,   25.151, 0.0099, 0.0115,  33.2907, 02 Oct 2018 07:42:29
  8.7504,  3.52990,   25.156, 0.0098, 0.0104,  33.2905, 02 Oct 2018 07:42:31
  8.7504,  3.52991,   25.175, 0.0098, 0.0107,  33.2907, 02 Oct 2018 07:42:34
  8.7508,  3.52991,   25.197, 0.0102, 0.0110,  33.2903, 02 Oct 2018 07:42:36
  8.7508,  3.52994,   25.137, 0.0104, 0.0107,  33.2906, 02 Oct 2018 07:42:38
  8.7507,  3.52993,   25.087, 0.0105, 0.0096,  33.2906, 02 Oct 2018 07:42:41
  8.7505,  3.52986,   25.168, 0.0097, 0.0100,  33.2900, 02 Oct 2018 07:42:43
  8.7504,  3.52991,   25.306, 0.0099, 0.0097,  33.2906, 02 Oct 2018 07:42:45
  8.7504,  3.52991,   25.254, 0.0107, 0.0109,  33.2906, 02 Oct 2018 07:42:48
  8.7506,  3.52989,   24.939, 0.0106, 0.0102,  33.2902, 02 Oct 2018 07:42:50
  8.7509,  3.52991,   24.834, 0.0103, 0.0110,  33.2903, 02 Oct 2018 07:42:53
  8.7504,  3.52983,   25.175, 0.0095, 0.0097,  33.2897, 02 Oct 2018 07:42:55
  8.7503,  3.52994,   25.546, 0.0103, 0.0115,  33.2908, 02 Oct 2018 07:42:57
  8.7506,  3.52995,   25.460, 0.0101, 0.0102,  33.2907, 02 Oct 2018 07:43:00
  8.7508,  3.52991,   25.016, 0.0116, 0.0104,  33.2903, 02 Oct 2018 07:43:02
  8.7509,  3.52986,   24.767, 0.0108, 0.0106,  33.2898, 02 Oct 2018 07:43:05
  8.7505,  3.52982,   24.924, 0.0103, 0.0100,  33.2896, 02 Oct 2018 07:43:07
  8.7503,  3.52987,   25.294, 0.0101, 0.0112,  33.2902, 02 Oct 2018 07:43:09
  8.7503,  3.52993,   25.558, 0.0102, 0.0104,  33.2907, 02 Oct 2018 07:43:12
  8.7505,  3.52991,   25.419, 0.0105, 0.0100,  33.2904, 02 Oct 2018 07:43:14
  8.7508,  3.52991,   25.021, 0.0101, 0.0098,  33.2903, 02 Oct 2018 07:43:16
  8.7508,  3.52989,   24.857, 0.0099, 0.0105,  33.2901, 02 Oct 2018 07:43:19
  8.7505,  3.52980,   25.094, 0.0104, 0.0104,  33.2894, 02 Oct 2018 07:43:21
  8.7503,  3.52982,   25.339, 0.0101, 0.0105,  33.2897, 02 Oct 2018 07:43:24
  8.7506,  3.52982,   25.327, 0.0106, 0.0099,  33.2894, 02 Oct 2018 07:43:26
  8.7507,  3.52983,   25.217, 0.0095, 0.0113,  33.2895, 02 Oct 2018 07:43:28
  8.7510,  3.52983,   25.040, 0.0101, 0.0098,  33.2893, 02 Oct 2018 07:43:31
  8.7507,  3.52982,   25.029, 0.0105, 0.0106,  33.2895, 02 Oct 2018 07:43:33
  8.7504,  3.52979,   25.236, 0.0099, 0.0101,  33.2894, 02 Oct 2018 07:43:36
  8.7502,  3.52982,   25.434, 0.0098, 0.0103,  33.2898, 02 Oct 2018 07:43:38
  8.7504,  3.52983,   25.330, 0.0099, 0.0101,  33.2897, 02 Oct 2018 07:43:40
  8.7508,  3.52983,   25.035, 0.0117, 0.0104,  33.2895, 02 Oct 2018 07:43:43
  8.7505,  3.52980,   24.879, 0.0105, 0.0107,  33.2895, 02 Oct 2018 07:43:45
  8.7500,  3.52975,   25.051, 0.0105, 0.0113,  33.2893, 02 Oct 2018 07:43:47
  8.7499,  3.52971,   25.397, 0.0096, 0.0108,  33.2888, 02 Oct 2018 07:43:50
  8.7500,  3.52979,   25.510, 0.0104, 0.0103,  33.2896, 02 Oct 2018 07:43:52
  8.7503,  3.52976,   25.221, 0.0103, 0.0102,  33.2892, 02 Oct 2018 07:43:55
  8.7504,  3.52972,   24.970, 0.0096, 0.0112,  33.2887, 02 Oct 2018 07:43:57
  8.7500,  3.52968,   25.019, 0.0101, 0.0104,  33.2887, 02 Oct 2018 07:43:59
  8.7498,  3.52967,   25.158, 0.0099, 0.0101,  33.2886, 02 Oct 2018 07:44:02
  8.7500,  3.52968,   25.261, 0.0100, 0.0095,  33.2885, 02 Oct 2018 07:44:04
  8.7501,  3.52974,   25.258, 0.0097, 0.0102,  33.2891, 02 Oct 2018 07:44:06
  8.7505,  3.52971,   25.180, 0.0099, 0.0101,  33.2884, 02 Oct 2018 07:44:09
  8.7502,  3.52970,   25.105, 0.0097, 0.0097,  33.2885, 02 Oct 2018 07:44:11
  8.7501,  3.52972,   25.122, 0.0094, 0.0106,  33.2890, 02 Oct 2018 07:44:14
  8.7497,  3.52963,   25.223, 0.0100, 0.0107,  33.2882, 02 Oct 2018 07:44:16
  8.7501,  3.52971,   25.278, 0.0103, 0.0102,  33.2887, 02 Oct 2018 07:44:18
  8.7500,  3.52970,   25.166, 0.0107, 0.0101,  33.2887, 02 Oct 2018 07:44:21
  8.7502,  3.52965,   25.032, 0.0095, 0.0107,  33.2882, 02 Oct 2018 07:44:23

EraseBlock 11
  8.7502,  3.52968,   24.966, 0.0104, 0.0104,  33.2884, 02 Oct 2018 07:44:25
  8.7490,  3.52946,   25.230, 0.0098, 0.0112,  33.2872, 02 Oct 2018 07:44:29
  8.7497,  3.52968,   25.468, 0.0109, 0.0105,  33.2888, 02 Oct 2018 07:44:31
  8.7501,  3.52971,   25.436, 0.0099, 0.0099,  33.2887, 02 Oct 2018 07:44:34
  8.7501,  3.52963,   25.119, 0.0098, 0.0110,  33.2879, 02 Oct 2018 07:44:36
  8.7501,  3.52961,   24.858, 0.0103, 0.0111,  33.2880, 02 Oct 2018 07:44:38
  8.7496,  3.52961,   24.958, 0.0102, 0.0105,  33.2883, 02 Oct 2018 07:44:41
  8.7489,  3.52949,   25.299, 0.0102, 0.0098,  33.2875, 02 Oct 2018 07:44:43
  8.7489,  3.52950,   25.484, 0.0095, 0.0097,  33.2876, 02 Oct 2018 07:44:45
  8.7494,  3.52955,   25.365, 0.0102, 0.0109,  33.2876, 02 Oct 2018 07:44:48
  8.7496,  3.52956,   25.108, 0.0096, 0.0098,  33.2877, 02 Oct 2018 07:44:50
  8.7494,  3.52956,   24.966, 0.0103, 0.0099,  33.2880, 02 Oct 2018 07:44:53
  8.7491,  3.52950,   25.073, 0.0099, 0.0098,  33.2877, 02 Oct 2018 07:44:55
  8.7490,  3.52955,   25.322, 0.0106, 0.0110,  33.2880, 02 Oct 2018 07:44:57
  8.7490,  3.52953,   25.364, 0.0091, 0.0097,  33.2878, 02 Oct 2018 07:45:00
  8.7492,  3.52956,   25.096, 0.0096, 0.0099,  33.2881, 02 Oct 2018 07:45:02
  8.7495,  3.52955,   24.887, 0.0094, 0.0104,  33.2878, 02 Oct 2018 07:45:04
  8.7485,  3.52938,   25.108, 0.0099, 0.0105,  33.2868, 02 Oct 2018 07:45:07
  8.7487,  3.52950,   25.428, 0.0098, 0.0100,  33.2878, 02 Oct 2018 07:45:09
  8.7492,  3.52952,   25.366, 0.0095, 0.0104,  33.2875, 02 Oct 2018 07:45:12
  8.7491,  3.52941,   25.099, 0.0095, 0.0101,  33.2866, 02 Oct 2018 07:45:14
  8.7490,  3.52935,   24.916, 0.0103, 0.0120,  33.2862, 02 Oct 2018 07:45:17
  8.7484,  3.52924,   25.039, 0.0108, 0.0105,  33.2856, 02 Oct 2018 07:45:19
  8.7483,  3.52919,   25.309, 0.0117, 0.0106,  33.2850, 02 Oct 2018 07:45:21
  8.7486,  3.52938,   25.424, 0.0098, 0.0105,  33.2867, 02 Oct 2018 07:45:24
  8.7484,  3.52924,   25.272, 0.0097, 0.0113,  33.2855, 02 Oct 2018 07:45:26
  8.7484,  3.52926,   25.000, 0.0104, 0.0099,  33.2857, 02 Oct 2018 07:45:28
  8.7485,  3.52923,   24.930, 0.0098, 0.0102,  33.2854, 02 Oct 2018 07:45:31
  8.7478,  3.52908,   25.180, 0.0096, 0.0100,  33.2843, 02 Oct 2018 07:45:33
  8.7472,  3.52896,   25.432, 0.0104, 0.0102,  33.2835, 02 Oct 2018 07:45:35
  8.7477,  3.52896,   25.419, 0.0102, 0.0104,  33.2830, 02 Oct 2018 07:45:38
  8.7474,  3.52888,   25.085, 0.0101, 0.0103,  33.2826, 02 Oct 2018 07:45:40
  8.7473,  3.52878,   24.847, 0.0103, 0.0100,  33.2818, 02 Oct 2018 07:45:43
  8.7469,  3.52886,   24.960, 0.0101, 0.0116,  33.2830, 02 Oct 2018 07:45:45
  8.7462,  3.52867,   25.351, 0.0101, 0.0104,  33.2814, 02 Oct 2018 07:45:47
  8.7465,  3.52874,   25.599, 0.0104, 0.0100,  33.2818, 02 Oct 2018 07:45:50
  8.7466,  3.52874,   25.381, 0.0102, 0.0101,  33.2818, 02 Oct 2018 07:45:52
  8.7463,  3.52866,   24.876, 0.0100, 0.0095,  33.2815, 02 Oct 2018 07:45:55
  8.7464,  3.52871,   24.758, 0.0102, 0.0116,  33.2820, 02 Oct 2018 07:45:57
  8.7459,  3.52858,   25.142, 0.0100, 0.0111,  33.2808, 02 Oct 2018 07:45:59
  8.7458,  3.52866,   25.453, 0.0097, 0.0106,  33.2817, 02 Oct 2018 07:46:02
  8.7465,  3.52870,   25.415, 0.0097, 0.0105,  33.2815, 02 Oct 2018 07:46:04
  8.7461,  3.52860,   25.187, 0.0113, 0.0101,  33.2810, 02 Oct 2018 07:46:07
  8.7463,  3.52864,   25.057, 0.0097, 0.0101,  33.2812, 02 Oct 2018 07:46:09
  8.7459,  3.52864,   25.089, 0.0101, 0.0101,  33.2816, 02 Oct 2018 07:46:11
  8.7449,  3.52834,   25.250, 0.0099, 0.0104,  33.2793, 02 Oct 2018 07:46:14
  8.7454,  3.52851,   25.347, 0.0106, 0.0104,  33.2805, 02 Oct 2018 07:46:16
  8.7452,  3.52844,   25.183, 0.0114, 0.0100,  33.2800, 02 Oct 2018 07:46:19
  8.7455,  3.52844,   25.010, 0.0107, 0.0107,  33.2799, 02 Oct 2018 07:46:21
  8.7456,  3.52859,   25.112, 0.0101, 0.0106,  33.2813, 02 Oct 2018 07:46:23
  8.7451,  3.52845,   25.354, 0.0105, 0.0114,  33.2803, 02 Oct 2018 07:46:26
  8.7460,  3.52871,   25.457, 0.0100, 0.0106,  33.2820, 02 Oct 2018 07:46:28
  8.7456,  3.52847,   25.293, 0.0096, 0.0101,  33.2799, 02 Oct 2018 07:46:30
  8.7457,  3.52851,   25.013, 0.0103, 0.0106,  33.2804, 02 Oct 2018 07:46:33
  8.7461,  3.52853,   24.833, 0.0099, 0.0107,  33.2804, 02 Oct 2018 07:46:35
  8.7468,  3.52886,   25.022, 0.0101, 0.0100,  33.2831, 02 Oct 2018 07:46:38
  8.7451,  3.52836,   25.472, 0.0098, 0.0100,  33.2792, 02 Oct 2018 07:46:40
  8.7458,  3.52862,   25.552, 0.0108, 0.0107,  33.2812, 02 Oct 2018 07:46:42
  8.7458,  3.52853,   25.181, 0.0116, 0.0107,  33.2805, 02 Oct 2018 07:46:45
  8.7460,  3.52849,   24.878, 0.0106, 0.0104,  33.2801, 02 Oct 2018 07:46:47
  8.7459,  3.52849,   25.033, 0.0101, 0.0102,  33.2801, 02 Oct 2018 07:46:50
  8.7452,  3.52845,   25.358, 0.0102, 0.0101,  33.2801, 02 Oct 2018 07:46:52
  8.7454,  3.52845,   25.368, 0.0099, 0.0114,  33.2799, 02 Oct 2018 07:46:54
  8.7451,  3.52836,   25.114, 0.0101, 0.0100,  33.2793, 02 Oct 2018 07:46:57
  8.7456,  3.52841,   24.969, 0.0098, 0.0106,  33.2795, 02 Oct 2018 07:46:59
  8.7449,  3.52830,   25.169, 0.0103, 0.0102,  33.2789, 02 Oct 2018 07:47:01
  8.7461,  3.52864,   25.449, 0.0096, 0.0108,  33.2812, 02 Oct 2018 07:47:04
  8.7468,  3.52882,   25.484, 0.0098, 0.0102,  33.2824, 02 Oct 2018 07:47:06
  8.7463,  3.52867,   25.156, 0.0103, 0.0106,  33.2814, 02 Oct 2018 07:47:09
  8.7464,  3.52855,   24.777, 0.0099, 0.0102,  33.2802, 02 Oct 2018 07:47:11
  8.7455,  3.52834,   24.914, 0.0097, 0.0102,  33.2789, 02 Oct 2018 07:47:13
  8.7461,  3.52868,   25.352, 0.0099, 0.0117,  33.2817, 02 Oct 2018 07:47:16
  8.7462,  3.52874,   25.556, 0.0104, 0.0100,  33.2821, 02 Oct 2018 07:47:18
  8.7467,  3.52879,   25.408, 0.0096, 0.0101,  33.2823, 02 Oct 2018 07:47:20
  8.7472,  3.52889,   25.079, 0.0102, 0.0100,  33.2830, 02 Oct 2018 07:47:23
  8.7477,  3.52893,   24.970, 0.0098, 0.0102,  33.2829, 02 Oct 2018 07:47:25
  8.7481,  3.52930,   25.070, 0.0103, 0.0100,  33.2864, 02 Oct 2018 07:47:28
  8.7480,  3.52919,   25.199, 0.0101, 0.0104,  33.2853, 02 Oct 2018 07:47:30
  8.7476,  3.52919,   25.289, 0.0095, 0.0095,  33.2857, 02 Oct 2018 07:47:33
  8.7475,  3.52924,   25.291, 0.0097, 0.0108,  33.2863, 02 Oct 2018 07:47:35
  8.7476,  3.52924,   25.214, 0.0103, 0.0109,  33.2863, 02 Oct 2018 07:47:37
  8.7476,  3.52927,   25.153, 0.0118, 0.0102,  33.2866, 02 Oct 2018 07:47:40
  8.7473,  3.52931,   25.177, 0.0105, 0.0098,  33.2872, 02 Oct 2018 07:47:42
  8.7473,  3.52933,   25.167, 0.0096, 0.0111,  33.2874, 02 Oct 2018 07:47:44
  8.7474,  3.52934,   25.109, 0.0096, 0.0104,  33.2875, 02 Oct 2018 07:47:47
  8.7474,  3.52930,   25.078, 0.0097, 0.0101,  33.2870, 02 Oct 2018 07:47:49
  8.7473,  3.52931,   25.169, 0.0102, 0.0104,  33.2873, 02 Oct 2018 07:47:52
  8.7476,  3.52933,   25.293, 0.0106, 0.0103,  33.2871, 02 Oct 2018 07:47:54
  8.7474,  3.52931,   25.334, 0.0098, 0.0102,  33.2871, 02 Oct 2018 07:47:56
  8.7477,  3.52930,   25.184, 0.0100, 0.0108,  33.2867, 02 Oct 2018 07:47:59
  8.7477,  3.52930,   25.124, 0.0102, 0.0099,  33.2868, 02 Oct 2018 07:48:01
  8.7477,  3.52933,   25.146, 0.0099, 0.0112,  33.2870, 02 Oct 2018 07:48:03
  8.7477,  3.52933,   25.117, 0.0099, 0.0097,  33.2870, 02 Oct 2018 07:48:06
  8.7475,  3.52929,   25.132, 0.0097, 0.0097,  33.2868, 02 Oct 2018 07:48:08
  8.7478,  3.52931,   25.197, 0.0101, 0.0102,  33.2868, 02 Oct 2018 07:48:11
  8.7476,  3.52934,   25.304, 0.0099, 0.0106,  33.2872, 02 Oct 2018 07:48:13
  8.7476,  3.52934,   25.367, 0.0102, 0.0107,  33.2871, 02 Oct 2018 07:48:15
  8.7477,  3.52934,   25.223, 0.0103, 0.0106,  33.2871, 02 Oct 2018 07:48:18
  8.7478,  3.52935,   25.051, 0.0098, 0.0106,  33.2873, 02 Oct 2018 07:48:20
  8.7478,  3.52933,   25.064, 0.0096, 0.0111,  33.2870, 02 Oct 2018 07:48:22
  8.7477,  3.52934,   25.203, 0.0094, 0.0099,  33.2872, 02 Oct 2018 07:48:25
  8.7480,  3.52934,   25.246, 0.0097, 0.0105,  33.2869, 02 Oct 2018 07:48:27
  8.7481,  3.52933,   25.189, 0.0117, 0.0100,  33.2866, 02 Oct 2018 07:48:30
  8.7480,  3.52933,   25.260, 0.0102, 0.0105,  33.2867, 02 Oct 2018 07:48:32
  8.7480,  3.52937,   25.323, 0.0102, 0.0100,  33.2871, 02 Oct 2018 07:48:34
  8.7482,  3.52930,   25.219, 0.0099, 0.0105,  33.2862, 02 Oct 2018 07:48:37
  8.7482,  3.52934,   25.077, 0.0099, 0.0099,  33.2867, 02 Oct 2018 07:48:39
  8.7482,  3.52933,   25.073, 0.0099, 0.0100,  33.2866, 02 Oct 2018 07:48:42
  8.7481,  3.52935,   25.134, 0.0103, 0.0110,  33.2869, 02 Oct 2018 07:48:44
  8.7481,  3.52933,   25.225, 0.0103, 0.0102,  33.2866, 02 Oct 2018 07:48:46
  8.7476,  3.52930,   25.367, 0.0095, 0.0100,  33.2867, 02 Oct 2018 07:48:49
  8.7478,  3.52934,   25.296, 0.0101, 0.0101,  33.2870, 02 Oct 2018 07:48:51
  8.7482,  3.52937,   25.184, 0.0097, 0.0106,  33.2870, 02 Oct 2018 07:48:53
  8.7481,  3.52939,   25.146, 0.0092, 0.0102,  33.2874, 02 Oct 2018 07:48:56
  8.7476,  3.52942,   25.143, 0.0103, 0.0099,  33.2881, 02 Oct 2018 07:48:58
  8.7480,  3.52938,   25.146, 0.0102, 0.0099,  33.2873, 02 Oct 2018 07:49:01
  8.7476,  3.52937,   25.185, 0.0106, 0.0108,  33.2876, 02 Oct 2018 07:49:03
  8.7477,  3.52941,   25.245, 0.0100, 0.0104,  33.2878, 02 Oct 2018 07:49:05
  8.7477,  3.52935,   25.321, 0.0098, 0.0093,  33.2872, 02 Oct 2018 07:49:08
  8.7478,  3.52938,   25.276, 0.0100, 0.0106,  33.2874, 02 Oct 2018 07:49:10
  8.7480,  3.52939,   25.154, 0.0111, 0.0106,  33.2875, 02 Oct 2018 07:49:12
  8.7480,  3.52934,   25.164, 0.0103, 0.0101,  33.2869, 02 Oct 2018 07:49:15
  8.7475,  3.52930,   25.233, 0.0095, 0.0108,  33.2869, 02 Oct 2018 07:49:51
  8.7476,  3.52929,   25.506, 0.0101, 0.0107,  33.2866, 02 Oct 2018 07:49:53
  8.7477,  3.52930,   25.598, 0.0097, 0.0101,  33.2865, 02 Oct 2018 07:49:56
  8.7476,  3.52929,   25.719, 0.0100, 0.0103,  33.2864, 02 Oct 2018 07:49:58
  8.7477,  3.52930,   25.955, 0.0097, 0.0105,  33.2863, 02 Oct 2018 07:50:00
  8.7470,  3.52976,   26.716, 0.0106, 0.0105,  33.2916, 02 Oct 2018 07:50:03
  8.7473,  3.53004,   27.573, 0.0099, 0.0107,  33.2937, 02 Oct 2018 07:50:05
  8.7479,  3.53022,   28.036, 0.0100, 0.0094,  33.2948, 02 Oct 2018 07:50:08
  8.7477,  3.53012,   28.200, 0.0108, 0.0108,  33.2939, 02 Oct 2018 07:50:10
  8.7512,  3.53165,   28.523, 0.0103, 0.0115,  33.3066, 02 Oct 2018 07:50:12
  8.7593,  3.53454,   29.109, 0.0094, 0.0097,  33.3289, 02 Oct 2018 07:50:15
  8.7664,  3.53732,   29.718, 0.0097, 0.0101,  33.3511, 02 Oct 2018 07:50:17
  8.7696,  3.53812,   30.182, 0.0098, 0.0102,  33.3563, 02 Oct 2018 07:50:19
  8.7717,  3.53897,   30.579, 0.0098, 0.0105,  33.3630, 02 Oct 2018 07:50:22
  8.7733,  3.53965,   31.066, 0.0101, 0.0102,  33.3684, 02 Oct 2018 07:50:24
  8.7747,  3.54019,   31.595, 0.0102, 0.0106,  33.3725, 02 Oct 2018 07:50:26
  8.7757,  3.54070,   32.051, 0.0110, 0.0106,  33.3767, 02 Oct 2018 07:50:29
  8.7775,  3.54163,   32.425, 0.0097, 0.0115,  33.3846, 02 Oct 2018 07:50:31
  8.7799,  3.54236,   32.880, 0.0121, 0.0101,  33.3898, 02 Oct 2018 07:50:34
  8.7828,  3.54344,   33.391, 0.0100, 0.0102,  33.3982, 02 Oct 2018 07:50:36
  8.7850,  3.54416,   33.893, 0.0096, 0.0099,  33.4033, 02 Oct 2018 07:50:38
  8.7857,  3.54440,   34.331, 0.0101, 0.0113,  33.4050, 02 Oct 2018 07:50:41
  8.7865,  3.54460,   34.784, 0.0099, 0.0104,  33.4061, 02 Oct 2018 07:50:43
  8.7877,  3.54498,   35.269, 0.0099, 0.0102,  33.4087, 02 Oct 2018 07:50:46
  8.7884,  3.54542,   35.747, 0.0103, 0.0099,  33.4125, 02 Oct 2018 07:50:48
  8.7894,  3.54592,   36.101, 0.0096, 0.0108,  33.4166, 02 Oct 2018 07:50:50
  8.7901,  3.54648,   36.427, 0.0095, 0.0102,  33.4217, 02 Oct 2018 07:50:53
  8.7919,  3.54736,   36.909, 0.0096, 0.0098,  33.4290, 02 Oct 2018 07:50:55
  8.7945,  3.54865,   37.588, 0.0102, 0.0100,  33.4398, 02 Oct 2018 07:50:58
  8.7960,  3.54948,   38.146, 0.0098, 0.0109,  33.4468, 02 Oct 2018 07:51:00
  8.7957,  3.54949,   38.437, 0.0099, 0.0105,  33.4470, 02 Oct 2018 07:51:02
  8.7949,  3.54909,   38.628, 0.0102, 0.0101,  33.4435, 02 Oct 2018 07:51:05
  8.7957,  3.55183,   39.054, 0.0101, 0.0103,  33.4712, 02 Oct 2018 07:51:07
  8.7914,  3.55295,   39.712, 0.0100, 0.0113,  33.4866, 02 Oct 2018 07:51:10
  8.7797,  3.55427,   40.309, 0.0108, 0.0112,  33.5113, 02 Oct 2018 07:51:12
  8.7812,  3.55368,   40.664, 0.0098, 0.0102,  33.5036, 02 Oct 2018 07:51:14
  8.7860,  3.55308,   40.960, 0.0099, 0.0097,  33.4926, 02 Oct 2018 07:51:17
  8.7661,  3.55613,   41.396, 0.0102, 0.0110,  33.5432, 02 Oct 2018 07:51:19
  8.7643,  3.55617,   41.977, 0.0102, 0.0100,  33.5451, 02 Oct 2018 07:51:21
  8.7636,  3.55623,   42.474, 0.0123, 0.0100,  33.5461, 02 Oct 2018 07:51:24
  8.7636,  3.55631,   42.845, 0.0098, 0.0099,  33.5468, 02 Oct 2018 07:51:26
  8.7647,  3.55620,   43.134, 0.0100, 0.0108,  33.5444, 02 Oct 2018 07:51:29
  8.7644,  3.55642,   43.134, 0.0097, 0.0099,  33.5471, 02 Oct 2018 07:51:31
  8.7594,  3.55685,   43.287, 0.0097, 0.0102,  33.5562, 02 Oct 2018 07:51:33
  8.7567,  3.55698,   43.357, 0.0095, 0.0105,  33.5602, 02 Oct 2018 07:51:36
