
---  10-02-18 07:51:44 ---
  8.7556,  3.55696,   43.307, 0.0104, 0.0097,  33.5610, 02 Oct 2018 07:52:12
 10.9896,  3.69356,   15.244, 0.0099, 0.0112,  32.9068, 02 Oct 2018 07:56:15
 11.0638,  3.69853,   14.945, 0.0096, 0.0101,  32.8898, 02 Oct 2018 07:56:18
 11.0516,  3.69766,   15.322, 0.0095, 0.0104,  32.8919, 02 Oct 2018 07:56:20
 10.8846,  3.68512,   16.049, 0.0095, 0.0102,  32.9170, 02 Oct 2018 07:56:22
 10.8111,  3.68055,   16.501, 0.0101, 0.0106,  32.9374, 02 Oct 2018 07:56:25
 10.6286,  3.66761,   16.851, 0.0099, 0.0105,  32.9727, 02 Oct 2018 07:56:27
 10.5936,  3.66544,   17.185, 0.0099, 0.0098,  32.9826, 02 Oct 2018 07:56:30
 10.4951,  3.65769,   17.714, 0.0097, 0.0105,  32.9938, 02 Oct 2018 07:56:32
 10.3486,  3.64654,   18.266, 0.0097, 0.0104,  33.0144, 02 Oct 2018 07:56:34
 10.0507,  3.62445,   18.682, 0.0103, 0.0107,  33.0626, 02 Oct 2018 07:56:37
  9.8350,  3.60845,   18.978, 0.0107, 0.0102,  33.0974, 02 Oct 2018 07:56:39
  9.6000,  3.59137,   19.403, 0.0102, 0.0104,  33.1389, 02 Oct 2018 07:56:42
  9.3915,  3.57780,   20.002, 0.0106, 0.0106,  33.1921, 02 Oct 2018 07:56:44
  9.1290,  3.55763,   20.536, 0.0106, 0.0108,  33.2274, 02 Oct 2018 07:56:46
  9.0696,  3.55420,   20.887, 0.0105, 0.0100,  33.2470, 02 Oct 2018 07:56:49
  9.1641,  3.55890,   21.244, 0.0098, 0.0107,  33.2075, 02 Oct 2018 07:56:51
  8.8869,  3.53789,   21.776, 0.0096, 0.0099,  33.2475, 02 Oct 2018 07:56:54
  8.8305,  3.53523,   22.275, 0.0105, 0.0102,  33.2724, 02 Oct 2018 07:56:56
  8.8633,  3.53774,   22.661, 0.0101, 0.0108,  33.2676, 02 Oct 2018 07:56:58
  8.8593,  3.53655,   23.045, 0.0102, 0.0104,  33.2588, 02 Oct 2018 07:57:01
  8.8109,  3.53302,   23.559, 0.0104, 0.0101,  33.2671, 02 Oct 2018 07:57:03
  8.7750,  3.53285,   24.141, 0.0103, 0.0103,  33.2987, 02 Oct 2018 07:57:05
  8.7734,  3.53282,   24.560, 0.0098, 0.0102,  33.2998, 02 Oct 2018 07:57:08
  8.8119,  3.53381,   24.897, 0.0111, 0.0109,  33.2738, 02 Oct 2018 07:57:10
  8.7728,  3.53232,   25.303, 0.0115, 0.0099,  33.2947, 02 Oct 2018 07:57:13
  8.7651,  3.53205,   25.772, 0.0097, 0.0112,  33.2989, 02 Oct 2018 07:57:15
  8.7696,  3.53291,   26.177, 0.0104, 0.0101,  33.3035, 02 Oct 2018 07:57:17
  8.7784,  3.53298,   26.188, 0.0103, 0.0100,  33.2960, 02 Oct 2018 07:57:20
  8.7629,  3.53084,   26.088, 0.0105, 0.0102,  33.2882, 02 Oct 2018 07:57:47
  8.7698,  3.53056,   26.029, 0.0107, 0.0102,  33.2788, 02 Oct 2018 07:58:07
  8.7748,  3.53142,   25.809, 0.0099, 0.0102,  33.2831, 02 Oct 2018 07:58:10
  8.7593,  3.52980,   25.826, 0.0101, 0.0105,  33.2808, 02 Oct 2018 07:58:12
  8.7529,  3.52944,   26.062, 0.0101, 0.0099,  33.2829, 02 Oct 2018 07:58:14
  8.7545,  3.52956,   26.184, 0.0101, 0.0101,  33.2826, 02 Oct 2018 07:58:17
  8.7611,  3.53004,   25.971, 0.0101, 0.0109,  33.2815, 02 Oct 2018 07:58:19
  8.7630,  3.53015,   25.786, 0.0101, 0.0107,  33.2809, 02 Oct 2018 07:58:22
  8.7534,  3.52927,   25.778, 0.0095, 0.0109,  33.2808, 02 Oct 2018 07:58:24
  8.7507,  3.52913,   25.928, 0.0106, 0.0102,  33.2819, 02 Oct 2018 07:58:26
  8.7519,  3.52919,   26.114, 0.0102, 0.0100,  33.2812, 02 Oct 2018 07:58:29
  8.7547,  3.52956,   26.074, 0.0096, 0.0112,  33.2825, 02 Oct 2018 07:58:31
  8.7588,  3.52971,   25.897, 0.0107, 0.0097,  33.2803, 02 Oct 2018 07:58:33
  8.7596,  3.52985,   25.700, 0.0101, 0.0104,  33.2811, 02 Oct 2018 07:58:36
  8.7515,  3.52911,   25.723, 0.0095, 0.0106,  33.2809, 02 Oct 2018 07:58:38
  8.7494,  3.52907,   25.942, 0.0100, 0.0108,  33.2824, 02 Oct 2018 07:58:41
  8.7508,  3.52918,   26.084, 0.0113, 0.0103,  33.2821, 02 Oct 2018 07:58:43
  8.7547,  3.52952,   25.949, 0.0097, 0.0098,  33.2821, 02 Oct 2018 07:58:45
  8.7551,  3.52949,   25.749, 0.0097, 0.0106,  33.2815, 02 Oct 2018 07:58:48
  8.7498,  3.52909,   25.737, 0.0096, 0.0104,  33.2824, 02 Oct 2018 07:58:50
  8.7484,  3.52898,   25.834, 0.0093, 0.0108,  33.2825, 02 Oct 2018 07:58:53
  8.7494,  3.52901,   25.938, 0.0101, 0.0100,  33.2818, 02 Oct 2018 07:58:55
  8.7502,  3.52911,   25.938, 0.0105, 0.0102,  33.2821, 02 Oct 2018 07:58:57
  8.7521,  3.52926,   25.768, 0.0107, 0.0115,  33.2819, 02 Oct 2018 07:59:00
  8.7538,  3.52931,   25.633, 0.0093, 0.0105,  33.2809, 02 Oct 2018 07:59:02
  8.7492,  3.52905,   25.797, 0.0105, 0.0102,  33.2825, 02 Oct 2018 07:59:04
  8.7476,  3.52903,   26.041, 0.0099, 0.0099,  33.2835, 02 Oct 2018 07:59:07
  8.7514,  3.52935,   25.897, 0.0102, 0.0105,  33.2835, 02 Oct 2018 07:59:09
  8.7546,  3.52948,   25.658, 0.0102, 0.0096,  33.2819, 02 Oct 2018 07:59:12
  8.7485,  3.52905,   25.693, 0.0099, 0.0101,  33.2832, 02 Oct 2018 07:59:14
  8.7466,  3.52898,   25.782, 0.0104, 0.0105,  33.2842, 02 Oct 2018 07:59:16
  8.7481,  3.52905,   25.822, 0.0097, 0.0107,  33.2835, 02 Oct 2018 07:59:19
  8.7504,  3.52922,   25.805, 0.0099, 0.0101,  33.2830, 02 Oct 2018 07:59:21
  8.7491,  3.52908,   25.775, 0.0102, 0.0101,  33.2829, 02 Oct 2018 07:59:24
  8.7472,  3.52892,   25.779, 0.0106, 0.0101,  33.2829, 02 Oct 2018 07:59:26
  8.7476,  3.52893,   25.786, 0.0104, 0.0115,  33.2826, 02 Oct 2018 07:59:28
  8.7510,  3.52922,   25.731, 0.0103, 0.0104,  33.2825, 02 Oct 2018 07:59:31
  8.7498,  3.52909,   25.675, 0.0116, 0.0104,  33.2824, 02 Oct 2018 07:59:33
  8.7511,  3.52926,   25.622, 0.0101, 0.0098,  33.2829, 02 Oct 2018 07:59:35
  8.7476,  3.52898,   25.677, 0.0101, 0.0115,  33.2833, 02 Oct 2018 07:59:38
  8.7463,  3.52894,   25.769, 0.0099, 0.0098,  33.2841, 02 Oct 2018 07:59:40
  8.7470,  3.52900,   25.855, 0.0105, 0.0094,  33.2840, 02 Oct 2018 07:59:43
  8.7483,  3.52915,   25.780, 0.0101, 0.0102,  33.2843, 02 Oct 2018 07:59:45
  8.7509,  3.52931,   25.573, 0.0101, 0.0098,  33.2837, 02 Oct 2018 07:59:47
  8.7485,  3.52912,   25.505, 0.0095, 0.0121,  33.2840, 02 Oct 2018 07:59:50
  8.7456,  3.52894,   25.678, 0.0096, 0.0099,  33.2847, 02 Oct 2018 07:59:52
  8.7463,  3.52892,   25.815, 0.0104, 0.0106,  33.2838, 02 Oct 2018 07:59:55
  8.7483,  3.52908,   25.777, 0.0098, 0.0101,  33.2836, 02 Oct 2018 07:59:57
  8.7482,  3.52908,   25.582, 0.0102, 0.0113,  33.2838, 02 Oct 2018 07:59:59
  8.7476,  3.52897,   25.485, 0.0106, 0.0102,  33.2833, 02 Oct 2018 08:00:02
  8.7453,  3.52882,   25.616, 0.0101, 0.0102,  33.2837, 02 Oct 2018 08:00:04
  8.7456,  3.52885,   25.764, 0.0102, 0.0100,  33.2837, 02 Oct 2018 08:00:06
  8.7459,  3.52889,   25.752, 0.0106, 0.0108,  33.2838, 02 Oct 2018 08:00:09
  8.7464,  3.52892,   25.612, 0.0119, 0.0103,  33.2837, 02 Oct 2018 08:00:11
  8.7474,  3.52901,   25.545, 0.0105, 0.0097,  33.2839, 02 Oct 2018 08:00:14
  8.7444,  3.52878,   25.610, 0.0100, 0.0100,  33.2842, 02 Oct 2018 08:00:16
  8.7451,  3.52889,   25.575, 0.0101, 0.0106,  33.2847, 02 Oct 2018 08:00:18
  8.7448,  3.52882,   25.549, 0.0097, 0.0102,  33.2843, 02 Oct 2018 08:00:21
  8.7444,  3.52881,   25.631, 0.0106, 0.0097,  33.2845, 02 Oct 2018 08:00:23
  8.7437,  3.52881,   25.738, 0.0100, 0.0100,  33.2850, 02 Oct 2018 08:00:25
  8.7450,  3.52888,   25.684, 0.0106, 0.0112,  33.2847, 02 Oct 2018 08:00:28
  8.7467,  3.52905,   25.501, 0.0098, 0.0102,  33.2849, 02 Oct 2018 08:00:30
  8.7457,  3.52892,   25.369, 0.0099, 0.0099,  33.2845, 02 Oct 2018 08:00:32
  8.7433,  3.52873,   25.452, 0.0096, 0.0105,  33.2847, 02 Oct 2018 08:00:35
  8.7432,  3.52879,   25.632, 0.0101, 0.0118,  33.2854, 02 Oct 2018 08:00:37
  8.7439,  3.52883,   25.678, 0.0094, 0.0107,  33.2852, 02 Oct 2018 08:00:40
  8.7445,  3.52881,   25.603, 0.0097, 0.0098,  33.2844, 02 Oct 2018 08:00:42
  8.7438,  3.52874,   25.592, 0.0099, 0.0109,  33.2843, 02 Oct 2018 08:00:44
  8.7435,  3.52873,   25.526, 0.0107, 0.0112,  33.2845, 02 Oct 2018 08:00:47
  8.7439,  3.52881,   25.400, 0.0101, 0.0100,  33.2851, 02 Oct 2018 08:00:49
  8.7442,  3.52877,   25.390, 0.0099, 0.0108,  33.2843, 02 Oct 2018 08:00:51
  8.7435,  3.52871,   25.495, 0.0097, 0.0102,  33.2844, 02 Oct 2018 08:00:54
  8.7435,  3.52873,   25.609, 0.0115, 0.0112,  33.2845, 02 Oct 2018 08:00:56
  8.7433,  3.52874,   25.642, 0.0101, 0.0100,  33.2848, 02 Oct 2018 08:00:58
  8.7443,  3.52879,   25.569, 0.0099, 0.0099,  33.2844, 02 Oct 2018 08:01:01
  8.7445,  3.52874,   25.435, 0.0096, 0.0104,  33.2837, 02 Oct 2018 08:01:03
  8.7449,  3.52888,   25.354, 0.0099, 0.0105,  33.2848, 02 Oct 2018 08:01:06
  8.7433,  3.52874,   25.368, 0.0105, 0.0100,  33.2849, 02 Oct 2018 08:01:08
  8.7429,  3.52871,   25.400, 0.0098, 0.0106,  33.2850, 02 Oct 2018 08:01:10
  8.7430,  3.52863,   25.508, 0.0104, 0.0101,  33.2840, 02 Oct 2018 08:01:13
  8.7431,  3.52866,   25.565, 0.0102, 0.0097,  33.2842, 02 Oct 2018 08:01:15
  8.7444,  3.52885,   25.472, 0.0096, 0.0114,  33.2849, 02 Oct 2018 08:01:17
  8.7436,  3.52873,   25.414, 0.0098, 0.0101,  33.2845, 02 Oct 2018 08:01:20
  8.7428,  3.52873,   25.433, 0.0105, 0.0102,  33.2852, 02 Oct 2018 08:01:22
  8.7429,  3.52875,   25.408, 0.0108, 0.0105,  33.2854, 02 Oct 2018 08:01:25
  8.7432,  3.52874,   25.320, 0.0106, 0.0112,  33.2850, 02 Oct 2018 08:01:27
  8.7430,  3.52864,   25.315, 0.0101, 0.0098,  33.2843, 02 Oct 2018 08:01:29
  8.7424,  3.52866,   25.384, 0.0103, 0.0110,  33.2849, 02 Oct 2018 08:01:32
  8.7429,  3.52867,   25.413, 0.0105, 0.0105,  33.2846, 02 Oct 2018 08:01:34
  8.7431,  3.52867,   25.469, 0.0106, 0.0110,  33.2843, 02 Oct 2018 08:01:36
  8.7430,  3.52864,   25.529, 0.0099, 0.0101,  33.2842, 02 Oct 2018 08:01:39
  8.7437,  3.52871,   25.485, 0.0097, 0.0100,  33.2842, 02 Oct 2018 08:01:41
  8.7451,  3.52886,   25.305, 0.0100, 0.0105,  33.2846, 02 Oct 2018 08:01:43
  8.7448,  3.52878,   25.084, 0.0113, 0.0120,  33.2841, 02 Oct 2018 08:01:46
  8.7431,  3.52864,   25.119, 0.0095, 0.0101,  33.2842, 02 Oct 2018 08:01:48
  8.7424,  3.52853,   25.495, 0.0102, 0.0103,  33.2835, 02 Oct 2018 08:01:51
  8.7427,  3.52862,   25.687, 0.0100, 0.0101,  33.2840, 02 Oct 2018 08:01:53
  8.7436,  3.52870,   25.621, 0.0102, 0.0116,  33.2841, 02 Oct 2018 08:01:55
  8.7447,  3.52881,   25.313, 0.0096, 0.0104,  33.2843, 02 Oct 2018 08:01:58
  8.7451,  3.52882,   24.961, 0.0096, 0.0102,  33.2843, 02 Oct 2018 08:02:00
  8.7427,  3.52874,   24.991, 0.0102, 0.0101,  33.2856, 02 Oct 2018 08:02:02
  8.7422,  3.52868,   25.402, 0.0100, 0.0109,  33.2853, 02 Oct 2018 08:02:05
  8.7426,  3.52870,   25.658, 0.0101, 0.0106,  33.2850, 02 Oct 2018 08:02:07
  8.7442,  3.52888,   25.407, 0.0102, 0.0102,  33.2855, 02 Oct 2018 08:02:10
  8.7446,  3.52888,   25.085, 0.0110, 0.0103,  33.2853, 02 Oct 2018 08:02:12
  8.7429,  3.52879,   25.108, 0.0095, 0.0106,  33.2860, 02 Oct 2018 08:02:14
  8.7424,  3.52879,   25.393, 0.0098, 0.0100,  33.2863, 02 Oct 2018 08:02:17
  8.7432,  3.52888,   25.503, 0.0100, 0.0101,  33.2864, 02 Oct 2018 08:02:19
  8.7444,  3.52893,   25.195, 0.0102, 0.0092,  33.2860, 02 Oct 2018 08:02:21
  8.7439,  3.52886,   24.859, 0.0103, 0.0112,  33.2858, 02 Oct 2018 08:02:24
  8.7429,  3.52883,   24.970, 0.0096, 0.0103,  33.2865, 02 Oct 2018 08:02:26
  8.7424,  3.52873,   25.474, 0.0093, 0.0100,  33.2856, 02 Oct 2018 08:02:28
  8.7426,  3.52875,   25.804, 0.0094, 0.0102,  33.2855, 02 Oct 2018 08:02:31
  8.7439,  3.52893,   25.503, 0.0116, 0.0107,  33.2863, 02 Oct 2018 08:02:33
  8.7443,  3.52905,   24.880, 0.0101, 0.0106,  33.2875, 02 Oct 2018 08:02:36
  8.7435,  3.52903,   24.764, 0.0101, 0.0099,  33.2880, 02 Oct 2018 08:02:38
  8.7422,  3.52871,   25.241, 0.0100, 0.0105,  33.2857, 02 Oct 2018 08:02:40
  8.7426,  3.52875,   25.654, 0.0104, 0.0112,  33.2856, 02 Oct 2018 08:02:43
  8.7443,  3.52898,   25.537, 0.0103, 0.0102,  33.2865, 02 Oct 2018 08:02:45
  8.7442,  3.52903,   25.112, 0.0105, 0.0101,  33.2872, 02 Oct 2018 08:02:48
  8.7438,  3.52912,   25.039, 0.0098, 0.0097,  33.2886, 02 Oct 2018 08:02:50
  8.7436,  3.52916,   25.340, 0.0099, 0.0109,  33.2891, 02 Oct 2018 08:02:52
  8.7437,  3.52907,   25.482, 0.0099, 0.0102,  33.2879, 02 Oct 2018 08:02:55
  8.7438,  3.52904,   25.280, 0.0104, 0.0103,  33.2876, 02 Oct 2018 08:02:57
  8.7442,  3.52920,   25.066, 0.0096, 0.0106,  33.2891, 02 Oct 2018 08:02:59
  8.7440,  3.52926,   25.097, 0.0095, 0.0109,  33.2898, 02 Oct 2018 08:03:02
  8.7432,  3.52912,   25.337, 0.0101, 0.0101,  33.2890, 02 Oct 2018 08:03:04
  8.7433,  3.52907,   25.533, 0.0099, 0.0099,  33.2883, 02 Oct 2018 08:03:07
  8.7440,  3.52919,   25.362, 0.0099, 0.0101,  33.2890, 02 Oct 2018 08:03:09
  8.7449,  3.52930,   25.107, 0.0102, 0.0112,  33.2894, 02 Oct 2018 08:03:11
  8.7444,  3.52950,   25.112, 0.0101, 0.0097,  33.2920, 02 Oct 2018 08:03:14
  8.7441,  3.52934,   25.312, 0.0112, 0.0105,  33.2904, 02 Oct 2018 08:03:16
  8.7450,  3.52953,   25.373, 0.0098, 0.0097,  33.2917, 02 Oct 2018 08:03:18
  8.7452,  3.52956,   25.264, 0.0099, 0.0104,  33.2918, 02 Oct 2018 08:03:21
  8.7455,  3.52950,   25.112, 0.0103, 0.0103,  33.2909, 02 Oct 2018 08:03:23
  8.7455,  3.52982,   25.196, 0.0096, 0.0106,  33.2942, 02 Oct 2018 08:03:25
  8.7452,  3.52970,   25.442, 0.0101, 0.0107,  33.2931, 02 Oct 2018 08:03:28
  8.7457,  3.52989,   25.456, 0.0102, 0.0111,  33.2946, 02 Oct 2018 08:03:30
  8.7460,  3.52972,   25.229, 0.0095, 0.0105,  33.2927, 02 Oct 2018 08:03:33
  8.7464,  3.52979,   25.047, 0.0103, 0.0107,  33.2931, 02 Oct 2018 08:03:35
  8.7462,  3.52995,   25.167, 0.0098, 0.0099,  33.2950, 02 Oct 2018 08:03:37
  8.7460,  3.52995,   25.341, 0.0098, 0.0108,  33.2951, 02 Oct 2018 08:03:40
  8.7463,  3.52997,   25.330, 0.0095, 0.0101,  33.2950, 02 Oct 2018 08:03:42
  8.7462,  3.52997,   25.244, 0.0098, 0.0101,  33.2951, 02 Oct 2018 08:03:44
  8.7466,  3.53002,   25.308, 0.0102, 0.0102,  33.2953, 02 Oct 2018 08:03:47
  8.7462,  3.53001,   25.414, 0.0102, 0.0108,  33.2955, 02 Oct 2018 08:03:49
  8.7465,  3.53006,   25.278, 0.0106, 0.0105,  33.2959, 02 Oct 2018 08:03:51
  8.7468,  3.53005,   25.072, 0.0110, 0.0105,  33.2955, 02 Oct 2018 08:03:54
  8.7462,  3.53001,   25.060, 0.0103, 0.0098,  33.2957, 02 Oct 2018 08:03:56
  8.7460,  3.52995,   25.310, 0.0101, 0.0096,  33.2951, 02 Oct 2018 08:03:59
  8.7463,  3.53001,   25.472, 0.0102, 0.0107,  33.2954, 02 Oct 2018 08:04:01
  8.7466,  3.53004,   25.405, 0.0100, 0.0099,  33.2954, 02 Oct 2018 08:04:03
  8.7469,  3.53001,   25.235, 0.0101, 0.0105,  33.2949, 02 Oct 2018 08:04:06
  8.7466,  3.53005,   25.118, 0.0099, 0.0101,  33.2957, 02 Oct 2018 08:04:08
  8.7460,  3.52987,   25.122, 0.0103, 0.0106,  33.2943, 02 Oct 2018 08:04:10
  8.7455,  3.52982,   25.246, 0.0115, 0.0100,  33.2942, 02 Oct 2018 08:04:13
  8.7458,  3.52983,   25.326, 0.0105, 0.0103,  33.2940, 02 Oct 2018 08:04:15
  8.7457,  3.52990,   25.374, 0.0098, 0.0094,  33.2948, 02 Oct 2018 08:04:17
  8.7462,  3.53001,   25.372, 0.0105, 0.0110,  33.2955, 02 Oct 2018 08:04:20
  8.7469,  3.53002,   25.237, 0.0097, 0.0098,  33.2951, 02 Oct 2018 08:04:22
  8.7469,  3.52995,   25.063, 0.0104, 0.0100,  33.2944, 02 Oct 2018 08:04:25
  8.7462,  3.52991,   25.145, 0.0097, 0.0102,  33.2946, 02 Oct 2018 08:04:27
  8.7454,  3.52980,   25.423, 0.0094, 0.0108,  33.2941, 02 Oct 2018 08:04:29
  8.7464,  3.52998,   25.523, 0.0101, 0.0101,  33.2949, 02 Oct 2018 08:04:32
  8.7468,  3.52994,   25.328, 0.0102, 0.0102,  33.2943, 02 Oct 2018 08:04:34
  8.7473,  3.53005,   25.058, 0.0096, 0.0107,  33.2950, 02 Oct 2018 08:04:36
  8.7465,  3.52998,   25.015, 0.0097, 0.0112,  33.2951, 02 Oct 2018 08:04:39
  8.7463,  3.52995,   25.357, 0.0097, 0.0104,  33.2949, 02 Oct 2018 08:04:41
  8.7460,  3.52990,   25.641, 0.0098, 0.0101,  33.2944, 02 Oct 2018 08:04:44
  8.7471,  3.52998,   25.409, 0.0098, 0.0101,  33.2943, 02 Oct 2018 08:04:46
  8.7471,  3.53002,   24.982, 0.0100, 0.0104,  33.2950, 02 Oct 2018 08:04:48
  8.7474,  3.53021,   24.965, 0.0102, 0.0107,  33.2967, 02 Oct 2018 08:04:51
  8.7463,  3.52990,   25.353, 0.0101, 0.0101,  33.2942, 02 Oct 2018 08:04:53
  8.7458,  3.52979,   25.639, 0.0101, 0.0106,  33.2935, 02 Oct 2018 08:04:55
  8.7465,  3.52991,   25.498, 0.0096, 0.0109,  33.2942, 02 Oct 2018 08:04:58
  8.7468,  3.53005,   25.082, 0.0093, 0.0101,  33.2955, 02 Oct 2018 08:05:00
  8.7466,  3.52990,   24.864, 0.0096, 0.0102,  33.2942, 02 Oct 2018 08:05:03
  8.7463,  3.52998,   25.149, 0.0099, 0.0101,  33.2952, 02 Oct 2018 08:05:05
  8.7459,  3.52989,   25.620, 0.0098, 0.0113,  33.2943, 02 Oct 2018 08:05:07
  8.7466,  3.52995,   25.638, 0.0096, 0.0100,  33.2944, 02 Oct 2018 08:05:10
  8.7465,  3.52995,   25.186, 0.0119, 0.0094,  33.2947, 02 Oct 2018 08:05:12
  8.7463,  3.52983,   24.831, 0.0104, 0.0108,  33.2937, 02 Oct 2018 08:05:14
  8.7461,  3.52979,   25.068, 0.0103, 0.0109,  33.2934, 02 Oct 2018 08:05:17
  8.7445,  3.52942,   25.558, 0.0102, 0.0102,  33.2908, 02 Oct 2018 08:05:19
  8.7454,  3.52961,   25.677, 0.0095, 0.0096,  33.2920, 02 Oct 2018 08:05:22
  8.7461,  3.52970,   25.305, 0.0092, 0.0105,  33.2923, 02 Oct 2018 08:05:24
  8.7458,  3.52952,   24.836, 0.0100, 0.0107,  33.2910, 02 Oct 2018 08:05:26
  8.7455,  3.52968,   24.897, 0.0098, 0.0103,  33.2929, 02 Oct 2018 08:05:29
  8.7447,  3.52934,   25.445, 0.0102, 0.0094,  33.2899, 02 Oct 2018 08:05:31
  8.7446,  3.52942,   25.748, 0.0104, 0.0102,  33.2907, 02 Oct 2018 08:05:33
  8.7455,  3.52949,   25.466, 0.0094, 0.0115,  33.2907, 02 Oct 2018 08:05:36
  8.7449,  3.52942,   25.017, 0.0099, 0.0107,  33.2907, 02 Oct 2018 08:05:38
  8.7454,  3.52967,   24.927, 0.0102, 0.0100,  33.2929, 02 Oct 2018 08:05:41
  8.7446,  3.52942,   25.221, 0.0101, 0.0101,  33.2909, 02 Oct 2018 08:05:43
  8.7434,  3.52900,   25.500, 0.0098, 0.0113,  33.2875, 02 Oct 2018 08:05:45
  8.7437,  3.52908,   25.455, 0.0101, 0.0098,  33.2880, 02 Oct 2018 08:05:48
  8.7442,  3.52915,   25.217, 0.0110, 0.0104,  33.2884, 02 Oct 2018 08:05:50
  8.7437,  3.52904,   25.165, 0.0098, 0.0101,  33.2877, 02 Oct 2018 08:05:52
  8.7429,  3.52883,   25.327, 0.0117, 0.0109,  33.2863, 02 Oct 2018 08:05:55
  8.7418,  3.52864,   25.388, 0.0097, 0.0105,  33.2853, 02 Oct 2018 08:05:57
  8.7424,  3.52873,   25.262, 0.0102, 0.0098,  33.2856, 02 Oct 2018 08:06:00
  8.7426,  3.52873,   25.141, 0.0101, 0.0101,  33.2856, 02 Oct 2018 08:06:02
  8.7419,  3.52856,   25.189, 0.0099, 0.0106,  33.2845, 02 Oct 2018 08:06:04
  8.7414,  3.52842,   25.336, 0.0102, 0.0105,  33.2835, 02 Oct 2018 08:06:07
  8.7413,  3.52841,   25.476, 0.0111, 0.0092,  33.2833, 02 Oct 2018 08:06:09
  8.7417,  3.52841,   25.452, 0.0102, 0.0102,  33.2829, 02 Oct 2018 08:06:11
  8.7420,  3.52845,   25.252, 0.0100, 0.0109,  33.2832, 02 Oct 2018 08:06:14
  8.7419,  3.52847,   25.096, 0.0097, 0.0105,  33.2835, 02 Oct 2018 08:06:16
  8.7413,  3.52830,   25.146, 0.0097, 0.0105,  33.2823, 02 Oct 2018 08:06:19
  8.7409,  3.52821,   25.269, 0.0096, 0.0099,  33.2817, 02 Oct 2018 08:06:21
  8.7411,  3.52819,   25.369, 0.0096, 0.0114,  33.2813, 02 Oct 2018 08:06:23
  8.7411,  3.52819,   25.422, 0.0099, 0.0105,  33.2812, 02 Oct 2018 08:06:26
  8.7414,  3.52814,   25.346, 0.0103, 0.0104,  33.2804, 02 Oct 2018 08:06:28
  8.7415,  3.52812,   25.223, 0.0101, 0.0102,  33.2802, 02 Oct 2018 08:06:31
  8.7412,  3.52818,   25.170, 0.0095, 0.0120,  33.2811, 02 Oct 2018 08:06:33
  8.7411,  3.52812,   25.211, 0.0098, 0.0100,  33.2806, 02 Oct 2018 08:06:35
  8.7410,  3.52810,   25.274, 0.0122, 0.0105,  33.2804, 02 Oct 2018 08:06:38
  8.7411,  3.52812,   25.242, 0.0103, 0.0097,  33.2806, 02 Oct 2018 08:06:40
  8.7411,  3.52810,   25.208, 0.0102, 0.0105,  33.2803, 02 Oct 2018 08:06:42
  8.7410,  3.52806,   25.301, 0.0101, 0.0112,  33.2799, 02 Oct 2018 08:06:45
  8.7411,  3.52804,   25.365, 0.0097, 0.0098,  33.2797, 02 Oct 2018 08:06:47
  8.7414,  3.52801,   25.344, 0.0103, 0.0107,  33.2791, 02 Oct 2018 08:06:49
  8.7417,  3.52799,   25.233, 0.0099, 0.0104,  33.2786, 02 Oct 2018 08:06:52
  8.7419,  3.52808,   25.055, 0.0101, 0.0110,  33.2795, 02 Oct 2018 08:06:54
  8.7417,  3.52810,   25.096, 0.0107, 0.0102,  33.2798, 02 Oct 2018 08:06:57
  8.7413,  3.52799,   25.348, 0.0092, 0.0104,  33.2789, 02 Oct 2018 08:06:59
  8.7418,  3.52796,   25.471, 0.0098, 0.0107,  33.2781, 02 Oct 2018 08:07:01
  8.7419,  3.52801,   25.345, 0.0097, 0.0107,  33.2786, 02 Oct 2018 08:07:04
  8.7423,  3.52807,   25.180, 0.0098, 0.0098,  33.2789, 02 Oct 2018 08:07:06
  8.7418,  3.52800,   25.225, 0.0097, 0.0101,  33.2786, 02 Oct 2018 08:07:08
  8.7414,  3.52799,   25.266, 0.0097, 0.0109,  33.2789, 02 Oct 2018 08:07:11
  8.7415,  3.52797,   25.284, 0.0097, 0.0105,  33.2786, 02 Oct 2018 08:07:13
  8.7417,  3.52801,   25.224, 0.0100, 0.0101,  33.2789, 02 Oct 2018 08:07:16
  8.7420,  3.52797,   25.221, 0.0095, 0.0105,  33.2782, 02 Oct 2018 08:07:18
  8.7420,  3.52795,   25.307, 0.0117, 0.0105,  33.2779, 02 Oct 2018 08:07:20
  8.7420,  3.52796,   25.344, 0.0100, 0.0110,  33.2780, 02 Oct 2018 08:07:23
  8.7424,  3.52795,   25.333, 0.0101, 0.0097,  33.2774, 02 Oct 2018 08:07:25
  8.7426,  3.52795,   25.312, 0.0096, 0.0102,  33.2773, 02 Oct 2018 08:07:27
  8.7425,  3.52796,   25.298, 0.0096, 0.0107,  33.2775, 02 Oct 2018 08:07:30
  8.7426,  3.52795,   25.185, 0.0098, 0.0108,  33.2774, 02 Oct 2018 08:07:32
  8.7429,  3.52795,   25.083, 0.0097, 0.0099,  33.2771, 02 Oct 2018 08:07:35
  8.7430,  3.52796,   25.152, 0.0101, 0.0102,  33.2771, 02 Oct 2018 08:07:37
  8.7426,  3.52787,   25.398, 0.0101, 0.0097,  33.2764, 02 Oct 2018 08:07:39
  8.7425,  3.52791,   25.568, 0.0097, 0.0106,  33.2768, 02 Oct 2018 08:07:42
  8.7436,  3.52792,   25.416, 0.0102, 0.0101,  33.2761, 02 Oct 2018 08:07:44
  8.7439,  3.52793,   25.104, 0.0097, 0.0099,  33.2761, 02 Oct 2018 08:07:47
  8.7437,  3.52791,   24.999, 0.0108, 0.0101,  33.2759, 02 Oct 2018 08:07:49
  8.7433,  3.52776,   25.193, 0.0103, 0.0112,  33.2747, 02 Oct 2018 08:07:51
  8.7431,  3.52780,   25.367, 0.0095, 0.0106,  33.2752, 02 Oct 2018 08:07:54
  8.7435,  3.52781,   25.347, 0.0097, 0.0097,  33.2750, 02 Oct 2018 08:07:56
  8.7438,  3.52785,   25.298, 0.0098, 0.0100,  33.2751, 02 Oct 2018 08:07:58
  8.7437,  3.52781,   25.285, 0.0102, 0.0110,  33.2749, 02 Oct 2018 08:08:01
  8.7435,  3.52782,   25.280, 0.0101, 0.0101,  33.2752, 02 Oct 2018 08:08:03
  8.7435,  3.52777,   25.264, 0.0097, 0.0108,  33.2746, 02 Oct 2018 08:08:05
  8.7435,  3.52773,   25.216, 0.0116, 0.0102,  33.2742, 02 Oct 2018 08:08:08
  8.7434,  3.52771,   25.152, 0.0098, 0.0102,  33.2741, 02 Oct 2018 08:08:10
  8.7435,  3.52770,   25.157, 0.0090, 0.0100,  33.2740, 02 Oct 2018 08:08:13
  8.7436,  3.52771,   25.237, 0.0105, 0.0101,  33.2740, 02 Oct 2018 08:08:15
  8.7436,  3.52760,   25.382, 0.0104, 0.0101,  33.2727, 02 Oct 2018 08:08:17
  8.7435,  3.52762,   25.437, 0.0096, 0.0102,  33.2730, 02 Oct 2018 08:08:20
  8.7442,  3.52767,   25.341, 0.0097, 0.0097,  33.2729, 02 Oct 2018 08:08:22
  8.7444,  3.52763,   25.155, 0.0092, 0.0106,  33.2724, 02 Oct 2018 08:08:24
  8.7443,  3.52770,   25.057, 0.0098, 0.0105,  33.2733, 02 Oct 2018 08:08:27
  8.7436,  3.52760,   25.110, 0.0098, 0.0108,  33.2728, 02 Oct 2018 08:08:29
  8.7436,  3.52758,   25.247, 0.0106, 0.0096,  33.2725, 02 Oct 2018 08:08:32
  8.7437,  3.52759,   25.414, 0.0097, 0.0098,  33.2725, 02 Oct 2018 08:08:34
  8.7436,  3.52765,   25.473, 0.0100, 0.0100,  33.2732, 02 Oct 2018 08:08:36
  8.7443,  3.52763,   25.307, 0.0104, 0.0109,  33.2724, 02 Oct 2018 08:08:39
  8.7443,  3.52762,   25.121, 0.0097, 0.0104,  33.2723, 02 Oct 2018 08:08:41
  8.7437,  3.52762,   25.107, 0.0094, 0.0102,  33.2729, 02 Oct 2018 08:08:43
  8.7436,  3.52756,   25.247, 0.0093, 0.0105,  33.2723, 02 Oct 2018 08:08:46
  8.7438,  3.52756,   25.315, 0.0100, 0.0106,  33.2721, 02 Oct 2018 08:08:48
  8.7442,  3.52758,   25.252, 0.0102, 0.0097,  33.2719, 02 Oct 2018 08:08:50
  8.7443,  3.52759,   25.261, 0.0118, 0.0107,  33.2720, 02 Oct 2018 08:08:53
  8.7436,  3.52756,   25.348, 0.0099, 0.0103,  33.2723, 02 Oct 2018 08:08:55
  8.7435,  3.52758,   25.344, 0.0097, 0.0113,  33.2726, 02 Oct 2018 08:08:58
  8.7442,  3.52760,   25.230, 0.0104, 0.0101,  33.2723, 02 Oct 2018 08:09:00
  8.7441,  3.52758,   25.188, 0.0099, 0.0095,  33.2720, 02 Oct 2018 08:09:02
  8.7439,  3.52755,   25.143, 0.0098, 0.0102,  33.2720, 02 Oct 2018 08:09:05
  8.7438,  3.52755,   25.106, 0.0095, 0.0110,  33.2721, 02 Oct 2018 08:09:07
  8.7439,  3.52756,   25.204, 0.0101, 0.0100,  33.2721, 02 Oct 2018 08:09:09
  8.7431,  3.52759,   25.419, 0.0099, 0.0102,  33.2730, 02 Oct 2018 08:09:12
  8.7421,  3.52780,   25.513, 0.0096, 0.0101,  33.2761, 02 Oct 2018 08:09:14
  8.7438,  3.52767,   25.323, 0.0101, 0.0113,  33.2733, 02 Oct 2018 08:09:16
  8.7440,  3.52767,   25.006, 0.0098, 0.0096,  33.2733, 02 Oct 2018 08:09:19
  8.7442,  3.52762,   25.001, 0.0097, 0.0102,  33.2725, 02 Oct 2018 08:09:21
  8.7432,  3.52762,   25.306, 0.0096, 0.0106,  33.2733, 02 Oct 2018 08:09:24
  8.7428,  3.52774,   25.473, 0.0100, 0.0103,  33.2749, 02 Oct 2018 08:09:26
  8.7435,  3.52767,   25.332, 0.0098, 0.0110,  33.2736, 02 Oct 2018 08:09:29
  8.7438,  3.52767,   25.061, 0.0098, 0.0095,  33.2734, 02 Oct 2018 08:09:31
  8.7439,  3.52756,   25.153, 0.0099, 0.0104,  33.2721, 02 Oct 2018 08:09:33
  8.7418,  3.52776,   25.461, 0.0103, 0.0101,  33.2759, 02 Oct 2018 08:09:36
  8.7422,  3.52778,   25.504, 0.0096, 0.0115,  33.2759, 02 Oct 2018 08:09:38
  8.7428,  3.52778,   25.128, 0.0093, 0.0105,  33.2755, 02 Oct 2018 08:09:41
  8.7433,  3.52770,   24.827, 0.0096, 0.0098,  33.2743, 02 Oct 2018 08:09:43
  8.7428,  3.52767,   25.076, 0.0101, 0.0107,  33.2743, 02 Oct 2018 08:09:45
  8.7421,  3.52774,   25.540, 0.0101, 0.0114,  33.2755, 02 Oct 2018 08:09:48
  8.7417,  3.52777,   25.671, 0.0098, 0.0093,  33.2761, 02 Oct 2018 08:09:50
  8.7424,  3.52777,   25.375, 0.0109, 0.0104,  33.2756, 02 Oct 2018 08:09:52
  8.7426,  3.52776,   24.984, 0.0105, 0.0113,  33.2754, 02 Oct 2018 08:09:55
  8.7422,  3.52773,   24.926, 0.0099, 0.0106,  33.2755, 02 Oct 2018 08:09:57
  8.7419,  3.52777,   25.262, 0.0098, 0.0101,  33.2761, 02 Oct 2018 08:10:00
  8.7415,  3.52773,   25.573, 0.0106, 0.0106,  33.2759, 02 Oct 2018 08:10:02
  8.7418,  3.52776,   25.456, 0.0099, 0.0103,  33.2760, 02 Oct 2018 08:10:04
  8.7421,  3.52774,   25.093, 0.0103, 0.0106,  33.2757, 02 Oct 2018 08:10:07
  8.7422,  3.52770,   25.053, 0.0103, 0.0099,  33.2752, 02 Oct 2018 08:10:09
  8.7410,  3.52770,   25.376, 0.0102, 0.0100,  33.2762, 02 Oct 2018 08:10:11
  8.7405,  3.52776,   25.596, 0.0098, 0.0101,  33.2771, 02 Oct 2018 08:10:14
  8.7414,  3.52774,   25.334, 0.0098, 0.0111,  33.2763, 02 Oct 2018 08:10:16
  8.7419,  3.52774,   24.946, 0.0097, 0.0106,  33.2760, 02 Oct 2018 08:10:18
  8.7414,  3.52766,   24.922, 0.0108, 0.0096,  33.2756, 02 Oct 2018 08:10:21
  8.7412,  3.52765,   25.325, 0.0106, 0.0097,  33.2755, 02 Oct 2018 08:10:23
  8.7408,  3.52770,   25.679, 0.0096, 0.0117,  33.2763, 02 Oct 2018 08:10:26
  8.7410,  3.52773,   25.556, 0.0098, 0.0106,  33.2764, 02 Oct 2018 08:10:28
  8.7412,  3.52771,   25.125, 0.0097, 0.0102,  33.2762, 02 Oct 2018 08:10:30
  8.7411,  3.52769,   24.870, 0.0103, 0.0106,  33.2762, 02 Oct 2018 08:10:33
  8.7409,  3.52766,   25.055, 0.0098, 0.0105,  33.2760, 02 Oct 2018 08:10:35
  8.7403,  3.52766,   25.456, 0.0098, 0.0104,  33.2764, 02 Oct 2018 08:10:38
  8.7409,  3.52769,   25.546, 0.0103, 0.0097,  33.2761, 02 Oct 2018 08:10:40
  8.7415,  3.52767,   25.238, 0.0104, 0.0102,  33.2755, 02 Oct 2018 08:10:42
  8.7414,  3.52770,   25.102, 0.0102, 0.0106,  33.2759, 02 Oct 2018 08:10:45
  8.7409,  3.52769,   25.358, 0.0116, 0.0102,  33.2761, 02 Oct 2018 08:10:47
  8.7405,  3.52770,   25.471, 0.0094, 0.0107,  33.2766, 02 Oct 2018 08:10:49
  8.7411,  3.52770,   25.201, 0.0096, 0.0107,  33.2762, 02 Oct 2018 08:10:52
  8.7412,  3.52773,   24.974, 0.0099, 0.0102,  33.2765, 02 Oct 2018 08:10:54
  8.7407,  3.52767,   25.184, 0.0096, 0.0104,  33.2763, 02 Oct 2018 08:10:57
  8.7403,  3.52773,   25.510, 0.0099, 0.0107,  33.2771, 02 Oct 2018 08:10:59
  8.7404,  3.52780,   25.541, 0.0097, 0.0100,  33.2777, 02 Oct 2018 08:11:01
  8.7409,  3.52781,   25.331, 0.0105, 0.0100,  33.2775, 02 Oct 2018 08:11:04
  8.7408,  3.52776,   25.146, 0.0103, 0.0114,  33.2771, 02 Oct 2018 08:11:06
  8.7407,  3.52774,   25.170, 0.0107, 0.0099,  33.2770, 02 Oct 2018 08:11:09
  8.7403,  3.52777,   25.203, 0.0100, 0.0098,  33.2777, 02 Oct 2018 08:11:11
  8.7406,  3.52778,   25.173, 0.0096, 0.0094,  33.2775, 02 Oct 2018 08:11:13
  8.7401,  3.52781,   25.263, 0.0103, 0.0111,  33.2782, 02 Oct 2018 08:11:16
  8.7404,  3.52785,   25.463, 0.0099, 0.0096,  33.2783, 02 Oct 2018 08:11:18
  8.7407,  3.52789,   25.523, 0.0102, 0.0106,  33.2784, 02 Oct 2018 08:11:21
  8.7408,  3.52789,   25.309, 0.0101, 0.0101,  33.2784, 02 Oct 2018 08:11:23
  8.7408,  3.52788,   24.986, 0.0103, 0.0109,  33.2784, 02 Oct 2018 08:11:25
  8.7409,  3.52781,   24.936, 0.0102, 0.0100,  33.2777, 02 Oct 2018 08:11:28
  8.7401,  3.52777,   25.335, 0.0097, 0.0098,  33.2777, 02 Oct 2018 08:11:30
  8.7401,  3.52781,   25.687, 0.0119, 0.0100,  33.2780, 02 Oct 2018 08:11:32
  8.7403,  3.52787,   25.492, 0.0097, 0.0120,  33.2785, 02 Oct 2018 08:11:35
  8.7408,  3.52781,   25.017, 0.0102, 0.0101,  33.2777, 02 Oct 2018 08:11:37
  8.7405,  3.52776,   24.997, 0.0105, 0.0102,  33.2774, 02 Oct 2018 08:11:40
  8.7403,  3.52787,   25.356, 0.0101, 0.0106,  33.2786, 02 Oct 2018 08:11:42
  8.7406,  3.52795,   25.547, 0.0097, 0.0108,  33.2790, 02 Oct 2018 08:11:44
  8.7408,  3.52787,   25.371, 0.0099, 0.0105,  33.2781, 02 Oct 2018 08:11:47
  8.7407,  3.52784,   25.101, 0.0096, 0.0099,  33.2781, 02 Oct 2018 08:11:49
  8.7408,  3.52776,   25.049, 0.0103, 0.0105,  33.2771, 02 Oct 2018 08:11:52
  8.7402,  3.52771,   25.240, 0.0103, 0.0108,  33.2772, 02 Oct 2018 08:11:54
  8.7401,  3.52770,   25.486, 0.0097, 0.0101,  33.2769, 02 Oct 2018 08:11:56
  8.7402,  3.52771,   25.513, 0.0102, 0.0102,  33.2770, 02 Oct 2018 08:11:59
  8.7405,  3.52771,   25.295, 0.0102, 0.0104,  33.2769, 02 Oct 2018 08:12:01
  8.7405,  3.52774,   25.088, 0.0102, 0.0110,  33.2772, 02 Oct 2018 08:12:03
  8.7404,  3.52771,   25.157, 0.0094, 0.0100,  33.2770, 02 Oct 2018 08:12:06
  8.7402,  3.52771,   25.270, 0.0095, 0.0104,  33.2772, 02 Oct 2018 08:12:08
  8.7403,  3.52770,   25.363, 0.0104, 0.0102,  33.2769, 02 Oct 2018 08:12:11
  8.7400,  3.52769,   25.430, 0.0101, 0.0099,  33.2770, 02 Oct 2018 08:12:13
  8.7404,  3.52770,   25.342, 0.0097, 0.0110,  33.2768, 02 Oct 2018 08:12:15
  8.7405,  3.52773,   25.197, 0.0099, 0.0100,  33.2770, 02 Oct 2018 08:12:18
  8.7406,  3.52771,   25.231, 0.0105, 0.0096,  33.2768, 02 Oct 2018 08:12:20
  8.7400,  3.52763,   25.366, 0.0102, 0.0101,  33.2765, 02 Oct 2018 08:12:23
  8.7404,  3.52771,   25.317, 0.0101, 0.0107,  33.2769, 02 Oct 2018 08:12:25
  8.7405,  3.52776,   25.144, 0.0101, 0.0104,  33.2774, 02 Oct 2018 08:12:27
  8.7407,  3.52773,   25.168, 0.0103, 0.0099,  33.2769, 02 Oct 2018 08:12:30
  8.7402,  3.52770,   25.337, 0.0114, 0.0104,  33.2770, 02 Oct 2018 08:12:32
  8.7401,  3.52769,   25.462, 0.0099, 0.0107,  33.2769, 02 Oct 2018 08:12:35
  8.7403,  3.52769,   25.405, 0.0095, 0.0099,  33.2767, 02 Oct 2018 08:12:37
  8.7408,  3.52774,   25.221, 0.0101, 0.0099,  33.2769, 02 Oct 2018 08:12:39
  8.7408,  3.52773,   25.066, 0.0094, 0.0100,  33.2768, 02 Oct 2018 08:12:42
  8.7404,  3.52770,   25.165, 0.0099, 0.0112,  33.2769, 02 Oct 2018 08:12:44
  8.7401,  3.52774,   25.290, 0.0102, 0.0101,  33.2775, 02 Oct 2018 08:12:47
  8.7403,  3.52770,   25.338, 0.0097, 0.0106,  33.2769, 02 Oct 2018 08:12:49
  8.7402,  3.52767,   25.429, 0.0098, 0.0107,  33.2766, 02 Oct 2018 08:12:51
  8.7403,  3.52769,   25.503, 0.0110, 0.0111,  33.2766, 02 Oct 2018 08:12:54
  8.7403,  3.52766,   25.309, 0.0103, 0.0102,  33.2765, 02 Oct 2018 08:12:56
  8.7408,  3.52770,   24.955, 0.0103, 0.0099,  33.2766, 02 Oct 2018 08:12:58
  8.7408,  3.52762,   24.985, 0.0096, 0.0101,  33.2757, 02 Oct 2018 08:13:01
  8.7400,  3.52762,   25.356, 0.0102, 0.0107,  33.2763, 02 Oct 2018 08:13:03
  8.7403,  3.52762,   25.585, 0.0102, 0.0101,  33.2759, 02 Oct 2018 08:13:06
  8.7404,  3.52760,   25.446, 0.0097, 0.0105,  33.2757, 02 Oct 2018 08:13:08
  8.7405,  3.52759,   25.188, 0.0103, 0.0108,  33.2756, 02 Oct 2018 08:13:11
  8.7406,  3.52759,   25.132, 0.0098, 0.0106,  33.2755, 02 Oct 2018 08:13:13
  8.7401,  3.52752,   25.218, 0.0101, 0.0106,  33.2753, 02 Oct 2018 08:13:15
  8.7398,  3.52751,   25.293, 0.0104, 0.0100,  33.2754, 02 Oct 2018 08:13:18
  8.7401,  3.52754,   25.304, 0.0108, 0.0105,  33.2754, 02 Oct 2018 08:13:20
  8.7401,  3.52755,   25.316, 0.0096, 0.0109,  33.2755, 02 Oct 2018 08:13:23
  8.7402,  3.52755,   25.215, 0.0096, 0.0103,  33.2755, 02 Oct 2018 08:13:25
  8.7400,  3.52755,   25.217, 0.0101, 0.0099,  33.2756, 02 Oct 2018 08:13:27
  8.7400,  3.52751,   25.353, 0.0119, 0.0110,  33.2752, 02 Oct 2018 08:13:30
  8.7397,  3.52752,   25.397, 0.0105, 0.0108,  33.2755, 02 Oct 2018 08:13:32
  8.7404,  3.52751,   25.291, 0.0097, 0.0100,  33.2748, 02 Oct 2018 08:13:35
  8.7405,  3.52756,   25.101, 0.0095, 0.0100,  33.2754, 02 Oct 2018 08:13:37
  8.7407,  3.52756,   25.039, 0.0106, 0.0104,  33.2752, 02 Oct 2018 08:13:39
  8.7401,  3.52751,   25.235, 0.0103, 0.0103,  33.2751, 02 Oct 2018 08:13:42
  8.7397,  3.52744,   25.546, 0.0091, 0.0100,  33.2746, 02 Oct 2018 08:13:44
  8.7401,  3.52752,   25.551, 0.0104, 0.0104,  33.2751, 02 Oct 2018 08:13:46
  8.7404,  3.52758,   25.172, 0.0104, 0.0097,  33.2756, 02 Oct 2018 08:13:49
  8.7407,  3.52754,   24.895, 0.0096, 0.0110,  33.2750, 02 Oct 2018 08:13:51
  8.7407,  3.52750,   25.196, 0.0101, 0.0101,  33.2745, 02 Oct 2018 08:13:54
  8.7400,  3.52752,   25.575, 0.0099, 0.0107,  33.2752, 02 Oct 2018 08:13:56
  8.7400,  3.52752,   25.464, 0.0101, 0.0105,  33.2752, 02 Oct 2018 08:13:58
  8.7405,  3.52751,   25.049, 0.0104, 0.0106,  33.2748, 02 Oct 2018 08:14:01
  8.7408,  3.52747,   25.058, 0.0096, 0.0101,  33.2741, 02 Oct 2018 08:14:03
  8.7401,  3.52752,   25.427, 0.0104, 0.0106,  33.2751, 02 Oct 2018 08:14:06
  8.7402,  3.52748,   25.584, 0.0096, 0.0101,  33.2746, 02 Oct 2018 08:14:08
  8.7405,  3.52751,   25.331, 0.0101, 0.0106,  33.2747, 02 Oct 2018 08:14:10
  8.7408,  3.52752,   25.014, 0.0101, 0.0101,  33.2747, 02 Oct 2018 08:14:13
  8.7403,  3.52747,   25.021, 0.0116, 0.0105,  33.2746, 02 Oct 2018 08:14:15
  8.7401,  3.52747,   25.369, 0.0102, 0.0104,  33.2746, 02 Oct 2018 08:14:18
  8.7400,  3.52748,   25.557, 0.0096, 0.0108,  33.2748, 02 Oct 2018 08:14:20
  8.7405,  3.52752,   25.462, 0.0101, 0.0105,  33.2748, 02 Oct 2018 08:14:22
  8.7406,  3.52755,   25.212, 0.0097, 0.0101,  33.2751, 02 Oct 2018 08:14:25
  8.7405,  3.52750,   25.070, 0.0107, 0.0095,  33.2747, 02 Oct 2018 08:14:27
  8.7403,  3.52747,   25.171, 0.0096, 0.0113,  33.2745, 02 Oct 2018 08:14:29
  8.7400,  3.52743,   25.394, 0.0092, 0.0101,  33.2743, 02 Oct 2018 08:14:32
  8.7401,  3.52748,   25.456, 0.0098, 0.0098,  33.2747, 02 Oct 2018 08:14:34
  8.7403,  3.52745,   25.281, 0.0097, 0.0102,  33.2743, 02 Oct 2018 08:14:36
  8.7408,  3.52750,   25.144, 0.0102, 0.0112,  33.2743, 02 Oct 2018 08:14:39
  8.7403,  3.52743,   25.229, 0.0105, 0.0096,  33.2741, 02 Oct 2018 08:14:41
  8.7400,  3.52748,   25.418, 0.0105, 0.0106,  33.2748, 02 Oct 2018 08:14:44
  8.7404,  3.52748,   25.382, 0.0102, 0.0100,  33.2744, 02 Oct 2018 08:14:46
  8.7404,  3.52748,   25.220, 0.0099, 0.0109,  33.2745, 02 Oct 2018 08:14:48
  8.7405,  3.52747,   25.162, 0.0094, 0.0099,  33.2743, 02 Oct 2018 08:14:51
  8.7399,  3.52750,   25.276, 0.0107, 0.0103,  33.2752, 02 Oct 2018 08:14:53
  8.7400,  3.52748,   25.392, 0.0097, 0.0101,  33.2749, 02 Oct 2018 08:14:56
  8.7401,  3.52750,   25.351, 0.0101, 0.0111,  33.2749, 02 Oct 2018 08:14:58
  8.7405,  3.52747,   25.265, 0.0098, 0.0096,  33.2743, 02 Oct 2018 08:15:00
  8.7403,  3.52752,   25.242, 0.0095, 0.0099,  33.2751, 02 Oct 2018 08:15:03
  8.7400,  3.52758,   25.249, 0.0101, 0.0097,  33.2759, 02 Oct 2018 08:15:05
  8.7400,  3.52752,   25.247, 0.0101, 0.0111,  33.2753, 02 Oct 2018 08:15:07
  8.7400,  3.52748,   25.266, 0.0117, 0.0095,  33.2749, 02 Oct 2018 08:15:10
  8.7401,  3.52752,   25.305, 0.0097, 0.0103,  33.2752, 02 Oct 2018 08:15:12
  8.7401,  3.52751,   25.305, 0.0097, 0.0099,  33.2750, 02 Oct 2018 08:15:15
  8.7400,  3.52748,   25.343, 0.0105, 0.0108,  33.2749, 02 Oct 2018 08:15:17
  8.7402,  3.52744,   25.297, 0.0101, 0.0108,  33.2742, 02 Oct 2018 08:15:19
  8.7405,  3.52750,   25.201, 0.0097, 0.0104,  33.2746, 02 Oct 2018 08:15:22
  8.7403,  3.52744,   25.167, 0.0103, 0.0099,  33.2742, 02 Oct 2018 08:15:24
  8.7400,  3.52747,   25.272, 0.0095, 0.0113,  33.2747, 02 Oct 2018 08:15:26
  8.7398,  3.52750,   25.421, 0.0099, 0.0111,  33.2751, 02 Oct 2018 08:15:29
  8.7398,  3.52747,   25.471, 0.0098, 0.0100,  33.2748, 02 Oct 2018 08:15:31
  8.7404,  3.52752,   25.239, 0.0103, 0.0099,  33.2749, 02 Oct 2018 08:15:34
  8.7407,  3.52751,   25.002, 0.0099, 0.0111,  33.2747, 02 Oct 2018 08:15:36
  8.7403,  3.52745,   25.167, 0.0100, 0.0100,  33.2744, 02 Oct 2018 08:15:38
  8.7401,  3.52748,   25.528, 0.0099, 0.0104,  33.2747, 02 Oct 2018 08:15:41
  8.7403,  3.52756,   25.599, 0.0095, 0.0100,  33.2753, 02 Oct 2018 08:15:43
  8.7405,  3.52759,   25.225, 0.0106, 0.0107,  33.2755, 02 Oct 2018 08:15:46
  8.7405,  3.52769,   24.954, 0.0097, 0.0103,  33.2767, 02 Oct 2018 08:15:48
  8.7404,  3.52763,   25.110, 0.0104, 0.0106,  33.2762, 02 Oct 2018 08:15:50
  8.7403,  3.52784,   25.460, 0.0101, 0.0102,  33.2782, 02 Oct 2018 08:15:53
  8.7403,  3.52789,   25.584, 0.0109, 0.0107,  33.2787, 02 Oct 2018 08:15:55
  8.7410,  3.52787,   25.358, 0.0101, 0.0098,  33.2779, 02 Oct 2018 08:15:57
  8.7407,  3.52784,   25.043, 0.0107, 0.0107,  33.2781, 02 Oct 2018 08:16:00
  8.7407,  3.52766,   25.026, 0.0097, 0.0102,  33.2762, 02 Oct 2018 08:16:02
  8.7404,  3.52785,   25.346, 0.0099, 0.0118,  33.2784, 02 Oct 2018 08:16:04
  8.7408,  3.52797,   25.589, 0.0111, 0.0100,  33.2792, 02 Oct 2018 08:16:07
  8.7407,  3.52797,   25.419, 0.0099, 0.0099,  33.2793, 02 Oct 2018 08:16:09
  8.7407,  3.52788,   25.042, 0.0097, 0.0101,  33.2785, 02 Oct 2018 08:16:12
  8.7407,  3.52788,   25.017, 0.0101, 0.0104,  33.2785, 02 Oct 2018 08:16:14
  8.7404,  3.52789,   25.330, 0.0107, 0.0099,  33.2787, 02 Oct 2018 08:16:16
  8.7407,  3.52800,   25.564, 0.0098, 0.0101,  33.2795, 02 Oct 2018 08:16:19
  8.7411,  3.52807,   25.480, 0.0104, 0.0099,  33.2799, 02 Oct 2018 08:16:21
  8.7412,  3.52807,   25.132, 0.0100, 0.0098,  33.2800, 02 Oct 2018 08:16:24
  8.7409,  3.52793,   24.983, 0.0093, 0.0108,  33.2789, 02 Oct 2018 08:16:26
  8.7412,  3.52825,   25.197, 0.0098, 0.0101,  33.2818, 02 Oct 2018 08:16:28
  8.7411,  3.52832,   25.459, 0.0104, 0.0104,  33.2825, 02 Oct 2018 08:16:31
  8.7413,  3.52845,   25.490, 0.0096, 0.0100,  33.2837, 02 Oct 2018 08:16:33
  8.7414,  3.52826,   25.306, 0.0101, 0.0106,  33.2817, 02 Oct 2018 08:16:35
  8.7411,  3.52822,   25.193, 0.0099, 0.0108,  33.2816, 02 Oct 2018 08:16:38
  8.7411,  3.52822,   25.204, 0.0104, 0.0097,  33.2816, 02 Oct 2018 08:16:40
  8.7408,  3.52821,   25.295, 0.0104, 0.0099,  33.2817, 02 Oct 2018 08:16:43
  8.7414,  3.52848,   25.380, 0.0105, 0.0108,  33.2840, 02 Oct 2018 08:16:45
  8.7414,  3.52848,   25.348, 0.0103, 0.0101,  33.2840, 02 Oct 2018 08:16:47
  8.7414,  3.52842,   25.240, 0.0098, 0.0105,  33.2834, 02 Oct 2018 08:16:50
  8.7412,  3.52853,   25.189, 0.0096, 0.0102,  33.2848, 02 Oct 2018 08:16:52
  8.7411,  3.52856,   25.244, 0.0112, 0.0107,  33.2852, 02 Oct 2018 08:16:54
  8.7413,  3.52855,   25.385, 0.0099, 0.0109,  33.2847, 02 Oct 2018 08:16:57
  8.7412,  3.52860,   25.460, 0.0105, 0.0102,  33.2854, 02 Oct 2018 08:16:59
  8.7413,  3.52858,   25.344, 0.0102, 0.0104,  33.2851, 02 Oct 2018 08:17:02
  8.7416,  3.52855,   25.158, 0.0099, 0.0110,  33.2846, 02 Oct 2018 08:17:04
  8.7411,  3.52862,   25.130, 0.0098, 0.0100,  33.2858, 02 Oct 2018 08:17:06
  8.7414,  3.52877,   25.265, 0.0100, 0.0106,  33.2870, 02 Oct 2018 08:17:09
  8.7417,  3.52879,   25.383, 0.0102, 0.0099,  33.2870, 02 Oct 2018 08:17:11
  8.7433,  3.52923,   25.457, 0.0101, 0.0121,  33.2900, 02 Oct 2018 08:17:13
  8.7437,  3.52934,   25.390, 0.0103, 0.0101,  33.2909, 02 Oct 2018 08:17:16
  8.7433,  3.52919,   25.237, 0.0091, 0.0098,  33.2897, 02 Oct 2018 08:17:18
  8.7432,  3.52923,   25.175, 0.0095, 0.0096,  33.2902, 02 Oct 2018 08:17:21
  8.7425,  3.52908,   25.252, 0.0101, 0.0115,  33.2893, 02 Oct 2018 08:17:23
  8.7426,  3.52913,   25.332, 0.0108, 0.0100,  33.2897, 02 Oct 2018 08:17:25
  8.7430,  3.52922,   25.344, 0.0098, 0.0109,  33.2903, 02 Oct 2018 08:17:28
  8.7434,  3.52930,   25.297, 0.0103, 0.0109,  33.2907, 02 Oct 2018 08:17:30
  8.7437,  3.52931,   25.241, 0.0099, 0.0103,  33.2907, 02 Oct 2018 08:17:33
  8.7435,  3.52934,   25.341, 0.0104, 0.0105,  33.2910, 02 Oct 2018 08:17:35
  8.7433,  3.52924,   25.440, 0.0096, 0.0099,  33.2902, 02 Oct 2018 08:17:37
  8.7432,  3.52922,   25.305, 0.0095, 0.0102,  33.2900, 02 Oct 2018 08:17:40
  8.7436,  3.52922,   25.104, 0.0102, 0.0109,  33.2898, 02 Oct 2018 08:17:42
  8.7426,  3.52897,   25.168, 0.0099, 0.0102,  33.2881, 02 Oct 2018 08:17:44
  8.7419,  3.52894,   25.429, 0.0114, 0.0099,  33.2884, 02 Oct 2018 08:17:47
  8.7417,  3.52883,   25.504, 0.0098, 0.0106,  33.2873, 02 Oct 2018 08:17:49
  8.7420,  3.52882,   25.303, 0.0102, 0.0099,  33.2870, 02 Oct 2018 08:17:52
  8.7422,  3.52881,   25.219, 0.0098, 0.0108,  33.2867, 02 Oct 2018 08:17:54
  8.7413,  3.52879,   25.269, 0.0099, 0.0103,  33.2874, 02 Oct 2018 08:17:56
  8.7414,  3.52875,   25.347, 0.0100, 0.0107,  33.2868, 02 Oct 2018 08:17:59
  8.7414,  3.52874,   25.326, 0.0106, 0.0098,  33.2868, 02 Oct 2018 08:18:01
  8.7417,  3.52874,   25.176, 0.0101, 0.0111,  33.2865, 02 Oct 2018 08:18:04
  8.7415,  3.52878,   25.162, 0.0096, 0.0099,  33.2871, 02 Oct 2018 08:18:06
  8.7412,  3.52877,   25.372, 0.0095, 0.0099,  33.2872, 02 Oct 2018 08:18:08
  8.7416,  3.52882,   25.551, 0.0098, 0.0109,  33.2873, 02 Oct 2018 08:18:11
  8.7415,  3.52878,   25.444, 0.0099, 0.0118,  33.2870, 02 Oct 2018 08:18:13
  8.7415,  3.52878,   25.167, 0.0106, 0.0098,  33.2871, 02 Oct 2018 08:18:16
  8.7419,  3.52879,   25.028, 0.0101, 0.0106,  33.2870, 02 Oct 2018 08:18:18
  8.7416,  3.52875,   25.177, 0.0102, 0.0096,  33.2868, 02 Oct 2018 08:18:20
  8.7416,  3.52883,   25.431, 0.0103, 0.0113,  33.2875, 02 Oct 2018 08:18:23
  8.7431,  3.52923,   25.531, 0.0103, 0.0106,  33.2901, 02 Oct 2018 08:18:25
  8.7424,  3.52892,   25.375, 0.0098, 0.0097,  33.2876, 02 Oct 2018 08:18:27
  8.7422,  3.52889,   25.153, 0.0098, 0.0096,  33.2877, 02 Oct 2018 08:18:30
  8.7421,  3.52888,   25.118, 0.0092, 0.0111,  33.2876, 02 Oct 2018 08:18:32
  8.7424,  3.52900,   25.294, 0.0097, 0.0115,  33.2885, 02 Oct 2018 08:18:35
  8.7431,  3.52919,   25.440, 0.0097, 0.0103,  33.2898, 02 Oct 2018 08:18:37
  8.7426,  3.52893,   25.375, 0.0104, 0.0106,  33.2876, 02 Oct 2018 08:18:39
  8.7425,  3.52893,   25.199, 0.0101, 0.0107,  33.2877, 02 Oct 2018 08:18:42
  8.7428,  3.52896,   25.127, 0.0098, 0.0104,  33.2878, 02 Oct 2018 08:18:44
  8.7421,  3.52893,   25.241, 0.0094, 0.0099,  33.2881, 02 Oct 2018 08:18:47
  8.7426,  3.52901,   25.427, 0.0114, 0.0107,  33.2884, 02 Oct 2018 08:18:49
  8.7430,  3.52915,   25.509, 0.0101, 0.0105,  33.2894, 02 Oct 2018 08:18:51
  8.7428,  3.52909,   25.377, 0.0093, 0.0107,  33.2891, 02 Oct 2018 08:18:54
  8.7429,  3.52900,   25.081, 0.0117, 0.0099,  33.2882, 02 Oct 2018 08:18:56
  8.7427,  3.52893,   24.961, 0.0106, 0.0099,  33.2876, 02 Oct 2018 08:18:59
  8.7422,  3.52885,   25.246, 0.0096, 0.0111,  33.2871, 02 Oct 2018 08:19:01
  8.7425,  3.52907,   25.567, 0.0097, 0.0096,  33.2890, 02 Oct 2018 08:19:03
  8.7424,  3.52890,   25.517, 0.0102, 0.0107,  33.2874, 02 Oct 2018 08:19:06
  8.7426,  3.52888,   25.251, 0.0099, 0.0097,  33.2871, 02 Oct 2018 08:19:08
  8.7424,  3.52881,   25.127, 0.0102, 0.0107,  33.2866, 02 Oct 2018 08:19:11
  8.7415,  3.52868,   25.107, 0.0101, 0.0099,  33.2862, 02 Oct 2018 08:19:13
  8.7415,  3.52873,   25.199, 0.0096, 0.0101,  33.2865, 02 Oct 2018 08:19:15
  8.7412,  3.52868,   25.397, 0.0103, 0.0102,  33.2863, 02 Oct 2018 08:19:18
  8.7413,  3.52874,   25.481, 0.0097, 0.0100,  33.2867, 02 Oct 2018 08:19:20
  8.7414,  3.52867,   25.345, 0.0104, 0.0104,  33.2860, 02 Oct 2018 08:19:23
  8.7418,  3.52863,   25.184, 0.0102, 0.0110,  33.2853, 02 Oct 2018 08:19:25
  8.7415,  3.52860,   25.199, 0.0101, 0.0099,  33.2853, 02 Oct 2018 08:19:27
  8.7412,  3.52853,   25.271, 0.0098, 0.0115,  33.2848, 02 Oct 2018 08:19:30
  8.7410,  3.52856,   25.313, 0.0096, 0.0100,  33.2852, 02 Oct 2018 08:19:32
  8.7411,  3.52852,   25.385, 0.0100, 0.0104,  33.2847, 02 Oct 2018 08:19:34
  8.7412,  3.52860,   25.388, 0.0115, 0.0102,  33.2854, 02 Oct 2018 08:19:37
  8.7416,  3.52859,   25.245, 0.0103, 0.0112,  33.2850, 02 Oct 2018 08:19:39
  8.7414,  3.52863,   25.216, 0.0109, 0.0101,  33.2856, 02 Oct 2018 08:19:42
  8.7408,  3.52845,   25.316, 0.0095, 0.0102,  33.2843, 02 Oct 2018 08:19:44
  8.7409,  3.52844,   25.405, 0.0098, 0.0099,  33.2840, 02 Oct 2018 08:19:46
  8.7411,  3.52845,   25.363, 0.0106, 0.0113,  33.2840, 02 Oct 2018 08:19:49
  8.7413,  3.52852,   25.230, 0.0099, 0.0103,  33.2846, 02 Oct 2018 08:19:51
  8.7417,  3.52849,   25.222, 0.0094, 0.0097,  33.2839, 02 Oct 2018 08:19:54
  8.7405,  3.52834,   25.348, 0.0103, 0.0104,  33.2834, 02 Oct 2018 08:19:56
  8.7407,  3.52833,   25.408, 0.0094, 0.0108,  33.2831, 02 Oct 2018 08:19:58
  8.7411,  3.52836,   25.303, 0.0097, 0.0101,  33.2830, 02 Oct 2018 08:20:01
  8.7411,  3.52837,   25.180, 0.0098, 0.0098,  33.2832, 02 Oct 2018 08:20:03
  8.7413,  3.52836,   25.222, 0.0100, 0.0104,  33.2829, 02 Oct 2018 08:20:06
  8.7405,  3.52822,   25.336, 0.0095, 0.0105,  33.2821, 02 Oct 2018 08:20:08
  8.7408,  3.52825,   25.358, 0.0099, 0.0097,  33.2821, 02 Oct 2018 08:20:10
  8.7409,  3.52826,   25.307, 0.0097, 0.0106,  33.2822, 02 Oct 2018 08:20:13
  8.7409,  3.52826,   25.252, 0.0099, 0.0102,  33.2822, 02 Oct 2018 08:20:15
  8.7410,  3.52833,   25.273, 0.0103, 0.0119,  33.2829, 02 Oct 2018 08:20:17
  8.7409,  3.52840,   25.327, 0.0096, 0.0104,  33.2836, 02 Oct 2018 08:20:20
  8.7408,  3.52834,   25.349, 0.0101, 0.0099,  33.2832, 02 Oct 2018 08:20:22
  8.7412,  3.52827,   25.227, 0.0093, 0.0102,  33.2821, 02 Oct 2018 08:20:25
  8.7409,  3.52830,   25.195, 0.0098, 0.0104,  33.2827, 02 Oct 2018 08:20:27
  8.7404,  3.52812,   25.333, 0.0098, 0.0105,  33.2813, 02 Oct 2018 08:20:29
  8.7406,  3.52823,   25.405, 0.0099, 0.0099,  33.2822, 02 Oct 2018 08:20:32
  8.7407,  3.52825,   25.317, 0.0098, 0.0101,  33.2822, 02 Oct 2018 08:20:34
  8.7408,  3.52822,   25.208, 0.0102, 0.0098,  33.2819, 02 Oct 2018 08:20:36
  8.7407,  3.52823,   25.268, 0.0102, 0.0113,  33.2821, 02 Oct 2018 08:20:39
  8.7409,  3.52817,   25.332, 0.0114, 0.0101,  33.2812, 02 Oct 2018 08:20:41
  8.7408,  3.52827,   25.294, 0.0097, 0.0101,  33.2824, 02 Oct 2018 08:20:44
  8.7410,  3.52829,   25.192, 0.0099, 0.0102,  33.2825, 02 Oct 2018 08:20:46
  8.7414,  3.52832,   25.186, 0.0097, 0.0108,  33.2824, 02 Oct 2018 08:20:48
  8.7408,  3.52817,   25.351, 0.0105, 0.0102,  33.2813, 02 Oct 2018 08:20:51
  8.7408,  3.52840,   25.448, 0.0100, 0.0097,  33.2837, 02 Oct 2018 08:20:53
  8.7408,  3.52832,   25.357, 0.0094, 0.0101,  33.2828, 02 Oct 2018 08:20:56
  8.7414,  3.52836,   25.181, 0.0101, 0.0111,  33.2827, 02 Oct 2018 08:20:58
  8.7414,  3.52833,   25.128, 0.0101, 0.0103,  33.2825, 02 Oct 2018 08:21:00
  8.7407,  3.52821,   25.227, 0.0100, 0.0106,  33.2819, 02 Oct 2018 08:21:03
  8.7406,  3.52832,   25.337, 0.0103, 0.0102,  33.2830, 02 Oct 2018 08:21:05
  8.7408,  3.52836,   25.428, 0.0107, 0.0109,  33.2833, 02 Oct 2018 08:21:07
  8.7406,  3.52842,   25.384, 0.0106, 0.0105,  33.2841, 02 Oct 2018 08:21:10
  8.7414,  3.52847,   25.300, 0.0103, 0.0105,  33.2839, 02 Oct 2018 08:21:12
  8.7411,  3.52845,   25.215, 0.0101, 0.0099,  33.2840, 02 Oct 2018 08:21:14
  8.7414,  3.52860,   25.230, 0.0099, 0.0112,  33.2853, 02 Oct 2018 08:21:17
  8.7416,  3.52870,   25.301, 0.0105, 0.0102,  33.2861, 02 Oct 2018 08:21:19
  8.7417,  3.52867,   25.227, 0.0098, 0.0110,  33.2857, 02 Oct 2018 08:21:22
  8.7417,  3.52868,   25.227, 0.0100, 0.0108,  33.2859, 02 Oct 2018 08:21:24
  8.7414,  3.52860,   25.387, 0.0098, 0.0112,  33.2853, 02 Oct 2018 08:21:26
  8.7413,  3.52863,   25.467, 0.0100, 0.0096,  33.2856, 02 Oct 2018 08:21:29
  8.7416,  3.52867,   25.362, 0.0096, 0.0103,  33.2858, 02 Oct 2018 08:21:31
  8.7421,  3.52867,   25.188, 0.0098, 0.0099,  33.2854, 02 Oct 2018 08:21:34
  8.7414,  3.52862,   25.165, 0.0103, 0.0118,  33.2855, 02 Oct 2018 08:21:36
  8.7413,  3.52849,   25.238, 0.0110, 0.0103,  33.2842, 02 Oct 2018 08:21:38
  8.7410,  3.52847,   25.266, 0.0099, 0.0102,  33.2842, 02 Oct 2018 08:21:41
  8.7410,  3.52842,   25.345, 0.0097, 0.0099,  33.2838, 02 Oct 2018 08:21:43
  8.7407,  3.52834,   25.426, 0.0108, 0.0106,  33.2832, 02 Oct 2018 08:21:45
  8.7405,  3.52837,   25.405, 0.0102, 0.0102,  33.2837, 02 Oct 2018 08:21:48
  8.7411,  3.52840,   25.250, 0.0095, 0.0100,  33.2834, 02 Oct 2018 08:21:50
  8.7413,  3.52838,   25.182, 0.0102, 0.0102,  33.2831, 02 Oct 2018 08:21:53
  8.7412,  3.52860,   25.231, 0.0102, 0.0112,  33.2855, 02 Oct 2018 08:21:55
  8.7415,  3.52864,   25.223, 0.0103, 0.0101,  33.2857, 02 Oct 2018 08:21:57
  8.7414,  3.52867,   25.281, 0.0102, 0.0103,  33.2860, 02 Oct 2018 08:22:00
  8.7412,  3.52859,   25.460, 0.0103, 0.0099,  33.2853, 02 Oct 2018 08:22:02
  8.7414,  3.52860,   25.505, 0.0098, 0.0106,  33.2852, 02 Oct 2018 08:22:05
  8.7416,  3.52859,   25.331, 0.0103, 0.0102,  33.2850, 02 Oct 2018 08:22:07
  8.7418,  3.52864,   25.114, 0.0096, 0.0094,  33.2854, 02 Oct 2018 08:22:09
  8.7415,  3.52853,   25.081, 0.0098, 0.0101,  33.2846, 02 Oct 2018 08:22:12
  8.7411,  3.52856,   25.269, 0.0101, 0.0117,  33.2851, 02 Oct 2018 08:22:14
  8.7412,  3.52864,   25.489, 0.0102, 0.0102,  33.2858, 02 Oct 2018 08:22:16
  8.7418,  3.52874,   25.535, 0.0105, 0.0100,  33.2862, 02 Oct 2018 08:22:19
  8.7418,  3.52864,   25.351, 0.0094, 0.0107,  33.2853, 02 Oct 2018 08:22:21
  8.7418,  3.52866,   25.122, 0.0104, 0.0110,  33.2856, 02 Oct 2018 08:22:24
  8.7418,  3.52863,   25.096, 0.0098, 0.0101,  33.2853, 02 Oct 2018 08:22:26
  8.7411,  3.52863,   25.292, 0.0098, 0.0105,  33.2859, 02 Oct 2018 08:22:28
  8.7417,  3.52874,   25.478, 0.0119, 0.0098,  33.2864, 02 Oct 2018 08:22:31
  8.7416,  3.52870,   25.469, 0.0099, 0.0109,  33.2860, 02 Oct 2018 08:22:33
  8.7419,  3.52868,   25.280, 0.0096, 0.0104,  33.2857, 02 Oct 2018 08:22:36
  8.7419,  3.52871,   25.113, 0.0101, 0.0106,  33.2861, 02 Oct 2018 08:22:38
  8.7417,  3.52864,   25.101, 0.0107, 0.0103,  33.2855, 02 Oct 2018 08:22:40
  8.7411,  3.52853,   25.374, 0.0101, 0.0102,  33.2849, 02 Oct 2018 08:22:43
  8.7416,  3.52863,   25.633, 0.0097, 0.0099,  33.2853, 02 Oct 2018 08:22:45
  8.7415,  3.52864,   25.465, 0.0103, 0.0101,  33.2856, 02 Oct 2018 08:22:47
  8.7417,  3.52858,   25.013, 0.0102, 0.0094,  33.2848, 02 Oct 2018 08:22:50
  8.7413,  3.52853,   24.947, 0.0101, 0.0104,  33.2848, 02 Oct 2018 08:22:52
  8.7413,  3.52868,   25.362, 0.0098, 0.0098,  33.2862, 02 Oct 2018 08:22:55
  8.7414,  3.52873,   25.646, 0.0104, 0.0102,  33.2865, 02 Oct 2018 08:22:57
  8.7415,  3.52868,   25.452, 0.0101, 0.0101,  33.2860, 02 Oct 2018 08:22:59
  8.7417,  3.52863,   25.160, 0.0098, 0.0111,  33.2854, 02 Oct 2018 08:23:02
  8.7412,  3.52851,   25.136, 0.0109, 0.0097,  33.2845, 02 Oct 2018 08:23:04
  8.7411,  3.52863,   25.309, 0.0106, 0.0098,  33.2859, 02 Oct 2018 08:23:07
  8.7412,  3.52863,   25.367, 0.0095, 0.0104,  33.2858, 02 Oct 2018 08:23:09
  8.7412,  3.52851,   25.256, 0.0105, 0.0112,  33.2845, 02 Oct 2018 08:23:11
  8.7411,  3.52848,   25.258, 0.0105, 0.0105,  33.2843, 02 Oct 2018 08:23:14
  8.7408,  3.52851,   25.417, 0.0101, 0.0097,  33.2848, 02 Oct 2018 08:23:16
  8.7413,  3.52867,   25.512, 0.0099, 0.0101,  33.2860, 02 Oct 2018 08:23:18
  8.7412,  3.52855,   25.355, 0.0101, 0.0102,  33.2849, 02 Oct 2018 08:23:21
  8.7415,  3.52852,   25.071, 0.0099, 0.0106,  33.2845, 02 Oct 2018 08:23:23
  8.7414,  3.52848,   25.034, 0.0106, 0.0105,  33.2841, 02 Oct 2018 08:23:26
  8.7409,  3.52855,   25.325, 0.0098, 0.0105,  33.2852, 02 Oct 2018 08:23:28
  8.7411,  3.52874,   25.597, 0.0100, 0.0100,  33.2868, 02 Oct 2018 08:23:30
  8.7413,  3.52866,   25.518, 0.0098, 0.0111,  33.2859, 02 Oct 2018 08:23:33
  8.7413,  3.52862,   25.277, 0.0112, 0.0099,  33.2855, 02 Oct 2018 08:23:35
  8.7414,  3.52852,   25.152, 0.0096, 0.0105,  33.2845, 02 Oct 2018 08:23:37
  8.7408,  3.52853,   25.229, 0.0100, 0.0103,  33.2851, 02 Oct 2018 08:23:40
  8.7405,  3.52842,   25.356, 0.0105, 0.0112,  33.2843, 02 Oct 2018 08:23:42
  8.7408,  3.52842,   25.417, 0.0097, 0.0105,  33.2840, 02 Oct 2018 08:23:45
  8.7408,  3.52842,   25.382, 0.0100, 0.0102,  33.2840, 02 Oct 2018 08:23:47
  8.7408,  3.52841,   25.235, 0.0096, 0.0100,  33.2839, 02 Oct 2018 08:23:49
  8.7410,  3.52841,   25.248, 0.0099, 0.0111,  33.2837, 02 Oct 2018 08:23:52
  8.7402,  3.52836,   25.437, 0.0102, 0.0103,  33.2838, 02 Oct 2018 08:23:54
  8.7404,  3.52847,   25.498, 0.0099, 0.0104,  33.2847, 02 Oct 2018 08:23:56
  8.7408,  3.52845,   25.262, 0.0098, 0.0110,  33.2843, 02 Oct 2018 08:23:59
  8.7410,  3.52834,   24.993, 0.0100, 0.0120,  33.2831, 02 Oct 2018 08:24:01
  8.7405,  3.52822,   25.134, 0.0098, 0.0099,  33.2822, 02 Oct 2018 08:24:04
  8.7403,  3.52832,   25.570, 0.0102, 0.0111,  33.2832, 02 Oct 2018 08:24:06
  8.7407,  3.52845,   25.693, 0.0099, 0.0100,  33.2842, 02 Oct 2018 08:24:08
  8.7408,  3.52836,   25.299, 0.0099, 0.0110,  33.2832, 02 Oct 2018 08:24:11

EraseBlock 12
  8.7406,  3.52822,   24.960, 0.0106, 0.0098,  33.2822, 02 Oct 2018 08:24:13
  8.7404,  3.52808,   25.141, 0.0101, 0.0104,  33.2808, 02 Oct 2018 08:24:16
  8.7400,  3.52818,   25.475, 0.0103, 0.0106,  33.2821, 02 Oct 2018 08:24:18
  8.7401,  3.52825,   25.556, 0.0098, 0.0110,  33.2826, 02 Oct 2018 08:24:20
  8.7405,  3.52822,   25.345, 0.0102, 0.0099,  33.2821, 02 Oct 2018 08:24:23
  8.7407,  3.52815,   25.150, 0.0118, 0.0098,  33.2813, 02 Oct 2018 08:24:25
  8.7404,  3.52810,   25.237, 0.0104, 0.0103,  33.2809, 02 Oct 2018 08:24:27
  8.7401,  3.52811,   25.458, 0.0104, 0.0105,  33.2813, 02 Oct 2018 08:24:30
  8.7403,  3.52811,   25.478, 0.0100, 0.0096,  33.2811, 02 Oct 2018 08:24:32
  8.7406,  3.52808,   25.289, 0.0099, 0.0099,  33.2806, 02 Oct 2018 08:24:34
  8.7405,  3.52801,   25.148, 0.0097, 0.0097,  33.2801, 02 Oct 2018 08:24:37
  8.7406,  3.52799,   25.194, 0.0103, 0.0112,  33.2797, 02 Oct 2018 08:24:39
  8.7401,  3.52787,   25.414, 0.0097, 0.0106,  33.2788, 02 Oct 2018 08:24:42
  8.7400,  3.52795,   25.550, 0.0105, 0.0104,  33.2796, 02 Oct 2018 08:24:44
  8.7403,  3.52792,   25.392, 0.0106, 0.0107,  33.2791, 02 Oct 2018 08:24:46
  8.7407,  3.52792,   25.163, 0.0101, 0.0113,  33.2789, 02 Oct 2018 08:24:49
  8.7407,  3.52785,   25.140, 0.0094, 0.0099,  33.2782, 02 Oct 2018 08:24:51
  8.7400,  3.52767,   25.306, 0.0099, 0.0099,  33.2769, 02 Oct 2018 08:24:54
  8.7400,  3.52781,   25.484, 0.0099, 0.0099,  33.2782, 02 Oct 2018 08:24:56
  8.7401,  3.52773,   25.417, 0.0093, 0.0110,  33.2773, 02 Oct 2018 08:24:58
  8.7405,  3.52773,   25.186, 0.0100, 0.0102,  33.2770, 02 Oct 2018 08:25:01
  8.7405,  3.52766,   25.241, 0.0099, 0.0104,  33.2763, 02 Oct 2018 08:25:03
  8.7397,  3.52752,   25.504, 0.0101, 0.0099,  33.2755, 02 Oct 2018 08:25:06
  8.7401,  3.52751,   25.412, 0.0101, 0.0102,  33.2751, 02 Oct 2018 08:25:08
  8.7401,  3.52756,   25.143, 0.0097, 0.0104,  33.2757, 02 Oct 2018 08:25:10
  8.7403,  3.52747,   25.127, 0.0113, 0.0106,  33.2745, 02 Oct 2018 08:25:13
  8.7396,  3.52731,   25.410, 0.0102, 0.0094,  33.2733, 02 Oct 2018 08:25:15
  8.7398,  3.52744,   25.606, 0.0102, 0.0114,  33.2745, 02 Oct 2018 08:25:17
  8.7398,  3.52740,   25.373, 0.0104, 0.0109,  33.2741, 02 Oct 2018 08:25:20
  8.7401,  3.52732,   25.111, 0.0108, 0.0104,  33.2732, 02 Oct 2018 08:25:22
  8.7398,  3.52725,   25.189, 0.0103, 0.0103,  33.2727, 02 Oct 2018 08:25:25
  8.7396,  3.52731,   25.384, 0.0102, 0.0105,  33.2733, 02 Oct 2018 08:25:27
  8.7395,  3.52729,   25.443, 0.0097, 0.0105,  33.2733, 02 Oct 2018 08:25:29
  8.7400,  3.52729,   25.266, 0.0101, 0.0104,  33.2729, 02 Oct 2018 08:25:32
  8.7401,  3.52725,   25.151, 0.0100, 0.0097,  33.2724, 02 Oct 2018 08:25:34
  8.7398,  3.52724,   25.306, 0.0104, 0.0106,  33.2725, 02 Oct 2018 08:25:36
  8.7393,  3.52724,   25.522, 0.0106, 0.0106,  33.2729, 02 Oct 2018 08:25:39
  8.7393,  3.52720,   25.475, 0.0097, 0.0102,  33.2724, 02 Oct 2018 08:25:41
  8.7401,  3.52726,   25.147, 0.0098, 0.0103,  33.2725, 02 Oct 2018 08:25:44
  8.7403,  3.52720,   25.009, 0.0106, 0.0111,  33.2717, 02 Oct 2018 08:25:46
  8.7399,  3.52707,   25.261, 0.0098, 0.0104,  33.2707, 02 Oct 2018 08:25:48
  8.7394,  3.52710,   25.542, 0.0102, 0.0099,  33.2713, 02 Oct 2018 08:25:51
  8.7396,  3.52710,   25.578, 0.0103, 0.0099,  33.2711, 02 Oct 2018 08:25:53
  8.7398,  3.52711,   25.395, 0.0102, 0.0109,  33.2711, 02 Oct 2018 08:25:56
  8.7399,  3.52709,   25.103, 0.0102, 0.0102,  33.2709, 02 Oct 2018 08:25:58
  8.7402,  3.52710,   25.079, 0.0099, 0.0109,  33.2708, 02 Oct 2018 08:26:00
  8.7395,  3.52706,   25.430, 0.0105, 0.0111,  33.2709, 02 Oct 2018 08:26:03
  8.7393,  3.52707,   25.573, 0.0099, 0.0107,  33.2711, 02 Oct 2018 08:26:05
  8.7400,  3.52706,   25.346, 0.0101, 0.0098,  33.2704, 02 Oct 2018 08:26:07
  8.7401,  3.52702,   25.110, 0.0106, 0.0104,  33.2700, 02 Oct 2018 08:26:10
  8.7399,  3.52699,   25.217, 0.0098, 0.0098,  33.2699, 02 Oct 2018 08:26:12
  8.7397,  3.52698,   25.482, 0.0104, 0.0113,  33.2698, 02 Oct 2018 08:26:14
  8.7394,  3.52713,   25.566, 0.0115, 0.0099,  33.2716, 02 Oct 2018 08:26:17
  8.7396,  3.52706,   25.367, 0.0098, 0.0102,  33.2708, 02 Oct 2018 08:26:19
  8.7400,  3.52705,   25.070, 0.0095, 0.0104,  33.2704, 02 Oct 2018 08:26:22
  8.7400,  3.52702,   25.054, 0.0101, 0.0104,  33.2701, 02 Oct 2018 08:26:24
  8.7395,  3.52700,   25.317, 0.0097, 0.0101,  33.2703, 02 Oct 2018 08:26:26
  8.7393,  3.52707,   25.577, 0.0100, 0.0099,  33.2712, 02 Oct 2018 08:26:29
  8.7392,  3.52709,   25.633, 0.0095, 0.0099,  33.2713, 02 Oct 2018 08:26:31
  8.7398,  3.52710,   25.367, 0.0103, 0.0108,  33.2710, 02 Oct 2018 08:26:34
  8.7400,  3.52709,   25.061, 0.0100, 0.0101,  33.2708, 02 Oct 2018 08:26:36
  8.7400,  3.52700,   25.064, 0.0094, 0.0100,  33.2700, 02 Oct 2018 08:26:38
  8.7396,  3.52698,   25.361, 0.0099, 0.0098,  33.2699, 02 Oct 2018 08:26:41
  8.7394,  3.52711,   25.496, 0.0103, 0.0100,  33.2715, 02 Oct 2018 08:26:43
  8.7400,  3.52702,   25.376, 0.0102, 0.0098,  33.2700, 02 Oct 2018 08:26:45
  8.7401,  3.52706,   25.323, 0.0097, 0.0105,  33.2703, 02 Oct 2018 08:26:48
  8.7397,  3.52707,   25.410, 0.0099, 0.0102,  33.2709, 02 Oct 2018 08:26:50
  8.7395,  3.52711,   25.373, 0.0104, 0.0105,  33.2714, 02 Oct 2018 08:26:53
  8.7400,  3.52706,   25.205, 0.0099, 0.0100,  33.2705, 02 Oct 2018 08:26:55
  8.7401,  3.52703,   25.147, 0.0096, 0.0101,  33.2702, 02 Oct 2018 08:26:57
  8.7396,  3.52702,   25.323, 0.0100, 0.0100,  33.2704, 02 Oct 2018 08:27:00
  8.7394,  3.52716,   25.457, 0.0102, 0.0108,  33.2719, 02 Oct 2018 08:27:02
  8.7398,  3.52713,   25.417, 0.0097, 0.0100,  33.2713, 02 Oct 2018 08:27:05
  8.7400,  3.52711,   25.328, 0.0102, 0.0104,  33.2710, 02 Oct 2018 08:27:07
  8.7400,  3.52713,   25.306, 0.0105, 0.0098,  33.2712, 02 Oct 2018 08:27:09
  8.7397,  3.52716,   25.314, 0.0095, 0.0107,  33.2718, 02 Oct 2018 08:27:12
  8.7396,  3.52720,   25.283, 0.0111, 0.0105,  33.2723, 02 Oct 2018 08:27:14
  8.7396,  3.52718,   25.288, 0.0099, 0.0104,  33.2721, 02 Oct 2018 08:27:16
  8.7393,  3.52720,   25.311, 0.0098, 0.0107,  33.2725, 02 Oct 2018 08:27:19
  8.7396,  3.52726,   25.349, 0.0097, 0.0113,  33.2729, 02 Oct 2018 08:27:21
  8.7397,  3.52725,   25.365, 0.0101, 0.0100,  33.2728, 02 Oct 2018 08:27:24
  8.7396,  3.52721,   25.346, 0.0094, 0.0101,  33.2723, 02 Oct 2018 08:27:26
  8.7398,  3.52729,   25.352, 0.0103, 0.0106,  33.2731, 02 Oct 2018 08:27:28
  8.7398,  3.52728,   25.346, 0.0103, 0.0108,  33.2729, 02 Oct 2018 08:27:31
  8.7397,  3.52729,   25.276, 0.0096, 0.0105,  33.2731, 02 Oct 2018 08:27:33
  8.7396,  3.52731,   25.271, 0.0098, 0.0100,  33.2734, 02 Oct 2018 08:27:36
  8.7395,  3.52731,   25.279, 0.0101, 0.0100,  33.2735, 02 Oct 2018 08:27:38
  8.7396,  3.52728,   25.300, 0.0101, 0.0113,  33.2732, 02 Oct 2018 08:27:40
  8.7397,  3.52759,   25.427, 0.0098, 0.0104,  33.2762, 02 Oct 2018 08:27:43
  8.7397,  3.52776,   25.511, 0.0097, 0.0098,  33.2779, 02 Oct 2018 08:27:45
  8.7398,  3.52767,   25.370, 0.0105, 0.0101,  33.2770, 02 Oct 2018 08:27:47
  8.7402,  3.52759,   25.223, 0.0097, 0.0111,  33.2759, 02 Oct 2018 08:27:50
  8.7400,  3.52754,   25.241, 0.0102, 0.0103,  33.2755, 02 Oct 2018 08:27:52
  8.7399,  3.52771,   25.338, 0.0092, 0.0103,  33.2774, 02 Oct 2018 08:27:55
  8.7396,  3.52774,   25.371, 0.0096, 0.0098,  33.2779, 02 Oct 2018 08:27:57
  8.7399,  3.52773,   25.374, 0.0123, 0.0111,  33.2775, 02 Oct 2018 08:27:59
  8.7399,  3.52776,   25.413, 0.0101, 0.0101,  33.2777, 02 Oct 2018 08:28:02
  8.7397,  3.52773,   25.381, 0.0099, 0.0099,  33.2777, 02 Oct 2018 08:28:04
  8.7398,  3.52834,   25.426, 0.0098, 0.0106,  33.2840, 02 Oct 2018 08:28:40
  8.7397,  3.52829,   25.359, 0.0092, 0.0098,  33.2836, 02 Oct 2018 08:28:42
  8.7399,  3.52822,   25.429, 0.0097, 0.0102,  33.2826, 02 Oct 2018 08:28:45
  8.7400,  3.52843,   25.930, 0.0100, 0.0105,  33.2845, 02 Oct 2018 08:28:47
  8.7406,  3.52864,   26.368, 0.0099, 0.0110,  33.2860, 02 Oct 2018 08:28:49
  8.7441,  3.52941,   26.810, 0.0104, 0.0103,  33.2905, 02 Oct 2018 08:28:52
  8.7481,  3.53056,   27.428, 0.0101, 0.0098,  33.2985, 02 Oct 2018 08:28:54
  8.7563,  3.53322,   28.063, 0.0104, 0.0102,  33.3185, 02 Oct 2018 08:28:56
  8.7562,  3.53295,   28.406, 0.0096, 0.0114,  33.3155, 02 Oct 2018 08:28:59
  8.7564,  3.53331,   28.597, 0.0098, 0.0099,  33.3189, 02 Oct 2018 08:29:01
  8.7617,  3.53525,   29.017, 0.0106, 0.0104,  33.3341, 02 Oct 2018 08:29:04
  8.7759,  3.54058,   29.814, 0.0100, 0.0099,  33.3763, 02 Oct 2018 08:29:06
  8.7816,  3.54220,   30.577, 0.0104, 0.0108,  33.3875, 02 Oct 2018 08:29:08
  8.7818,  3.54222,   30.911, 0.0095, 0.0108,  33.3874, 02 Oct 2018 08:29:11
  8.7809,  3.54199,   30.977, 0.0096, 0.0108,  33.3858, 02 Oct 2018 08:29:13
  8.7831,  3.54287,   31.257, 0.0096, 0.0103,  33.3928, 02 Oct 2018 08:29:15
  8.7865,  3.54420,   32.004, 0.0095, 0.0106,  33.4032, 02 Oct 2018 08:29:18
  8.7908,  3.54574,   32.803, 0.0099, 0.0095,  33.4149, 02 Oct 2018 08:29:20
  8.7918,  3.54617,   33.290, 0.0097, 0.0105,  33.4182, 02 Oct 2018 08:29:23
  8.7910,  3.54585,   33.479, 0.0095, 0.0104,  33.4155, 02 Oct 2018 08:29:25
  8.7908,  3.54592,   33.681, 0.0096, 0.0109,  33.4163, 02 Oct 2018 08:29:27
  8.7952,  3.54846,   34.244, 0.0101, 0.0102,  33.4386, 02 Oct 2018 08:29:30
  8.7978,  3.54990,   35.055, 0.0097, 0.0099,  33.4509, 02 Oct 2018 08:29:32
  8.7982,  3.55076,   35.605, 0.0102, 0.0104,  33.4592, 02 Oct 2018 08:29:35
  8.7974,  3.55136,   35.733, 0.0097, 0.0109,  33.4662, 02 Oct 2018 08:29:37
  8.7974,  3.55099,   35.909, 0.0097, 0.0100,  33.4623, 02 Oct 2018 08:29:39
  8.7935,  3.55249,   36.512, 0.0094, 0.0106,  33.4814, 02 Oct 2018 08:29:42
  8.7757,  3.55432,   37.278, 0.0106, 0.0105,  33.5171, 02 Oct 2018 08:29:44
  8.7688,  3.55515,   37.862, 0.0103, 0.0114,  33.5320, 02 Oct 2018 08:29:47
  8.7722,  3.55476,   38.113, 0.0098, 0.0104,  33.5247, 02 Oct 2018 08:29:49
  8.7724,  3.55480,   38.275, 0.0114, 0.0100,  33.5248, 02 Oct 2018 08:29:51
  8.7632,  3.55628,   38.638, 0.0102, 0.0100,  33.5488, 02 Oct 2018 08:29:54
  8.7619,  3.55638,   39.311, 0.0101, 0.0112,  33.5507, 02 Oct 2018 08:29:56
  8.7600,  3.55677,   39.999, 0.0099, 0.0099,  33.5563, 02 Oct 2018 08:29:58
  8.7602,  3.55683,   40.443, 0.0097, 0.0104,  33.5566, 02 Oct 2018 08:30:01
  8.7611,  3.55672,   40.692, 0.0104, 0.0103,  33.5545, 02 Oct 2018 08:30:03
  8.7615,  3.55729,   41.007, 0.0100, 0.0112,  33.5599, 02 Oct 2018 08:30:06
  8.7623,  3.55773,   41.541, 0.0095, 0.0105,  33.5635, 02 Oct 2018 08:30:08
  8.7744,  3.56107,   42.124, 0.0098, 0.0098,  33.5868, 02 Oct 2018 08:30:10
  8.7840,  3.56329,   42.562, 0.0100, 0.0103,  33.6008, 02 Oct 2018 08:30:13
  8.7915,  3.56505,   42.897, 0.0100, 0.0111,  33.6119, 02 Oct 2018 08:30:15
  8.8100,  3.56828,   43.262, 0.0103, 0.0108,  33.6281, 02 Oct 2018 08:30:17
  8.8206,  3.56990,   43.328, 0.0100, 0.0105,  33.6350, 02 Oct 2018 08:30:20
  8.8180,  3.56969,   43.422, 0.0097, 0.0096,  33.6353, 02 Oct 2018 08:30:22
  8.8280,  3.57189,   43.438, 0.0106, 0.0112,  33.6487, 02 Oct 2018 08:30:25
