
---  10-02-18 16:04:22 ---
  8.8011,  3.54988,   44.368, 0.0095, 0.0102,  33.4432, 02 Oct 2018 16:04:50
 11.2253,  3.70290,   16.217, 0.0096, 0.0101,  32.7882, 02 Oct 2018 16:09:07
 11.3395,  3.70862,   16.279, 0.0099, 0.0108,  32.7429, 02 Oct 2018 16:09:10
 11.3762,  3.71180,   16.311, 0.0104, 0.0101,  32.7416, 02 Oct 2018 16:09:12
 11.3856,  3.71308,   16.234, 0.0107, 0.0106,  32.7458, 02 Oct 2018 16:09:15
 11.4129,  3.71608,   16.177, 0.0105, 0.0101,  32.7511, 02 Oct 2018 16:09:17
 11.4510,  3.71853,   16.309, 0.0101, 0.0112,  32.7412, 02 Oct 2018 16:09:19
 11.4507,  3.71887,   16.414, 0.0096, 0.0100,  32.7448, 02 Oct 2018 16:09:22
 11.4575,  3.71928,   16.504, 0.0097, 0.0099,  32.7427, 02 Oct 2018 16:09:24
 11.4569,  3.71943,   16.424, 0.0105, 0.0097,  32.7449, 02 Oct 2018 16:09:27
 11.4436,  3.71855,   16.165, 0.0097, 0.0107,  32.7480, 02 Oct 2018 16:09:29
 11.4691,  3.72080,   16.232, 0.0100, 0.0113,  32.7475, 02 Oct 2018 16:09:31
 11.5006,  3.72244,   16.338, 0.0099, 0.0101,  32.7356, 02 Oct 2018 16:09:34
 11.4995,  3.72187,   16.357, 0.0091, 0.0102,  32.7311, 02 Oct 2018 16:09:36
 11.5065,  3.72234,   16.452, 0.0103, 0.0100,  32.7294, 02 Oct 2018 16:09:39
 11.5139,  3.72375,   16.588, 0.0096, 0.0107,  32.7366, 02 Oct 2018 16:09:41
 11.5079,  3.72333,   16.375, 0.0100, 0.0101,  32.7378, 02 Oct 2018 16:09:43
 11.5043,  3.72324,   16.249, 0.0101, 0.0104,  32.7402, 02 Oct 2018 16:09:46
 11.5036,  3.72382,   16.282, 0.0098, 0.0099,  32.7466, 02 Oct 2018 16:09:48
 11.5010,  3.72298,   16.395, 0.0096, 0.0105,  32.7406, 02 Oct 2018 16:09:50
 11.4987,  3.72299,   16.384, 0.0095, 0.0101,  32.7427, 02 Oct 2018 16:09:53
 11.5009,  3.72367,   16.292, 0.0095, 0.0102,  32.7474, 02 Oct 2018 16:09:55
 11.5031,  3.72429,   16.347, 0.0112, 0.0100,  32.7516, 02 Oct 2018 16:09:58
 11.4986,  3.72334,   16.505, 0.0099, 0.0115,  32.7462, 02 Oct 2018 16:10:00
 11.4975,  3.72385,   16.536, 0.0096, 0.0103,  32.7521, 02 Oct 2018 16:10:02
 11.4954,  3.72402,   16.352, 0.0094, 0.0104,  32.7557, 02 Oct 2018 16:10:05
 11.4936,  3.72395,   16.090, 0.0101, 0.0098,  32.7567, 02 Oct 2018 16:10:07
 11.4964,  3.72405,   16.127, 0.0088, 0.0100,  32.7552, 02 Oct 2018 16:10:09
 11.4891,  3.72257,   16.485, 0.0105, 0.0101,  32.7471, 02 Oct 2018 16:10:12
 11.4803,  3.72278,   16.797, 0.0101, 0.0102,  32.7567, 02 Oct 2018 16:10:14
 11.4767,  3.72230,   16.562, 0.0091, 0.0104,  32.7553, 02 Oct 2018 16:10:17
 11.4545,  3.72110,   16.252, 0.0097, 0.0118,  32.7634, 02 Oct 2018 16:10:19
 11.4581,  3.72198,   16.243, 0.0094, 0.0102,  32.7688, 02 Oct 2018 16:10:21
 11.4720,  3.72285,   16.435, 0.0101, 0.0101,  32.7649, 02 Oct 2018 16:10:24
 11.4767,  3.72316,   16.504, 0.0103, 0.0099,  32.7638, 02 Oct 2018 16:10:26
 11.4625,  3.72198,   16.252, 0.0096, 0.0115,  32.7649, 02 Oct 2018 16:10:28
 11.4356,  3.72011,   16.261, 0.0095, 0.0099,  32.7704, 02 Oct 2018 16:10:31
 11.4285,  3.71963,   16.378, 0.0094, 0.0099,  32.7720, 02 Oct 2018 16:10:33
 11.4229,  3.71913,   16.523, 0.0097, 0.0097,  32.7719, 02 Oct 2018 16:10:36
 11.4084,  3.71839,   16.617, 0.0102, 0.0107,  32.7775, 02 Oct 2018 16:10:38
 11.3835,  3.71628,   16.380, 0.0092, 0.0102,  32.7790, 02 Oct 2018 16:10:40
 11.4062,  3.71801,   16.015, 0.0094, 0.0095,  32.7760, 02 Oct 2018 16:10:43
 11.3801,  3.71590,   16.081, 0.0095, 0.0098,  32.7785, 02 Oct 2018 16:10:45
 11.3800,  3.71613,   16.263, 0.0089, 0.0104,  32.7808, 02 Oct 2018 16:10:47
 11.3300,  3.71297,   16.622, 0.0097, 0.0108,  32.7940, 02 Oct 2018 16:10:50
 11.2538,  3.70896,   16.821, 0.0102, 0.0098,  32.8221, 02 Oct 2018 16:10:52
 11.2687,  3.70983,   16.434, 0.0096, 0.0100,  32.8176, 02 Oct 2018 16:10:54
 11.1442,  3.69964,   16.151, 0.0093, 0.0100,  32.8284, 02 Oct 2018 16:10:57
 11.0391,  3.69314,   16.245, 0.0093, 0.0105,  32.8579, 02 Oct 2018 16:10:59
 11.0461,  3.69389,   16.299, 0.0096, 0.0100,  32.8590, 02 Oct 2018 16:11:01
 10.9907,  3.68906,   16.381, 0.0099, 0.0105,  32.8608, 02 Oct 2018 16:11:04
 10.9471,  3.68608,   16.424, 0.0099, 0.0109,  32.8703, 02 Oct 2018 16:11:06
 10.9519,  3.68646,   16.357, 0.0098, 0.0106,  32.8697, 02 Oct 2018 16:11:09
 10.8510,  3.67875,   16.472, 0.0090, 0.0098,  32.8836, 02 Oct 2018 16:11:11
 10.7752,  3.67420,   16.504, 0.0094, 0.0099,  32.9065, 02 Oct 2018 16:11:13
 10.7939,  3.67538,   16.060, 0.0105, 0.0105,  32.9016, 02 Oct 2018 16:11:16
 10.6945,  3.66715,   16.021, 0.0100, 0.0115,  32.9090, 02 Oct 2018 16:11:18
 10.6196,  3.66271,   16.113, 0.0092, 0.0097,  32.9322, 02 Oct 2018 16:11:21
 10.4287,  3.64616,   16.305, 0.0092, 0.0097,  32.9389, 02 Oct 2018 16:11:23
 10.3714,  3.64297,   16.508, 0.0094, 0.0101,  32.9586, 02 Oct 2018 16:11:25
 10.2652,  3.63544,   16.573, 0.0099, 0.0106,  32.9791, 02 Oct 2018 16:11:28
 10.3389,  3.64128,   16.198, 0.0101, 0.0098,  32.9712, 02 Oct 2018 16:11:30
 10.1077,  3.62164,   16.045, 0.0093, 0.0105,  32.9832, 02 Oct 2018 16:11:32
 10.0140,  3.61482,   16.022, 0.0093, 0.0094,  32.9995, 02 Oct 2018 16:11:35
  9.9609,  3.61019,   16.145, 0.0091, 0.0106,  33.0009, 02 Oct 2018 16:11:37
  9.8958,  3.60580,   16.301, 0.0102, 0.0102,  33.0158, 02 Oct 2018 16:11:39
  9.8371,  3.60202,   16.390, 0.0093, 0.0099,  33.0311, 02 Oct 2018 16:11:42
  9.8257,  3.60073,   16.272, 0.0109, 0.0101,  33.0284, 02 Oct 2018 16:11:44
  9.8005,  3.59826,   16.208, 0.0109, 0.0104,  33.0264, 02 Oct 2018 16:11:47
  9.7921,  3.59742,   16.173, 0.0098, 0.0106,  33.0255, 02 Oct 2018 16:11:49
  9.7833,  3.59675,   16.113, 0.0105, 0.0101,  33.0268, 02 Oct 2018 16:11:51
  9.7774,  3.59625,   16.081, 0.0094, 0.0102,  33.0270, 02 Oct 2018 16:11:54
  9.7692,  3.59565,   16.086, 0.0097, 0.0108,  33.0285, 02 Oct 2018 16:11:56
  9.7501,  3.59442,   16.175, 0.0094, 0.0099,  33.0334, 02 Oct 2018 16:11:58
  9.7336,  3.59350,   16.229, 0.0098, 0.0100,  33.0391, 02 Oct 2018 16:12:01
  9.6996,  3.59148,   16.330, 0.0105, 0.0105,  33.0496, 02 Oct 2018 16:12:03
  9.6929,  3.59090,   16.278, 0.0105, 0.0100,  33.0499, 02 Oct 2018 16:12:06
  9.6890,  3.59036,   16.100, 0.0099, 0.0095,  33.0480, 02 Oct 2018 16:12:08
  9.6976,  3.59067,   15.926, 0.0094, 0.0104,  33.0433, 02 Oct 2018 16:12:10
  9.6806,  3.58921,   15.943, 0.0099, 0.0101,  33.0440, 02 Oct 2018 16:12:13
  9.6721,  3.58869,   16.280, 0.0102, 0.0098,  33.0464, 02 Oct 2018 16:12:15
  9.6786,  3.58955,   16.469, 0.0097, 0.0102,  33.0491, 02 Oct 2018 16:12:17
  9.6610,  3.58739,   16.254, 0.0095, 0.0099,  33.0433, 02 Oct 2018 16:12:20
  9.6443,  3.58606,   16.054, 0.0096, 0.0100,  33.0452, 02 Oct 2018 16:12:22
  9.6469,  3.58619,   16.088, 0.0094, 0.0105,  33.0442, 02 Oct 2018 16:12:24
  9.6469,  3.58610,   16.224, 0.0104, 0.0111,  33.0431, 02 Oct 2018 16:12:27
  9.6439,  3.58579,   16.209, 0.0099, 0.0104,  33.0427, 02 Oct 2018 16:12:29
  9.6425,  3.58565,   16.098, 0.0103, 0.0101,  33.0427, 02 Oct 2018 16:12:31
  9.6357,  3.58482,   16.118, 0.0097, 0.0098,  33.0403, 02 Oct 2018 16:12:34
  9.6329,  3.58467,   16.288, 0.0097, 0.0111,  33.0413, 02 Oct 2018 16:12:36
  9.6322,  3.58451,   16.364, 0.0098, 0.0097,  33.0403, 02 Oct 2018 16:12:38
  9.6295,  3.58436,   16.228, 0.0101, 0.0098,  33.0413, 02 Oct 2018 16:12:41
  9.6300,  3.58426,   15.929, 0.0097, 0.0099,  33.0400, 02 Oct 2018 16:12:43
  9.6450,  3.58557,   15.899, 0.0103, 0.0105,  33.0396, 02 Oct 2018 16:12:46
  9.6332,  3.58437,   16.192, 0.0091, 0.0106,  33.0380, 02 Oct 2018 16:12:48
  9.6403,  3.58512,   16.264, 0.0097, 0.0101,  33.0392, 02 Oct 2018 16:12:50
  9.6397,  3.58491,   16.084, 0.0100, 0.0105,  33.0376, 02 Oct 2018 16:12:53
  9.6325,  3.58423,   15.990, 0.0101, 0.0114,  33.0373, 02 Oct 2018 16:12:55
  9.6361,  3.58475,   16.232, 0.0102, 0.0106,  33.0392, 02 Oct 2018 16:12:57
  9.6385,  3.58489,   16.385, 0.0104, 0.0106,  33.0383, 02 Oct 2018 16:13:00
  9.6403,  3.58493,   16.186, 0.0097, 0.0104,  33.0372, 02 Oct 2018 16:13:02
  9.6418,  3.58507,   15.810, 0.0095, 0.0110,  33.0374, 02 Oct 2018 16:13:04
  9.6702,  3.58741,   15.858, 0.0103, 0.0105,  33.0352, 02 Oct 2018 16:13:07
  9.6747,  3.58753,   16.243, 0.0097, 0.0099,  33.0322, 02 Oct 2018 16:13:09
  9.6815,  3.58814,   16.380, 0.0099, 0.0100,  33.0320, 02 Oct 2018 16:13:12
  9.6769,  3.58776,   16.163, 0.0093, 0.0106,  33.0325, 02 Oct 2018 16:13:14
  9.6835,  3.58823,   15.964, 0.0093, 0.0094,  33.0313, 02 Oct 2018 16:13:16
  9.6943,  3.58890,   16.004, 0.0102, 0.0102,  33.0282, 02 Oct 2018 16:13:19
  9.6953,  3.58891,   16.119, 0.0101, 0.0105,  33.0274, 02 Oct 2018 16:13:21
  9.7208,  3.59007,   16.168, 0.0099, 0.0102,  33.0159, 02 Oct 2018 16:13:23
  9.7358,  3.59075,   16.177, 0.0099, 0.0104,  33.0090, 02 Oct 2018 16:13:26
  9.7460,  3.59132,   16.108, 0.0103, 0.0106,  33.0055, 02 Oct 2018 16:13:28
  9.7521,  3.59160,   16.084, 0.0099, 0.0103,  33.0028, 02 Oct 2018 16:13:30
  9.7558,  3.59186,   16.179, 0.0102, 0.0101,  33.0020, 02 Oct 2018 16:13:33
  9.7672,  3.59242,   16.220, 0.0104, 0.0104,  32.9973, 02 Oct 2018 16:13:35
  9.7704,  3.59267,   16.129, 0.0105, 0.0100,  32.9970, 02 Oct 2018 16:13:37
  9.7729,  3.59273,   16.089, 0.0102, 0.0109,  32.9952, 02 Oct 2018 16:13:40
  9.7756,  3.59287,   15.993, 0.0098, 0.0104,  32.9943, 02 Oct 2018 16:13:42
  9.7841,  3.59333,   16.091, 0.0102, 0.0111,  32.9911, 02 Oct 2018 16:13:45
  9.7902,  3.59378,   16.182, 0.0099, 0.0103,  32.9901, 02 Oct 2018 16:13:47
  9.7997,  3.59453,   16.138, 0.0105, 0.0102,  32.9890, 02 Oct 2018 16:13:49
  9.8052,  3.59499,   16.069, 0.0104, 0.0105,  32.9887, 02 Oct 2018 16:13:52
  9.8170,  3.59594,   16.077, 0.0102, 0.0110,  32.9876, 02 Oct 2018 16:13:54
  9.8264,  3.59657,   16.105, 0.0104, 0.0109,  32.9853, 02 Oct 2018 16:13:56
  9.8285,  3.59665,   16.106, 0.0099, 0.0106,  32.9843, 02 Oct 2018 16:13:59
  9.8419,  3.59762,   16.063, 0.0105, 0.0105,  32.9819, 02 Oct 2018 16:14:01
  9.8483,  3.59791,   15.903, 0.0102, 0.0107,  32.9791, 02 Oct 2018 16:14:03
  9.8786,  3.59980,   15.982, 0.0102, 0.0102,  32.9705, 02 Oct 2018 16:14:06
  9.9472,  3.60454,   16.231, 0.0103, 0.0096,  32.9560, 02 Oct 2018 16:14:08
  9.9521,  3.60482,   16.281, 0.0098, 0.0107,  32.9545, 02 Oct 2018 16:14:11
  9.9816,  3.60745,   16.019, 0.0098, 0.0107,  32.9543, 02 Oct 2018 16:14:13
 10.0379,  3.61174,   15.845, 0.0096, 0.0098,  32.9466, 02 Oct 2018 16:14:15
 10.1044,  3.61761,   15.860, 0.0099, 0.0105,  32.9455, 02 Oct 2018 16:14:18
 10.1405,  3.62053,   16.088, 0.0101, 0.0109,  32.9420, 02 Oct 2018 16:14:20
 10.1538,  3.62144,   16.211, 0.0098, 0.0109,  32.9391, 02 Oct 2018 16:14:23
 10.1348,  3.61992,   16.121, 0.0101, 0.0105,  32.9411, 02 Oct 2018 16:14:25
 10.1322,  3.61991,   15.919, 0.0104, 0.0103,  32.9434, 02 Oct 2018 16:14:27
 10.2445,  3.62837,   15.942, 0.0101, 0.0100,  32.9268, 02 Oct 2018 16:14:30
 10.2977,  3.63208,   16.059, 0.0097, 0.0105,  32.9159, 02 Oct 2018 16:14:32
 10.3203,  3.63376,   16.109, 0.0099, 0.0100,  32.9123, 02 Oct 2018 16:14:34
 10.3100,  3.63329,   16.036, 0.0104, 0.0100,  32.9170, 02 Oct 2018 16:14:37
 10.3354,  3.63541,   15.978, 0.0099, 0.0108,  32.9153, 02 Oct 2018 16:14:39
 10.3841,  3.63921,   16.098, 0.0104, 0.0107,  32.9095, 02 Oct 2018 16:14:41
 10.3675,  3.63805,   16.110, 0.0096, 0.0103,  32.9127, 02 Oct 2018 16:14:44
 10.3734,  3.63925,   16.088, 0.0091, 0.0108,  32.9195, 02 Oct 2018 16:14:46
 10.4073,  3.64155,   16.057, 0.0099, 0.0104,  32.9119, 02 Oct 2018 16:14:48
 10.4873,  3.64864,   16.072, 0.0104, 0.0106,  32.9108, 02 Oct 2018 16:14:51
 10.5036,  3.64815,   15.984, 0.0096, 0.0103,  32.8912, 02 Oct 2018 16:14:53
 10.5148,  3.64976,   16.076, 0.0098, 0.0102,  32.8971, 02 Oct 2018 16:14:56
 10.6632,  3.66098,   16.152, 0.0098, 0.0110,  32.8756, 02 Oct 2018 16:14:58
 10.6713,  3.66102,   16.117, 0.0103, 0.0109,  32.8687, 02 Oct 2018 16:15:00
 10.6312,  3.65837,   15.941, 0.0102, 0.0107,  32.8784, 02 Oct 2018 16:15:03
 10.8176,  3.67177,   16.024, 0.0099, 0.0106,  32.8444, 02 Oct 2018 16:15:05
 10.9069,  3.67707,   16.118, 0.0098, 0.0101,  32.8170, 02 Oct 2018 16:15:07
 10.8935,  3.67657,   16.108, 0.0103, 0.0102,  32.8240, 02 Oct 2018 16:15:10
 10.9187,  3.67860,   16.054, 0.0101, 0.0113,  32.8216, 02 Oct 2018 16:15:12
 10.9283,  3.67950,   16.000, 0.0100, 0.0104,  32.8221, 02 Oct 2018 16:15:15
 10.9506,  3.68120,   16.128, 0.0102, 0.0100,  32.8188, 02 Oct 2018 16:15:17
 11.0190,  3.68670,   16.221, 0.0100, 0.0108,  32.8121, 02 Oct 2018 16:15:19
 11.0036,  3.68534,   16.095, 0.0101, 0.0107,  32.8125, 02 Oct 2018 16:15:22
 11.0787,  3.69219,   16.008, 0.0096, 0.0105,  32.8132, 02 Oct 2018 16:15:24
 11.0742,  3.69173,   16.041, 0.0101, 0.0099,  32.8127, 02 Oct 2018 16:15:26
 11.1148,  3.69521,   16.052, 0.0101, 0.0109,  32.8108, 02 Oct 2018 16:15:29
 11.1249,  3.69547,   16.218, 0.0109, 0.0108,  32.8043, 02 Oct 2018 16:15:31
 11.1055,  3.69478,   16.267, 0.0101, 0.0104,  32.8148, 02 Oct 2018 16:15:33
 11.1019,  3.69445,   16.127, 0.0097, 0.0102,  32.8149, 02 Oct 2018 16:15:36
 11.1002,  3.69445,   15.993, 0.0104, 0.0105,  32.8164, 02 Oct 2018 16:15:38
 10.9840,  3.68497,   16.024, 0.0097, 0.0111,  32.8263, 02 Oct 2018 16:15:41
 11.0032,  3.68755,   16.130, 0.0102, 0.0105,  32.8347, 02 Oct 2018 16:15:43
 10.9914,  3.68651,   16.211, 0.0097, 0.0104,  32.8350, 02 Oct 2018 16:15:45
 10.9493,  3.68322,   16.090, 0.0098, 0.0102,  32.8401, 02 Oct 2018 16:15:48
 10.9841,  3.68659,   15.995, 0.0101, 0.0111,  32.8424, 02 Oct 2018 16:15:50
 10.8577,  3.67774,   16.061, 0.0097, 0.0106,  32.8678, 02 Oct 2018 16:15:53
 10.8073,  3.67405,   16.111, 0.0102, 0.0104,  32.8763, 02 Oct 2018 16:15:55
 10.7669,  3.67178,   16.196, 0.0101, 0.0109,  32.8900, 02 Oct 2018 16:15:57
 10.7496,  3.67067,   16.072, 0.0102, 0.0111,  32.8946, 02 Oct 2018 16:16:00
 10.8040,  3.67416,   15.778, 0.0096, 0.0105,  32.8805, 02 Oct 2018 16:16:02
 10.7023,  3.66608,   15.863, 0.0096, 0.0104,  32.8914, 02 Oct 2018 16:16:04
 10.6676,  3.66439,   16.270, 0.0098, 0.0104,  32.9056, 02 Oct 2018 16:16:07
 10.5430,  3.65494,   16.338, 0.0100, 0.0107,  32.9235, 02 Oct 2018 16:16:09
 10.6078,  3.66058,   16.083, 0.0102, 0.0103,  32.9216, 02 Oct 2018 16:16:11
 10.6264,  3.66070,   15.915, 0.0100, 0.0108,  32.9060, 02 Oct 2018 16:16:14
 10.6099,  3.65928,   15.907, 0.0099, 0.0101,  32.9067, 02 Oct 2018 16:16:16
 10.5810,  3.65761,   16.093, 0.0096, 0.0110,  32.9160, 02 Oct 2018 16:16:19
 10.4781,  3.64909,   16.260, 0.0107, 0.0102,  32.9234, 02 Oct 2018 16:16:21
 10.4630,  3.64819,   16.119, 0.0099, 0.0102,  32.9282, 02 Oct 2018 16:16:23
 10.5167,  3.65251,   15.970, 0.0099, 0.0105,  32.9230, 02 Oct 2018 16:16:26
 10.4212,  3.64451,   16.001, 0.0108, 0.0110,  32.9292, 02 Oct 2018 16:16:28
 10.3538,  3.63960,   16.081, 0.0098, 0.0108,  32.9408, 02 Oct 2018 16:16:30
 10.2924,  3.63525,   16.121, 0.0102, 0.0105,  32.9526, 02 Oct 2018 16:16:33
 10.3495,  3.63968,   15.967, 0.0105, 0.0107,  32.9455, 02 Oct 2018 16:16:35
 10.3386,  3.63818,   15.940, 0.0103, 0.0109,  32.9404, 02 Oct 2018 16:16:38
 10.2650,  3.63308,   15.960, 0.0107, 0.0096,  32.9557, 02 Oct 2018 16:16:40
 10.2074,  3.62890,   15.994, 0.0098, 0.0105,  32.9659, 02 Oct 2018 16:16:42
 10.1853,  3.62638,   16.054, 0.0108, 0.0105,  32.9605, 02 Oct 2018 16:16:45
 10.1691,  3.62528,   16.069, 0.0101, 0.0112,  32.9641, 02 Oct 2018 16:16:47
 10.1747,  3.62563,   16.012, 0.0099, 0.0109,  32.9626, 02 Oct 2018 16:16:49
 10.1411,  3.62220,   15.940, 0.0100, 0.0108,  32.9585, 02 Oct 2018 16:16:52
 10.1252,  3.62106,   15.927, 0.0102, 0.0104,  32.9615, 02 Oct 2018 16:16:54
  9.9962,  3.61016,   16.003, 0.0099, 0.0115,  32.9685, 02 Oct 2018 16:16:56
 10.0045,  3.61185,   16.073, 0.0099, 0.0108,  32.9780, 02 Oct 2018 16:16:59
  9.9766,  3.60956,   15.969, 0.0097, 0.0106,  32.9803, 02 Oct 2018 16:17:01
  9.9398,  3.60714,   15.929, 0.0100, 0.0105,  32.9894, 02 Oct 2018 16:17:04
  9.8839,  3.60269,   15.986, 0.0097, 0.0109,  32.9952, 02 Oct 2018 16:17:06
  9.8718,  3.60180,   15.992, 0.0099, 0.0104,  32.9972, 02 Oct 2018 16:17:08
  9.8734,  3.60184,   15.995, 0.0096, 0.0105,  32.9961, 02 Oct 2018 16:17:11
  9.8560,  3.60052,   15.947, 0.0099, 0.0104,  32.9987, 02 Oct 2018 16:17:13
  9.8742,  3.60165,   15.851, 0.0099, 0.0111,  32.9935, 02 Oct 2018 16:17:15
  9.8427,  3.59928,   15.979, 0.0103, 0.0101,  32.9982, 02 Oct 2018 16:17:18
  9.8233,  3.59836,   16.096, 0.0103, 0.0108,  33.0065, 02 Oct 2018 16:17:20
  9.8037,  3.59668,   15.960, 0.0102, 0.0109,  33.0074, 02 Oct 2018 16:17:22
  9.7952,  3.59593,   15.902, 0.0101, 0.0111,  33.0075, 02 Oct 2018 16:17:25
  9.7523,  3.59306,   16.006, 0.0107, 0.0104,  33.0175, 02 Oct 2018 16:17:27
  9.7422,  3.59240,   16.077, 0.0097, 0.0101,  33.0201, 02 Oct 2018 16:17:30
  9.7468,  3.59272,   15.982, 0.0098, 0.0101,  33.0191, 02 Oct 2018 16:17:32
  9.7522,  3.59295,   15.886, 0.0104, 0.0111,  33.0166, 02 Oct 2018 16:17:34
  9.7167,  3.59139,   16.045, 0.0096, 0.0105,  33.0332, 02 Oct 2018 16:17:37
  9.7137,  3.59146,   16.118, 0.0093, 0.0099,  33.0366, 02 Oct 2018 16:17:39
  9.7197,  3.59181,   15.983, 0.0097, 0.0102,  33.0347, 02 Oct 2018 16:17:41
  9.6884,  3.58929,   15.928, 0.0100, 0.0103,  33.0377, 02 Oct 2018 16:17:44
  9.6715,  3.58827,   16.038, 0.0093, 0.0109,  33.0428, 02 Oct 2018 16:17:46
  9.6747,  3.58847,   16.021, 0.0103, 0.0104,  33.0419, 02 Oct 2018 16:17:48
  9.6666,  3.58766,   16.062, 0.0092, 0.0100,  33.0410, 02 Oct 2018 16:17:51
  9.6632,  3.58742,   15.958, 0.0099, 0.0105,  33.0417, 02 Oct 2018 16:17:53
  9.6266,  3.58414,   15.980, 0.0101, 0.0110,  33.0418, 02 Oct 2018 16:17:55
  9.6129,  3.58333,   16.044, 0.0093, 0.0104,  33.0461, 02 Oct 2018 16:17:58
  9.6154,  3.58347,   15.994, 0.0100, 0.0100,  33.0452, 02 Oct 2018 16:18:00
  9.6125,  3.58309,   15.902, 0.0102, 0.0110,  33.0441, 02 Oct 2018 16:18:03
  9.5962,  3.58168,   16.001, 0.0092, 0.0108,  33.0445, 02 Oct 2018 16:18:05
  9.5908,  3.58130,   16.190, 0.0099, 0.0102,  33.0456, 02 Oct 2018 16:18:07
  9.5836,  3.58072,   16.214, 0.0104, 0.0107,  33.0462, 02 Oct 2018 16:18:10
  9.5698,  3.57944,   16.003, 0.0103, 0.0104,  33.0459, 02 Oct 2018 16:18:12
  9.5531,  3.57811,   15.848, 0.0101, 0.0112,  33.0477, 02 Oct 2018 16:18:15
  9.5280,  3.57596,   15.857, 0.0104, 0.0107,  33.0487, 02 Oct 2018 16:18:17
  9.5190,  3.57536,   16.050, 0.0097, 0.0109,  33.0508, 02 Oct 2018 16:18:19
  9.5309,  3.57647,   16.099, 0.0101, 0.0099,  33.0511, 02 Oct 2018 16:18:22
  9.5179,  3.57550,   16.197, 0.0099, 0.0107,  33.0531, 02 Oct 2018 16:18:24
  9.5205,  3.57567,   16.118, 0.0098, 0.0102,  33.0526, 02 Oct 2018 16:18:26
  9.5183,  3.57540,   16.020, 0.0098, 0.0101,  33.0519, 02 Oct 2018 16:18:29
  9.5189,  3.57530,   15.915, 0.0102, 0.0099,  33.0503, 02 Oct 2018 16:18:31
  9.5128,  3.57498,   16.031, 0.0100, 0.0115,  33.0527, 02 Oct 2018 16:18:33
  9.5132,  3.57503,   16.071, 0.0106, 0.0106,  33.0527, 02 Oct 2018 16:18:36
  9.5133,  3.57497,   16.169, 0.0103, 0.0107,  33.0520, 02 Oct 2018 16:18:38
  9.5132,  3.57495,   16.126, 0.0111, 0.0103,  33.0519, 02 Oct 2018 16:18:41
  9.5108,  3.57472,   16.146, 0.0099, 0.0113,  33.0517, 02 Oct 2018 16:18:43
  9.5114,  3.57479,   16.089, 0.0094, 0.0102,  33.0519, 02 Oct 2018 16:18:45
  9.5086,  3.57442,   16.103, 0.0098, 0.0100,  33.0506, 02 Oct 2018 16:18:48
  9.5063,  3.57428,   16.063, 0.0097, 0.0101,  33.0513, 02 Oct 2018 16:18:50
  9.5115,  3.57472,   15.918, 0.0097, 0.0113,  33.0512, 02 Oct 2018 16:18:52
  9.5052,  3.57415,   16.031, 0.0102, 0.0106,  33.0511, 02 Oct 2018 16:18:55
  9.5067,  3.57428,   16.266, 0.0097, 0.0100,  33.0509, 02 Oct 2018 16:18:57
  9.5082,  3.57437,   16.207, 0.0097, 0.0101,  33.0505, 02 Oct 2018 16:19:00
  9.5003,  3.57367,   16.033, 0.0104, 0.0111,  33.0506, 02 Oct 2018 16:19:02
  9.4998,  3.57364,   15.897, 0.0099, 0.0101,  33.0509, 02 Oct 2018 16:19:04
  9.5023,  3.57383,   16.004, 0.0099, 0.0101,  33.0504, 02 Oct 2018 16:19:07
  9.5066,  3.57415,   16.099, 0.0095, 0.0100,  33.0498, 02 Oct 2018 16:19:09
  9.5096,  3.57440,   16.136, 0.0096, 0.0114,  33.0496, 02 Oct 2018 16:19:11
  9.5119,  3.57454,   15.987, 0.0097, 0.0104,  33.0489, 02 Oct 2018 16:19:14
  9.5110,  3.57444,   16.072, 0.0100, 0.0104,  33.0487, 02 Oct 2018 16:19:16
  9.5132,  3.57467,   16.202, 0.0092, 0.0106,  33.0489, 02 Oct 2018 16:19:19
  9.5189,  3.57511,   16.151, 0.0116, 0.0115,  33.0482, 02 Oct 2018 16:19:21
  9.5189,  3.57507,   16.084, 0.0088, 0.0103,  33.0479, 02 Oct 2018 16:19:23
  9.5184,  3.57499,   16.004, 0.0098, 0.0102,  33.0475, 02 Oct 2018 16:19:26
  9.5203,  3.57521,   16.028, 0.0105, 0.0107,  33.0480, 02 Oct 2018 16:19:28
  9.5210,  3.57515,   16.101, 0.0105, 0.0112,  33.0468, 02 Oct 2018 16:19:30
  9.5209,  3.57504,   16.149, 0.0106, 0.0099,  33.0456, 02 Oct 2018 16:19:33
  9.5226,  3.57510,   16.188, 0.0102, 0.0097,  33.0447, 02 Oct 2018 16:19:35
  9.5245,  3.57523,   16.056, 0.0100, 0.0102,  33.0444, 02 Oct 2018 16:19:37
  9.5246,  3.57523,   16.083, 0.0098, 0.0109,  33.0443, 02 Oct 2018 16:19:40
  9.5278,  3.57548,   16.010, 0.0096, 0.0098,  33.0440, 02 Oct 2018 16:19:42
  9.5326,  3.57584,   16.022, 0.0101, 0.0098,  33.0432, 02 Oct 2018 16:19:44
  9.5346,  3.57597,   16.023, 0.0099, 0.0101,  33.0427, 02 Oct 2018 16:19:47
  9.5377,  3.57626,   16.045, 0.0099, 0.0112,  33.0428, 02 Oct 2018 16:19:49
  9.5471,  3.57702,   16.090, 0.0101, 0.0099,  33.0419, 02 Oct 2018 16:19:51
  9.5548,  3.57760,   16.198, 0.0098, 0.0107,  33.0407, 02 Oct 2018 16:19:54
  9.5619,  3.57809,   16.150, 0.0099, 0.0106,  33.0393, 02 Oct 2018 16:19:56
  9.5627,  3.57816,   16.025, 0.0104, 0.0110,  33.0393, 02 Oct 2018 16:19:59
  9.5728,  3.57904,   15.999, 0.0098, 0.0101,  33.0390, 02 Oct 2018 16:20:01
  9.5749,  3.57910,   15.920, 0.0096, 0.0104,  33.0378, 02 Oct 2018 16:20:03
  9.5773,  3.57936,   15.987, 0.0094, 0.0101,  33.0381, 02 Oct 2018 16:20:06
  9.5866,  3.58006,   16.150, 0.0097, 0.0110,  33.0367, 02 Oct 2018 16:20:08
  9.5864,  3.58002,   16.158, 0.0096, 0.0108,  33.0365, 02 Oct 2018 16:20:10
  9.5894,  3.58033,   15.958, 0.0096, 0.0101,  33.0370, 02 Oct 2018 16:20:13
  9.5893,  3.58027,   15.808, 0.0097, 0.0111,  33.0365, 02 Oct 2018 16:20:15
  9.6062,  3.58177,   15.942, 0.0101, 0.0112,  33.0363, 02 Oct 2018 16:20:18
  9.6096,  3.58205,   15.978, 0.0098, 0.0099,  33.0360, 02 Oct 2018 16:20:20
  9.6166,  3.58272,   16.017, 0.0093, 0.0104,  33.0364, 02 Oct 2018 16:20:22
  9.6180,  3.58282,   16.052, 0.0099, 0.0097,  33.0361, 02 Oct 2018 16:20:25
  9.6273,  3.58372,   16.029, 0.0095, 0.0102,  33.0368, 02 Oct 2018 16:20:27
  9.6251,  3.58347,   15.926, 0.0096, 0.0110,  33.0363, 02 Oct 2018 16:20:29
  9.6344,  3.58428,   16.032, 0.0091, 0.0106,  33.0360, 02 Oct 2018 16:20:32
  9.6402,  3.58475,   16.164, 0.0094, 0.0107,  33.0355, 02 Oct 2018 16:20:34
  9.6519,  3.58557,   16.072, 0.0112, 0.0099,  33.0331, 02 Oct 2018 16:20:37
  9.6548,  3.58570,   15.869, 0.0096, 0.0111,  33.0318, 02 Oct 2018 16:20:39
  9.6681,  3.58677,   15.753, 0.0094, 0.0107,  33.0306, 02 Oct 2018 16:20:41
  9.6907,  3.58824,   15.987, 0.0097, 0.0100,  33.0249, 02 Oct 2018 16:20:44
  9.6922,  3.58827,   16.203, 0.0096, 0.0110,  33.0237, 02 Oct 2018 16:20:46
  9.6921,  3.58828,   16.072, 0.0098, 0.0107,  33.0239, 02 Oct 2018 16:20:48
  9.6963,  3.58849,   15.762, 0.0096, 0.0102,  33.0224, 02 Oct 2018 16:20:51
  9.7023,  3.58886,   15.662, 0.0097, 0.0107,  33.0206, 02 Oct 2018 16:20:53
  9.7085,  3.58880,   15.918, 0.0095, 0.0104,  33.0142, 02 Oct 2018 16:20:55
  9.7130,  3.58887,   16.094, 0.0095, 0.0107,  33.0107, 02 Oct 2018 16:20:58
  9.7151,  3.58904,   15.938, 0.0103, 0.0099,  33.0105, 02 Oct 2018 16:21:00
  9.7232,  3.58944,   15.726, 0.0098, 0.0098,  33.0074, 02 Oct 2018 16:21:02
  9.7349,  3.59011,   15.804, 0.0095, 0.0096,  33.0035, 02 Oct 2018 16:21:05
  9.7540,  3.59110,   16.017, 0.0104, 0.0103,  32.9959, 02 Oct 2018 16:21:07
  9.7554,  3.59127,   16.033, 0.0095, 0.0107,  32.9963, 02 Oct 2018 16:21:10
  9.7680,  3.59219,   15.917, 0.0102, 0.0109,  32.9943, 02 Oct 2018 16:21:12
  9.7764,  3.59280,   15.829, 0.0099, 0.0106,  32.9929, 02 Oct 2018 16:21:15
  9.7646,  3.59176,   15.906, 0.0098, 0.0108,  32.9931, 02 Oct 2018 16:21:17
  9.7695,  3.59234,   15.985, 0.0099, 0.0100,  32.9944, 02 Oct 2018 16:21:19
  9.7812,  3.59346,   15.975, 0.0095, 0.0103,  32.9951, 02 Oct 2018 16:21:22
  9.7829,  3.59336,   16.002, 0.0091, 0.0107,  32.9925, 02 Oct 2018 16:21:24
  9.8008,  3.59484,   15.960, 0.0099, 0.0108,  32.9912, 02 Oct 2018 16:21:26
  9.8017,  3.59495,   15.979, 0.0096, 0.0101,  32.9915, 02 Oct 2018 16:21:29
  9.8046,  3.59508,   15.905, 0.0097, 0.0099,  32.9902, 02 Oct 2018 16:21:31
  9.8098,  3.59553,   15.942, 0.0096, 0.0105,  32.9902, 02 Oct 2018 16:21:33
  9.8109,  3.59559,   16.009, 0.0098, 0.0106,  32.9897, 02 Oct 2018 16:21:36
  9.8127,  3.59566,   15.914, 0.0100, 0.0102,  32.9887, 02 Oct 2018 16:21:38
  9.8216,  3.59618,   15.866, 0.0099, 0.0103,  32.9859, 02 Oct 2018 16:21:40
  9.8316,  3.59678,   16.022, 0.0098, 0.0104,  32.9828, 02 Oct 2018 16:21:43
  9.8359,  3.59707,   16.060, 0.0097, 0.0111,  32.9818, 02 Oct 2018 16:21:45
  9.8403,  3.59737,   15.943, 0.0103, 0.0101,  32.9809, 02 Oct 2018 16:21:48
  9.8638,  3.59897,   15.872, 0.0116, 0.0100,  32.9757, 02 Oct 2018 16:21:50
  9.8666,  3.59910,   15.788, 0.0093, 0.0104,  32.9745, 02 Oct 2018 16:21:52
  9.8815,  3.60026,   16.023, 0.0096, 0.0111,  32.9726, 02 Oct 2018 16:21:55
  9.8890,  3.60070,   16.111, 0.0099, 0.0106,  32.9701, 02 Oct 2018 16:21:57
  9.8875,  3.60064,   16.020, 0.0096, 0.0098,  32.9710, 02 Oct 2018 16:21:59
  9.8922,  3.60100,   15.968, 0.0101, 0.0107,  32.9703, 02 Oct 2018 16:22:02
  9.8940,  3.60117,   15.869, 0.0099, 0.0102,  32.9704, 02 Oct 2018 16:22:04
  9.8993,  3.60157,   15.944, 0.0093, 0.0103,  32.9697, 02 Oct 2018 16:22:07
  9.9022,  3.60170,   15.962, 0.0104, 0.0098,  32.9684, 02 Oct 2018 16:22:09
  9.9057,  3.60200,   16.106, 0.0106, 0.0101,  32.9682, 02 Oct 2018 16:22:11
  9.9056,  3.60196,   16.025, 0.0098, 0.0111,  32.9679, 02 Oct 2018 16:22:14
  9.9122,  3.60237,   16.019, 0.0096, 0.0097,  32.9660, 02 Oct 2018 16:22:16
  9.9212,  3.60287,   16.017, 0.0094, 0.0105,  32.9629, 02 Oct 2018 16:22:18
  9.9287,  3.60345,   15.982, 0.0103, 0.0100,  32.9619, 02 Oct 2018 16:22:21
  9.9373,  3.60412,   15.889, 0.0097, 0.0111,  32.9609, 02 Oct 2018 16:22:23
 10.0533,  3.61361,   15.961, 0.0090, 0.0103,  32.9515, 02 Oct 2018 16:22:26
 10.0896,  3.61617,   16.054, 0.0093, 0.0102,  32.9443, 02 Oct 2018 16:22:28
 10.1089,  3.61776,   16.155, 0.0099, 0.0096,  32.9428, 02 Oct 2018 16:22:30
 10.0597,  3.61339,   16.012, 0.0092, 0.0112,  32.9433, 02 Oct 2018 16:22:33
 10.1097,  3.61833,   15.902, 0.0104, 0.0102,  32.9479, 02 Oct 2018 16:22:35
 10.1136,  3.61826,   15.810, 0.0097, 0.0101,  32.9438, 02 Oct 2018 16:22:37
 10.1834,  3.62429,   16.018, 0.0095, 0.0102,  32.9411, 02 Oct 2018 16:22:40
 10.1958,  3.62549,   16.058, 0.0104, 0.0106,  32.9419, 02 Oct 2018 16:22:42
 10.1881,  3.62515,   16.055, 0.0101, 0.0106,  32.9455, 02 Oct 2018 16:22:44
 10.2082,  3.62680,   16.079, 0.0098, 0.0099,  32.9439, 02 Oct 2018 16:22:47
 10.2024,  3.62626,   15.941, 0.0101, 0.0102,  32.9439, 02 Oct 2018 16:22:49
 10.2178,  3.62747,   15.927, 0.0093, 0.0110,  32.9420, 02 Oct 2018 16:22:51
 10.2850,  3.63195,   16.010, 0.0096, 0.0100,  32.9262, 02 Oct 2018 16:22:54
 10.3226,  3.63437,   16.113, 0.0094, 0.0100,  32.9164, 02 Oct 2018 16:22:56
 10.3148,  3.63393,   16.022, 0.0099, 0.0101,  32.9191, 02 Oct 2018 16:22:59
 10.3850,  3.63996,   16.047, 0.0096, 0.0106,  32.9161, 02 Oct 2018 16:23:01
 10.3919,  3.64008,   16.053, 0.0091, 0.0097,  32.9111, 02 Oct 2018 16:23:03
 10.4045,  3.64135,   16.116, 0.0112, 0.0104,  32.9124, 02 Oct 2018 16:23:06
 10.4026,  3.64108,   16.042, 0.0094, 0.0106,  32.9114, 02 Oct 2018 16:23:08
 10.3888,  3.64027,   15.869, 0.0104, 0.0113,  32.9159, 02 Oct 2018 16:23:10
 10.4662,  3.64665,   15.961, 0.0097, 0.0102,  32.9099, 02 Oct 2018 16:23:13
 10.4876,  3.64772,   16.157, 0.0098, 0.0097,  32.9012, 02 Oct 2018 16:23:15
 10.4913,  3.64792,   16.242, 0.0100, 0.0109,  32.8998, 02 Oct 2018 16:23:17
 10.4855,  3.64766,   16.070, 0.0092, 0.0112,  32.9025, 02 Oct 2018 16:23:20
 10.5337,  3.65135,   15.971, 0.0093, 0.0098,  32.8961, 02 Oct 2018 16:23:22
 10.5355,  3.65147,   15.862, 0.0103, 0.0100,  32.8957, 02 Oct 2018 16:23:25
 10.5848,  3.65544,   16.058, 0.0094, 0.0098,  32.8908, 02 Oct 2018 16:23:27
 10.5966,  3.65588,   16.206, 0.0103, 0.0112,  32.8845, 02 Oct 2018 16:23:29
 10.5993,  3.65628,   16.176, 0.0095, 0.0112,  32.8861, 02 Oct 2018 16:23:32
 10.6130,  3.65740,   16.034, 0.0101, 0.0101,  32.8851, 02 Oct 2018 16:23:34
 10.6281,  3.65856,   16.021, 0.0101, 0.0105,  32.8830, 02 Oct 2018 16:23:36
 10.7325,  3.66620,   16.182, 0.0099, 0.0111,  32.8653, 02 Oct 2018 16:23:39
 10.7325,  3.66598,   16.219, 0.0095, 0.0103,  32.8630, 02 Oct 2018 16:23:41
 10.7213,  3.66536,   16.035, 0.0099, 0.0102,  32.8670, 02 Oct 2018 16:23:43
 10.7520,  3.66803,   16.007, 0.0096, 0.0100,  32.8661, 02 Oct 2018 16:23:46
 10.7974,  3.67056,   16.043, 0.0096, 0.0112,  32.8505, 02 Oct 2018 16:23:48
 10.9190,  3.67890,   16.158, 0.0096, 0.0105,  32.8243, 02 Oct 2018 16:23:50
 10.9239,  3.67850,   16.223, 0.0101, 0.0101,  32.8160, 02 Oct 2018 16:23:53
 10.9294,  3.67938,   16.102, 0.0096, 0.0101,  32.8198, 02 Oct 2018 16:23:55
 10.9477,  3.68167,   16.025, 0.0096, 0.0109,  32.8262, 02 Oct 2018 16:23:58
 11.0167,  3.68745,   16.115, 0.0096, 0.0109,  32.8217, 02 Oct 2018 16:24:00
 11.0349,  3.68804,   16.072, 0.0097, 0.0102,  32.8112, 02 Oct 2018 16:24:02
 11.0403,  3.68818,   15.953, 0.0097, 0.0097,  32.8079, 02 Oct 2018 16:24:05
 11.1437,  3.69668,   16.077, 0.0094, 0.0106,  32.7995, 02 Oct 2018 16:24:07
 11.1602,  3.69694,   16.284, 0.0094, 0.0104,  32.7874, 02 Oct 2018 16:24:09
 11.1598,  3.69716,   16.163, 0.0097, 0.0096,  32.7899, 02 Oct 2018 16:24:12
 11.1618,  3.69744,   16.093, 0.0108, 0.0100,  32.7909, 02 Oct 2018 16:24:14
 11.1629,  3.69795,   16.034, 0.0099, 0.0111,  32.7951, 02 Oct 2018 16:24:17
 11.1810,  3.69925,   16.083, 0.0101, 0.0104,  32.7917, 02 Oct 2018 16:24:19
 11.1932,  3.69999,   16.091, 0.0095, 0.0103,  32.7881, 02 Oct 2018 16:24:21
 11.1960,  3.70012,   16.017, 0.0093, 0.0100,  32.7869, 02 Oct 2018 16:24:24
 11.2011,  3.70074,   16.021, 0.0100, 0.0108,  32.7885, 02 Oct 2018 16:24:26
 11.2051,  3.70116,   16.082, 0.0099, 0.0099,  32.7891, 02 Oct 2018 16:24:28
 11.2084,  3.70158,   16.128, 0.0097, 0.0098,  32.7902, 02 Oct 2018 16:24:31
 11.2023,  3.70106,   16.024, 0.0095, 0.0100,  32.7906, 02 Oct 2018 16:24:33
 11.1879,  3.70022,   15.924, 0.0094, 0.0108,  32.7952, 02 Oct 2018 16:24:35
 11.1701,  3.69922,   15.947, 0.0092, 0.0109,  32.8012, 02 Oct 2018 16:24:38
 11.1655,  3.69914,   16.018, 0.0094, 0.0101,  32.8044, 02 Oct 2018 16:24:40
 11.1236,  3.69644,   15.955, 0.0093, 0.0096,  32.8152, 02 Oct 2018 16:24:42
 11.1086,  3.69529,   15.937, 0.0098, 0.0107,  32.8173, 02 Oct 2018 16:24:45
 10.9943,  3.68640,   15.969, 0.0094, 0.0098,  32.8314, 02 Oct 2018 16:24:47
 10.8991,  3.67962,   16.154, 0.0097, 0.0109,  32.8493, 02 Oct 2018 16:24:50
 10.8521,  3.67782,   16.129, 0.0106, 0.0101,  32.8736, 02 Oct 2018 16:24:52
 10.9003,  3.68073,   15.900, 0.0091, 0.0111,  32.8593, 02 Oct 2018 16:24:54
 10.8235,  3.67467,   15.801, 0.0097, 0.0106,  32.8681, 02 Oct 2018 16:24:57
 10.7633,  3.67142,   15.921, 0.0096, 0.0099,  32.8898, 02 Oct 2018 16:24:59
 10.6548,  3.66327,   16.075, 0.0097, 0.0095,  32.9060, 02 Oct 2018 16:25:01
 10.6448,  3.66285,   16.128, 0.0094, 0.0111,  32.9108, 02 Oct 2018 16:25:04
 10.6281,  3.66125,   16.028, 0.0103, 0.0100,  32.9100, 02 Oct 2018 16:25:06
 10.6265,  3.66109,   15.924, 0.0099, 0.0105,  32.9099, 02 Oct 2018 16:25:08
 10.5617,  3.65577,   15.910, 0.0100, 0.0101,  32.9150, 02 Oct 2018 16:25:11
 10.5099,  3.65237,   15.931, 0.0097, 0.0106,  32.9277, 02 Oct 2018 16:25:13
 10.4594,  3.64856,   15.997, 0.0097, 0.0104,  32.9353, 02 Oct 2018 16:25:16
 10.4624,  3.64861,   15.961, 0.0100, 0.0104,  32.9331, 02 Oct 2018 16:25:18
 10.4401,  3.64670,   16.001, 0.0095, 0.0106,  32.9340, 02 Oct 2018 16:25:20
 10.3684,  3.64104,   15.980, 0.0095, 0.0115,  32.9421, 02 Oct 2018 16:25:23
 10.3100,  3.63659,   16.009, 0.0091, 0.0107,  32.9503, 02 Oct 2018 16:25:25
 10.2855,  3.63571,   15.956, 0.0099, 0.0102,  32.9637, 02 Oct 2018 16:25:28
 10.3010,  3.63622,   15.934, 0.0097, 0.0096,  32.9547, 02 Oct 2018 16:25:30
 10.2755,  3.63428,   15.840, 0.0096, 0.0110,  32.9584, 02 Oct 2018 16:25:32
 10.2319,  3.63122,   15.902, 0.0094, 0.0097,  32.9671, 02 Oct 2018 16:25:35
 10.2053,  3.62910,   16.034, 0.0093, 0.0099,  32.9698, 02 Oct 2018 16:25:37
 10.2029,  3.62868,   16.077, 0.0102, 0.0108,  32.9677, 02 Oct 2018 16:25:39
 10.1690,  3.62540,   16.030, 0.0096, 0.0108,  32.9655, 02 Oct 2018 16:25:42
 10.1943,  3.62749,   15.799, 0.0094, 0.0101,  32.9636, 02 Oct 2018 16:25:44
 10.0448,  3.61433,   15.773, 0.0092, 0.0104,  32.9666, 02 Oct 2018 16:25:46
  9.9792,  3.61048,   15.868, 0.0096, 0.0102,  32.9874, 02 Oct 2018 16:25:49
  9.9624,  3.60898,   15.949, 0.0094, 0.0103,  32.9874, 02 Oct 2018 16:25:51
  9.9596,  3.60825,   15.896, 0.0093, 0.0097,  32.9826, 02 Oct 2018 16:25:53
  9.9773,  3.60958,   15.896, 0.0098, 0.0102,  32.9800, 02 Oct 2018 16:25:56
  9.9364,  3.60619,   15.907, 0.0092, 0.0097,  32.9829, 02 Oct 2018 16:25:58
  9.9272,  3.60564,   15.921, 0.0098, 0.0113,  32.9857, 02 Oct 2018 16:26:01
  9.9026,  3.60373,   15.951, 0.0110, 0.0101,  32.9886, 02 Oct 2018 16:26:03
  9.9263,  3.60535,   15.794, 0.0097, 0.0099,  32.9836, 02 Oct 2018 16:26:05
  9.9193,  3.60504,   15.763, 0.0097, 0.0098,  32.9869, 02 Oct 2018 16:26:08
  9.8772,  3.60195,   15.708, 0.0097, 0.0108,  32.9939, 02 Oct 2018 16:26:10
  9.8464,  3.60018,   16.001, 0.0097, 0.0103,  33.0039, 02 Oct 2018 16:26:12
  9.8322,  3.59941,   16.129, 0.0094, 0.0103,  33.0090, 02 Oct 2018 16:26:15
  9.8297,  3.59852,   15.860, 0.0099, 0.0096,  33.0024, 02 Oct 2018 16:26:17
  9.8033,  3.59626,   15.731, 0.0097, 0.0112,  33.0035, 02 Oct 2018 16:26:20
  9.8007,  3.59648,   15.710, 0.0098, 0.0101,  33.0082, 02 Oct 2018 16:26:22
  9.8023,  3.59644,   15.795, 0.0093, 0.0096,  33.0063, 02 Oct 2018 16:26:24
  9.7972,  3.59604,   15.929, 0.0099, 0.0102,  33.0068, 02 Oct 2018 16:26:27
  9.7979,  3.59621,   15.941, 0.0098, 0.0107,  33.0078, 02 Oct 2018 16:26:29
  9.8089,  3.59675,   15.841, 0.0101, 0.0099,  33.0034, 02 Oct 2018 16:26:31
  9.7934,  3.59530,   15.778, 0.0095, 0.0101,  33.0028, 02 Oct 2018 16:26:34
  9.7797,  3.59438,   15.766, 0.0096, 0.0097,  33.0060, 02 Oct 2018 16:26:36
  9.7742,  3.59373,   15.775, 0.0098, 0.0106,  33.0044, 02 Oct 2018 16:26:39
  9.7787,  3.59431,   15.847, 0.0097, 0.0101,  33.0061, 02 Oct 2018 16:26:41
  9.7825,  3.59459,   15.796, 0.0094, 0.0097,  33.0055, 02 Oct 2018 16:26:43
  9.7899,  3.59510,   15.796, 0.0096, 0.0100,  33.0039, 02 Oct 2018 16:26:46
  9.7873,  3.59485,   15.791, 0.0095, 0.0111,  33.0038, 02 Oct 2018 16:26:48
  9.7897,  3.59501,   15.820, 0.0102, 0.0099,  33.0033, 02 Oct 2018 16:26:50
  9.7808,  3.59414,   15.904, 0.0096, 0.0096,  33.0025, 02 Oct 2018 16:26:53
  9.7838,  3.59459,   15.806, 0.0099, 0.0096,  33.0043, 02 Oct 2018 16:26:55
  9.7932,  3.59527,   15.699, 0.0095, 0.0106,  33.0027, 02 Oct 2018 16:26:57
  9.7910,  3.59492,   15.630, 0.0094, 0.0104,  33.0012, 02 Oct 2018 16:27:00
  9.7752,  3.59352,   15.760, 0.0097, 0.0099,  33.0014, 02 Oct 2018 16:27:02
  9.7809,  3.59421,   15.911, 0.0098, 0.0095,  33.0031, 02 Oct 2018 16:27:04
  9.7861,  3.59458,   15.825, 0.0103, 0.0106,  33.0022, 02 Oct 2018 16:27:07
  9.7951,  3.59510,   15.646, 0.0089, 0.0097,  32.9993, 02 Oct 2018 16:27:09
  9.8069,  3.59583,   15.560, 0.0093, 0.0106,  32.9959, 02 Oct 2018 16:27:12
  9.7899,  3.59467,   15.738, 0.0112, 0.0097,  32.9996, 02 Oct 2018 16:27:14
  9.8029,  3.59556,   15.853, 0.0101, 0.0104,  32.9967, 02 Oct 2018 16:27:16
  9.8102,  3.59597,   15.704, 0.0098, 0.0100,  32.9942, 02 Oct 2018 16:27:19
  9.8214,  3.59660,   15.568, 0.0096, 0.0106,  32.9905, 02 Oct 2018 16:27:21
  9.8000,  3.59527,   15.639, 0.0103, 0.0095,  32.9965, 02 Oct 2018 16:27:23
  9.8051,  3.59563,   15.862, 0.0098, 0.0113,  32.9954, 02 Oct 2018 16:27:26
  9.8110,  3.59602,   15.924, 0.0098, 0.0100,  32.9940, 02 Oct 2018 16:27:28
  9.8198,  3.59657,   15.681, 0.0101, 0.0100,  32.9917, 02 Oct 2018 16:27:30
  9.8360,  3.59755,   15.305, 0.0097, 0.0098,  32.9869, 02 Oct 2018 16:27:33
  9.8361,  3.59722,   15.502, 0.0092, 0.0110,  32.9834, 02 Oct 2018 16:27:35
  9.8484,  3.59794,   15.813, 0.0095, 0.0100,  32.9794, 02 Oct 2018 16:27:38
  9.8535,  3.59859,   15.856, 0.0099, 0.0103,  32.9813, 02 Oct 2018 16:27:40
  9.8695,  3.59973,   15.783, 0.0091, 0.0102,  32.9782, 02 Oct 2018 16:27:42
  9.8717,  3.59978,   15.595, 0.0096, 0.0109,  32.9769, 02 Oct 2018 16:27:45
  9.8927,  3.60135,   15.428, 0.0093, 0.0102,  32.9737, 02 Oct 2018 16:27:47
  9.8557,  3.59895,   15.595, 0.0095, 0.0098,  32.9831, 02 Oct 2018 16:27:49
  9.8186,  3.59664,   15.818, 0.0097, 0.0100,  32.9933, 02 Oct 2018 16:27:52
  9.8279,  3.59734,   15.700, 0.0097, 0.0108,  32.9920, 02 Oct 2018 16:27:54
  9.8458,  3.59829,   15.540, 0.0092, 0.0097,  32.9854, 02 Oct 2018 16:27:56
  9.8474,  3.59829,   15.480, 0.0096, 0.0101,  32.9839, 02 Oct 2018 16:27:59
  9.8730,  3.59989,   15.659, 0.0096, 0.0101,  32.9768, 02 Oct 2018 16:28:01
  9.8615,  3.59912,   15.881, 0.0099, 0.0109,  32.9794, 02 Oct 2018 16:28:03
  9.8669,  3.59956,   15.624, 0.0095, 0.0099,  32.9790, 02 Oct 2018 16:28:06
  9.8929,  3.60145,   15.196, 0.0093, 0.0106,  32.9746, 02 Oct 2018 16:28:08
  9.9358,  3.60476,   15.345, 0.0099, 0.0101,  32.9691, 02 Oct 2018 16:28:11
  9.9691,  3.60707,   15.715, 0.0093, 0.0102,  32.9620, 02 Oct 2018 16:28:13
  9.8747,  3.60012,   15.800, 0.0094, 0.0099,  32.9775, 02 Oct 2018 16:28:15
  9.9094,  3.60276,   15.590, 0.0098, 0.0102,  32.9728, 02 Oct 2018 16:28:18
  9.9623,  3.60657,   15.370, 0.0094, 0.0097,  32.9632, 02 Oct 2018 16:28:20
  9.9710,  3.60693,   15.501, 0.0102, 0.0109,  32.9590, 02 Oct 2018 16:28:23
  9.9630,  3.60619,   15.686, 0.0096, 0.0098,  32.9587, 02 Oct 2018 16:28:25
  9.9646,  3.60674,   15.552, 0.0098, 0.0104,  32.9628, 02 Oct 2018 16:28:27
  9.9767,  3.60764,   15.478, 0.0101, 0.0102,  32.9609, 02 Oct 2018 16:28:30
  9.9767,  3.60754,   15.595, 0.0095, 0.0103,  32.9598, 02 Oct 2018 16:28:32
  9.8838,  3.60144,   15.799, 0.0097, 0.0103,  32.9827, 02 Oct 2018 16:28:34
  9.8765,  3.60120,   15.699, 0.0095, 0.0108,  32.9869, 02 Oct 2018 16:28:37
  9.9185,  3.60397,   15.520, 0.0094, 0.0101,  32.9767, 02 Oct 2018 16:28:39
  9.9049,  3.60253,   15.421, 0.0094, 0.0107,  32.9745, 02 Oct 2018 16:28:41
  9.8983,  3.60230,   15.562, 0.0098, 0.0106,  32.9782, 02 Oct 2018 16:28:44
  9.8997,  3.60252,   15.668, 0.0102, 0.0102,  32.9791, 02 Oct 2018 16:28:46
  9.8954,  3.60208,   15.605, 0.0095, 0.0099,  32.9785, 02 Oct 2018 16:28:48
  9.9151,  3.60360,   15.553, 0.0104, 0.0096,  32.9761, 02 Oct 2018 16:28:51
  9.8816,  3.60140,   15.633, 0.0099, 0.0103,  32.9843, 02 Oct 2018 16:28:53
  9.8657,  3.60013,   15.657, 0.0094, 0.0107,  32.9859, 02 Oct 2018 16:28:56
  9.8635,  3.60013,   15.578, 0.0102, 0.0099,  32.9880, 02 Oct 2018 16:28:58
  9.8882,  3.60171,   15.507, 0.0100, 0.0104,  32.9815, 02 Oct 2018 16:29:00
  9.8145,  3.59662,   15.586, 0.0108, 0.0109,  32.9971, 02 Oct 2018 16:29:03
  9.7951,  3.59560,   15.707, 0.0093, 0.0107,  33.0044, 02 Oct 2018 16:29:05
  9.7898,  3.59530,   15.690, 0.0095, 0.0106,  33.0061, 02 Oct 2018 16:29:08
  9.8044,  3.59620,   15.563, 0.0095, 0.0099,  33.0021, 02 Oct 2018 16:29:10
  9.8040,  3.59604,   15.470, 0.0098, 0.0111,  33.0009, 02 Oct 2018 16:29:12
  9.7780,  3.59435,   15.601, 0.0098, 0.0100,  33.0073, 02 Oct 2018 16:29:15
  9.7728,  3.59413,   15.681, 0.0098, 0.0102,  33.0099, 02 Oct 2018 16:29:17
  9.7775,  3.59447,   15.583, 0.0097, 0.0097,  33.0090, 02 Oct 2018 16:29:19
  9.7864,  3.59488,   15.472, 0.0099, 0.0106,  33.0051, 02 Oct 2018 16:29:22
  9.7834,  3.59463,   15.469, 0.0098, 0.0101,  33.0053, 02 Oct 2018 16:29:24
  9.7681,  3.59365,   15.672, 0.0102, 0.0101,  33.0092, 02 Oct 2018 16:29:26
  9.7609,  3.59326,   15.759, 0.0102, 0.0097,  33.0118, 02 Oct 2018 16:29:29
  9.7679,  3.59365,   15.521, 0.0093, 0.0107,  33.0095, 02 Oct 2018 16:29:31
  9.7768,  3.59412,   15.313, 0.0102, 0.0106,  33.0062, 02 Oct 2018 16:29:34
  9.7781,  3.59405,   15.441, 0.0099, 0.0104,  33.0043, 02 Oct 2018 16:29:36
  9.7646,  3.59321,   15.694, 0.0097, 0.0100,  33.0079, 02 Oct 2018 16:29:38
  9.7682,  3.59354,   15.746, 0.0093, 0.0103,  33.0079, 02 Oct 2018 16:29:41
  9.7675,  3.59336,   15.661, 0.0096, 0.0099,  33.0068, 02 Oct 2018 16:29:43
  9.7693,  3.59348,   15.439, 0.0101, 0.0101,  33.0066, 02 Oct 2018 16:29:45
  9.7665,  3.59322,   15.370, 0.0099, 0.0102,  33.0064, 02 Oct 2018 16:29:48
  9.7305,  3.59083,   15.623, 0.0097, 0.0111,  33.0150, 02 Oct 2018 16:29:50
  9.7376,  3.59141,   15.723, 0.0096, 0.0101,  33.0143, 02 Oct 2018 16:29:52
  9.7389,  3.59143,   15.417, 0.0094, 0.0102,  33.0135, 02 Oct 2018 16:29:55
  9.7478,  3.59186,   15.302, 0.0094, 0.0111,  33.0097, 02 Oct 2018 16:29:57
  9.7440,  3.59161,   15.500, 0.0098, 0.0107,  33.0106, 02 Oct 2018 16:29:59
  9.7557,  3.59242,   15.709, 0.0093, 0.0105,  33.0081, 02 Oct 2018 16:30:02
  9.7512,  3.59201,   15.717, 0.0092, 0.0102,  33.0080, 02 Oct 2018 16:30:04
  9.7549,  3.59232,   15.416, 0.0094, 0.0102,  33.0079, 02 Oct 2018 16:30:07
  9.7609,  3.59279,   15.194, 0.0098, 0.0101,  33.0072, 02 Oct 2018 16:30:09
  9.7540,  3.59220,   15.402, 0.0095, 0.0107,  33.0075, 02 Oct 2018 16:30:11
  9.7587,  3.59258,   15.646, 0.0099, 0.0097,  33.0069, 02 Oct 2018 16:30:14
  9.7562,  3.59235,   15.694, 0.0095, 0.0105,  33.0069, 02 Oct 2018 16:30:16
  9.7574,  3.59248,   15.634, 0.0092, 0.0110,  33.0071, 02 Oct 2018 16:30:18
  9.7598,  3.59259,   15.464, 0.0094, 0.0099,  33.0061, 02 Oct 2018 16:30:21
  9.7607,  3.59259,   15.407, 0.0094, 0.0093,  33.0053, 02 Oct 2018 16:30:23
  9.7478,  3.59177,   15.546, 0.0091, 0.0101,  33.0087, 02 Oct 2018 16:30:25
  9.7469,  3.59164,   15.553, 0.0102, 0.0108,  33.0082, 02 Oct 2018 16:30:28
  9.7493,  3.59178,   15.539, 0.0098, 0.0099,  33.0074, 02 Oct 2018 16:30:30

EraseBlock 13
  9.7517,  3.59191,   15.560, 0.0096, 0.0097,  33.0066, 02 Oct 2018 16:30:33
  9.7508,  3.59184,   15.610, 0.0092, 0.0100,  33.0066, 02 Oct 2018 16:30:36
  9.7499,  3.59181,   15.615, 0.0093, 0.0112,  33.0071, 02 Oct 2018 16:30:38
  9.7503,  3.59185,   15.659, 0.0093, 0.0099,  33.0072, 02 Oct 2018 16:30:41
  9.7527,  3.59198,   15.456, 0.0112, 0.0102,  33.0063, 02 Oct 2018 16:30:43
  9.7587,  3.59244,   15.322, 0.0096, 0.0098,  33.0057, 02 Oct 2018 16:30:45
  9.7588,  3.59232,   15.500, 0.0098, 0.0103,  33.0042, 02 Oct 2018 16:30:48
  9.7629,  3.59259,   15.712, 0.0095, 0.0105,  33.0031, 02 Oct 2018 16:30:50
  9.7642,  3.59270,   15.625, 0.0098, 0.0094,  33.0031, 02 Oct 2018 16:30:52
  9.7684,  3.59305,   15.449, 0.0094, 0.0103,  33.0030, 02 Oct 2018 16:30:55
  9.7670,  3.59284,   15.407, 0.0101, 0.0111,  33.0021, 02 Oct 2018 16:30:57
  9.7700,  3.59318,   15.675, 0.0094, 0.0095,  33.0026, 02 Oct 2018 16:30:59
  9.7680,  3.59292,   15.669, 0.0099, 0.0103,  33.0018, 02 Oct 2018 16:31:02
  9.7734,  3.59334,   15.462, 0.0098, 0.0101,  33.0013, 02 Oct 2018 16:31:04
  9.7866,  3.59418,   15.174, 0.0098, 0.0111,  32.9979, 02 Oct 2018 16:31:07
  9.8112,  3.59566,   15.399, 0.0094, 0.0100,  32.9904, 02 Oct 2018 16:31:09
  9.8392,  3.59713,   15.704, 0.0095, 0.0099,  32.9796, 02 Oct 2018 16:31:11
  9.8142,  3.59573,   15.818, 0.0101, 0.0102,  32.9881, 02 Oct 2018 16:31:14
  9.8354,  3.59718,   15.522, 0.0096, 0.0106,  32.9836, 02 Oct 2018 16:31:16
  9.8420,  3.59749,   15.261, 0.0092, 0.0097,  32.9808, 02 Oct 2018 16:31:18
  9.8488,  3.59810,   15.431, 0.0098, 0.0110,  32.9808, 02 Oct 2018 16:31:21
  9.8766,  3.60000,   15.674, 0.0099, 0.0102,  32.9746, 02 Oct 2018 16:31:23
  9.8566,  3.59855,   15.560, 0.0089, 0.0108,  32.9782, 02 Oct 2018 16:31:26
  9.8741,  3.60016,   15.491, 0.0092, 0.0102,  32.9786, 02 Oct 2018 16:31:28
  9.9076,  3.60214,   15.592, 0.0100, 0.0101,  32.9682, 02 Oct 2018 16:31:30
  9.9100,  3.60224,   15.658, 0.0101, 0.0097,  32.9669, 02 Oct 2018 16:31:33
  9.9173,  3.60284,   15.758, 0.0088, 0.0101,  32.9663, 02 Oct 2018 16:31:35
  9.9204,  3.60315,   15.573, 0.0095, 0.0108,  32.9667, 02 Oct 2018 16:31:37
  9.9446,  3.60521,   15.374, 0.0096, 0.0105,  32.9656, 02 Oct 2018 16:31:40
  9.9866,  3.60827,   15.575, 0.0095, 0.0098,  32.9582, 02 Oct 2018 16:31:42
  9.9863,  3.60810,   15.736, 0.0096, 0.0100,  32.9567, 02 Oct 2018 16:31:44
  9.9784,  3.60772,   15.554, 0.0093, 0.0111,  32.9602, 02 Oct 2018 16:31:47
 10.0054,  3.60984,   15.632, 0.0099, 0.0108,  32.9570, 02 Oct 2018 16:31:49
 10.0132,  3.61044,   15.776, 0.0099, 0.0108,  32.9560, 02 Oct 2018 16:31:51
 10.0150,  3.61071,   15.817, 0.0095, 0.0101,  32.9570, 02 Oct 2018 16:31:54
 10.0135,  3.61055,   15.662, 0.0097, 0.0111,  32.9568, 02 Oct 2018 16:31:56
 10.0237,  3.61145,   15.500, 0.0098, 0.0106,  32.9567, 02 Oct 2018 16:31:59
 10.0761,  3.61584,   15.549, 0.0102, 0.0092,  32.9535, 02 Oct 2018 16:32:01
 10.1102,  3.61769,   15.770, 0.0095, 0.0101,  32.9410, 02 Oct 2018 16:32:03
 10.1680,  3.62257,   15.846, 0.0103, 0.0117,  32.9378, 02 Oct 2018 16:32:06
 10.1920,  3.62429,   15.715, 0.0093, 0.0101,  32.9334, 02 Oct 2018 16:32:08
 10.1844,  3.62367,   15.751, 0.0100, 0.0100,  32.9340, 02 Oct 2018 16:32:10
 10.2028,  3.62528,   15.721, 0.0096, 0.0099,  32.9336, 02 Oct 2018 16:32:13
 10.2156,  3.62605,   15.875, 0.0104, 0.0106,  32.9297, 02 Oct 2018 16:32:15
 10.2189,  3.62647,   15.639, 0.0098, 0.0105,  32.9310, 02 Oct 2018 16:32:18
 10.2291,  3.62734,   15.460, 0.0094, 0.0100,  32.9306, 02 Oct 2018 16:32:20
 10.3183,  3.63438,   15.715, 0.0093, 0.0099,  32.9206, 02 Oct 2018 16:32:22
 10.3867,  3.63908,   15.874, 0.0097, 0.0104,  32.9058, 02 Oct 2018 16:32:25
 10.3848,  3.63885,   15.871, 0.0093, 0.0101,  32.9053, 02 Oct 2018 16:32:27
 10.4287,  3.64265,   15.871, 0.0102, 0.0105,  32.9038, 02 Oct 2018 16:32:29
 10.4090,  3.64082,   15.715, 0.0099, 0.0101,  32.9033, 02 Oct 2018 16:32:32
 10.3916,  3.64004,   15.452, 0.0099, 0.0105,  32.9112, 02 Oct 2018 16:32:34
 10.4926,  3.64793,   15.496, 0.0097, 0.0101,  32.8991, 02 Oct 2018 16:32:37
 10.5257,  3.64938,   15.870, 0.0094, 0.0099,  32.8836, 02 Oct 2018 16:32:39
 10.5320,  3.65036,   16.023, 0.0110, 0.0104,  32.8877, 02 Oct 2018 16:32:41
 10.5201,  3.64959,   15.847, 0.0104, 0.0104,  32.8908, 02 Oct 2018 16:32:44
 10.5259,  3.65042,   15.671, 0.0095, 0.0101,  32.8938, 02 Oct 2018 16:32:46
 10.5573,  3.65292,   15.714, 0.0095, 0.0101,  32.8906, 02 Oct 2018 16:32:48
 10.5677,  3.65345,   15.790, 0.0098, 0.0106,  32.8865, 02 Oct 2018 16:32:51
 10.5698,  3.65374,   15.818, 0.0092, 0.0111,  32.8875, 02 Oct 2018 16:32:53
 10.5748,  3.65414,   15.766, 0.0099, 0.0107,  32.8871, 02 Oct 2018 16:32:55
 10.6005,  3.65624,   15.821, 0.0091, 0.0097,  32.8848, 02 Oct 2018 16:32:58
 10.6073,  3.65659,   15.861, 0.0096, 0.0095,  32.8822, 02 Oct 2018 16:33:00
 10.6104,  3.65700,   15.939, 0.0096, 0.0106,  32.8834, 02 Oct 2018 16:33:02
 10.5914,  3.65556,   15.923, 0.0097, 0.0100,  32.8862, 02 Oct 2018 16:33:05
 10.6018,  3.65649,   15.707, 0.0095, 0.0099,  32.8861, 02 Oct 2018 16:33:07
 10.6235,  3.65812,   15.627, 0.0092, 0.0106,  32.8829, 02 Oct 2018 16:33:10
 10.6176,  3.65780,   15.776, 0.0094, 0.0105,  32.8851, 02 Oct 2018 16:33:12
 10.5809,  3.65520,   15.869, 0.0094, 0.0096,  32.8920, 02 Oct 2018 16:33:14
 10.5879,  3.65582,   15.754, 0.0095, 0.0104,  32.8920, 02 Oct 2018 16:33:17
 10.6138,  3.65759,   15.732, 0.0096, 0.0099,  32.8864, 02 Oct 2018 16:33:19
 10.5732,  3.65468,   15.938, 0.0094, 0.0099,  32.8937, 02 Oct 2018 16:33:22
 10.5420,  3.65271,   15.910, 0.0097, 0.0106,  32.9023, 02 Oct 2018 16:33:24
 10.5642,  3.65439,   15.785, 0.0090, 0.0101,  32.8990, 02 Oct 2018 16:33:26
 10.5576,  3.65372,   15.728, 0.0098, 0.0102,  32.8983, 02 Oct 2018 16:33:29
 10.5537,  3.65349,   15.736, 0.0095, 0.0115,  32.8995, 02 Oct 2018 16:33:31
 10.5452,  3.65302,   15.819, 0.0101, 0.0096,  32.9025, 02 Oct 2018 16:33:33
 10.5201,  3.65116,   15.929, 0.0100, 0.0101,  32.9064, 02 Oct 2018 16:33:36
 10.4507,  3.64587,   15.939, 0.0095, 0.0097,  32.9161, 02 Oct 2018 16:33:38
 10.4524,  3.64655,   15.871, 0.0099, 0.0099,  32.9214, 02 Oct 2018 16:33:40
 10.4608,  3.64672,   15.856, 0.0096, 0.0101,  32.9155, 02 Oct 2018 16:33:43
 10.4714,  3.64749,   15.718, 0.0109, 0.0099,  32.9137, 02 Oct 2018 16:33:45
 10.4602,  3.64667,   15.675, 0.0101, 0.0096,  32.9157, 02 Oct 2018 16:33:47
 10.3873,  3.64106,   15.828, 0.0093, 0.0111,  32.9252, 02 Oct 2018 16:33:50
 10.3585,  3.63938,   15.916, 0.0096, 0.0097,  32.9343, 02 Oct 2018 16:33:52
 10.3436,  3.63818,   15.845, 0.0099, 0.0101,  32.9358, 02 Oct 2018 16:33:55
 10.3471,  3.63832,   15.797, 0.0097, 0.0104,  32.9340, 02 Oct 2018 16:33:57
 10.3403,  3.63761,   15.786, 0.0092, 0.0097,  32.9331, 02 Oct 2018 16:33:59
 10.3187,  3.63603,   15.903, 0.0092, 0.0099,  32.9367, 02 Oct 2018 16:34:02
 10.3224,  3.63639,   15.840, 0.0094, 0.0095,  32.9370, 02 Oct 2018 16:34:04
 10.3328,  3.63700,   15.669, 0.0097, 0.0108,  32.9339, 02 Oct 2018 16:34:06
 10.3286,  3.63648,   15.590, 0.0088, 0.0100,  32.9324, 02 Oct 2018 16:34:09
 10.2943,  3.63448,   15.881, 0.0091, 0.0095,  32.9432, 02 Oct 2018 16:34:11
 10.1912,  3.62646,   16.080, 0.0100, 0.0100,  32.9560, 02 Oct 2018 16:34:14
 10.2064,  3.62836,   15.856, 0.0093, 0.0103,  32.9614, 02 Oct 2018 16:34:16
 10.2299,  3.62992,   15.562, 0.0098, 0.0107,  32.9559, 02 Oct 2018 16:34:18
 10.2225,  3.62876,   15.457, 0.0096, 0.0104,  32.9510, 02 Oct 2018 16:34:21
 10.2036,  3.62808,   15.874, 0.0114, 0.0100,  32.9611, 02 Oct 2018 16:34:23
 10.0565,  3.61444,   16.058, 0.0092, 0.0104,  32.9569, 02 Oct 2018 16:34:25
 10.1120,  3.62041,   15.806, 0.0096, 0.0101,  32.9669, 02 Oct 2018 16:34:28
 10.1109,  3.61924,   15.632, 0.0097, 0.0105,  32.9562, 02 Oct 2018 16:34:30
 10.0859,  3.61717,   15.670, 0.0101, 0.0099,  32.9579, 02 Oct 2018 16:34:32
 10.0490,  3.61405,   15.946, 0.0090, 0.0096,  32.9598, 02 Oct 2018 16:34:35
 10.0092,  3.61114,   16.027, 0.0092, 0.0108,  32.9666, 02 Oct 2018 16:34:37
 10.0303,  3.61285,   15.775, 0.0091, 0.0098,  32.9649, 02 Oct 2018 16:34:39
 10.0193,  3.61169,   15.591, 0.0090, 0.0098,  32.9631, 02 Oct 2018 16:34:42
  9.9745,  3.60827,   15.655, 0.0094, 0.0097,  32.9692, 02 Oct 2018 16:34:44
  9.9620,  3.60742,   15.916, 0.0099, 0.0109,  32.9720, 02 Oct 2018 16:34:46
  9.9556,  3.60698,   16.003, 0.0101, 0.0096,  32.9732, 02 Oct 2018 16:34:49
  9.9627,  3.60737,   15.738, 0.0094, 0.0107,  32.9708, 02 Oct 2018 16:34:51
  9.9568,  3.60665,   15.534, 0.0099, 0.0104,  32.9690, 02 Oct 2018 16:34:54
  9.9274,  3.60490,   15.708, 0.0091, 0.0112,  32.9780, 02 Oct 2018 16:34:56
  9.9223,  3.60448,   15.809, 0.0092, 0.0104,  32.9784, 02 Oct 2018 16:34:58
  9.9230,  3.60447,   15.767, 0.0091, 0.0099,  32.9776, 02 Oct 2018 16:35:01
  9.9327,  3.60499,   15.685, 0.0096, 0.0103,  32.9740, 02 Oct 2018 16:35:03
  9.8700,  3.60065,   15.724, 0.0090, 0.0104,  32.9872, 02 Oct 2018 16:35:06
  9.8671,  3.60070,   15.726, 0.0093, 0.0102,  32.9905, 02 Oct 2018 16:35:08
  9.8737,  3.60083,   15.759, 0.0094, 0.0101,  32.9856, 02 Oct 2018 16:35:10
  9.8564,  3.59953,   15.865, 0.0098, 0.0100,  32.9882, 02 Oct 2018 16:35:13
  9.8311,  3.59798,   15.898, 0.0097, 0.0102,  32.9956, 02 Oct 2018 16:35:15
  9.8517,  3.59953,   15.818, 0.0103, 0.0098,  32.9926, 02 Oct 2018 16:35:17
  9.8361,  3.59850,   15.720, 0.0093, 0.0106,  32.9963, 02 Oct 2018 16:35:20
  9.8434,  3.59882,   15.647, 0.0094, 0.0097,  32.9930, 02 Oct 2018 16:35:22
  9.8246,  3.59744,   15.636, 0.0096, 0.0107,  32.9961, 02 Oct 2018 16:35:24
  9.7752,  3.59419,   15.906, 0.0092, 0.0093,  33.0082, 02 Oct 2018 16:35:27
  9.7706,  3.59405,   16.004, 0.0092, 0.0103,  33.0109, 02 Oct 2018 16:35:29
  9.7792,  3.59466,   15.880, 0.0104, 0.0106,  33.0092, 02 Oct 2018 16:35:31
  9.7843,  3.59484,   15.526, 0.0094, 0.0107,  33.0065, 02 Oct 2018 16:35:34
  9.7653,  3.59302,   15.392, 0.0102, 0.0104,  33.0055, 02 Oct 2018 16:35:36
  9.7697,  3.59369,   15.731, 0.0096, 0.0109,  33.0082, 02 Oct 2018 16:35:38
  9.7595,  3.59298,   15.949, 0.0099, 0.0097,  33.0102, 02 Oct 2018 16:35:41
  9.7695,  3.59365,   15.760, 0.0102, 0.0109,  33.0079, 02 Oct 2018 16:35:43
  9.7626,  3.59306,   15.566, 0.0093, 0.0098,  33.0083, 02 Oct 2018 16:35:46
  9.7380,  3.59154,   15.559, 0.0093, 0.0097,  33.0154, 02 Oct 2018 16:35:48
  9.7416,  3.59162,   15.668, 0.0092, 0.0098,  33.0128, 02 Oct 2018 16:35:50
  9.7126,  3.58989,   15.919, 0.0093, 0.0109,  33.0215, 02 Oct 2018 16:35:53
  9.7253,  3.59076,   15.850, 0.0100, 0.0096,  33.0190, 02 Oct 2018 16:35:55
  9.7281,  3.59079,   15.568, 0.0096, 0.0098,  33.0168, 02 Oct 2018 16:35:57
  9.6963,  3.58853,   15.492, 0.0104, 0.0100,  33.0229, 02 Oct 2018 16:36:00
  9.7033,  3.58922,   15.713, 0.0093, 0.0107,  33.0234, 02 Oct 2018 16:36:02
  9.6930,  3.58853,   15.906, 0.0097, 0.0102,  33.0258, 02 Oct 2018 16:36:04
  9.6974,  3.58876,   15.860, 0.0091, 0.0103,  33.0241, 02 Oct 2018 16:36:07
  9.7010,  3.58887,   15.702, 0.0101, 0.0101,  33.0219, 02 Oct 2018 16:36:09
  9.6983,  3.58858,   15.532, 0.0093, 0.0105,  33.0215, 02 Oct 2018 16:36:12
  9.6841,  3.58753,   15.699, 0.0094, 0.0098,  33.0238, 02 Oct 2018 16:36:14
  9.6890,  3.58803,   15.874, 0.0107, 0.0098,  33.0243, 02 Oct 2018 16:36:16
  9.6948,  3.58842,   15.845, 0.0098, 0.0099,  33.0230, 02 Oct 2018 16:36:19
  9.7000,  3.58869,   15.706, 0.0096, 0.0109,  33.0210, 02 Oct 2018 16:36:21
  9.6918,  3.58796,   15.624, 0.0092, 0.0103,  33.0212, 02 Oct 2018 16:36:23
  9.6751,  3.58680,   15.742, 0.0097, 0.0097,  33.0245, 02 Oct 2018 16:36:26
  9.6781,  3.58704,   15.833, 0.0095, 0.0097,  33.0242, 02 Oct 2018 16:36:28
  9.6738,  3.58674,   15.869, 0.0088, 0.0106,  33.0251, 02 Oct 2018 16:36:30
  9.6751,  3.58691,   15.766, 0.0092, 0.0100,  33.0256, 02 Oct 2018 16:36:33
  9.6721,  3.58668,   15.667, 0.0092, 0.0099,  33.0261, 02 Oct 2018 16:36:35
  9.6591,  3.58572,   15.643, 0.0088, 0.0103,  33.0282, 02 Oct 2018 16:36:37
  9.6643,  3.58604,   15.693, 0.0094, 0.0106,  33.0267, 02 Oct 2018 16:36:40
  9.6610,  3.58578,   15.767, 0.0093, 0.0099,  33.0270, 02 Oct 2018 16:36:42
  9.6534,  3.58525,   15.839, 0.0095, 0.0091,  33.0286, 02 Oct 2018 16:36:45
  9.6611,  3.58583,   15.747, 0.0095, 0.0102,  33.0275, 02 Oct 2018 16:36:47
  9.6571,  3.58541,   15.675, 0.0097, 0.0111,  33.0269, 02 Oct 2018 16:36:49
  9.6507,  3.58497,   15.677, 0.0089, 0.0097,  33.0282, 02 Oct 2018 16:36:52
  9.6477,  3.58476,   15.661, 0.0099, 0.0099,  33.0289, 02 Oct 2018 16:36:54
  9.6516,  3.58503,   15.715, 0.0095, 0.0099,  33.0280, 02 Oct 2018 16:36:56
  9.6483,  3.58472,   15.788, 0.0092, 0.0109,  33.0279, 02 Oct 2018 16:36:59
  9.6527,  3.58510,   15.656, 0.0091, 0.0104,  33.0277, 02 Oct 2018 16:37:01
  9.6552,  3.58522,   15.644, 0.0103, 0.0110,  33.0267, 02 Oct 2018 16:37:03
  9.6508,  3.58489,   15.741, 0.0096, 0.0091,  33.0273, 02 Oct 2018 16:37:06
  9.6517,  3.58494,   15.613, 0.0092, 0.0104,  33.0271, 02 Oct 2018 16:37:08
  9.6528,  3.58498,   15.573, 0.0094, 0.0095,  33.0265, 02 Oct 2018 16:37:11
  9.6538,  3.58506,   15.751, 0.0091, 0.0101,  33.0263, 02 Oct 2018 16:37:13
  9.6546,  3.58511,   15.640, 0.0095, 0.0096,  33.0261, 02 Oct 2018 16:37:16
  9.6554,  3.58517,   15.582, 0.0097, 0.0104,  33.0260, 02 Oct 2018 16:37:18
  9.6527,  3.58494,   15.819, 0.0093, 0.0101,  33.0260, 02 Oct 2018 16:37:20
  9.6532,  3.58504,   15.738, 0.0098, 0.0102,  33.0266, 02 Oct 2018 16:37:23
  9.6555,  3.58514,   15.490, 0.0093, 0.0101,  33.0256, 02 Oct 2018 16:37:25
  9.6403,  3.58398,   15.503, 0.0092, 0.0098,  33.0278, 02 Oct 2018 16:37:27
  9.6433,  3.58428,   15.654, 0.0090, 0.0096,  33.0280, 02 Oct 2018 16:37:30
  9.6231,  3.58295,   15.802, 0.0093, 0.0107,  33.0329, 02 Oct 2018 16:37:32
  9.6031,  3.58183,   15.750, 0.0094, 0.0096,  33.0398, 02 Oct 2018 16:37:34
  9.6205,  3.58279,   15.488, 0.0097, 0.0110,  33.0338, 02 Oct 2018 16:37:37
  9.5812,  3.58002,   15.428, 0.0102, 0.0099,  33.0416, 02 Oct 2018 16:37:39
  9.5920,  3.58101,   15.722, 0.0098, 0.0105,  33.0417, 02 Oct 2018 16:37:41
  9.5018,  3.57360,   15.893, 0.0098, 0.0095,  33.0486, 02 Oct 2018 16:37:44
  9.5572,  3.57887,   15.735, 0.0093, 0.0107,  33.0517, 02 Oct 2018 16:37:46
  9.5734,  3.57923,   15.406, 0.0092, 0.0096,  33.0407, 02 Oct 2018 16:37:48
  9.5471,  3.57753,   15.373, 0.0095, 0.0097,  33.0474, 02 Oct 2018 16:37:51
  9.5609,  3.57834,   15.829, 0.0091, 0.0099,  33.0429, 02 Oct 2018 16:37:53
  9.5461,  3.57741,   15.931, 0.0099, 0.0099,  33.0470, 02 Oct 2018 16:37:56
  9.5068,  3.57418,   15.663, 0.0104, 0.0111,  33.0501, 02 Oct 2018 16:37:58
  9.5415,  3.57682,   15.235, 0.0103, 0.0098,  33.0454, 02 Oct 2018 16:38:00
  9.5128,  3.57374,   15.409, 0.0094, 0.0096,  33.0400, 02 Oct 2018 16:38:03
  9.5746,  3.57915,   15.798, 0.0092, 0.0106,  33.0386, 02 Oct 2018 16:38:05
  9.5796,  3.57951,   15.903, 0.0092, 0.0100,  33.0376, 02 Oct 2018 16:38:08
  9.5965,  3.58065,   15.674, 0.0095, 0.0095,  33.0338, 02 Oct 2018 16:38:10
  9.6153,  3.58179,   15.357, 0.0097, 0.0103,  33.0284, 02 Oct 2018 16:38:12
  9.6254,  3.58268,   15.350, 0.0098, 0.0109,  33.0282, 02 Oct 2018 16:38:15
  9.6490,  3.58433,   15.868, 0.0094, 0.0102,  33.0232, 02 Oct 2018 16:38:17
  9.6190,  3.58220,   16.011, 0.0097, 0.0097,  33.0289, 02 Oct 2018 16:38:19
  9.5780,  3.57967,   15.654, 0.0093, 0.0100,  33.0409, 02 Oct 2018 16:38:22
  9.6088,  3.58190,   15.170, 0.0098, 0.0106,  33.0355, 02 Oct 2018 16:38:24
  9.5661,  3.57774,   15.203, 0.0098, 0.0101,  33.0323, 02 Oct 2018 16:38:26
  9.6231,  3.58233,   15.557, 0.0093, 0.0098,  33.0266, 02 Oct 2018 16:38:29
  9.6301,  3.58291,   15.914, 0.0094, 0.0098,  33.0260, 02 Oct 2018 16:38:31
  9.6375,  3.58351,   15.877, 0.0096, 0.0100,  33.0253, 02 Oct 2018 16:38:34
  9.6410,  3.58375,   15.506, 0.0091, 0.0099,  33.0248, 02 Oct 2018 16:38:36
  9.6392,  3.58373,   15.197, 0.0093, 0.0105,  33.0264, 02 Oct 2018 16:38:38
  9.6548,  3.58507,   15.620, 0.0095, 0.0092,  33.0255, 02 Oct 2018 16:38:41
  9.6430,  3.58380,   15.942, 0.0096, 0.0106,  33.0232, 02 Oct 2018 16:38:43
  9.6457,  3.58429,   15.668, 0.0097, 0.0099,  33.0259, 02 Oct 2018 16:38:45
  9.6547,  3.58489,   15.230, 0.0097, 0.0094,  33.0239, 02 Oct 2018 16:38:48
  9.6682,  3.58580,   15.211, 0.0095, 0.0096,  33.0209, 02 Oct 2018 16:38:50
  9.6851,  3.58691,   15.781, 0.0096, 0.0111,  33.0164, 02 Oct 2018 16:38:52
  9.6769,  3.58621,   15.912, 0.0092, 0.0095,  33.0167, 02 Oct 2018 16:38:55
  9.6815,  3.58660,   15.673, 0.0096, 0.0105,  33.0166, 02 Oct 2018 16:38:57
  9.6947,  3.58745,   15.235, 0.0090, 0.0099,  33.0134, 02 Oct 2018 16:38:59
  9.7138,  3.58863,   15.164, 0.0095, 0.0107,  33.0080, 02 Oct 2018 16:39:02
 10.0216,  3.61020,   15.276, 0.0098, 0.0105,  32.9461, 02 Oct 2018 16:39:39
 10.2411,  3.62676,   15.587, 0.0097, 0.0099,  32.9138, 02 Oct 2018 16:39:41
 10.2575,  3.62800,   15.787, 0.0095, 0.0099,  32.9114, 02 Oct 2018 16:39:44
 10.0980,  3.61534,   15.967, 0.0087, 0.0094,  32.9283, 02 Oct 2018 16:39:46
 10.1599,  3.62192,   16.331, 0.0091, 0.0100,  32.9384, 02 Oct 2018 16:39:48
 10.1638,  3.62204,   16.911, 0.0089, 0.0101,  32.9358, 02 Oct 2018 16:39:51
 10.0515,  3.61194,   17.457, 0.0100, 0.0109,  32.9355, 02 Oct 2018 16:39:53
 10.0463,  3.61239,   17.725, 0.0099, 0.0104,  32.9447, 02 Oct 2018 16:39:55
  9.9933,  3.60885,   17.852, 0.0102, 0.0099,  32.9571, 02 Oct 2018 16:39:58
  9.9627,  3.60663,   18.101, 0.0095, 0.0106,  32.9622, 02 Oct 2018 16:40:00
  9.9272,  3.60441,   18.666, 0.0098, 0.0110,  32.9719, 02 Oct 2018 16:40:03
  9.8078,  3.59651,   19.436, 0.0092, 0.0093,  33.0004, 02 Oct 2018 16:40:05
  9.7773,  3.59508,   19.911, 0.0099, 0.0098,  33.0134, 02 Oct 2018 16:40:07
  9.7681,  3.59411,   19.984, 0.0092, 0.0096,  33.0121, 02 Oct 2018 16:40:10
  9.6688,  3.58730,   20.201, 0.0107, 0.0102,  33.0334, 02 Oct 2018 16:40:12
  9.6253,  3.58464,   20.602, 0.0095, 0.0098,  33.0460, 02 Oct 2018 16:40:14
  9.5224,  3.57635,   21.134, 0.0092, 0.0097,  33.0555, 02 Oct 2018 16:40:17
  9.3094,  3.55955,   21.860, 0.0093, 0.0097,  33.0790, 02 Oct 2018 16:40:19
  9.2731,  3.55750,   22.323, 0.0093, 0.0101,  33.0912, 02 Oct 2018 16:40:22
  9.3047,  3.55978,   22.407, 0.0091, 0.0101,  33.0854, 02 Oct 2018 16:40:24
  9.1779,  3.54945,   22.763, 0.0099, 0.0100,  33.0960, 02 Oct 2018 16:40:26
  9.0886,  3.54414,   23.360, 0.0091, 0.0100,  33.1236, 02 Oct 2018 16:40:29
  9.0726,  3.54294,   23.755, 0.0093, 0.0110,  33.1258, 02 Oct 2018 16:40:31
  9.0405,  3.54053,   24.041, 0.0092, 0.0096,  33.1305, 02 Oct 2018 16:40:33
  8.9909,  3.53611,   24.413, 0.0090, 0.0105,  33.1305, 02 Oct 2018 16:40:36
  8.9334,  3.53310,   24.917, 0.0090, 0.0102,  33.1526, 02 Oct 2018 16:40:38
  8.8632,  3.52963,   25.500, 0.0093, 0.0109,  33.1817, 02 Oct 2018 16:40:40
  8.8282,  3.52782,   26.012, 0.0098, 0.0102,  33.1954, 02 Oct 2018 16:40:43
  8.8300,  3.52928,   26.151, 0.0098, 0.0101,  33.2089, 02 Oct 2018 16:40:45
  8.8546,  3.52954,   25.794, 0.0094, 0.0094,  33.1888, 02 Oct 2018 16:40:47
  8.7970,  3.52575,   25.754, 0.0094, 0.0094,  33.2030, 02 Oct 2018 16:41:14
  8.8021,  3.52466,   25.712, 0.0096, 0.0102,  33.1869, 02 Oct 2018 16:41:35
  8.8017,  3.52474,   25.675, 0.0091, 0.0099,  33.1881, 02 Oct 2018 16:41:37
  8.8101,  3.52497,   25.623, 0.0094, 0.0099,  33.1826, 02 Oct 2018 16:41:40
  8.7914,  3.52519,   26.078, 0.0097, 0.0100,  33.2022, 02 Oct 2018 16:41:42
  8.7897,  3.52744,   26.569, 0.0092, 0.0107,  33.2272, 02 Oct 2018 16:41:44
  8.7878,  3.52878,   26.990, 0.0090, 0.0100,  33.2428, 02 Oct 2018 16:41:47
  8.7868,  3.52927,   27.369, 0.0089, 0.0102,  33.2487, 02 Oct 2018 16:41:49
  8.7830,  3.53011,   27.850, 0.0095, 0.0097,  33.2608, 02 Oct 2018 16:41:51
  8.7811,  3.53049,   28.389, 0.0097, 0.0105,  33.2663, 02 Oct 2018 16:41:54
  8.7800,  3.53103,   28.921, 0.0101, 0.0108,  33.2728, 02 Oct 2018 16:41:56
  8.7784,  3.53093,   29.313, 0.0096, 0.0096,  33.2731, 02 Oct 2018 16:41:58
  8.7766,  3.53076,   29.633, 0.0096, 0.0101,  33.2729, 02 Oct 2018 16:42:01
  8.7746,  3.53093,   30.075, 0.0094, 0.0106,  33.2762, 02 Oct 2018 16:42:03
  8.7762,  3.53131,   30.647, 0.0096, 0.0100,  33.2785, 02 Oct 2018 16:42:06
  8.7734,  3.53142,   31.108, 0.0100, 0.0096,  33.2821, 02 Oct 2018 16:42:08
  8.7720,  3.53143,   31.499, 0.0098, 0.0092,  33.2833, 02 Oct 2018 16:42:10
  8.7714,  3.53145,   31.943, 0.0093, 0.0107,  33.2838, 02 Oct 2018 16:42:13
  8.7727,  3.53175,   32.448, 0.0098, 0.0102,  33.2856, 02 Oct 2018 16:42:15
  8.7718,  3.53210,   32.855, 0.0093, 0.0101,  33.2899, 02 Oct 2018 16:42:18
  8.7717,  3.53208,   33.279, 0.0103, 0.0097,  33.2895, 02 Oct 2018 16:42:20
  8.7716,  3.53292,   33.784, 0.0096, 0.0098,  33.2983, 02 Oct 2018 16:42:22
  8.7717,  3.53312,   34.223, 0.0097, 0.0110,  33.3000, 02 Oct 2018 16:42:25
  8.7727,  3.53310,   34.578, 0.0089, 0.0104,  33.2987, 02 Oct 2018 16:42:27
  8.7733,  3.53407,   35.042, 0.0098, 0.0099,  33.3082, 02 Oct 2018 16:42:29
  8.7730,  3.53429,   35.583, 0.0098, 0.0095,  33.3104, 02 Oct 2018 16:42:32
  8.7736,  3.53440,   36.071, 0.0092, 0.0106,  33.3108, 02 Oct 2018 16:42:34
  8.7738,  3.53454,   36.457, 0.0095, 0.0103,  33.3119, 02 Oct 2018 16:42:36
  8.7756,  3.53483,   36.797, 0.0094, 0.0097,  33.3131, 02 Oct 2018 16:42:39
  8.7805,  3.53962,   37.215, 0.0091, 0.0102,  33.3584, 02 Oct 2018 16:42:41
  8.7903,  3.54512,   37.758, 0.0097, 0.0102,  33.4067, 02 Oct 2018 16:42:43
  8.7927,  3.54595,   38.288, 0.0097, 0.0103,  33.4128, 02 Oct 2018 16:42:46
  8.7933,  3.54584,   38.638, 0.0096, 0.0107,  33.4109, 02 Oct 2018 16:42:48
  8.7929,  3.54541,   38.911, 0.0092, 0.0102,  33.4067, 02 Oct 2018 16:42:51
  8.7956,  3.54700,   39.329, 0.0097, 0.0115,  33.4207, 02 Oct 2018 16:42:53
  8.7980,  3.54795,   39.892, 0.0095, 0.0102,  33.4281, 02 Oct 2018 16:42:55
  8.8004,  3.54879,   40.429, 0.0101, 0.0101,  33.4344, 02 Oct 2018 16:42:58
  8.8022,  3.54905,   40.862, 0.0092, 0.0100,  33.4352, 02 Oct 2018 16:43:00
  8.8032,  3.54947,   41.215, 0.0093, 0.0104,  33.4384, 02 Oct 2018 16:43:02
  8.8047,  3.55002,   41.543, 0.0094, 0.0110,  33.4425, 02 Oct 2018 16:43:05
  8.8093,  3.55211,   41.980, 0.0092, 0.0099,  33.4599, 02 Oct 2018 16:43:07
  8.8160,  3.55482,   42.513, 0.0103, 0.0102,  33.4817, 02 Oct 2018 16:43:09
  8.8203,  3.55651,   43.026, 0.0101, 0.0107,  33.4952, 02 Oct 2018 16:43:12
  8.8243,  3.55781,   43.443, 0.0096, 0.0099,  33.5048, 02 Oct 2018 16:43:14
  8.8250,  3.55803,   43.822, 0.0092, 0.0101,  33.5063, 02 Oct 2018 16:43:17
  8.8301,  3.56041,   44.256, 0.0102, 0.0107,  33.5261, 02 Oct 2018 16:43:19
  8.8286,  3.55944,   44.406, 0.0107, 0.0106,  33.5173, 02 Oct 2018 16:43:21
  8.8323,  3.56039,   44.374, 0.0093, 0.0101,  33.5238, 02 Oct 2018 16:43:24
  8.8344,  3.56141,   44.327, 0.0096, 0.0098,  33.5326, 02 Oct 2018 16:43:26
  8.8358,  3.56206,   44.291, 0.0092, 0.0100,  33.5380, 02 Oct 2018 16:43:28
