
---  10-02-18 21:04:05 ---
  8.8242,  3.56527,   44.485, 0.0092, 0.0104,  33.5825, 02 Oct 2018 21:04:34
  9.1398,  3.54492,   15.522, 0.0099, 0.0106,  33.0876, 02 Oct 2018 21:10:57
  9.1425,  3.54497,   15.259, 0.0098, 0.0100,  33.0858, 02 Oct 2018 21:10:59
  9.1605,  3.54629,   15.501, 0.0098, 0.0104,  33.0826, 02 Oct 2018 21:11:02
  9.1453,  3.54510,   15.809, 0.0100, 0.0101,  33.0842, 02 Oct 2018 21:11:04
  9.1377,  3.54447,   15.895, 0.0100, 0.0109,  33.0847, 02 Oct 2018 21:11:06
  9.1594,  3.54618,   15.575, 0.0097, 0.0109,  33.0825, 02 Oct 2018 21:11:09
  9.1738,  3.54718,   15.296, 0.0098, 0.0107,  33.0797, 02 Oct 2018 21:11:11
  9.1990,  3.54899,   15.488, 0.0097, 0.0104,  33.0749, 02 Oct 2018 21:11:14
  9.1880,  3.54819,   15.576, 0.0099, 0.0105,  33.0768, 02 Oct 2018 21:11:16
  9.1856,  3.54819,   15.719, 0.0094, 0.0110,  33.0789, 02 Oct 2018 21:11:18
  9.1697,  3.54676,   15.764, 0.0102, 0.0100,  33.0788, 02 Oct 2018 21:11:21
  9.1891,  3.54855,   15.615, 0.0103, 0.0105,  33.0794, 02 Oct 2018 21:11:23
  9.2125,  3.55048,   15.489, 0.0106, 0.0104,  33.0778, 02 Oct 2018 21:11:25
  9.2126,  3.55044,   15.558, 0.0094, 0.0114,  33.0773, 02 Oct 2018 21:11:28
  9.2115,  3.55046,   15.670, 0.0102, 0.0105,  33.0784, 02 Oct 2018 21:11:30
  9.2154,  3.55077,   15.628, 0.0096, 0.0099,  33.0780, 02 Oct 2018 21:11:32
  9.2324,  3.55230,   15.503, 0.0102, 0.0098,  33.0782, 02 Oct 2018 21:11:35
  9.2404,  3.55297,   15.523, 0.0103, 0.0110,  33.0777, 02 Oct 2018 21:11:37
  9.2374,  3.55258,   15.673, 0.0099, 0.0100,  33.0763, 02 Oct 2018 21:11:39
  9.2405,  3.55306,   15.800, 0.0089, 0.0104,  33.0783, 02 Oct 2018 21:11:42
  9.2411,  3.55309,   15.599, 0.0094, 0.0096,  33.0782, 02 Oct 2018 21:11:44
  9.2535,  3.55423,   15.386, 0.0094, 0.0111,  33.0786, 02 Oct 2018 21:11:47
  9.2699,  3.55530,   15.557, 0.0105, 0.0102,  33.0745, 02 Oct 2018 21:11:49
  9.2649,  3.55497,   15.812, 0.0093, 0.0102,  33.0756, 02 Oct 2018 21:11:51
  9.2647,  3.55503,   15.658, 0.0097, 0.0104,  33.0764, 02 Oct 2018 21:11:54
  9.2770,  3.55598,   15.457, 0.0102, 0.0110,  33.0749, 02 Oct 2018 21:11:56
  9.2977,  3.55745,   15.516, 0.0090, 0.0104,  33.0709, 02 Oct 2018 21:11:58
  9.3033,  3.55777,   15.637, 0.0097, 0.0101,  33.0690, 02 Oct 2018 21:12:01
  9.3075,  3.55814,   15.843, 0.0096, 0.0105,  33.0688, 02 Oct 2018 21:12:03
  9.3024,  3.55780,   15.717, 0.0093, 0.0110,  33.0701, 02 Oct 2018 21:12:06
  9.3340,  3.56034,   15.451, 0.0095, 0.0106,  33.0673, 02 Oct 2018 21:12:08
  9.3676,  3.56239,   15.455, 0.0096, 0.0101,  33.0573, 02 Oct 2018 21:12:10
  9.4319,  3.56652,   15.600, 0.0097, 0.0103,  33.0404, 02 Oct 2018 21:12:13
  9.4853,  3.57029,   15.727, 0.0099, 0.0117,  33.0299, 02 Oct 2018 21:12:15
  9.4736,  3.56936,   15.714, 0.0092, 0.0102,  33.0311, 02 Oct 2018 21:12:17
  9.5312,  3.57358,   15.668, 0.0096, 0.0098,  33.0213, 02 Oct 2018 21:12:20
  9.5330,  3.57375,   15.713, 0.0096, 0.0100,  33.0215, 02 Oct 2018 21:12:22
  9.5538,  3.57504,   15.758, 0.0092, 0.0112,  33.0156, 02 Oct 2018 21:12:25
  9.5633,  3.57580,   15.602, 0.0095, 0.0100,  33.0147, 02 Oct 2018 21:12:27
  9.5945,  3.57824,   15.438, 0.0093, 0.0105,  33.0111, 02 Oct 2018 21:12:29
  9.5738,  3.57670,   15.664, 0.0093, 0.0096,  33.0143, 02 Oct 2018 21:12:32
  9.6154,  3.58001,   15.734, 0.0093, 0.0102,  33.0099, 02 Oct 2018 21:12:34
  9.6099,  3.57955,   15.708, 0.0096, 0.0115,  33.0103, 02 Oct 2018 21:12:36
  9.6112,  3.57981,   15.815, 0.0095, 0.0108,  33.0117, 02 Oct 2018 21:12:39
  9.6343,  3.58147,   15.752, 0.0099, 0.0098,  33.0074, 02 Oct 2018 21:12:41
  9.6967,  3.58572,   15.681, 0.0093, 0.0097,  32.9937, 02 Oct 2018 21:12:43
  9.7423,  3.58838,   15.571, 0.0099, 0.0111,  32.9791, 02 Oct 2018 21:12:46
  9.7588,  3.58937,   15.460, 0.0099, 0.0098,  32.9741, 02 Oct 2018 21:12:48
  9.7770,  3.59088,   15.646, 0.0101, 0.0097,  32.9727, 02 Oct 2018 21:12:50
  9.7868,  3.59164,   15.896, 0.0095, 0.0102,  32.9715, 02 Oct 2018 21:12:53
  9.7758,  3.59082,   15.861, 0.0093, 0.0113,  32.9732, 02 Oct 2018 21:12:55
  9.7784,  3.59111,   15.730, 0.0093, 0.0102,  32.9738, 02 Oct 2018 21:12:57
  9.7890,  3.59167,   15.653, 0.0092, 0.0099,  32.9698, 02 Oct 2018 21:13:00
  9.8109,  3.59326,   15.697, 0.0094, 0.0107,  32.9660, 02 Oct 2018 21:13:02
  9.8299,  3.59457,   15.731, 0.0093, 0.0107,  32.9619, 02 Oct 2018 21:13:05
  9.8419,  3.59539,   15.689, 0.0096, 0.0097,  32.9594, 02 Oct 2018 21:13:07
  9.8479,  3.59587,   15.623, 0.0095, 0.0102,  32.9588, 02 Oct 2018 21:13:09
  9.8539,  3.59641,   15.881, 0.0094, 0.0099,  32.9587, 02 Oct 2018 21:13:12
  9.8539,  3.59653,   16.004, 0.0095, 0.0102,  32.9598, 02 Oct 2018 21:13:14
  9.8529,  3.59646,   15.909, 0.0098, 0.0098,  32.9600, 02 Oct 2018 21:13:17
  9.8532,  3.59653,   15.685, 0.0104, 0.0101,  32.9606, 02 Oct 2018 21:13:19
  9.8488,  3.59620,   15.558, 0.0096, 0.0106,  32.9614, 02 Oct 2018 21:13:21
  9.8576,  3.59693,   15.797, 0.0091, 0.0105,  32.9607, 02 Oct 2018 21:13:24
  9.8593,  3.59715,   16.004, 0.0092, 0.0095,  32.9613, 02 Oct 2018 21:13:26
  9.8566,  3.59690,   15.911, 0.0094, 0.0100,  32.9612, 02 Oct 2018 21:13:28
  9.8549,  3.59668,   15.814, 0.0097, 0.0099,  32.9605, 02 Oct 2018 21:13:31
  9.8546,  3.59660,   15.836, 0.0097, 0.0110,  32.9600, 02 Oct 2018 21:13:33
  9.8572,  3.59649,   16.012, 0.0095, 0.0091,  32.9565, 02 Oct 2018 21:13:35
  9.8561,  3.59646,   16.060, 0.0095, 0.0095,  32.9571, 02 Oct 2018 21:13:38
  9.8526,  3.59619,   15.854, 0.0098, 0.0099,  32.9577, 02 Oct 2018 21:13:40
  9.8510,  3.59605,   15.660, 0.0094, 0.0108,  32.9578, 02 Oct 2018 21:13:43
  9.8587,  3.59602,   15.831, 0.0098, 0.0099,  32.9504, 02 Oct 2018 21:13:45
  9.8582,  3.59594,   16.150, 0.0094, 0.0095,  32.9499, 02 Oct 2018 21:13:47
  9.8578,  3.59618,   16.159, 0.0108, 0.0096,  32.9526, 02 Oct 2018 21:13:50
  9.8546,  3.59576,   16.041, 0.0094, 0.0112,  32.9513, 02 Oct 2018 21:13:52
  9.8568,  3.59583,   15.889, 0.0096, 0.0101,  32.9501, 02 Oct 2018 21:13:54
  9.8590,  3.59597,   15.822, 0.0093, 0.0099,  32.9495, 02 Oct 2018 21:13:57
  9.8621,  3.59605,   15.892, 0.0093, 0.0100,  32.9475, 02 Oct 2018 21:13:59
  9.8619,  3.59601,   16.026, 0.0100, 0.0097,  32.9473, 02 Oct 2018 21:14:01
  9.8647,  3.59611,   16.057, 0.0098, 0.0110,  32.9457, 02 Oct 2018 21:14:04
  9.8621,  3.59604,   16.063, 0.0095, 0.0097,  32.9473, 02 Oct 2018 21:14:06
  9.8649,  3.59609,   16.106, 0.0097, 0.0101,  32.9453, 02 Oct 2018 21:14:09
  9.8662,  3.59615,   16.012, 0.0095, 0.0101,  32.9447, 02 Oct 2018 21:14:11
  9.8656,  3.59611,   15.949, 0.0094, 0.0102,  32.9449, 02 Oct 2018 21:14:13
  9.8724,  3.59643,   16.030, 0.0098, 0.0100,  32.9419, 02 Oct 2018 21:14:16
  9.8782,  3.59668,   16.159, 0.0095, 0.0094,  32.9391, 02 Oct 2018 21:14:18
  9.8753,  3.59652,   16.091, 0.0095, 0.0107,  32.9401, 02 Oct 2018 21:14:21
  9.8748,  3.59648,   16.029, 0.0094, 0.0102,  32.9402, 02 Oct 2018 21:14:23
  9.8786,  3.59671,   16.032, 0.0099, 0.0103,  32.9391, 02 Oct 2018 21:14:25
  9.8851,  3.59707,   16.148, 0.0098, 0.0100,  32.9368, 02 Oct 2018 21:14:28
  9.8836,  3.59697,   16.155, 0.0096, 0.0098,  32.9371, 02 Oct 2018 21:14:30
  9.8855,  3.59711,   16.194, 0.0101, 0.0108,  32.9369, 02 Oct 2018 21:14:32
  9.8836,  3.59700,   16.041, 0.0093, 0.0101,  32.9375, 02 Oct 2018 21:14:35
  9.8849,  3.59711,   15.905, 0.0101, 0.0102,  32.9375, 02 Oct 2018 21:14:37
  9.9066,  3.59859,   16.062, 0.0100, 0.0102,  32.9326, 02 Oct 2018 21:14:39
  9.9033,  3.59823,   16.199, 0.0100, 0.0102,  32.9319, 02 Oct 2018 21:14:42
  9.9182,  3.59928,   16.196, 0.0096, 0.0108,  32.9290, 02 Oct 2018 21:14:44
  9.9192,  3.59930,   16.114, 0.0094, 0.0097,  32.9284, 02 Oct 2018 21:14:46
  9.9364,  3.60059,   16.144, 0.0097, 0.0094,  32.9257, 02 Oct 2018 21:14:49
  9.9478,  3.60131,   16.124, 0.0095, 0.0109,  32.9227, 02 Oct 2018 21:14:51
  9.9553,  3.60195,   16.071, 0.0101, 0.0105,  32.9224, 02 Oct 2018 21:14:54
  9.9585,  3.60209,   16.065, 0.0111, 0.0101,  32.9209, 02 Oct 2018 21:14:56
  9.9575,  3.60196,   16.079, 0.0095, 0.0097,  32.9205, 02 Oct 2018 21:14:58
  9.9630,  3.60250,   16.258, 0.0097, 0.0108,  32.9208, 02 Oct 2018 21:15:01
  9.9560,  3.60195,   16.323, 0.0095, 0.0100,  32.9217, 02 Oct 2018 21:15:03
  9.9591,  3.60216,   16.104, 0.0096, 0.0107,  32.9210, 02 Oct 2018 21:15:05
  9.9577,  3.60219,   16.002, 0.0099, 0.0100,  32.9227, 02 Oct 2018 21:15:08
  9.9768,  3.60342,   16.118, 0.0103, 0.0109,  32.9176, 02 Oct 2018 21:15:10
  9.9910,  3.60433,   16.070, 0.0103, 0.0107,  32.9140, 02 Oct 2018 21:15:13
  9.9941,  3.60471,   15.961, 0.0097, 0.0107,  32.9151, 02 Oct 2018 21:15:15
 10.0472,  3.60849,   16.103, 0.0103, 0.0099,  32.9050, 02 Oct 2018 21:15:17
 10.0236,  3.60658,   16.335, 0.0094, 0.0100,  32.9071, 02 Oct 2018 21:15:20
 10.0319,  3.60745,   16.315, 0.0102, 0.0108,  32.9083, 02 Oct 2018 21:15:22
 10.0414,  3.60818,   16.102, 0.0101, 0.0108,  32.9071, 02 Oct 2018 21:15:24
 10.0373,  3.60786,   15.901, 0.0105, 0.0100,  32.9078, 02 Oct 2018 21:15:27
 10.0390,  3.60807,   15.956, 0.0102, 0.0104,  32.9083, 02 Oct 2018 21:15:29
 10.0371,  3.60793,   16.239, 0.0103, 0.0109,  32.9085, 02 Oct 2018 21:15:31
 10.0284,  3.60740,   16.276, 0.0095, 0.0103,  32.9110, 02 Oct 2018 21:15:34
 10.0476,  3.60881,   16.101, 0.0099, 0.0108,  32.9079, 02 Oct 2018 21:15:36
 10.0220,  3.60678,   16.125, 0.0095, 0.0105,  32.9106, 02 Oct 2018 21:15:38
 10.0127,  3.60646,   16.231, 0.0105, 0.0105,  32.9158, 02 Oct 2018 21:15:41
 10.0323,  3.60777,   16.243, 0.0101, 0.0102,  32.9113, 02 Oct 2018 21:15:43
 10.0290,  3.60748,   16.147, 0.0098, 0.0102,  32.9114, 02 Oct 2018 21:15:46
 10.0029,  3.60567,   16.146, 0.0107, 0.0103,  32.9167, 02 Oct 2018 21:15:48
 10.0021,  3.60585,   16.094, 0.0100, 0.0107,  32.9194, 02 Oct 2018 21:15:50
  9.9949,  3.60514,   16.229, 0.0097, 0.0102,  32.9186, 02 Oct 2018 21:15:53
  9.9926,  3.60513,   16.292, 0.0096, 0.0099,  32.9206, 02 Oct 2018 21:15:55
  9.9964,  3.60531,   16.129, 0.0100, 0.0106,  32.9190, 02 Oct 2018 21:15:57
  9.9911,  3.60490,   16.159, 0.0099, 0.0106,  32.9197, 02 Oct 2018 21:16:00
  9.9819,  3.60424,   16.324, 0.0095, 0.0105,  32.9213, 02 Oct 2018 21:16:02
  9.9852,  3.60458,   16.202, 0.0097, 0.0107,  32.9218, 02 Oct 2018 21:16:05
  9.9937,  3.60517,   16.055, 0.0098, 0.0102,  32.9201, 02 Oct 2018 21:16:07
  9.9785,  3.60419,   15.990, 0.0099, 0.0105,  32.9240, 02 Oct 2018 21:16:09
  9.9900,  3.60503,   16.126, 0.0096, 0.0106,  32.9220, 02 Oct 2018 21:16:12
 10.0028,  3.60568,   16.439, 0.0104, 0.0106,  32.9168, 02 Oct 2018 21:16:14
  9.9665,  3.60277,   16.460, 0.0097, 0.0101,  32.9204, 02 Oct 2018 21:16:16
  9.9765,  3.60417,   16.177, 0.0101, 0.0105,  32.9256, 02 Oct 2018 21:16:19
  9.9506,  3.60195,   16.052, 0.0097, 0.0105,  32.9267, 02 Oct 2018 21:16:21
  9.9880,  3.60493,   16.139, 0.0099, 0.0105,  32.9228, 02 Oct 2018 21:16:23
  9.9955,  3.60518,   16.270, 0.0097, 0.0105,  32.9185, 02 Oct 2018 21:16:26
  9.9958,  3.60518,   16.200, 0.0101, 0.0106,  32.9183, 02 Oct 2018 21:16:28
  9.9946,  3.60504,   16.156, 0.0102, 0.0103,  32.9179, 02 Oct 2018 21:16:30
  9.9844,  3.60443,   16.222, 0.0098, 0.0105,  32.9210, 02 Oct 2018 21:16:33
  9.9817,  3.60430,   16.386, 0.0098, 0.0102,  32.9221, 02 Oct 2018 21:16:35
  9.9881,  3.60473,   16.394, 0.0105, 0.0105,  32.9206, 02 Oct 2018 21:16:38
  9.9845,  3.60443,   16.174, 0.0100, 0.0106,  32.9208, 02 Oct 2018 21:16:40
 10.0090,  3.60619,   15.905, 0.0109, 0.0104,  32.9165, 02 Oct 2018 21:16:42
 10.0232,  3.60720,   15.923, 0.0094, 0.0107,  32.9139, 02 Oct 2018 21:16:45
 10.0297,  3.60749,   16.293, 0.0105, 0.0107,  32.9108, 02 Oct 2018 21:16:47
 10.0266,  3.60731,   16.364, 0.0099, 0.0106,  32.9117, 02 Oct 2018 21:16:49
 10.0286,  3.60742,   16.283, 0.0096, 0.0108,  32.9110, 02 Oct 2018 21:16:52
 10.0188,  3.60698,   16.180, 0.0106, 0.0102,  32.9155, 02 Oct 2018 21:16:54
 10.0340,  3.60786,   16.079, 0.0101, 0.0101,  32.9106, 02 Oct 2018 21:16:56
 10.0569,  3.60951,   16.196, 0.0092, 0.0107,  32.9065, 02 Oct 2018 21:16:59
 10.0618,  3.60977,   16.267, 0.0099, 0.0104,  32.9046, 02 Oct 2018 21:17:01
 10.0550,  3.60928,   16.194, 0.0095, 0.0110,  32.9059, 02 Oct 2018 21:17:03
 10.0584,  3.60964,   16.111, 0.0099, 0.0107,  32.9065, 02 Oct 2018 21:17:06
 10.0497,  3.60919,   16.234, 0.0099, 0.0101,  32.9098, 02 Oct 2018 21:17:08
 10.0481,  3.60895,   16.343, 0.0106, 0.0105,  32.9088, 02 Oct 2018 21:17:11
 10.0428,  3.60859,   16.394, 0.0098, 0.0104,  32.9099, 02 Oct 2018 21:17:13
 10.0427,  3.60864,   16.193, 0.0105, 0.0109,  32.9106, 02 Oct 2018 21:17:15
 10.0212,  3.60720,   16.063, 0.0105, 0.0104,  32.9157, 02 Oct 2018 21:17:18
 10.0245,  3.60752,   16.149, 0.0100, 0.0102,  32.9159, 02 Oct 2018 21:17:20
 10.0411,  3.60859,   16.325, 0.0102, 0.0105,  32.9115, 02 Oct 2018 21:17:23
 10.0428,  3.60855,   16.255, 0.0103, 0.0104,  32.9095, 02 Oct 2018 21:17:25
 10.0405,  3.60844,   16.251, 0.0101, 0.0107,  32.9106, 02 Oct 2018 21:17:27
 10.0317,  3.60786,   16.327, 0.0097, 0.0107,  32.9126, 02 Oct 2018 21:17:30
 10.0401,  3.60845,   16.346, 0.0099, 0.0104,  32.9109, 02 Oct 2018 21:17:32
 10.0439,  3.60869,   16.125, 0.0097, 0.0098,  32.9100, 02 Oct 2018 21:17:34
 10.0694,  3.61064,   15.992, 0.0101, 0.0107,  32.9066, 02 Oct 2018 21:17:37
 10.1299,  3.61452,   16.109, 0.0099, 0.0112,  32.8909, 02 Oct 2018 21:17:39
 10.1767,  3.61743,   16.363, 0.0098, 0.0099,  32.8777, 02 Oct 2018 21:17:41
 10.1774,  3.61744,   16.488, 0.0095, 0.0103,  32.8771, 02 Oct 2018 21:17:44
 10.1758,  3.61752,   16.329, 0.0101, 0.0111,  32.8794, 02 Oct 2018 21:17:46
 10.2005,  3.61949,   16.103, 0.0094, 0.0098,  32.8770, 02 Oct 2018 21:17:48
 10.2041,  3.61930,   16.150, 0.0098, 0.0109,  32.8718, 02 Oct 2018 21:17:51
 10.2497,  3.62254,   16.264, 0.0106, 0.0099,  32.8632, 02 Oct 2018 21:17:53
 10.2588,  3.62318,   16.222, 0.0101, 0.0115,  32.8614, 02 Oct 2018 21:17:56
 10.2749,  3.62436,   16.279, 0.0099, 0.0096,  32.8587, 02 Oct 2018 21:17:58
 10.2835,  3.62506,   16.374, 0.0096, 0.0109,  32.8579, 02 Oct 2018 21:18:00
 10.2840,  3.62518,   16.323, 0.0097, 0.0105,  32.8586, 02 Oct 2018 21:18:03
 10.2915,  3.62581,   16.251, 0.0094, 0.0102,  32.8583, 02 Oct 2018 21:18:05
 10.2966,  3.62608,   16.340, 0.0096, 0.0110,  32.8563, 02 Oct 2018 21:18:07
 10.3135,  3.62731,   16.299, 0.0102, 0.0103,  32.8534, 02 Oct 2018 21:18:10
 10.3018,  3.62635,   16.124, 0.0098, 0.0105,  32.8544, 02 Oct 2018 21:18:12
 10.3321,  3.62861,   16.261, 0.0093, 0.0101,  32.8497, 02 Oct 2018 21:18:15
 10.3422,  3.62911,   16.426, 0.0100, 0.0109,  32.8456, 02 Oct 2018 21:18:17
 10.3406,  3.62909,   16.414, 0.0107, 0.0103,  32.8468, 02 Oct 2018 21:18:19
 10.3425,  3.62934,   16.422, 0.0099, 0.0105,  32.8476, 02 Oct 2018 21:18:22
 10.3422,  3.62935,   16.235, 0.0102, 0.0112,  32.8481, 02 Oct 2018 21:18:24
 10.3459,  3.62968,   16.191, 0.0102, 0.0111,  32.8480, 02 Oct 2018 21:18:26
 10.3663,  3.63107,   16.317, 0.0104, 0.0105,  32.8436, 02 Oct 2018 21:18:29
 10.3653,  3.63091,   16.378, 0.0102, 0.0102,  32.8428, 02 Oct 2018 21:18:31
 10.3707,  3.63136,   16.393, 0.0097, 0.0100,  32.8424, 02 Oct 2018 21:18:34
 10.3754,  3.63165,   16.380, 0.0096, 0.0110,  32.8411, 02 Oct 2018 21:18:36
 10.3837,  3.63228,   16.375, 0.0098, 0.0105,  32.8399, 02 Oct 2018 21:18:38
 10.3953,  3.63301,   16.302, 0.0099, 0.0105,  32.8368, 02 Oct 2018 21:18:41
 10.4065,  3.63396,   16.184, 0.0100, 0.0105,  32.8363, 02 Oct 2018 21:18:43
 10.4150,  3.63451,   16.399, 0.0095, 0.0108,  32.8340, 02 Oct 2018 21:18:45
 10.4251,  3.63533,   16.588, 0.0095, 0.0101,  32.8331, 02 Oct 2018 21:18:48
 10.4211,  3.63512,   16.416, 0.0105, 0.0101,  32.8347, 02 Oct 2018 21:18:50
 10.4228,  3.63537,   16.356, 0.0099, 0.0112,  32.8356, 02 Oct 2018 21:18:52
 10.4276,  3.63589,   16.358, 0.0112, 0.0110,  32.8366, 02 Oct 2018 21:18:55
 10.4317,  3.63622,   16.479, 0.0097, 0.0108,  32.8361, 02 Oct 2018 21:18:57
 10.4315,  3.63616,   16.466, 0.0091, 0.0103,  32.8358, 02 Oct 2018 21:18:59
 10.4286,  3.63594,   16.214, 0.0103, 0.0105,  32.8363, 02 Oct 2018 21:19:02
 10.4262,  3.63582,   16.225, 0.0099, 0.0111,  32.8373, 02 Oct 2018 21:19:04
 10.4272,  3.63593,   16.331, 0.0102, 0.0103,  32.8374, 02 Oct 2018 21:19:07
 10.4248,  3.63573,   16.533, 0.0098, 0.0105,  32.8374, 02 Oct 2018 21:19:09
 10.4212,  3.63543,   16.664, 0.0099, 0.0102,  32.8376, 02 Oct 2018 21:19:11
 10.4209,  3.63546,   16.398, 0.0093, 0.0115,  32.8382, 02 Oct 2018 21:19:14
 10.4131,  3.63475,   16.239, 0.0102, 0.0107,  32.8383, 02 Oct 2018 21:19:16
 10.4112,  3.63465,   16.246, 0.0106, 0.0109,  32.8390, 02 Oct 2018 21:19:18
 10.4089,  3.63447,   16.403, 0.0099, 0.0102,  32.8392, 02 Oct 2018 21:19:21
 10.4045,  3.63410,   16.489, 0.0098, 0.0107,  32.8394, 02 Oct 2018 21:19:23
 10.4104,  3.63462,   16.482, 0.0099, 0.0101,  32.8393, 02 Oct 2018 21:19:26
 10.4079,  3.63441,   16.450, 0.0096, 0.0101,  32.8394, 02 Oct 2018 21:19:28
 10.4005,  3.63384,   16.279, 0.0099, 0.0108,  32.8405, 02 Oct 2018 21:19:30
 10.3924,  3.63327,   16.304, 0.0099, 0.0106,  32.8421, 02 Oct 2018 21:19:33
 10.3915,  3.63324,   16.319, 0.0095, 0.0109,  32.8425, 02 Oct 2018 21:19:35
 10.3890,  3.63305,   16.378, 0.0102, 0.0103,  32.8429, 02 Oct 2018 21:19:37
 10.3876,  3.63298,   16.349, 0.0105, 0.0103,  32.8435, 02 Oct 2018 21:19:40
 10.3766,  3.63218,   16.403, 0.0100, 0.0107,  32.8454, 02 Oct 2018 21:19:42
 10.3714,  3.63191,   16.519, 0.0096, 0.0113,  32.8472, 02 Oct 2018 21:19:44

EraseBlock 14
 10.3548,  3.63089,   16.457, 0.0106, 0.0101,  32.8521, 02 Oct 2018 21:19:47
 10.3535,  3.63074,   16.319, 0.0109, 0.0101,  32.8518, 02 Oct 2018 21:19:50
 10.3542,  3.63081,   16.328, 0.0101, 0.0108,  32.8518, 02 Oct 2018 21:19:52
 10.3559,  3.63081,   16.361, 0.0102, 0.0112,  32.8504, 02 Oct 2018 21:19:55
 10.3474,  3.63026,   16.383, 0.0092, 0.0102,  32.8524, 02 Oct 2018 21:19:57
 10.3392,  3.62970,   16.473, 0.0102, 0.0108,  32.8542, 02 Oct 2018 21:19:59
 10.3278,  3.62903,   16.481, 0.0099, 0.0105,  32.8577, 02 Oct 2018 21:20:02
 10.3163,  3.62837,   16.337, 0.0098, 0.0110,  32.8616, 02 Oct 2018 21:20:04
 10.3018,  3.62745,   16.296, 0.0094, 0.0099,  32.8654, 02 Oct 2018 21:20:06
 10.2991,  3.62716,   16.225, 0.0101, 0.0101,  32.8650, 02 Oct 2018 21:20:09
 10.3008,  3.62729,   16.291, 0.0101, 0.0105,  32.8647, 02 Oct 2018 21:20:11
 10.2997,  3.62718,   16.360, 0.0096, 0.0109,  32.8646, 02 Oct 2018 21:20:14
 10.2878,  3.62640,   16.375, 0.0103, 0.0100,  32.8675, 02 Oct 2018 21:20:16
 10.2790,  3.62588,   16.344, 0.0098, 0.0107,  32.8703, 02 Oct 2018 21:20:18
 10.2746,  3.62558,   16.274, 0.0100, 0.0105,  32.8712, 02 Oct 2018 21:20:21
 10.2612,  3.62467,   16.383, 0.0104, 0.0104,  32.8742, 02 Oct 2018 21:20:23
 10.2498,  3.62392,   16.426, 0.0100, 0.0102,  32.8770, 02 Oct 2018 21:20:25
 10.2373,  3.62318,   16.285, 0.0099, 0.0110,  32.8808, 02 Oct 2018 21:20:28
 10.2262,  3.62230,   16.087, 0.0102, 0.0102,  32.8821, 02 Oct 2018 21:20:30
 10.1896,  3.61964,   16.162, 0.0098, 0.0108,  32.8884, 02 Oct 2018 21:20:33
 10.1964,  3.62036,   16.444, 0.0094, 0.0099,  32.8894, 02 Oct 2018 21:20:35
 10.1627,  3.61818,   16.501, 0.0097, 0.0099,  32.8980, 02 Oct 2018 21:20:37
 10.1609,  3.61805,   16.263, 0.0101, 0.0099,  32.8984, 02 Oct 2018 21:20:40
 10.0821,  3.61230,   16.191, 0.0102, 0.0107,  32.9119, 02 Oct 2018 21:20:42
 10.0954,  3.61364,   16.216, 0.0098, 0.0101,  32.9133, 02 Oct 2018 21:20:44
 10.0857,  3.61261,   16.286, 0.0100, 0.0104,  32.9117, 02 Oct 2018 21:20:47
 10.0563,  3.61072,   16.403, 0.0096, 0.0107,  32.9191, 02 Oct 2018 21:20:49
 10.0186,  3.60790,   16.286, 0.0099, 0.0110,  32.9250, 02 Oct 2018 21:20:51
 10.0292,  3.60881,   16.080, 0.0092, 0.0104,  32.9247, 02 Oct 2018 21:20:54
  9.9841,  3.60533,   16.188, 0.0098, 0.0100,  32.9304, 02 Oct 2018 21:20:56
  9.9923,  3.60593,   16.432, 0.0101, 0.0108,  32.9288, 02 Oct 2018 21:20:58
  9.9581,  3.60325,   16.398, 0.0105, 0.0114,  32.9329, 02 Oct 2018 21:21:01
  9.9737,  3.60459,   16.091, 0.0100, 0.0102,  32.9325, 02 Oct 2018 21:21:03
  9.8993,  3.59879,   15.918, 0.0099, 0.0105,  32.9414, 02 Oct 2018 21:21:06
  9.9148,  3.60017,   16.064, 0.0099, 0.0098,  32.9413, 02 Oct 2018 21:21:08
  9.9078,  3.59960,   16.344, 0.0101, 0.0115,  32.9417, 02 Oct 2018 21:21:10
  9.8954,  3.59882,   16.441, 0.0105, 0.0107,  32.9451, 02 Oct 2018 21:21:13
  9.9039,  3.59935,   16.221, 0.0099, 0.0108,  32.9428, 02 Oct 2018 21:21:15
  9.8667,  3.59625,   15.999, 0.0114, 0.0099,  32.9453, 02 Oct 2018 21:21:17
  9.8512,  3.59537,   15.990, 0.0097, 0.0112,  32.9505, 02 Oct 2018 21:21:20
  9.8642,  3.59630,   16.186, 0.0099, 0.0104,  32.9480, 02 Oct 2018 21:21:22
  9.8677,  3.59639,   16.258, 0.0098, 0.0102,  32.9457, 02 Oct 2018 21:21:25
  9.8600,  3.59570,   16.169, 0.0101, 0.0106,  32.9458, 02 Oct 2018 21:21:27
  9.8443,  3.59442,   16.154, 0.0097, 0.0108,  32.9470, 02 Oct 2018 21:21:29
  9.8392,  3.59422,   16.209, 0.0097, 0.0103,  32.9496, 02 Oct 2018 21:21:32
  9.8334,  3.59378,   16.271, 0.0102, 0.0102,  32.9504, 02 Oct 2018 21:21:34
  9.8369,  3.59400,   16.173, 0.0095, 0.0109,  32.9496, 02 Oct 2018 21:21:36
  9.8304,  3.59351,   16.165, 0.0099, 0.0110,  32.9505, 02 Oct 2018 21:21:39
  9.8312,  3.59350,   16.103, 0.0097, 0.0105,  32.9496, 02 Oct 2018 21:21:41
  9.8290,  3.59333,   16.139, 0.0098, 0.0098,  32.9499, 02 Oct 2018 21:21:43
  9.8253,  3.59309,   16.127, 0.0099, 0.0108,  32.9509, 02 Oct 2018 21:21:46
  9.8274,  3.59319,   16.101, 0.0097, 0.0114,  32.9500, 02 Oct 2018 21:21:48
  9.8226,  3.59282,   16.245, 0.0098, 0.0102,  32.9506, 02 Oct 2018 21:21:50
  9.8236,  3.59301,   16.281, 0.0102, 0.0107,  32.9515, 02 Oct 2018 21:21:53
  9.8195,  3.59264,   16.197, 0.0093, 0.0101,  32.9516, 02 Oct 2018 21:21:55
  9.8154,  3.59239,   16.079, 0.0101, 0.0112,  32.9529, 02 Oct 2018 21:21:58
  9.8140,  3.59224,   16.071, 0.0106, 0.0101,  32.9526, 02 Oct 2018 21:22:00
  9.8035,  3.59163,   16.070, 0.0103, 0.0102,  32.9560, 02 Oct 2018 21:22:02
  9.8066,  3.59178,   16.159, 0.0102, 0.0102,  32.9546, 02 Oct 2018 21:22:05
  9.8017,  3.59147,   16.218, 0.0101, 0.0109,  32.9559, 02 Oct 2018 21:22:07
  9.8038,  3.59166,   16.198, 0.0094, 0.0106,  32.9559, 02 Oct 2018 21:22:09
  9.7997,  3.59138,   16.161, 0.0106, 0.0101,  32.9569, 02 Oct 2018 21:22:12
  9.8051,  3.59164,   16.047, 0.0102, 0.0105,  32.9547, 02 Oct 2018 21:22:14
  9.7955,  3.59104,   16.058, 0.0097, 0.0117,  32.9573, 02 Oct 2018 21:22:17
  9.7934,  3.59096,   16.127, 0.0097, 0.0102,  32.9585, 02 Oct 2018 21:22:19
  9.7964,  3.59111,   16.143, 0.0111, 0.0106,  32.9571, 02 Oct 2018 21:22:21
  9.7931,  3.59097,   16.196, 0.0099, 0.0102,  32.9588, 02 Oct 2018 21:22:24
  9.7928,  3.59100,   16.138, 0.0099, 0.0110,  32.9593, 02 Oct 2018 21:22:26
  9.7953,  3.59113,   16.025, 0.0095, 0.0102,  32.9583, 02 Oct 2018 21:22:28
  9.7878,  3.59086,   16.148, 0.0102, 0.0103,  32.9624, 02 Oct 2018 21:22:31
  9.7875,  3.59088,   16.256, 0.0097, 0.0101,  32.9629, 02 Oct 2018 21:22:33
  9.7897,  3.59096,   15.959, 0.0099, 0.0108,  32.9618, 02 Oct 2018 21:22:36
  9.7890,  3.59092,   15.780, 0.0097, 0.0099,  32.9621, 02 Oct 2018 21:22:38
  9.7886,  3.59086,   15.979, 0.0095, 0.0105,  32.9618, 02 Oct 2018 21:22:40
  9.7884,  3.59085,   16.252, 0.0101, 0.0102,  32.9618, 02 Oct 2018 21:22:43
  9.7891,  3.59090,   16.174, 0.0098, 0.0111,  32.9617, 02 Oct 2018 21:22:45
  9.7907,  3.59094,   16.046, 0.0098, 0.0104,  32.9607, 02 Oct 2018 21:22:47
  9.7890,  3.59089,   15.982, 0.0095, 0.0101,  32.9617, 02 Oct 2018 21:22:50
  9.7856,  3.59074,   16.074, 0.0105, 0.0105,  32.9632, 02 Oct 2018 21:22:52
  9.7844,  3.59069,   16.143, 0.0099, 0.0110,  32.9639, 02 Oct 2018 21:22:54
  9.7853,  3.59078,   16.037, 0.0099, 0.0095,  32.9639, 02 Oct 2018 21:22:57
  9.7854,  3.59082,   15.919, 0.0100, 0.0104,  32.9643, 02 Oct 2018 21:22:59
  9.7823,  3.59050,   16.015, 0.0098, 0.0100,  32.9639, 02 Oct 2018 21:23:01
  9.7810,  3.59054,   16.249, 0.0098, 0.0108,  32.9654, 02 Oct 2018 21:23:04
  9.7815,  3.59051,   16.167, 0.0101, 0.0102,  32.9647, 02 Oct 2018 21:23:06
  9.7823,  3.59053,   16.006, 0.0097, 0.0100,  32.9641, 02 Oct 2018 21:23:09
  9.7805,  3.59040,   15.922, 0.0107, 0.0098,  32.9645, 02 Oct 2018 21:23:11
  9.7796,  3.59033,   15.977, 0.0100, 0.0111,  32.9647, 02 Oct 2018 21:23:14
  9.7787,  3.59021,   16.066, 0.0099, 0.0101,  32.9641, 02 Oct 2018 21:23:16
  9.7798,  3.59028,   15.970, 0.0096, 0.0102,  32.9639, 02 Oct 2018 21:23:18
  9.7792,  3.59022,   16.018, 0.0097, 0.0096,  32.9639, 02 Oct 2018 21:23:21
  9.7766,  3.59014,   16.213, 0.0104, 0.0111,  32.9653, 02 Oct 2018 21:23:23
  9.7774,  3.59009,   16.165, 0.0099, 0.0106,  32.9642, 02 Oct 2018 21:23:25
  9.7787,  3.59019,   16.072, 0.0092, 0.0102,  32.9640, 02 Oct 2018 21:23:28
  9.7780,  3.59007,   15.908, 0.0094, 0.0098,  32.9635, 02 Oct 2018 21:23:30
  9.7787,  3.59005,   15.924, 0.0099, 0.0113,  32.9627, 02 Oct 2018 21:23:32
  9.7758,  3.58994,   16.151, 0.0093, 0.0105,  32.9640, 02 Oct 2018 21:23:35
  9.7742,  3.58990,   16.213, 0.0098, 0.0100,  32.9651, 02 Oct 2018 21:23:37
  9.7769,  3.59002,   16.093, 0.0095, 0.0098,  32.9638, 02 Oct 2018 21:23:39
  9.7784,  3.59004,   15.972, 0.0097, 0.0100,  32.9627, 02 Oct 2018 21:23:42
  9.7764,  3.58995,   16.071, 0.0093, 0.0109,  32.9636, 02 Oct 2018 21:23:44
  9.7834,  3.59004,   16.144, 0.0112, 0.0099,  32.9581, 02 Oct 2018 21:23:47
  9.7834,  3.59010,   16.034, 0.0089, 0.0105,  32.9588, 02 Oct 2018 21:23:49
  9.7827,  3.59012,   15.899, 0.0091, 0.0099,  32.9598, 02 Oct 2018 21:23:51
  9.7852,  3.59000,   16.047, 0.0099, 0.0115,  32.9562, 02 Oct 2018 21:23:54
  9.7849,  3.59000,   16.206, 0.0104, 0.0105,  32.9564, 02 Oct 2018 21:23:56
  9.7861,  3.59009,   16.221, 0.0098, 0.0101,  32.9562, 02 Oct 2018 21:23:58
  9.7883,  3.59021,   16.105, 0.0102, 0.0100,  32.9554, 02 Oct 2018 21:24:01
  9.7886,  3.59015,   16.022, 0.0100, 0.0112,  32.9546, 02 Oct 2018 21:24:03
  9.7922,  3.59033,   16.033, 0.0093, 0.0102,  32.9531, 02 Oct 2018 21:24:05
  9.7973,  3.59053,   16.162, 0.0097, 0.0101,  32.9503, 02 Oct 2018 21:24:08
  9.7963,  3.59051,   16.185, 0.0097, 0.0099,  32.9511, 02 Oct 2018 21:24:10
  9.7980,  3.59054,   16.183, 0.0095, 0.0113,  32.9499, 02 Oct 2018 21:24:13
  9.7971,  3.59057,   15.972, 0.0096, 0.0096,  32.9511, 02 Oct 2018 21:24:15
  9.8031,  3.59084,   15.977, 0.0097, 0.0103,  32.9484, 02 Oct 2018 21:24:17
  9.8195,  3.59186,   16.180, 0.0096, 0.0105,  32.9437, 02 Oct 2018 21:24:20
  9.8212,  3.59203,   16.301, 0.0101, 0.0112,  32.9438, 02 Oct 2018 21:24:22
  9.8213,  3.59206,   16.252, 0.0096, 0.0100,  32.9441, 02 Oct 2018 21:24:24
  9.8218,  3.59212,   15.957, 0.0095, 0.0104,  32.9443, 02 Oct 2018 21:24:27
  9.8269,  3.59248,   15.701, 0.0094, 0.0102,  32.9434, 02 Oct 2018 21:24:29
  9.8371,  3.59298,   15.962, 0.0091, 0.0114,  32.9391, 02 Oct 2018 21:24:32
  9.8654,  3.59525,   16.307, 0.0096, 0.0101,  32.9363, 02 Oct 2018 21:24:34
  9.8675,  3.59523,   16.199, 0.0096, 0.0098,  32.9341, 02 Oct 2018 21:24:36
  9.8796,  3.59626,   15.927, 0.0095, 0.0100,  32.9337, 02 Oct 2018 21:24:39
  9.8851,  3.59650,   16.043, 0.0104, 0.0108,  32.9310, 02 Oct 2018 21:24:41
  9.8939,  3.59734,   16.235, 0.0101, 0.0096,  32.9314, 02 Oct 2018 21:24:43
  9.8986,  3.59762,   16.123, 0.0097, 0.0109,  32.9300, 02 Oct 2018 21:24:46
  9.9158,  3.59896,   15.929, 0.0097, 0.0102,  32.9281, 02 Oct 2018 21:24:48
  9.9456,  3.60123,   15.976, 0.0099, 0.0113,  32.9239, 02 Oct 2018 21:24:50
  9.9688,  3.60255,   16.223, 0.0096, 0.0102,  32.9161, 02 Oct 2018 21:24:53
  9.9665,  3.60252,   16.341, 0.0093, 0.0098,  32.9179, 02 Oct 2018 21:24:55
  9.9670,  3.60263,   16.213, 0.0097, 0.0101,  32.9186, 02 Oct 2018 21:24:57
  9.9838,  3.60391,   16.064, 0.0096, 0.0107,  32.9163, 02 Oct 2018 21:25:00
  9.9987,  3.60506,   16.124, 0.0109, 0.0099,  32.9143, 02 Oct 2018 21:25:02
 10.0419,  3.60791,   16.155, 0.0106, 0.0103,  32.9039, 02 Oct 2018 21:25:05
 10.0656,  3.60951,   16.190, 0.0098, 0.0097,  32.8986, 02 Oct 2018 21:25:07
 10.0846,  3.61080,   16.273, 0.0096, 0.0108,  32.8943, 02 Oct 2018 21:25:09
 10.1121,  3.61264,   16.256, 0.0097, 0.0102,  32.8879, 02 Oct 2018 21:25:12
 10.1476,  3.61530,   16.209, 0.0095, 0.0102,  32.8827, 02 Oct 2018 21:25:14
 10.1978,  3.61852,   16.335, 0.0086, 0.0100,  32.8696, 02 Oct 2018 21:25:16
 10.1995,  3.61891,   16.344, 0.0092, 0.0104,  32.8720, 02 Oct 2018 21:25:19
 10.2000,  3.61906,   16.260, 0.0099, 0.0102,  32.8731, 02 Oct 2018 21:25:21
 10.2094,  3.61975,   16.075, 0.0095, 0.0112,  32.8717, 02 Oct 2018 21:25:23
 10.1985,  3.61928,   15.941, 0.0097, 0.0097,  32.8768, 02 Oct 2018 21:25:26
 10.2484,  3.62261,   16.186, 0.0095, 0.0111,  32.8651, 02 Oct 2018 21:25:28
 10.2558,  3.62294,   16.512, 0.0094, 0.0101,  32.8615, 02 Oct 2018 21:25:31
 10.2569,  3.62302,   16.516, 0.0091, 0.0106,  32.8614, 02 Oct 2018 21:25:33
 10.2537,  3.62304,   16.206, 0.0101, 0.0099,  32.8646, 02 Oct 2018 21:25:35
 10.2538,  3.62322,   16.009, 0.0095, 0.0109,  32.8664, 02 Oct 2018 21:25:38
 10.2711,  3.62449,   15.992, 0.0096, 0.0111,  32.8636, 02 Oct 2018 21:25:40
 10.3006,  3.62647,   16.342, 0.0103, 0.0099,  32.8567, 02 Oct 2018 21:25:42
 10.2918,  3.62573,   16.623, 0.0095, 0.0101,  32.8570, 02 Oct 2018 21:25:45
 10.2947,  3.62608,   16.420, 0.0098, 0.0110,  32.8580, 02 Oct 2018 21:25:47
 10.2984,  3.62644,   16.204, 0.0106, 0.0109,  32.8585, 02 Oct 2018 21:25:49
 10.3195,  3.62804,   16.183, 0.0088, 0.0105,  32.8554, 02 Oct 2018 21:25:52
 10.3417,  3.62906,   16.465, 0.0096, 0.0102,  32.8454, 02 Oct 2018 21:25:54
 10.3443,  3.62935,   16.650, 0.0092, 0.0111,  32.8460, 02 Oct 2018 21:25:56
 10.3370,  3.62891,   16.364, 0.0094, 0.0102,  32.8482, 02 Oct 2018 21:25:59
 10.3458,  3.62975,   16.147, 0.0094, 0.0102,  32.8488, 02 Oct 2018 21:26:01
 10.3582,  3.63054,   16.292, 0.0094, 0.0099,  32.8455, 02 Oct 2018 21:26:04
 10.3596,  3.63054,   16.527, 0.0097, 0.0110,  32.8441, 02 Oct 2018 21:26:06
 10.3591,  3.63050,   16.461, 0.0104, 0.0100,  32.8442, 02 Oct 2018 21:26:08
 10.3597,  3.63068,   16.376, 0.0093, 0.0099,  32.8455, 02 Oct 2018 21:26:11
 10.3599,  3.63082,   16.331, 0.0091, 0.0105,  32.8468, 02 Oct 2018 21:26:13
 10.3665,  3.63106,   16.367, 0.0091, 0.0106,  32.8432, 02 Oct 2018 21:26:15
 10.3656,  3.63105,   16.156, 0.0096, 0.0098,  32.8440, 02 Oct 2018 21:26:18
 10.3670,  3.63106,   16.249, 0.0096, 0.0105,  32.8428, 02 Oct 2018 21:26:20
 10.3680,  3.63105,   16.499, 0.0101, 0.0107,  32.8417, 02 Oct 2018 21:26:23
 10.3668,  3.63091,   16.401, 0.0098, 0.0107,  32.8414, 02 Oct 2018 21:26:25
 10.3676,  3.63129,   16.376, 0.0099, 0.0117,  32.8445, 02 Oct 2018 21:26:27
 10.3678,  3.63128,   16.386, 0.0098, 0.0099,  32.8443, 02 Oct 2018 21:26:30
 10.3674,  3.63124,   16.319, 0.0096, 0.0104,  32.8443, 02 Oct 2018 21:26:32
 10.3682,  3.63137,   16.287, 0.0096, 0.0102,  32.8449, 02 Oct 2018 21:26:34
 10.3683,  3.63139,   16.301, 0.0098, 0.0110,  32.8449, 02 Oct 2018 21:26:37
 10.3689,  3.63126,   16.272, 0.0098, 0.0102,  32.8431, 02 Oct 2018 21:26:39
 10.3705,  3.63113,   16.278, 0.0106, 0.0100,  32.8403, 02 Oct 2018 21:26:41
 10.3708,  3.63124,   16.243, 0.0097, 0.0095,  32.8412, 02 Oct 2018 21:26:44
 10.3721,  3.63126,   16.282, 0.0091, 0.0114,  32.8402, 02 Oct 2018 21:26:46
 10.3797,  3.63167,   16.350, 0.0097, 0.0106,  32.8375, 02 Oct 2018 21:26:48
 10.3810,  3.63164,   16.319, 0.0105, 0.0099,  32.8360, 02 Oct 2018 21:26:51
 10.3786,  3.63156,   16.218, 0.0102, 0.0108,  32.8373, 02 Oct 2018 21:26:53
 10.3767,  3.63150,   16.184, 0.0100, 0.0105,  32.8385, 02 Oct 2018 21:26:56
 10.3783,  3.63158,   16.220, 0.0100, 0.0105,  32.8378, 02 Oct 2018 21:26:58
 10.3844,  3.63182,   16.283, 0.0094, 0.0102,  32.8348, 02 Oct 2018 21:27:00
 10.3839,  3.63187,   16.352, 0.0096, 0.0110,  32.8356, 02 Oct 2018 21:27:03
 10.3822,  3.63174,   16.265, 0.0095, 0.0108,  32.8360, 02 Oct 2018 21:27:05
 10.3806,  3.63171,   16.254, 0.0108, 0.0102,  32.8371, 02 Oct 2018 21:27:07
 10.3810,  3.63174,   16.253, 0.0094, 0.0105,  32.8371, 02 Oct 2018 21:27:10
 10.3849,  3.63175,   16.237, 0.0099, 0.0107,  32.8336, 02 Oct 2018 21:27:12
 10.3878,  3.63178,   16.268, 0.0103, 0.0111,  32.8313, 02 Oct 2018 21:27:15
 10.3887,  3.63179,   16.312, 0.0099, 0.0102,  32.8305, 02 Oct 2018 21:27:17
 10.3882,  3.63163,   16.221, 0.0094, 0.0105,  32.8294, 02 Oct 2018 21:27:19
 10.3878,  3.63153,   16.132, 0.0094, 0.0099,  32.8288, 02 Oct 2018 21:27:22
 10.3864,  3.63150,   16.242, 0.0091, 0.0106,  32.8297, 02 Oct 2018 21:27:24
 10.3883,  3.63158,   16.413, 0.0095, 0.0096,  32.8287, 02 Oct 2018 21:27:26
 10.3855,  3.63142,   16.360, 0.0088, 0.0105,  32.8296, 02 Oct 2018 21:27:29
 10.3731,  3.63116,   16.191, 0.0097, 0.0101,  32.8383, 02 Oct 2018 21:27:31
 10.3721,  3.63119,   16.281, 0.0097, 0.0114,  32.8395, 02 Oct 2018 21:27:33
 10.3745,  3.63124,   16.354, 0.0094, 0.0110,  32.8378, 02 Oct 2018 21:27:36
 10.3741,  3.63115,   16.222, 0.0098, 0.0094,  32.8373, 02 Oct 2018 21:27:38
 10.3683,  3.63096,   16.266, 0.0097, 0.0098,  32.8407, 02 Oct 2018 21:27:40
 10.3690,  3.63091,   16.435, 0.0096, 0.0095,  32.8394, 02 Oct 2018 21:27:43
 10.3682,  3.63088,   16.522, 0.0101, 0.0111,  32.8399, 02 Oct 2018 21:27:45
 10.3660,  3.63100,   16.286, 0.0095, 0.0102,  32.8431, 02 Oct 2018 21:27:48
 10.3666,  3.63102,   16.064, 0.0094, 0.0105,  32.8429, 02 Oct 2018 21:27:50
 10.3688,  3.63105,   16.147, 0.0099, 0.0101,  32.8411, 02 Oct 2018 21:27:52
 10.3648,  3.63106,   16.448, 0.0102, 0.0115,  32.8448, 02 Oct 2018 21:27:55
 10.3607,  3.63098,   16.577, 0.0110, 0.0102,  32.8476, 02 Oct 2018 21:27:57
 10.3598,  3.63086,   16.256, 0.0097, 0.0110,  32.8474, 02 Oct 2018 21:27:59
 10.3574,  3.63084,   16.253, 0.0094, 0.0103,  32.8493, 02 Oct 2018 21:28:02
 10.3566,  3.63082,   16.415, 0.0094, 0.0107,  32.8498, 02 Oct 2018 21:28:04
 10.3562,  3.63079,   16.548, 0.0097, 0.0098,  32.8497, 02 Oct 2018 21:28:06
 10.3500,  3.63043,   16.384, 0.0096, 0.0106,  32.8517, 02 Oct 2018 21:28:09
 10.3523,  3.63054,   16.048, 0.0104, 0.0109,  32.8510, 02 Oct 2018 21:28:11
 10.3499,  3.63031,   16.092, 0.0097, 0.0113,  32.8509, 02 Oct 2018 21:28:14
 10.3497,  3.63037,   16.372, 0.0095, 0.0104,  32.8515, 02 Oct 2018 21:28:16
 10.3428,  3.62997,   16.629, 0.0098, 0.0101,  32.8536, 02 Oct 2018 21:28:18
 10.3383,  3.62972,   16.639, 0.0097, 0.0098,  32.8552, 02 Oct 2018 21:28:21
 10.3398,  3.62982,   16.351, 0.0095, 0.0110,  32.8549, 02 Oct 2018 21:28:23
 10.3414,  3.62984,   16.135, 0.0101, 0.0100,  32.8537, 02 Oct 2018 21:28:25
 10.3356,  3.62954,   16.308, 0.0100, 0.0102,  32.8558, 02 Oct 2018 21:28:28
 10.3358,  3.62955,   16.523, 0.0098, 0.0109,  32.8557, 02 Oct 2018 21:28:30
 10.3284,  3.62907,   16.469, 0.0099, 0.0111,  32.8576, 02 Oct 2018 21:28:32
 10.3180,  3.62842,   16.327, 0.0101, 0.0100,  32.8605, 02 Oct 2018 21:28:35
 10.3132,  3.62814,   16.322, 0.0099, 0.0096,  32.8621, 02 Oct 2018 21:28:37
 10.3154,  3.62828,   16.429, 0.0095, 0.0102,  32.8615, 02 Oct 2018 21:28:39
 10.3067,  3.62772,   16.434, 0.0103, 0.0118,  32.8636, 02 Oct 2018 21:28:42
 10.3090,  3.62788,   16.206, 0.0102, 0.0096,  32.8633, 02 Oct 2018 21:28:44
 10.2919,  3.62691,   16.205, 0.0093, 0.0099,  32.8690, 02 Oct 2018 21:28:47
 10.2935,  3.62701,   16.288, 0.0095, 0.0099,  32.8685, 02 Oct 2018 21:28:49
 10.2960,  3.62708,   16.324, 0.0103, 0.0110,  32.8670, 02 Oct 2018 21:28:51
 10.2881,  3.62663,   16.419, 0.0094, 0.0102,  32.8695, 02 Oct 2018 21:28:54
 10.2844,  3.62647,   16.386, 0.0095, 0.0101,  32.8713, 02 Oct 2018 21:28:56
 10.2845,  3.62643,   16.206, 0.0098, 0.0100,  32.8709, 02 Oct 2018 21:28:58
 10.2694,  3.62544,   16.198, 0.0094, 0.0112,  32.8746, 02 Oct 2018 21:29:01
 10.2696,  3.62552,   16.189, 0.0091, 0.0096,  32.8751, 02 Oct 2018 21:29:03
 10.2631,  3.62505,   16.316, 0.0097, 0.0106,  32.8763, 02 Oct 2018 21:29:06
 10.2633,  3.62504,   16.389, 0.0094, 0.0105,  32.8760, 02 Oct 2018 21:29:08
 10.2623,  3.62495,   16.311, 0.0098, 0.0092,  32.8761, 02 Oct 2018 21:29:10
 10.2454,  3.62368,   16.376, 0.0096, 0.0110,  32.8785, 02 Oct 2018 21:29:13
 10.2404,  3.62337,   16.405, 0.0099, 0.0103,  32.8800, 02 Oct 2018 21:29:15
 10.2443,  3.62367,   16.236, 0.0093, 0.0098,  32.8795, 02 Oct 2018 21:29:17
 10.2312,  3.62259,   16.185, 0.0095, 0.0096,  32.8804, 02 Oct 2018 21:29:20
 10.2256,  3.62227,   16.189, 0.0095, 0.0108,  32.8824, 02 Oct 2018 21:29:22
 10.2215,  3.62187,   16.199, 0.0098, 0.0108,  32.8819, 02 Oct 2018 21:29:25
 10.2198,  3.62178,   16.256, 0.0099, 0.0098,  32.8826, 02 Oct 2018 21:29:27
 10.2075,  3.62095,   16.389, 0.0095, 0.0107,  32.8854, 02 Oct 2018 21:29:29
 10.2012,  3.62067,   16.408, 0.0104, 0.0106,  32.8882, 02 Oct 2018 21:29:32
 10.1855,  3.61966,   16.249, 0.0095, 0.0102,  32.8923, 02 Oct 2018 21:29:34
 10.1490,  3.61734,   16.077, 0.0101, 0.0094,  32.9021, 02 Oct 2018 21:29:36
 10.1500,  3.61759,   15.962, 0.0095, 0.0096,  32.9038, 02 Oct 2018 21:29:39
 10.1526,  3.61770,   16.232, 0.0104, 0.0108,  32.9024, 02 Oct 2018 21:29:41
 10.0418,  3.60943,   16.456, 0.0110, 0.0109,  32.9193, 02 Oct 2018 21:29:43
 10.0936,  3.61406,   16.237, 0.0098, 0.0099,  32.9192, 02 Oct 2018 21:29:46
 10.0229,  3.60762,   16.133, 0.0096, 0.0105,  32.9183, 02 Oct 2018 21:29:48
  9.9707,  3.60486,   16.116, 0.0095, 0.0110,  32.9379, 02 Oct 2018 21:29:50
  9.9603,  3.60392,   16.192, 0.0098, 0.0098,  32.9378, 02 Oct 2018 21:29:53
  9.9590,  3.60382,   16.227, 0.0097, 0.0099,  32.9379, 02 Oct 2018 21:29:55
  9.9525,  3.60337,   16.198, 0.0102, 0.0099,  32.9394, 02 Oct 2018 21:29:58
  9.9349,  3.60205,   16.126, 0.0101, 0.0114,  32.9420, 02 Oct 2018 21:30:00
  9.9123,  3.60026,   16.181, 0.0100, 0.0100,  32.9444, 02 Oct 2018 21:30:02
  9.8853,  3.59842,   16.286, 0.0092, 0.0100,  32.9502, 02 Oct 2018 21:30:05
  9.8722,  3.59750,   16.239, 0.0103, 0.0105,  32.9529, 02 Oct 2018 21:30:07
  9.8550,  3.59598,   16.171, 0.0096, 0.0108,  32.9532, 02 Oct 2018 21:30:09
  9.8218,  3.59380,   16.077, 0.0098, 0.0100,  32.9613, 02 Oct 2018 21:30:12
  9.8189,  3.59346,   16.008, 0.0096, 0.0100,  32.9605, 02 Oct 2018 21:30:14
  9.8130,  3.59300,   16.141, 0.0098, 0.0106,  32.9612, 02 Oct 2018 21:30:17
  9.8128,  3.59297,   16.299, 0.0091, 0.0109,  32.9610, 02 Oct 2018 21:30:19
  9.8168,  3.59322,   16.306, 0.0094, 0.0102,  32.9599, 02 Oct 2018 21:30:21
  9.8177,  3.59310,   16.078, 0.0094, 0.0101,  32.9581, 02 Oct 2018 21:30:24
  9.8122,  3.59258,   15.961, 0.0098, 0.0100,  32.9577, 02 Oct 2018 21:30:26
  9.7977,  3.59125,   15.889, 0.0093, 0.0093,  32.9575, 02 Oct 2018 21:30:28
  9.7980,  3.59143,   16.108, 0.0104, 0.0105,  32.9590, 02 Oct 2018 21:30:31
  9.7908,  3.59071,   16.256, 0.0091, 0.0100,  32.9581, 02 Oct 2018 21:30:33
  9.7979,  3.59135,   16.222, 0.0093, 0.0102,  32.9581, 02 Oct 2018 21:30:36
  9.8007,  3.59150,   16.091, 0.0101, 0.0099,  32.9572, 02 Oct 2018 21:30:38
  9.8053,  3.59179,   15.861, 0.0095, 0.0110,  32.9561, 02 Oct 2018 21:30:40
  9.7865,  3.59005,   16.057, 0.0096, 0.0106,  32.9554, 02 Oct 2018 21:30:43
  9.7846,  3.59007,   16.267, 0.0104, 0.0101,  32.9573, 02 Oct 2018 21:30:45
  9.7869,  3.59023,   16.024, 0.0103, 0.0103,  32.9570, 02 Oct 2018 21:30:47
  9.7864,  3.59013,   15.879, 0.0096, 0.0115,  32.9564, 02 Oct 2018 21:30:50
  9.7805,  3.58963,   16.052, 0.0091, 0.0106,  32.9566, 02 Oct 2018 21:30:52
  9.7799,  3.58954,   16.213, 0.0103, 0.0099,  32.9562, 02 Oct 2018 21:30:54
  9.7817,  3.58972,   16.123, 0.0098, 0.0096,  32.9564, 02 Oct 2018 21:30:57
  9.7851,  3.58990,   15.942, 0.0098, 0.0112,  32.9552, 02 Oct 2018 21:30:59
  9.7828,  3.58965,   15.868, 0.0091, 0.0102,  32.9548, 02 Oct 2018 21:31:01
  9.7790,  3.58942,   16.054, 0.0095, 0.0101,  32.9559, 02 Oct 2018 21:31:04
  9.7743,  3.58917,   16.272, 0.0108, 0.0101,  32.9576, 02 Oct 2018 21:31:06
  9.7773,  3.58945,   16.039, 0.0097, 0.0109,  32.9578, 02 Oct 2018 21:31:09
  9.7796,  3.58947,   15.729, 0.0102, 0.0103,  32.9559, 02 Oct 2018 21:31:11
  9.7846,  3.58995,   15.882, 0.0093, 0.0103,  32.9563, 02 Oct 2018 21:31:13
  9.7841,  3.58976,   16.208, 0.0099, 0.0102,  32.9546, 02 Oct 2018 21:31:16
  9.7841,  3.58982,   16.121, 0.0094, 0.0106,  32.9552, 02 Oct 2018 21:31:18
  9.7885,  3.59018,   15.886, 0.0094, 0.0101,  32.9550, 02 Oct 2018 21:31:20
  9.7830,  3.58951,   15.757, 0.0097, 0.0100,  32.9533, 02 Oct 2018 21:31:23
  9.7914,  3.59048,   15.939, 0.0097, 0.0105,  32.9555, 02 Oct 2018 21:31:25
  9.7756,  3.58904,   16.212, 0.0093, 0.0108,  32.9550, 02 Oct 2018 21:31:27
  9.7809,  3.58961,   16.089, 0.0097, 0.0099,  32.9560, 02 Oct 2018 21:31:30
  9.7864,  3.59001,   15.769, 0.0096, 0.0100,  32.9552, 02 Oct 2018 21:31:32
  9.7800,  3.58941,   15.669, 0.0098, 0.0098,  32.9550, 02 Oct 2018 21:31:35
  9.7904,  3.59036,   16.006, 0.0093, 0.0112,  32.9550, 02 Oct 2018 21:31:37
  9.7813,  3.58946,   16.201, 0.0095, 0.0101,  32.9542, 02 Oct 2018 21:31:39
  9.7856,  3.58998,   16.070, 0.0099, 0.0097,  32.9556, 02 Oct 2018 21:31:42
  9.7878,  3.59008,   15.792, 0.0097, 0.0104,  32.9547, 02 Oct 2018 21:31:44
  9.7816,  3.58943,   15.694, 0.0094, 0.0100,  32.9537, 02 Oct 2018 21:31:46
  9.7810,  3.58952,   16.008, 0.0102, 0.0100,  32.9551, 02 Oct 2018 21:31:49
  9.7758,  3.58897,   16.126, 0.0097, 0.0102,  32.9542, 02 Oct 2018 21:31:51
  9.7791,  3.58936,   15.908, 0.0097, 0.0099,  32.9552, 02 Oct 2018 21:31:53
  9.7864,  3.58997,   15.797, 0.0097, 0.0099,  32.9548, 02 Oct 2018 21:31:56
  9.7879,  3.59012,   16.041, 0.0096, 0.0109,  32.9549, 02 Oct 2018 21:31:58
  9.7896,  3.59025,   16.035, 0.0089, 0.0099,  32.9546, 02 Oct 2018 21:32:00
  9.7938,  3.59069,   15.961, 0.0095, 0.0109,  32.9554, 02 Oct 2018 21:32:03
  9.7922,  3.59043,   15.882, 0.0101, 0.0099,  32.9542, 02 Oct 2018 21:32:05
  9.7946,  3.59061,   15.861, 0.0096, 0.0115,  32.9539, 02 Oct 2018 21:32:08
  9.7937,  3.59053,   16.045, 0.0101, 0.0112,  32.9537, 02 Oct 2018 21:32:10
  9.7963,  3.59079,   16.033, 0.0096, 0.0099,  32.9540, 02 Oct 2018 21:32:12
  9.8034,  3.59146,   15.836, 0.0093, 0.0103,  32.9544, 02 Oct 2018 21:32:15
  9.7977,  3.59071,   15.973, 0.0099, 0.0113,  32.9519, 02 Oct 2018 21:32:17
  9.8037,  3.59139,   16.012, 0.0094, 0.0098,  32.9534, 02 Oct 2018 21:32:19
  9.8192,  3.59252,   15.790, 0.0096, 0.0105,  32.9509, 02 Oct 2018 21:32:22
  9.8247,  3.59258,   15.833, 0.0098, 0.0106,  32.9463, 02 Oct 2018 21:32:24
  9.8460,  3.59432,   15.916, 0.0091, 0.0107,  32.9446, 02 Oct 2018 21:32:26
  9.8386,  3.59373,   15.836, 0.0096, 0.0100,  32.9455, 02 Oct 2018 21:32:29
  9.8558,  3.59503,   15.933, 0.0096, 0.0105,  32.9428, 02 Oct 2018 21:32:31
  9.8548,  3.59513,   16.085, 0.0094, 0.0097,  32.9447, 02 Oct 2018 21:32:34
  9.8560,  3.59507,   16.060, 0.0095, 0.0109,  32.9431, 02 Oct 2018 21:32:36
  9.8732,  3.59629,   15.907, 0.0101, 0.0105,  32.9398, 02 Oct 2018 21:32:38
  9.8734,  3.59616,   15.849, 0.0092, 0.0104,  32.9384, 02 Oct 2018 21:32:41
  9.8868,  3.59714,   15.932, 0.0097, 0.0099,  32.9360, 02 Oct 2018 21:32:43
  9.9142,  3.59917,   16.122, 0.0096, 0.0107,  32.9315, 02 Oct 2018 21:32:45
  9.8986,  3.59790,   16.124, 0.0100, 0.0104,  32.9329, 02 Oct 2018 21:32:48
  9.9089,  3.59872,   16.062, 0.0101, 0.0104,  32.9319, 02 Oct 2018 21:32:50
  9.9092,  3.59868,   15.997, 0.0094, 0.0099,  32.9312, 02 Oct 2018 21:32:52
  9.9244,  3.60000,   16.031, 0.0099, 0.0104,  32.9308, 02 Oct 2018 21:32:55
  9.9169,  3.59924,   15.926, 0.0111, 0.0100,  32.9299, 02 Oct 2018 21:32:57
  9.9309,  3.60030,   15.901, 0.0096, 0.0101,  32.9279, 02 Oct 2018 21:32:59
  9.9575,  3.60216,   16.024, 0.0096, 0.0099,  32.9225, 02 Oct 2018 21:33:02
  9.9666,  3.60276,   16.125, 0.0097, 0.0107,  32.9203, 02 Oct 2018 21:33:04
  9.9810,  3.60384,   16.113, 0.0095, 0.0093,  32.9181, 02 Oct 2018 21:33:07
  9.9864,  3.60417,   16.009, 0.0099, 0.0102,  32.9167, 02 Oct 2018 21:33:09
  9.9983,  3.60514,   15.979, 0.0097, 0.0105,  32.9157, 02 Oct 2018 21:33:11
 10.0343,  3.60768,   16.093, 0.0095, 0.0097,  32.9085, 02 Oct 2018 21:33:14
 10.0369,  3.60772,   16.041, 0.0089, 0.0109,  32.9066, 02 Oct 2018 21:33:16
 10.0492,  3.60878,   15.983, 0.0097, 0.0094,  32.9062, 02 Oct 2018 21:33:18
 10.0685,  3.61032,   16.014, 0.0095, 0.0100,  32.9042, 02 Oct 2018 21:33:21
 10.0767,  3.61077,   16.166, 0.0096, 0.0106,  32.9013, 02 Oct 2018 21:33:23
 10.0736,  3.61061,   16.087, 0.0097, 0.0117,  32.9025, 02 Oct 2018 21:33:26
 10.0955,  3.61228,   16.006, 0.0092, 0.0105,  32.8996, 02 Oct 2018 21:33:28
 10.0987,  3.61254,   15.966, 0.0095, 0.0100,  32.8993, 02 Oct 2018 21:33:30
 10.1198,  3.61400,   16.043, 0.0092, 0.0101,  32.8948, 02 Oct 2018 21:33:33
 10.1245,  3.61431,   16.109, 0.0102, 0.0106,  32.8937, 02 Oct 2018 21:33:35
 10.1212,  3.61426,   16.093, 0.0092, 0.0106,  32.8961, 02 Oct 2018 21:33:37
 10.1232,  3.61443,   16.057, 0.0091, 0.0098,  32.8960, 02 Oct 2018 21:33:40
 10.1233,  3.61457,   16.057, 0.0106, 0.0100,  32.8974, 02 Oct 2018 21:33:42
 10.1224,  3.61448,   16.071, 0.0095, 0.0107,  32.8973, 02 Oct 2018 21:33:44
 10.1285,  3.61492,   16.127, 0.0097, 0.0100,  32.8961, 02 Oct 2018 21:33:47
 10.1299,  3.61497,   16.207, 0.0095, 0.0099,  32.8955, 02 Oct 2018 21:33:49
 10.1310,  3.61508,   16.085, 0.0091, 0.0105,  32.8955, 02 Oct 2018 21:33:51
 10.1400,  3.61565,   16.008, 0.0095, 0.0104,  32.8932, 02 Oct 2018 21:33:54
 10.1653,  3.61749,   16.088, 0.0095, 0.0095,  32.8888, 02 Oct 2018 21:33:56
 10.1728,  3.61784,   16.231, 0.0091, 0.0104,  32.8855, 02 Oct 2018 21:33:59
 10.1683,  3.61756,   16.113, 0.0095, 0.0098,  32.8867, 02 Oct 2018 21:34:01
 10.1747,  3.61808,   16.075, 0.0097, 0.0109,  32.8862, 02 Oct 2018 21:34:03
 10.1923,  3.61936,   16.159, 0.0095, 0.0097,  32.8831, 02 Oct 2018 21:34:06
 10.1951,  3.61949,   16.191, 0.0103, 0.0106,  32.8818, 02 Oct 2018 21:34:08
 10.2066,  3.62042,   16.142, 0.0096, 0.0102,  32.8808, 02 Oct 2018 21:34:10
 10.2070,  3.62040,   15.898, 0.0091, 0.0101,  32.8804, 02 Oct 2018 21:34:13
 10.2257,  3.62181,   16.025, 0.0091, 0.0097,  32.8776, 02 Oct 2018 21:34:15
 10.2472,  3.62315,   16.355, 0.0092, 0.0102,  32.8715, 02 Oct 2018 21:34:18
 10.2482,  3.62326,   16.252, 0.0102, 0.0102,  32.8718, 02 Oct 2018 21:34:20
 10.2519,  3.62367,   16.130, 0.0094, 0.0113,  32.8726, 02 Oct 2018 21:34:22
 10.2553,  3.62391,   15.969, 0.0097, 0.0097,  32.8720, 02 Oct 2018 21:34:25
 10.2569,  3.62411,   16.068, 0.0097, 0.0099,  32.8725, 02 Oct 2018 21:34:27
 10.2616,  3.62432,   16.225, 0.0098, 0.0098,  32.8704, 02 Oct 2018 21:34:29
 10.2603,  3.62423,   16.179, 0.0104, 0.0107,  32.8707, 02 Oct 2018 21:34:32
 10.2614,  3.62418,   16.176, 0.0116, 0.0094,  32.8691, 02 Oct 2018 21:34:34
 10.2613,  3.62442,   16.100, 0.0088, 0.0101,  32.8716, 02 Oct 2018 21:34:37
 10.2601,  3.62443,   16.186, 0.0094, 0.0109,  32.8728, 02 Oct 2018 21:34:39
 10.2605,  3.62444,   16.189, 0.0092, 0.0098,  32.8726, 02 Oct 2018 21:34:41
 10.2603,  3.62441,   16.144, 0.0102, 0.0108,  32.8725, 02 Oct 2018 21:34:44
 10.2608,  3.62446,   16.038, 0.0097, 0.0093,  32.8726, 02 Oct 2018 21:34:46
 10.2625,  3.62463,   16.118, 0.0097, 0.0094,  32.8726, 02 Oct 2018 21:34:48
 10.2628,  3.62466,   16.202, 0.0100, 0.0098,  32.8727, 02 Oct 2018 21:34:51
 10.2619,  3.62457,   16.245, 0.0098, 0.0110,  32.8725, 02 Oct 2018 21:34:53
 10.2619,  3.62456,   16.223, 0.0096, 0.0099,  32.8724, 02 Oct 2018 21:34:55
 10.2628,  3.62453,   16.065, 0.0098, 0.0107,  32.8714, 02 Oct 2018 21:34:58
 10.2636,  3.62456,   16.061, 0.0092, 0.0098,  32.8709, 02 Oct 2018 21:35:00
 10.2667,  3.62470,   16.027, 0.0095, 0.0109,  32.8696, 02 Oct 2018 21:35:02
 10.2697,  3.62485,   16.190, 0.0091, 0.0096,  32.8684, 02 Oct 2018 21:35:05
 10.2726,  3.62498,   16.263, 0.0096, 0.0093,  32.8670, 02 Oct 2018 21:35:07
 10.2737,  3.62502,   16.153, 0.0099, 0.0105,  32.8665, 02 Oct 2018 21:35:10
 10.2729,  3.62501,   16.043, 0.0095, 0.0114,  32.8671, 02 Oct 2018 21:35:12
 10.2790,  3.62543,   16.139, 0.0093, 0.0102,  32.8658, 02 Oct 2018 21:35:14
 10.2817,  3.62557,   16.192, 0.0096, 0.0104,  32.8647, 02 Oct 2018 21:35:17
 10.2834,  3.62564,   16.189, 0.0097, 0.0101,  32.8639, 02 Oct 2018 21:35:19
 10.2830,  3.62566,   16.108, 0.0095, 0.0104,  32.8645, 02 Oct 2018 21:35:22
 10.2837,  3.62570,   16.069, 0.0099, 0.0109,  32.8644, 02 Oct 2018 21:35:24
 10.2865,  3.62591,   16.140, 0.0088, 0.0098,  32.8639, 02 Oct 2018 21:35:26
 10.2881,  3.62600,   16.199, 0.0098, 0.0100,  32.8632, 02 Oct 2018 21:35:29
 10.2896,  3.62606,   16.139, 0.0093, 0.0099,  32.8626, 02 Oct 2018 21:35:31
 10.2886,  3.62604,   16.022, 0.0099, 0.0098,  32.8632, 02 Oct 2018 21:35:33
 10.2921,  3.62629,   16.145, 0.0097, 0.0097,  32.8626, 02 Oct 2018 21:35:36
 10.2948,  3.62642,   16.310, 0.0102, 0.0096,  32.8613, 02 Oct 2018 21:35:38
 10.2936,  3.62631,   16.167, 0.0095, 0.0114,  32.8614, 02 Oct 2018 21:35:40
 10.2944,  3.62636,   15.976, 0.0094, 0.0106,  32.8613, 02 Oct 2018 21:35:43
 10.2965,  3.62653,   16.006, 0.0099, 0.0104,  32.8611, 02 Oct 2018 21:35:45
 10.2977,  3.62660,   16.193, 0.0092, 0.0097,  32.8607, 02 Oct 2018 21:35:48
 10.2980,  3.62663,   16.300, 0.0098, 0.0110,  32.8606, 02 Oct 2018 21:35:50
 10.2959,  3.62646,   16.176, 0.0089, 0.0094,  32.8608, 02 Oct 2018 21:35:52
 10.2948,  3.62640,   16.047, 0.0102, 0.0095,  32.8613, 02 Oct 2018 21:35:55
 10.2945,  3.62640,   16.031, 0.0095, 0.0101,  32.8616, 02 Oct 2018 21:35:57
 10.2974,  3.62660,   16.110, 0.0101, 0.0094,  32.8609, 02 Oct 2018 21:35:59
 10.2971,  3.62656,   16.202, 0.0109, 0.0101,  32.8607, 02 Oct 2018 21:36:02
 10.2988,  3.62665,   16.134, 0.0097, 0.0098,  32.8602, 02 Oct 2018 21:36:04
 10.2986,  3.62660,   16.065, 0.0092, 0.0098,  32.8599, 02 Oct 2018 21:36:06
 10.2978,  3.62660,   16.115, 0.0094, 0.0102,  32.8606, 02 Oct 2018 21:36:09
 10.2977,  3.62658,   16.213, 0.0096, 0.0101,  32.8604, 02 Oct 2018 21:36:11
 10.2972,  3.62656,   16.191, 0.0092, 0.0094,  32.8607, 02 Oct 2018 21:36:14
 10.2978,  3.62658,   16.060, 0.0093, 0.0098,  32.8605, 02 Oct 2018 21:36:16
 10.2948,  3.62639,   16.041, 0.0097, 0.0097,  32.8612, 02 Oct 2018 21:36:18
 10.2943,  3.62640,   16.091, 0.0099, 0.0105,  32.8618, 02 Oct 2018 21:36:21
 10.2939,  3.62639,   16.146, 0.0098, 0.0098,  32.8619, 02 Oct 2018 21:36:23
 10.2921,  3.62631,   16.260, 0.0091, 0.0104,  32.8627, 02 Oct 2018 21:36:25
 10.2917,  3.62627,   16.154, 0.0090, 0.0099,  32.8627, 02 Oct 2018 21:36:28
 10.2915,  3.62623,   16.010, 0.0094, 0.0107,  32.8627, 02 Oct 2018 21:36:30
 10.2845,  3.62580,   16.040, 0.0097, 0.0106,  32.8645, 02 Oct 2018 21:36:32
 10.2860,  3.62592,   16.097, 0.0093, 0.0096,  32.8645, 02 Oct 2018 21:36:35
 10.2826,  3.62570,   16.205, 0.0097, 0.0097,  32.8652, 02 Oct 2018 21:36:37
 10.2815,  3.62560,   16.175, 0.0101, 0.0107,  32.8652, 02 Oct 2018 21:36:39
 10.2791,  3.62545,   16.075, 0.0093, 0.0098,  32.8659, 02 Oct 2018 21:36:42
 10.2731,  3.62502,   16.066, 0.0098, 0.0094,  32.8671, 02 Oct 2018 21:36:44
 10.2695,  3.62487,   16.114, 0.0090, 0.0096,  32.8688, 02 Oct 2018 21:36:47
 10.2686,  3.62478,   16.112, 0.0103, 0.0107,  32.8687, 02 Oct 2018 21:36:49
 10.2677,  3.62473,   16.139, 0.0096, 0.0093,  32.8689, 02 Oct 2018 21:36:51
 10.2680,  3.62472,   16.174, 0.0092, 0.0100,  32.8685, 02 Oct 2018 21:36:54
 10.2649,  3.62449,   16.125, 0.0091, 0.0099,  32.8690, 02 Oct 2018 21:36:56
 10.2645,  3.62443,   16.134, 0.0094, 0.0105,  32.8689, 02 Oct 2018 21:36:58
 10.2632,  3.62432,   16.106, 0.0091, 0.0101,  32.8689, 02 Oct 2018 21:37:01
 10.2647,  3.62444,   16.019, 0.0091, 0.0108,  32.8689, 02 Oct 2018 21:37:03
 10.2622,  3.62430,   16.161, 0.0094, 0.0100,  32.8696, 02 Oct 2018 21:37:06
 10.2633,  3.62436,   16.259, 0.0092, 0.0100,  32.8692, 02 Oct 2018 21:37:08
 10.2637,  3.62436,   16.113, 0.0099, 0.0098,  32.8689, 02 Oct 2018 21:37:10
 10.2640,  3.62432,   16.002, 0.0097, 0.0101,  32.8683, 02 Oct 2018 21:37:13
 10.2617,  3.62427,   16.052, 0.0093, 0.0111,  32.8699, 02 Oct 2018 21:37:15
 10.2647,  3.62440,   16.061, 0.0098, 0.0105,  32.8684, 02 Oct 2018 21:37:17
 10.2632,  3.62425,   16.225, 0.0097, 0.0101,  32.8683, 02 Oct 2018 21:37:20
 10.2624,  3.62421,   16.266, 0.0096, 0.0099,  32.8684, 02 Oct 2018 21:37:22
 10.2606,  3.62413,   16.062, 0.0095, 0.0100,  32.8694, 02 Oct 2018 21:37:24
 10.2602,  3.62408,   15.961, 0.0092, 0.0100,  32.8693, 02 Oct 2018 21:37:27
 10.2615,  3.62415,   16.177, 0.0106, 0.0110,  32.8687, 02 Oct 2018 21:37:29
 10.2600,  3.62402,   16.354, 0.0092, 0.0099,  32.8687, 02 Oct 2018 21:37:31
 10.2594,  3.62402,   16.218, 0.0088, 0.0097,  32.8693, 02 Oct 2018 21:37:34
 10.2556,  3.62377,   16.052, 0.0093, 0.0100,  32.8703, 02 Oct 2018 21:37:36
 10.2541,  3.62367,   16.165, 0.0093, 0.0111,  32.8706, 02 Oct 2018 21:37:38
 10.2557,  3.62375,   16.169, 0.0091, 0.0093,  32.8700, 02 Oct 2018 21:37:41
 10.2560,  3.62374,   16.130, 0.0095, 0.0099,  32.8696, 02 Oct 2018 21:37:43
 10.2548,  3.62364,   16.164, 0.0093, 0.0101,  32.8696, 02 Oct 2018 21:37:46
 10.2533,  3.62354,   16.219, 0.0090, 0.0114,  32.8700, 02 Oct 2018 21:37:48
 10.2527,  3.62350,   16.230, 0.0097, 0.0101,  32.8701, 02 Oct 2018 21:37:50
 10.2513,  3.62347,   16.208, 0.0093, 0.0101,  32.8712, 02 Oct 2018 21:37:53
 10.2511,  3.62346,   16.116, 0.0096, 0.0099,  32.8712, 02 Oct 2018 21:37:55
 10.2489,  3.62339,   16.107, 0.0090, 0.0100,  32.8725, 02 Oct 2018 21:37:57
 10.2486,  3.62334,   16.162, 0.0094, 0.0097,  32.8723, 02 Oct 2018 21:38:00
 10.2482,  3.62336,   16.076, 0.0108, 0.0094,  32.8728, 02 Oct 2018 21:38:02
 10.2469,  3.62340,   16.155, 0.0102, 0.0098,  32.8745, 02 Oct 2018 21:38:05
 10.2462,  3.62339,   16.308, 0.0099, 0.0107,  32.8749, 02 Oct 2018 21:38:07
 10.2451,  3.62344,   16.289, 0.0093, 0.0100,  32.8764, 02 Oct 2018 21:38:09
 10.2457,  3.62339,   16.067, 0.0095, 0.0100,  32.8754, 02 Oct 2018 21:38:12
 10.2434,  3.62342,   16.108, 0.0092, 0.0099,  32.8778, 02 Oct 2018 21:38:14
 10.2436,  3.62339,   16.025, 0.0093, 0.0109,  32.8773, 02 Oct 2018 21:38:16
 10.2435,  3.62339,   16.162, 0.0098, 0.0098,  32.8773, 02 Oct 2018 21:38:19
 10.2424,  3.62337,   16.200, 0.0094, 0.0097,  32.8782, 02 Oct 2018 21:38:21
 10.2393,  3.62327,   16.137, 0.0090, 0.0095,  32.8800, 02 Oct 2018 21:38:23
 10.2323,  3.62293,   16.113, 0.0092, 0.0105,  32.8829, 02 Oct 2018 21:38:26
 10.2275,  3.62258,   16.201, 0.0097, 0.0098,  32.8838, 02 Oct 2018 21:38:28
 10.2119,  3.62154,   16.280, 0.0091, 0.0093,  32.8874, 02 Oct 2018 21:38:31
 10.1946,  3.62041,   16.141, 0.0093, 0.0094,  32.8917, 02 Oct 2018 21:38:33
 10.2158,  3.62182,   15.898, 0.0093, 0.0105,  32.8868, 02 Oct 2018 21:38:35
 10.1977,  3.62053,   15.942, 0.0093, 0.0101,  32.8902, 02 Oct 2018 21:38:38
 10.1999,  3.62068,   16.244, 0.0097, 0.0101,  32.8896, 02 Oct 2018 21:38:40
 10.1829,  3.61952,   16.411, 0.0099, 0.0101,  32.8932, 02 Oct 2018 21:38:42
 10.1854,  3.61970,   16.212, 0.0091, 0.0104,  32.8929, 02 Oct 2018 21:38:45
 10.1669,  3.61828,   15.948, 0.0095, 0.0102,  32.8954, 02 Oct 2018 21:38:47
 10.1525,  3.61739,   15.995, 0.0094, 0.0099,  32.8995, 02 Oct 2018 21:38:49
 10.1475,  3.61697,   16.181, 0.0093, 0.0097,  32.8997, 02 Oct 2018 21:38:52
 10.1472,  3.61705,   16.132, 0.0096, 0.0110,  32.9008, 02 Oct 2018 21:38:54
 10.1385,  3.61628,   16.036, 0.0093, 0.0101,  32.9010, 02 Oct 2018 21:38:56
 10.1265,  3.61548,   16.021, 0.0106, 0.0112,  32.9038, 02 Oct 2018 21:38:59
 10.1121,  3.61441,   16.156, 0.0086, 0.0094,  32.9059, 02 Oct 2018 21:39:01
 10.0942,  3.61333,   16.392, 0.0094, 0.0113,  32.9112, 02 Oct 2018 21:39:04
 10.0656,  3.61148,   16.366, 0.0097, 0.0097,  32.9184, 02 Oct 2018 21:39:06
 10.0838,  3.61255,   15.915, 0.0101, 0.0102,  32.9130, 02 Oct 2018 21:39:08
 10.0489,  3.61005,   15.806, 0.0094, 0.0095,  32.9194, 02 Oct 2018 21:39:11
 10.0555,  3.61064,   16.022, 0.0089, 0.0105,  32.9193, 02 Oct 2018 21:39:13
 10.0510,  3.61012,   16.221, 0.0095, 0.0095,  32.9180, 02 Oct 2018 21:39:16
  9.9675,  3.60366,   16.239, 0.0092, 0.0101,  32.9285, 02 Oct 2018 21:39:18
 10.0196,  3.60808,   16.071, 0.0091, 0.0097,  32.9261, 02 Oct 2018 21:39:20
  9.9548,  3.60272,   15.990, 0.0104, 0.0109,  32.9307, 02 Oct 2018 21:39:23
  9.9302,  3.60111,   16.023, 0.0095, 0.0106,  32.9367, 02 Oct 2018 21:39:25
  9.9220,  3.60052,   16.022, 0.0094, 0.0100,  32.9383, 02 Oct 2018 21:39:27
  9.9240,  3.60063,   16.127, 0.0095, 0.0097,  32.9375, 02 Oct 2018 21:39:30
  9.9223,  3.60037,   15.967, 0.0095, 0.0107,  32.9365, 02 Oct 2018 21:39:32
  9.8910,  3.59838,   16.063, 0.0096, 0.0102,  32.9448, 02 Oct 2018 21:39:34
  9.8814,  3.59790,   16.118, 0.0093, 0.0106,  32.9487, 02 Oct 2018 21:39:37
  9.8611,  3.59683,   16.082, 0.0095, 0.0105,  32.9563, 02 Oct 2018 21:39:39
  9.8666,  3.59707,   16.014, 0.0095, 0.0109,  32.9537, 02 Oct 2018 21:39:41
  9.8637,  3.59679,   15.935, 0.0095, 0.0101,  32.9536, 02 Oct 2018 21:39:44
  9.8474,  3.59562,   15.981, 0.0098, 0.0099,  32.9566, 02 Oct 2018 21:39:46
  9.8403,  3.59530,   16.061, 0.0102, 0.0098,  32.9597, 02 Oct 2018 21:39:49
  9.8416,  3.59531,   16.064, 0.0090, 0.0103,  32.9587, 02 Oct 2018 21:39:51
  9.8346,  3.59477,   16.113, 0.0095, 0.0100,  32.9595, 02 Oct 2018 21:39:53
  9.8374,  3.59495,   15.961, 0.0096, 0.0097,  32.9588, 02 Oct 2018 21:39:56
  9.8418,  3.59507,   15.876, 0.0110, 0.0093,  32.9561, 02 Oct 2018 21:39:58
  9.8206,  3.59337,   15.954, 0.0097, 0.0108,  32.9581, 02 Oct 2018 21:40:00
  9.8263,  3.59392,   16.132, 0.0096, 0.0096,  32.9584, 02 Oct 2018 21:40:03
  9.8198,  3.59333,   16.125, 0.0092, 0.0101,  32.9585, 02 Oct 2018 21:40:05
  9.8210,  3.59346,   15.861, 0.0095, 0.0100,  32.9587, 02 Oct 2018 21:40:08
  9.8007,  3.59153,   15.681, 0.0097, 0.0096,  32.9577, 02 Oct 2018 21:40:10
  9.8168,  3.59319,   15.897, 0.0091, 0.0104,  32.9598, 02 Oct 2018 21:40:12
  9.7935,  3.59094,   15.937, 0.0091, 0.0104,  32.9581, 02 Oct 2018 21:40:15
  9.8096,  3.59252,   15.955, 0.0094, 0.0101,  32.9596, 02 Oct 2018 21:40:17
  9.8089,  3.59233,   15.899, 0.0095, 0.0096,  32.9583, 02 Oct 2018 21:40:19
  9.7932,  3.59085,   15.948, 0.0093, 0.0107,  32.9575, 02 Oct 2018 21:40:22
  9.7683,  3.58902,   16.028, 0.0096, 0.0095,  32.9616, 02 Oct 2018 21:40:24
  9.7782,  3.59002,   15.857, 0.0093, 0.0097,  32.9628, 02 Oct 2018 21:40:27
  9.7773,  3.58977,   15.756, 0.0089, 0.0096,  32.9612, 02 Oct 2018 21:40:29
  9.7566,  3.58820,   15.938, 0.0092, 0.0108,  32.9640, 02 Oct 2018 21:40:31
  9.7563,  3.58828,   15.983, 0.0093, 0.0099,  32.9651, 02 Oct 2018 21:40:34
  9.7599,  3.58846,   15.947, 0.0092, 0.0103,  32.9637, 02 Oct 2018 21:40:36
  9.7538,  3.58803,   15.959, 0.0091, 0.0098,  32.9649, 02 Oct 2018 21:40:38
  9.7547,  3.58813,   15.975, 0.0098, 0.0110,  32.9650, 02 Oct 2018 21:40:41
  9.7524,  3.58791,   15.928, 0.0094, 0.0105,  32.9649, 02 Oct 2018 21:40:43
  9.7524,  3.58788,   15.888, 0.0093, 0.0095,  32.9646, 02 Oct 2018 21:40:45
  9.7520,  3.58782,   15.880, 0.0099, 0.0102,  32.9643, 02 Oct 2018 21:40:48
  9.7520,  3.58782,   16.019, 0.0092, 0.0110,  32.9644, 02 Oct 2018 21:40:50
  9.7513,  3.58775,   16.039, 0.0094, 0.0098,  32.9643, 02 Oct 2018 21:40:52
  9.7542,  3.58793,   15.919, 0.0094, 0.0097,  32.9635, 02 Oct 2018 21:41:28
  9.7529,  3.58791,   15.996, 0.0092, 0.0102,  32.9644, 02 Oct 2018 21:41:31
  9.7528,  3.58788,   16.041, 0.0094, 0.0100,  32.9642, 02 Oct 2018 21:41:33
  9.7263,  3.58572,   16.407, 0.0098, 0.0103,  32.9662, 02 Oct 2018 21:41:35
  9.7162,  3.58510,   16.651, 0.0091, 0.0099,  32.9690, 02 Oct 2018 21:41:38
  9.7074,  3.58458,   16.985, 0.0088, 0.0111,  32.9717, 02 Oct 2018 21:41:40
  9.6917,  3.58357,   17.392, 0.0090, 0.0094,  32.9755, 02 Oct 2018 21:41:42
  9.6526,  3.58097,   17.605, 0.0103, 0.0101,  32.9846, 02 Oct 2018 21:41:45
  9.6313,  3.57986,   17.992, 0.0096, 0.0098,  32.9926, 02 Oct 2018 21:41:47
  9.6180,  3.57919,   18.560, 0.0102, 0.0101,  32.9979, 02 Oct 2018 21:41:49
  9.6096,  3.57908,   19.056, 0.0112, 0.0097,  33.0042, 02 Oct 2018 21:41:52
  9.4557,  3.56985,   19.268, 0.0092, 0.0100,  33.0510, 02 Oct 2018 21:41:54
  9.3325,  3.56173,   19.397, 0.0098, 0.0099,  33.0812, 02 Oct 2018 21:41:56
  9.2768,  3.55796,   19.878, 0.0094, 0.0109,  33.0937, 02 Oct 2018 21:41:59
  9.1816,  3.55057,   20.603, 0.0097, 0.0102,  33.1050, 02 Oct 2018 21:42:01
  9.1707,  3.55011,   21.133, 0.0096, 0.0100,  33.1103, 02 Oct 2018 21:42:04
  9.1847,  3.55101,   21.310, 0.0095, 0.0100,  33.1065, 02 Oct 2018 21:42:06
  9.1203,  3.54639,   21.557, 0.0105, 0.0104,  33.1183, 02 Oct 2018 21:42:08
  9.0890,  3.54439,   22.061, 0.0090, 0.0097,  33.1263, 02 Oct 2018 21:42:11
  9.0608,  3.54259,   22.528, 0.0098, 0.0100,  33.1337, 02 Oct 2018 21:42:13
  9.0352,  3.54050,   22.843, 0.0088, 0.0095,  33.1358, 02 Oct 2018 21:42:15
  8.9774,  3.53596,   23.181, 0.0093, 0.0101,  33.1421, 02 Oct 2018 21:42:18
  8.9565,  3.53504,   23.856, 0.0096, 0.0100,  33.1517, 02 Oct 2018 21:42:20
  8.9548,  3.53524,   24.431, 0.0098, 0.0096,  33.1552, 02 Oct 2018 21:42:22
  8.9638,  3.53560,   24.598, 0.0097, 0.0097,  33.1504, 02 Oct 2018 21:42:25
  8.9347,  3.53366,   24.811, 0.0092, 0.0110,  33.1573, 02 Oct 2018 21:42:27
  8.9251,  3.53381,   25.408, 0.0093, 0.0101,  33.1675, 02 Oct 2018 21:42:30
  8.9207,  3.53338,   25.951, 0.0094, 0.0096,  33.1670, 02 Oct 2018 21:42:32
  8.9150,  3.53314,   26.241, 0.0094, 0.0099,  33.1696, 02 Oct 2018 21:42:34
  8.9189,  3.53321,   26.180, 0.0097, 0.0108,  33.1667, 02 Oct 2018 21:42:37
  8.9211,  3.53273,   25.959, 0.0096, 0.0100,  33.1598, 02 Oct 2018 21:43:04
  8.9261,  3.53255,   25.937, 0.0096, 0.0093,  33.1532, 02 Oct 2018 21:43:25
  8.9234,  3.53245,   25.812, 0.0096, 0.0100,  33.1548, 02 Oct 2018 21:43:27
  8.9244,  3.53247,   25.750, 0.0096, 0.0096,  33.1540, 02 Oct 2018 21:43:29
  8.9198,  3.53214,   26.258, 0.0096, 0.0097,  33.1547, 02 Oct 2018 21:43:32
  8.9156,  3.53197,   26.854, 0.0096, 0.0100,  33.1566, 02 Oct 2018 21:43:34
  8.9084,  3.53169,   27.319, 0.0088, 0.0112,  33.1601, 02 Oct 2018 21:43:37
  8.9039,  3.53143,   27.686, 0.0097, 0.0103,  33.1615, 02 Oct 2018 21:43:39
  8.8926,  3.53079,   28.138, 0.0101, 0.0108,  33.1651, 02 Oct 2018 21:43:41
  8.8826,  3.53019,   28.595, 0.0098, 0.0099,  33.1680, 02 Oct 2018 21:43:44
  8.8748,  3.53009,   28.981, 0.0094, 0.0099,  33.1740, 02 Oct 2018 21:43:46
  8.8686,  3.52990,   29.430, 0.0094, 0.0096,  33.1777, 02 Oct 2018 21:43:48
  8.8643,  3.52979,   29.910, 0.0097, 0.0115,  33.1804, 02 Oct 2018 21:43:51
  8.8581,  3.52948,   30.342, 0.0093, 0.0096,  33.1827, 02 Oct 2018 21:43:53
  8.8517,  3.52909,   30.844, 0.0095, 0.0101,  33.1845, 02 Oct 2018 21:43:55
  8.8483,  3.52893,   31.388, 0.0107, 0.0097,  33.1857, 02 Oct 2018 21:43:58
  8.8414,  3.52870,   31.823, 0.0095, 0.0094,  33.1895, 02 Oct 2018 21:44:00
  8.8351,  3.52885,   32.120, 0.0097, 0.0100,  33.1968, 02 Oct 2018 21:44:02
  8.8265,  3.52912,   32.487, 0.0099, 0.0105,  33.2075, 02 Oct 2018 21:44:05
  8.8220,  3.52964,   32.979, 0.0097, 0.0095,  33.2170, 02 Oct 2018 21:44:07
  8.8116,  3.52978,   33.592, 0.0095, 0.0101,  33.2279, 02 Oct 2018 21:44:10
  8.7999,  3.52963,   34.085, 0.0094, 0.0108,  33.2371, 02 Oct 2018 21:44:12
  8.7890,  3.52962,   34.407, 0.0090, 0.0094,  33.2470, 02 Oct 2018 21:44:15
  8.7787,  3.53026,   34.780, 0.0092, 0.0101,  33.2633, 02 Oct 2018 21:44:17
  8.7753,  3.53153,   35.276, 0.0093, 0.0102,  33.2795, 02 Oct 2018 21:44:19
  8.7786,  3.53607,   35.823, 0.0105, 0.0110,  33.3237, 02 Oct 2018 21:44:22
  8.7831,  3.53863,   36.272, 0.0099, 0.0103,  33.3461, 02 Oct 2018 21:44:24
  8.7887,  3.54083,   36.538, 0.0092, 0.0100,  33.3637, 02 Oct 2018 21:44:26
  8.7961,  3.54406,   36.935, 0.0097, 0.0098,  33.3905, 02 Oct 2018 21:44:29
  8.8044,  3.54698,   37.513, 0.0096, 0.0108,  33.4128, 02 Oct 2018 21:44:31
  8.8109,  3.54894,   38.020, 0.0101, 0.0101,  33.4271, 02 Oct 2018 21:44:33
  8.8126,  3.54946,   38.398, 0.0091, 0.0102,  33.4308, 02 Oct 2018 21:44:36
  8.8139,  3.55004,   38.770, 0.0095, 0.0102,  33.4354, 02 Oct 2018 21:44:38
  8.8158,  3.55051,   39.142, 0.0088, 0.0108,  33.4384, 02 Oct 2018 21:44:40
  8.8173,  3.55101,   39.548, 0.0092, 0.0099,  33.4419, 02 Oct 2018 21:44:43
  8.8201,  3.55194,   39.975, 0.0097, 0.0102,  33.4489, 02 Oct 2018 21:44:45
  8.8225,  3.55248,   40.380, 0.0095, 0.0094,  33.4521, 02 Oct 2018 21:44:48
  8.8263,  3.55403,   40.886, 0.0092, 0.0108,  33.4646, 02 Oct 2018 21:44:50
  8.8286,  3.55489,   41.434, 0.0097, 0.0101,  33.4711, 02 Oct 2018 21:44:52
  8.8296,  3.55529,   41.860, 0.0096, 0.0099,  33.4741, 02 Oct 2018 21:44:55
  8.8302,  3.55556,   42.155, 0.0102, 0.0105,  33.4763, 02 Oct 2018 21:44:57
  8.8315,  3.55621,   42.451, 0.0092, 0.0105,  33.4818, 02 Oct 2018 21:44:59
  8.8343,  3.55720,   42.869, 0.0104, 0.0092,  33.4893, 02 Oct 2018 21:45:02
  8.8355,  3.55883,   43.411, 0.0095, 0.0101,  33.5049, 02 Oct 2018 21:45:04
  8.8356,  3.56058,   44.008, 0.0094, 0.0106,  33.5229, 02 Oct 2018 21:45:06
  8.8357,  3.56166,   44.515, 0.0095, 0.0104,  33.5339, 02 Oct 2018 21:45:09
  8.8358,  3.56194,   44.801, 0.0097, 0.0100,  33.5365, 02 Oct 2018 21:45:11
  8.8386,  3.56186,   44.612, 0.0094, 0.0098,  33.5331, 02 Oct 2018 21:45:14
  8.8334,  3.56271,   44.471, 0.0095, 0.0096,  33.5470, 02 Oct 2018 21:45:16
  8.8301,  3.56290,   44.445, 0.0095, 0.0112,  33.5521, 02 Oct 2018 21:45:18
