
---  10-03-18 07:23:30 ---
  8.7962,  3.56300,   43.107, 0.0097, 0.0104,  33.5859, 03 Oct 2018 07:23:58
  9.4671,  3.56597,   16.117, 0.0098, 0.0112,  33.0021, 03 Oct 2018 07:28:21
  9.4652,  3.56562,   16.004, 0.0101, 0.0104,  33.0003, 03 Oct 2018 07:28:23
  9.4642,  3.56540,   16.064, 0.0116, 0.0103,  32.9989, 03 Oct 2018 07:28:26
  9.4351,  3.56350,   16.521, 0.0096, 0.0104,  33.0059, 03 Oct 2018 07:28:28
  9.3825,  3.55922,   17.190, 0.0094, 0.0120,  33.0100, 03 Oct 2018 07:28:31
  9.3536,  3.55725,   17.714, 0.0101, 0.0103,  33.0161, 03 Oct 2018 07:28:33
  9.3509,  3.55690,   18.073, 0.0099, 0.0106,  33.0149, 03 Oct 2018 07:28:35
  9.2036,  3.54481,   18.337, 0.0094, 0.0098,  33.0260, 03 Oct 2018 07:28:38
  9.0403,  3.53209,   18.584, 0.0090, 0.0111,  33.0454, 03 Oct 2018 07:28:40
  8.9591,  3.52625,   19.046, 0.0093, 0.0099,  33.0599, 03 Oct 2018 07:28:42
  8.9410,  3.52581,   19.651, 0.0096, 0.0097,  33.0719, 03 Oct 2018 07:28:45
  8.9281,  3.52444,   19.972, 0.0101, 0.0097,  33.0695, 03 Oct 2018 07:28:47
  8.9083,  3.52287,   20.397, 0.0098, 0.0113,  33.0714, 03 Oct 2018 07:28:50
  8.8878,  3.52125,   20.849, 0.0097, 0.0109,  33.0733, 03 Oct 2018 07:28:52
  8.8574,  3.51918,   21.259, 0.0112, 0.0102,  33.0799, 03 Oct 2018 07:28:54
  8.8355,  3.51782,   21.649, 0.0093, 0.0104,  33.0859, 03 Oct 2018 07:28:57
  8.7982,  3.51525,   22.070, 0.0093, 0.0102,  33.0937, 03 Oct 2018 07:28:59
  8.7737,  3.51427,   22.495, 0.0094, 0.0105,  33.1061, 03 Oct 2018 07:29:02
  8.7544,  3.51421,   22.950, 0.0097, 0.0103,  33.1234, 03 Oct 2018 07:29:04
  8.7483,  3.51548,   23.357, 0.0098, 0.0105,  33.1422, 03 Oct 2018 07:29:06
  8.7419,  3.51828,   23.910, 0.0094, 0.0118,  33.1773, 03 Oct 2018 07:29:09
  8.7430,  3.51989,   24.362, 0.0097, 0.0109,  33.1928, 03 Oct 2018 07:29:11
  8.7489,  3.52181,   24.599, 0.0102, 0.0099,  33.2074, 03 Oct 2018 07:29:13
  8.7626,  3.52933,   25.033, 0.0098, 0.0104,  33.2731, 03 Oct 2018 07:29:16
  8.7692,  3.53073,   25.401, 0.0098, 0.0098,  33.2814, 03 Oct 2018 07:29:18
  8.7749,  3.53195,   25.729, 0.0095, 0.0111,  33.2887, 03 Oct 2018 07:29:21
  8.7805,  3.53347,   26.031, 0.0107, 0.0111,  33.2992, 03 Oct 2018 07:29:23
  8.7837,  3.53399,   26.184, 0.0100, 0.0100,  33.3015, 03 Oct 2018 07:29:26
  8.7845,  3.53391,   25.649, 0.0098, 0.0103,  33.3002, 03 Oct 2018 07:29:52
  8.7830,  3.53284,   25.680, 0.0103, 0.0102,  33.2905, 03 Oct 2018 07:30:12
  8.7800,  3.53266,   25.629, 0.0101, 0.0113,  33.2914, 03 Oct 2018 07:30:15
  8.7779,  3.53246,   25.744, 0.0099, 0.0103,  33.2911, 03 Oct 2018 07:30:17
  8.7788,  3.53326,   26.289, 0.0101, 0.0100,  33.2985, 03 Oct 2018 07:30:19
  8.7818,  3.53404,   26.720, 0.0102, 0.0099,  33.3037, 03 Oct 2018 07:30:22
  8.7821,  3.53388,   26.937, 0.0101, 0.0109,  33.3016, 03 Oct 2018 07:30:24
  8.7847,  3.53477,   27.318, 0.0100, 0.0102,  33.3083, 03 Oct 2018 07:30:27
  8.7917,  3.53671,   28.020, 0.0097, 0.0099,  33.3217, 03 Oct 2018 07:30:29
  8.7935,  3.53712,   28.673, 0.0101, 0.0108,  33.3240, 03 Oct 2018 07:30:31
  8.7931,  3.53699,   29.077, 0.0105, 0.0107,  33.3228, 03 Oct 2018 07:30:34
  8.7933,  3.53697,   29.325, 0.0102, 0.0108,  33.3224, 03 Oct 2018 07:30:36
  8.7947,  3.53737,   29.674, 0.0101, 0.0104,  33.3250, 03 Oct 2018 07:30:38
  8.7969,  3.53832,   30.159, 0.0092, 0.0099,  33.3327, 03 Oct 2018 07:30:41
  8.7983,  3.53874,   30.688, 0.0096, 0.0109,  33.3355, 03 Oct 2018 07:30:43
  8.7990,  3.53908,   31.152, 0.0102, 0.0107,  33.3382, 03 Oct 2018 07:30:46
  8.8022,  3.54065,   31.623, 0.0099, 0.0107,  33.3514, 03 Oct 2018 07:30:48
  8.8096,  3.54400,   32.087, 0.0103, 0.0105,  33.3793, 03 Oct 2018 07:30:50
  8.8119,  3.54469,   32.471, 0.0104, 0.0106,  33.3842, 03 Oct 2018 07:30:53
  8.8146,  3.54604,   32.882, 0.0102, 0.0107,  33.3956, 03 Oct 2018 07:30:55
  8.8186,  3.54928,   33.357, 0.0102, 0.0099,  33.4255, 03 Oct 2018 07:30:58
  8.8179,  3.54946,   33.795, 0.0098, 0.0100,  33.4279, 03 Oct 2018 07:31:00
  8.8141,  3.55088,   34.224, 0.0105, 0.0110,  33.4461, 03 Oct 2018 07:31:02
  8.8029,  3.55439,   34.703, 0.0103, 0.0107,  33.4933, 03 Oct 2018 07:31:05
  8.8005,  3.55483,   35.172, 0.0102, 0.0110,  33.4999, 03 Oct 2018 07:31:07
  8.8003,  3.55483,   35.579, 0.0104, 0.0103,  33.4999, 03 Oct 2018 07:31:09
  8.8004,  3.55486,   35.991, 0.0105, 0.0109,  33.4999, 03 Oct 2018 07:31:12
  8.7927,  3.55628,   36.418, 0.0098, 0.0102,  33.5219, 03 Oct 2018 07:31:14
  8.7905,  3.55650,   36.846, 0.0102, 0.0102,  33.5261, 03 Oct 2018 07:31:17
  8.7885,  3.55720,   37.333, 0.0104, 0.0104,  33.5351, 03 Oct 2018 07:31:19
  8.7869,  3.55780,   37.822, 0.0097, 0.0107,  33.5426, 03 Oct 2018 07:31:21
  8.7871,  3.55781,   38.253, 0.0103, 0.0110,  33.5424, 03 Oct 2018 07:31:24
  8.7875,  3.55781,   38.599, 0.0104, 0.0103,  33.5418, 03 Oct 2018 07:31:26
  8.7877,  3.55787,   38.938, 0.0105, 0.0106,  33.5421, 03 Oct 2018 07:31:29
  8.7875,  3.55846,   39.408, 0.0100, 0.0104,  33.5482, 03 Oct 2018 07:31:31
  8.7873,  3.55882,   39.971, 0.0108, 0.0102,  33.5519, 03 Oct 2018 07:31:33
  8.7881,  3.55918,   40.453, 0.0097, 0.0113,  33.5548, 03 Oct 2018 07:31:36
  8.7880,  3.55907,   40.878, 0.0100, 0.0106,  33.5535, 03 Oct 2018 07:31:38
  8.7875,  3.55934,   41.285, 0.0103, 0.0107,  33.5567, 03 Oct 2018 07:31:41
  8.7865,  3.55938,   41.664, 0.0104, 0.0102,  33.5578, 03 Oct 2018 07:31:43
  8.7849,  3.55959,   42.071, 0.0105, 0.0109,  33.5613, 03 Oct 2018 07:31:45
  8.7864,  3.55991,   42.468, 0.0105, 0.0104,  33.5631, 03 Oct 2018 07:31:48
  8.7946,  3.56121,   42.939, 0.0102, 0.0105,  33.5687, 03 Oct 2018 07:31:50
  8.7969,  3.56172,   43.123, 0.0103, 0.0105,  33.5718, 03 Oct 2018 07:31:53
  8.7948,  3.56100,   43.185, 0.0103, 0.0106,  33.5663, 03 Oct 2018 07:31:55
  8.7921,  3.56047,   43.166, 0.0103, 0.0109,  33.5633, 03 Oct 2018 07:31:57
