
---  10-03-18 07:51:15 ---
  8.7826,  3.56041,   43.012, 0.0105, 0.0101,  33.5716, 03 Oct 2018 07:51:42
  9.0350,  3.52966,   15.996, 0.0096, 0.0109,  33.0263, 03 Oct 2018 07:55:34
  9.0773,  3.53305,   16.218, 0.0099, 0.0107,  33.0221, 03 Oct 2018 07:55:36
  9.0862,  3.53357,   16.272, 0.0096, 0.0100,  33.0192, 03 Oct 2018 07:55:39
  9.0975,  3.53480,   16.088, 0.0093, 0.0105,  33.0216, 03 Oct 2018 07:55:41
  9.0937,  3.53450,   15.977, 0.0095, 0.0105,  33.0221, 03 Oct 2018 07:55:43
  9.1157,  3.53597,   16.141, 0.0095, 0.0105,  33.0168, 03 Oct 2018 07:55:46
  9.1290,  3.53740,   16.312, 0.0094, 0.0105,  33.0193, 03 Oct 2018 07:55:48
  9.1291,  3.53742,   16.063, 0.0100, 0.0097,  33.0195, 03 Oct 2018 07:55:50
  9.1364,  3.53809,   15.869, 0.0092, 0.0103,  33.0197, 03 Oct 2018 07:55:53
  9.1536,  3.53981,   16.080, 0.0094, 0.0105,  33.0217, 03 Oct 2018 07:55:55
  9.1582,  3.53977,   16.290, 0.0098, 0.0096,  33.0168, 03 Oct 2018 07:55:58
  9.1645,  3.54043,   16.107, 0.0104, 0.0099,  33.0180, 03 Oct 2018 07:56:00
  9.1754,  3.54153,   16.023, 0.0094, 0.0112,  33.0192, 03 Oct 2018 07:56:02
  9.1663,  3.54071,   16.159, 0.0096, 0.0104,  33.0191, 03 Oct 2018 07:56:05
  9.1707,  3.54109,   16.213, 0.0098, 0.0104,  33.0190, 03 Oct 2018 07:56:07
  9.1816,  3.54210,   16.195, 0.0095, 0.0102,  33.0194, 03 Oct 2018 07:56:10
  9.1870,  3.54250,   16.017, 0.0098, 0.0112,  33.0186, 03 Oct 2018 07:56:12
  9.1848,  3.54220,   16.027, 0.0099, 0.0100,  33.0174, 03 Oct 2018 07:56:14
  9.2081,  3.54415,   16.178, 0.0097, 0.0100,  33.0160, 03 Oct 2018 07:56:17
  9.2186,  3.54490,   16.287, 0.0094, 0.0104,  33.0141, 03 Oct 2018 07:56:19
  9.2087,  3.54413,   16.228, 0.0098, 0.0100,  33.0153, 03 Oct 2018 07:56:22
  9.1974,  3.54324,   16.214, 0.0102, 0.0105,  33.0165, 03 Oct 2018 07:56:24
  9.1824,  3.54223,   16.024, 0.0096, 0.0100,  33.0200, 03 Oct 2018 07:56:26
  9.1756,  3.54153,   16.068, 0.0105, 0.0098,  33.0190, 03 Oct 2018 07:56:29
  9.2125,  3.54472,   16.132, 0.0107, 0.0105,  33.0179, 03 Oct 2018 07:56:31
  9.2175,  3.54499,   16.150, 0.0102, 0.0108,  33.0160, 03 Oct 2018 07:56:33
  9.2281,  3.54584,   16.246, 0.0092, 0.0104,  33.0150, 03 Oct 2018 07:56:36
  9.2254,  3.54565,   16.210, 0.0107, 0.0101,  33.0154, 03 Oct 2018 07:56:38
  9.2224,  3.54551,   16.108, 0.0099, 0.0106,  33.0169, 03 Oct 2018 07:56:41
  9.2209,  3.54555,   16.133, 0.0106, 0.0106,  33.0187, 03 Oct 2018 07:56:43
  9.2249,  3.54562,   16.092, 0.0106, 0.0101,  33.0157, 03 Oct 2018 07:56:46
  9.2392,  3.54696,   16.146, 0.0097, 0.0100,  33.0164, 03 Oct 2018 07:56:48
  9.2495,  3.54755,   16.226, 0.0097, 0.0106,  33.0129, 03 Oct 2018 07:56:50
  9.2475,  3.54742,   16.240, 0.0106, 0.0108,  33.0133, 03 Oct 2018 07:56:53
  9.2480,  3.54746,   16.232, 0.0101, 0.0105,  33.0134, 03 Oct 2018 07:56:55
  9.2385,  3.54681,   16.155, 0.0102, 0.0105,  33.0155, 03 Oct 2018 07:56:57
  9.2441,  3.54732,   16.007, 0.0098, 0.0101,  33.0156, 03 Oct 2018 07:57:00
  9.2533,  3.54804,   16.056, 0.0104, 0.0108,  33.0144, 03 Oct 2018 07:57:02
  9.2650,  3.54856,   16.272, 0.0109, 0.0104,  33.0089, 03 Oct 2018 07:57:05
  9.2659,  3.54864,   16.214, 0.0104, 0.0098,  33.0090, 03 Oct 2018 07:57:07
  9.2644,  3.54858,   16.012, 0.0104, 0.0101,  33.0098, 03 Oct 2018 07:57:09
  9.2379,  3.54672,   15.948, 0.0104, 0.0113,  33.0151, 03 Oct 2018 07:57:12
  9.2509,  3.54793,   16.091, 0.0106, 0.0103,  33.0155, 03 Oct 2018 07:57:14
  9.2649,  3.54872,   16.164, 0.0093, 0.0103,  33.0108, 03 Oct 2018 07:57:16
  9.2641,  3.54868,   16.088, 0.0101, 0.0104,  33.0111, 03 Oct 2018 07:57:19
  9.2523,  3.54772,   16.126, 0.0103, 0.0111,  33.0120, 03 Oct 2018 07:57:21
  9.2408,  3.54709,   16.129, 0.0104, 0.0098,  33.0162, 03 Oct 2018 07:57:24
  9.2451,  3.54739,   16.077, 0.0103, 0.0106,  33.0153, 03 Oct 2018 07:57:26
  9.2328,  3.54654,   16.138, 0.0105, 0.0105,  33.0179, 03 Oct 2018 07:57:28
  9.2382,  3.54695,   16.057, 0.0104, 0.0108,  33.0172, 03 Oct 2018 07:57:31
  9.2166,  3.54504,   16.104, 0.0103, 0.0108,  33.0174, 03 Oct 2018 07:57:33
  9.2070,  3.54459,   16.092, 0.0102, 0.0108,  33.0217, 03 Oct 2018 07:57:35
  9.2119,  3.54484,   16.233, 0.0106, 0.0103,  33.0196, 03 Oct 2018 07:57:38
  9.1913,  3.54319,   16.218, 0.0102, 0.0108,  33.0216, 03 Oct 2018 07:57:40
  9.1916,  3.54337,   16.167, 0.0106, 0.0106,  33.0232, 03 Oct 2018 07:57:43
  9.1771,  3.54221,   16.076, 0.0098, 0.0100,  33.0247, 03 Oct 2018 07:57:45
  9.1298,  3.53812,   16.079, 0.0104, 0.0103,  33.0261, 03 Oct 2018 07:57:48
  9.1368,  3.53902,   16.092, 0.0102, 0.0109,  33.0290, 03 Oct 2018 07:57:50
  9.1170,  3.53695,   16.250, 0.0105, 0.0106,  33.0258, 03 Oct 2018 07:57:52
  9.1115,  3.53676,   16.258, 0.0103, 0.0104,  33.0289, 03 Oct 2018 07:57:55
  9.0995,  3.53572,   16.199, 0.0099, 0.0103,  33.0293, 03 Oct 2018 07:57:57
  9.1137,  3.53687,   16.064, 0.0098, 0.0107,  33.0281, 03 Oct 2018 07:57:59
  9.0193,  3.52853,   16.035, 0.0099, 0.0110,  33.0290, 03 Oct 2018 07:58:02
  8.9863,  3.52652,   16.109, 0.0105, 0.0099,  33.0388, 03 Oct 2018 07:58:04
  8.9756,  3.52625,   16.177, 0.0109, 0.0099,  33.0459, 03 Oct 2018 07:58:07
  8.9996,  3.52772,   16.103, 0.0102, 0.0102,  33.0389, 03 Oct 2018 07:58:09
  9.0153,  3.52881,   16.030, 0.0108, 0.0105,  33.0357, 03 Oct 2018 07:58:11
  8.9554,  3.52397,   16.149, 0.0104, 0.0106,  33.0410, 03 Oct 2018 07:58:14
  8.9497,  3.52375,   16.217, 0.0102, 0.0102,  33.0440, 03 Oct 2018 07:58:16
  8.9543,  3.52403,   16.140, 0.0104, 0.0109,  33.0426, 03 Oct 2018 07:58:18
  8.9917,  3.52697,   15.961, 0.0109, 0.0111,  33.0385, 03 Oct 2018 07:58:21
  8.9438,  3.52270,   15.915, 0.0104, 0.0097,  33.0386, 03 Oct 2018 07:58:23
  8.9345,  3.52220,   16.196, 0.0095, 0.0101,  33.0419, 03 Oct 2018 07:58:26
  8.9309,  3.52205,   16.367, 0.0106, 0.0101,  33.0436, 03 Oct 2018 07:58:28
  8.9460,  3.52325,   16.118, 0.0099, 0.0104,  33.0422, 03 Oct 2018 07:58:30
  8.9258,  3.52160,   15.945, 0.0101, 0.0102,  33.0438, 03 Oct 2018 07:58:33
  8.9070,  3.52032,   16.055, 0.0101, 0.0100,  33.0479, 03 Oct 2018 07:58:35
  8.9087,  3.52052,   16.192, 0.0098, 0.0097,  33.0485, 03 Oct 2018 07:58:37
  8.9142,  3.52079,   16.158, 0.0105, 0.0110,  33.0462, 03 Oct 2018 07:58:40
  8.9121,  3.52062,   16.117, 0.0099, 0.0106,  33.0463, 03 Oct 2018 07:58:42
  8.9142,  3.52067,   16.061, 0.0103, 0.0104,  33.0449, 03 Oct 2018 07:58:45
  8.9035,  3.51996,   16.181, 0.0106, 0.0106,  33.0475, 03 Oct 2018 07:58:47
  8.9044,  3.51998,   16.141, 0.0104, 0.0115,  33.0468, 03 Oct 2018 07:58:49
  8.9053,  3.51999,   16.076, 0.0105, 0.0103,  33.0461, 03 Oct 2018 07:58:52
  8.9033,  3.51980,   16.037, 0.0102, 0.0107,  33.0460, 03 Oct 2018 07:58:54
  8.9029,  3.51979,   16.012, 0.0105, 0.0101,  33.0463, 03 Oct 2018 07:58:57
  8.9003,  3.51961,   16.236, 0.0103, 0.0102,  33.0468, 03 Oct 2018 07:58:59
  8.9008,  3.51971,   16.276, 0.0103, 0.0108,  33.0473, 03 Oct 2018 07:59:01
  8.9041,  3.51977,   16.021, 0.0104, 0.0099,  33.0450, 03 Oct 2018 07:59:04
  8.9000,  3.51949,   16.083, 0.0099, 0.0106,  33.0458, 03 Oct 2018 07:59:06
  8.8996,  3.51953,   16.097, 0.0106, 0.0110,  33.0466, 03 Oct 2018 07:59:08
  8.9000,  3.51956,   16.049, 0.0098, 0.0110,  33.0465, 03 Oct 2018 07:59:11
  8.8994,  3.51938,   16.082, 0.0101, 0.0098,  33.0452, 03 Oct 2018 07:59:13
  8.9003,  3.51952,   16.174, 0.0104, 0.0106,  33.0458, 03 Oct 2018 07:59:15
  8.9006,  3.51953,   16.159, 0.0099, 0.0109,  33.0456, 03 Oct 2018 07:59:18
  8.9008,  3.51954,   16.133, 0.0099, 0.0102,  33.0456, 03 Oct 2018 07:59:20
  8.9008,  3.51953,   16.025, 0.0109, 0.0102,  33.0455, 03 Oct 2018 07:59:23
  8.9005,  3.51949,   16.107, 0.0106, 0.0107,  33.0453, 03 Oct 2018 07:59:25
  8.9001,  3.51953,   16.168, 0.0106, 0.0107,  33.0461, 03 Oct 2018 07:59:27
  8.9005,  3.51949,   16.189, 0.0108, 0.0105,  33.0453, 03 Oct 2018 07:59:30
  8.9004,  3.51952,   16.119, 0.0108, 0.0105,  33.0457, 03 Oct 2018 07:59:32
  8.8998,  3.51958,   16.144, 0.0102, 0.0107,  33.0468, 03 Oct 2018 07:59:35
  8.9003,  3.51960,   16.178, 0.0099, 0.0110,  33.0466, 03 Oct 2018 07:59:37
  8.9007,  3.51966,   16.169, 0.0102, 0.0109,  33.0470, 03 Oct 2018 07:59:39
  8.9007,  3.51968,   16.170, 0.0105, 0.0106,  33.0471, 03 Oct 2018 07:59:42
  8.9010,  3.51966,   16.095, 0.0103, 0.0100,  33.0467, 03 Oct 2018 07:59:44
  8.9001,  3.51961,   16.140, 0.0097, 0.0111,  33.0469, 03 Oct 2018 07:59:46
  8.9002,  3.51964,   16.140, 0.0103, 0.0109,  33.0471, 03 Oct 2018 07:59:49
  8.9005,  3.51966,   16.103, 0.0098, 0.0105,  33.0472, 03 Oct 2018 07:59:51
  8.8997,  3.51961,   16.087, 0.0108, 0.0101,  33.0473, 03 Oct 2018 07:59:54
  8.8989,  3.51952,   16.092, 0.0105, 0.0110,  33.0471, 03 Oct 2018 07:59:56
  8.8997,  3.51957,   16.078, 0.0106, 0.0106,  33.0470, 03 Oct 2018 07:59:58
  8.8984,  3.51957,   16.196, 0.0106, 0.0102,  33.0480, 03 Oct 2018 08:00:01
  8.8988,  3.51958,   16.183, 0.0101, 0.0105,  33.0479, 03 Oct 2018 08:00:03
  8.8989,  3.51954,   16.188, 0.0108, 0.0113,  33.0473, 03 Oct 2018 08:00:06
  8.8976,  3.51947,   16.120, 0.0101, 0.0109,  33.0479, 03 Oct 2018 08:00:08
  8.8990,  3.51953,   15.963, 0.0103, 0.0109,  33.0472, 03 Oct 2018 08:00:10
  8.8983,  3.51942,   15.984, 0.0105, 0.0100,  33.0467, 03 Oct 2018 08:00:13
  8.8972,  3.51939,   16.212, 0.0102, 0.0107,  33.0473, 03 Oct 2018 08:00:15
  8.8967,  3.51935,   16.153, 0.0104, 0.0105,  33.0474, 03 Oct 2018 08:00:17
  8.8980,  3.51945,   16.097, 0.0099, 0.0103,  33.0472, 03 Oct 2018 08:00:20
  8.8979,  3.51942,   16.021, 0.0103, 0.0098,  33.0471, 03 Oct 2018 08:00:22
  8.8972,  3.51937,   16.098, 0.0102, 0.0109,  33.0471, 03 Oct 2018 08:00:25
  8.8969,  3.51935,   16.132, 0.0114, 0.0106,  33.0472, 03 Oct 2018 08:00:27
  8.8970,  3.51939,   16.194, 0.0104, 0.0099,  33.0475, 03 Oct 2018 08:00:29
  8.8972,  3.51934,   16.087, 0.0099, 0.0106,  33.0469, 03 Oct 2018 08:00:32
  8.8966,  3.51930,   15.986, 0.0101, 0.0111,  33.0470, 03 Oct 2018 08:00:34
  8.8953,  3.51916,   16.051, 0.0106, 0.0105,  33.0468, 03 Oct 2018 08:00:36
  8.8941,  3.51908,   16.293, 0.0108, 0.0106,  33.0469, 03 Oct 2018 08:00:39
  8.8941,  3.51909,   16.292, 0.0101, 0.0108,  33.0471, 03 Oct 2018 08:00:41
  8.8945,  3.51919,   15.934, 0.0099, 0.0099,  33.0478, 03 Oct 2018 08:00:43
  8.8917,  3.51886,   15.854, 0.0105, 0.0100,  33.0471, 03 Oct 2018 08:00:46
  8.8907,  3.51871,   15.961, 0.0105, 0.0102,  33.0465, 03 Oct 2018 08:00:48
  8.8905,  3.51874,   16.245, 0.0103, 0.0104,  33.0468, 03 Oct 2018 08:00:51
  8.8898,  3.51867,   16.296, 0.0101, 0.0101,  33.0467, 03 Oct 2018 08:00:53
  8.8909,  3.51878,   15.979, 0.0097, 0.0110,  33.0469, 03 Oct 2018 08:00:55
  8.8911,  3.51879,   15.995, 0.0106, 0.0101,  33.0469, 03 Oct 2018 08:00:58
  8.8904,  3.51878,   16.156, 0.0104, 0.0105,  33.0473, 03 Oct 2018 08:01:00
  8.8911,  3.51879,   16.050, 0.0102, 0.0105,  33.0469, 03 Oct 2018 08:01:02
  8.8908,  3.51871,   15.988, 0.0105, 0.0115,  33.0463, 03 Oct 2018 08:01:05
  8.8909,  3.51870,   16.065, 0.0104, 0.0104,  33.0461, 03 Oct 2018 08:01:07
  8.8908,  3.51866,   16.213, 0.0104, 0.0107,  33.0457, 03 Oct 2018 08:01:10
  8.8907,  3.51873,   16.207, 0.0098, 0.0101,  33.0465, 03 Oct 2018 08:01:12
  8.8907,  3.51874,   16.110, 0.0099, 0.0112,  33.0467, 03 Oct 2018 08:01:14
  8.8896,  3.51870,   16.061, 0.0109, 0.0104,  33.0472, 03 Oct 2018 08:01:17
  8.8900,  3.51874,   16.045, 0.0099, 0.0102,  33.0474, 03 Oct 2018 08:01:19
  8.8889,  3.51866,   16.174, 0.0104, 0.0108,  33.0475, 03 Oct 2018 08:01:21
  8.8900,  3.51873,   16.185, 0.0101, 0.0112,  33.0471, 03 Oct 2018 08:01:24
  8.8901,  3.51875,   16.230, 0.0103, 0.0105,  33.0472, 03 Oct 2018 08:01:26
  8.8894,  3.51870,   16.153, 0.0102, 0.0097,  33.0474, 03 Oct 2018 08:01:28
  8.8900,  3.51870,   16.011, 0.0110, 0.0104,  33.0469, 03 Oct 2018 08:01:31
  8.8889,  3.51864,   16.055, 0.0097, 0.0111,  33.0473, 03 Oct 2018 08:01:33
  8.8902,  3.51882,   16.236, 0.0096, 0.0104,  33.0479, 03 Oct 2018 08:01:36
  8.8912,  3.51885,   16.232, 0.0099, 0.0099,  33.0473, 03 Oct 2018 08:01:38
  8.8907,  3.51882,   15.989, 0.0102, 0.0104,  33.0475, 03 Oct 2018 08:01:40
  8.8911,  3.51885,   15.965, 0.0099, 0.0113,  33.0475, 03 Oct 2018 08:01:43
  8.8906,  3.51881,   16.139, 0.0102, 0.0105,  33.0475, 03 Oct 2018 08:01:45
  8.8915,  3.51890,   16.227, 0.0102, 0.0107,  33.0475, 03 Oct 2018 08:01:47
  8.8929,  3.51900,   16.174, 0.0103, 0.0105,  33.0473, 03 Oct 2018 08:01:50
  8.8917,  3.51888,   15.995, 0.0096, 0.0108,  33.0472, 03 Oct 2018 08:01:52
  8.8928,  3.51897,   16.065, 0.0102, 0.0101,  33.0471, 03 Oct 2018 08:01:54
  8.8924,  3.51892,   16.020, 0.0102, 0.0112,  33.0470, 03 Oct 2018 08:01:57
  8.8921,  3.51888,   16.031, 0.0103, 0.0102,  33.0468, 03 Oct 2018 08:01:59
  8.8913,  3.51883,   16.123, 0.0109, 0.0101,  33.0470, 03 Oct 2018 08:02:02
  8.8915,  3.51886,   16.071, 0.0099, 0.0114,  33.0472, 03 Oct 2018 08:02:04
  8.8931,  3.51903,   16.204, 0.0104, 0.0103,  33.0474, 03 Oct 2018 08:02:06
  8.8939,  3.51919,   16.221, 0.0102, 0.0097,  33.0483, 03 Oct 2018 08:02:09
  8.8933,  3.51912,   16.135, 0.0101, 0.0098,  33.0482, 03 Oct 2018 08:02:11
  8.8926,  3.51893,   16.058, 0.0108, 0.0111,  33.0468, 03 Oct 2018 08:02:13
  8.8930,  3.51903,   16.070, 0.0107, 0.0107,  33.0475, 03 Oct 2018 08:02:16
  8.8931,  3.51904,   16.150, 0.0098, 0.0102,  33.0475, 03 Oct 2018 08:02:18
  8.8940,  3.51920,   16.263, 0.0098, 0.0104,  33.0483, 03 Oct 2018 08:02:21
  8.8940,  3.51920,   16.248, 0.0103, 0.0111,  33.0483, 03 Oct 2018 08:02:23
  8.8938,  3.51912,   16.089, 0.0098, 0.0105,  33.0477, 03 Oct 2018 08:02:25
  8.8941,  3.51920,   16.117, 0.0090, 0.0102,  33.0483, 03 Oct 2018 08:02:28
  8.8949,  3.51927,   16.128, 0.0109, 0.0096,  33.0482, 03 Oct 2018 08:02:30
  8.8943,  3.51919,   16.103, 0.0104, 0.0111,  33.0479, 03 Oct 2018 08:02:32
  8.8943,  3.51917,   16.168, 0.0101, 0.0107,  33.0477, 03 Oct 2018 08:02:35
  8.8940,  3.51917,   16.109, 0.0099, 0.0095,  33.0481, 03 Oct 2018 08:02:37
  8.8938,  3.51913,   16.146, 0.0098, 0.0106,  33.0479, 03 Oct 2018 08:02:39
  8.8935,  3.51907,   16.160, 0.0103, 0.0112,  33.0474, 03 Oct 2018 08:02:42
  8.8930,  3.51905,   16.132, 0.0107, 0.0099,  33.0478, 03 Oct 2018 08:02:44
  8.8930,  3.51905,   16.124, 0.0105, 0.0101,  33.0478, 03 Oct 2018 08:02:47
  8.8936,  3.51915,   16.215, 0.0103, 0.0104,  33.0482, 03 Oct 2018 08:02:49
  8.8940,  3.51913,   16.145, 0.0103, 0.0114,  33.0476, 03 Oct 2018 08:02:51
  8.8940,  3.51920,   16.162, 0.0105, 0.0112,  33.0483, 03 Oct 2018 08:02:54
  8.8938,  3.51915,   16.174, 0.0099, 0.0104,  33.0480, 03 Oct 2018 08:02:56
  8.8934,  3.51901,   16.208, 0.0101, 0.0110,  33.0469, 03 Oct 2018 08:02:58
  8.8933,  3.51912,   16.118, 0.0112, 0.0111,  33.0481, 03 Oct 2018 08:03:01
  8.8925,  3.51896,   15.982, 0.0108, 0.0101,  33.0472, 03 Oct 2018 08:03:03
  8.8926,  3.51912,   16.045, 0.0099, 0.0097,  33.0488, 03 Oct 2018 08:03:06
  8.8907,  3.51878,   16.240, 0.0103, 0.0102,  33.0470, 03 Oct 2018 08:03:08
  8.8918,  3.51897,   16.288, 0.0102, 0.0101,  33.0480, 03 Oct 2018 08:03:10
  8.8871,  3.51847,   16.140, 0.0104, 0.0099,  33.0472, 03 Oct 2018 08:03:13
  8.8864,  3.51845,   15.982, 0.0104, 0.0108,  33.0477, 03 Oct 2018 08:03:15
  8.8834,  3.51824,   15.964, 0.0099, 0.0097,  33.0483, 03 Oct 2018 08:03:17
  8.8840,  3.51817,   16.129, 0.0106, 0.0109,  33.0469, 03 Oct 2018 08:03:20
  8.8857,  3.51826,   16.211, 0.0104, 0.0102,  33.0463, 03 Oct 2018 08:03:22
  8.8861,  3.51830,   16.197, 0.0103, 0.0098,  33.0463, 03 Oct 2018 08:03:24
  8.8875,  3.51847,   16.230, 0.0104, 0.0104,  33.0467, 03 Oct 2018 08:03:27
  8.8889,  3.51863,   16.227, 0.0102, 0.0100,  33.0472, 03 Oct 2018 08:03:29
  8.8876,  3.51845,   16.096, 0.0103, 0.0112,  33.0466, 03 Oct 2018 08:03:32
  8.8875,  3.51844,   16.086, 0.0110, 0.0108,  33.0465, 03 Oct 2018 08:03:34
  8.8863,  3.51826,   16.093, 0.0098, 0.0101,  33.0458, 03 Oct 2018 08:03:36
  8.8864,  3.51826,   16.127, 0.0101, 0.0097,  33.0456, 03 Oct 2018 08:03:39
  8.8863,  3.51825,   16.210, 0.0098, 0.0114,  33.0456, 03 Oct 2018 08:03:41
  8.8866,  3.51837,   16.142, 0.0102, 0.0106,  33.0466, 03 Oct 2018 08:03:43
  8.8866,  3.51824,   16.198, 0.0099, 0.0102,  33.0451, 03 Oct 2018 08:03:46
  8.8871,  3.51833,   16.194, 0.0102, 0.0096,  33.0457, 03 Oct 2018 08:03:48
  8.8870,  3.51833,   16.188, 0.0099, 0.0112,  33.0458, 03 Oct 2018 08:03:51
  8.8884,  3.51839,   16.125, 0.0096, 0.0108,  33.0451, 03 Oct 2018 08:03:53
  8.8891,  3.51848,   16.094, 0.0103, 0.0103,  33.0454, 03 Oct 2018 08:03:55
  8.8916,  3.51870,   16.098, 0.0097, 0.0096,  33.0454, 03 Oct 2018 08:03:58
  8.8954,  3.51898,   16.147, 0.0102, 0.0110,  33.0448, 03 Oct 2018 08:04:00
  8.8994,  3.51930,   16.124, 0.0098, 0.0106,  33.0443, 03 Oct 2018 08:04:02
  8.8981,  3.51919,   16.234, 0.0100, 0.0096,  33.0444, 03 Oct 2018 08:04:05
  8.8996,  3.51932,   16.262, 0.0097, 0.0102,  33.0444, 03 Oct 2018 08:04:07
  8.8998,  3.51931,   16.146, 0.0107, 0.0109,  33.0441, 03 Oct 2018 08:04:10
  8.9045,  3.51973,   16.066, 0.0103, 0.0099,  33.0441, 03 Oct 2018 08:04:12
  8.9021,  3.51953,   16.028, 0.0108, 0.0105,  33.0443, 03 Oct 2018 08:04:14
  8.9078,  3.52002,   16.179, 0.0104, 0.0108,  33.0440, 03 Oct 2018 08:04:17
  8.9052,  3.51977,   16.348, 0.0100, 0.0107,  33.0438, 03 Oct 2018 08:04:19
  8.9048,  3.51984,   16.262, 0.0104, 0.0107,  33.0449, 03 Oct 2018 08:04:21
  8.9081,  3.52002,   16.017, 0.0097, 0.0095,  33.0438, 03 Oct 2018 08:04:24
  8.8976,  3.51927,   16.071, 0.0103, 0.0103,  33.0458, 03 Oct 2018 08:04:26
  8.8982,  3.51932,   16.078, 0.0102, 0.0103,  33.0457, 03 Oct 2018 08:04:29
  8.9033,  3.51968,   16.248, 0.0099, 0.0107,  33.0447, 03 Oct 2018 08:04:31
  8.9024,  3.51957,   16.363, 0.0106, 0.0095,  33.0443, 03 Oct 2018 08:04:33
  8.9027,  3.51968,   16.088, 0.0109, 0.0105,  33.0452, 03 Oct 2018 08:04:36
  8.8965,  3.51907,   16.033, 0.0101, 0.0109,  33.0447, 03 Oct 2018 08:04:38
  8.8948,  3.51908,   16.182, 0.0095, 0.0099,  33.0463, 03 Oct 2018 08:04:41
  8.8961,  3.51912,   16.109, 0.0103, 0.0101,  33.0455, 03 Oct 2018 08:04:43
  8.9001,  3.51947,   16.148, 0.0101, 0.0097,  33.0455, 03 Oct 2018 08:04:45
  8.9007,  3.51945,   16.110, 0.0093, 0.0107,  33.0447, 03 Oct 2018 08:04:48
  8.8972,  3.51917,   16.284, 0.0116, 0.0102,  33.0451, 03 Oct 2018 08:04:50
  8.8993,  3.51937,   16.382, 0.0103, 0.0102,  33.0450, 03 Oct 2018 08:04:53
  8.8968,  3.51917,   16.208, 0.0099, 0.0099,  33.0455, 03 Oct 2018 08:04:55
  8.8950,  3.51897,   16.047, 0.0101, 0.0118,  33.0451, 03 Oct 2018 08:04:57
  8.8968,  3.51926,   15.969, 0.0097, 0.0102,  33.0465, 03 Oct 2018 08:05:00
  8.9014,  3.51958,   16.073, 0.0101, 0.0105,  33.0455, 03 Oct 2018 08:05:02
  8.9016,  3.51949,   16.273, 0.0098, 0.0100,  33.0442, 03 Oct 2018 08:05:04
  8.9012,  3.51956,   16.186, 0.0108, 0.0113,  33.0453, 03 Oct 2018 08:05:07
  8.9011,  3.51949,   16.146, 0.0109, 0.0095,  33.0448, 03 Oct 2018 08:05:09
  8.8991,  3.51945,   16.124, 0.0098, 0.0104,  33.0462, 03 Oct 2018 08:05:12
  8.8994,  3.51941,   16.100, 0.0107, 0.0098,  33.0455, 03 Oct 2018 08:05:14
  8.8983,  3.51931,   16.098, 0.0104, 0.0109,  33.0455, 03 Oct 2018 08:05:16
  8.8993,  3.51942,   16.195, 0.0104, 0.0110,  33.0457, 03 Oct 2018 08:05:19
  8.8984,  3.51937,   16.264, 0.0099, 0.0099,  33.0460, 03 Oct 2018 08:05:21
  8.8995,  3.51942,   16.084, 0.0106, 0.0101,  33.0456, 03 Oct 2018 08:05:23
  8.8985,  3.51932,   15.859, 0.0101, 0.0107,  33.0456, 03 Oct 2018 08:05:26
  8.8961,  3.51915,   15.963, 0.0096, 0.0106,  33.0459, 03 Oct 2018 08:05:28
  8.8972,  3.51931,   16.163, 0.0102, 0.0102,  33.0465, 03 Oct 2018 08:05:30
  8.8929,  3.51885,   16.339, 0.0111, 0.0103,  33.0456, 03 Oct 2018 08:05:33
  8.8929,  3.51889,   16.291, 0.0106, 0.0112,  33.0461, 03 Oct 2018 08:05:35
  8.8961,  3.51909,   16.037, 0.0096, 0.0099,  33.0453, 03 Oct 2018 08:05:38
  8.8908,  3.51860,   15.878, 0.0105, 0.0105,  33.0452, 03 Oct 2018 08:05:40
  8.8956,  3.51912,   15.935, 0.0105, 0.0099,  33.0462, 03 Oct 2018 08:05:42
  8.8952,  3.51903,   16.121, 0.0097, 0.0110,  33.0454, 03 Oct 2018 08:05:45
  8.8915,  3.51881,   16.268, 0.0099, 0.0104,  33.0465, 03 Oct 2018 08:05:47
  8.8960,  3.51917,   16.053, 0.0097, 0.0101,  33.0463, 03 Oct 2018 08:05:49
  8.8952,  3.51901,   15.863, 0.0102, 0.0097,  33.0454, 03 Oct 2018 08:05:52
  8.8932,  3.51897,   16.089, 0.0096, 0.0114,  33.0468, 03 Oct 2018 08:05:54
  8.8931,  3.51896,   16.268, 0.0097, 0.0102,  33.0466, 03 Oct 2018 08:05:57
  8.8989,  3.51947,   16.058, 0.0102, 0.0096,  33.0467, 03 Oct 2018 08:05:59
  8.9032,  3.51975,   15.901, 0.0103, 0.0105,  33.0456, 03 Oct 2018 08:06:01
  8.8925,  3.51882,   16.048, 0.0094, 0.0113,  33.0458, 03 Oct 2018 08:06:04
  8.8940,  3.51913,   16.190, 0.0114, 0.0104,  33.0476, 03 Oct 2018 08:06:06
  8.8947,  3.51917,   16.099, 0.0102, 0.0103,  33.0474, 03 Oct 2018 08:06:08
  8.8993,  3.51950,   15.985, 0.0094, 0.0097,  33.0467, 03 Oct 2018 08:06:11
  8.8914,  3.51882,   16.163, 0.0102, 0.0108,  33.0468, 03 Oct 2018 08:06:13
  8.8895,  3.51871,   16.266, 0.0106, 0.0111,  33.0474, 03 Oct 2018 08:06:16
  8.8921,  3.51893,   16.144, 0.0107, 0.0102,  33.0473, 03 Oct 2018 08:06:18
  8.8895,  3.51859,   16.100, 0.0098, 0.0105,  33.0462, 03 Oct 2018 08:06:20
  8.8964,  3.51935,   15.915, 0.0106, 0.0102,  33.0478, 03 Oct 2018 08:06:23
  8.8954,  3.51908,   15.839, 0.0096, 0.0111,  33.0459, 03 Oct 2018 08:06:25
  8.9428,  3.52314,   16.102, 0.0102, 0.0105,  33.0440, 03 Oct 2018 08:06:27
  8.9362,  3.52219,   16.151, 0.0108, 0.0099,  33.0402, 03 Oct 2018 08:06:30
  8.9486,  3.52314,   16.134, 0.0103, 0.0105,  33.0386, 03 Oct 2018 08:06:32
  8.9543,  3.52367,   16.013, 0.0104, 0.0112,  33.0389, 03 Oct 2018 08:06:34
  8.9210,  3.52108,   15.925, 0.0117, 0.0101,  33.0429, 03 Oct 2018 08:06:37
  8.9153,  3.52096,   16.036, 0.0101, 0.0101,  33.0469, 03 Oct 2018 08:06:39
  8.9124,  3.52065,   16.130, 0.0106, 0.0100,  33.0463, 03 Oct 2018 08:06:42
  8.9052,  3.52013,   16.221, 0.0097, 0.0110,  33.0475, 03 Oct 2018 08:06:44
  8.9097,  3.52051,   16.146, 0.0098, 0.0098,  33.0474, 03 Oct 2018 08:06:46
  8.8965,  3.51935,   16.183, 0.0101, 0.0100,  33.0476, 03 Oct 2018 08:06:49
  8.8939,  3.51913,   16.149, 0.0096, 0.0100,  33.0478, 03 Oct 2018 08:06:51
  8.8973,  3.51945,   16.042, 0.0102, 0.0110,  33.0479, 03 Oct 2018 08:06:53
  8.8982,  3.51952,   15.990, 0.0106, 0.0107,  33.0478, 03 Oct 2018 08:06:56
  8.9044,  3.52003,   16.113, 0.0104, 0.0109,  33.0473, 03 Oct 2018 08:06:58
  8.8971,  3.51947,   16.307, 0.0099, 0.0108,  33.0483, 03 Oct 2018 08:07:01
  8.9006,  3.51973,   16.243, 0.0096, 0.0113,  33.0477, 03 Oct 2018 08:07:03
  8.9009,  3.51962,   16.072, 0.0103, 0.0102,  33.0463, 03 Oct 2018 08:07:05
  8.9009,  3.51958,   15.887, 0.0104, 0.0107,  33.0460, 03 Oct 2018 08:07:08
  8.9212,  3.52148,   15.947, 0.0101, 0.0105,  33.0469, 03 Oct 2018 08:07:10
  8.9102,  3.52022,   16.164, 0.0101, 0.0111,  33.0439, 03 Oct 2018 08:07:12
  8.9063,  3.52018,   16.200, 0.0098, 0.0098,  33.0471, 03 Oct 2018 08:07:15
  8.9141,  3.52074,   16.118, 0.0100, 0.0095,  33.0457, 03 Oct 2018 08:07:17
  8.8947,  3.51919,   16.153, 0.0111, 0.0100,  33.0476, 03 Oct 2018 08:07:19
  8.8924,  3.51916,   16.144, 0.0102, 0.0115,  33.0494, 03 Oct 2018 08:07:22
  8.8970,  3.51943,   16.131, 0.0102, 0.0108,  33.0480, 03 Oct 2018 08:07:24
  8.8974,  3.51945,   16.177, 0.0093, 0.0098,  33.0477, 03 Oct 2018 08:07:27
  8.8956,  3.51927,   16.099, 0.0102, 0.0100,  33.0476, 03 Oct 2018 08:07:29
  8.9003,  3.51969,   16.024, 0.0098, 0.0113,  33.0477, 03 Oct 2018 08:07:31
  8.9155,  3.52079,   16.056, 0.0104, 0.0104,  33.0450, 03 Oct 2018 08:07:34
  8.9268,  3.52178,   16.143, 0.0097, 0.0105,  33.0447, 03 Oct 2018 08:07:36
  8.9254,  3.52163,   16.119, 0.0094, 0.0100,  33.0444, 03 Oct 2018 08:07:38
  8.9269,  3.52171,   16.091, 0.0106, 0.0110,  33.0439, 03 Oct 2018 08:07:41
  8.9219,  3.52131,   16.191, 0.0101, 0.0107,  33.0444, 03 Oct 2018 08:07:43
  8.8953,  3.51938,   16.264, 0.0100, 0.0106,  33.0490, 03 Oct 2018 08:07:45
  8.9078,  3.52046,   16.033, 0.0098, 0.0098,  33.0486, 03 Oct 2018 08:07:48
  8.9152,  3.52090,   15.897, 0.0105, 0.0113,  33.0465, 03 Oct 2018 08:07:50
  8.9492,  3.52362,   15.977, 0.0096, 0.0105,  33.0431, 03 Oct 2018 08:07:53
  8.9540,  3.52364,   16.095, 0.0099, 0.0096,  33.0388, 03 Oct 2018 08:07:55
  8.9673,  3.52472,   16.197, 0.0103, 0.0098,  33.0377, 03 Oct 2018 08:07:57
  8.9539,  3.52371,   16.106, 0.0104, 0.0106,  33.0396, 03 Oct 2018 08:08:00
  8.9290,  3.52183,   16.104, 0.0096, 0.0101,  33.0432, 03 Oct 2018 08:08:02
  8.9230,  3.52175,   16.081, 0.0112, 0.0100,  33.0480, 03 Oct 2018 08:08:04
  8.9246,  3.52174,   16.071, 0.0098, 0.0106,  33.0463, 03 Oct 2018 08:08:07
  8.9277,  3.52191,   16.007, 0.0102, 0.0113,  33.0453, 03 Oct 2018 08:08:09
  8.9361,  3.52254,   16.080, 0.0103, 0.0098,  33.0440, 03 Oct 2018 08:08:12
  8.9399,  3.52294,   16.072, 0.0101, 0.0102,  33.0446, 03 Oct 2018 08:08:14
  8.9376,  3.52262,   16.237, 0.0104, 0.0100,  33.0434, 03 Oct 2018 08:08:16
  8.9279,  3.52173,   16.217, 0.0101, 0.0112,  33.0431, 03 Oct 2018 08:08:19
  8.9391,  3.52287,   16.035, 0.0106, 0.0102,  33.0446, 03 Oct 2018 08:08:21
  8.9268,  3.52178,   16.004, 0.0102, 0.0107,  33.0447, 03 Oct 2018 08:08:23
  8.9468,  3.52334,   15.984, 0.0107, 0.0099,  33.0425, 03 Oct 2018 08:08:26
  8.9422,  3.52302,   16.037, 0.0102, 0.0113,  33.0434, 03 Oct 2018 08:08:28
  8.9350,  3.52262,   16.250, 0.0097, 0.0098,  33.0458, 03 Oct 2018 08:08:30
  8.9319,  3.52236,   16.205, 0.0098, 0.0097,  33.0461, 03 Oct 2018 08:08:33
  8.9496,  3.52368,   15.988, 0.0095, 0.0099,  33.0434, 03 Oct 2018 08:08:35
  8.9128,  3.52097,   15.909, 0.0096, 0.0107,  33.0494, 03 Oct 2018 08:08:38
  8.9289,  3.52208,   16.025, 0.0097, 0.0106,  33.0459, 03 Oct 2018 08:08:40
  8.9297,  3.52219,   16.199, 0.0103, 0.0099,  33.0462, 03 Oct 2018 08:08:42
  8.9270,  3.52193,   16.072, 0.0119, 0.0107,  33.0461, 03 Oct 2018 08:08:45
  8.9410,  3.52303,   16.104, 0.0102, 0.0115,  33.0446, 03 Oct 2018 08:08:47
  8.9125,  3.52075,   16.098, 0.0115, 0.0102,  33.0474, 03 Oct 2018 08:08:49
  8.9254,  3.52187,   16.008, 0.0102, 0.0102,  33.0470, 03 Oct 2018 08:08:52
  8.9102,  3.52046,   16.083, 0.0106, 0.0103,  33.0463, 03 Oct 2018 08:08:54
  8.9252,  3.52186,   15.956, 0.0108, 0.0101,  33.0471, 03 Oct 2018 08:08:57
  8.9391,  3.52303,   15.963, 0.0102, 0.0107,  33.0464, 03 Oct 2018 08:08:59
  8.9436,  3.52284,   16.169, 0.0100, 0.0101,  33.0401, 03 Oct 2018 08:09:01
  8.9282,  3.52183,   16.222, 0.0105, 0.0099,  33.0439, 03 Oct 2018 08:09:04
  8.9422,  3.52315,   16.125, 0.0098, 0.0104,  33.0447, 03 Oct 2018 08:09:06
  8.9003,  3.51971,   16.028, 0.0101, 0.0107,  33.0479, 03 Oct 2018 08:09:08
  8.8938,  3.51941,   15.994, 0.0105, 0.0102,  33.0507, 03 Oct 2018 08:09:11
  8.8928,  3.51943,   16.207, 0.0097, 0.0101,  33.0519, 03 Oct 2018 08:09:13
  8.8828,  3.51853,   16.311, 0.0107, 0.0105,  33.0518, 03 Oct 2018 08:09:16
  8.8934,  3.51941,   16.159, 0.0108, 0.0105,  33.0511, 03 Oct 2018 08:09:18
  8.8924,  3.51920,   16.017, 0.0117, 0.0106,  33.0500, 03 Oct 2018 08:09:20
  8.8834,  3.51852,   16.042, 0.0101, 0.0102,  33.0512, 03 Oct 2018 08:09:23
  8.8851,  3.51869,   16.080, 0.0101, 0.0102,  33.0513, 03 Oct 2018 08:09:25
  8.8817,  3.51837,   16.276, 0.0099, 0.0114,  33.0511, 03 Oct 2018 08:09:27
  8.8832,  3.51848,   16.207, 0.0100, 0.0105,  33.0508, 03 Oct 2018 08:09:30
  8.8865,  3.51870,   16.068, 0.0101, 0.0101,  33.0502, 03 Oct 2018 08:09:32
  8.8823,  3.51830,   16.096, 0.0099, 0.0102,  33.0499, 03 Oct 2018 08:09:34
  8.8810,  3.51825,   16.172, 0.0099, 0.0108,  33.0505, 03 Oct 2018 08:09:37
  8.8806,  3.51817,   16.174, 0.0109, 0.0101,  33.0501, 03 Oct 2018 08:09:39
  8.8824,  3.51829,   16.008, 0.0102, 0.0102,  33.0498, 03 Oct 2018 08:09:42
  8.8798,  3.51806,   16.011, 0.0095, 0.0100,  33.0498, 03 Oct 2018 08:09:44
  8.8788,  3.51805,   16.231, 0.0102, 0.0113,  33.0504, 03 Oct 2018 08:09:46
  8.8792,  3.51809,   16.258, 0.0096, 0.0101,  33.0504, 03 Oct 2018 08:09:49
  8.8795,  3.51806,   16.029, 0.0107, 0.0096,  33.0500, 03 Oct 2018 08:09:51
  8.8775,  3.51788,   15.961, 0.0099, 0.0105,  33.0501, 03 Oct 2018 08:09:53
  8.8771,  3.51783,   16.192, 0.0100, 0.0106,  33.0497, 03 Oct 2018 08:09:56
  8.8770,  3.51783,   16.304, 0.0104, 0.0107,  33.0497, 03 Oct 2018 08:09:58
  8.8780,  3.51786,   16.048, 0.0098, 0.0104,  33.0493, 03 Oct 2018 08:10:00
  8.8793,  3.51802,   15.939, 0.0104, 0.0105,  33.0498, 03 Oct 2018 08:10:03
  8.8774,  3.51788,   16.124, 0.0099, 0.0114,  33.0501, 03 Oct 2018 08:10:05
  8.8775,  3.51787,   16.200, 0.0108, 0.0104,  33.0498, 03 Oct 2018 08:10:08
  8.8775,  3.51788,   16.074, 0.0104, 0.0103,  33.0500, 03 Oct 2018 08:10:10
  8.8791,  3.51798,   15.961, 0.0098, 0.0098,  33.0495, 03 Oct 2018 08:10:12
  8.8761,  3.51771,   16.093, 0.0098, 0.0104,  33.0495, 03 Oct 2018 08:10:15
  8.8755,  3.51762,   16.220, 0.0098, 0.0107,  33.0491, 03 Oct 2018 08:10:17
  8.8763,  3.51773,   16.085, 0.0105, 0.0100,  33.0496, 03 Oct 2018 08:10:19
  8.8763,  3.51768,   16.004, 0.0100, 0.0098,  33.0490, 03 Oct 2018 08:10:22
  8.8755,  3.51771,   16.092, 0.0100, 0.0111,  33.0500, 03 Oct 2018 08:10:24
  8.8756,  3.51769,   16.094, 0.0102, 0.0112,  33.0498, 03 Oct 2018 08:10:27
  8.8761,  3.51775,   16.048, 0.0091, 0.0106,  33.0499, 03 Oct 2018 08:10:29
  8.8759,  3.51767,   16.089, 0.0104, 0.0113,  33.0492, 03 Oct 2018 08:10:31
  8.8752,  3.51767,   16.212, 0.0101, 0.0102,  33.0498, 03 Oct 2018 08:10:34
  8.8749,  3.51764,   16.185, 0.0100, 0.0110,  33.0498, 03 Oct 2018 08:10:36
  8.8746,  3.51765,   16.110, 0.0108, 0.0104,  33.0502, 03 Oct 2018 08:10:38
  8.8756,  3.51777,   16.016, 0.0101, 0.0103,  33.0507, 03 Oct 2018 08:10:41
  8.8761,  3.51779,   16.001, 0.0104, 0.0100,  33.0503, 03 Oct 2018 08:10:43
  8.8766,  3.51786,   16.105, 0.0099, 0.0106,  33.0505, 03 Oct 2018 08:10:46
  8.8766,  3.51787,   16.174, 0.0115, 0.0100,  33.0506, 03 Oct 2018 08:10:48
  8.8769,  3.51783,   16.068, 0.0100, 0.0100,  33.0500, 03 Oct 2018 08:10:50
  8.8762,  3.51786,   16.072, 0.0101, 0.0100,  33.0509, 03 Oct 2018 08:10:53
  8.8751,  3.51772,   16.086, 0.0104, 0.0111,  33.0506, 03 Oct 2018 08:10:55
  8.8755,  3.51777,   16.040, 0.0098, 0.0107,  33.0508, 03 Oct 2018 08:10:58
  8.8754,  3.51776,   16.125, 0.0104, 0.0096,  33.0507, 03 Oct 2018 08:11:00
  8.8756,  3.51767,   16.013, 0.0104, 0.0101,  33.0495, 03 Oct 2018 08:11:02
  8.8759,  3.51775,   15.958, 0.0099, 0.0111,  33.0501, 03 Oct 2018 08:11:05
  8.8744,  3.51762,   16.151, 0.0101, 0.0101,  33.0502, 03 Oct 2018 08:11:07
  8.8749,  3.51767,   16.212, 0.0097, 0.0101,  33.0501, 03 Oct 2018 08:11:09
  8.8752,  3.51762,   16.034, 0.0101, 0.0105,  33.0494, 03 Oct 2018 08:11:12
  8.8740,  3.51757,   16.032, 0.0101, 0.0107,  33.0500, 03 Oct 2018 08:11:14
  8.8731,  3.51754,   16.012, 0.0105, 0.0105,  33.0505, 03 Oct 2018 08:11:17
  8.8737,  3.51757,   16.104, 0.0098, 0.0105,  33.0502, 03 Oct 2018 08:11:19
  8.8741,  3.51764,   16.145, 0.0104, 0.0104,  33.0506, 03 Oct 2018 08:11:21
  8.8742,  3.51758,   16.074, 0.0092, 0.0111,  33.0500, 03 Oct 2018 08:11:24
  8.8737,  3.51757,   16.047, 0.0117, 0.0102,  33.0502, 03 Oct 2018 08:11:26
  8.8732,  3.51750,   16.107, 0.0103, 0.0105,  33.0500, 03 Oct 2018 08:11:29
  8.8735,  3.51756,   16.024, 0.0100, 0.0103,  33.0503, 03 Oct 2018 08:11:31
  8.8733,  3.51756,   15.992, 0.0105, 0.0117,  33.0505, 03 Oct 2018 08:11:33
  8.8738,  3.51769,   16.070, 0.0106, 0.0105,  33.0515, 03 Oct 2018 08:11:36
  8.8740,  3.51769,   16.112, 0.0103, 0.0102,  33.0513, 03 Oct 2018 08:11:38
  8.8744,  3.51777,   16.101, 0.0106, 0.0108,  33.0518, 03 Oct 2018 08:11:40
  8.8688,  3.51727,   16.187, 0.0096, 0.0109,  33.0517, 03 Oct 2018 08:11:43
  8.8688,  3.51727,   16.092, 0.0098, 0.0100,  33.0517, 03 Oct 2018 08:11:45
  8.8702,  3.51735,   15.854, 0.0105, 0.0098,  33.0514, 03 Oct 2018 08:11:48
  8.8670,  3.51698,   15.885, 0.0104, 0.0099,  33.0505, 03 Oct 2018 08:11:50
  8.8663,  3.51696,   16.049, 0.0108, 0.0107,  33.0508, 03 Oct 2018 08:11:52
  8.8661,  3.51693,   16.183, 0.0105, 0.0106,  33.0506, 03 Oct 2018 08:11:55
  8.8661,  3.51698,   16.190, 0.0101, 0.0099,  33.0512, 03 Oct 2018 08:11:57
  8.8669,  3.51699,   16.073, 0.0111, 0.0099,  33.0506, 03 Oct 2018 08:11:59
  8.8647,  3.51675,   16.010, 0.0098, 0.0107,  33.0502, 03 Oct 2018 08:12:02
  8.8614,  3.51654,   15.975, 0.0104, 0.0099,  33.0510, 03 Oct 2018 08:12:04
  8.8611,  3.51655,   15.958, 0.0102, 0.0102,  33.0514, 03 Oct 2018 08:12:07
  8.8585,  3.51639,   16.113, 0.0096, 0.0096,  33.0521, 03 Oct 2018 08:12:09
  8.8568,  3.51626,   16.122, 0.0107, 0.0113,  33.0523, 03 Oct 2018 08:12:11
  8.8578,  3.51636,   16.083, 0.0098, 0.0107,  33.0524, 03 Oct 2018 08:12:14
  8.8560,  3.51624,   16.127, 0.0106, 0.0104,  33.0528, 03 Oct 2018 08:12:16
  8.8562,  3.51625,   15.934, 0.0104, 0.0101,  33.0529, 03 Oct 2018 08:12:18
  8.8530,  3.51613,   15.865, 0.0101, 0.0118,  33.0546, 03 Oct 2018 08:12:21
  8.8503,  3.51605,   15.970, 0.0099, 0.0097,  33.0562, 03 Oct 2018 08:12:23
  8.8505,  3.51620,   16.069, 0.0100, 0.0099,  33.0576, 03 Oct 2018 08:12:26
  8.8507,  3.51612,   16.048, 0.0094, 0.0102,  33.0566, 03 Oct 2018 08:12:28
  8.8507,  3.51613,   16.149, 0.0103, 0.0106,  33.0566, 03 Oct 2018 08:12:31
  8.8511,  3.51614,   16.037, 0.0101, 0.0099,  33.0565, 03 Oct 2018 08:12:33
  8.8511,  3.51629,   16.066, 0.0105, 0.0102,  33.0580, 03 Oct 2018 08:12:35
  8.8512,  3.51624,   15.932, 0.0095, 0.0099,  33.0574, 03 Oct 2018 08:12:38
  8.8512,  3.51624,   15.990, 0.0104, 0.0118,  33.0574, 03 Oct 2018 08:12:40
  8.8501,  3.51614,   16.145, 0.0117, 0.0097,  33.0573, 03 Oct 2018 08:12:42
  8.8502,  3.51628,   16.204, 0.0096, 0.0099,  33.0587, 03 Oct 2018 08:12:45
  8.8508,  3.51622,   16.061, 0.0101, 0.0106,  33.0575, 03 Oct 2018 08:12:47
  8.8497,  3.51637,   15.910, 0.0103, 0.0110,  33.0602, 03 Oct 2018 08:12:50
  8.8484,  3.51652,   15.956, 0.0105, 0.0098,  33.0629, 03 Oct 2018 08:12:52
  8.8489,  3.51648,   16.016, 0.0101, 0.0105,  33.0620, 03 Oct 2018 08:12:54
  8.8495,  3.51640,   16.022, 0.0100, 0.0098,  33.0606, 03 Oct 2018 08:12:57
  8.8495,  3.51641,   16.007, 0.0099, 0.0106,  33.0608, 03 Oct 2018 08:12:59
  8.8487,  3.51647,   16.003, 0.0103, 0.0107,  33.0621, 03 Oct 2018 08:13:02
  8.8431,  3.51629,   16.133, 0.0102, 0.0102,  33.0654, 03 Oct 2018 08:13:04
  8.8430,  3.51624,   16.030, 0.0101, 0.0102,  33.0650, 03 Oct 2018 08:13:06
  8.8437,  3.51617,   15.923, 0.0106, 0.0100,  33.0636, 03 Oct 2018 08:13:09
  8.8405,  3.51601,   15.870, 0.0104, 0.0106,  33.0650, 03 Oct 2018 08:13:11
  8.8397,  3.51602,   15.944, 0.0099, 0.0105,  33.0659, 03 Oct 2018 08:13:13
  8.8339,  3.51556,   16.058, 0.0099, 0.0101,  33.0664, 03 Oct 2018 08:13:16
  8.8362,  3.51577,   16.062, 0.0105, 0.0097,  33.0664, 03 Oct 2018 08:13:18
  8.8358,  3.51575,   16.121, 0.0106, 0.0117,  33.0666, 03 Oct 2018 08:13:21
  8.8377,  3.51582,   15.978, 0.0097, 0.0101,  33.0655, 03 Oct 2018 08:13:23
  8.8407,  3.51591,   15.857, 0.0099, 0.0103,  33.0638, 03 Oct 2018 08:13:25
  8.8321,  3.51535,   15.859, 0.0110, 0.0107,  33.0660, 03 Oct 2018 08:13:28
  8.8267,  3.51504,   16.040, 0.0096, 0.0115,  33.0677, 03 Oct 2018 08:13:30
  8.8260,  3.51503,   16.067, 0.0096, 0.0102,  33.0682, 03 Oct 2018 08:13:33
  8.8279,  3.51512,   15.991, 0.0102, 0.0102,  33.0675, 03 Oct 2018 08:13:35
  8.8312,  3.51528,   15.827, 0.0102, 0.0102,  33.0662, 03 Oct 2018 08:13:37
  8.8266,  3.51504,   15.926, 0.0103, 0.0117,  33.0678, 03 Oct 2018 08:13:40
  8.8264,  3.51499,   16.011, 0.0099, 0.0103,  33.0675, 03 Oct 2018 08:13:42
  8.8267,  3.51503,   16.056, 0.0104, 0.0096,  33.0675, 03 Oct 2018 08:13:44
  8.8279,  3.51505,   15.949, 0.0095, 0.0100,  33.0667, 03 Oct 2018 08:13:47
  8.8280,  3.51509,   15.973, 0.0103, 0.0111,  33.0670, 03 Oct 2018 08:13:49
  8.8271,  3.51507,   15.962, 0.0095, 0.0101,  33.0676, 03 Oct 2018 08:13:52
  8.8284,  3.51508,   15.918, 0.0097, 0.0101,  33.0666, 03 Oct 2018 08:13:54
  8.8286,  3.51513,   15.984, 0.0096, 0.0096,  33.0669, 03 Oct 2018 08:13:56
  8.8271,  3.51501,   16.069, 0.0103, 0.0111,  33.0670, 03 Oct 2018 08:13:59
  8.8295,  3.51523,   16.043, 0.0101, 0.0100,  33.0670, 03 Oct 2018 08:14:01
  8.8293,  3.51518,   16.007, 0.0098, 0.0100,  33.0667, 03 Oct 2018 08:14:04
  8.8307,  3.51527,   15.952, 0.0100, 0.0104,  33.0664, 03 Oct 2018 08:14:06
  8.8274,  3.51503,   15.975, 0.0098, 0.0107,  33.0669, 03 Oct 2018 08:14:08
  8.8271,  3.51500,   15.960, 0.0097, 0.0100,  33.0669, 03 Oct 2018 08:14:11
  8.8292,  3.51516,   15.932, 0.0102, 0.0108,  33.0667, 03 Oct 2018 08:14:13
  8.8324,  3.51542,   16.034, 0.0103, 0.0105,  33.0664, 03 Oct 2018 08:14:16
  8.8322,  3.51539,   16.068, 0.0115, 0.0109,  33.0662, 03 Oct 2018 08:14:18
  8.8325,  3.51541,   15.992, 0.0097, 0.0101,  33.0662, 03 Oct 2018 08:14:20
  8.8338,  3.51552,   15.960, 0.0103, 0.0102,  33.0661, 03 Oct 2018 08:14:23
  8.8352,  3.51558,   15.869, 0.0107, 0.0101,  33.0655, 03 Oct 2018 08:14:25
  8.8344,  3.51554,   15.928, 0.0105, 0.0109,  33.0658, 03 Oct 2018 08:14:27
  8.8350,  3.51557,   16.003, 0.0099, 0.0105,  33.0655, 03 Oct 2018 08:14:30
  8.8369,  3.51572,   16.002, 0.0103, 0.0102,  33.0653, 03 Oct 2018 08:14:32
  8.8375,  3.51571,   15.864, 0.0099, 0.0097,  33.0647, 03 Oct 2018 08:14:35
  8.8431,  3.51580,   15.918, 0.0100, 0.0113,  33.0604, 03 Oct 2018 08:14:37
  8.8433,  3.51566,   16.052, 0.0105, 0.0101,  33.0587, 03 Oct 2018 08:14:39
  8.8427,  3.51577,   15.977, 0.0099, 0.0100,  33.0605, 03 Oct 2018 08:14:42
  8.8424,  3.51582,   15.969, 0.0098, 0.0094,  33.0612, 03 Oct 2018 08:14:44
  8.8426,  3.51577,   15.918, 0.0104, 0.0113,  33.0606, 03 Oct 2018 08:14:47
  8.8439,  3.51580,   15.955, 0.0105, 0.0112,  33.0597, 03 Oct 2018 08:14:49
  8.8434,  3.51573,   15.830, 0.0103, 0.0108,  33.0595, 03 Oct 2018 08:14:51
  8.8436,  3.51569,   15.971, 0.0098, 0.0103,  33.0588, 03 Oct 2018 08:14:54
  8.8441,  3.51564,   16.066, 0.0100, 0.0115,  33.0577, 03 Oct 2018 08:14:56
  8.8464,  3.51571,   16.007, 0.0099, 0.0104,  33.0563, 03 Oct 2018 08:14:58
  8.8501,  3.51571,   15.995, 0.0117, 0.0102,  33.0528, 03 Oct 2018 08:15:01
  8.8532,  3.51609,   15.890, 0.0099, 0.0106,  33.0539, 03 Oct 2018 08:15:03
  8.8527,  3.51599,   15.873, 0.0099, 0.0114,  33.0534, 03 Oct 2018 08:15:06
  8.8555,  3.51620,   15.891, 0.0099, 0.0110,  33.0530, 03 Oct 2018 08:15:08
  8.8509,  3.51583,   16.019, 0.0102, 0.0100,  33.0534, 03 Oct 2018 08:15:10
  8.8522,  3.51596,   16.020, 0.0099, 0.0101,  33.0536, 03 Oct 2018 08:15:13
  8.8561,  3.51625,   15.868, 0.0107, 0.0110,  33.0530, 03 Oct 2018 08:15:15
  8.8652,  3.51685,   15.874, 0.0098, 0.0104,  33.0508, 03 Oct 2018 08:15:17
  8.8649,  3.51683,   16.005, 0.0099, 0.0105,  33.0508, 03 Oct 2018 08:15:20
  8.8657,  3.51679,   16.054, 0.0094, 0.0102,  33.0497, 03 Oct 2018 08:15:22
  8.8666,  3.51697,   15.988, 0.0095, 0.0112,  33.0507, 03 Oct 2018 08:15:25
  8.8677,  3.51703,   15.855, 0.0101, 0.0101,  33.0503, 03 Oct 2018 08:15:27
  8.8687,  3.51720,   15.922, 0.0099, 0.0098,  33.0511, 03 Oct 2018 08:15:29
  8.8698,  3.51726,   16.020, 0.0105, 0.0110,  33.0506, 03 Oct 2018 08:15:32
  8.8701,  3.51727,   15.904, 0.0101, 0.0105,  33.0505, 03 Oct 2018 08:15:34
  8.8771,  3.51783,   16.018, 0.0094, 0.0110,  33.0498, 03 Oct 2018 08:15:37
  8.8791,  3.51795,   16.049, 0.0115, 0.0104,  33.0492, 03 Oct 2018 08:15:39
  8.8782,  3.51791,   15.867, 0.0099, 0.0104,  33.0497, 03 Oct 2018 08:15:41
  8.8891,  3.51873,   15.863, 0.0099, 0.0109,  33.0482, 03 Oct 2018 08:15:44
  8.8868,  3.51851,   16.028, 0.0098, 0.0109,  33.0479, 03 Oct 2018 08:15:46
  8.8883,  3.51866,   15.936, 0.0102, 0.0107,  33.0481, 03 Oct 2018 08:15:48
  8.9066,  3.51998,   15.919, 0.0102, 0.0097,  33.0449, 03 Oct 2018 08:15:51
  8.9145,  3.52047,   16.018, 0.0097, 0.0109,  33.0426, 03 Oct 2018 08:15:53
  8.9483,  3.52332,   16.089, 0.0099, 0.0100,  33.0408, 03 Oct 2018 08:15:56
  8.9252,  3.52124,   15.945, 0.0099, 0.0099,  33.0407, 03 Oct 2018 08:15:58
  8.9807,  3.52563,   15.871, 0.0095, 0.0100,  33.0349, 03 Oct 2018 08:16:00
  9.0816,  3.53308,   15.939, 0.0100, 0.0109,  33.0185, 03 Oct 2018 08:16:03
  9.0858,  3.53324,   15.946, 0.0094, 0.0109,  33.0163, 03 Oct 2018 08:16:05
  9.0774,  3.53270,   15.940, 0.0096, 0.0102,  33.0185, 03 Oct 2018 08:16:08
  9.0968,  3.53471,   15.844, 0.0103, 0.0101,  33.0214, 03 Oct 2018 08:16:10
  9.1132,  3.53573,   15.958, 0.0106, 0.0113,  33.0168, 03 Oct 2018 08:16:12
  9.1264,  3.53705,   16.038, 0.0109, 0.0100,  33.0182, 03 Oct 2018 08:16:15
  9.1501,  3.53895,   15.938, 0.0094, 0.0106,  33.0159, 03 Oct 2018 08:16:17
  9.1971,  3.54275,   15.798, 0.0102, 0.0102,  33.0119, 03 Oct 2018 08:16:19
  9.2300,  3.54522,   15.817, 0.0099, 0.0108,  33.0070, 03 Oct 2018 08:16:22
  9.2686,  3.54781,   16.008, 0.0097, 0.0098,  32.9981, 03 Oct 2018 08:16:24
  9.2687,  3.54786,   16.038, 0.0105, 0.0108,  32.9983, 03 Oct 2018 08:16:27
  9.2700,  3.54809,   15.926, 0.0097, 0.0100,  32.9996, 03 Oct 2018 08:16:29
  9.2827,  3.54913,   15.761, 0.0103, 0.0108,  32.9988, 03 Oct 2018 08:16:31
  9.2857,  3.54927,   15.890, 0.0104, 0.0099,  32.9974, 03 Oct 2018 08:16:34
  9.3052,  3.55073,   16.009, 0.0099, 0.0099,  32.9943, 03 Oct 2018 08:16:36
  9.3022,  3.55059,   15.868, 0.0103, 0.0100,  32.9957, 03 Oct 2018 08:16:39
  9.3085,  3.55123,   15.837, 0.0103, 0.0108,  32.9965, 03 Oct 2018 08:16:41
  9.3153,  3.55179,   15.840, 0.0101, 0.0101,  32.9960, 03 Oct 2018 08:16:43
  9.3231,  3.55224,   15.953, 0.0098, 0.0102,  32.9935, 03 Oct 2018 08:16:46
  9.3221,  3.55234,   15.894, 0.0102, 0.0097,  32.9954, 03 Oct 2018 08:16:48
  9.3229,  3.55252,   15.795, 0.0096, 0.0110,  32.9965, 03 Oct 2018 08:16:50
  9.3251,  3.55275,   15.851, 0.0103, 0.0099,  32.9969, 03 Oct 2018 08:16:53
  9.3282,  3.55301,   15.892, 0.0112, 0.0100,  32.9968, 03 Oct 2018 08:16:55
  9.3312,  3.55330,   15.827, 0.0104, 0.0102,  32.9970, 03 Oct 2018 08:16:58
  9.3337,  3.55351,   15.747, 0.0096, 0.0106,  32.9968, 03 Oct 2018 08:17:00
  9.3409,  3.55409,   15.824, 0.0095, 0.0101,  32.9962, 03 Oct 2018 08:17:02
  9.3436,  3.55438,   15.963, 0.0092, 0.0098,  32.9967, 03 Oct 2018 08:17:05
  9.3475,  3.55468,   15.856, 0.0090, 0.0093,  32.9961, 03 Oct 2018 08:17:07
  9.3577,  3.55548,   15.723, 0.0101, 0.0105,  32.9951, 03 Oct 2018 08:17:10
  9.3569,  3.55530,   15.859, 0.0095, 0.0100,  32.9938, 03 Oct 2018 08:17:12
  9.3601,  3.55567,   15.995, 0.0099, 0.0100,  32.9947, 03 Oct 2018 08:17:14
  9.3588,  3.55554,   15.838, 0.0101, 0.0102,  32.9945, 03 Oct 2018 08:17:17
  9.3678,  3.55636,   15.714, 0.0091, 0.0102,  32.9949, 03 Oct 2018 08:17:19
  9.3720,  3.55668,   15.720, 0.0103, 0.0118,  32.9942, 03 Oct 2018 08:17:22
  9.3767,  3.55709,   15.891, 0.0096, 0.0097,  32.9941, 03 Oct 2018 08:17:24
  9.3829,  3.55752,   16.040, 0.0102, 0.0100,  32.9927, 03 Oct 2018 08:17:26
  9.3838,  3.55766,   15.872, 0.0100, 0.0101,  32.9933, 03 Oct 2018 08:17:29
  9.3856,  3.55781,   15.797, 0.0111, 0.0109,  32.9933, 03 Oct 2018 08:17:31
  9.3853,  3.55778,   15.635, 0.0094, 0.0100,  32.9934, 03 Oct 2018 08:17:34
  9.3874,  3.55803,   15.655, 0.0094, 0.0102,  32.9940, 03 Oct 2018 08:17:36
  9.3928,  3.55850,   15.995, 0.0096, 0.0099,  32.9936, 03 Oct 2018 08:17:38
  9.3914,  3.55833,   15.996, 0.0103, 0.0109,  32.9933, 03 Oct 2018 08:17:41
  9.3937,  3.55860,   15.695, 0.0098, 0.0097,  32.9939, 03 Oct 2018 08:17:43
  9.3977,  3.55889,   15.575, 0.0102, 0.0101,  32.9933, 03 Oct 2018 08:17:46
  9.3979,  3.55894,   15.901, 0.0101, 0.0102,  32.9935, 03 Oct 2018 08:17:48
  9.3966,  3.55889,   15.971, 0.0101, 0.0109,  32.9941, 03 Oct 2018 08:17:50
  9.3993,  3.55911,   15.772, 0.0105, 0.0102,  32.9940, 03 Oct 2018 08:17:53
  9.4029,  3.55942,   15.644, 0.0102, 0.0104,  32.9940, 03 Oct 2018 08:17:55
  9.3975,  3.55890,   15.826, 0.0095, 0.0101,  32.9936, 03 Oct 2018 08:17:57
  9.3969,  3.55891,   16.066, 0.0099, 0.0110,  32.9942, 03 Oct 2018 08:18:00
  9.3963,  3.55889,   15.864, 0.0103, 0.0113,  32.9944, 03 Oct 2018 08:18:02
  9.4000,  3.55927,   15.630, 0.0103, 0.0103,  32.9951, 03 Oct 2018 08:18:05
  9.4000,  3.55920,   15.680, 0.0099, 0.0100,  32.9944, 03 Oct 2018 08:18:07
  9.4000,  3.55926,   15.753, 0.0107, 0.0115,  32.9949, 03 Oct 2018 08:18:09
  9.4040,  3.55960,   15.919, 0.0101, 0.0095,  32.9947, 03 Oct 2018 08:18:12
  9.4037,  3.55952,   15.818, 0.0109, 0.0100,  32.9942, 03 Oct 2018 08:18:14
  9.4043,  3.55960,   15.698, 0.0097, 0.0097,  32.9945, 03 Oct 2018 08:18:16
  9.3989,  3.55911,   15.819, 0.0099, 0.0116,  32.9944, 03 Oct 2018 08:18:19
  9.3958,  3.55894,   15.941, 0.0104, 0.0100,  32.9954, 03 Oct 2018 08:18:21
  9.3973,  3.55904,   15.792, 0.0101, 0.0104,  32.9952, 03 Oct 2018 08:18:24
  9.3984,  3.55912,   15.730, 0.0100, 0.0108,  32.9950, 03 Oct 2018 08:18:26
  9.3972,  3.55902,   15.702, 0.0102, 0.0110,  32.9951, 03 Oct 2018 08:18:28
  9.3941,  3.55876,   15.913, 0.0110, 0.0104,  32.9952, 03 Oct 2018 08:18:31
  9.3907,  3.55853,   15.941, 0.0099, 0.0098,  32.9959, 03 Oct 2018 08:18:33
  9.3926,  3.55866,   15.773, 0.0098, 0.0098,  32.9956, 03 Oct 2018 08:18:36
  9.3922,  3.55858,   15.807, 0.0094, 0.0107,  32.9951, 03 Oct 2018 08:18:38
  9.3889,  3.55835,   15.870, 0.0097, 0.0102,  32.9957, 03 Oct 2018 08:18:40
  9.3885,  3.55831,   15.814, 0.0094, 0.0111,  32.9957, 03 Oct 2018 08:18:43
  9.3912,  3.55849,   15.660, 0.0099, 0.0101,  32.9952, 03 Oct 2018 08:18:45
  9.3876,  3.55820,   15.722, 0.0094, 0.0111,  32.9954, 03 Oct 2018 08:18:47
  9.3819,  3.55778,   15.894, 0.0101, 0.0104,  32.9963, 03 Oct 2018 08:18:50
  9.3763,  3.55735,   15.888, 0.0121, 0.0092,  32.9972, 03 Oct 2018 08:18:52
  9.3811,  3.55780,   15.748, 0.0101, 0.0101,  32.9973, 03 Oct 2018 08:18:55
  9.3685,  3.55666,   15.727, 0.0099, 0.0106,  32.9972, 03 Oct 2018 08:18:57
  9.3613,  3.55622,   15.784, 0.0106, 0.0110,  32.9994, 03 Oct 2018 08:18:59
  9.3595,  3.55603,   15.867, 0.0102, 0.0101,  32.9990, 03 Oct 2018 08:19:02
  9.3619,  3.55620,   15.738, 0.0107, 0.0099,  32.9985, 03 Oct 2018 08:19:04
  9.3675,  3.55667,   15.611, 0.0097, 0.0104,  32.9983, 03 Oct 2018 08:19:07
  9.3600,  3.55600,   15.737, 0.0099, 0.0108,  32.9983, 03 Oct 2018 08:19:09
  9.3570,  3.55581,   15.882, 0.0102, 0.0104,  32.9991, 03 Oct 2018 08:19:11
  9.3584,  3.55592,   15.766, 0.0095, 0.0105,  32.9990, 03 Oct 2018 08:19:14
  9.3614,  3.55613,   15.638, 0.0099, 0.0120,  32.9983, 03 Oct 2018 08:19:16
  9.3562,  3.55564,   15.619, 0.0095, 0.0112,  32.9982, 03 Oct 2018 08:19:18
  9.3546,  3.55558,   15.831, 0.0103, 0.0099,  32.9989, 03 Oct 2018 08:19:21
  9.3526,  3.55544,   15.905, 0.0096, 0.0100,  32.9992, 03 Oct 2018 08:19:23
  9.3541,  3.55554,   15.714, 0.0098, 0.0102,  32.9989, 03 Oct 2018 08:19:26
  9.3499,  3.55514,   15.695, 0.0097, 0.0110,  32.9987, 03 Oct 2018 08:19:28
  9.3485,  3.55507,   15.686, 0.0097, 0.0105,  32.9993, 03 Oct 2018 08:19:31
  9.3488,  3.55508,   15.772, 0.0112, 0.0098,  32.9991, 03 Oct 2018 08:19:33
  9.3484,  3.55504,   15.744, 0.0102, 0.0100,  32.9990, 03 Oct 2018 08:19:35
  9.3483,  3.55501,   15.778, 0.0097, 0.0109,  32.9989, 03 Oct 2018 08:19:38
  9.3474,  3.55494,   15.882, 0.0101, 0.0101,  32.9989, 03 Oct 2018 08:19:40
  9.3463,  3.55486,   15.830, 0.0101, 0.0101,  32.9991, 03 Oct 2018 08:19:42

EraseBlock 16
  9.3448,  3.55476,   15.894, 0.0098, 0.0098,  32.9995, 03 Oct 2018 08:19:45
  9.3392,  3.55432,   15.723, 0.0105, 0.0109,  33.0001, 03 Oct 2018 08:19:48
  9.3329,  3.55380,   15.719, 0.0104, 0.0099,  33.0006, 03 Oct 2018 08:19:50
  9.3200,  3.55278,   15.739, 0.0098, 0.0099,  33.0020, 03 Oct 2018 08:19:53
  9.3231,  3.55311,   15.739, 0.0101, 0.0102,  33.0026, 03 Oct 2018 08:19:55
  9.3134,  3.55227,   15.905, 0.0102, 0.0111,  33.0028, 03 Oct 2018 08:19:58
  9.3059,  3.55184,   15.886, 0.0106, 0.0102,  33.0053, 03 Oct 2018 08:20:00
  9.3081,  3.55197,   15.763, 0.0097, 0.0099,  33.0045, 03 Oct 2018 08:20:02
  9.3066,  3.55184,   15.630, 0.0101, 0.0097,  33.0047, 03 Oct 2018 08:20:05
  9.2926,  3.55084,   15.684, 0.0098, 0.0095,  33.0072, 03 Oct 2018 08:20:07
  9.2817,  3.55008,   15.767, 0.0092, 0.0106,  33.0095, 03 Oct 2018 08:20:10
  9.2794,  3.54992,   15.893, 0.0099, 0.0100,  33.0099, 03 Oct 2018 08:20:12
  9.2796,  3.54988,   15.877, 0.0118, 0.0098,  33.0092, 03 Oct 2018 08:20:14
  9.2802,  3.55004,   15.835, 0.0101, 0.0110,  33.0105, 03 Oct 2018 08:20:17
  9.2805,  3.55037,   15.759, 0.0101, 0.0109,  33.0136, 03 Oct 2018 08:20:19
  9.2813,  3.55027,   15.793, 0.0102, 0.0097,  33.0118, 03 Oct 2018 08:20:21
  9.2795,  3.55039,   15.729, 0.0112, 0.0103,  33.0146, 03 Oct 2018 08:20:24
  9.2801,  3.55037,   15.698, 0.0101, 0.0099,  33.0140, 03 Oct 2018 08:20:26
  9.2765,  3.55024,   15.947, 0.0101, 0.0112,  33.0158, 03 Oct 2018 08:20:29
  9.2750,  3.55013,   15.944, 0.0096, 0.0097,  33.0161, 03 Oct 2018 08:20:31
  9.2755,  3.55014,   15.856, 0.0097, 0.0101,  33.0157, 03 Oct 2018 08:20:33
  9.2738,  3.54989,   15.767, 0.0109, 0.0102,  33.0148, 03 Oct 2018 08:20:36
  9.2609,  3.54893,   15.622, 0.0104, 0.0106,  33.0168, 03 Oct 2018 08:20:38
  9.2552,  3.54835,   15.704, 0.0095, 0.0102,  33.0161, 03 Oct 2018 08:20:40
  9.2274,  3.54626,   15.873, 0.0108, 0.0106,  33.0201, 03 Oct 2018 08:20:43
  9.2369,  3.54727,   15.876, 0.0098, 0.0099,  33.0218, 03 Oct 2018 08:20:45
  9.2339,  3.54727,   15.901, 0.0098, 0.0107,  33.0245, 03 Oct 2018 08:20:48
  9.2288,  3.54658,   15.877, 0.0099, 0.0103,  33.0221, 03 Oct 2018 08:20:50
  9.2337,  3.54681,   15.737, 0.0104, 0.0102,  33.0201, 03 Oct 2018 08:20:52
  9.2134,  3.54515,   15.699, 0.0099, 0.0100,  33.0217, 03 Oct 2018 08:20:55
  9.2380,  3.54725,   15.838, 0.0099, 0.0114,  33.0206, 03 Oct 2018 08:20:57
  9.2266,  3.54622,   15.843, 0.0117, 0.0103,  33.0205, 03 Oct 2018 08:21:00
  9.2198,  3.54578,   15.879, 0.0099, 0.0100,  33.0222, 03 Oct 2018 08:21:02
  9.2110,  3.54504,   15.873, 0.0102, 0.0107,  33.0227, 03 Oct 2018 08:21:04
  9.1088,  3.53754,   16.034, 0.0096, 0.0114,  33.0396, 03 Oct 2018 08:21:07
  9.1344,  3.53964,   15.874, 0.0096, 0.0104,  33.0377, 03 Oct 2018 08:21:09
  9.1892,  3.54339,   15.695, 0.0098, 0.0102,  33.0259, 03 Oct 2018 08:21:11
  9.1505,  3.54017,   15.728, 0.0094, 0.0102,  33.0284, 03 Oct 2018 08:21:14
  9.1736,  3.54186,   15.791, 0.0101, 0.0108,  33.0244, 03 Oct 2018 08:21:16
  9.1959,  3.54389,   15.996, 0.0096, 0.0098,  33.0247, 03 Oct 2018 08:21:18
  9.1840,  3.54272,   15.960, 0.0098, 0.0094,  33.0237, 03 Oct 2018 08:21:21
  9.1876,  3.54305,   15.917, 0.0103, 0.0100,  33.0238, 03 Oct 2018 08:21:23
  9.1676,  3.54147,   15.806, 0.0101, 0.0112,  33.0260, 03 Oct 2018 08:21:26
  9.1952,  3.54372,   15.678, 0.0097, 0.0105,  33.0238, 03 Oct 2018 08:21:28
  9.1902,  3.54356,   15.814, 0.0095, 0.0097,  33.0266, 03 Oct 2018 08:21:30
  9.1851,  3.54249,   15.956, 0.0097, 0.0096,  33.0202, 03 Oct 2018 08:21:33
  9.1820,  3.54269,   15.868, 0.0096, 0.0114,  33.0253, 03 Oct 2018 08:21:35
  9.2083,  3.54463,   15.835, 0.0095, 0.0104,  33.0209, 03 Oct 2018 08:21:38
  9.1724,  3.54180,   15.875, 0.0102, 0.0101,  33.0249, 03 Oct 2018 08:21:40
  9.1196,  3.53777,   15.908, 0.0096, 0.0102,  33.0320, 03 Oct 2018 08:21:42
  9.1749,  3.54238,   15.765, 0.0114, 0.0117,  33.0286, 03 Oct 2018 08:21:45
  9.1552,  3.54020,   15.726, 0.0096, 0.0101,  33.0243, 03 Oct 2018 08:21:47
  9.1585,  3.54012,   15.837, 0.0098, 0.0099,  33.0203, 03 Oct 2018 08:21:49
  9.1855,  3.54290,   15.938, 0.0099, 0.0100,  33.0241, 03 Oct 2018 08:21:52
  9.1962,  3.54343,   15.889, 0.0096, 0.0107,  33.0198, 03 Oct 2018 08:21:54
  9.2139,  3.54510,   15.795, 0.0102, 0.0101,  33.0206, 03 Oct 2018 08:21:57
  9.1766,  3.54180,   15.935, 0.0107, 0.0100,  33.0210, 03 Oct 2018 08:21:59
  9.2007,  3.54412,   15.814, 0.0105, 0.0104,  33.0227, 03 Oct 2018 08:22:01
  9.2332,  3.54654,   15.536, 0.0098, 0.0108,  33.0178, 03 Oct 2018 08:22:04
  9.2476,  3.54740,   15.743, 0.0102, 0.0101,  33.0134, 03 Oct 2018 08:22:06
  9.2551,  3.54788,   15.891, 0.0096, 0.0110,  33.0113, 03 Oct 2018 08:22:09
  9.2612,  3.54832,   15.893, 0.0103, 0.0102,  33.0102, 03 Oct 2018 08:22:11
  9.2653,  3.54861,   15.753, 0.0107, 0.0115,  33.0095, 03 Oct 2018 08:22:13
  9.2700,  3.54901,   15.650, 0.0107, 0.0097,  33.0092, 03 Oct 2018 08:22:16
  9.2679,  3.54903,   15.771, 0.0099, 0.0098,  33.0114, 03 Oct 2018 08:22:18
  9.2692,  3.54915,   15.774, 0.0105, 0.0101,  33.0114, 03 Oct 2018 08:22:20
  9.2706,  3.54893,   15.969, 0.0095, 0.0116,  33.0077, 03 Oct 2018 08:22:23
  9.2711,  3.54901,   15.899, 0.0098, 0.0099,  33.0082, 03 Oct 2018 08:22:25
  9.2761,  3.54922,   15.724, 0.0100, 0.0097,  33.0057, 03 Oct 2018 08:22:28
  9.2719,  3.54901,   15.739, 0.0115, 0.0096,  33.0074, 03 Oct 2018 08:22:30
  9.2737,  3.54919,   15.751, 0.0102, 0.0108,  33.0077, 03 Oct 2018 08:22:32
  9.2815,  3.54977,   15.764, 0.0100, 0.0100,  33.0065, 03 Oct 2018 08:22:35
  9.2936,  3.55048,   15.858, 0.0098, 0.0098,  33.0026, 03 Oct 2018 08:22:37
  9.2990,  3.55092,   15.805, 0.0102, 0.0105,  33.0022, 03 Oct 2018 08:22:39
  9.3014,  3.55102,   15.875, 0.0103, 0.0112,  33.0009, 03 Oct 2018 08:22:42
  9.3059,  3.55139,   15.833, 0.0104, 0.0101,  33.0006, 03 Oct 2018 08:22:44
  9.3139,  3.55201,   15.792, 0.0100, 0.0112,  32.9996, 03 Oct 2018 08:22:47
  9.3188,  3.55227,   15.738, 0.0107, 0.0102,  32.9978, 03 Oct 2018 08:22:49
  9.3288,  3.55308,   15.724, 0.0102, 0.0108,  32.9970, 03 Oct 2018 08:22:51
  9.3253,  3.55279,   15.853, 0.0104, 0.0114,  32.9971, 03 Oct 2018 08:22:54
  9.3225,  3.55270,   15.867, 0.0101, 0.0100,  32.9987, 03 Oct 2018 08:22:56
  9.3370,  3.55387,   15.693, 0.0097, 0.0099,  32.9975, 03 Oct 2018 08:22:59
  9.3459,  3.55449,   15.704, 0.0101, 0.0094,  32.9957, 03 Oct 2018 08:23:01
  9.3499,  3.55476,   15.889, 0.0106, 0.0113,  32.9948, 03 Oct 2018 08:23:03
  9.3517,  3.55494,   15.846, 0.0092, 0.0097,  32.9950, 03 Oct 2018 08:23:06
  9.3561,  3.55533,   15.819, 0.0111, 0.0101,  32.9949, 03 Oct 2018 08:23:08
  9.3581,  3.55549,   15.820, 0.0106, 0.0103,  32.9947, 03 Oct 2018 08:23:11
  9.3583,  3.55558,   15.737, 0.0092, 0.0108,  32.9954, 03 Oct 2018 08:23:13
  9.3588,  3.55559,   15.791, 0.0099, 0.0104,  32.9951, 03 Oct 2018 08:23:15
  9.3608,  3.55581,   15.681, 0.0102, 0.0094,  32.9956, 03 Oct 2018 08:23:18
  9.3625,  3.55594,   15.908, 0.0099, 0.0105,  32.9952, 03 Oct 2018 08:23:20
  9.3611,  3.55584,   16.006, 0.0107, 0.0108,  32.9954, 03 Oct 2018 08:23:22
  9.3633,  3.55606,   15.707, 0.0097, 0.0108,  32.9959, 03 Oct 2018 08:23:25
  9.3647,  3.55618,   15.634, 0.0093, 0.0098,  32.9958, 03 Oct 2018 08:23:27
  9.3664,  3.55631,   15.671, 0.0100, 0.0105,  32.9955, 03 Oct 2018 08:23:30
  9.3698,  3.55660,   15.812, 0.0101, 0.0109,  32.9954, 03 Oct 2018 08:23:32
  9.3702,  3.55661,   15.934, 0.0099, 0.0104,  32.9950, 03 Oct 2018 08:23:34
  9.3698,  3.55658,   15.734, 0.0098, 0.0102,  32.9952, 03 Oct 2018 08:23:37
  9.3723,  3.55684,   15.609, 0.0103, 0.0106,  32.9956, 03 Oct 2018 08:23:39
  9.3715,  3.55676,   15.641, 0.0102, 0.0110,  32.9955, 03 Oct 2018 08:23:42
  9.3716,  3.55679,   15.734, 0.0096, 0.0101,  32.9957, 03 Oct 2018 08:23:44
  9.3731,  3.55693,   15.792, 0.0107, 0.0109,  32.9957, 03 Oct 2018 08:23:46
  9.3717,  3.55680,   15.863, 0.0104, 0.0101,  32.9957, 03 Oct 2018 08:23:49
  9.3739,  3.55700,   15.748, 0.0106, 0.0113,  32.9957, 03 Oct 2018 08:23:51
  9.3735,  3.55697,   15.813, 0.0103, 0.0102,  32.9958, 03 Oct 2018 08:23:53
  9.3736,  3.55698,   15.730, 0.0112, 0.0100,  32.9959, 03 Oct 2018 08:23:56
  9.3745,  3.55701,   15.674, 0.0103, 0.0104,  32.9954, 03 Oct 2018 08:23:58
  9.3730,  3.55694,   15.756, 0.0094, 0.0111,  32.9959, 03 Oct 2018 08:24:01
  9.3716,  3.55684,   15.779, 0.0105, 0.0100,  32.9962, 03 Oct 2018 08:24:03
  9.3722,  3.55687,   15.765, 0.0104, 0.0101,  32.9960, 03 Oct 2018 08:24:05
  9.3735,  3.55700,   15.742, 0.0099, 0.0095,  32.9960, 03 Oct 2018 08:24:08
  9.3728,  3.55694,   15.835, 0.0097, 0.0112,  32.9961, 03 Oct 2018 08:24:10
  9.3736,  3.55702,   15.766, 0.0101, 0.0101,  32.9963, 03 Oct 2018 08:24:12
  9.3734,  3.55694,   15.788, 0.0094, 0.0101,  32.9956, 03 Oct 2018 08:24:15
  9.3751,  3.55712,   15.697, 0.0098, 0.0101,  32.9959, 03 Oct 2018 08:24:17
  9.3720,  3.55683,   15.752, 0.0104, 0.0097,  32.9958, 03 Oct 2018 08:24:20
  9.3709,  3.55683,   15.691, 0.0106, 0.0115,  32.9968, 03 Oct 2018 08:24:22
  9.3722,  3.55691,   15.726, 0.0105, 0.0103,  32.9965, 03 Oct 2018 08:24:24
  9.3693,  3.55669,   15.703, 0.0102, 0.0097,  32.9968, 03 Oct 2018 08:24:27
  9.3681,  3.55657,   15.830, 0.0102, 0.0099,  32.9966, 03 Oct 2018 08:24:29
  9.3671,  3.55651,   15.776, 0.0101, 0.0110,  32.9970, 03 Oct 2018 08:24:31
  9.3658,  3.55640,   15.838, 0.0105, 0.0102,  32.9971, 03 Oct 2018 08:24:34
  9.3676,  3.55658,   15.623, 0.0096, 0.0102,  32.9974, 03 Oct 2018 08:24:36
  9.3672,  3.55649,   15.678, 0.0107, 0.0104,  32.9966, 03 Oct 2018 08:24:39
  9.3483,  3.55498,   15.807, 0.0101, 0.0110,  32.9986, 03 Oct 2018 08:24:41
  9.3479,  3.55504,   15.808, 0.0105, 0.0105,  32.9995, 03 Oct 2018 08:24:43
  9.3467,  3.55491,   15.904, 0.0095, 0.0104,  32.9993, 03 Oct 2018 08:24:46
  9.3528,  3.55544,   15.688, 0.0101, 0.0097,  32.9992, 03 Oct 2018 08:24:48
  9.3497,  3.55507,   15.557, 0.0101, 0.0106,  32.9982, 03 Oct 2018 08:24:50
  9.3212,  3.55296,   15.671, 0.0101, 0.0100,  33.0027, 03 Oct 2018 08:24:53
  9.3166,  3.55268,   15.793, 0.0100, 0.0104,  33.0041, 03 Oct 2018 08:24:55
  9.3100,  3.55220,   15.805, 0.0096, 0.0104,  33.0052, 03 Oct 2018 08:24:58
  9.3138,  3.55249,   15.796, 0.0115, 0.0109,  33.0047, 03 Oct 2018 08:25:00
  9.3132,  3.55241,   15.843, 0.0098, 0.0105,  33.0043, 03 Oct 2018 08:25:02
  9.2924,  3.55106,   15.875, 0.0101, 0.0096,  33.0097, 03 Oct 2018 08:25:05
  9.2791,  3.55013,   15.873, 0.0095, 0.0098,  33.0122, 03 Oct 2018 08:25:07
  9.2947,  3.55120,   15.545, 0.0099, 0.0106,  33.0091, 03 Oct 2018 08:25:10
  9.2710,  3.54919,   15.563, 0.0107, 0.0100,  33.0102, 03 Oct 2018 08:25:12
  9.2658,  3.54919,   15.899, 0.0096, 0.0100,  33.0149, 03 Oct 2018 08:25:14
  9.2617,  3.54879,   15.964, 0.0106, 0.0100,  33.0145, 03 Oct 2018 08:25:17
  9.2597,  3.54864,   15.804, 0.0103, 0.0111,  33.0149, 03 Oct 2018 08:25:19
  9.2433,  3.54714,   15.759, 0.0100, 0.0101,  33.0146, 03 Oct 2018 08:25:22
  9.1696,  3.54208,   15.777, 0.0099, 0.0105,  33.0304, 03 Oct 2018 08:25:24
  9.1879,  3.54370,   15.680, 0.0104, 0.0098,  33.0302, 03 Oct 2018 08:25:26
  9.1823,  3.54293,   15.739, 0.0096, 0.0112,  33.0274, 03 Oct 2018 08:25:29
  9.1603,  3.54120,   15.812, 0.0098, 0.0106,  33.0299, 03 Oct 2018 08:26:05
  9.1266,  3.53870,   15.885, 0.0099, 0.0097,  33.0352, 03 Oct 2018 08:26:07
  9.1297,  3.53901,   16.002, 0.0097, 0.0098,  33.0354, 03 Oct 2018 08:26:10
  9.0583,  3.53293,   16.320, 0.0103, 0.0108,  33.0385, 03 Oct 2018 08:26:12
  9.0723,  3.53449,   16.508, 0.0118, 0.0097,  33.0416, 03 Oct 2018 08:26:15
  8.9583,  3.52502,   16.840, 0.0099, 0.0107,  33.0488, 03 Oct 2018 08:26:17
  8.8849,  3.51998,   17.357, 0.0100, 0.0109,  33.0644, 03 Oct 2018 08:26:19
  8.8712,  3.51918,   17.780, 0.0101, 0.0110,  33.0686, 03 Oct 2018 08:26:22
  8.8691,  3.51886,   18.172, 0.0100, 0.0105,  33.0671, 03 Oct 2018 08:26:24
  8.8572,  3.51783,   18.445, 0.0093, 0.0101,  33.0673, 03 Oct 2018 08:26:26
  8.8488,  3.51730,   18.775, 0.0099, 0.0099,  33.0694, 03 Oct 2018 08:26:29
  8.8402,  3.51681,   19.200, 0.0095, 0.0108,  33.0722, 03 Oct 2018 08:26:31
  8.8329,  3.51643,   19.505, 0.0096, 0.0098,  33.0748, 03 Oct 2018 08:26:34
  8.8214,  3.51556,   19.972, 0.0098, 0.0106,  33.0763, 03 Oct 2018 08:26:36
  8.8071,  3.51474,   20.511, 0.0097, 0.0099,  33.0808, 03 Oct 2018 08:26:38
  8.7931,  3.51389,   20.988, 0.0096, 0.0106,  33.0847, 03 Oct 2018 08:26:41
  8.7768,  3.51339,   21.248, 0.0102, 0.0099,  33.0946, 03 Oct 2018 08:26:43
  8.7613,  3.51275,   21.514, 0.0096, 0.0106,  33.1023, 03 Oct 2018 08:26:46
  8.7486,  3.51266,   21.934, 0.0094, 0.0105,  33.1131, 03 Oct 2018 08:26:48
  8.7432,  3.51481,   22.474, 0.0106, 0.0106,  33.1404, 03 Oct 2018 08:26:50
  8.7438,  3.51726,   22.980, 0.0095, 0.0097,  33.1653, 03 Oct 2018 08:26:53
  8.7448,  3.51793,   23.346, 0.0097, 0.0106,  33.1711, 03 Oct 2018 08:26:55
  8.7488,  3.52171,   23.688, 0.0097, 0.0104,  33.2068, 03 Oct 2018 08:26:57
  8.7573,  3.52675,   24.099, 0.0104, 0.0113,  33.2514, 03 Oct 2018 08:27:00
  8.7626,  3.52845,   24.451, 0.0111, 0.0105,  33.2642, 03 Oct 2018 08:27:02
  8.7678,  3.53036,   24.785, 0.0095, 0.0105,  33.2792, 03 Oct 2018 08:27:05
  8.7710,  3.53112,   25.246, 0.0102, 0.0104,  33.2838, 03 Oct 2018 08:27:07
  8.7736,  3.53199,   25.717, 0.0098, 0.0115,  33.2904, 03 Oct 2018 08:27:09
  8.7827,  3.53475,   26.191, 0.0107, 0.0105,  33.3105, 03 Oct 2018 08:27:12
  8.7854,  3.53500,   26.224, 0.0097, 0.0101,  33.3106, 03 Oct 2018 08:27:14
  8.7876,  3.53590,   25.610, 0.0093, 0.0105,  33.3182, 03 Oct 2018 08:27:42
  8.7824,  3.53313,   25.389, 0.0099, 0.0104,  33.2941, 03 Oct 2018 08:28:02
  8.7760,  3.53237,   25.481, 0.0098, 0.0109,  33.2922, 03 Oct 2018 08:28:05
  8.7744,  3.53221,   25.720, 0.0098, 0.0109,  33.2918, 03 Oct 2018 08:28:07
  8.7815,  3.53484,   26.204, 0.0104, 0.0102,  33.3125, 03 Oct 2018 08:28:09
  8.7859,  3.53584,   26.643, 0.0094, 0.0103,  33.3186, 03 Oct 2018 08:28:12
  8.7851,  3.53544,   27.012, 0.0098, 0.0098,  33.3151, 03 Oct 2018 08:28:14
  8.7894,  3.53694,   27.445, 0.0103, 0.0109,  33.3266, 03 Oct 2018 08:28:16
  8.7943,  3.53812,   27.891, 0.0100, 0.0104,  33.3341, 03 Oct 2018 08:28:19
  8.7941,  3.53794,   28.320, 0.0097, 0.0102,  33.3323, 03 Oct 2018 08:28:21
  8.7969,  3.53900,   28.755, 0.0098, 0.0100,  33.3405, 03 Oct 2018 08:28:24
  8.7988,  3.53959,   29.301, 0.0103, 0.0106,  33.3446, 03 Oct 2018 08:28:26
  8.8014,  3.54069,   29.911, 0.0099, 0.0095,  33.3533, 03 Oct 2018 08:28:28
  8.8020,  3.54078,   30.308, 0.0101, 0.0097,  33.3536, 03 Oct 2018 08:28:31
  8.8011,  3.54029,   30.610, 0.0104, 0.0101,  33.3491, 03 Oct 2018 08:28:33
  8.8068,  3.54344,   30.974, 0.0101, 0.0110,  33.3766, 03 Oct 2018 08:28:36
  8.8093,  3.54517,   31.462, 0.0110, 0.0111,  33.3922, 03 Oct 2018 08:28:38
  8.8096,  3.54625,   31.988, 0.0102, 0.0102,  33.4029, 03 Oct 2018 08:28:40
  8.8130,  3.54836,   32.569, 0.0099, 0.0098,  33.4215, 03 Oct 2018 08:28:43
  8.8121,  3.55131,   33.079, 0.0097, 0.0114,  33.4530, 03 Oct 2018 08:28:45
  8.8119,  3.54974,   33.362, 0.0104, 0.0101,  33.4366, 03 Oct 2018 08:28:47
  8.8121,  3.54973,   33.634, 0.0101, 0.0099,  33.4361, 03 Oct 2018 08:28:50
  8.8013,  3.55355,   34.079, 0.0094, 0.0111,  33.4862, 03 Oct 2018 08:28:52
  8.7964,  3.55454,   34.701, 0.0097, 0.0111,  33.5009, 03 Oct 2018 08:28:55
  8.7937,  3.55570,   35.319, 0.0096, 0.0100,  33.5154, 03 Oct 2018 08:28:57
  8.7936,  3.55560,   35.714, 0.0103, 0.0100,  33.5143, 03 Oct 2018 08:28:59
  8.7944,  3.55541,   35.989, 0.0096, 0.0102,  33.5113, 03 Oct 2018 08:29:02
  8.7911,  3.55627,   36.375, 0.0106, 0.0109,  33.5232, 03 Oct 2018 08:29:04
  8.7888,  3.55680,   36.877, 0.0107, 0.0097,  33.5309, 03 Oct 2018 08:29:07
  8.7885,  3.55735,   37.346, 0.0103, 0.0104,  33.5368, 03 Oct 2018 08:29:09
  8.7884,  3.55770,   37.734, 0.0102, 0.0101,  33.5403, 03 Oct 2018 08:29:11
  8.7888,  3.55769,   38.188, 0.0106, 0.0103,  33.5395, 03 Oct 2018 08:29:14
  8.7898,  3.55843,   38.752, 0.0096, 0.0102,  33.5461, 03 Oct 2018 08:29:16
  8.7915,  3.55891,   39.236, 0.0097, 0.0100,  33.5494, 03 Oct 2018 08:29:18
  8.7918,  3.55886,   39.572, 0.0098, 0.0096,  33.5483, 03 Oct 2018 08:29:21
  8.7917,  3.55832,   39.855, 0.0099, 0.0113,  33.5426, 03 Oct 2018 08:29:23
  8.7904,  3.55911,   40.261, 0.0100, 0.0099,  33.5519, 03 Oct 2018 08:29:26
  8.7858,  3.55951,   40.848, 0.0098, 0.0098,  33.5602, 03 Oct 2018 08:29:28
  8.7818,  3.56050,   41.432, 0.0115, 0.0108,  33.5742, 03 Oct 2018 08:29:31
  8.7842,  3.56147,   41.823, 0.0099, 0.0106,  33.5818, 03 Oct 2018 08:29:33
  8.7856,  3.56158,   42.187, 0.0104, 0.0114,  33.5814, 03 Oct 2018 08:29:35
  8.7862,  3.56177,   42.627, 0.0101, 0.0100,  33.5828, 03 Oct 2018 08:29:38
  8.7864,  3.56213,   43.005, 0.0100, 0.0102,  33.5861, 03 Oct 2018 08:29:40
  8.7868,  3.56173,   42.938, 0.0097, 0.0099,  33.5816, 03 Oct 2018 08:29:42
  8.7869,  3.56160,   42.925, 0.0103, 0.0102,  33.5801, 03 Oct 2018 08:29:45
  8.7871,  3.56172,   42.965, 0.0101, 0.0097,  33.5812, 03 Oct 2018 08:29:47
