
---  10-03-18 16:04:28 ---
  8.7548,  3.52045,   44.875, 0.0093, 0.0104,  33.1783, 03 Oct 2018 16:04:56
 12.1965,  3.78397,   15.793, 0.0103, 0.0102,  32.7209, 03 Oct 2018 16:09:19
 12.1839,  3.78249,   15.672, 0.0100, 0.0108,  32.7177, 03 Oct 2018 16:09:22
 12.1738,  3.78131,   15.763, 0.0102, 0.0107,  32.7152, 03 Oct 2018 16:09:24
 12.0738,  3.77294,   16.520, 0.0093, 0.0106,  32.7217, 03 Oct 2018 16:09:27
 11.9799,  3.76607,   17.243, 0.0099, 0.0102,  32.7374, 03 Oct 2018 16:09:29
 11.8448,  3.75582,   17.361, 0.0098, 0.0110,  32.7568, 03 Oct 2018 16:09:31
 11.8795,  3.75847,   17.376, 0.0098, 0.0098,  32.7519, 03 Oct 2018 16:09:34
 11.8155,  3.75370,   17.902, 0.0103, 0.0106,  32.7618, 03 Oct 2018 16:09:36
 11.7940,  3.75296,   18.727, 0.0104, 0.0103,  32.7732, 03 Oct 2018 16:09:38
 11.7246,  3.74881,   19.185, 0.0109, 0.0114,  32.7938, 03 Oct 2018 16:09:41
 11.7397,  3.74944,   19.242, 0.0093, 0.0099,  32.7866, 03 Oct 2018 16:09:43
 11.6269,  3.73946,   19.643, 0.0095, 0.0104,  32.7889, 03 Oct 2018 16:09:46
 11.3747,  3.72209,   20.370, 0.0101, 0.0098,  32.8422, 03 Oct 2018 16:09:48
 11.1307,  3.70112,   20.825, 0.0097, 0.0107,  32.8530, 03 Oct 2018 16:09:51
 11.2358,  3.71111,   21.118, 0.0092, 0.0102,  32.8576, 03 Oct 2018 16:09:53
 10.7762,  3.67111,   21.502, 0.0101, 0.0106,  32.8726, 03 Oct 2018 16:09:55
 10.5042,  3.64827,   21.871, 0.0093, 0.0102,  32.8894, 03 Oct 2018 16:09:58
  9.9998,  3.60051,   22.360, 0.0099, 0.0111,  32.8644, 03 Oct 2018 16:10:00
  9.5891,  3.57041,   22.864, 0.0098, 0.0104,  32.9324, 03 Oct 2018 16:10:02
  9.4221,  3.55887,   23.408, 0.0100, 0.0104,  32.9671, 03 Oct 2018 16:10:05
  9.4121,  3.56154,   23.969, 0.0096, 0.0095,  33.0036, 03 Oct 2018 16:10:07
  9.4109,  3.56168,   24.286, 0.0098, 0.0117,  33.0060, 03 Oct 2018 16:10:10
  9.4483,  3.56208,   24.574, 0.0096, 0.0101,  32.9755, 03 Oct 2018 16:10:12
  9.4037,  3.56086,   25.026, 0.0094, 0.0104,  33.0039, 03 Oct 2018 16:10:14
  9.4102,  3.56086,   25.528, 0.0103, 0.0102,  32.9976, 03 Oct 2018 16:10:17
  9.4023,  3.56063,   26.055, 0.0101, 0.0111,  33.0023, 03 Oct 2018 16:10:19
  9.4072,  3.56133,   26.173, 0.0099, 0.0110,  33.0050, 03 Oct 2018 16:10:21
  9.4226,  3.56162,   26.129, 0.0097, 0.0107,  32.9937, 03 Oct 2018 16:10:24
  9.4474,  3.56176,   25.861, 0.0096, 0.0111,  32.9725, 03 Oct 2018 16:10:50
  9.4010,  3.55652,   26.189, 0.0095, 0.0098,  32.9611, 03 Oct 2018 16:11:10
  9.3956,  3.55664,   26.026, 0.0100, 0.0096,  32.9674, 03 Oct 2018 16:11:13
  9.4130,  3.55758,   25.771, 0.0094, 0.0105,  32.9612, 03 Oct 2018 16:11:15
  9.3879,  3.55540,   26.228, 0.0093, 0.0099,  32.9616, 03 Oct 2018 16:11:18
  9.3851,  3.55599,   26.869, 0.0099, 0.0100,  32.9700, 03 Oct 2018 16:11:20
  9.3860,  3.55690,   27.445, 0.0094, 0.0097,  32.9783, 03 Oct 2018 16:11:22
  9.3861,  3.55701,   27.852, 0.0094, 0.0110,  32.9792, 03 Oct 2018 16:11:25
  9.3852,  3.55679,   28.270, 0.0094, 0.0099,  32.9776, 03 Oct 2018 16:11:27
  9.3750,  3.55694,   28.745, 0.0094, 0.0108,  32.9883, 03 Oct 2018 16:11:29
  9.3704,  3.55718,   29.115, 0.0100, 0.0099,  32.9949, 03 Oct 2018 16:11:32
  9.3654,  3.55695,   29.517, 0.0097, 0.0109,  32.9969, 03 Oct 2018 16:11:34
  9.3535,  3.55613,   30.047, 0.0097, 0.0102,  32.9992, 03 Oct 2018 16:11:36
  9.3465,  3.55577,   30.442, 0.0097, 0.0104,  33.0018, 03 Oct 2018 16:11:39
  9.3371,  3.55503,   30.940, 0.0103, 0.0105,  33.0026, 03 Oct 2018 16:11:41
  9.3165,  3.55368,   31.558, 0.0107, 0.0106,  33.0074, 03 Oct 2018 16:11:43
  9.2900,  3.55177,   31.928, 0.0096, 0.0102,  33.0120, 03 Oct 2018 16:11:46
  9.2658,  3.55043,   32.169, 0.0097, 0.0102,  33.0204, 03 Oct 2018 16:11:48
  9.2299,  3.54748,   32.660, 0.0092, 0.0101,  33.0229, 03 Oct 2018 16:11:50
  9.0735,  3.53518,   33.296, 0.0102, 0.0107,  33.0400, 03 Oct 2018 16:11:53
  8.9325,  3.52499,   33.638, 0.0102, 0.0104,  33.0649, 03 Oct 2018 16:11:55
  8.9023,  3.52323,   33.856, 0.0097, 0.0107,  33.0746, 03 Oct 2018 16:11:58
  8.8927,  3.52167,   34.425, 0.0098, 0.0106,  33.0670, 03 Oct 2018 16:12:00
  8.8803,  3.52080,   35.130, 0.0098, 0.0106,  33.0692, 03 Oct 2018 16:12:02
  8.8706,  3.51999,   35.559, 0.0095, 0.0107,  33.0695, 03 Oct 2018 16:12:05
  8.8765,  3.51967,   35.885, 0.0098, 0.0102,  33.0605, 03 Oct 2018 16:12:07
  8.8662,  3.51921,   36.345, 0.0097, 0.0100,  33.0651, 03 Oct 2018 16:12:09
  8.8660,  3.51916,   36.797, 0.0099, 0.0110,  33.0645, 03 Oct 2018 16:12:12
  8.8591,  3.51872,   37.177, 0.0099, 0.0099,  33.0662, 03 Oct 2018 16:12:14
  8.8528,  3.51835,   37.580, 0.0100, 0.0105,  33.0681, 03 Oct 2018 16:12:17
  8.8249,  3.51726,   38.193, 0.0097, 0.0106,  33.0825, 03 Oct 2018 16:12:19
  8.7839,  3.51652,   38.791, 0.0099, 0.0103,  33.1127, 03 Oct 2018 16:12:21
  8.7607,  3.51834,   39.119, 0.0095, 0.0102,  33.1533, 03 Oct 2018 16:12:24
  8.7579,  3.52007,   39.393, 0.0098, 0.0105,  33.1739, 03 Oct 2018 16:12:26
  8.7595,  3.52143,   39.812, 0.0108, 0.0111,  33.1865, 03 Oct 2018 16:12:29
  8.7607,  3.52230,   40.257, 0.0101, 0.0104,  33.1943, 03 Oct 2018 16:12:31
  8.7615,  3.52297,   40.669, 0.0101, 0.0101,  33.2004, 03 Oct 2018 16:12:33
  8.7621,  3.52389,   41.182, 0.0100, 0.0108,  33.2092, 03 Oct 2018 16:12:36
  8.7678,  3.52570,   41.793, 0.0099, 0.0100,  33.2225, 03 Oct 2018 16:12:38
  8.7694,  3.52634,   42.234, 0.0103, 0.0107,  33.2275, 03 Oct 2018 16:12:40
  8.7741,  3.52730,   42.490, 0.0099, 0.0104,  33.2330, 03 Oct 2018 16:12:43
  8.7797,  3.53019,   42.823, 0.0097, 0.0098,  33.2579, 03 Oct 2018 16:12:45
  8.7887,  3.53387,   43.354, 0.0100, 0.0106,  33.2877, 03 Oct 2018 16:12:47
  8.7902,  3.53502,   43.871, 0.0101, 0.0104,  33.2981, 03 Oct 2018 16:12:50
  8.7924,  3.53605,   44.300, 0.0096, 0.0105,  33.3066, 03 Oct 2018 16:12:52
  8.7942,  3.53705,   44.754, 0.0105, 0.0104,  33.3152, 03 Oct 2018 16:12:54
  8.7982,  3.53853,   44.813, 0.0104, 0.0106,  33.3269, 03 Oct 2018 16:12:57
  8.7992,  3.53837,   44.778, 0.0104, 0.0104,  33.3243, 03 Oct 2018 16:12:59
  8.8000,  3.53840,   44.664, 0.0098, 0.0104,  33.3240, 03 Oct 2018 16:13:01
