(Sep 11 2008 19:20:10,    3938 sec) LogOpen()            Enabling logging functions.
(Sep 11 2008 19:20:10,    3938 sec) TelemetryInit()      Profile 0. (Apf9i FwRev: 091208)
(Sep 11 2008 19:20:26,    3954 sec) AirSystem()          Battery [123cnt, 9.5V]  Current [65cnt, 26.2mA]  Barometer [130cnt, 7.7"Hg]  Run-Time [6s]
(Sep 11 2008 19:20:29,    3957 sec) chat()               Sent: AT\r
(Sep 11 2008 19:20:30,    3957 sec) chat()               Received: AT\r\r\nOK
(Sep 11 2008 19:20:30,    3958 sec) chat()               Expected response [OK] received.
(Sep 11 2008 19:20:30,    3958 sec) chat()               Sent: AT I4\r
(Sep 11 2008 19:20:30,    3958 sec) chat()               Received: AT I4\r\r\nUSRobotics Courier V.Everything Settings...\r\n\r\n   B0  C1  E1  F1  L2  M1  Q0  V1  X4\r\n   BAUD=19200  PARITY=N  WORDLEN=8\r\n   DIAL=HUNT   ON HOOK   TIMER\r\n\r\n   &A1  &B0  &C1  &D2  &G0  &H0  &I0  &K0  &L0  &M4  &N0\r\n   &P1  &R1  &S1  &T5  &U0  &X0  &Y1  %N6  #CID=0  \r\n\r\n   S00=000  S01=000  S02=043  S03=013  S04=010  S05=008  S06=002  S07=045  \r\n   S08=002  S09=006  S10=100  S11=070  S12=050  S13=000  S14=000  S15=000  \r\n   S16=000  S17=000  S18=000  S19=000  S20=000  S21=010  S22=017  S23=019  \r\n   S24=150  S25=005  S26=001  S27=000  S28=008  S29=020  S30=000  S31=000  \r\n   S32=009  S33=000  S34=000  S35=000  S36=000  S37=000  S38=000  S39=000  \r\n   S40=000  S41=000  S42=126  S43=200  S44=015  S45=000  S46=000  S47=000  \r\n   S48=000  S49=000  S50=000  S51=000  S52=000  S53=000  S54=064  S55=000  \r\n   S56=000  S57=000  S58=000  S59=001  S60=000  S61=010  S62=000  S63=000  \r\n   S64=000  S65=000  S66=000  S67=000  S68=000  S69=000  S70=000  S71=056  \r\n   S72=125  S73=121  \r\n\r\n   LAST DIALED #: T0012066859312                       \r\n\r\nOK\r\n
(Sep 11 2008 19:20:40,    3967 sec) chat()               Expected string [IRIDIUM] not received.
(Sep 11 2008 19:20:40,    3968 sec) IrModemRegister()    Modem is not an Iridium LBT.
(Sep 11 2008 19:20:47,    3975 sec) GpsServices()        GPS almanac is current.
(Sep 11 2008 19:20:47,    3975 sec) GpsServices()        Initiating GPS fix acquisition.
(Sep 11 2008 19:20:57,    3985 sec) GetGpsFix()          Received: $GPRMC,213412,V,4136.5861,N,07036.5571,W,,,110908,015.6,W*6B
(Sep 11 2008 19:20:57,    3985 sec) sbrk()               Heap: [base: 0x655c, top: 0x67d0, high: 0xffff]
(Sep 11 2008 19:20:58,    3986 sec) sbrk()               Heap: [base: 0x655c, top: 0x6924, high: 0xffff]
(Sep 11 2008 19:20:58,    3986 sec) sbrk()               Heap: [base: 0x655c, top: 0x6b80, high: 0xffff]
(Sep 11 2008 19:21:00,    3988 sec) sbrk()               Heap: [base: 0x655c, top: 0x70d0, high: 0xffff]
(Sep 11 2008 19:21:00,    3988 sec) sbrk()               Heap: [base: 0x655c, top: 0x7620, high: 0xffff]
(Sep 11 2008 19:21:03,    3991 sec) GetGpsFix()          Received: $GPGGA,213412,4136.5861,N,07036.5571,W,0,00,,,M,,M,,*46
(Sep 11 2008 19:21:05,    3993 sec) gga()                $GPGGA,213412,4136.5861,N,07036.5571,W,0,00,,,M,,M,,*46
(Sep 11 2008 19:21:06,    3994 sec) GetGpsFix()          Received: $GPGSA,A,1,,,,,,,,,,,,,,,*1E
(Sep 11 2008 19:21:06,    3994 sec) GetGpsFix()          Received: $GPGSV,3,1,11,07,18,183,00,08,45,214,00,11,67,075,00,17,31,269,00*7B
(Sep 11 2008 19:21:07,    3995 sec) GetGpsFix()          Received: $PGRME,,M,,M,,M*00
(Sep 11 2008 19:21:07,    3995 sec) GetGpsFix()          Received: $PGRMT,GPS 15-L Ver. 3.30,P,P,R,R,P,,,R,P*7E
(Sep 11 2008 19:21:07,    3995 sec) GetGpsFix()          Received: $PGRMB,0.0,200,,,,K,,N,N*31
(Sep 11 2008 19:21:08,    3996 sec) GetGpsFix()          Received: $PGRMM,WGS 84*06
(Sep 11 2008 19:21:08,    3996 sec) GetGpsFix()          Received: $GPRMC,213422,V,4136.5861,N,07036.5571,W,,,110908,015.6,W*68
(Sep 11 2008 19:21:13,    4001 sec) GetGpsFix()          Received: $GPGGA,213422,4136.5861,N,07036.5571,W,0,00,,,M,,M,,*45
(Sep 11 2008 19:21:15,    4003 sec) gga()                $GPGGA,213422,4136.5861,N,07036.5571,W,0,00,,,M,,M,,*45
(Sep 11 2008 19:21:15,    4003 sec) GetGpsFix()          Received: $GPGSA,A,1,,,,,,,,,,,,,,,*1E
(Sep 11 2008 19:21:16,    4004 sec) GetGpsFix()          Received: $GPGSV,3,2,11,19,14,068,00,20,19,125,00,25,02,175,00,26,02,284,00*79
(Sep 11 2008 19:21:16,    4004 sec) GetGpsFix()          Received: $PGRME,,M,,M,,M*00
(Sep 11 2008 19:21:17,    4005 sec) GetGpsFix()          Received: $PGRMB,0.0,200,,,,K,,N,N*31
(Sep 11 2008 19:21:17,    4005 sec) GetGpsFix()          Received: $PGRMM,WGS 84*06
(Sep 11 2008 19:21:17,    4005 sec) GetGpsFix()          Received: $GPRMC,213432,V,4136.5861,N,07036.5571,W,,,110908,015.6,W*69
(Sep 11 2008 19:21:22,    4010 sec) GetGpsFix()          Received: $GPGGA,213432,4136.5861,N,07036.5571,W,0,00,,,M,,M,,*44
(Sep 11 2008 19:21:24,    4012 sec) gga()                $GPGGA,213432,4136.5861,N,07036.5571,W,0,00,,,M,,M,,*44
(Sep 11 2008 19:21:25,    4013 sec) GetGpsFix()          Received: $GPGSA,A,1,,,,,,,,,,,,,,,*1E
(Sep 11 2008 19:21:25,    4013 sec) GetGpsFix()          Received: $GPGSV,3,3,11,27,25,195,00,28,62,315,00,32,18,105,00*43
(Sep 11 2008 19:21:26,    4014 sec) GetGpsFix()          Received: $PGRME,,M,,M,,M*00
(Sep 11 2008 19:21:26,    4014 sec) GetGpsFix()          Received: $PGRMB,0.0,200,,,,K,,N,N*31
(Sep 11 2008 19:21:26,    4014 sec) GetGpsFix()          Received: $PGRMM,WGS 84*06
(Sep 11 2008 19:21:27,    4015 sec) GetGpsFix()          Received: $GPRMC,213442,V,4136.5861,N,07036.5571,W,,,110908,015.6,W*6E
(Sep 11 2008 19:21:32,    4020 sec) GetGpsFix()          Received: $GPGGA,213442,4136.5861,N,07036.5571,W,0,00,,,M,,M,,*43
(Sep 11 2008 19:21:34,    4022 sec) gga()                $GPGGA,213442,4136.5861,N,07036.5571,W,0,00,,,M,,M,,*43
(Sep 11 2008 19:21:34,    4022 sec) GetGpsFix()          Received: $GPGSA,A,1,,,,,,,,,,,,,,,*1E
(Sep 11 2008 19:21:34,    4022 sec) GetGpsFix()          Received: $GPGSV,3,1,11,07,18,183,00,08,45,214,00,11,67,075,00,17,31,269,00*7B
(Sep 11 2008 19:21:35,    4023 sec) GetGpsFix()          Received: $PGRME,,M,,M,,M*00
(Sep 11 2008 19:21:35,    4023 sec) GetGpsFix()          Received: $PGRMB,0.0,200,,,,K,,N,N*31
(Sep 11 2008 19:21:36,    4024 sec) GetGpsFix()          Received: $PGRMM,WGS 84*06
(Sep 11 2008 19:21:37,    4025 sec) GetGpsFix()          Received: $GPRMC,213452,V,4136.5861,N,07036.5571,W,,,110908,015.6,W*6F
(Sep 11 2008 19:21:42,    4030 sec) GetGpsFix()          Received: $GPGGA,213452,4136.5861,N,07036.5571,W,0,00,,,M,,M,,*42
(Sep 11 2008 19:21:44,    4032 sec) gga()                $GPGGA,213452,4136.5861,N,07036.5571,W,0,00,,,M,,M,,*42
(Sep 11 2008 19:21:44,    4032 sec) GetGpsFix()          Received: $GPGSA,A,1,,,,,,,,,,,,,,,*1E
(Sep 11 2008 19:21:44,    4032 sec) GetGpsFix()          Received: $GPGSV,3,2,11,19,14,068,00,20,19,125,00,25,02,175,00,26,02,284,00*79
(Sep 11 2008 19:21:45,    4033 sec) GetGpsFix()          Received: $PGRME,,M,,M,,M*00
(Sep 11 2008 19:21:45,    4033 sec) GetGpsFix()          Received: $PGRMB,0.0,200,,,,K,,N,N*31
(Sep 11 2008 19:21:46,    4034 sec) GetGpsFix()          Received: $PGRMM,WGS 84*06
(Sep 11 2008 19:21:47,    4035 sec) GetGpsFix()          Received: $GPRMC,213502,V,4136.5861,N,07036.5571,W,,,110908,015.6,W*6B
(Sep 11 2008 19:21:52,    4040 sec) GetGpsFix()          Received: $GPGGA,213502,4136.5861,N,07036.5571,W,0,00,,,M,,M,,*46
(Sep 11 2008 19:21:54,    4042 sec) gga()                $GPGGA,213502,4136.5861,N,07036.5571,W,0,00,,,M,,M,,*46
(Sep 11 2008 19:21:54,    4042 sec) GetGpsFix()          Received: $GPGSA,A,1,,,,,,,,,,,,,,,*1E
(Sep 11 2008 19:21:54,    4042 sec) GetGpsFix()          Received: $GPGSV,3,3,11,27,25,195,00,28,62,315,00,32,18,105,00*43
(Sep 11 2008 19:21:55,    4043 sec) GetGpsFix()          Received: $PGRME,,M,,M,,M*00
(Sep 11 2008 19:21:55,    4043 sec) GetGpsFix()          Received: $PGRMB,0.0,200,,,,K,,N,N*31
(Sep 11 2008 19:21:56,    4044 sec) GetGpsFix()          Received: $PGRMM,WGS 84*06
(Sep 11 2008 19:21:57,    4045 sec) GetGpsFix()          Received: $GPRMC,213512,V,4136.5861,N,07036.5571,W,,,110908,015.6,W*6A
(Sep 11 2008 19:22:02,    4050 sec) GetGpsFix()          Received: $GPGGA,213512,4136.5861,N,07036.5571,W,0,00,,,M,,M,,*47
(Sep 11 2008 19:22:04,    4052 sec) gga()                $GPGGA,213512,4136.5861,N,07036.5571,W,0,00,,,M,,M,,*47
(Sep 11 2008 19:22:04,    4052 sec) GetGpsFix()          Received: $GPGSA,A,1,,,,,,,,,,,,,,,*1E
(Sep 11 2008 19:22:04,    4052 sec) GetGpsFix()          Received: $GPGSV,3,1,11,07,18,183,00,08,45,214,00,11,67,075,00,17,32,269,00*78
(Sep 11 2008 19:22:05,    4053 sec) GetGpsFix()          Received: $PGRME,,M,,M,,M*00
(Sep 11 2008 19:22:05,    4053 sec) GetGpsFix()          Received: $PGRMT,GPS 15-L Ver. 3.30,P,P,R,R,P,,,R,P*7E
(Sep 11 2008 19:22:06,    4054 sec) GetGpsFix()          Received: $PGRMB,0.0,200,,,,K,,N,N*31
(Sep 11 2008 19:22:06,    4054 sec) GetGpsFix()          Received: $PGRMM,WGS 84*06
(Sep 11 2008 19:22:07,    4055 sec) GetGpsFix()          Received: $GPRMC,213522,V,4136.5861,N,07036.5571,W,,,110908,015.6,W*69
(Sep 11 2008 19:22:12,    4060 sec) GetGpsFix()          Received: $GPGGA,213522,4136.5861,N,07036.5571,W,0,00,,,M,,M,,*44
(Sep 11 2008 19:22:14,    4062 sec) gga()                $GPGGA,213522,4136.5861,N,07036.5571,W,0,00,,,M,,M,,*44
(Sep 11 2008 19:22:14,    4062 sec) GetGpsFix()          Received: $GPGSA,A,1,,,,,,,,,,,,,,,*1E
(Sep 11 2008 19:22:14,    4062 sec) GetGpsFix()          Received: $GPGSV,3,2,11,19,14,068,00,20,20,124,00,25,02,175,00,26,02,284,00*72
(Sep 11 2008 19:22:15,    4063 sec) GetGpsFix()          Received: $PGRME,,M,,M,,M*00
(Sep 11 2008 19:22:15,    4063 sec) GetGpsFix()          Received: $PGRMB,0.0,200,,,,K,,N,N*31
(Sep 11 2008 19:22:16,    4064 sec) GetGpsFix()          Received: $PGRMM,WGS 84*06
(Sep 11 2008 19:22:17,    4065 sec) GetGpsFix()          Received: $GPRMC,213532,V,4136.5861,N,07036.5571,W,,,110908,015.6,W*68
(Sep 11 2008 19:22:22,    4070 sec) GetGpsFix()          Received: $GPGGA,213532,4136.5861,N,07036.5571,W,0,00,,,M,,M,,*45
(Sep 11 2008 19:22:24,    4072 sec) gga()                $GPGGA,213532,4136.5861,N,07036.5571,W,0,00,,,M,,M,,*45
(Sep 11 2008 19:22:24,    4072 sec) GetGpsFix()          Received: $GPGSA,A,1,,,,,,,,,,,,,,,*1E
(Sep 11 2008 19:22:24,    4072 sec) GetGpsFix()          Received: $GPGSV,3,3,11,27,25,195,00,28,62,315,00,32,18,105,00*43
(Sep 11 2008 19:22:25,    4073 sec) GetGpsFix()          Received: $PGRME,,M,,M,,M*00
(Sep 11 2008 19:22:25,    4073 sec) GetGpsFix()          Received: $PGRMB,0.0,200,,,,K,,N,N*31
(Sep 11 2008 19:22:26,    4074 sec) GetGpsFix()          Received: $PGRMM,WGS 84*06
(Sep 11 2008 19:22:27,    4075 sec) GetGpsFix()          Received: $GPRMC,213542,V,4136.5861,N,07036.5571,W,,,110908,015.6,W*6F
(Sep 11 2008 19:22:32,    4080 sec) GetGpsFix()          Received: $GPGGA,213542,4136.5861,N,07036.5571,W,0,00,,,M,,M,,*42
(Sep 11 2008 19:22:34,    4082 sec) gga()                $GPGGA,213542,4136.5861,N,07036.5571,W,0,00,,,M,,M,,*42
(Sep 11 2008 19:22:34,    4082 sec) GetGpsFix()          Received: $GPGSA,A,1,,,,,,,,,,,,,,,*1E
(Sep 11 2008 19:22:34,    4082 sec) GetGpsFix()          Received: $GPGSV,3,1,11,07,18,183,00,08,45,214,00,11,67,075,00,17,32,269,00*78
(Sep 11 2008 19:22:35,    4083 sec) GetGpsFix()          Received: $PGRME,,M,,M,,M*00
(Sep 11 2008 19:22:35,    4083 sec) GetGpsFix()          Received: $PGRMB,0.0,200,,,,K,,N,N*31
(Sep 11 2008 19:22:36,    4084 sec) GetGpsFix()          Received: $PGRMM,WGS 84*06
(Sep 11 2008 19:22:37,    4085 sec) GetGpsFix()          Received: $GPRMC,213552,V,4136.5861,N,07036.5571,W,,,110908,015.6,W*6E
(Sep 11 2008 19:22:42,    4090 sec) GetGpsFix()          Received: $GPGGA,213552,4136.5861,N,07036.5571,W,0,00,,,M,,M,,*43
(Sep 11 2008 19:22:44,    4092 sec) gga()                $GPGGA,213552,4136.5861,N,07036.5571,W,0,00,,,M,,M,,*43
(Sep 11 2008 19:22:44,    4092 sec) GetGpsFix()          Received: $GPGSA,A,1,,,,,,,,,,,,,,,*1E
(Sep 11 2008 19:22:44,    4092 sec) GetGpsFix()          Received: $GPGSV,3,2,11,19,14,068,00,20,20,124,00,25,02,175,00,26,02,284,00*72
(Sep 11 2008 19:22:45,    4093 sec) GetGpsFix()          Received: $PGRME,,M,,M,,M*00
(Sep 11 2008 19:22:45,    4093 sec) GetGpsFix()          Received: $PGRMB,0.0,200,,,,K,,N,N*31
(Sep 11 2008 19:22:46,    4094 sec) GetGpsFix()          Received: $PGRMM,WGS 84*06
(Sep 11 2008 19:22:47,    4095 sec) GetGpsFix()          Received: $GPRMC,213602,V,4136.5861,N,07036.5571,W,,,110908,015.6,W*68
(Sep 11 2008 19:22:57,    4105 sec) GetGpsFix()          Received: $GPRMC,213612,V,4136.5861,N,07036.5571,W,,,110908,015.6,W*69
(Sep 11 2008 19:23:02,    4110 sec) GetGpsFix()          Received: $GPGGA,213612,4136.5861,N,07036.5571,W,0,00,,,M,,M,,*44
(Sep 11 2008 19:23:04,    4112 sec) gga()                $GPGGA,213612,4136.5861,N,07036.5571,W,0,00,,,M,,M,,*44
(Sep 11 2008 19:23:04,    4112 sec) GetGpsFix()          Received: $GPGSA,A,1,,,,,,,,,,,,,,,*1E
(Sep 11 2008 19:23:04,    4112 sec) GetGpsFix()          Received: $GPGSV,3,1,11,07,18,183,00,08,45,214,00,11,67,075,00,17,32,269,00*78
(Sep 11 2008 19:23:05,    4113 sec) GetGpsFix()          Received: $PGRME,,M,,M,,M*00
(Sep 11 2008 19:23:05,    4113 sec) GetGpsFix()          Received: $PGRMT,GPS 15-L Ver. 3.30,P,P,R,R,P,,,R,P*7E
(Sep 11 2008 19:23:06,    4114 sec) GetGpsFix()          Received: $PGRMB,0.0,200,,,,K,,N,N*31
(Sep 11 2008 19:23:06,    4114 sec) GetGpsFix()          Received: $PGRMM,WGS 84*06
(Sep 11 2008 19:23:07,    4115 sec) GetGpsFix()          Received: $GPRMC,213622,V,4136.5861,N,07036.5571,W,,,110908,015.6,W*6A
(Sep 11 2008 19:23:12,    4120 sec) GetGpsFix()          Received: $GPGGA,213622,4136.5861,N,07036.5571,W,0,00,,,M,,M,,*47
(Sep 11 2008 19:23:14,    4122 sec) gga()                $GPGGA,213622,4136.5861,N,07036.5571,W,0,00,,,M,,M,,*47
(Sep 11 2008 19:23:14,    4122 sec) GetGpsFix()          Received: $GPGSA,A,1,,,,,,,,,,,,,,,*1E
(Sep 11 2008 19:23:14,    4122 sec) GetGpsFix()          Received: $GPGSV,3,2,11,17,32,269,00,19,14,068,00,20,20,124,00,25,02,175,00*70
(Sep 11 2008 19:23:15,    4123 sec) GetGpsFix()          Received: $PGRME,,M,,M,,M*00
(Sep 11 2008 19:23:15,    4123 sec) GetGpsFix()          Received: $PGRMB,0.0,200,,,,K,,N,N*31
(Sep 11 2008 19:23:16,    4124 sec) GetGpsFix()          Received: $PGRMM,WGS 84*06
(Sep 11 2008 19:23:17,    4125 sec) GetGpsFix()          Received: $GPRMC,213632,V,4136.5861,N,07036.5571,W,,,110908,015.6,W*6B
(Sep 11 2008 19:23:22,    4130 sec) GetGpsFix()          Received: $GPGGA,213632,4136.5861,N,07036.5571,W,0,00,,,M,,M,,*46
(Sep 11 2008 19:23:24,    4132 sec) gga()                $GPGGA,213632,4136.5861,N,07036.5571,W,0,00,,,M,,M,,*46
(Sep 11 2008 19:23:24,    4132 sec) GetGpsFix()          Received: $GPGSA,A,1,,,,,,,,,,,,,,,*1E
(Sep 11 2008 19:23:24,    4132 sec) GetGpsFix()          Received: $GPGSV,3,3,11,26,02,284,00,27,24,194,00,28,62,315,00*47
(Sep 11 2008 19:23:25,    4133 sec) GetGpsFix()          Received: $PGRME,,M,,M,,M*00
(Sep 11 2008 19:23:25,    4133 sec) GetGpsFix()          Received: $PGRMB,0.0,200,,,,K,,N,N*31
(Sep 11 2008 19:23:26,    4134 sec) GetGpsFix()          Received: $PGRMM,WGS 84*06
(Sep 11 2008 19:23:27,    4135 sec) GetGpsFix()          Received: $GPRMC,213642,V,4136.5861,N,07036.5571,W,,,110908,015.6,W*6C
(Sep 11 2008 19:23:32,    4140 sec) GetGpsFix()          Received: $GPGGA,213642,4136.5861,N,07036.5571,W,0,00,,,M,,M,,*41
(Sep 11 2008 19:23:34,    4142 sec) gga()                $GPGGA,213642,4136.5861,N,07036.5571,W,0,00,,,M,,M,,*41
(Sep 11 2008 19:23:34,    4142 sec) GetGpsFix()          Received: $GPGSA,A,1,,,,,,,,,,,,,,,*1E
(Sep 11 2008 19:23:34,    4142 sec) GetGpsFix()          Received: $GPGSV,3,1,11,02,00,222,00,07,17,183,00,08,44,213,00,11,67,075,00*7B
(Sep 11 2008 19:23:35,    4143 sec) GetGpsFix()          Received: $PGRME,,M,,M,,M*00
(Sep 11 2008 19:23:35,    4143 sec) GetGpsFix()          Received: $PGRMB,0.0,200,,,,K,,N,N*31
(Sep 11 2008 19:23:36,    4144 sec) GetGpsFix()          Received: $PGRMM,WGS 84*06
(Sep 11 2008 19:23:37,    4145 sec) GetGpsFix()          Received: $GPRMC,213652,V,4136.5861,N,07036.5571,W,,,110908,015.6,W*6D
(Sep 11 2008 19:23:42,    4150 sec) GetGpsFix()          Received: $GPGGA,213652,4136.5861,N,07036.5571,W,0,00,,,M,,M,,*40
(Sep 11 2008 19:23:44,    4152 sec) gga()                $GPGGA,213652,4136.5861,N,07036.5571,W,0,00,,,M,,M,,*40
(Sep 11 2008 19:23:44,    4152 sec) GetGpsFix()          Received: $GPGSA,A,1,,,,,,,,,,,,,,,*1E
(Sep 11 2008 19:23:44,    4152 sec) GetGpsFix()          Received: $GPGSV,3,2,11,17,32,269,00,19,14,068,00,20,20,124,00,25,02,175,00*70
(Sep 11 2008 19:23:45,    4153 sec) GetGpsFix()          Received: $PGRME,,M,,M,,M*00
(Sep 11 2008 19:23:45,    4153 sec) GetGpsFix()          Received: $PGRMB,0.0,200,,,,K,,N,N*31
(Sep 11 2008 19:23:46,    4154 sec) GetGpsFix()          Received: $PGRMM,WGS 84*06
(Sep 11 2008 19:23:47,    4155 sec) GetGpsFix()          Received: $GPRMC,213702,V,4136.5861,N,07036.5571,W,,,110908,015.6,W*69
(Sep 11 2008 19:23:52,    4160 sec) GetGpsFix()          Received: $GPGGA,213702,4136.5861,N,07036.5571,W,0,00,,,M,,M,,*44
(Sep 11 2008 19:23:54,    4162 sec) gga()                $GPGGA,213702,4136.5861,N,07036.5571,W,0,00,,,M,,M,,*44
(Sep 11 2008 19:23:54,    4162 sec) GetGpsFix()          Received: $GPGSA,A,1,,,,,,,,,,,,,,,*1E
(Sep 11 2008 19:23:54,    4162 sec) GetGpsFix()          Received: $GPGSV,3,3,11,26,02,284,00,27,24,194,00,28,62,315,00*47
(Sep 11 2008 19:23:55,    4163 sec) GetGpsFix()          Received: $PGRME,,M,,M,,M*00
(Sep 11 2008 19:23:55,    4163 sec) GetGpsFix()          Received: $PGRMB,0.0,200,,,,K,,N,N*31
(Sep 11 2008 19:23:56,    4164 sec) GetGpsFix()          Received: $PGRMM,WGS 84*06
(Sep 11 2008 19:23:57,    4165 sec) GetGpsFix()          Received: $GPRMC,213712,V,4136.5861,N,07036.5571,W,,,110908,015.6,W*68
(Sep 11 2008 19:24:02,    4170 sec) GetGpsFix()          Received: $GPGGA,213712,4136.5861,N,07036.5571,W,0,00,,,M,,M,,*45
(Sep 11 2008 19:24:04,    4172 sec) gga()                $GPGGA,213712,4136.5861,N,07036.5571,W,0,00,,,M,,M,,*45
(Sep 11 2008 19:24:04,    4172 sec) GetGpsFix()          Received: $GPGSA,A,1,,,,,,,,,,,,,,,*1E
(Sep 11 2008 19:24:04,    4172 sec) GetGpsFix()          Received: $GPGSV,3,1,11,02,00,222,00,07,17,183,00,08,44,213,00,11,66,073,00*7C
(Sep 11 2008 19:24:05,    4173 sec) GetGpsFix()          Received: $PGRME,,M,,M,,M*00
(Sep 11 2008 19:24:05,    4173 sec) GetGpsFix()          Received: $PGRMT,GPS 15-L Ver. 3.30,P,P,R,R,P,,,R,P*7E
(Sep 11 2008 19:24:06,    4174 sec) GetGpsFix()          Received: $PGRMB,0.0,200,,,,K,,N,N*31
(Sep 11 2008 19:24:06,    4174 sec) GetGpsFix()          Received: $PGRMM,WGS 84*06
(Sep 11 2008 19:24:07,    4175 sec) GetGpsFix()          Received: $GPRMC,213722,V,4136.5861,N,07036.5571,W,,,110908,015.6,W*6B
(Sep 11 2008 19:24:12,    4180 sec) GetGpsFix()          Received: $GPGGA,213722,4136.5861,N,07036.5571,W,0,00,,,M,,M,,*46
(Sep 11 2008 19:24:14,    4182 sec) gga()                $GPGGA,213722,4136.5861,N,07036.5571,W,0,00,,,M,,M,,*46
(Sep 11 2008 19:24:14,    4182 sec) GetGpsFix()          Received: $GPGSA,A,1,,,,,,,,,,,,,,,*1E
(Sep 11 2008 19:24:14,    4182 sec) GetGpsFix()          Received: $GPGSV,3,2,11,06,00,081,00,07,17,183,00,20,20,124,00,25,02,175,00*7D
(Sep 11 2008 19:24:15,    4183 sec) GetGpsFix()          Received: $PGRME,,M,,M,,M*00
(Sep 11 2008 19:24:15,    4183 sec) GetGpsFix()          Received: $PGRMB,0.0,200,,,,K,,N,N*31
(Sep 11 2008 19:24:16,    4184 sec) GetGpsFix()          Received: $PGRMM,WGS 84*06
(Sep 11 2008 19:24:17,    4185 sec) GetGpsFix()          Received: $GPRMC,213732,V,4136.5861,N,07036.5571,W,,,110908,015.6,W*6A
(Sep 11 2008 19:24:22,    4190 sec) GetGpsFix()          Received: $GPGGA,213732,4136.5861,N,07036.5571,W,0,00,,,M,,M,,*47
(Sep 11 2008 19:24:24,    4192 sec) gga()                $GPGGA,213732,4136.5861,N,07036.5571,W,0,00,,,M,,M,,*47
(Sep 11 2008 19:24:24,    4192 sec) GetGpsFix()          Received: $GPGSA,A,1,,,,,,,,,,,,,,,*1E
(Sep 11 2008 19:24:24,    4192 sec) GetGpsFix()          Received: $GPGSV,3,3,11,26,02,284,00,27,24,194,00,28,62,315,00*47
(Sep 11 2008 19:24:25,    4193 sec) GetGpsFix()          Received: $PGRME,,M,,M,,M*00
(Sep 11 2008 19:24:25,    4193 sec) GetGpsFix()          Received: $PGRMB,0.0,200,,,,K,,N,N*31
(Sep 11 2008 19:24:26,    4194 sec) GetGpsFix()          Received: $PGRMM,WGS 84*06
(Sep 11 2008 19:24:27,    4195 sec) GetGpsFix()          Received: $GPRMC,213742,V,4136.5861,N,07036.5571,W,,,110908,015.6,W*6D
(Sep 11 2008 19:24:32,    4200 sec) GetGpsFix()          Received: $GPGGA,213742,4136.5861,N,07036.5571,W,0,00,,,M,,M,,*40
(Sep 11 2008 19:24:34,    4202 sec) gga()                $GPGGA,213742,4136.5861,N,07036.5571,W,0,00,,,M,,M,,*40
(Sep 11 2008 19:24:34,    4202 sec) GetGpsFix()          Received: $GPGSA,A,1,,,,,,,,,,,,,,,*1E
(Sep 11 2008 19:24:34,    4202 sec) GetGpsFix()          Received: $GPGSV,3,1,11,02,00,222,00,03,00,082,00,04,00,216,00,05,00,310,00*74
(Sep 11 2008 19:24:35,    4203 sec) GetGpsFix()          Received: $PGRME,,M,,M,,M*00
(Sep 11 2008 19:24:35,    4203 sec) GetGpsFix()          Received: $PGRMB,0.0,200,,,,K,,N,N*31
(Sep 11 2008 19:24:36,    4204 sec) GetGpsFix()          Received: $PGRMM,WGS 84*06
(Sep 11 2008 19:24:37,    4205 sec) GetGpsFix()          Received: $GPRMC,213752,V,4136.5861,N,07036.5571,W,,,110908,015.6,W*6C
(Sep 11 2008 19:24:42,    4210 sec) GetGpsFix()          Received: $GPGGA,213752,4136.5861,N,07036.5571,W,0,00,,,M,,M,,*41
(Sep 11 2008 19:24:44,    4212 sec) gga()                $GPGGA,213752,4136.5861,N,07036.5571,W,0,00,,,M,,M,,*41
(Sep 11 2008 19:24:44,    4212 sec) GetGpsFix()          Received: $GPGSA,A,1,,,,,,,,,,,,,,,*1E
(Sep 11 2008 19:24:44,    4212 sec) GetGpsFix()          Received: $GPGSV,3,2,11,06,00,081,00,07,17,183,00,20,20,124,00,25,01,174,00*7F
(Sep 11 2008 19:24:45,    4213 sec) GetGpsFix()          Received: $PGRME,,M,,M,,M*00
(Sep 11 2008 19:24:45,    4213 sec) GetGpsFix()          Received: $PGRMB,0.0,200,,,,K,,N,N*31
(Sep 11 2008 19:24:46,    4214 sec) GetGpsFix()          Received: $PGRMM,WGS 84*06
(Sep 11 2008 19:24:47,    4215 sec) GetGpsFix()          Received: $GPRMC,213802,V,4136.5861,N,07036.5571,W,,,110908,015.6,W*66
(Sep 11 2008 19:24:52,    4220 sec) GetGpsFix()          Received: $GPGGA,213802,4136.5861,N,07036.5571,W,0,00,,,M,,M,,*4B
(Sep 11 2008 19:24:54,    4222 sec) gga()                $GPGGA,213802,4136.5861,N,07036.5571,W,0,00,,,M,,M,,*4B
(Sep 11 2008 19:24:57,    4225 sec) GetGpsFix()          Received: $GPRMC,213812,V,4136.5861,N,07036.5571,W,,,110908,015.6,W*67
(Sep 11 2008 19:25:02,    4230 sec) GetGpsFix()          Received: $GPGGA,213812,4136.5861,N,07036.5571,W,0,00,,,M,,M,,*4A
(Sep 11 2008 19:25:04,    4232 sec) gga()                $GPGGA,213812,4136.5861,N,07036.5571,W,0,00,,,M,,M,,*4A
(Sep 11 2008 19:25:04,    4232 sec) GetGpsFix()          Received: $GPGSA,A,1,,,,,,,,,,,,,,,*1E
(Sep 11 2008 19:25:05,    4232 sec) GetGpsFix()          Received: $GPGSV,3,1,11,03,00,082,00,05,00,310,00,07,17,183,00,08,44,213,00*76
(Sep 11 2008 19:25:05,    4233 sec) GetGpsFix()          Received: $PGRME,,M,,M,,M*00
(Sep 11 2008 19:25:05,    4233 sec) GetGpsFix()          Received: $PGRMT,GPS 15-L Ver. 3.30,P,P,R,R,P,,,R,P*7E
(Sep 11 2008 19:25:06,    4234 sec) GetGpsFix()          Received: $PGRMB,0.0,200,,,,K,,N,N*31
(Sep 11 2008 19:25:06,    4234 sec) GetGpsFix()          Received: $PGRMM,WGS 84*06
(Sep 11 2008 19:25:07,    4235 sec) GetGpsFix()          Received: $GPRMC,213818,V,4136.5861,N,07036.5571,W,,,110908,015.6,W*6D
(Sep 11 2008 19:25:12,    4239 sec) GetGpsFix()          Received: $GPGGA,213818,4136.5861,N,07036.5571,W,0,00,,,M,,M,,*40
(Sep 11 2008 19:25:14,    4242 sec) gga()                $GPGGA,213818,4136.5861,N,07036.5571,W,0,00,,,M,,M,,*40
(Sep 11 2008 19:25:14,    4242 sec) GetGpsFix()          Received: $GPGSA,A,1,,,,,,,,,,,,,,,*1E
(Sep 11 2008 19:25:14,    4242 sec) GetGpsFix()          Received: $GPGSV,3,2,11,09,00,340,00,10,00,249,00,11,66,073,00,12,00,305,00*79
(Sep 11 2008 19:25:15,    4243 sec) GetGpsFix()          Received: $PGRME,,M,,M,,M*00
(Sep 11 2008 19:25:15,    4243 sec) GetGpsFix()          Received: $PGRMB,0.0,200,,,,K,,N,N*31
(Sep 11 2008 19:25:16,    4244 sec) GetGpsFix()          Received: $PGRMM,WGS 84*06
(Sep 11 2008 19:25:16,    4244 sec) GetGpsFix()          Received: $GPRMC,213828,V,4136.5861,N,07036.5571,W,,,110908,015.6,W*6E
(Sep 11 2008 19:25:21,    4249 sec) GetGpsFix()          Received: $GPGGA,213828,4136.5861,N,07036.5571,W,0,00,,,M,,M,,*43
(Sep 11 2008 19:25:23,    4251 sec) gga()                $GPGGA,213828,4136.5861,N,07036.5571,W,0,00,,,M,,M,,*43
(Sep 11 2008 19:25:23,    4251 sec) GetGpsFix()          Received: $GPGSA,A,1,,,,,,,,,,,,,,,*1E
(Sep 11 2008 19:25:24,    4252 sec) GetGpsFix()          Received: $GPGSV,3,3,11,13,00,178,00,14,00,043,00,15,00,299,00*41
(Sep 11 2008 19:25:24,    4252 sec) GetGpsFix()          Received: $PGRME,,M,,M,,M*00
(Sep 11 2008 19:25:25,    4252 sec) GetGpsFix()          Received: $PGRMB,0.0,200,,,,K,,N,N*31
(Sep 11 2008 19:25:25,    4253 sec) GetGpsFix()          Received: $PGRMM,WGS 84*06
(Sep 11 2008 19:25:25,    4253 sec) GetGpsFix()          Received: $GPRMC,213838,V,4136.5861,N,07036.5571,W,,,110908,015.6,W*6F
(Sep 11 2008 19:25:30,    4258 sec) GetGpsFix()          Received: $GPGGA,213838,4136.5861,N,07036.5571,W,0,00,,,M,,M,,*42
(Sep 11 2008 19:25:32,    4260 sec) gga()                $GPGGA,213838,4136.5861,N,07036.5571,W,0,00,,,M,,M,,*42
(Sep 11 2008 19:25:32,    4260 sec) GetGpsFix()          Received: $GPGSA,A,1,,,,,,,,,,,,,,,*1E
(Sep 11 2008 19:25:33,    4261 sec) GetGpsFix()          Received: $GPGSV,3,1,11,03,00,083,00,05,00,310,00,07,16,183,00,08,43,212,00*70
(Sep 11 2008 19:25:33,    4261 sec) GetGpsFix()          Received: $PGRME,,M,,M,,M*00
(Sep 11 2008 19:25:34,    4262 sec) GetGpsFix()          Received: $PGRMB,0.0,200,,,,K,,N,N*31
(Sep 11 2008 19:25:34,    4262 sec) GetGpsFix()          Received: $PGRMM,WGS 84*06
(Sep 11 2008 19:25:35,    4262 sec) GetGpsFix()          Received: $GPRMC,213848,V,4136.5861,N,07036.5571,W,,,110908,015.6,W*68
(Sep 11 2008 19:25:39,    4267 sec) GetGpsFix()          Received: $GPGGA,213848,4136.5861,N,07036.5571,W,0,00,,,M,,M,,*45
(Sep 11 2008 19:25:41,    4269 sec) gga()                $GPGGA,213848,4136.5861,N,07036.5571,W,0,00,,,M,,M,,*45
(Sep 11 2008 19:25:42,    4270 sec) GetGpsFix()          Received: $GPGSA,A,1,,,,,,,,,,,,,,,*1E
(Sep 11 2008 19:25:42,    4270 sec) GetGpsFix()          Received: $GPGSV,3,2,11,09,00,340,00,10,00,248,00,11,65,072,00,12,00,305,00*7A
(Sep 11 2008 19:25:43,    4271 sec) GetGpsFix()          Received: $PGRME,,M,,M,,M*00
(Sep 11 2008 19:25:43,    4271 sec) GetGpsFix()          Received: $PGRMB,0.0,200,,,,K,,N,N*31
(Sep 11 2008 19:25:44,    4271 sec) GetGpsFix()          Received: $PGRMM,WGS 84*06
(Sep 11 2008 19:25:44,    4272 sec) GetGpsFix()          Received: $GPRMC,213858,V,4136.5861,N,07036.5571,W,,,110908,015.6,W*69
(Sep 11 2008 19:25:49,    4277 sec) GpsServices()        GPS fix not acquired after 302s; power-cycling the GPS.
(Sep 11 2008 19:26:02,    4290 sec) GetGpsFix()          Received: $GPRMC,213918,V,4136.5861,N,07036.5571,W,,,110908,015.6,W*6C
(Sep 11 2008 19:26:07,    4295 sec) GetGpsFix()          Received: $GPGGA,213918,4136.5861,N,07036.5571,W,0,00,,,M,,M,,*41
(Sep 11 2008 19:26:09,    4297 sec) gga()                $GPGGA,213918,4136.5861,N,07036.5571,W,0,00,,,M,,M,,*41
(Sep 11 2008 19:26:09,    4297 sec) GetGpsFix()          Received: $GPGSA,A,1,,,,,,,,,,,,,,,*1E
(Sep 11 2008 19:26:10,    4297 sec) GetGpsFix()          Received: $GPGSV,3,1,11,07,16,183,00,08,43,212,00,11,65,071,00,17,33,271,00*78
(Sep 11 2008 19:26:10,    4298 sec) GetGpsFix()          Received: $PGRME,,M,,M,,M*00
(Sep 11 2008 19:26:10,    4298 sec) GetGpsFix()          Received: $PGRMT,GPS 15-L Ver. 3.30,P,P,R,R,P,,,R,P*7E
(Sep 11 2008 19:26:11,    4299 sec) GetGpsFix()          Received: $PGRMB,0.0,200,,,,K,,N,N*31
(Sep 11 2008 19:26:11,    4299 sec) GetGpsFix()          Received: $PGRMM,WGS 84*06
(Sep 11 2008 19:26:12,    4300 sec) GetGpsFix()          Received: $GPRMC,213928,V,4136.5861,N,07036.5571,W,,,110908,015.6,W*6F
(Sep 11 2008 19:26:17,    4305 sec) GetGpsFix()          Received: $GPGGA,213928,4136.5861,N,07036.5571,W,0,00,,,M,,M,,*42
(Sep 11 2008 19:26:19,    4307 sec) gga()                $GPGGA,213928,4136.5861,N,07036.5571,W,0,00,,,M,,M,,*42
(Sep 11 2008 19:26:19,    4307 sec) GetGpsFix()          Received: $GPGSA,A,1,,,,,,,,,,,,,,,*1E
(Sep 11 2008 19:26:20,    4307 sec) GetGpsFix()          Received: $GPGSV,3,2,11,19,12,069,00,20,21,123,00,25,00,174,00,26,01,282,00*75
(Sep 11 2008 19:26:20,    4308 sec) GetGpsFix()          Received: $PGRME,,M,,M,,M*00
(Sep 11 2008 19:26:20,    4308 sec) GetGpsFix()          Received: $PGRMB,0.0,200,,,,K,,N,N*31
(Sep 11 2008 19:26:21,    4309 sec) GetGpsFix()          Received: $PGRMM,WGS 84*06
(Sep 11 2008 19:26:22,    4310 sec) GetGpsFix()          Received: $GPRMC,213938,V,4136.5861,N,07036.5571,W,,,110908,015.6,W*6E
(Sep 11 2008 19:26:27,    4315 sec) GetGpsFix()          Received: $GPGGA,213938,4136.5861,N,07036.5571,W,0,00,,,M,,M,,*43
(Sep 11 2008 19:26:29,    4317 sec) gga()                $GPGGA,213938,4136.5861,N,07036.5571,W,0,00,,,M,,M,,*43
(Sep 11 2008 19:26:29,    4317 sec) GetGpsFix()          Received: $GPGSA,A,1,,,,,,,,,,,,,,,*1E
(Sep 11 2008 19:26:30,    4317 sec) GetGpsFix()          Received: $GPGSV,3,3,11,27,23,194,00,28,64,315,00,32,19,103,00*45
(Sep 11 2008 19:26:30,    4318 sec) GetGpsFix()          Received: $PGRME,,M,,M,,M*00
(Sep 11 2008 19:26:30,    4318 sec) GetGpsFix()          Received: $PGRMB,0.0,200,,,,K,,N,N*31
(Sep 11 2008 19:26:31,    4319 sec) GetGpsFix()          Received: $PGRMM,WGS 84*06
(Sep 11 2008 19:26:32,    4320 sec) GetGpsFix()          Received: $GPRMC,213948,V,4136.5861,N,07036.5571,W,,,110908,015.6,W*69
(Sep 11 2008 19:26:37,    4325 sec) GetGpsFix()          Received: $GPGGA,213948,4136.5861,N,07036.5571,W,0,00,,,M,,M,,*44
(Sep 11 2008 19:26:39,    4327 sec) gga()                $GPGGA,213948,4136.5861,N,07036.5571,W,0,00,,,M,,M,,*44
(Sep 11 2008 19:26:39,    4327 sec) GetGpsFix()          Received: $GPGSA,A,1,,,,,,,,,,,,,,,*1E
(Sep 11 2008 19:26:40,    4327 sec) GetGpsFix()          Received: $GPGSV,3,1,11,07,15,182,00,08,43,212,00,11,65,071,00,17,33,271,00*7A
(Sep 11 2008 19:26:40,    4328 sec) GetGpsFix()          Received: $PGRME,,M,,M,,M*00
(Sep 11 2008 19:26:40,    4328 sec) GetGpsFix()          Received: $PGRMB,0.0,200,,,,K,,N,N*31
(Sep 11 2008 19:26:41,    4329 sec) GetGpsFix()          Received: $PGRMM,WGS 84*06
(Sep 11 2008 19:26:42,    4330 sec) GetGpsFix()          Received: $GPRMC,213958,V,4136.5861,N,07036.5571,W,,,110908,015.6,W*68
(Sep 11 2008 19:26:47,    4335 sec) GetGpsFix()          Received: $GPGGA,213958,4136.5861,N,07036.5571,W,0,00,,,M,,M,,*45
(Sep 11 2008 19:26:49,    4337 sec) gga()                $GPGGA,213958,4136.5861,N,07036.5571,W,0,00,,,M,,M,,*45
(Sep 11 2008 19:26:49,    4337 sec) GetGpsFix()          Received: $GPGSA,A,1,,,,,,,,,,,,,,,*1E
(Sep 11 2008 19:26:50,    4337 sec) GetGpsFix()          Received: $GPGSV,3,2,11,19,12,069,00,20,21,123,00,25,00,174,00,26,01,282,00*75
(Sep 11 2008 19:26:50,    4338 sec) GetGpsFix()          Received: $PGRME,,M,,M,,M*00
(Sep 11 2008 19:26:50,    4338 sec) GetGpsFix()          Received: $PGRMB,0.0,200,,,,K,,N,N*31
(Sep 11 2008 19:26:51,    4339 sec) GetGpsFix()          Received: $PGRMM,WGS 84*06
(Sep 11 2008 19:26:52,    4340 sec) GetGpsFix()          Received: $GPRMC,214008,V,4136.5861,N,07036.5571,W,,,110908,015.6,W*63
(Sep 11 2008 19:26:57,    4345 sec) GetGpsFix()          Received: $GPGGA,214008,4136.5861,N,07036.5571,W,0,00,,,M,,M,,*4E
(Sep 11 2008 19:26:59,    4347 sec) gga()                $GPGGA,214008,4136.5861,N,07036.5571,W,0,00,,,M,,M,,*4E
(Sep 11 2008 19:26:59,    4347 sec) GetGpsFix()          Received: $GPGSA,A,1,,,,,,,,,,,,,,,*1E
(Sep 11 2008 19:27:00,    4347 sec) GetGpsFix()          Received: $GPGSV,3,3,11,27,23,194,00,28,64,315,00,32,19,103,00*45
(Sep 11 2008 19:27:00,    4348 sec) GetGpsFix()          Received: $PGRME,,M,,M,,M*00
(Sep 11 2008 19:27:00,    4348 sec) GetGpsFix()          Received: $PGRMB,0.0,200,,,,K,,N,N*31
(Sep 11 2008 19:27:01,    4349 sec) GetGpsFix()          Received: $PGRMM,WGS 84*06
(Sep 11 2008 19:27:02,    4350 sec) GetGpsFix()          Received: $GPRMC,214018,V,4136.5861,N,07036.5571,W,,,110908,015.6,W*62
(Sep 11 2008 19:27:07,    4355 sec) GetGpsFix()          Received: $GPGGA,214018,4136.5861,N,07036.5571,W,0,00,,,M,,M,,*4F
(Sep 11 2008 19:27:09,    4357 sec) gga()                $GPGGA,214018,4136.5861,N,07036.5571,W,0,00,,,M,,M,,*4F
(Sep 11 2008 19:27:09,    4357 sec) GetGpsFix()          Received: $GPGSA,A,1,,,,,,,,,,,,,,,*1E
(Sep 11 2008 19:27:10,    4357 sec) GetGpsFix()          Received: $GPGSV,3,1,11,07,15,182,00,08,43,212,00,11,65,071,00,17,33,271,00*7A
(Sep 11 2008 19:27:10,    4358 sec) GetGpsFix()          Received: $PGRME,,M,,M,,M*00
(Sep 11 2008 19:27:10,    4358 sec) GetGpsFix()          Received: $PGRMT,GPS 15-L Ver. 3.30,P,P,R,R,P,,,R,P*7E
(Sep 11 2008 19:27:11,    4359 sec) GetGpsFix()          Received: $PGRMB,0.0,200,,,,K,,N,N*31
(Sep 11 2008 19:27:11,    4359 sec) GetGpsFix()          Received: $PGRMM,WGS 84*06
(Sep 11 2008 19:27:12,    4360 sec) GetGpsFix()          Received: $GPRMC,214028,V,4136.5861,N,07036.5571,W,,,110908,015.6,W*61
(Sep 11 2008 19:27:17,    4365 sec) GetGpsFix()          Received: $GPGGA,214028,4136.5861,N,07036.5571,W,0,00,,,M,,M,,*4C
(Sep 11 2008 19:27:19,    4367 sec) gga()                $GPGGA,214028,4136.5861,N,07036.5571,W,0,00,,,M,,M,,*4C
(Sep 11 2008 19:27:19,    4367 sec) GetGpsFix()          Received: $GPGSA,A,1,,,,,,,,,,,,,,,*1E
(Sep 11 2008 19:27:20,    4367 sec) GetGpsFix()          Received: $GPGSV,3,2,11,19,12,069,00,20,21,122,00,25,00,174,00,26,01,282,00*74
(Sep 11 2008 19:27:20,    4368 sec) GetGpsFix()          Received: $PGRME,,M,,M,,M*00
(Sep 11 2008 19:27:20,    4368 sec) GetGpsFix()          Received: $PGRMB,0.0,200,,,,K,,N,N*31
(Sep 11 2008 19:27:21,    4369 sec) GetGpsFix()          Received: $PGRMM,WGS 84*06
(Sep 11 2008 19:27:22,    4370 sec) GetGpsFix()          Received: $GPRMC,214038,V,4136.5861,N,07036.5571,W,,,110908,015.6,W*60
(Sep 11 2008 19:27:27,    4375 sec) GetGpsFix()          Received: $GPGGA,214038,4136.5861,N,07036.5571,W,0,00,,,M,,M,,*4D
(Sep 11 2008 19:27:29,    4377 sec) gga()                $GPGGA,214038,4136.5861,N,07036.5571,W,0,00,,,M,,M,,*4D
(Sep 11 2008 19:27:29,    4377 sec) GetGpsFix()          Received: $GPGSA,A,1,,,,,,,,,,,,,,,*1E
(Sep 11 2008 19:27:30,    4377 sec) GetGpsFix()          Received: $GPGSV,3,3,11,27,23,194,00,28,64,315,00,32,19,103,00*45
(Sep 11 2008 19:27:30,    4378 sec) GetGpsFix()          Received: $PGRME,,M,,M,,M*00
(Sep 11 2008 19:27:30,    4378 sec) GetGpsFix()          Received: $PGRMB,0.0,200,,,,K,,N,N*31
(Sep 11 2008 19:27:31,    4379 sec) GetGpsFix()          Received: $PGRMM,WGS 84*06
(Sep 11 2008 19:27:32,    4380 sec) GetGpsFix()          Received: $GPRMC,214048,V,4136.5861,N,07036.5571,W,,,110908,015.6,W*67
(Sep 11 2008 19:27:37,    4385 sec) GetGpsFix()          Received: $GPGGA,214048,4136.5861,N,07036.5571,W,0,00,,,M,,M,,*4A
(Sep 11 2008 19:27:39,    4387 sec) gga()                $GPGGA,214048,4136.5861,N,07036.5571,W,0,00,,,M,,M,,*4A
(Sep 11 2008 19:27:39,    4387 sec) GetGpsFix()          Received: $GPGSA,A,1,,,,,,,,,,,,,,,*1E
(Sep 11 2008 19:27:40,    4387 sec) GetGpsFix()          Received: $GPGSV,3,1,11,07,15,182,00,08,43,212,00,11,65,071,00,17,33,271,00*7A
(Sep 11 2008 19:27:40,    4388 sec) GetGpsFix()          Received: $PGRME,,M,,M,,M*00
(Sep 11 2008 19:27:40,    4388 sec) GetGpsFix()          Received: $PGRMB,0.0,200,,,,K,,N,N*31
(Sep 11 2008 19:27:41,    4389 sec) GetGpsFix()          Received: $PGRMM,WGS 84*06
(Sep 11 2008 19:27:42,    4390 sec) GetGpsFix()          Received: $GPRMC,214058,V,4136.5861,N,07036.5571,W,,,110908,015.6,W*66
(Sep 11 2008 19:27:47,    4395 sec) GetGpsFix()          Received: $GPGGA,214058,4136.5861,N,07036.5571,W,0,00,,,M,,M,,*4B
(Sep 11 2008 19:27:49,    4397 sec) gga()                $GPGGA,214058,4136.5861,N,07036.5571,W,0,00,,,M,,M,,*4B
(Sep 11 2008 19:27:49,    4397 sec) GetGpsFix()          Received: $GPGSA,A,1,,,,,,,,,,,,,,,*1E
(Sep 11 2008 19:27:50,    4397 sec) GetGpsFix()          Received: $GPGSV,3,2,11,19,12,069,00,20,21,122,00,25,00,174,00,26,01,282,00*74
(Sep 11 2008 19:27:50,    4398 sec) GetGpsFix()          Received: $PGRME,,M,,M,,M*00
(Sep 11 2008 19:27:50,    4398 sec) GetGpsFix()          Received: $PGRMB,0.0,200,,,,K,,N,N*31
(Sep 11 2008 19:27:51,    4399 sec) GetGpsFix()          Received: $PGRMM,WGS 84*06
(Sep 11 2008 19:27:52,    4400 sec) GetGpsFix()          Received: $GPRMC,214108,V,4136.5861,N,07036.5571,W,,,110908,015.6,W*62
(Sep 11 2008 19:28:02,    4410 sec) GetGpsFix()          Received: $GPRMC,214118,V,4136.5861,N,07036.5571,W,,,110908,015.6,W*63
(Sep 11 2008 19:28:07,    4415 sec) GetGpsFix()          Received: $GPGGA,214118,4136.5861,N,07036.5571,W,0,00,,,M,,M,,*4E
(Sep 11 2008 19:28:09,    4417 sec) gga()                $GPGGA,214118,4136.5861,N,07036.5571,W,0,00,,,M,,M,,*4E
(Sep 11 2008 19:28:09,    4417 sec) GetGpsFix()          Received: $GPGSA,A,1,,,,,,,,,,,,,,,*1E
(Sep 11 2008 19:28:10,    4417 sec) GetGpsFix()          Received: $GPGSV,3,1,11,07,15,182,00,08,43,212,00,11,65,071,00,17,33,271,00*7A
(Sep 11 2008 19:28:10,    4418 sec) GetGpsFix()          Received: $PGRME,,M,,M,,M*00
(Sep 11 2008 19:28:10,    4418 sec) GetGpsFix()          Received: $PGRMT,GPS 15-L Ver. 3.30,P,P,R,R,P,,,R,P*7E
(Sep 11 2008 19:28:11,    4419 sec) GetGpsFix()          Received: $PGRMB,0.0,200,,,,K,,N,N*31
(Sep 11 2008 19:28:11,    4419 sec) GetGpsFix()          Received: $PGRMM,WGS 84*06
(Sep 11 2008 19:28:12,    4420 sec) GetGpsFix()          Received: $GPRMC,214128,V,4136.5861,N,07036.5571,W,,,110908,015.6,W*60
(Sep 11 2008 19:28:17,    4425 sec) GetGpsFix()          Received: $GPGGA,214128,4136.5861,N,07036.5571,W,0,00,,,M,,M,,*4D
(Sep 11 2008 19:28:19,    4427 sec) gga()                $GPGGA,214128,4136.5861,N,07036.5571,W,0,00,,,M,,M,,*4D
(Sep 11 2008 19:28:19,    4427 sec) GetGpsFix()          Received: $GPGSA,A,1,,,,,,,,,,,,,,,*1E
(Sep 11 2008 19:28:20,    4427 sec) GetGpsFix()          Received: $GPGSV,3,2,11,17,33,271,00,19,12,069,00,20,21,122,00,25,00,174,00*7B
(Sep 11 2008 19:28:20,    4428 sec) GetGpsFix()          Received: $PGRME,,M,,M,,M*00
(Sep 11 2008 19:28:20,    4428 sec) GetGpsFix()          Received: $PGRMB,0.0,200,,,,K,,N,N*31
(Sep 11 2008 19:28:21,    4429 sec) GetGpsFix()          Received: $PGRMM,WGS 84*06
(Sep 11 2008 19:28:22,    4430 sec) GetGpsFix()          Received: $GPRMC,214138,V,4136.5861,N,07036.5571,W,,,110908,015.6,W*61
(Sep 11 2008 19:28:27,    4435 sec) GetGpsFix()          Received: 

(Sep 11 2008 19:28:27) LogSize()            Log file is 38945 bytes.  Limit is 40960 bytes.

$GPGGA,214138,4136.5861,N,07036.5571,W,0,00,,,M,,M,,*4C
(Sep 11 2008 19:28:29,    4437 sec) gga()                $GPGGA,214138,4136.5861,N,07036.5571,W,0,00,,,M,,M,,*4C
(Sep 11 2008 19:28:29,    4437 sec) GetGpsFix()          Received: $GPGSA,A,1,,,,,,,,,,,,,,,*1E
(Sep 11 2008 19:28:30,    4437 sec) GetGpsFix()          Received: $GPGSV,3,3,11,26,01,282,00,27,22,194,00,28,65,315,00*43
(Sep 11 2008 19:28:30,    4438 sec) GetGpsFix()          Received: $PGRME,,M,,M,,M*00
(Sep 11 2008 19:28:30,    4438 sec) GetGpsFix()          Received: $PGRMB,0.0,200,,,,K,,N,N*31
(Sep 11 2008 19:28:31,    4439 sec) GetGpsFix()          Received: $PGRMM,WGS 84*06
(Sep 11 2008 19:28:32,    4440 sec) GetGpsFix()          Received: $GPRMC,214148,V,4136.5861,N,07036.5571,W,,,110908,015.6,W*66
(Sep 11 2008 19:28:37,    4445 sec) GetGpsFix()          Received: $GPGGA,214148,4136.5861,N,07036.5571,W,0,00,,,M,,M,,*4B
(Sep 11 2008 19:28:39,    4447 sec) gga()                $GPGGA,214148,4136.5861,N,07036.5571,W,0,00,,,M,,M,,*4B
(Sep 11 2008 19:28:39,    4447 sec) GetGpsFix()          Received: $GPGSA,A,1,,,,,,,,,,,,,,,*1E
(Sep 11 2008 19:28:39,    4447 sec) GetGpsFix()          Received: $GPGSV,3,1,11,02,00,222,00,07,15,182,00,08,42,211,00,11,65,071,00*7A
(Sep 11 2008 19:28:40,    4448 sec) GetGpsFix()          Received: $PGRME,,M,,M,,M*00
(Sep 11 2008 19:28:40,    4448 sec) GetGpsFix()          Received: $PGRMB,0.0,200,,,,K,,N,N*31
(Sep 11 2008 19:28:41,    4449 sec) GetGpsFix()          Received: $PGRMM,WGS 84*06
(Sep 11 2008 19:28:42,    4450 sec) GetGpsFix()          Received: $GPRMC,214158,V,4136.5861,N,07036.5571,W,,,110908,015.6,W*67
(Sep 11 2008 19:28:47,    4455 sec) GetGpsFix()          Received: (Sep 11 2008 19:28:47) LogClose()           Disabling logging functions.

<EOT>
