(Sep 14 2008 13:35:17,   77052 sec) TelemetryInit()      Profile 3. (Apf9i FwRev: 091208)
(Sep 14 2008 13:42:10,   77465 sec) AirSystem()          Battery [123cnt, 9.5V]  Current [65cnt, 26.2mA]  Barometer [130cnt, 7.7"Hg]  Run-Time [47s]
(Sep 14 2008 13:42:24,   77478 sec) chat()               Expected string [IRIDIUM] not received.
(Sep 14 2008 13:42:26,   77480 sec) GpsServices()        GPS almanac is current.
(Sep 14 2008 13:42:26,   77481 sec) GpsServices()        Initiating GPS fix acquisition.
(Sep 14 2008 13:42:42,   77496 sec) gga()                $GPGGA,155551,4136.5861,N,07036.5571,W,0,00,,,M,,M,,*41
(Sep 14 2008 13:42:52,   77506 sec) gga()                $GPGGA,155601,4136.5861,N,07036.5571,W,0,00,,,M,,M,,*47
(Sep 14 2008 13:43:02,   77516 sec) gga()                $GPGGA,155611,4136.5861,N,07036.5571,W,0,00,,,M,,M,,*46
(Sep 14 2008 13:43:12,   77526 sec) gga()                $GPGGA,155621,4136.5861,N,07036.5571,W,0,00,,,M,,M,,*45
(Sep 14 2008 13:43:22,   77536 sec) gga()                $GPGGA,155631,4136.5861,N,07036.5571,W,0,00,,,M,,M,,*44
(Sep 14 2008 13:43:32,   77546 sec) gga()                $GPGGA,155641,4136.5861,N,07036.5571,W,0,00,,,M,,M,,*43
(Sep 14 2008 13:43:42,   77556 sec) gga()                $GPGGA,155651,4136.5861,N,07036.5571,W,0,00,,,M,,M,,*42
(Sep 14 2008 13:43:52,   77566 sec) gga()                $GPGGA,155701,4136.5861,N,07036.5571,W,0,00,,,M,,M,,*46
(Sep 14 2008 13:44:02,   77576 sec) gga()                $GPGGA,155711,4136.5861,N,07036.5571,W,0,00,,,M,,M,,*47
(Sep 14 2008 13:44:12,   77586 sec) gga()                $GPGGA,155721,4136.5861,N,07036.5571,W,0,00,,,M,,M,,*44
(Sep 14 2008 13:44:22,   77596 sec) gga()                $GPGGA,155731,4136.5861,N,07036.5571,W,0,00,,,M,,M,,*45
(Sep 14 2008 13:44:42,   77616 sec) gga()                $GPGGA,155751,4136.5861,N,07036.5571,W,0,00,,,M,,M,,*43
(Sep 14 2008 13:44:52,   77626 sec) gga()                $GPGGA,155801,4136.5861,N,07036.5571,W,0,00,,,M,,M,,*49
(Sep 14 2008 13:45:02,   77636 sec) gga()                $GPGGA,155811,4136.5861,N,07036.5571,W,0,00,,,M,,M,,*48
(Sep 14 2008 13:45:12,   77646 sec) gga()                $GPGGA,155821,4136.5861,N,07036.5571,W,0,00,,,M,,M,,*4B
(Sep 14 2008 13:45:22,   77656 sec) gga()                $GPGGA,155831,4136.5861,N,07036.5571,W,0,00,,,M,,M,,*4A
(Sep 14 2008 13:45:32,   77666 sec) gga()                $GPGGA,155841,4136.5861,N,07036.5571,W,0,00,,,M,,M,,*4D
(Sep 14 2008 13:45:42,   77676 sec) gga()                $GPGGA,155851,4136.5861,N,07036.5571,W,0,00,,,M,,M,,*4C
(Sep 14 2008 13:45:52,   77686 sec) gga()                $GPGGA,155901,4136.5861,N,07036.5571,W,0,00,,,M,,M,,*48
(Sep 14 2008 13:46:02,   77696 sec) gga()                $GPGGA,155911,4136.5861,N,07036.5571,W,0,00,,,M,,M,,*49
(Sep 14 2008 13:46:12,   77706 sec) gga()                $GPGGA,155921,4136.5861,N,07036.5571,W,0,00,,,M,,M,,*4A
(Sep 14 2008 13:46:22,   77716 sec) gga()                $GPGGA,155931,4136.5861,N,07036.5571,W,0,00,,,M,,M,,*4B
(Sep 14 2008 13:46:32,   77726 sec) gga()                $GPGGA,155941,4136.5861,N,07036.5571,W,0,00,,,M,,M,,*4C
(Sep 14 2008 13:46:42,   77736 sec) gga()                $GPGGA,155951,4136.5861,N,07036.5571,W,0,00,,,M,,M,,*4D
(Sep 14 2008 13:46:48,   77743 sec) gga()                $GPGGA,155957,4136.5861,N,07036.5571,W,0,00,,,M,,M,,*4B
(Sep 14 2008 13:46:58,   77752 sec) gga()                $GPGGA,160007,4136.5861,N,07036.5571,W,0,00,,,M,,M,,*41
(Sep 14 2008 13:47:08,   77762 sec) gga()                $GPGGA,160017,4136.5861,N,07036.5571,W,0,00,,,M,,M,,*40
(Sep 14 2008 13:47:18,   77772 sec) gga()                $GPGGA,160027,4136.5861,N,07036.5571,W,0,00,,,M,,M,,*43
(Sep 14 2008 13:47:26,   77781 sec) GpsServices()        GPS fix not acquired after 300s; power-cycling the GPS.
(Sep 14 2008 13:47:45,   77800 sec) gga()                $GPGGA,160054,4136.5861,N,07036.5571,W,0,00,,,M,,M,,*47
(Sep 14 2008 13:47:55,   77810 sec) gga()                $GPGGA,160104,4136.5861,N,07036.5571,W,0,00,,,M,,M,,*43
(Sep 14 2008 13:48:05,   77820 sec) gga()                $GPGGA,160114,4136.5861,N,07036.5571,W,0,00,,,M,,M,,*42
(Sep 14 2008 13:48:15,   77830 sec) gga()                $GPGGA,160124,4136.5861,N,07036.5571,W,0,00,,,M,,M,,*41
(Sep 14 2008 13:48:25,   77840 sec) gga()                $GPGGA,160134,4136.5861,N,07036.5571,W,0,00,,,M,,M,,*40
(Sep 14 2008 13:48:35,   77850 sec) gga()                $GPGGA,160144,4136.5861,N,07036.5571,W,0,00,,,M,,M,,*47
(Sep 14 2008 13:48:45,   77860 sec) gga()                $GPGGA,160154,4136.5861,N,07036.5571,W,0,00,,,M,,M,,*46
(Sep 14 2008 13:48:55,   77870 sec) gga()                $GPGGA,160204,4136.5861,N,07036.5571,W,0,00,,,M,,M,,*40
(Sep 14 2008 13:49:05,   77880 sec) gga()                $GPGGA,160214,4136.5861,N,07036.5571,W,0,00,,,M,,M,,*41
(Sep 14 2008 13:49:15,   77890 sec) gga()                $GPGGA,160224,4136.5861,N,07036.5571,W,0,00,,,M,,M,,*42
(Sep 14 2008 13:49:25,   77900 sec) gga()                $GPGGA,160234,4136.5861,N,07036.5571,W,0,00,,,M,,M,,*43
(Sep 14 2008 13:49:45,   77920 sec) gga()                $GPGGA,160254,4136.5861,N,07036.5571,W,0,00,,,M,,M,,*45
(Sep 14 2008 13:49:55,   77930 sec) gga()                $GPGGA,160304,4136.5861,N,07036.5571,W,0,00,,,M,,M,,*41
(Sep 14 2008 13:50:05,   77940 sec) gga()                $GPGGA,160314,4136.5861,N,07036.5571,W,0,00,,,M,,M,,*40
(Sep 14 2008 13:50:15,   77950 sec) gga()                $GPGGA,160324,4136.5861,N,07036.5571,W,0,00,,,M,,M,,*43
(Sep 14 2008 13:50:25,   77960 sec) gga()                $GPGGA,160334,4136.5861,N,07036.5571,W,0,00,,,M,,M,,*42
(Sep 14 2008 13:50:35,   77970 sec) gga()                $GPGGA,160344,4136.5861,N,07036.5571,W,0,00,,,M,,M,,*45
(Sep 14 2008 13:50:45,   77980 sec) gga()                $GPGGA,160354,4136.5861,N,07036.5571,W,0,00,,,M,,M,,*44
(Sep 14 2008 13:50:55,   77990 sec) gga()                $GPGGA,160404,4136.5861,N,07036.5571,W,0,00,,,M,,M,,*46
(Sep 14 2008 13:51:05,   78000 sec) gga()                $GPGGA,160414,4136.5861,N,07036.5571,W,0,00,,,M,,M,,*47
(Sep 14 2008 13:51:15,   78010 sec) gga()                $GPGGA,160424,4136.5861,N,07036.5571,W,0,00,,,M,,M,,*44
(Sep 14 2008 13:51:25,   78020 sec) gga()                $GPGGA,160434,4136.5861,N,07036.5571,W,0,00,,,M,,M,,*45
(Sep 14 2008 13:51:35,   78030 sec) gga()                $GPGGA,160444,4136.5861,N,07036.5571,W,0,00,,,M,,M,,*42
(Sep 14 2008 13:51:45,   78040 sec) gga()                $GPGGA,160454,4136.5861,N,07036.5571,W,0,00,,,M,,M,,*43
(Sep 14 2008 13:51:52,   78046 sec) gga()                $GPGGA,160500,4136.5861,N,07036.5571,W,0,00,,,M,,M,,*43
(Sep 14 2008 13:52:01,   78056 sec) gga()                $GPGGA,160510,4136.5861,N,07036.5571,W,0,00,,,M,,M,,*42
(Sep 14 2008 13:52:11,   78066 sec) gga()                $GPGGA,160520,4136.5861,N,07036.5571,W,0,00,,,M,,M,,*41
(Sep 14 2008 13:52:21,   78076 sec) gga()                $GPGGA,160530,4136.5861,N,07036.5571,W,0,00,,,M,,M,,*40
(Sep 14 2008 13:52:30,   78084 sec) GpsServices()        GPS fix-acquisition failed after 300s.  Apf9 RTC skew check by-passed.
(Sep 14 2008 13:52:35,   78090 sec) LogNmeaSentences()   $GPRMC,160550,V,4136.5861,N,07036.5571,W,,,140908,015.6,W*6E
(Sep 14 2008 13:52:36,   78091 sec) LogNmeaSentences()   $GPGGA,160550,4136.5861,N,07036.5571,W,0,00,,,M,,M,,*46
(Sep 14 2008 13:52:36,   78091 sec) LogNmeaSentences()   $GPGSA,A,1,,,,,,,,,,,,,,,*1E
(Sep 14 2008 13:52:37,   78091 sec) LogNmeaSentences()   $GPGSV,3,1,11,03,46,172,00,13,38,311,00,14,00,148,00,16,64,040,00*7D
(Sep 14 2008 13:52:37,   78092 sec) LogNmeaSentences()   $PGRME,,M,,M,,M*00
(Sep 14 2008 13:52:38,   78092 sec) LogNmeaSentences()   $PGRMB,0.0,200,,,,K,,N,N*31
(Sep 14 2008 13:52:38,   78093 sec) LogNmeaSentences()   $PGRMM,WGS 84*06
(Sep 14 2008 13:52:45,   78100 sec) LogNmeaSentences()   $GPRMC,160600,V,4136.5861,N,07036.5571,W,,,140908,015.6,W*68
(Sep 14 2008 13:52:46,   78101 sec) LogNmeaSentences()   $GPGGA,160600,4136.5861,N,07036.5571,W,0,00,,,M,,M,,*40
(Sep 14 2008 13:52:46,   78101 sec) LogNmeaSentences()   $GPGSA,A,1,,,,,,,,,,,,,,,*1E
(Sep 14 2008 13:52:47,   78101 sec) LogNmeaSentences()   $GPGSV,3,2,11,17,00,256,00,18,00,093,00,19,18,185,00,20,05,225,00*73
(Sep 14 2008 13:52:47,   78102 sec) LogNmeaSentences()   $PGRME,,M,,M,,M*00
(Sep 14 2008 13:52:48,   78102 sec) LogNmeaSentences()   $PGRMT,GPS 15-L Ver. 3.30,P,P,R,R,P,,,R,P*7E
(Sep 14 2008 13:52:48,   78103 sec) LogNmeaSentences()   $PGRMB,0.0,200,,,,K,,N,N*31
(Sep 14 2008 13:52:48,   78103 sec) LogNmeaSentences()   $PGRMM,WGS 84*06
(Sep 14 2008 13:52:55,   78110 sec) LogNmeaSentences()   $GPRMC,160610,V,4136.5861,N,07036.5571,W,,,140908,015.6,W*69
(Sep 14 2008 13:52:56,   78111 sec) LogNmeaSentences()   $GPGGA,160610,4136.5861,N,07036.5571,W,0,00,,,M,,M,,*41
(Sep 14 2008 13:52:56,   78111 sec) LogNmeaSentences()   $GPGSA,A,1,,,,,,,,,,,,,,,*1E
(Sep 14 2008 13:52:57,   78111 sec) LogNmeaSentences()   $GPGSV,3,3,11,21,06,076,00,22,00,130,00,23,61,276,00*4A
(Sep 14 2008 13:52:57,   78112 sec) LogNmeaSentences()   $PGRME,,M,,M,,M*00
(Sep 14 2008 13:52:57,   78112 sec) LogNmeaSentences()   $PGRMB,0.0,200,,,,K,,N,N*31
(Sep 14 2008 13:52:58,   78113 sec) LogNmeaSentences()   $PGRMM,WGS 84*06
(Sep 14 2008 13:53:05,   78120 sec) LogNmeaSentences()   $GPRMC,160620,V,4136.5861,N,07036.5571,W,,,140908,015.6,W*6A
(Sep 14 2008 13:53:06,   78121 sec) GpsServices()        GPS services complete.
(Sep 14 2008 13:53:19,   78133 sec) chat()               Expected string [IRIDIUM] not received.
(Sep 14 2008 13:53:19,   78134 sec) CLogin()             Connecting to primary host.
(Sep 14 2008 13:53:26,   78140 sec) chat()               Expected string [IRIDIUM] not received.
(Sep 14 2008 13:53:46,   78161 sec) CLogin()             Connection 1 established in 27 seconds.
(Sep 14 2008 13:53:48,   78163 sec) login()              Login successful.
(Sep 14 2008 13:53:49,   78164 sec) CLogin()             Logged in to host.  [Login required 3 seconds]
(Sep 14 2008 13:53:56,   78170 sec) RxConfig()           Downloading "mission.cfg" from host.
(Sep 14 2008 13:53:58,   78173 sec) Rx()                 Initiating transfer. [0x43]
(Sep 14 2008 13:54:01,   78176 sec) Rx()                 Pad character [0x1a] found in ascii mode - truncating packet.
(Sep 14 2008 13:54:04,   78178 sec) Rx()                 Received EOT - transfer complete. [1 packets, 1024 bytes, 6 sec, 170.7 bps]
(Sep 14 2008 13:54:04,   78179 sec) RxConfig()           Download successful.
(Sep 14 2008 13:54:17,   78192 sec) WriteVitals()        Writing vitals to "1068.003.msg".
(Sep 14 2008 13:54:19,   78194 sec) UpLoadFile()         Uploading "1068.003.msg" to host as "1068.003.msg".
(Sep 14 2008 13:54:20,   78195 sec) Tx()                 CRC negotiation successful. [16-bit CRC]
(Sep 14 2008 13:54:23,   78198 sec) TxPacket()           Invalid response [0x43] - resending packet. [PktNum=0x01]
(Sep 14 2008 13:54:24,   78199 sec) TxPacket()           Packet xmit history: [01110001] (0:ok, 1:fail).
(Sep 14 2008 13:54:32,   78206 sec) Tx()                 Transmission completed successfully [4 packets, 2672 bytes, 11 sec, 290.9 bps]
(Sep 14 2008 13:54:32,   78207 sec) UpLoadFile()         Upload successful.
(Sep 14 2008 13:54:36,   78211 sec) UpLoadFile()         Uploading "1068.003.log" to host as "1068.003.log".
(Sep 14 2008 13:54:38,   78213 sec) Tx()                 CRC negotiation successful. [16-bit CRC]
(Sep 14 2008 13:55:39,   78273 sec) Tx()                 Transmission completed successfully [28 packets, 27879 bytes, 59 sec, 486.0 bps]
(Sep 14 2008 13:55:39,   78274 sec) UpLoadFile()         Upload successful.
(Sep 14 2008 13:55:45,   78280 sec) UpLoad()             Files successfully uploaded: 2
(Sep 14 2008 13:55:45,   78280 sec) UpLoad()             Upload complete.
(Sep 14 2008 13:55:46,   78281 sec) logout()             Log-out successful.
(Sep 14 2008 13:55:47,   78282 sec) Telemetry()          Telemetry cycle complete: PrfId=3 ConnectionAttempts=1  Connections=1
(Sep 14 2008 13:55:48,   78283 sec) TelemetryTerminate() Parsing new mission configuration.
(Sep 14 2008 13:55:49,   78284 sec) configure()          Parsing configurators in "mission.cfg".
(Sep 14 2008 13:55:51,   78286 sec) configure()             AscentTimeOut(500) [CRC=0x4506] [AscentTimeOut(500)].
(Sep 14 2008 13:55:53,   78288 sec) configure()             AirBladderMaxP(127) [CRC=0x82CF] [AirBladderMaxP(127)].
(Sep 14 2008 13:55:56,   78290 sec) configure()             AtDialCmd(ATDT0012066859312) [CRC=0x1212] [AtDialCmd(ATDT0012066859312)].
(Sep 14 2008 13:55:58,   78293 sec) configure()             AltDialCmd(ATDT201) [CRC=0x2078] [AltDialCmd(ATDT201)].
(Sep 14 2008 13:55:58,   78293 sec) configure()          Configuration CRCs and syntax OK.
(Sep 14 2008 13:55:58,   78293 sec) ConfigSupervisor()   Configuration accepted.
(Sep 14 2008 13:55:59,   78294 sec) TelemetryTerminate() Reconditioning the file system.
(Sep 14 2008 13:56:08,       5 sec) DescentInit()        Deep profile 4 initiated at mission-time 78297sec.
(Sep 14 2008 13:56:10,       8 sec) DescentInit()        Surface pressure: 0.0dbars.
(Sep 14 2008 13:56:15,      12 sec) PistonMoveAbsWTO()    192->064 191 190 189 188 187 186 185 184 183 182 181 180 179 178 177 176 175 174 173 172 171 170 169 168 167 166 165 164 163 162 161 160 159 158 157 156 155 154 153 152 151 150 149 148 147 146 145 144 143 142 141 140 139 138 137 136 135 134 133 132 131 130 129 128 127 126 125 124 123 122 121 120 119 118 117 116 115 114 113 112 111 110 109 108 107 106 105 104 103 102 101 100 099 098 097 096 095 094 093 092 091 090 089 088 087 086 085 084 083 082 081 080 079 078 077 076 075 074 073 072 071 070 069 068 067 066 065 064 [1381sec, 8.6Volts, 0.177Amps, CPT:1381sec]
(Sep 14 2008 14:19:25,    1402 sec) Descent()            Pressure: 202.8
(Sep 14 2008 14:56:06,    3603 sec) Descent()            Pressure: 481.3
(Sep 14 2008 15:56:06,    7203 sec) Descent()            Pressure: 828.2
(Sep 14 2008 16:56:06,   10803 sec) Descent()            Pressure: 954.4
(Sep 14 2008 17:56:06,   14403 sec) Descent()            Pressure: 988.2
(Sep 14 2008 18:56:06,   18003 sec) Descent()            Pressure: 998.9
(Sep 14 2008 19:56:06,   21603 sec) Descent()            Pressure: 1002.2
(Sep 14 2008 19:56:06,   21603 sec) ParkInit()           
(Sep 15 2008 01:56:15,   43213 sec) ParkTerminate()      Piston Position:64 Vacuum:103 Vq:129 Aq:4 Vseascan:128 Aseascan:5
(Sep 15 2008 01:56:18,   43215 sec) ParkTerminate()      PT: 1003.3dbars 3.9070C
(Sep 15 2008 01:56:18,   43215 sec) GoDeepInit()         Moving piston.
(Sep 15 2008 01:56:18,   43216 sec) PistonMoveAbsWTO()    064->014 063 062 061 060 059 058 057 056 055 054 053 052 051 050 049 048 047 046 045 044 043 042 041 040 039 038 037 036 035 034 033 032 031 030 029 028 027 026 025 024 023 022 021 020 019 018 017 016 015 014 [540sec, 8.7Volts, 0.177Amps, CPT:1921sec]
(Sep 15 2008 07:56:06,   64803 sec) ProfileInit()        PrfId:004  Pressure:1995.1dbar  pTable[1]:1950dbar
(Sep 15 2008 07:56:08,   64806 sec) PistonMoveAbsWTO()    014->036 015 016 017 [30sec, 8.8Volts, 0.185Amps, CPT:1951sec]
(Sep 15 2008 07:56:48,   64845 sec) PistonMoveAbsWTO()    017->036 018 019 020 [30sec, 8.8Volts, 0.185Amps, CPT:1981sec]
(Sep 15 2008 07:57:27,   64884 sec) PistonMoveAbsWTO()    020->036 021 022 023 [30sec, 8.8Volts, 0.185Amps, CPT:2011sec]
(Sep 15 2008 07:58:06,   64923 sec) PistonMoveAbsWTO()    023->036 024 025 026 [30sec, 8.8Volts, 0.185Amps, CPT:2041sec]
(Sep 15 2008 07:58:45,   64962 sec) PistonMoveAbsWTO()    026->036 027 028 029 [30sec, 8.8Volts, 0.185Amps, CPT:2071sec]
(Sep 15 2008 07:59:24,   65001 sec) PistonMoveAbsWTO()    029->036 030 031 032 [30sec, 8.8Volts, 0.181Amps, CPT:2101sec]
(Sep 15 2008 08:00:03,   65040 sec) PistonMoveAbsWTO()    032->036 033 034 035 [30sec, 8.8Volts, 0.185Amps, CPT:2131sec]
(Sep 15 2008 08:00:43,   65080 sec) PistonMoveAbsWTO()    035->036 036 [5sec, 8.8Volts, 0.185Amps, CPT:2136sec]
(Sep 15 2008 08:10:56,   65693 sec) Profile()            Sample 0 initiated at 1944.7dbars for bin 1 [1950dbars].  PT: 1944.6dbars 2.1320C
(Sep 15 2008 08:16:02,   65999 sec) AscentControlAgent() Bouyancy nudge to 46 (v=0.058dbar/sec).
(Sep 15 2008 08:16:02,   66000 sec) PistonMoveAbsWTO()    036->046 037 038 [30sec, 8.8Volts, 0.177Amps, CPT:2166sec]
(Sep 15 2008 08:16:41,   66038 sec) PistonMoveAbsWTO()    038->046 039 040 041 [30sec, 8.8Volts, 0.181Amps, CPT:2196sec]
(Sep 15 2008 08:17:21,   66078 sec) PistonMoveAbsWTO()    041->046 042 043 044 [30sec, 8.8Volts, 0.185Amps, CPT:2226sec]
(Sep 15 2008 08:18:00,   66117 sec) PistonMoveAbsWTO()    044->046 045 046 [12sec, 8.8Volts, 0.185Amps, CPT:2238sec]
(Sep 15 2008 08:23:18,   66435 sec) Profile()            Sample 1 initiated at 1889.3dbars for bin 2 [1900dbars].  PT: 1889.1dbars 2.1970C
(Sep 15 2008 08:33:30,   67047 sec) Profile()            Sample 2 initiated at 1839.0dbars for bin 3 [1850dbars].  PT: 1838.9dbars 2.2770C
(Sep 15 2008 08:38:37,   67354 sec) AscentControlAgent() Bouyancy nudge to 56 (v=0.077dbar/sec).
(Sep 15 2008 08:38:37,   67354 sec) PistonMoveAbsWTO()    046->056 047 048 [30sec, 8.8Volts, 0.185Amps, CPT:2268sec]
(Sep 15 2008 08:39:17,   67394 sec) PistonMoveAbsWTO()    049->056 050 051 [30sec, 8.8Volts, 0.185Amps, CPT:2298sec]
(Sep 15 2008 08:39:56,   67433 sec) PistonMoveAbsWTO()    051->056 052 053 054 [30sec, 8.8Volts, 0.181Amps, CPT:2328sec]
(Sep 15 2008 08:40:35,   67472 sec) PistonMoveAbsWTO()    054->056 055 056 [12sec, 8.8Volts, 0.185Amps, CPT:2340sec]
(Sep 15 2008 08:45:52,   67789 sec) Profile()            Sample 3 initiated at 1773.6dbars for bin 4 [1800dbars].  PT: 1773.4dbars 2.3610C
(Sep 15 2008 08:50:59,   68096 sec) Profile()            Sample 4 initiated at 1744.3dbars for bin 5 [1750dbars].  PT: 1744.1dbars 2.4010C
(Sep 15 2008 09:01:11,   68708 sec) Profile()            Sample 5 initiated at 1688.8dbars for bin 6 [1700dbars].  PT: 1688.6dbars 2.4950C
(Sep 15 2008 09:11:23,   69320 sec) Profile()            Sample 6 initiated at 1637.3dbars for bin 7 [1650dbars].  PT: 1637.1dbars 2.5640C
(Sep 15 2008 09:16:30,   69627 sec) AscentControlAgent() Bouyancy nudge to 66 (v=0.079dbar/sec).
(Sep 15 2008 09:16:30,   69627 sec) PistonMoveAbsWTO()    056->066 057 058 [30sec, 8.8Volts, 0.185Amps, CPT:2370sec]
(Sep 15 2008 09:17:10,   69667 sec) PistonMoveAbsWTO()    058->066 059 060 061 [30sec, 8.8Volts, 0.185Amps, CPT:2400sec]
(Sep 15 2008 09:17:49,   69706 sec) PistonMoveAbsWTO()    061->066 062 063 064 [30sec, 8.8Volts, 0.185Amps, CPT:2430sec]
(Sep 15 2008 09:18:28,   69745 sec) PistonMoveAbsWTO()    064->066 065 066 [12sec, 8.8Volts, 0.181Amps, CPT:2442sec]
(Sep 15 2008 09:23:46,   70063 sec) Profile()            Sample 7 initiated at 1571.1dbars for bin 8 [1600dbars].  PT: 1570.9dbars 2.6730C
(Sep 15 2008 09:28:53,   70370 sec) Profile()            Sample 8 initiated at 1542.0dbars for bin 9 [1550dbars].  PT: 1541.8dbars 2.7190C
(Sep 15 2008 09:39:05,   70982 sec) Profile()            Sample 9 initiated at 1486.9dbars for bin 10 [1500dbars].  PT: 1486.8dbars 2.7940C
(Sep 15 2008 09:49:17,   71594 sec) Profile()            Sample 10 initiated at 1435.9dbars for bin 11 [1450dbars].  PT: 1435.7dbars 2.8860C
(Sep 15 2008 09:54:24,   71901 sec) AscentControlAgent() Bouyancy nudge to 76 (v=0.078dbar/sec).
(Sep 15 2008 09:54:24,   71901 sec) PistonMoveAbsWTO()    066->076 067 068 069 [30sec, 8.8Volts, 0.185Amps, CPT:2472sec]
(Sep 15 2008 09:55:04,   71941 sec) PistonMoveAbsWTO()    069->076 070 071 072 [30sec, 8.8Volts, 0.185Amps, CPT:2502sec]
(Sep 15 2008 09:55:43,   71980 sec) PistonMoveAbsWTO()    072->076 073 074 [30sec, 8.8Volts, 0.181Amps, CPT:2532sec]
(Sep 15 2008 09:56:24,   72021 sec) Profile()            Sample 11 initiated at 1400.9dbars for bin 12 [1400dbars].  PT: 1400.7dbars 2.9530C
(Sep 15 2008 09:56:24,   72022 sec) PistonMoveAbsWTO()    075->076 076 [11sec, 8.8Volts, 0.181Amps, CPT:2543sec]
(Sep 15 2008 10:06:46,   72643 sec) Profile()            Sample 12 initiated at 1340.1dbars for bin 13 [1350dbars].  PT: 1339.9dbars 3.0640C
(Sep 15 2008 10:16:58,   73255 sec) Profile()            Sample 13 initiated at 1284.4dbars for bin 14 [1300dbars].  PT: 1284.2dbars 3.2210C
(Sep 15 2008 10:27:10,   73867 sec) Profile()            Sample 14 initiated at 1233.0dbars for bin 15 [1250dbars].  PT: 1232.8dbars 3.3330C
(Sep 15 2008 10:32:17,   74174 sec) AscentControlAgent() Bouyancy nudge to 86 (v=0.079dbar/sec).
(Sep 15 2008 10:32:17,   74174 sec) PistonMoveAbsWTO()    076->086 077 078 079 [30sec, 8.8Volts, 0.181Amps, CPT:2573sec]
(Sep 15 2008 10:32:56,   74213 sec) PistonMoveAbsWTO()    079->086 080 081 082 [30sec, 8.8Volts, 0.185Amps, CPT:2603sec]
(Sep 15 2008 10:33:35,   74252 sec) PistonMoveAbsWTO()    082->086 083 084 085 [30sec, 8.8Volts, 0.181Amps, CPT:2633sec]
(Sep 15 2008 10:34:16,   74293 sec) Profile()            Sample 15 initiated at 1198.1dbars for bin 16 [1200dbars].  PT: 1197.9dbars 3.3940C
(Sep 15 2008 10:34:16,   74294 sec) PistonMoveAbsWTO()    085->086 086 [10sec, 8.8Volts, 0.181Amps, CPT:2643sec]
(Sep 15 2008 10:44:38,   74915 sec) Profile()            Sample 16 initiated at 1138.3dbars for bin 17 [1150dbars].  PT: 1138.1dbars 3.5220C
(Sep 15 2008 10:54:50,   75527 sec) Profile()            Sample 17 initiated at 1083.8dbars for bin 18 [1100dbars].  PT: 1083.6dbars 3.6840C
(Sep 15 2008 11:05:02,   76139 sec) Profile()            Sample 18 initiated at 1033.6dbars for bin 19 [1050dbars].  PT: 1033.4dbars 3.8260C
(Sep 15 2008 11:10:09,   76446 sec) AscentControlAgent() Bouyancy nudge to 96 (v=0.077dbar/sec).
(Sep 15 2008 11:10:09,   76447 sec) PistonMoveAbsWTO()    086->096 087 088 [30sec, 8.8Volts, 0.185Amps, CPT:2673sec]
(Sep 15 2008 11:10:48,   76485 sec) PistonMoveAbsWTO()    088->096 089 090 091 [30sec, 8.8Volts, 0.181Amps, CPT:2703sec]
(Sep 15 2008 11:11:27,   76524 sec) PistonMoveAbsWTO()    091->096 092 093 094 [30sec, 8.8Volts, 0.185Amps, CPT:2733sec]
(Sep 15 2008 11:12:08,   76565 sec) Profile()            Sample 19 initiated at 999.4dbars for bin 20 [1000dbars].  PT: 999.2dbars 3.9340C
(Sep 15 2008 11:12:08,   76566 sec) PistonMoveAbsWTO()    094->096 095 096 [12sec, 8.8Volts, 0.185Amps, CPT:2745sec]
(Sep 15 2008 11:22:32,   77189 sec) Profile()            Sample 20 initiated at 939.6dbars for bin 21 [950dbars].  PT: 939.4dbars 4.0550C
(Sep 15 2008 11:32:44,   77801 sec) Profile()            Sample 21 initiated at 885.4dbars for bin 22 [900dbars].  PT: 885.2dbars 4.2080C
(Sep 15 2008 11:42:56,   78413 sec) Profile()            Sample 22 initiated at 835.7dbars for bin 23 [850dbars].  PT: 835.6dbars 4.3760C
(Sep 15 2008 11:42:58,   78415 sec) AscentControlAgent() Bouyancy nudge to 106 (v=0.079dbar/sec).
(Sep 15 2008 11:42:58,   78416 sec) PistonMoveAbsWTO()    096->106 097 098 099 [30sec, 8.8Volts, 0.181Amps, CPT:2775sec]
(Sep 15 2008 11:43:38,   78455 sec) PistonMoveAbsWTO()    099->106 100 101 [30sec, 8.8Volts, 0.181Amps, CPT:2805sec]
(Sep 15 2008 11:44:17,   78494 sec) PistonMoveAbsWTO()    102->106 103 104 [30sec, 8.8Volts, 0.181Amps, CPT:2835sec]
(Sep 15 2008 11:44:56,   78533 sec) PistonMoveAbsWTO()    104->106 105 106 [12sec, 8.8Volts, 0.181Amps, CPT:2847sec]
(Sep 15 2008 11:50:13,   78850 sec) Profile()            Sample 23 initiated at 793.4dbars for bin 24 [800dbars].  PT: 793.2dbars 4.4950C
(Sep 15 2008 12:00:25,   79462 sec) Profile()            Sample 24 initiated at 736.1dbars for bin 25 [750dbars].  PT: 735.9dbars 4.7120C
(Sep 15 2008 12:10:37,   80074 sec) Profile()            Sample 25 initiated at 683.6dbars for bin 26 [700dbars].  PT: 683.5dbars 4.9450C
(Sep 15 2008 12:15:44,   80381 sec) AscentControlAgent() Bouyancy nudge to 116 (v=0.079dbar/sec).
(Sep 15 2008 12:15:44,   80381 sec) PistonMoveAbsWTO()    106->116 107 108 [30sec, 8.8Volts, 0.181Amps, CPT:2877sec]
(Sep 15 2008 12:16:23,   80420 sec) PistonMoveAbsWTO()    109->116 110 111 [30sec, 8.8Volts, 0.185Amps, CPT:2907sec]
(Sep 15 2008 12:17:02,   80459 sec) PistonMoveAbsWTO()    111->116 112 113 114 [30sec, 8.8Volts, 0.185Amps, CPT:2937sec]
(Sep 15 2008 12:17:43,   80500 sec) Profile()            Sample 26 initiated at 648.8dbars for bin 27 [650dbars].  PT: 648.6dbars 5.0880C
(Sep 15 2008 12:17:43,   80501 sec) PistonMoveAbsWTO()    114->116 115 116 [12sec, 8.8Volts, 0.181Amps, CPT:2949sec]
(Sep 15 2008 12:28:06,   81123 sec) Profile()            Sample 27 initiated at 589.8dbars for bin 28 [600dbars].  PT: 589.6dbars 5.2450C
(Sep 15 2008 12:38:18,   81735 sec) Profile()            Sample 28 initiated at 536.8dbars for bin 29 [550dbars].  PT: 536.7dbars 5.4320C
(Sep 15 2008 12:48:30,   82347 sec) Profile()            Sample 29 initiated at 488.9dbars for bin 30 [500dbars].  PT: 488.8dbars 5.6010C
(Sep 15 2008 12:48:32,   82349 sec) AscentControlAgent() Bouyancy nudge to 126 (v=0.076dbar/sec).
(Sep 15 2008 12:48:32,   82350 sec) PistonMoveAbsWTO()    116->126 117 118 119 [30sec, 8.8Volts, 0.185Amps, CPT:2979sec]
(Sep 15 2008 12:49:12,   82389 sec) PistonMoveAbsWTO()    119->126 120 121 [30sec, 8.8Volts, 0.185Amps, CPT:3009sec]
(Sep 15 2008 12:49:51,   82428 sec) PistonMoveAbsWTO()    122->126 123 124 [30sec, 8.8Volts, 0.185Amps, CPT:3039sec]
(Sep 15 2008 12:50:30,   82467 sec) PistonMoveAbsWTO()    124->126 125 126 [11sec, 8.8Volts, 0.181Amps, CPT:3050sec]
(Sep 15 2008 12:55:47,   82784 sec) Profile()            Sample 30 initiated at 447.6dbars for bin 31 [450dbars].  PT: 447.4dbars 5.7260C
(Sep 15 2008 13:05:59,   83396 sec) Profile()            Sample 31 initiated at 392.4dbars for bin 32 [400dbars].  PT: 392.2dbars 5.9990C
(Sep 15 2008 13:11:06,   83703 sec) Profile()            Sample 32 initiated at 366.9dbars for bin 33 [380dbars].  PT: 366.7dbars 6.2350C
(Sep 15 2008 13:16:13,   84010 sec) Profile()            Sample 33 initiated at 342.9dbars for bin 34 [360dbars].  PT: 342.7dbars 6.6820C
(Sep 15 2008 13:16:15,   84012 sec) AscentControlAgent() Bouyancy nudge to 136 (v=0.078dbar/sec).
(Sep 15 2008 13:16:15,   84013 sec) PistonMoveAbsWTO()    126->136 127 128 [30sec, 8.8Volts, 0.181Amps, CPT:3080sec]
(Sep 15 2008 13:16:57,   84054 sec) Profile()            Sample 34 initiated at 339.4dbars for bin 35 [350dbars].  PT: 339.2dbars 6.7370C
(Sep 15 2008 13:16:57,   84055 sec) PistonMoveAbsWTO()    129->136 130 131 [30sec, 8.8Volts, 0.181Amps, CPT:3110sec]
(Sep 15 2008 13:17:39,   84096 sec) Profile()            Sample 35 initiated at 335.7dbars for bin 36 [340dbars].  PT: 335.5dbars 6.7820C
(Sep 15 2008 13:17:39,   84097 sec) PistonMoveAbsWTO()    131->136 132 133 134 [30sec, 8.8Volts, 0.181Amps, CPT:3140sec]
(Sep 15 2008 13:18:19,   84136 sec) PistonMoveAbsWTO()    134->136 135 136 [11sec, 8.8Volts, 0.185Amps, CPT:3151sec]
(Sep 15 2008 13:23:35,   84452 sec) Profile()            Sample 36 initiated at 301.1dbars for bin 37 [330dbars].  PT: 300.9dbars 7.1980C
(Sep 15 2008 13:28:42,   84759 sec) Profile()            Sample 37 initiated at 272.3dbars for bin 38 [320dbars].  PT: 272.1dbars 7.3910C
(Sep 15 2008 13:33:49,   85066 sec) Profile()            Sample 38 initiated at 245.0dbars for bin 39 [310dbars].  PT: 244.8dbars 7.5210C
(Sep 15 2008 13:38:56,   85373 sec) Profile()            Sample 39 initiated at 218.9dbars for bin 40 [300dbars].  PT: 218.7dbars 7.7160C
(Sep 15 2008 13:44:03,   85680 sec) Profile()            Sample 40 initiated at 194.5dbars for bin 41 [290dbars].  PT: 194.3dbars 8.0150C
(Sep 15 2008 13:44:05,   85682 sec) AscentControlAgent() Bouyancy nudge to 146 (v=0.079dbar/sec).
(Sep 15 2008 13:44:05,   85683 sec) PistonMoveAbsWTO()    136->146 137 138 139 [30sec, 8.8Volts, 0.185Amps, CPT:3181sec]
(Sep 15 2008 13:44:47,   85724 sec) Profile()            Sample 41 initiated at 190.9dbars for bin 42 [280dbars].  PT: 190.8dbars 8.0530C
(Sep 15 2008 13:44:47,   85725 sec) PistonMoveAbsWTO()    139->146 140 141 142 [30sec, 8.8Volts, 0.185Amps, CPT:3211sec]
(Sep 15 2008 13:45:29,   85766 sec) Profile()            Sample 42 initiated at 187.2dbars for bin 43 [270dbars].  PT: 187.0dbars 8.1080C
(Sep 15 2008 13:45:29,   85767 sec) PistonMoveAbsWTO()    142->146 143 144 145 [30sec, 8.8Volts, 0.181Amps, CPT:3241sec]
(Sep 15 2008 13:46:11,   85808 sec) Profile()            Sample 43 initiated at 183.3dbars for bin 44 [260dbars].  PT: 183.1dbars 8.1760C
(Sep 15 2008 13:46:11,   85809 sec) PistonMoveAbsWTO()    145->146 146 [10sec, 8.8Volts, 0.185Amps, CPT:3251sec]
(Sep 15 2008 13:51:28,   86125 sec) Profile()            Sample 44 initiated at 152.9dbars for bin 45 [250dbars].  PT: 152.8dbars 8.4700C
(Sep 15 2008 13:56:35,   86432 sec) Profile()            Sample 45 initiated at 125.4dbars for bin 46 [240dbars].  PT: 125.2dbars 8.8510C
(Sep 15 2008 14:01:42,   86739 sec) Profile()            Sample 46 initiated at 100.2dbars for bin 47 [230dbars].  PT: 100.1dbars 9.0700C
(Sep 15 2008 14:06:49,   87046 sec) Profile()            Sample 47 initiated at 77.3dbars for bin 48 [220dbars].  PT: 77.2dbars 9.3790C
(Sep 15 2008 14:06:51,   87048 sec) AscentControlAgent() Bouyancy nudge to 156 (v=0.074dbar/sec).
(Sep 15 2008 14:06:51,   87049 sec) PistonMoveAbsWTO()    146->156 147 148 149 [30sec, 8.8Volts, 0.189Amps, CPT:3281sec]
(Sep 15 2008 14:07:33,   87090 sec) Profile()            Sample 48 initiated at 74.1dbars for bin 49 [210dbars].  PT: 74.0dbars 9.4540C
(Sep 15 2008 14:07:33,   87091 sec) PistonMoveAbsWTO()    149->156 150 151 152 [30sec, 8.8Volts, 0.181Amps, CPT:3311sec]
(Sep 15 2008 14:08:15,   87132 sec) Profile()            Sample 49 initiated at 70.8dbars for bin 50 [200dbars].  PT: 70.6dbars 9.5320C
(Sep 15 2008 14:08:15,   87133 sec) PistonMoveAbsWTO()    152->156 153 154 155 [30sec, 8.8Volts, 0.181Amps, CPT:3341sec]
(Sep 15 2008 14:08:57,   87174 sec) Profile()            Sample 50 initiated at 67.2dbars for bin 51 [190dbars].  PT: 67.0dbars 9.6030C
(Sep 15 2008 14:08:57,   87175 sec) PistonMoveAbsWTO()    155->156 156 [10sec, 8.8Volts, 0.185Amps, CPT:3351sec]
(Sep 15 2008 14:14:13,   87490 sec) Profile()            Sample 51 initiated at 39.8dbars for bin 52 [180dbars].  PT: 39.6dbars 10.0250C
(Sep 15 2008 14:14:26,   87503 sec) Profile()            Sample 52 initiated at 38.9dbars for bin 53 [170dbars].  PT: 38.8dbars 10.1150C
(Sep 15 2008 14:14:38,   87515 sec) Profile()            Sample 53 initiated at 38.1dbars for bin 54 [160dbars].  PT: 37.9dbars 10.2910C
(Sep 15 2008 14:14:50,   87527 sec) Profile()            Sample 54 initiated at 37.3dbars for bin 55 [150dbars].  PT: 37.2dbars 10.4650C
(Sep 15 2008 14:15:02,   87539 sec) Profile()            Sample 55 initiated at 36.5dbars for bin 56 [140dbars].  PT: 36.4dbars 10.6370C
(Sep 15 2008 14:15:14,   87551 sec) Profile()            Sample 56 initiated at 35.7dbars for bin 57 [130dbars].  PT: 35.6dbars 10.8050C
(Sep 15 2008 14:15:26,   87563 sec) Profile()            Sample 57 initiated at 35.0dbars for bin 58 [120dbars].  PT: 34.8dbars 10.9710C
(Sep 15 2008 14:15:38,   87575 sec) Profile()            Sample 58 initiated at 34.2dbars for bin 59 [110dbars].  PT: 34.1dbars 11.1340C
(Sep 15 2008 14:15:50,   87587 sec) Profile()            Sample 59 initiated at 33.5dbars for bin 60 [100dbars].  PT: 33.4dbars 11.2950C
(Sep 15 2008 14:16:02,   87599 sec) Profile()            Sample 60 initiated at 32.8dbars for bin 61 [90dbars].  PT: 32.6dbars 11.4520C
(Sep 15 2008 14:16:14,   87611 sec) Profile()            Sample 61 initiated at 32.1dbars for bin 62 [80dbars].  PT: 31.9dbars 11.6070C
(Sep 15 2008 14:16:26,   87623 sec) Profile()            Sample 62 initiated at 31.4dbars for bin 63 [70dbars].  PT: 31.3dbars 11.7590C
(Sep 15 2008 14:16:38,   87635 sec) Profile()            Sample 63 initiated at 30.7dbars for bin 64 [60dbars].  PT: 30.6dbars 11.9080C
(Sep 15 2008 14:16:50,   87647 sec) Profile()            Sample 64 initiated at 30.0dbars for bin 65 [50dbars].  PT: 29.9dbars 12.0540C
(Sep 15 2008 14:17:02,   87659 sec) Profile()            Sample 65 initiated at 29.4dbars for bin 66 [40dbars].  PT: 29.3dbars 12.1820C
(Sep 15 2008 14:17:14,   87671 sec) Profile()            Sample 66 initiated at 28.7dbars for bin 67 [30dbars].  PT: 28.6dbars 12.2910C
(Sep 15 2008 14:19:23,   87800 sec) AscentControlAgent() Bouyancy nudge to 166 (v=0.056dbar/sec).
(Sep 15 2008 14:19:23,   87801 sec) PistonMoveAbsWTO()    156->166 157 158 159 [30sec, 8.8Volts, 0.185Amps, CPT:3381sec]
(Sep 15 2008 14:20:05,   87842 sec) Profile()            Sample 67 initiated at 20.3dbars for bin 68 [20dbars].  PT: 20.2dbars 13.7120C
(Sep 15 2008 14:20:05,   87843 sec) PistonMoveAbsWTO()    159->166 160 161 162 [30sec, 8.8Volts, 0.185Amps, CPT:3411sec]
(Sep 15 2008 14:20:45,   87882 sec) PistonMoveAbsWTO()    162->166 163 [15sec, 8.8Volts, 0.185Amps, CPT:3426sec]
(Sep 15 2008 14:21:09,   87906 sec) PistonMoveAbsWTO()    163->166 164 [15sec, 8.8Volts, 0.181Amps, CPT:3441sec]
(Sep 15 2008 14:21:33,   87930 sec) PistonMoveAbsWTO()    164->166 165 166 [12sec, 8.8Volts, 0.181Amps, CPT:3453sec]
(Sep 15 2008 14:22:32,   87989 sec) Profile()            Sample 68 initiated at 10.8dbars for bin 69 [10dbars].  PT: 10.7dbars 14.2430C
(Sep 15 2008 14:23:38,   88055 sec) Profile()            Sample 69 initiated at 6.5dbars for bin 70 [6dbars].  PT: 6.3dbars 14.2960C
(Sep 15 2008 14:24:18,   88095 sec) SurfaceDetect()      SurfacePressure:0.0dbars Pressure:3.7dbars PistonPosition:166
(Sep 15 2008 14:24:18,   88096 sec) PistonMoveAbsWTO()    166->188 167 168 169 170 171 172 173 174 175 176 177 178 179 180 181 182 183 184 185 186 187 188 [223sec, 8.7Volts, 0.181Amps, CPT:3676sec]

<EOT>
