---   ---
Program: sys.c,  Build: Apr 14 2018 18:24:20
System Parameters: CF2 SN 12997, PicoDOS 4.03, BIOS 4.03
Program:   Version:   Project:   Platform:   Starts: 1
Started: 03-14-18 19:59:32
---   ---
cfgRead(SYS.CFG)
+cfgVee()
16000kHz nsF:90 nsR:70 nsC:190 adj:-10 WF:0  WR:0  WC:2  SYPCR:13
+antInit()
+boyInit()
+utlLogFile
+ctdInit()
+mpcPam(2)
+ctdAuton(0)
+utlLogFile
+ngkInit()
boyMain(): starting with phase 0
+antStart() 03-14-18 19:59:35
+antDevice(cf2)
Err	| expected ant startup message, got ''
+deployPhase()@03-14-18 19:59:40 at 34.00>10 so wait until not moving

	| boy.dockD = 34.00
	| go to surface, call home
+riseUp(0m)
+ngkSend(#R,01,03) at 19:59:57
+ngkRecv(riseRsp) at 20:00:08
+ngkSend(#S,01,00) at 20:00:08
+ngkRecv(stopRsp) at 20:00:19
	| deployed @ 03-14-18 20:00:19
+callPhase()@03-14-18 20:00:19
+dropPhase()@03-14-18 20:00:19
+ngkSend(#F,01,00) at 20:00:19
+ngkRecv(dropRsp) at 20:00:31
+ngkRecv(stopCmd) at 20:00:49
+ngkSend(%S,01,00) at 20:00:49
	|
ngkSend() amodem bad response ''
+ngkSend(%S,01,00) at 20:00:51
+antGetSamples()
+utlLogFile
antGetSamples(): 69 bytes to ant
+utlLogFile
Err(file)	|0| utlLogFile(ctd): open failed for log\ctd.log
+ctdGetSamples()
ERR	| ctdGetSamples() could not write ctd.log+[-1] = -1 bytes to ctd
+dataPhase()@03-14-18 20:00:58
+risePhase()@03-14-18 20:00:58
	| oceanCurrChk()
Err(ant)	|0| ant: timer expired
+antBreak()
Err(ant)	|1| antPrompt() fail
Err(ant)	|2| antSample: TS command fail
+antBreak()
Err(ant)	|3| antPrompt() fail
Err(ant)	|4| antSample: TS command fail @0.0=16.0 too strong, cancel ascent
+dropPhase()@03-14-18 20:01:38
+ngkSend(#F,01,00) at 20:01:38
+antBreak()
Err(ant)	|5| antPrompt() fail
Err(ant)	|6| antSample: TS command fail
+antBreak()
Err(ant)	|7| antPrompt() fail
Err(ant)	|8| antSample: TS command fail
+ngkRecv(dropRsp) at 20:01:55
mpcSleep() at 03-14-18 20:01:55
pc 22

Pin 22 [I/O OUT] = 0
C:\>
