$ kahn@gorda 07:20:10 ~ $
 cd Winch/emu
$ kahn@gorda 07:20:32 ~/Winch/emu $
 ./start
start() stop() restart() info() mooring
winch:  go=False  winch.motor('off')  winch.cable(0.00)
sbe39:  go=False  depth=34 temper=20.1  sleepMode=False
>>> start()
serial /dev/ttyS5 for winch
serial /dev/ttyS3 for sbe39
>>> sbe39<< '\r'
sbe39>> '<Executed/>\r\n'
sbe39<< '\r'
sbe39>> '<Executed/>\r\n'
sbe39<< 'TS\r'
sbe39>> 'TS\r\n'
sbe39>> ' 20.1000,   34.000, 14 Apr 2018, 19:21:44\r\n'
sbe39>> '<Executed/>\r\n'
sbe39<< 'datetime=03142018192549\r'
sbe39: 906.848 set date time 03142018192549 -> 14 Mar 2018, 19:25:49
sbe39>> '<Executed/>\r\n'
sbe39<< 'TS\r'
sbe39>> 'TS\r\n'
sbe39>> ' 20.1000,   34.000, 14 Mar 2018, 19:25:52\r\n'
sbe39>> '<Executed/>\r\n'
sbe39<< 'TS\r'
sbe39>> 'TS\r\n'
sbe39>> ' 20.1000,   34.000, 14 Mar 2018, 19:25:55\r\n'
sbe39>> '<Executed/>\r\n'
sbe39<< 'TS\r'
sbe39>> 'TS\r\n'
sbe39>> ' 20.1000,   34.000, 14 Mar 2018, 19:25:58\r\n'
sbe39>> '<Executed/>\r\n'
sbe39<< 'TS\r'
sbe39>> 'TS\r\n'
winch<< '\x00#R,01,03\r\n'
winch: 926.754 hearing #R,01,03

winch>> 'OK'
sbe39>> ' 20.1000,   34.000, 14 Mar 2018, 19:26:09\r\n'
sbe39>> '<Executed/>\r\n'
sbe39<< 'TS\r'
sbe39>> 'TS\r\n'
sbe39>> ' 20.1000,   34.000, 14 Mar 2018, 19:26:09\r\n'
sbe39>> '<Executed/>\r\n'
sbe39<< 'TS\r'
sbe39>> 'TS\r\n'
sbe39>> ' 20.1000,   34.000, 14 Mar 2018, 19:26:10\r\n'
sbe39>> '<Executed/>\r\n'
sbe39<< 'TS\r'
sbe39>> 'TS\r\n'
sbe39>> ' 20.1000,   34.000, 14 Mar 2018, 19:26:11\r\n'
sbe39>> '<Executed/>\r\n'
sbe39<< 'TS\r'
sbe39>> 'TS\r\n'
sbe39>> ' 20.1000,   34.000, 14 Mar 2018, 19:26:12\r\n'
sbe39>> '<Executed/>\r\n'
sbe39<< 'TS\r'
sbe39>> 'TS\r\n'
sbe39>> ' 20.1000,   34.000, 14 Mar 2018, 19:26:12\r\n'
sbe39>> '<Executed/>\r\n'
sbe39<< 'TS\r'
sbe39>> 'TS\r\n'
sbe39>> ' 20.1000,   34.000, 14 Mar 2018, 19:26:13\r\n'
sbe39>> '<Executed/>\r\n'
sbe39<< 'TS\r'
sbe39>> 'TS\r\n'
winch: 932.258 motor up with cableLen at 0.00
sbe39>> ' 20.1000,   33.967, 14 Mar 2018, 19:26:14\r\n'
sbe39>> '<Executed/>\r\n'
winch>> '%R,02,00'
winch: 34.769 surfaced
winch: 34.769 motor off with cableLen at 33.93
winch>> '#S,02,00\r\n'
winch>> '#S,02,00\r\n'
winch>> '#S,02,00\r\n'
sbe39>> "<Timeout msg='2 min inactivity timeout, returning to sleep'/>\r\n"
sbe39: 51.895 sbe39 ctd sleepMode
sbe39<< '\r'
sbe39: 715.145 waking, flushing ''
sbe39>> '<Executed/>\r\n'
sbe39<< 'datetime=03142018195558\r'
sbe39: 716.089 set date time 03142018195558 -> 14 Mar 2018, 19:55:58
sbe39>> '<Executed/>\r\n'
sbe39<< '\r'
sbe39>> '<Executed/>\r\n'
sbe39<< 'TS\r'
sbe39>> 'TS\r\n'
sbe39>> ' 20.1000,    1.496, 14 Mar 2018, 19:55:58\r\n'
sbe39>> '<Executed/>\r\n'
sbe39<< 'TS\r'
sbe39>> 'TS\r\n'
sbe39>> ' 20.1000,    1.101, 14 Mar 2018, 19:55:59\r\n'
sbe39>> '<Executed/>\r\n'
sbe39<< 'TS\r'
sbe39>> 'TS\r\n'
sbe39>> ' 20.1000,    0.969, 14 Mar 2018, 19:56:30\r\n'
sbe39>> '<Executed/>\r\n'
sbe39<< 'TS\r'
sbe39>> 'TS\r\n'
sbe39>> ' 20.1000,    1.100, 14 Mar 2018, 19:57:00\r\n'
sbe39>> '<Executed/>\r\n'
restart()
serial /dev/ttyS5 for winch
serial /dev/ttyS3 for sbe39
>>> sbe39<< 'TS\r'
sbe39>> 'TS\r\n'
sbe39>> ' 20.1000,   34.000, 14 Apr 2018, 19:53:28\r\n'
sbe39>> '<Executed/>\r\n'
sbe39<< 'TS\r'
sbe39>> 'TS\r\n'
sbe39>> ' 20.1000,   34.000, 14 Apr 2018, 19:53:59\r\n'
sbe39>> '<Executed/>\r\n'
sbe39<< 'TS\r'
sbe39>> 'TS\r\n'
sbe39>> ' 20.1000,   34.000, 14 Apr 2018, 19:54:02\r\n'
sbe39>> '<Executed/>\r\n'
sbe39<< 'TS\r'
sbe39>> 'TS\r\n'
sbe39>> ' 20.1000,   34.000, 14 Apr 2018, 19:54:05\r\n'
sbe39>> '<Executed/>\r\n'
sbe39<< 'TS\r'
sbe39>> 'TS\r\n'
winch<< '#R,01,03\r\n'
winch: 855.884 hearing #R,01,03

winch>> 'OK'
sbe39>> ' 20.1000,   34.000, 14 Apr 2018, 19:54:16\r\n'
sbe39>> '<Executed/>\r\n'
sbe39<< 'TS\r'
sbe39>> 'TS\r\n'
sbe39>> ' 20.1000,   34.000, 14 Apr 2018, 19:54:16\r\n'
sbe39>> '<Executed/>\r\n'
sbe39<< 'TS\r'
sbe39>> 'TS\r\n'
sbe39>> ' 20.1000,   34.000, 14 Apr 2018, 19:54:17\r\n'
sbe39>> '<Executed/>\r\n'
sbe39<< 'TS\r'
sbe39>> 'TS\r\n'
sbe39>> ' 20.1000,   34.000, 14 Apr 2018, 19:54:18\r\n'
sbe39>> '<Executed/>\r\n'
sbe39<< 'TS\r'
sbe39>> 'TS\r\n'
sbe39>> ' 20.1000,   34.000, 14 Apr 2018, 19:54:19\r\n'
sbe39>> '<Executed/>\r\n'
sbe39<< 'TS\r'
sbe39>> 'TS\r\n'
sbe39>> ' 20.1000,   34.000, 14 Apr 2018, 19:54:19\r\n'
sbe39>> '<Executed/>\r\n'
sbe39<< 'TS\r'
sbe39>> 'TS\r\n'
sbe39>> ' 20.1000,   34.000, 14 Apr 2018, 19:54:20\r\n'
sbe39>> '<Executed/>\r\n'
sbe39<< 'TS\r'
sbe39>> 'TS\r\n'
winch: 861.389 motor up with cableLen at 0.00
sbe39>> ' 20.1000,   33.967, 14 Apr 2018, 19:54:21\r\n'
sbe39>> '<Executed/>\r\n'
sbe39<< 'TS\r'
sbe39>> 'TS\r\n'
sbe39>> ' 20.1000,   33.735, 14 Apr 2018, 19:54:22\r\n'
sbe39>> '<Executed/>\r\n'
sbe39<< 'TS\r'
sbe39>> 'TS\r\n'
sbe39>> ' 20.1000,   33.470, 14 Apr 2018, 19:54:23\r\n'
sbe39>> '<Executed/>\r\n'
sbe39<< 'TS\r'
sbe39>> 'TS\r\n'
sbe39>> ' 20.1000,   33.206, 14 Apr 2018, 19:54:23\r\n'
sbe39>> '<Executed/>\r\n'
sbe39<< 'TS\r'
sbe39>> 'TS\r\n'
sbe39>> ' 20.1000,   32.974, 14 Apr 2018, 19:54:24\r\n'
sbe39>> '<Executed/>\r\n'
sbe39<< 'TS\r'
sbe39>> 'TS\r\n'
sbe39>> ' 20.1000,   32.709, 14 Apr 2018, 19:54:25\r\n'
sbe39>> '<Executed/>\r\n'
sbe39<< 'TS\r'
sbe39>> 'TS\r\n'
sbe39>> ' 20.1000,   32.477, 14 Apr 2018, 19:54:26\r\n'
sbe39>> '<Executed/>\r\n'
sbe39<< 'TS\r'
sbe39>> 'TS\r\n'
sbe39>> ' 20.1000,   32.212, 14 Apr 2018, 19:54:26\r\n'
sbe39>> '<Executed/>\r\n'
winch>> '%R,02,00'
sbe39<< 'TS\r'
sbe39>> 'TS\r\n'
winch<< 'OK\r\n'
winch: 867.298 hearing OK

winch<< '#S,01,00\r\n'
winch: 867.461 hearing #S,01,00

winch>> 'OK'
sbe39>> ' 20.1000,   31.948, 14 Apr 2018, 19:54:27\r\n'
sbe39>> '<Executed/>\r\n'
sbe39<< 'TS\r'
sbe39>> 'TS\r\n'
sbe39>> ' 20.1000,   31.716, 14 Apr 2018, 19:54:28\r\n'
sbe39>> '<Executed/>\r\n'
sbe39<< 'TS\r'
sbe39>> 'TS\r\n'
sbe39>> ' 20.1000,   31.451, 14 Apr 2018, 19:54:29\r\n'
sbe39>> '<Executed/>\r\n'
sbe39<< 'TS\r'
sbe39>> 'TS\r\n'
sbe39>> ' 20.1000,   31.219, 14 Apr 2018, 19:54:29\r\n'
sbe39>> '<Executed/>\r\n'
sbe39<< 'TS\r'
sbe39>> 'TS\r\n'
sbe39>> ' 20.1000,   30.954, 14 Apr 2018, 19:54:30\r\n'
sbe39>> '<Executed/>\r\n'
sbe39<< 'TS\r'
sbe39>> 'TS\r\n'
sbe39>> ' 20.1000,   30.690, 14 Apr 2018, 19:54:31\r\n'
sbe39>> '<Executed/>\r\n'
sbe39<< 'TS\r'
sbe39>> 'TS\r\n'
sbe39>> ' 20.1000,   30.458, 14 Apr 2018, 19:54:32\r\n'
sbe39>> '<Executed/>\r\n'
sbe39<< 'TS\r'
sbe39>> 'TS\r\n'
winch: 872.966 motor off with cableLen at 3.81
sbe39>> ' 20.1000,   30.193, 14 Apr 2018, 19:54:32\r\n'
sbe39>> '<Executed/>\r\n'
sbe39<< 'TS\r'
sbe39>> 'TS\r\n'
sbe39>> ' 20.1000,   30.193, 14 Apr 2018, 19:54:33\r\n'
sbe39>> '<Executed/>\r\n'
sbe39<< 'TS\r'
sbe39>> 'TS\r\n'
sbe39>> ' 20.1000,   30.193, 14 Apr 2018, 19:54:34\r\n'
sbe39>> '<Executed/>\r\n'
sbe39<< 'TS\r'
sbe39>> 'TS\r\n'
sbe39>> ' 20.1000,   30.193, 14 Apr 2018, 19:54:35\r\n'
sbe39>> '<Executed/>\r\n'
sbe39<< 'TS\r'
sbe39>> 'TS\r\n'
sbe39>> ' 20.1000,   30.193, 14 Apr 2018, 19:54:36\r\n'
sbe39>> '<Executed/>\r\n'
sbe39<< 'TS\r'
sbe39>> 'TS\r\n'
sbe39>> ' 20.1000,   30.193, 14 Apr 2018, 19:54:36\r\n'
sbe39>> '<Executed/>\r\n'
sbe39<< 'TS\r'
sbe39>> 'TS\r\n'
sbe39>> ' 20.1000,   30.193, 14 Apr 2018, 19:54:37\r\n'
sbe39>> '<Executed/>\r\n'
sbe39<< 'TS\r'
sbe39>> 'TS\r\n'
sbe39>> ' 20.1000,   30.193, 14 Apr 2018, 19:54:38\r\n'
sbe39>> '<Executed/>\r\n'
winch>> '%S,02,00'
sbe39<< 'TS\r'
sbe39>> 'TS\r\n'
winch<< 'OK\r\n'
winch: 878.760 hearing OK

winch<< '#F,01,00\r\n'
winch: 879.094 hearing #F,01,00

winch>> 'OK'
sbe39>> ' 20.1000,   30.193, 14 Apr 2018, 19:54:39\r\n'
sbe39>> '<Executed/>\r\n'
sbe39<< 'TS\r'
sbe39>> 'TS\r\n'
sbe39>> ' 20.1000,   30.193, 14 Apr 2018, 19:54:39\r\n'
sbe39>> '<Executed/>\r\n'
sbe39<< 'TS\r'
sbe39>> 'TS\r\n'
sbe39>> ' 20.1000,   30.193, 14 Apr 2018, 19:54:40\r\n'
sbe39>> '<Executed/>\r\n'
sbe39<< 'TS\r'
sbe39>> 'TS\r\n'
sbe39>> ' 20.1000,   30.193, 14 Apr 2018, 19:54:41\r\n'
sbe39>> '<Executed/>\r\n'
sbe39<< 'TS\r'
sbe39>> 'TS\r\n'
sbe39>> ' 20.1000,   30.193, 14 Apr 2018, 19:54:42\r\n'
sbe39>> '<Executed/>\r\n'
sbe39<< 'TS\r'
sbe39>> 'TS\r\n'
sbe39>> ' 20.1000,   30.193, 14 Apr 2018, 19:54:42\r\n'
sbe39>> '<Executed/>\r\n'
sbe39<< 'TS\r'
sbe39>> 'TS\r\n'
sbe39>> ' 20.1000,   30.193, 14 Apr 2018, 19:54:43\r\n'
sbe39>> '<Executed/>\r\n'
sbe39<< 'TS\r'
sbe39>> 'TS\r\n'
sbe39>> ' 20.1000,   30.193, 14 Apr 2018, 19:54:44\r\n'
sbe39>> '<Executed/>\r\n'
winch: 884.599 motor down with cableLen at 3.81
sbe39<< 'TS\r'
sbe39>> 'TS\r\n'
sbe39>> ' 20.1000,   30.313, 14 Apr 2018, 19:54:45\r\n'
sbe39>> '<Executed/>\r\n'
sbe39<< 'TS\r'
sbe39>> 'TS\r\n'
sbe39>> ' 20.1000,   30.473, 14 Apr 2018, 19:54:46\r\n'
sbe39>> '<Executed/>\r\n'
sbe39<< 'TS\r'
sbe39>> 'TS\r\n'
sbe39>> ' 20.1000,   30.613, 14 Apr 2018, 19:54:46\r\n'
sbe39>> '<Executed/>\r\n'
winch>> '%F,02,00'
winch: 903.200 docked
winch: 903.200 motor off with cableLen at 0.00
winch>> '#S,02,00\r\n'
winch>> '#S,02,00\r\n'
winch>> '#S,02,00\r\n'
quit()
$ kahn@gorda 07:55:16 ~/Winch/emu $
 ./start
start() stop() restart() info() mooring
winch:  go=False  winch.motor('off')  winch.cable(0.00)
sbe39:  go=False  depth=34 temper=20.1  sleepMode=False
>>> start()
serial /dev/ttyS5 for winch
serial /dev/ttyS3 for sbe39
>>> sbe39<< '\r'
sbe39>> '<Executed/>\r\n'
sbe39<< 'datetime=03142018195939\r'
sbe39: 937.373 set date time 03142018195939 -> 14 Mar 2018, 19:59:39
sbe39>> '<Executed/>\r\n'
sbe39<< '\r'
sbe39>> '<Executed/>\r\n'
sbe39<< 'TS\r'
sbe39>> ' 20.1000,   34.000, 14 Mar 2018, 19:59:39\r\n'
sbe39>> '<Executed/>\r\n'
sbe39<< 'TS\r'
sbe39>> ' 20.1000,   34.000, 14 Mar 2018, 19:59:40\r\n'
sbe39>> '<Executed/>\r\n'
sbe39<< 'TS\r'
sbe39>> ' 20.1000,   34.000, 14 Mar 2018, 19:59:43\r\n'
sbe39>> '<Executed/>\r\n'
sbe39<< 'TS\r'
sbe39>> ' 20.1000,   34.000, 14 Mar 2018, 19:59:46\r\n'
sbe39>> '<Executed/>\r\n'
sbe39<< 'TS\r'
winch<< '\x00#R,01,03\r\n'
winch: 954.966 hearing #R,01,03

winch>> 'OK'
sbe39>> ' 20.1000,   34.000, 14 Mar 2018, 19:59:56\r\n'
sbe39>> '<Executed/>\r\n'
sbe39<< 'TS\r'
sbe39>> ' 20.1000,   34.000, 14 Mar 2018, 19:59:57\r\n'
sbe39>> '<Executed/>\r\n'
sbe39<< 'TS\r'
sbe39>> ' 20.1000,   34.000, 14 Mar 2018, 19:59:58\r\n'
sbe39>> '<Executed/>\r\n'
sbe39<< 'TS\r'
sbe39>> ' 20.1000,   34.000, 14 Mar 2018, 19:59:58\r\n'
sbe39>> '<Executed/>\r\n'
sbe39<< 'TS\r'
sbe39>> ' 20.1000,   34.000, 14 Mar 2018, 19:59:59\r\n'
sbe39>> '<Executed/>\r\n'
sbe39<< 'TS\r'
sbe39>> ' 20.1000,   34.000, 14 Mar 2018, 20:00:00\r\n'
sbe39>> '<Executed/>\r\n'
sbe39<< 'TS\r'
sbe39>> ' 20.1000,   34.000, 14 Mar 2018, 20:00:00\r\n'
sbe39>> '<Executed/>\r\n'
sbe39<< 'TS\r'
sbe39>> ' 20.1000,   34.000, 14 Mar 2018, 20:00:01\r\n'
sbe39>> '<Executed/>\r\n'
sbe39<< 'TS\r'
winch: 960.471 motor up with cableLen at 0.00
sbe39>> ' 20.1000,   34.000, 14 Mar 2018, 20:00:02\r\n'
sbe39>> '<Executed/>\r\n'
sbe39<< 'TS\r'
sbe39>> ' 20.1000,   33.768, 14 Mar 2018, 20:00:02\r\n'
sbe39>> '<Executed/>\r\n'
sbe39<< 'TS\r'
sbe39>> ' 20.1000,   33.570, 14 Mar 2018, 20:00:03\r\n'
sbe39>> '<Executed/>\r\n'
sbe39<< 'TS\r'
sbe39>> ' 20.1000,   33.338, 14 Mar 2018, 20:00:04\r\n'
sbe39>> '<Executed/>\r\n'
sbe39<< 'TS\r'
sbe39>> ' 20.1000,   33.139, 14 Mar 2018, 20:00:04\r\n'
sbe39>> '<Executed/>\r\n'
sbe39<< 'TS\r'
sbe39>> ' 20.1000,   32.908, 14 Mar 2018, 20:00:05\r\n'
sbe39>> '<Executed/>\r\n'
sbe39<< 'TS\r'
sbe39>> ' 20.1000,   32.709, 14 Mar 2018, 20:00:06\r\n'
sbe39>> '<Executed/>\r\n'
sbe39<< 'TS\r'
sbe39>> ' 20.1000,   32.477, 14 Mar 2018, 20:00:06\r\n'
sbe39>> '<Executed/>\r\n'
sbe39<< 'TS\r'
sbe39>> ' 20.1000,   32.246, 14 Mar 2018, 20:00:07\r\n'
sbe39>> '<Executed/>\r\n'
sbe39<< 'TS\r'
winch>> '%R,02,00'
winch<< 'OK\r\n'
winch: 966.054 hearing OK

winch<< '#S,01,00\r\n'
winch: 966.179 hearing #S,01,00

winch>> 'OK'
sbe39>> ' 20.1000,   32.047, 14 Mar 2018, 20:00:08\r\n'
sbe39>> '<Executed/>\r\n'
sbe39<< 'TS\r'
sbe39>> ' 20.1000,   31.815, 14 Mar 2018, 20:00:08\r\n'
sbe39>> '<Executed/>\r\n'
sbe39<< 'TS\r'
sbe39>> ' 20.1000,   31.617, 14 Mar 2018, 20:00:09\r\n'
sbe39>> '<Executed/>\r\n'
sbe39<< 'TS\r'
sbe39>> ' 20.1000,   31.385, 14 Mar 2018, 20:00:10\r\n'
sbe39>> '<Executed/>\r\n'
sbe39<< 'TS\r'
sbe39>> ' 20.1000,   31.186, 14 Mar 2018, 20:00:10\r\n'
sbe39>> '<Executed/>\r\n'
sbe39<< 'TS\r'
sbe39>> ' 20.1000,   30.954, 14 Mar 2018, 20:00:11\r\n'
sbe39>> '<Executed/>\r\n'
sbe39<< 'TS\r'
sbe39>> ' 20.1000,   30.723, 14 Mar 2018, 20:00:12\r\n'
sbe39>> '<Executed/>\r\n'
sbe39<< 'TS\r'
sbe39>> ' 20.1000,   30.524, 14 Mar 2018, 20:00:12\r\n'
sbe39>> '<Executed/>\r\n'
sbe39<< 'TS\r'
winch: 971.683 motor off with cableLen at 3.71
sbe39>> ' 20.1000,   30.292, 14 Mar 2018, 20:00:13\r\n'
sbe39>> '<Executed/>\r\n'
sbe39<< 'TS\r'
sbe39>> ' 20.1000,   30.292, 14 Mar 2018, 20:00:13\r\n'
sbe39>> '<Executed/>\r\n'
sbe39<< 'TS\r'
sbe39>> ' 20.1000,   30.292, 14 Mar 2018, 20:00:14\r\n'
sbe39>> '<Executed/>\r\n'
sbe39<< 'TS\r'
sbe39>> ' 20.1000,   30.292, 14 Mar 2018, 20:00:15\r\n'
sbe39>> '<Executed/>\r\n'
sbe39<< 'TS\r'
sbe39>> ' 20.1000,   30.292, 14 Mar 2018, 20:00:15\r\n'
sbe39>> '<Executed/>\r\n'
sbe39<< 'TS\r'
sbe39>> ' 20.1000,   30.292, 14 Mar 2018, 20:00:16\r\n'
sbe39>> '<Executed/>\r\n'
sbe39<< 'TS\r'
sbe39>> ' 20.1000,   30.292, 14 Mar 2018, 20:00:17\r\n'
sbe39>> '<Executed/>\r\n'
sbe39<< 'TS\r'
sbe39>> ' 20.1000,   30.292, 14 Mar 2018, 20:00:17\r\n'
sbe39>> '<Executed/>\r\n'
sbe39<< 'TS\r'
sbe39>> ' 20.1000,   30.292, 14 Mar 2018, 20:00:18\r\n'
sbe39>> '<Executed/>\r\n'
sbe39<< 'TS\r'
winch>> '%S,02,00'
winch<< 'OK\r\n'
winch: 977.265 hearing OK

winch<< '#F,01,00\r\n'
winch: 977.562 hearing #F,01,00

winch>> 'OK'
sbe39>> ' 20.1000,   30.292, 14 Mar 2018, 20:00:19\r\n'
sbe39>> '<Executed/>\r\n'
sbe39<< 'TS\r'
sbe39>> ' 20.1000,   30.292, 14 Mar 2018, 20:00:19\r\n'
sbe39>> '<Executed/>\r\n'
sbe39<< 'TS\r'
sbe39>> ' 20.1000,   30.292, 14 Mar 2018, 20:00:20\r\n'
sbe39>> '<Executed/>\r\n'
sbe39<< 'TS\r'
sbe39>> ' 20.1000,   30.292, 14 Mar 2018, 20:00:21\r\n'
sbe39>> '<Executed/>\r\n'
sbe39<< 'TS\r'
sbe39>> ' 20.1000,   30.292, 14 Mar 2018, 20:00:21\r\n'
sbe39>> '<Executed/>\r\n'
sbe39<< 'TS\r'
sbe39>> ' 20.1000,   30.292, 14 Mar 2018, 20:00:22\r\n'
sbe39>> '<Executed/>\r\n'
sbe39<< 'TS\r'
sbe39>> ' 20.1000,   30.292, 14 Mar 2018, 20:00:23\r\n'
sbe39>> '<Executed/>\r\n'
sbe39<< 'TS\r'
sbe39>> ' 20.1000,   30.292, 14 Mar 2018, 20:00:23\r\n'
sbe39>> '<Executed/>\r\n'
sbe39<< 'TS\r'
sbe39>> ' 20.1000,   30.292, 14 Mar 2018, 20:00:24\r\n'
sbe39>> '<Executed/>\r\n'
sbe39<< 'TS\r'
winch: 983.067 motor down with cableLen at 3.71
sbe39>> ' 20.1000,   30.372, 14 Mar 2018, 20:00:25\r\n'
sbe39>> '<Executed/>\r\n'
sbe39<< 'TS\r'
sbe39>> ' 20.1000,   30.512, 14 Mar 2018, 20:00:25\r\n'
sbe39>> '<Executed/>\r\n'
sbe39<< 'TS\r'
sbe39>> ' 20.1000,   30.632, 14 Mar 2018, 20:00:26\r\n'
sbe39>> '<Executed/>\r\n'
sbe39<< 'TS\r'
sbe39>> ' 20.1000,   30.772, 14 Mar 2018, 20:00:27\r\n'
sbe39>> '<Executed/>\r\n'
sbe39<< 'TS\r'
sbe39>> ' 20.1000,   30.892, 14 Mar 2018, 20:00:27\r\n'
sbe39>> '<Executed/>\r\n'
sbe39<< 'TS\r'
sbe39>> ' 20.1000,   31.033, 14 Mar 2018, 20:00:28\r\n'
sbe39>> '<Executed/>\r\n'
sbe39<< 'TS\r'
sbe39>> ' 20.1000,   31.153, 14 Mar 2018, 20:00:29\r\n'
sbe39>> '<Executed/>\r\n'
sbe39<< 'TS\r'
sbe39>> ' 20.1000,   31.293, 14 Mar 2018, 20:00:29\r\n'
sbe39>> '<Executed/>\r\n'
sbe39<< 'TS\r'
winch>> '%F,02,00'
winch<< 'OK\r\n'
winch: 988.650 hearing OK

sbe39>> ' 20.1000,   31.433, 14 Mar 2018, 20:00:30\r\n'
sbe39>> '<Executed/>\r\n'
sbe39<< 'TS\r'
sbe39>> ' 20.1000,   31.553, 14 Mar 2018, 20:00:31\r\n'
sbe39>> '<Executed/>\r\n'
sbe39<< 'TS\r'
sbe39>> ' 20.1000,   31.693, 14 Mar 2018, 20:00:31\r\n'
sbe39>> '<Executed/>\r\n'
sbe39<< 'TS\r'
sbe39>> ' 20.1000,   31.813, 14 Mar 2018, 20:00:32\r\n'
sbe39>> '<Executed/>\r\n'
sbe39<< 'TS\r'
sbe39>> ' 20.1000,   31.953, 14 Mar 2018, 20:00:33\r\n'
sbe39>> '<Executed/>\r\n'
sbe39<< 'TS\r'
sbe39>> ' 20.1000,   32.073, 14 Mar 2018, 20:00:33\r\n'
sbe39>> '<Executed/>\r\n'
sbe39<< 'TS\r'
sbe39>> ' 20.1000,   32.213, 14 Mar 2018, 20:00:34\r\n'
sbe39>> '<Executed/>\r\n'
sbe39<< 'TS\r'
sbe39>> ' 20.1000,   32.353, 14 Mar 2018, 20:00:34\r\n'
sbe39>> '<Executed/>\r\n'
sbe39<< 'TS\r'
sbe39>> ' 20.1000,   32.473, 14 Mar 2018, 20:00:35\r\n'
sbe39>> '<Executed/>\r\n'
sbe39<< 'TS\r'
sbe39>> ' 20.1000,   32.613, 14 Mar 2018, 20:00:36\r\n'
sbe39>> '<Executed/>\r\n'
sbe39<< 'TS\r'
sbe39>> ' 20.1000,   32.733, 14 Mar 2018, 20:00:36\r\n'
sbe39>> '<Executed/>\r\n'
sbe39<< 'TS\r'
sbe39>> ' 20.1000,   32.873, 14 Mar 2018, 20:00:37\r\n'
sbe39>> '<Executed/>\r\n'
sbe39<< 'TS\r'
sbe39>> ' 20.1000,   32.993, 14 Mar 2018, 20:00:38\r\n'
sbe39>> '<Executed/>\r\n'
sbe39<< 'TS\r'
sbe39>> ' 20.1000,   33.133, 14 Mar 2018, 20:00:38\r\n'
sbe39>> '<Executed/>\r\n'
sbe39<< 'TS\r'
sbe39>> ' 20.1000,   33.253, 14 Mar 2018, 20:00:39\r\n'
sbe39>> '<Executed/>\r\n'
sbe39<< 'TS\r'
sbe39>> ' 20.1000,   33.393, 14 Mar 2018, 20:00:40\r\n'
sbe39>> '<Executed/>\r\n'
sbe39<< 'TS\r'
sbe39>> ' 20.1000,   33.533, 14 Mar 2018, 20:00:40\r\n'
sbe39>> '<Executed/>\r\n'
sbe39<< 'TS\r'
sbe39>> ' 20.1000,   33.653, 14 Mar 2018, 20:00:41\r\n'
sbe39>> '<Executed/>\r\n'
sbe39<< 'TS\r'
sbe39>> ' 20.1000,   33.793, 14 Mar 2018, 20:00:42\r\n'
sbe39>> '<Executed/>\r\n'
sbe39<< 'TS\r'
winch: 1.169 docked
winch: 1.169 motor off with cableLen at 0.00
sbe39>> ' 20.1000,   34.000, 14 Mar 2018, 20:00:42\r\n'
sbe39>> '<Executed/>\r\n'
sbe39<< 'TS\r'
sbe39>> ' 20.1000,   34.000, 14 Mar 2018, 20:00:43\r\n'
sbe39>> '<Executed/>\r\n'
sbe39<< 'TS\r'
sbe39>> ' 20.1000,   34.000, 14 Mar 2018, 20:00:44\r\n'
sbe39>> '<Executed/>\r\n'
winch>> '#S,02,00\r\n'
winch<< 'OK\r\n'
winch: 7.687 hearing OK

winch<< '%S,01,00\r\n'
winch: 8.975 hearing %S,01,00

winch>> 'OK'
sbe39<< '\r'
sbe39>> '<Executed/>\r\n'
sbe39<< 'GetSamples:\r'
sbe39>> ' 20.1000,   34.000, 14 Mar 2018, 20:00:51\r\n'
sbe39>> '<Executed/>\r\n'
sbe39<< 'initLogging\r'
sbe39>> '<Executed/>\r\n'
sbe39<< 'initLogging\r'
sbe39>> '<Executed/>\r\n'
winch: 14.480 buoy stop response %S,01,00

winch<< '%S,01,00\r\n'
winch: 14.480 hearing %S,01,00

winch>> 'OK'
winch: 19.985 buoy stop response %S,01,00

winch<< '#F,01,00\r\n'
winch: 56.427 hearing #F,01,00

winch>> 'OK'
winch: 61.931 motor down with cableLen at 0.00
winch: 62.031 docked
winch: 62.031 motor off with cableLen at 0.00
winch>> '%F,02,00'
winch>> '#S,02,00\r\n'
winch<< 'OK\r\n'
winch: 73.966 hearing OK

sbe39>> "<Timeout msg='2 min inactivity timeout, returning to sleep'/>\r\n"
sbe39: 130.977 sbe39 ctd sleepMode

